[    0.77] Read file '/home/oortwijn/distdd/models/petrinets/2D8_gradient_5x5_100.bdd'
[    0.77] 25 integers per state, 7 bits per integer, 144 transition groups
[    0.78] Level 1 done
[    0.78] Level 2 done
[    0.79] Level 3 done
[    0.79] Level 4 done
[    0.79] Level 5 done
[    0.79] Level 6 done
[    0.79] Level 7 done
[    0.80] Level 8 done
[    0.80] Level 9 done
[    0.81] Level 10 done
[    0.81] Level 11 done
[    0.82] Level 12 done
[    0.83] Level 13 done
[    0.84] Level 14 done
[    0.85] Level 15 done
[    0.86] Level 16 done
[    0.87] Level 17 done
[    0.88] Level 18 done
[    0.90] Level 19 done
[    0.91] Level 20 done
[    0.93] Level 21 done
[    0.95] Level 22 done
[    0.97] Level 23 done
[    1.00] Level 24 done
[    1.02] Level 25 done
[    1.05] Level 26 done
[    1.08] Level 27 done
[    1.11] Level 28 done
[    1.14] Level 29 done
[    1.17] Level 30 done
[    1.21] Level 31 done
[    1.25] Level 32 done
[    1.29] Level 33 done
[    1.34] Level 34 done
[    1.39] Level 35 done
[    1.44] Level 36 done
[    1.50] Level 37 done
[    1.56] Level 38 done
[    1.62] Level 39 done
[    1.68] Level 40 done
[    1.74] Level 41 done
[    1.81] Level 42 done
[    1.89] Level 43 done
[    1.96] Level 44 done
[    2.04] Level 45 done
[    2.12] Level 46 done
[    2.21] Level 47 done
[    2.31] Level 48 done
[    2.41] Level 49 done
[    2.52] Level 50 done
[    2.63] Level 51 done
[    2.75] Level 52 done
[    2.87] Level 53 done
[    3.00] Level 54 done
[    3.14] Level 55 done
[    3.27] Level 56 done
[    3.41] Level 57 done
[    3.55] Level 58 done
[    3.70] Level 59 done
[    3.86] Level 60 done
[    4.03] Level 61 done
[    4.20] Level 62 done
[    4.38] Level 63 done
[    4.57] Level 64 done
[    4.76] Level 65 done
[    4.97] Level 66 done
[    5.18] Level 67 done
[    5.41] Level 68 done
[    5.64] Level 69 done
[    5.88] Level 70 done
[    6.14] Level 71 done
[    6.40] Level 72 done
[    6.68] Level 73 done
[    6.99] Level 74 done
[    7.30] Level 75 done
[    7.62] Level 76 done
[    7.96] Level 77 done
[    8.32] Level 78 done
[    8.72] Level 79 done
[    9.11] Level 80 done
[    9.51] Level 81 done
[    9.94] Level 82 done
[   10.41] Level 83 done
[   10.89] Level 84 done
[   11.42] Level 85 done
[   11.97] Level 86 done
[   12.55] Level 87 done
[   13.19] Level 88 done
[   13.83] Level 89 done
[   14.58] Level 90 done
[   15.31] Level 91 done
[   16.11] Level 92 done
[   16.98] Level 93 done
[   17.91] Level 94 done
[   18.89] Level 95 done
[   19.97] Level 96 done
[   21.10] Level 97 done
[   22.33] Level 98 done
[   23.78] Level 99 done
[   25.17] Level 100 done
[   26.75] Level 101 done
[   28.37] Level 102 done
[   30.23] Level 103 done
[   32.13] Level 104 done
[   34.05] Level 105 done
[   36.12] Level 106 done
[   38.29] Level 107 done
[   40.41] Level 108 done
[   42.61] Level 109 done
[   45.15] Level 110 done
[   47.61] Level 111 done
[   50.37] Level 112 done
[   53.03] Level 113 done
[   55.75] Level 114 done
[   58.58] Level 115 done
[   61.66] Level 116 done
[   64.89] Level 117 done
[   68.01] Level 118 done
[   71.23] Level 119 done
[   74.46] Level 120 done
[   77.74] Level 121 done
[   81.11] Level 122 done
[   84.40] Level 123 done
[   87.64] Level 124 done
[   90.95] Level 125 done
[   94.36] Level 126 done
[   97.84] Level 127 done
[  101.40] Level 128 done
[  105.15] Level 129 done
[  108.62] Level 130 done
[  111.88] Level 131 done
[  115.21] Level 132 done
[  118.46] Level 133 done
[  121.70] Level 134 done
[  125.04] Level 135 done
[  128.64] Level 136 done
[  132.14] Level 137 done
[  135.68] Level 138 done
[  138.90] Level 139 done
[  142.02] Level 140 done
[  145.14] Level 141 done
[  148.20] Level 142 done
[  151.37] Level 143 done
[  154.31] Level 144 done
[  157.05] Level 145 done
[  159.83] Level 146 done
[  162.73] Level 147 done
[  165.28] Level 148 done
[  167.86] Level 149 done
[  170.31] Level 150 done
[  172.63] Level 151 done
[  174.85] Level 152 done
[  177.05] Level 153 done
[  179.08] Level 154 done
[  181.07] Level 155 done
[  183.05] Level 156 done
[  184.78] Level 157 done
[  186.51] Level 158 done
[  188.12] Level 159 done
[  189.63] Level 160 done
[  191.12] Level 161 done
[  192.49] Level 162 done
[  193.66] Level 163 done
[  194.84] Level 164 done
[  195.96] Level 165 done
[  196.99] Level 166 done
[  197.93] Level 167 done
[  198.86] Level 168 done
[  199.68] Level 169 done
[  200.43] Level 170 done
[  201.16] Level 171 done
[  201.87] Level 172 done
[  202.51] Level 173 done
[  203.10] Level 174 done
[  203.66] Level 175 done
[  204.18] Level 176 done
[  204.68] Level 177 done
[  205.14] Level 178 done
[  205.56] Level 179 done
[  205.95] Level 180 done
[  206.34] Level 181 done
[  206.70] Level 182 done
[  207.03] Level 183 done
[  207.34] Level 184 done
[  207.66] Level 185 done
[  207.94] Level 186 done
[  208.21] Level 187 done
[  208.48] Level 188 done
[  208.73] Level 189 done
[  208.96] Level 190 done
[  209.19] Level 191 done
[  209.39] Level 192 done
[  209.61] Level 193 done
[  209.81] Level 194 done
[  210.00] Level 195 done
[  210.18] Level 196 done
[  210.35] Level 197 done
[  210.50] Level 198 done
[  210.65] Level 199 done
[  210.81] Level 200 done
[  210.94] Level 201 done
[  210.94] PAR Time: 210.170625
[  210.94] Final states: 26,010,968,307,696,039,842,807,808 states
