[    0.76] Read file '/home/oortwijn/distdd/models/petrinets/2D8_gradient_5x5_10.bdd'
[    0.76] 25 integers per state, 4 bits per integer, 144 transition groups
[    0.99] Level 1 done
[    1.00] Level 2 done
[    1.01] Level 3 done
[    1.01] Level 4 done
[    1.02] Level 5 done
[    1.03] Level 6 done
[    1.04] Level 7 done
[    1.06] Level 8 done
[    1.08] Level 9 done
[    1.10] Level 10 done
[    1.13] Level 11 done
[    1.16] Level 12 done
[    1.18] Level 13 done
[    1.21] Level 14 done
[    1.24] Level 15 done
[    1.26] Level 16 done
[    1.28] Level 17 done
[    1.30] Level 18 done
[    1.32] Level 19 done
[    1.34] Level 20 done
[    1.35] Level 21 done
[    1.35] BFS Time: 0.586803
[    1.35] Final states: 131,128,140 states
