[    0.81] Read file '/home/oortwijn/distdd/models/petrinets/5-10_phaseVariation.bdd'
[    0.81] 77 integers per state, 5 bits per integer, 677 transition groups
[    0.82] Level 1 done
[    0.82] Level 2 done
[    0.83] Level 3 done
[    0.85] Level 4 done
[    0.90] Level 5 done
[    0.98] Level 6 done
[    1.09] Level 7 done
[    1.23] Level 8 done
[    1.39] Level 9 done
[    1.56] Level 10 done
[    1.76] Level 11 done
[    1.93] Level 12 done
[    2.10] Level 13 done
[    2.27] Level 14 done
[    2.43] Level 15 done
[    2.57] Level 16 done
[    2.69] Level 17 done
[    2.79] Level 18 done
[    2.87] Level 19 done
[    2.92] Level 20 done
[    2.95] Level 21 done
[    2.97] Level 22 done
[    2.98] Level 23 done
[    2.99] Level 24 done
[    2.99] Level 25 done
[    2.99] Level 26 done
[    2.99] PAR Time: 2.180351
[    3.00] Final states: 476,385,615,597 states
