[    0.82] Read file '/home/oortwijn/distdd/models/petrinets/5-10_phaseVariation.bdd'
[    0.82] 77 integers per state, 5 bits per integer, 677 transition groups
[    0.83] Level 1 done
[    0.83] Level 2 done
[    0.85] Level 3 done
[    0.88] Level 4 done
[    0.96] Level 5 done
[    1.09] Level 6 done
[    1.27] Level 7 done
[    1.49] Level 8 done
[    1.73] Level 9 done
[    1.98] Level 10 done
[    2.26] Level 11 done
[    2.55] Level 12 done
[    2.83] Level 13 done
[    3.11] Level 14 done
[    3.34] Level 15 done
[    3.56] Level 16 done
[    3.75] Level 17 done
[    3.90] Level 18 done
[    4.01] Level 19 done
[    4.09] Level 20 done
[    4.14] Level 21 done
[    4.17] Level 22 done
[    4.19] Level 23 done
[    4.20] Level 24 done
[    4.21] Level 25 done
[    4.21] Level 26 done
[    4.21] PAR Time: 3.387103
[    4.21] Final states: 476,385,615,597 states
