[    0.68] Read file '/home/oortwijn/distdd/models/petrinets/angiogenesis-15.bdd'
[    0.68] 39 integers per state, 4 bits per integer, 64 transition groups
[    0.71] Level 1 done
[    0.72] Level 2 done
[    0.72] Level 3 done
[    0.72] Level 4 done
[    0.72] Level 5 done
[    0.73] Level 6 done
[    0.73] Level 7 done
[    0.73] Level 8 done
[    0.74] Level 9 done
[    0.75] Level 10 done
[    0.76] Level 11 done
[    0.77] Level 12 done
[    0.79] Level 13 done
[    0.82] Level 14 done
[    0.86] Level 15 done
[    0.92] Level 16 done
[    0.99] Level 17 done
[    1.09] Level 18 done
[    1.22] Level 19 done
[    1.39] Level 20 done
[    1.60] Level 21 done
[    1.85] Level 22 done
[    2.16] Level 23 done
[    2.55] Level 24 done
[    3.04] Level 25 done
[    3.63] Level 26 done
[    4.35] Level 27 done
[    5.22] Level 28 done
[    6.27] Level 29 done
[    7.58] Level 30 done
[    9.15] Level 31 done
[   11.10] Level 32 done
[   13.51] Level 33 done
[   16.57] Level 34 done
[   20.45] Level 35 done
[   25.55] Level 36 done
[   27.31] (GC) Starting garbage collection...
[   27.61] (GC) Garbage collection done.
[   37.56] Level 37 done
[   47.48] (GC) Starting garbage collection...
[   47.94] (GC) Garbage collection done.
[   49.06] Level 38 done
[   64.34] (GC) Starting garbage collection...
[   65.06] (GC) Garbage collection done.
[   68.07] Level 39 done
[   73.76] (GC) Starting garbage collection...
[   74.17] (GC) Garbage collection done.
[   87.87] (GC) Starting garbage collection...
[   88.46] (GC) Garbage collection done.
[   90.64] Level 40 done
[  101.07] (GC) Starting garbage collection...
[  101.75] (GC) Garbage collection done.
[  113.82] (GC) Starting garbage collection...
[  114.54] (GC) Garbage collection done.
[  116.94] Level 41 done
[  123.88] (GC) Starting garbage collection...
[  124.41] (GC) Garbage collection done.
[  140.36] (GC) Starting garbage collection...
[  141.24] (GC) Garbage collection done.
[  146.24] (GC) Starting garbage collection...
[  146.68] (GC) Garbage collection done.
[  147.57] Level 42 done
[  161.82] (GC) Starting garbage collection...
[  162.69] (GC) Garbage collection done.
[  172.22] (GC) Starting garbage collection...
[  173.13] (GC) Garbage collection done.
[  180.41] (GC) Starting garbage collection...
[  181.04] (GC) Garbage collection done.
[  183.06] Level 43 done
[  191.02] (GC) Starting garbage collection...
[  191.69] (GC) Garbage collection done.
[  202.37] (GC) Starting garbage collection...
[  203.46] (GC) Garbage collection done.
[  214.84] (GC) Starting garbage collection...
[  216.31] (GC) Garbage collection done.
[  221.86] (GC) Starting garbage collection...
[  223.32] (GC) Garbage collection done.
[  225.32] (GC) Starting garbage collection...
[  226.19] (GC) Garbage collection done.
[  228.64] Level 44 done
[  232.30] (GC) Starting garbage collection...
[  232.76] (GC) Garbage collection done.
[  250.12] (GC) Starting garbage collection...
[  251.19] (GC) Garbage collection done.
[  259.66] (GC) Starting garbage collection...
[  260.71] (GC) Garbage collection done.
[  268.72] (GC) Starting garbage collection...
[  270.23] (GC) Garbage collection done.
[  272.85] (GC) Starting garbage collection...
[  274.36] (GC) Garbage collection done.
[  275.91] (GC) Starting garbage collection...
[  277.10] (GC) Garbage collection done.
[  279.93] Level 45 done
[  282.06] (GC) Starting garbage collection...
[  282.46] (GC) Garbage collection done.
[  302.67] (GC) Starting garbage collection...
[  303.51] (GC) Garbage collection done.
[  314.64] (GC) Starting garbage collection...
[  315.77] (GC) Garbage collection done.
[  323.21] (GC) Starting garbage collection...
[  324.94] (GC) Garbage collection done.
[  327.44] (GC) Starting garbage collection...
[  329.50] (GC) Garbage collection done.
[  330.23] (GC) Starting garbage collection...
[  332.34] (GC) Garbage collection done.
[  332.61] (GC) Starting garbage collection...
[  334.73] (GC) Garbage collection done.
[  334.89] (GC) Starting garbage collection...
[  337.01] (GC) Garbage collection done.
[  337.47] (GC) Starting garbage collection...
[  339.30] (GC) Garbage collection done.
[  340.69] (GC) Starting garbage collection...
[  342.43] (GC) Garbage collection done.
[  343.06] (GC) Starting garbage collection...
[  345.06] (GC) Garbage collection done.
[  345.66] (GC) Starting garbage collection...
[  347.76] (GC) Garbage collection done.
[  347.92] (GC) Starting garbage collection...
[  350.02] (GC) Garbage collection done.
[  350.29] (GC) Starting garbage collection...
[  352.26] (GC) Garbage collection done.
[  352.75] (GC) Starting garbage collection...
[  354.30] (GC) Garbage collection done.
[  355.85] (GC) Starting garbage collection...
[  357.18] (GC) Garbage collection done.
[  359.73] (GC) Starting garbage collection...
[  360.31] (GC) Garbage collection done.
[  361.47] Level 46 done
[  375.88] (GC) Starting garbage collection...
[  376.69] (GC) Garbage collection done.
[  388.18] (GC) Starting garbage collection...
[  389.01] (GC) Garbage collection done.
[  400.40] (GC) Starting garbage collection...
[  401.73] (GC) Garbage collection done.
[  406.98] (GC) Starting garbage collection...
[  408.72] (GC) Garbage collection done.
[  410.79] (GC) Starting garbage collection...
[  412.66] (GC) Garbage collection done.
[  415.07] (GC) Starting garbage collection...
[  417.14] (GC) Garbage collection done.
[  417.46] (GC) Starting garbage collection...
[  419.55] (GC) Garbage collection done.
[  420.40] (GC) Starting garbage collection...
[  422.49] (GC) Garbage collection done.
[  423.20] (GC) Starting garbage collection...
[  425.31] (GC) Garbage collection done.
[  426.20] (GC) Starting garbage collection...
[  428.32] (GC) Garbage collection done.
[  429.25] (GC) Starting garbage collection...
[  431.43] (GC) Garbage collection done.
[  431.54] (GC) Starting garbage collection...
[  433.70] (GC) Garbage collection done.
