[    0.88] Read file '/home/oortwijn/distdd/models/petrinets/BridgeAndVehicles-V20-P10-N10-unfolded.bdd'
[    0.88] 68 integers per state, 5 bits per integer, 548 transition groups
[    0.89] Level 1 done
[    0.91] Level 2 done
[    0.93] Level 3 done
[    0.97] Level 4 done
[    1.03] Level 5 done
[    1.11] Level 6 done
[    1.22] Level 7 done
[    1.35] Level 8 done
[    1.52] Level 9 done
[    1.73] Level 10 done
[    1.98] Level 11 done
[    2.29] Level 12 done
[    2.66] Level 13 done
[    3.10] Level 14 done
[    3.61] Level 15 done
[    4.21] Level 16 done
[    4.91] Level 17 done
[    5.71] Level 18 done
[    6.62] Level 19 done
[    7.67] Level 20 done
[    8.86] Level 21 done
[   10.20] Level 22 done
[   11.70] Level 23 done
[   13.38] Level 24 done
[   15.23] Level 25 done
[   17.28] Level 26 done
[   19.53] Level 27 done
[   21.99] Level 28 done
[   24.66] Level 29 done
[   27.55] Level 30 done
[   30.67] Level 31 done
[   34.02] Level 32 done
[   37.61] Level 33 done
[   41.44] Level 34 done
[   45.51] Level 35 done
[   49.81] Level 36 done
[   54.33] Level 37 done
[   59.08] Level 38 done
[   64.06] Level 39 done
[   69.22] Level 40 done
[   74.57] Level 41 done
[   80.08] Level 42 done
[   85.75] Level 43 done
[   91.55] Level 44 done
[   97.47] Level 45 done
[  103.49] Level 46 done
[  109.63] Level 47 done
[  115.88] Level 48 done
[  122.23] Level 49 done
[  128.70] Level 50 done
[  135.28] Level 51 done
[  141.97] Level 52 done
[  148.78] Level 53 done
[  155.71] Level 54 done
[  162.80] Level 55 done
[  170.00] Level 56 done
[  177.30] Level 57 done
[  184.72] Level 58 done
[  192.28] Level 59 done
[  199.94] Level 60 done
[  207.72] Level 61 done
[  215.61] Level 62 done
[  223.63] Level 63 done
[  231.75] Level 64 done
[  239.98] Level 65 done
[  248.34] Level 66 done
[  256.82] Level 67 done
[  265.43] Level 68 done
[  274.20] Level 69 done
[  283.07] Level 70 done
[  292.08] Level 71 done
[  301.23] Level 72 done
[  310.53] Level 73 done
[  319.97] Level 74 done
[  329.56] Level 75 done
[  339.31] Level 76 done
[  349.16] Level 77 done
[  359.15] Level 78 done
[  369.24] Level 79 done
[  379.41] Level 80 done
[  389.69] Level 81 done
[  400.01] Level 82 done
[  410.40] Level 83 done
[  420.86] Level 84 done
[  431.38] Level 85 done
[  441.94] Level 86 done
[  452.57] Level 87 done
[  463.22] Level 88 done
[  473.93] Level 89 done
[  484.62] Level 90 done
[  495.31] Level 91 done
[  506.05] Level 92 done
[  516.84] Level 93 done
[  527.64] Level 94 done
[  537.37] (GC) Starting garbage collection...
[  537.95] (GC) Garbage collection done.
[  539.62] Level 95 done
[  562.89] Level 96 done
[  573.83] Level 97 done
[  584.81] Level 98 done
[  595.86] Level 99 done
[  605.27] Level 100 done
[  614.53] Level 101 done
[  623.69] Level 102 done
[  632.73] Level 103 done
[  641.96] Level 104 done
[  651.16] Level 105 done
[  660.24] Level 106 done
[  669.17] Level 107 done
[  678.04] Level 108 done
[  686.72] Level 109 done
[  695.21] Level 110 done
[  703.45] Level 111 done
[  711.48] Level 112 done
[  719.27] Level 113 done
[  726.78] Level 114 done
[  734.02] Level 115 done
[  740.98] Level 116 done
[  747.68] Level 117 done
[  754.10] Level 118 done
[  760.19] Level 119 done
[  766.01] Level 120 done
[  771.60] Level 121 done
[  776.88] Level 122 done
[  781.83] Level 123 done
[  786.52] Level 124 done
[  790.95] Level 125 done
[  795.12] Level 126 done
[  799.05] Level 127 done
[  802.78] Level 128 done
[  806.30] Level 129 done
[  809.62] Level 130 done
[  812.77] Level 131 done
[  815.77] Level 132 done
[  818.64] Level 133 done
[  821.36] Level 134 done
[  823.96] Level 135 done
[  826.46] Level 136 done
[  828.87] Level 137 done
[  831.18] Level 138 done
[  833.41] Level 139 done
[  835.58] Level 140 done
[  837.67] Level 141 done
[  839.68] Level 142 done
[  841.61] Level 143 done
[  843.48] Level 144 done
[  845.26] Level 145 done
[  846.95] Level 146 done
[  848.56] Level 147 done
[  850.08] Level 148 done
[  851.51] Level 149 done
[  852.85] Level 150 done
[  854.10] Level 151 done
[  855.26] Level 152 done
[  856.32] Level 153 done
[  857.28] Level 154 done
[  858.15] Level 155 done
[  858.93] Level 156 done
[  859.61] Level 157 done
[  860.20] Level 158 done
[  860.70] Level 159 done
[  861.11] Level 160 done
[  861.44] Level 161 done
[  861.70] Level 162 done
[  861.90] Level 163 done
[  862.04] Level 164 done
[  862.15] Level 165 done
[  862.22] Level 166 done
[  862.27] Level 167 done
[  862.30] Level 168 done
[  862.31] Level 169 done
[  862.31] Level 170 done
[  862.32] Level 171 done
[  862.32] Level 172 done
[  862.32] Level 173 done
[  862.32] Level 174 done
[  862.32] BFS Time: 861.437856
[  862.37] Final states: 6,732,570 states
