[    0.86] Read file '/home/oortwijn/distdd/models/petrinets/BridgeAndVehicles-V20-P10-N20-unfolded.bdd'
[    0.86] 78 integers per state, 5 bits per integer, 968 transition groups
[    0.86] Level 1 done
[    0.87] Level 2 done
[    0.87] Level 3 done
[    0.88] Level 4 done
[    0.88] Level 5 done
[    0.89] Level 6 done
[    0.90] Level 7 done
[    0.92] Level 8 done
[    0.94] Level 9 done
[    0.96] Level 10 done
[    0.99] Level 11 done
[    1.02] Level 12 done
[    1.06] Level 13 done
[    1.11] Level 14 done
[    1.16] Level 15 done
[    1.23] Level 16 done
[    1.30] Level 17 done
[    1.38] Level 18 done
[    1.48] Level 19 done
[    1.59] Level 20 done
[    1.71] Level 21 done
[    1.84] Level 22 done
[    2.00] Level 23 done
[    2.16] Level 24 done
[    2.35] Level 25 done
[    2.56] Level 26 done
[    2.79] Level 27 done
[    3.05] Level 28 done
[    3.33] Level 29 done
[    3.62] Level 30 done
[    3.93] Level 31 done
[    4.25] Level 32 done
[    4.61] Level 33 done
[    4.98] Level 34 done
[    5.38] Level 35 done
[    5.82] Level 36 done
[    6.27] Level 37 done
[    6.75] Level 38 done
[    7.25] Level 39 done
[    7.79] Level 40 done
[    8.35] Level 41 done
[    8.93] Level 42 done
[    9.55] Level 43 done
[   10.20] Level 44 done
[   10.88] Level 45 done
[   11.60] Level 46 done
[   12.34] Level 47 done
[   13.12] Level 48 done
[   13.91] Level 49 done
[   14.73] Level 50 done
[   15.57] Level 51 done
[   16.44] Level 52 done
[   17.36] Level 53 done
[   18.27] Level 54 done
[   19.23] Level 55 done
[   20.21] Level 56 done
[   21.21] Level 57 done
[   22.27] Level 58 done
[   23.34] Level 59 done
[   24.43] Level 60 done
[   25.56] Level 61 done
[   26.70] Level 62 done
[   27.88] Level 63 done
[   29.09] Level 64 done
[   30.34] Level 65 done
[   31.59] Level 66 done
[   32.88] Level 67 done
[   34.19] Level 68 done
[   35.52] Level 69 done
[   36.90] Level 70 done
[   38.29] Level 71 done
[   39.74] Level 72 done
[   41.19] Level 73 done
[   42.65] Level 74 done
[   44.14] Level 75 done
[   45.66] Level 76 done
[   47.19] Level 77 done
[   48.77] Level 78 done
[   50.29] Level 79 done
[   51.87] Level 80 done
[   53.50] Level 81 done
[   55.13] Level 82 done
[   56.74] Level 83 done
[   58.35] Level 84 done
[   60.00] Level 85 done
[   61.67] Level 86 done
[   63.35] Level 87 done
[   65.01] (GC) Starting garbage collection...
[   65.07] (GC) Garbage collection done.
[   65.14] Level 88 done
[   69.17] Level 89 done
[   70.67] Level 90 done
[   72.14] Level 91 done
[   73.72] Level 92 done
[   75.33] Level 93 done
[   76.86] Level 94 done
[   78.40] Level 95 done
[   79.94] Level 96 done
[   81.41] Level 97 done
[   82.92] Level 98 done
[   84.45] Level 99 done
[   85.92] Level 100 done
[   87.36] Level 101 done
[   88.77] Level 102 done
[   90.13] Level 103 done
[   91.51] Level 104 done
[   92.84] Level 105 done
[   94.16] Level 106 done
[   95.45] Level 107 done
[   96.68] Level 108 done
[   97.86] Level 109 done
[   99.02] Level 110 done
[  100.14] Level 111 done
[  101.23] Level 112 done
[  102.26] Level 113 done
[  103.26] Level 114 done
[  104.20] Level 115 done
[  105.11] Level 116 done
[  105.98] Level 117 done
[  106.81] Level 118 done
[  107.60] Level 119 done
[  108.35] Level 120 done
[  109.07] Level 121 done
[  109.74] Level 122 done
[  110.39] Level 123 done
[  111.00] Level 124 done
[  111.58] Level 125 done
[  112.13] Level 126 done
[  112.64] Level 127 done
[  113.13] Level 128 done
[  113.59] Level 129 done
[  114.03] Level 130 done
[  114.44] Level 131 done
[  114.83] Level 132 done
[  115.20] Level 133 done
[  115.54] Level 134 done
[  115.87] Level 135 done
[  116.17] Level 136 done
[  116.46] Level 137 done
[  116.73] Level 138 done
[  116.98] Level 139 done
[  117.21] Level 140 done
[  117.43] Level 141 done
[  117.64] Level 142 done
[  117.83] Level 143 done
[  118.00] Level 144 done
[  118.16] Level 145 done
[  118.31] Level 146 done
[  118.45] Level 147 done
[  118.57] Level 148 done
[  118.68] Level 149 done
[  118.78] Level 150 done
[  118.87] Level 151 done
[  118.95] Level 152 done
[  119.02] Level 153 done
[  119.09] Level 154 done
[  119.14] Level 155 done
[  119.18] Level 156 done
[  119.22] Level 157 done
[  119.25] Level 158 done
[  119.28] Level 159 done
[  119.30] Level 160 done
[  119.31] Level 161 done
[  119.33] Level 162 done
[  119.33] Level 163 done
[  119.34] Level 164 done
[  119.34] Level 165 done
[  119.35] Level 166 done
[  119.35] Level 167 done
[  119.35] Level 168 done
[  119.35] Level 169 done
[  119.35] Level 170 done
[  119.35] PAR Time: 118.494209
[  119.37] Final states: 9,076,326 states
