[    0.54] Read file '/home/oortwijn/distdd/models/petrinets/CircularTrain-012.bdd'
[    0.54] 24 integers per state, 4 bits per integer, 12 transition groups
[    0.64] Level 1 done
[    0.78] Level 2 done
[    0.87] Level 3 done
[    0.93] Level 4 done
[    0.95] Level 5 done
[    0.95] Level 6 done
[    0.96] Level 7 done
[    0.96] Level 8 done
[    0.96] Level 9 done
[    0.97] Level 10 done
[    0.97] Level 11 done
[    0.97] Level 12 done
[    0.97] Level 13 done
[    0.97] Level 14 done
[    0.97] Level 15 done
[    0.97] Level 16 done
[    0.97] Level 17 done
[    0.97] BFS Time: 0.431068
[    0.97] Final states: 195 states
