[    0.87] Read file '/home/oortwijn/distdd/models/petrinets/closed_system5.bdd'
[    0.87] 231 integers per state, 4 bits per integer, 202 transition groups
[    0.88] Level 1 done
[    0.90] Level 2 done
[    0.92] Level 3 done
[    0.94] Level 4 done
[    0.97] Level 5 done
[    0.99] Level 6 done
[    1.02] Level 7 done
[    1.05] Level 8 done
[    1.09] Level 9 done
[    1.12] Level 10 done
[    1.17] Level 11 done
[    1.22] Level 12 done
[    1.28] Level 13 done
[    1.35] Level 14 done
[    1.42] Level 15 done
[    1.50] Level 16 done
[    1.57] Level 17 done
[    1.65] Level 18 done
[    1.73] Level 19 done
[    1.82] Level 20 done
[    1.90] Level 21 done
[    1.99] Level 22 done
[    2.08] Level 23 done
[    2.18] Level 24 done
[    2.28] Level 25 done
[    2.38] Level 26 done
[    2.49] Level 27 done
[    2.60] Level 28 done
[    2.73] Level 29 done
[    2.88] Level 30 done
[    3.02] Level 31 done
[    3.17] Level 32 done
[    3.31] Level 33 done
[    3.46] Level 34 done
[    3.61] Level 35 done
[    3.76] Level 36 done
[    3.91] Level 37 done
[    4.06] Level 38 done
[    4.23] Level 39 done
[    4.40] Level 40 done
[    4.58] Level 41 done
[    4.77] Level 42 done
[    4.96] Level 43 done
[    5.14] Level 44 done
[    5.32] Level 45 done
[    5.50] Level 46 done
[    5.67] Level 47 done
[    5.85] Level 48 done
[    6.02] Level 49 done
[    6.20] Level 50 done
[    6.38] Level 51 done
[    6.56] Level 52 done
[    6.75] Level 53 done
[    6.93] Level 54 done
[    7.11] Level 55 done
[    7.30] Level 56 done
[    7.49] Level 57 done
[    7.70] Level 58 done
[    7.90] Level 59 done
[    8.11] Level 60 done
[    8.31] Level 61 done
[    8.51] Level 62 done
[    8.72] Level 63 done
[    8.92] Level 64 done
[    9.13] Level 65 done
[    9.35] Level 66 done
[    9.57] Level 67 done
[    9.81] Level 68 done
[   10.06] Level 69 done
[   10.30] Level 70 done
[   10.55] Level 71 done
[   10.79] Level 72 done
[   11.02] Level 73 done
[   11.26] Level 74 done
[   11.49] Level 75 done
[   11.73] Level 76 done
[   11.96] Level 77 done
[   12.21] Level 78 done
[   12.45] Level 79 done
[   12.70] Level 80 done
[   12.96] Level 81 done
[   13.22] Level 82 done
[   13.48] Level 83 done
[   13.73] Level 84 done
[   13.99] Level 85 done
[   14.24] Level 86 done
[   14.50] Level 87 done
[   14.77] Level 88 done
[   15.03] Level 89 done
[   15.30] Level 90 done
[   15.56] Level 91 done
[   15.83] Level 92 done
[   16.10] Level 93 done
[   16.38] Level 94 done
[   16.65] Level 95 done
[   16.93] Level 96 done
[   17.20] Level 97 done
[   17.47] Level 98 done
[   17.74] Level 99 done
[   18.00] Level 100 done
[   18.27] Level 101 done
[   18.54] Level 102 done
[   18.80] Level 103 done
[   19.07] Level 104 done
[   19.33] Level 105 done
[   19.60] Level 106 done
[   19.86] Level 107 done
[   20.12] Level 108 done
[   20.38] Level 109 done
[   20.64] Level 110 done
[   20.90] Level 111 done
[   21.16] Level 112 done
[   21.42] Level 113 done
[   21.69] Level 114 done
[   21.95] Level 115 done
[   22.21] Level 116 done
[   22.47] Level 117 done
[   22.73] Level 118 done
[   22.99] Level 119 done
[   23.25] Level 120 done
[   23.51] Level 121 done
[   23.78] Level 122 done
[   24.04] Level 123 done
[   24.32] Level 124 done
[   24.59] Level 125 done
[   24.87] Level 126 done
[   25.14] Level 127 done
[   25.41] Level 128 done
[   25.69] Level 129 done
[   25.97] Level 130 done
[   26.25] Level 131 done
[   26.54] Level 132 done
[   26.83] Level 133 done
[   27.12] Level 134 done
[   27.40] Level 135 done
[   27.69] Level 136 done
[   27.97] Level 137 done
[   28.27] Level 138 done
[   28.56] Level 139 done
[   28.86] Level 140 done
[   29.15] Level 141 done
[   29.45] Level 142 done
[   29.74] Level 143 done
[   30.02] Level 144 done
[   30.30] Level 145 done
[   30.58] Level 146 done
[   30.86] Level 147 done
[   31.15] Level 148 done
[   31.44] Level 149 done
[   31.74] Level 150 done
[   32.03] Level 151 done
[   32.31] Level 152 done
[   32.59] Level 153 done
[   32.87] Level 154 done
[   33.15] Level 155 done
[   33.43] Level 156 done
[   33.71] Level 157 done
[   33.99] Level 158 done
[   34.27] Level 159 done
[   34.56] Level 160 done
[   34.84] Level 161 done
[   35.13] Level 162 done
[   35.41] Level 163 done
[   35.69] Level 164 done
[   35.98] Level 165 done
[   36.25] Level 166 done
[   36.53] Level 167 done
[   36.80] Level 168 done
[   37.07] Level 169 done
[   37.34] Level 170 done
[   37.60] Level 171 done
[   37.87] Level 172 done
[   38.14] Level 173 done
[   38.42] Level 174 done
[   38.69] Level 175 done
[   38.97] Level 176 done
[   39.25] Level 177 done
[   39.52] Level 178 done
[   39.78] Level 179 done
[   40.03] Level 180 done
[   40.27] Level 181 done
[   40.52] Level 182 done
[   40.77] Level 183 done
[   41.01] Level 184 done
[   41.26] Level 185 done
[   41.50] Level 186 done
[   41.75] Level 187 done
[   42.00] Level 188 done
[   42.24] Level 189 done
[   42.49] Level 190 done
[   42.74] Level 191 done
[   42.98] Level 192 done
[   43.23] Level 193 done
[   43.47] Level 194 done
[   43.70] Level 195 done
[   43.92] Level 196 done
[   44.14] Level 197 done
[   44.35] Level 198 done
[   44.56] Level 199 done
[   44.76] Level 200 done
[   44.97] Level 201 done
[   45.19] Level 202 done
[   45.40] Level 203 done
[   45.62] Level 204 done
[   45.84] Level 205 done
[   46.05] Level 206 done
[   46.25] Level 207 done
[   46.45] Level 208 done
[   46.65] Level 209 done
[   46.86] Level 210 done
[   47.06] Level 211 done
[   47.27] Level 212 done
[   47.47] Level 213 done
[   47.68] Level 214 done
[   47.88] Level 215 done
[   48.09] Level 216 done
[   48.29] Level 217 done
[   48.50] Level 218 done
[   48.70] Level 219 done
[   48.91] Level 220 done
[   49.11] Level 221 done
[   49.32] Level 222 done
[   49.51] Level 223 done
[   49.71] Level 224 done
[   49.90] Level 225 done
[   50.08] Level 226 done
[   50.27] Level 227 done
[   50.46] Level 228 done
[   50.65] Level 229 done
[   50.85] Level 230 done
[   51.04] Level 231 done
[   51.23] Level 232 done
[   51.42] Level 233 done
[   51.61] Level 234 done
[   51.79] Level 235 done
[   51.96] Level 236 done
[   52.14] Level 237 done
[   52.31] Level 238 done
[   52.47] Level 239 done
[   52.64] Level 240 done
[   52.81] Level 241 done
[   52.97] Level 242 done
[   53.13] Level 243 done
[   53.29] Level 244 done
[   53.44] Level 245 done
[   53.58] Level 246 done
[   53.72] Level 247 done
[   53.85] Level 248 done
[   53.98] Level 249 done
[   54.10] Level 250 done
[   54.23] Level 251 done
[   54.35] Level 252 done
[   54.46] Level 253 done
[   54.58] Level 254 done
[   54.69] Level 255 done
[   54.80] Level 256 done
[   54.90] Level 257 done
[   55.01] Level 258 done
[   55.11] Level 259 done
[   55.21] Level 260 done
[   55.30] Level 261 done
[   55.39] Level 262 done
[   55.48] Level 263 done
[   55.56] Level 264 done
[   55.64] Level 265 done
[   55.72] Level 266 done
[   55.80] Level 267 done
[   55.87] Level 268 done
[   55.95] Level 269 done
[   56.02] Level 270 done
[   56.09] Level 271 done
[   56.16] Level 272 done
[   56.22] Level 273 done
[   56.27] Level 274 done
[   56.33] Level 275 done
[   56.38] Level 276 done
[   56.42] Level 277 done
[   56.47] Level 278 done
[   56.51] Level 279 done
[   56.55] Level 280 done
[   56.59] Level 281 done
[   56.63] Level 282 done
[   56.66] Level 283 done
[   56.68] Level 284 done
[   56.71] Level 285 done
[   56.73] Level 286 done
[   56.75] Level 287 done
[   56.76] Level 288 done
[   56.77] Level 289 done
[   56.78] Level 290 done
[   56.79] Level 291 done
[   56.80] Level 292 done
[   56.81] Level 293 done
[   56.81] Level 294 done
[   56.82] Level 295 done
[   56.83] Level 296 done
[   56.83] Level 297 done
[   56.83] BFS Time: 55.963944
[   56.84] Final states: 1,657,242 states
