[    0.43] Read file '/home/oortwijn/distdd/models/petrinets/erk-000010.bdd'
[    0.43] 11 integers per state, 4 bits per integer, 11 transition groups
[    0.44] Level 1 done
[    0.45] Level 2 done
[    0.47] Level 3 done
[    0.48] Level 4 done
[    0.48] Level 5 done
[    0.49] Level 6 done
[    0.50] Level 7 done
[    0.50] Level 8 done
[    0.50] Level 9 done
[    0.50] Level 10 done
[    0.50] Level 11 done
[    0.50] Level 12 done
[    0.50] Level 13 done
[    0.50] Level 14 done
[    0.50] Level 15 done
[    0.50] Level 16 done
[    0.50] Level 17 done
[    0.50] Level 18 done
[    0.50] Level 19 done
[    0.50] Level 20 done
[    0.51] Level 21 done
[    0.51] Level 22 done
[    0.51] Level 23 done
[    0.51] Level 24 done
[    0.51] Level 25 done
[    0.51] Level 26 done
[    0.51] Level 27 done
[    0.51] Level 28 done
[    0.51] Level 29 done
[    0.51] Level 30 done
[    0.51] Level 31 done
[    0.51] Level 32 done
[    0.51] Level 33 done
[    0.51] Level 34 done
[    0.51] Level 35 done
[    0.51] Level 36 done
[    0.52] Level 37 done
[    0.52] Level 38 done
[    0.52] Level 39 done
[    0.52] Level 40 done
[    0.52] Level 41 done
[    0.52] Level 42 done
[    0.52] Level 43 done
[    0.52] Level 44 done
[    0.52] Level 45 done
[    0.52] Level 46 done
[    0.52] Level 47 done
[    0.52] Level 48 done
[    0.52] Level 49 done
[    0.52] Level 50 done
[    0.52] Level 51 done
[    0.53] Level 52 done
[    0.53] Level 53 done
[    0.53] Level 54 done
[    0.53] Level 55 done
[    0.53] Level 56 done
[    0.53] Level 57 done
[    0.53] Level 58 done
[    0.53] Level 59 done
[    0.53] Level 60 done
[    0.53] Level 61 done
[    0.53] Level 62 done
[    0.53] Level 63 done
[    0.53] Level 64 done
[    0.53] Level 65 done
[    0.53] Level 66 done
[    0.53] Level 67 done
[    0.53] Level 68 done
[    0.53] Level 69 done
[    0.53] Level 70 done
[    0.53] Level 71 done
[    0.53] Level 72 done
[    0.53] Level 73 done
[    0.53] Level 74 done
[    0.53] Level 75 done
[    0.53] Level 76 done
[    0.53] Level 77 done
[    0.53] Level 78 done
[    0.53] Level 79 done
[    0.53] Level 80 done
[    0.53] Level 81 done
[    0.53] PAR Time: 0.109155
[    0.53] Final states: 47,047 states
