[    0.60] Read file '/home/oortwijn/distdd/models/petrinets/FMS-20.bdd'
[    0.60] 22 integers per state, 5 bits per integer, 20 transition groups
[    0.72] Level 1 done
[    0.81] Level 2 done
[    0.85] Level 3 done
[    0.87] Level 4 done
[    0.88] Level 5 done
[    0.88] Level 6 done
[    0.88] Level 7 done
[    0.89] Level 8 done
[    0.89] Level 9 done
[    0.89] Level 10 done
[    0.89] Level 11 done
[    0.90] Level 12 done
[    0.90] Level 13 done
[    0.90] Level 14 done
[    0.91] Level 15 done
[    0.91] Level 16 done
[    0.92] Level 17 done
[    0.92] Level 18 done
[    0.93] Level 19 done
[    0.94] Level 20 done
[    0.94] Level 21 done
[    0.95] Level 22 done
[    0.96] Level 23 done
[    0.97] Level 24 done
[    0.98] Level 25 done
[    0.99] Level 26 done
[    1.00] Level 27 done
[    1.01] Level 28 done
[    1.02] Level 29 done
[    1.04] Level 30 done
[    1.05] Level 31 done
[    1.06] Level 32 done
[    1.08] Level 33 done
[    1.09] Level 34 done
[    1.11] Level 35 done
[    1.13] Level 36 done
[    1.15] Level 37 done
[    1.17] Level 38 done
[    1.19] Level 39 done
[    1.21] Level 40 done
[    1.23] Level 41 done
[    1.25] Level 42 done
[    1.27] Level 43 done
[    1.30] Level 44 done
[    1.32] Level 45 done
[    1.35] Level 46 done
[    1.38] Level 47 done
[    1.40] Level 48 done
[    1.43] Level 49 done
[    1.46] Level 50 done
[    1.50] Level 51 done
[    1.53] Level 52 done
[    1.56] Level 53 done
[    1.60] Level 54 done
[    1.63] Level 55 done
[    1.67] Level 56 done
[    1.70] Level 57 done
[    1.74] Level 58 done
[    1.78] Level 59 done
[    1.82] Level 60 done
[    1.86] Level 61 done
[    1.91] Level 62 done
[    1.95] Level 63 done
[    1.99] Level 64 done
[    2.04] Level 65 done
[    2.08] Level 66 done
[    2.13] Level 67 done
[    2.18] Level 68 done
[    2.23] Level 69 done
[    2.28] Level 70 done
[    2.33] Level 71 done
[    2.38] Level 72 done
[    2.43] Level 73 done
[    2.49] Level 74 done
[    2.54] Level 75 done
[    2.60] Level 76 done
[    2.66] Level 77 done
[    2.71] Level 78 done
[    2.77] Level 79 done
[    2.83] Level 80 done
[    2.89] Level 81 done
[    2.96] Level 82 done
[    3.02] Level 83 done
[    3.08] Level 84 done
[    3.15] Level 85 done
[    3.21] Level 86 done
[    3.28] Level 87 done
[    3.35] Level 88 done
[    3.41] Level 89 done
[    3.48] Level 90 done
[    3.55] Level 91 done
[    3.63] Level 92 done
[    3.70] Level 93 done
[    3.77] Level 94 done
[    3.85] Level 95 done
[    3.92] Level 96 done
[    4.00] Level 97 done
[    4.11] Level 98 done
[    4.19] Level 99 done
[    4.27] Level 100 done
[    4.35] Level 101 done
[    4.43] Level 102 done
[    4.51] Level 103 done
[    4.60] Level 104 done
[    4.68] Level 105 done
[    4.77] Level 106 done
[    4.86] Level 107 done
[    4.95] Level 108 done
[    5.04] Level 109 done
[    5.13] Level 110 done
[    5.22] Level 111 done
[    5.31] Level 112 done
[    5.41] Level 113 done
[    5.50] Level 114 done
[    5.60] Level 115 done
[    5.70] Level 116 done
[    5.80] Level 117 done
[    5.90] Level 118 done
[    6.00] Level 119 done
[    6.10] Level 120 done
[    6.20] Level 121 done
[    6.30] Level 122 done
[    6.41] Level 123 done
[    6.51] Level 124 done
[    6.62] Level 125 done
[    6.72] Level 126 done
[    6.83] Level 127 done
[    6.94] Level 128 done
[    7.05] Level 129 done
[    7.15] Level 130 done
[    7.26] Level 131 done
[    7.37] Level 132 done
[    7.48] Level 133 done
[    7.59] Level 134 done
[    7.70] Level 135 done
[    7.81] Level 136 done
[    7.92] Level 137 done
[    8.03] Level 138 done
[    8.14] Level 139 done
[    8.25] Level 140 done
[    8.37] Level 141 done
[    8.48] Level 142 done
[    8.59] Level 143 done
[    8.70] Level 144 done
[    8.81] Level 145 done
[    8.93] Level 146 done
[    9.04] Level 147 done
[    9.15] Level 148 done
[    9.26] Level 149 done
[    9.37] Level 150 done
[    9.49] Level 151 done
[    9.60] Level 152 done
[    9.71] Level 153 done
[    9.82] Level 154 done
[    9.94] Level 155 done
[   10.05] Level 156 done
[   10.16] Level 157 done
[   10.27] Level 158 done
[   10.38] Level 159 done
[   10.49] Level 160 done
[   10.60] Level 161 done
[   10.71] Level 162 done
[   10.82] Level 163 done
[   10.93] Level 164 done
[   11.04] Level 165 done
[   11.15] Level 166 done
[   11.26] Level 167 done
[   11.37] Level 168 done
[   11.47] Level 169 done
[   11.58] Level 170 done
[   11.69] Level 171 done
[   11.79] Level 172 done
[   11.90] Level 173 done
[   12.00] Level 174 done
[   12.11] Level 175 done
[   12.21] Level 176 done
[   12.31] Level 177 done
[   12.41] Level 178 done
[   12.51] Level 179 done
[   12.61] Level 180 done
[   12.71] Level 181 done
[   12.81] Level 182 done
[   12.91] Level 183 done
[   13.01] Level 184 done
[   13.10] Level 185 done
[   13.20] Level 186 done
[   13.29] Level 187 done
[   13.38] Level 188 done
[   13.47] Level 189 done
[   13.56] Level 190 done
[   13.65] Level 191 done
[   13.74] Level 192 done
[   13.83] Level 193 done
[   13.91] Level 194 done
[   14.00] Level 195 done
[   14.10] Level 196 done
[   14.18] Level 197 done
[   14.26] Level 198 done
[   14.34] Level 199 done
[   14.42] Level 200 done
[   14.49] Level 201 done
[   14.56] Level 202 done
[   14.63] Level 203 done
[   14.70] Level 204 done
[   14.77] Level 205 done
[   14.84] Level 206 done
[   14.90] Level 207 done
[   14.97] Level 208 done
[   15.03] Level 209 done
[   15.09] Level 210 done
[   15.14] Level 211 done
[   15.20] Level 212 done
[   15.26] Level 213 done
[   15.31] Level 214 done
[   15.36] Level 215 done
[   15.41] Level 216 done
[   15.46] Level 217 done
[   15.50] Level 218 done
[   15.55] Level 219 done
[   15.59] Level 220 done
[   15.63] Level 221 done
[   15.67] Level 222 done
[   15.71] Level 223 done
[   15.75] Level 224 done
[   15.78] Level 225 done
[   15.81] Level 226 done
[   15.84] Level 227 done
[   15.87] Level 228 done
[   15.90] Level 229 done
[   15.93] Level 230 done
[   15.95] Level 231 done
[   15.98] Level 232 done
[   16.00] Level 233 done
[   16.02] Level 234 done
[   16.04] Level 235 done
[   16.06] Level 236 done
[   16.08] Level 237 done
[   16.09] Level 238 done
[   16.11] Level 239 done
[   16.12] Level 240 done
[   16.13] Level 241 done
[   16.14] Level 242 done
[   16.16] Level 243 done
[   16.17] Level 244 done
[   16.17] Level 245 done
[   16.18] Level 246 done
[   16.19] Level 247 done
[   16.20] Level 248 done
[   16.21] Level 249 done
[   16.21] Level 250 done
[   16.22] Level 251 done
[   16.23] Level 252 done
[   16.23] Level 253 done
[   16.24] Level 254 done
[   16.24] Level 255 done
[   16.25] Level 256 done
[   16.25] Level 257 done
[   16.25] Level 258 done
[   16.26] Level 259 done
[   16.26] Level 260 done
[   16.26] Level 261 done
[   16.26] Level 262 done
[   16.27] Level 263 done
[   16.27] Level 264 done
[   16.27] Level 265 done
[   16.27] Level 266 done
[   16.27] Level 267 done
[   16.28] Level 268 done
[   16.28] Level 269 done
[   16.28] Level 270 done
[   16.28] Level 271 done
[   16.28] Level 272 done
[   16.28] Level 273 done
[   16.28] Level 274 done
[   16.28] Level 275 done
[   16.28] Level 276 done
[   16.28] Level 277 done
[   16.28] Level 278 done
[   16.28] Level 279 done
[   16.28] Level 280 done
[   16.28] Level 281 done
[   16.28] BFS Time: 15.687894
[   16.28] Final states: 6,029,168,852,784 states
