[    2.45] Read file '/home/oortwijn/distdd/models/petrinets/galloc_res-5.bdd'
[    2.45] 75 integers per state, 4 bits per integer, 56105 transition groups
[    2.58] Level 1 done
[   18.82] Level 2 done
[   85.80] (GC) Starting garbage collection...
[   85.99] (GC) Garbage collection done.
[  107.11] Level 3 done
[  159.25] (GC) Starting garbage collection...
[  159.41] (GC) Garbage collection done.
[  219.64] (GC) Starting garbage collection...
[  219.82] (GC) Garbage collection done.
[  220.06] Level 4 done
[  281.62] (GC) Starting garbage collection...
[  281.79] (GC) Garbage collection done.
[  339.50] Level 5 done
[  344.29] (GC) Starting garbage collection...
[  344.42] (GC) Garbage collection done.
[  402.88] (GC) Starting garbage collection...
[  403.06] (GC) Garbage collection done.
[  458.75] Level 6 done
[  479.37] (GC) Starting garbage collection...
[  479.51] (GC) Garbage collection done.
[  549.75] (GC) Starting garbage collection...
[  549.96] (GC) Garbage collection done.
[  573.83] Level 7 done
[  668.99] Level 8 done
[  742.72] Level 9 done
[  754.40] Level 10 done
[  754.45] Level 11 done
[  754.45] PAR Time: 752.002815
[  754.47] Final states: 106,603,672 states
