[    2.61] Read file '/home/oortwijn/distdd/models/petrinets/galloc_res-5.bdd'
[    2.61] 75 integers per state, 4 bits per integer, 56105 transition groups
[    2.73] Level 1 done
[   19.03] Level 2 done
[   87.49] (GC) Starting garbage collection...
[   87.66] (GC) Garbage collection done.
[  107.82] Level 3 done
[  154.89] (GC) Starting garbage collection...
[  155.05] (GC) Garbage collection done.
[  219.44] (GC) Starting garbage collection...
[  219.59] (GC) Garbage collection done.
[  219.74] Level 4 done
[  267.93] (GC) Starting garbage collection...
[  268.10] (GC) Garbage collection done.
[  339.04] Level 5 done
[  351.69] (GC) Starting garbage collection...
[  351.82] (GC) Garbage collection done.
[  433.99] (GC) Starting garbage collection...
[  434.15] (GC) Garbage collection done.
[  458.62] Level 6 done
[  484.05] (GC) Starting garbage collection...
[  484.19] (GC) Garbage collection done.
[  555.24] (GC) Starting garbage collection...
[  555.41] (GC) Garbage collection done.
[  574.06] Level 7 done
[  668.84] Level 8 done
[  741.35] Level 9 done
[  753.13] Level 10 done
[  753.17] Level 11 done
[  753.17] PAR Time: 750.564774
[  753.19] Final states: 106,603,672 states
