[    2.56] Read file '/home/oortwijn/distdd/models/petrinets/galloc_res-5.bdd'
[    2.56] 75 integers per state, 4 bits per integer, 56105 transition groups
[    2.63] Level 1 done
[   12.21] Level 2 done
[   47.99] (GC) Starting garbage collection...
[   48.16] (GC) Garbage collection done.
[   61.04] Level 3 done
[   89.07] (GC) Starting garbage collection...
[   89.23] (GC) Garbage collection done.
[  122.75] (GC) Starting garbage collection...
[  122.92] (GC) Garbage collection done.
[  123.14] Level 4 done
[  154.89] (GC) Starting garbage collection...
[  155.06] (GC) Garbage collection done.
[  188.89] (GC) Starting garbage collection...
[  189.05] (GC) Garbage collection done.
[  189.25] Level 5 done
[  219.84] (GC) Starting garbage collection...
[  220.01] (GC) Garbage collection done.
[  255.07] Level 6 done
[  258.68] (GC) Starting garbage collection...
[  258.79] (GC) Garbage collection done.
[  298.10] (GC) Starting garbage collection...
[  298.27] (GC) Garbage collection done.
[  317.82] Level 7 done
[  367.02] (GC) Starting garbage collection...
[  367.15] (GC) Garbage collection done.
[  370.22] Level 8 done
[  409.55] Level 9 done
[  415.77] Level 10 done
[  415.79] Level 11 done
[  415.79] PAR Time: 413.235113
[  415.80] Final states: 106,603,672 states
