[    0.74] Read file '/home/oortwijn/distdd/models/petrinets/IOTP_c5m4p3d2.bdd'
[    0.74] 111 integers per state, 4 bits per integer, 45 transition groups
[    0.75] Level 1 done
[    0.75] Level 2 done
[    0.75] Level 3 done
[    0.75] Level 4 done
[    0.75] Level 5 done
[    0.75] Level 6 done
[    0.75] Level 7 done
[    0.75] Level 8 done
[    0.75] Level 9 done
[    0.75] Level 10 done
[    0.76] Level 11 done
[    0.76] Level 12 done
[    0.76] Level 13 done
[    0.76] Level 14 done
[    0.76] Level 15 done
[    0.76] Level 16 done
[    0.76] Level 17 done
[    0.77] Level 18 done
[    0.77] Level 19 done
[    0.77] Level 20 done
[    0.77] Level 21 done
[    0.77] Level 22 done
[    0.78] Level 23 done
[    0.78] Level 24 done
[    0.78] Level 25 done
[    0.79] Level 26 done
[    0.79] Level 27 done
[    0.79] Level 28 done
[    0.80] Level 29 done
[    0.80] Level 30 done
[    0.81] Level 31 done
[    0.81] Level 32 done
[    0.81] Level 33 done
[    0.82] Level 34 done
[    0.83] Level 35 done
[    0.83] Level 36 done
[    0.84] Level 37 done
[    0.84] Level 38 done
[    0.85] Level 39 done
[    0.86] Level 40 done
[    0.86] Level 41 done
[    0.87] Level 42 done
[    0.88] Level 43 done
[    0.89] Level 44 done
[    0.89] Level 45 done
[    0.90] Level 46 done
[    0.91] Level 47 done
[    0.92] Level 48 done
[    0.93] Level 49 done
[    0.94] Level 50 done
[    0.95] Level 51 done
[    0.97] Level 52 done
[    0.98] Level 53 done
[    0.99] Level 54 done
[    1.01] Level 55 done
[    1.02] Level 56 done
[    1.03] Level 57 done
[    1.05] Level 58 done
[    1.06] Level 59 done
[    1.08] Level 60 done
[    1.10] Level 61 done
[    1.12] Level 62 done
[    1.13] Level 63 done
[    1.15] Level 64 done
[    1.17] Level 65 done
[    1.19] Level 66 done
[    1.22] Level 67 done
[    1.24] Level 68 done
[    1.26] Level 69 done
[    1.28] Level 70 done
[    1.31] Level 71 done
[    1.33] Level 72 done
[    1.35] Level 73 done
[    1.38] Level 74 done
[    1.41] Level 75 done
[    1.43] Level 76 done
[    1.46] Level 77 done
[    1.49] Level 78 done
[    1.52] Level 79 done
[    1.55] Level 80 done
[    1.58] Level 81 done
[    1.61] Level 82 done
[    1.64] Level 83 done
[    1.67] Level 84 done
[    1.70] Level 85 done
[    1.73] Level 86 done
[    1.77] Level 87 done
[    1.80] Level 88 done
[    1.84] Level 89 done
[    1.87] Level 90 done
[    1.91] Level 91 done
[    1.95] Level 92 done
[    1.98] Level 93 done
[    2.02] Level 94 done
[    2.06] Level 95 done
[    2.11] Level 96 done
[    2.15] Level 97 done
[    2.19] Level 98 done
[    2.23] Level 99 done
[    2.28] Level 100 done
[    2.32] Level 101 done
[    2.37] Level 102 done
[    2.42] Level 103 done
[    2.47] Level 104 done
[    2.52] Level 105 done
[    2.57] Level 106 done
[    2.62] Level 107 done
[    2.67] Level 108 done
[    2.73] Level 109 done
[    2.78] Level 110 done
[    2.84] Level 111 done
[    2.90] Level 112 done
[    2.95] Level 113 done
[    3.02] Level 114 done
[    3.08] Level 115 done
[    3.14] Level 116 done
[    3.20] Level 117 done
[    3.26] Level 118 done
[    3.31] Level 119 done
[    3.37] Level 120 done
[    3.43] Level 121 done
[    3.49] Level 122 done
[    3.55] Level 123 done
[    3.61] Level 124 done
[    3.67] Level 125 done
[    3.73] Level 126 done
[    3.80] Level 127 done
[    3.86] Level 128 done
[    3.92] Level 129 done
[    3.98] Level 130 done
[    4.04] Level 131 done
[    4.11] Level 132 done
[    4.17] Level 133 done
[    4.23] Level 134 done
[    4.29] Level 135 done
[    4.36] Level 136 done
[    4.42] Level 137 done
[    4.49] Level 138 done
[    4.55] Level 139 done
[    4.62] Level 140 done
[    4.68] Level 141 done
[    4.75] Level 142 done
[    4.81] Level 143 done
[    4.88] Level 144 done
[    4.95] Level 145 done
[    5.01] Level 146 done
[    5.08] Level 147 done
[    5.15] Level 148 done
[    5.21] Level 149 done
[    5.28] Level 150 done
[    5.35] Level 151 done
[    5.41] Level 152 done
[    5.48] Level 153 done
[    5.55] Level 154 done
[    5.61] Level 155 done
[    5.67] Level 156 done
[    5.74] Level 157 done
[    5.80] Level 158 done
[    5.86] Level 159 done
[    5.92] Level 160 done
[    5.97] Level 161 done
[    6.03] Level 162 done
[    6.09] Level 163 done
[    6.14] Level 164 done
[    6.19] Level 165 done
[    6.24] Level 166 done
[    6.29] Level 167 done
[    6.34] Level 168 done
[    6.39] Level 169 done
[    6.43] Level 170 done
[    6.48] Level 171 done
[    6.52] Level 172 done
[    6.56] Level 173 done
[    6.60] Level 174 done
[    6.64] Level 175 done
[    6.68] Level 176 done
[    6.72] Level 177 done
[    6.76] Level 178 done
[    6.80] Level 179 done
[    6.83] Level 180 done
[    6.87] Level 181 done
[    6.90] Level 182 done
[    6.94] Level 183 done
[    6.97] Level 184 done
[    7.00] Level 185 done
[    7.03] Level 186 done
[    7.06] Level 187 done
[    7.09] Level 188 done
[    7.12] Level 189 done
[    7.15] Level 190 done
[    7.18] Level 191 done
[    7.20] Level 192 done
[    7.23] Level 193 done
[    7.25] Level 194 done
[    7.27] Level 195 done
[    7.30] Level 196 done
[    7.32] Level 197 done
[    7.34] Level 198 done
[    7.36] Level 199 done
[    7.38] Level 200 done
[    7.40] Level 201 done
[    7.41] Level 202 done
[    7.43] Level 203 done
[    7.45] Level 204 done
[    7.46] Level 205 done
[    7.48] Level 206 done
[    7.49] Level 207 done
[    7.50] Level 208 done
[    7.52] Level 209 done
[    7.53] Level 210 done
[    7.54] Level 211 done
[    7.55] Level 212 done
[    7.56] Level 213 done
[    7.57] Level 214 done
[    7.58] Level 215 done
[    7.59] Level 216 done
[    7.60] Level 217 done
[    7.61] Level 218 done
[    7.62] Level 219 done
[    7.63] Level 220 done
[    7.63] Level 221 done
[    7.64] Level 222 done
[    7.65] Level 223 done
[    7.66] Level 224 done
[    7.66] Level 225 done
[    7.67] Level 226 done
[    7.67] Level 227 done
[    7.68] Level 228 done
[    7.68] Level 229 done
[    7.69] Level 230 done
[    7.69] Level 231 done
[    7.69] Level 232 done
[    7.70] Level 233 done
[    7.70] Level 234 done
[    7.70] Level 235 done
[    7.71] Level 236 done
[    7.71] Level 237 done
[    7.71] Level 238 done
[    7.71] Level 239 done
[    7.72] Level 240 done
[    7.72] Level 241 done
[    7.72] Level 242 done
[    7.72] Level 243 done
[    7.72] Level 244 done
[    7.73] Level 245 done
[    7.73] Level 246 done
[    7.73] Level 247 done
[    7.73] Level 248 done
[    7.73] Level 249 done
[    7.73] Level 250 done
[    7.73] Level 251 done
[    7.74] Level 252 done
[    7.74] Level 253 done
[    7.74] Level 254 done
[    7.74] Level 255 done
[    7.74] Level 256 done
[    7.74] Level 257 done
[    7.74] Level 258 done
[    7.74] Level 259 done
[    7.74] Level 260 done
[    7.74] Level 261 done
[    7.74] Level 262 done
[    7.74] Level 263 done
[    7.75] Level 264 done
[    7.75] Level 265 done
[    7.75] Level 266 done
[    7.75] Level 267 done
[    7.75] Level 268 done
[    7.75] Level 269 done
[    7.75] Level 270 done
[    7.75] Level 271 done
[    7.75] Level 272 done
[    7.75] Level 273 done
[    7.75] Level 274 done
[    7.75] Level 275 done
[    7.75] PAR Time: 7.007814
[    7.75] Final states: 17,406,024 states
