[    0.51] Read file '/home/oortwijn/distdd/models/petrinets/Kanban-20.bdd'
[    0.51] 16 integers per state, 5 bits per integer, 16 transition groups
[    0.60] Level 1 done
[    0.66] Level 2 done
[    0.72] Level 3 done
[    0.78] Level 4 done
[    0.83] Level 5 done
[    0.85] Level 6 done
[    0.86] Level 7 done
[    0.87] Level 8 done
[    0.87] Level 9 done
[    0.87] Level 10 done
[    0.87] Level 11 done
[    0.87] Level 12 done
[    0.88] Level 13 done
[    0.88] Level 14 done
[    0.88] Level 15 done
[    0.89] Level 16 done
[    0.89] Level 17 done
[    0.90] Level 18 done
[    0.91] Level 19 done
[    0.92] Level 20 done
[    0.93] Level 21 done
[    0.94] Level 22 done
[    0.95] Level 23 done
[    0.96] Level 24 done
[    0.98] Level 25 done
[    0.99] Level 26 done
[    1.01] Level 27 done
[    1.04] Level 28 done
[    1.06] Level 29 done
[    1.09] Level 30 done
[    1.12] Level 31 done
[    1.16] Level 32 done
[    1.19] Level 33 done
[    1.23] Level 34 done
[    1.28] Level 35 done
[    1.32] Level 36 done
[    1.37] Level 37 done
[    1.43] Level 38 done
[    1.49] Level 39 done
[    1.55] Level 40 done
[    1.62] Level 41 done
[    1.69] Level 42 done
[    1.77] Level 43 done
[    1.84] Level 44 done
[    1.93] Level 45 done
[    2.02] Level 46 done
[    2.11] Level 47 done
[    2.21] Level 48 done
[    2.31] Level 49 done
[    2.42] Level 50 done
[    2.53] Level 51 done
[    2.65] Level 52 done
[    2.77] Level 53 done
[    2.90] Level 54 done
[    3.03] Level 55 done
[    3.17] Level 56 done
[    3.32] Level 57 done
[    3.46] Level 58 done
[    3.62] Level 59 done
[    3.78] Level 60 done
[    3.95] Level 61 done
[    4.12] Level 62 done
[    4.30] Level 63 done
[    4.48] Level 64 done
[    4.68] Level 65 done
[    4.87] Level 66 done
[    5.08] Level 67 done
[    5.28] Level 68 done
[    5.50] Level 69 done
[    5.72] Level 70 done
[    5.95] Level 71 done
[    6.18] Level 72 done
[    6.43] Level 73 done
[    6.67] Level 74 done
[    6.92] Level 75 done
[    7.18] Level 76 done
[    7.45] Level 77 done
[    7.72] Level 78 done
[    7.99] Level 79 done
[    8.27] Level 80 done
[    8.56] Level 81 done
[    8.85] Level 82 done
[    9.14] Level 83 done
[    9.44] Level 84 done
[    9.75] Level 85 done
[   10.06] Level 86 done
[   10.37] Level 87 done
[   10.68] Level 88 done
[   11.00] Level 89 done
[   11.32] Level 90 done
[   11.65] Level 91 done
[   11.98] Level 92 done
[   12.31] Level 93 done
[   12.64] Level 94 done
[   12.98] Level 95 done
[   13.32] Level 96 done
[   13.66] Level 97 done
[   14.00] Level 98 done
[   14.35] Level 99 done
[   14.69] Level 100 done
[   15.04] Level 101 done
[   15.39] Level 102 done
[   15.74] Level 103 done
[   16.09] Level 104 done
[   16.45] Level 105 done
[   16.80] Level 106 done
[   17.16] Level 107 done
[   17.51] Level 108 done
[   17.87] Level 109 done
[   18.23] Level 110 done
[   18.59] Level 111 done
[   18.95] Level 112 done
[   19.31] Level 113 done
[   19.67] Level 114 done
[   20.03] Level 115 done
[   20.40] Level 116 done
[   20.76] Level 117 done
[   21.12] Level 118 done
[   21.49] Level 119 done
[   21.85] Level 120 done
[   22.22] Level 121 done
[   22.59] Level 122 done
[   22.95] Level 123 done
[   23.32] Level 124 done
[   23.69] Level 125 done
[   24.05] Level 126 done
[   24.42] Level 127 done
[   24.79] Level 128 done
[   25.16] Level 129 done
[   25.53] Level 130 done
[   25.90] Level 131 done
[   26.27] Level 132 done
[   26.65] Level 133 done
[   27.02] Level 134 done
[   27.39] Level 135 done
[   27.77] Level 136 done
[   28.14] Level 137 done
[   28.51] Level 138 done
[   28.89] Level 139 done
[   29.26] Level 140 done
[   29.64] Level 141 done
[   30.02] Level 142 done
[   30.39] Level 143 done
[   30.77] Level 144 done
[   31.15] Level 145 done
[   31.52] Level 146 done
[   31.90] Level 147 done
[   32.28] Level 148 done
[   32.66] Level 149 done
[   33.03] Level 150 done
[   33.41] Level 151 done
[   33.79] Level 152 done
[   34.17] Level 153 done
[   34.55] Level 154 done
[   34.92] Level 155 done
[   35.30] Level 156 done
[   35.68] Level 157 done
[   36.06] Level 158 done
[   36.44] Level 159 done
[   36.81] Level 160 done
[   37.19] Level 161 done
[   37.57] Level 162 done
[   37.94] Level 163 done
[   38.32] Level 164 done
[   38.69] Level 165 done
[   39.07] Level 166 done
[   39.44] Level 167 done
[   39.81] Level 168 done
[   40.18] Level 169 done
[   40.55] Level 170 done
[   40.92] Level 171 done
[   41.29] Level 172 done
[   41.66] Level 173 done
[   42.03] Level 174 done
[   42.39] Level 175 done
[   42.75] Level 176 done
[   43.12] Level 177 done
[   43.48] Level 178 done
[   43.83] Level 179 done
[   44.19] Level 180 done
[   44.54] Level 181 done
[   44.90] Level 182 done
[   45.25] Level 183 done
[   45.60] Level 184 done
[   45.94] Level 185 done
[   46.29] Level 186 done
[   46.63] Level 187 done
[   46.97] Level 188 done
[   47.31] Level 189 done
[   47.64] Level 190 done
[   47.97] Level 191 done
[   48.30] Level 192 done
[   48.63] Level 193 done
[   48.95] Level 194 done
[   49.28] Level 195 done
[   49.60] Level 196 done
[   49.91] Level 197 done
[   50.23] Level 198 done
[   50.54] Level 199 done
[   50.85] Level 200 done
[   51.15] Level 201 done
[   51.45] Level 202 done
[   51.75] Level 203 done
[   52.05] Level 204 done
[   52.35] Level 205 done
[   52.64] Level 206 done
[   52.93] Level 207 done
[   53.21] Level 208 done
[   53.49] Level 209 done
[   53.77] Level 210 done
[   54.05] Level 211 done
[   54.32] Level 212 done
[   54.59] Level 213 done
[   54.85] Level 214 done
[   55.11] Level 215 done
[   55.37] Level 216 done
[   55.63] Level 217 done
[   55.88] Level 218 done
[   56.13] Level 219 done
[   56.37] Level 220 done
[   56.61] Level 221 done
[   56.85] Level 222 done
[   57.08] Level 223 done
[   57.32] Level 224 done
[   57.55] Level 225 done
[   57.77] Level 226 done
[   57.99] Level 227 done
[   58.21] Level 228 done
[   58.42] Level 229 done
[   58.63] Level 230 done
[   58.84] Level 231 done
[   59.04] Level 232 done
[   59.24] Level 233 done
[   59.44] Level 234 done
[   59.63] Level 235 done
[   59.82] Level 236 done
[   60.01] Level 237 done
[   60.19] Level 238 done
[   60.37] Level 239 done
[   60.54] Level 240 done
[   60.71] Level 241 done
[   60.88] Level 242 done
[   61.04] Level 243 done
[   61.20] Level 244 done
[   61.36] Level 245 done
[   61.51] Level 246 done
[   61.66] Level 247 done
[   61.80] Level 248 done
[   61.94] Level 249 done
[   62.08] Level 250 done
[   62.21] Level 251 done
[   62.33] Level 252 done
[   62.46] Level 253 done
[   62.57] Level 254 done
[   62.69] Level 255 done
[   62.79] Level 256 done
[   62.89] Level 257 done
[   62.99] Level 258 done
[   63.08] Level 259 done
[   63.17] Level 260 done
[   63.25] Level 261 done
[   63.32] Level 262 done
[   63.39] Level 263 done
[   63.45] Level 264 done
[   63.50] Level 265 done
[   63.55] Level 266 done
[   63.60] Level 267 done
[   63.64] Level 268 done
[   63.67] Level 269 done
[   63.70] Level 270 done
[   63.72] Level 271 done
[   63.74] Level 272 done
[   63.76] Level 273 done
[   63.77] Level 274 done
[   63.78] Level 275 done
[   63.79] Level 276 done
[   63.79] Level 277 done
[   63.79] Level 278 done
[   63.80] Level 279 done
[   63.80] Level 280 done
[   63.80] Level 281 done
[   63.80] BFS Time: 63.284188
[   63.80] Final states: 805,422,366,595 states
