[    0.80] Read file '/home/oortwijn/distdd/models/petrinets/Peterson-3.bdd'
[    0.80] 244 integers per state, 4 bits per integer, 332 transition groups
[    0.81] Level 1 done
[    0.81] Level 2 done
[    0.82] Level 3 done
[    0.82] Level 4 done
[    0.83] Level 5 done
[    0.84] Level 6 done
[    0.85] Level 7 done
[    0.87] Level 8 done
[    0.90] Level 9 done
[    0.92] Level 10 done
[    0.96] Level 11 done
[    1.00] Level 12 done
[    1.05] Level 13 done
[    1.11] Level 14 done
[    1.18] Level 15 done
[    1.26] Level 16 done
[    1.35] Level 17 done
[    1.46] Level 18 done
[    1.58] Level 19 done
[    1.72] Level 20 done
[    1.86] Level 21 done
[    2.02] Level 22 done
[    2.19] Level 23 done
[    2.38] Level 24 done
[    2.58] Level 25 done
[    2.79] Level 26 done
[    3.00] Level 27 done
[    3.21] Level 28 done
[    3.41] Level 29 done
[    3.60] Level 30 done
[    3.77] Level 31 done
[    3.94] Level 32 done
[    4.09] Level 33 done
[    4.24] Level 34 done
[    4.38] Level 35 done
[    4.52] Level 36 done
[    4.64] Level 37 done
[    4.76] Level 38 done
[    4.87] Level 39 done
[    4.97] Level 40 done
[    5.06] Level 41 done
[    5.15] Level 42 done
[    5.24] Level 43 done
[    5.33] Level 44 done
[    5.43] Level 45 done
[    5.52] Level 46 done
[    5.62] Level 47 done
[    5.73] Level 48 done
[    5.85] Level 49 done
[    5.97] Level 50 done
[    6.10] Level 51 done
[    6.24] Level 52 done
[    6.38] Level 53 done
[    6.52] Level 54 done
[    6.66] Level 55 done
[    6.80] Level 56 done
[    6.94] Level 57 done
[    7.07] Level 58 done
[    7.21] Level 59 done
[    7.35] Level 60 done
[    7.48] Level 61 done
[    7.62] Level 62 done
[    7.76] Level 63 done
[    7.91] Level 64 done
[    8.06] Level 65 done
[    8.22] Level 66 done
[    8.38] Level 67 done
[    8.55] Level 68 done
[    8.71] Level 69 done
[    8.89] Level 70 done
[    9.07] Level 71 done
[    9.25] Level 72 done
[    9.43] Level 73 done
[    9.60] Level 74 done
[    9.77] Level 75 done
[    9.95] Level 76 done
[   10.13] Level 77 done
[   10.31] Level 78 done
[   10.51] Level 79 done
[   10.70] Level 80 done
[   10.88] Level 81 done
[   11.06] Level 82 done
[   11.24] Level 83 done
[   11.41] Level 84 done
[   11.57] Level 85 done
[   11.73] Level 86 done
[   11.88] Level 87 done
[   12.03] Level 88 done
[   12.17] Level 89 done
[   12.32] Level 90 done
[   12.45] Level 91 done
[   12.58] Level 92 done
[   12.70] Level 93 done
[   12.82] Level 94 done
[   12.93] Level 95 done
[   13.03] Level 96 done
[   13.13] Level 97 done
[   13.23] Level 98 done
[   13.32] (GC) Starting garbage collection...
[   13.36] (GC) Garbage collection done.
[   13.42] Level 99 done
[   13.94] Level 100 done
[   14.03] Level 101 done
[   14.11] Level 102 done
[   14.20] Level 103 done
[   14.29] Level 104 done
[   14.37] Level 105 done
[   14.45] Level 106 done
[   14.54] Level 107 done
[   14.62] Level 108 done
[   14.70] Level 109 done
[   14.77] Level 110 done
[   14.83] Level 111 done
[   14.89] Level 112 done
[   14.94] Level 113 done
[   14.98] Level 114 done
[   15.02] Level 115 done
[   15.05] Level 116 done
[   15.08] Level 117 done
[   15.10] Level 118 done
[   15.12] Level 119 done
[   15.13] Level 120 done
[   15.15] Level 121 done
[   15.15] Level 122 done
[   15.16] Level 123 done
[   15.17] Level 124 done
[   15.17] Level 125 done
[   15.17] Level 126 done
[   15.18] Level 127 done
[   15.18] Level 128 done
[   15.18] Level 129 done
[   15.18] Level 130 done
[   15.18] PAR Time: 14.377233
[   15.19] Final states: 3,407,946 states
