[    0.83] Read file '/home/oortwijn/distdd/models/petrinets/Philosophers-200.bdd'
[    0.83] 1000 integers per state, 4 bits per integer, 1000 transition groups
[    0.90] Level 1 done
[    1.18] Level 2 done
[    1.92] Level 3 done
[    3.46] Level 4 done
[    5.05] (GC) Starting garbage collection...
[    5.16] (GC) Garbage collection done.
[   10.58] Level 5 done
[   12.45] (GC) Starting garbage collection...
[   12.55] (GC) Garbage collection done.
[   16.12] (GC) Starting garbage collection...
[   16.30] (GC) Garbage collection done.
[   23.00] Level 6 done
[   24.50] (GC) Starting garbage collection...
[   24.61] (GC) Garbage collection done.
[   28.04] (GC) Starting garbage collection...
[   28.20] (GC) Garbage collection done.
[   31.52] (GC) Starting garbage collection...
[   31.74] (GC) Garbage collection done.
[   40.41] Level 7 done
[   41.78] (GC) Starting garbage collection...
[   41.92] (GC) Garbage collection done.
[   45.25] (GC) Starting garbage collection...
[   45.44] (GC) Garbage collection done.
[   48.59] (GC) Starting garbage collection...
[   48.83] (GC) Garbage collection done.
[   51.85] (GC) Starting garbage collection...
[   52.13] (GC) Garbage collection done.
[   63.73] Level 8 done
[   64.18] (GC) Starting garbage collection...
[   64.27] (GC) Garbage collection done.
[   67.90] (GC) Starting garbage collection...
[   68.08] (GC) Garbage collection done.
[   71.19] (GC) Starting garbage collection...
[   71.47] (GC) Garbage collection done.
[   74.21] (GC) Starting garbage collection...
[   74.53] (GC) Garbage collection done.
[   77.38] (GC) Starting garbage collection...
[   77.79] (GC) Garbage collection done.
[   86.47] (GC) Starting garbage collection...
[   86.80] (GC) Garbage collection done.
[   98.67] Level 9 done
[   99.93] (GC) Starting garbage collection...
[  100.08] (GC) Garbage collection done.
[  103.26] (GC) Starting garbage collection...
[  103.45] (GC) Garbage collection done.
[  106.67] (GC) Starting garbage collection...
[  106.96] (GC) Garbage collection done.
[  109.79] (GC) Starting garbage collection...
[  110.08] (GC) Garbage collection done.
[  112.83] (GC) Starting garbage collection...
[  113.23] (GC) Garbage collection done.
[  115.53] (GC) Starting garbage collection...
[  115.98] (GC) Garbage collection done.
[  120.11] (GC) Starting garbage collection...
[  120.58] (GC) Garbage collection done.
[  137.73] (GC) Starting garbage collection...
[  137.80] (GC) Garbage collection done.
[  139.04] Level 10 done
[  142.59] (GC) Starting garbage collection...
[  142.86] (GC) Garbage collection done.
[  145.66] (GC) Starting garbage collection...
[  145.94] (GC) Garbage collection done.
[  148.55] (GC) Starting garbage collection...
[  148.85] (GC) Garbage collection done.
[  151.51] (GC) Starting garbage collection...
[  151.84] (GC) Garbage collection done.
[  154.36] (GC) Starting garbage collection...
[  154.76] (GC) Garbage collection done.
[  157.28] (GC) Starting garbage collection...
[  157.77] (GC) Garbage collection done.
[  159.89] (GC) Starting garbage collection...
[  160.43] (GC) Garbage collection done.
[  165.70] (GC) Starting garbage collection...
[  166.29] (GC) Garbage collection done.
[  175.52] (GC) Starting garbage collection...
[  175.73] (GC) Garbage collection done.
[  183.81] Level 11 done
[  186.37] (GC) Starting garbage collection...
[  186.59] (GC) Garbage collection done.
[  189.72] (GC) Starting garbage collection...
[  190.02] (GC) Garbage collection done.
[  192.75] (GC) Starting garbage collection...
[  193.09] (GC) Garbage collection done.
[  195.61] (GC) Starting garbage collection...
[  195.97] (GC) Garbage collection done.
[  198.53] (GC) Starting garbage collection...
[  198.92] (GC) Garbage collection done.
[  201.26] (GC) Starting garbage collection...
[  201.64] (GC) Garbage collection done.
[  203.97] (GC) Starting garbage collection...
[  204.42] (GC) Garbage collection done.
[  206.62] (GC) Starting garbage collection...
[  207.21] (GC) Garbage collection done.
[  209.14] (GC) Starting garbage collection...
[  209.93] (GC) Garbage collection done.
[  211.89] (GC) Starting garbage collection...
[  212.77] (GC) Garbage collection done.
[  219.67] (GC) Starting garbage collection...
[  220.33] (GC) Garbage collection done.
[  233.19] (GC) Starting garbage collection...
[  233.50] (GC) Garbage collection done.
[  244.71] Level 12 done
[  246.55] (GC) Starting garbage collection...
[  246.78] (GC) Garbage collection done.
[  249.97] (GC) Starting garbage collection...
[  250.30] (GC) Garbage collection done.
[  252.85] (GC) Starting garbage collection...
[  253.17] (GC) Garbage collection done.
[  255.81] (GC) Starting garbage collection...
[  256.21] (GC) Garbage collection done.
[  258.51] (GC) Starting garbage collection...
[  258.92] (GC) Garbage collection done.
[  261.14] (GC) Starting garbage collection...
[  261.53] (GC) Garbage collection done.
[  263.83] (GC) Starting garbage collection...
[  264.25] (GC) Garbage collection done.
[  266.50] (GC) Starting garbage collection...
[  266.94] (GC) Garbage collection done.
[  269.08] (GC) Starting garbage collection...
[  269.56] (GC) Garbage collection done.
[  271.68] (GC) Starting garbage collection...
[  272.23] (GC) Garbage collection done.
[  274.16] (GC) Starting garbage collection...
[  274.88] (GC) Garbage collection done.
[  276.44] (GC) Starting garbage collection...
[  277.12] (GC) Garbage collection done.
[  285.14] (GC) Starting garbage collection...
[  285.60] (GC) Garbage collection done.
[  303.07] Level 13 done
[  303.24] (GC) Starting garbage collection...
[  303.32] (GC) Garbage collection done.
[  307.12] (GC) Starting garbage collection...
[  307.42] (GC) Garbage collection done.
[  310.21] (GC) Starting garbage collection...
[  310.53] (GC) Garbage collection done.
[  313.00] (GC) Starting garbage collection...
[  313.36] (GC) Garbage collection done.
[  315.63] (GC) Starting garbage collection...
[  316.02] (GC) Garbage collection done.
[  318.17] (GC) Starting garbage collection...
[  318.56] (GC) Garbage collection done.
[  320.78] (GC) Starting garbage collection...
[  321.12] (GC) Garbage collection done.
[  323.67] (GC) Starting garbage collection...
[  324.07] (GC) Garbage collection done.
[  326.37] (GC) Starting garbage collection...
[  326.82] (GC) Garbage collection done.
[  328.97] (GC) Starting garbage collection...
[  329.43] (GC) Garbage collection done.
[  331.64] (GC) Starting garbage collection...
[  332.19] (GC) Garbage collection done.
[  334.22] (GC) Starting garbage collection...
[  334.86] (GC) Garbage collection done.
[  336.66] (GC) Starting garbage collection...
[  337.50] (GC) Garbage collection done.
[  338.76] (GC) Starting garbage collection...
[  339.70] (GC) Garbage collection done.
[  345.14] (GC) Starting garbage collection...
[  345.87] (GC) Garbage collection done.
[  356.42] (GC) Starting garbage collection...
[  356.78] (GC) Garbage collection done.
[  370.58] Level 14 done
[  371.82] (GC) Starting garbage collection...
[  371.96] (GC) Garbage collection done.
[  375.50] (GC) Starting garbage collection...
[  375.78] (GC) Garbage collection done.
[  378.47] (GC) Starting garbage collection...
[  378.83] (GC) Garbage collection done.
[  381.12] (GC) Starting garbage collection...
[  381.46] (GC) Garbage collection done.
[  384.12] (GC) Starting garbage collection...
[  384.55] (GC) Garbage collection done.
[  386.80] (GC) Starting garbage collection...
[  387.20] (GC) Garbage collection done.
[  389.56] (GC) Starting garbage collection...
[  390.03] (GC) Garbage collection done.
[  391.98] (GC) Starting garbage collection...
[  392.43] (GC) Garbage collection done.
[  394.61] (GC) Starting garbage collection...
[  395.11] (GC) Garbage collection done.
[  397.18] (GC) Starting garbage collection...
[  397.73] (GC) Garbage collection done.
[  399.53] (GC) Starting garbage collection...
[  400.17] (GC) Garbage collection done.
[  401.87] (GC) Starting garbage collection...
[  402.55] (GC) Garbage collection done.
[  404.17] (GC) Starting garbage collection...
[  405.06] (GC) Garbage collection done.
[  406.11] (GC) Starting garbage collection...
[  407.09] (GC) Garbage collection done.
[  407.97] (GC) Starting garbage collection...
[  408.96] (GC) Garbage collection done.
[  409.75] (GC) Starting garbage collection...
[  410.72] (GC) Garbage collection done.
[  411.72] (GC) Starting garbage collection...
[  412.76] (GC) Garbage collection done.
[  413.56] (GC) Starting garbage collection...
[  414.63] (GC) Garbage collection done.
[  415.35] (GC) Starting garbage collection...
[  416.57] (GC) Garbage collection done.
[  416.97] (GC) Starting garbage collection...
[  418.29] (GC) Garbage collection done.
[  418.39] (GC) Starting garbage collection...
[  419.72] (GC) Garbage collection done.
[  419.82] (GC) Starting garbage collection...
[  421.14] (GC) Garbage collection done.
[  421.21] (GC) Starting garbage collection...
[  422.55] (GC) Garbage collection done.
[  422.81] (GC) Starting garbage collection...
[  424.15] (GC) Garbage collection done.
[  424.42] (GC) Starting garbage collection...
[  425.78] (GC) Garbage collection done.
[  425.94] (GC) Starting garbage collection...
[  427.29] (GC) Garbage collection done.
[  427.39] (GC) Starting garbage collection...
[  428.75] (GC) Garbage collection done.
[  428.99] (GC) Starting garbage collection...
[  430.36] (GC) Garbage collection done.
[  430.57] (GC) Starting garbage collection...
[  431.93] (GC) Garbage collection done.
[  432.22] (GC) Starting garbage collection...
[  433.54] (GC) Garbage collection done.
[  433.66] (GC) Starting garbage collection...
[  434.99] (GC) Garbage collection done.
[  435.20] (GC) Starting garbage collection...
[  436.54] (GC) Garbage collection done.
[  436.73] (GC) Starting garbage collection...
[  438.07] (GC) Garbage collection done.
[  438.32] (GC) Starting garbage collection...
[  439.68] (GC) Garbage collection done.
[  439.93] (GC) Starting garbage collection...
[  441.29] (GC) Garbage collection done.
[  441.47] (GC) Starting garbage collection...
[  442.84] (GC) Garbage collection done.
