[    0.80] Read file '/home/oortwijn/distdd/models/petrinets/raft_07.bdd'
[    0.80] 253 integers per state, 4 bits per integer, 442 transition groups
[    0.81] Level 1 done
[    0.81] Level 2 done
[    0.84] Level 3 done
[    0.89] Level 4 done
[    0.98] Level 5 done
[    1.15] Level 6 done
[    1.45] Level 7 done
[    1.88] Level 8 done
[    2.45] Level 9 done
[    3.21] Level 10 done
[    4.20] Level 11 done
[    5.50] Level 12 done
[    6.15] (GC) Starting garbage collection...
[    6.29] (GC) Garbage collection done.
[   12.75] Level 13 done
[   14.40] (GC) Starting garbage collection...
[   14.57] (GC) Garbage collection done.
[   22.46] Level 14 done
[   22.67] (GC) Starting garbage collection...
[   22.73] (GC) Garbage collection done.
[   27.27] (GC) Starting garbage collection...
[   27.59] (GC) Garbage collection done.
[   36.31] Level 15 done
[   37.40] (GC) Starting garbage collection...
[   37.52] (GC) Garbage collection done.
[   42.04] (GC) Starting garbage collection...
[   42.45] (GC) Garbage collection done.
[   54.29] (GC) Starting garbage collection...
[   54.48] (GC) Garbage collection done.
[   59.20] Level 16 done
[   62.60] (GC) Starting garbage collection...
[   62.84] (GC) Garbage collection done.
[   66.80] (GC) Starting garbage collection...
[   67.19] (GC) Garbage collection done.
[   83.36] Level 17 done
[   83.44] (GC) Starting garbage collection...
[   83.50] (GC) Garbage collection done.
[   88.20] (GC) Starting garbage collection...
[   88.53] (GC) Garbage collection done.
[   93.45] (GC) Starting garbage collection...
[   93.89] (GC) Garbage collection done.
[  109.60] (GC) Starting garbage collection...
[  109.79] (GC) Garbage collection done.
[  115.36] Level 18 done
[  118.70] (GC) Starting garbage collection...
[  118.91] (GC) Garbage collection done.
[  122.74] (GC) Starting garbage collection...
[  123.15] (GC) Garbage collection done.
[  127.54] (GC) Starting garbage collection...
[  127.88] (GC) Garbage collection done.
[  142.80] Level 19 done
[  143.80] (GC) Starting garbage collection...
[  143.94] (GC) Garbage collection done.
[  147.97] (GC) Starting garbage collection...
[  148.34] (GC) Garbage collection done.
[  151.15] (GC) Starting garbage collection...
[  151.60] (GC) Garbage collection done.
[  155.17] (GC) Starting garbage collection...
[  155.69] (GC) Garbage collection done.
[  167.01] (GC) Starting garbage collection...
[  167.32] (GC) Garbage collection done.
[  188.15] Level 20 done
[  190.76] (GC) Starting garbage collection...
[  191.00] (GC) Garbage collection done.
[  194.36] (GC) Starting garbage collection...
[  194.72] (GC) Garbage collection done.
[  197.71] (GC) Starting garbage collection...
[  198.15] (GC) Garbage collection done.
[  200.98] (GC) Starting garbage collection...
[  201.49] (GC) Garbage collection done.
[  208.51] (GC) Starting garbage collection...
[  208.89] (GC) Garbage collection done.
[  226.35] Level 21 done
[  228.33] (GC) Starting garbage collection...
[  228.55] (GC) Garbage collection done.
[  232.05] (GC) Starting garbage collection...
[  232.40] (GC) Garbage collection done.
[  235.30] (GC) Starting garbage collection...
[  235.79] (GC) Garbage collection done.
[  238.28] (GC) Starting garbage collection...
[  238.82] (GC) Garbage collection done.
[  244.80] (GC) Starting garbage collection...
[  245.30] (GC) Garbage collection done.
[  257.56] (GC) Starting garbage collection...
[  258.09] (GC) Garbage collection done.
[  279.94] Level 22 done
[  281.03] (GC) Starting garbage collection...
[  281.20] (GC) Garbage collection done.
[  285.19] (GC) Starting garbage collection...
[  285.53] (GC) Garbage collection done.
[  288.38] (GC) Starting garbage collection...
[  288.86] (GC) Garbage collection done.
[  291.39] (GC) Starting garbage collection...
[  291.88] (GC) Garbage collection done.
[  295.63] (GC) Starting garbage collection...
[  296.35] (GC) Garbage collection done.
[  306.99] (GC) Starting garbage collection...
[  307.65] (GC) Garbage collection done.
[  316.52] (GC) Starting garbage collection...
[  317.10] (GC) Garbage collection done.
[  339.02] Level 23 done
[  340.10] (GC) Starting garbage collection...
[  340.24] (GC) Garbage collection done.
[  344.45] (GC) Starting garbage collection...
[  344.83] (GC) Garbage collection done.
[  347.69] (GC) Starting garbage collection...
[  348.19] (GC) Garbage collection done.
[  350.49] (GC) Starting garbage collection...
[  351.03] (GC) Garbage collection done.
[  353.51] (GC) Starting garbage collection...
[  354.17] (GC) Garbage collection done.
[  356.80] (GC) Starting garbage collection...
[  357.41] (GC) Garbage collection done.
[  362.37] (GC) Starting garbage collection...
[  362.93] (GC) Garbage collection done.
[  381.83] (GC) Starting garbage collection...
[  382.43] (GC) Garbage collection done.
[  405.73] Level 24 done
[  407.35] (GC) Starting garbage collection...
[  407.55] (GC) Garbage collection done.
[  411.25] (GC) Starting garbage collection...
[  411.59] (GC) Garbage collection done.
[  414.80] (GC) Starting garbage collection...
[  415.40] (GC) Garbage collection done.
[  417.60] (GC) Starting garbage collection...
[  418.37] (GC) Garbage collection done.
[  420.06] (GC) Starting garbage collection...
[  421.00] (GC) Garbage collection done.
[  422.38] (GC) Starting garbage collection...
[  423.52] (GC) Garbage collection done.
[  424.64] (GC) Starting garbage collection...
[  425.81] (GC) Garbage collection done.
[  427.25] (GC) Starting garbage collection...
[  428.26] (GC) Garbage collection done.
[  430.18] (GC) Starting garbage collection...
[  431.09] (GC) Garbage collection done.
[  436.09] (GC) Starting garbage collection...
[  436.84] (GC) Garbage collection done.
[  448.37] (GC) Starting garbage collection...
[  449.05] (GC) Garbage collection done.
[  461.81] (GC) Starting garbage collection...
[  462.40] (GC) Garbage collection done.
[  503.05] Level 25 done
[  503.17] (GC) Starting garbage collection...
[  503.23] (GC) Garbage collection done.
[  507.85] (GC) Starting garbage collection...
[  508.20] (GC) Garbage collection done.
[  511.22] (GC) Starting garbage collection...
[  511.77] (GC) Garbage collection done.
[  514.21] (GC) Starting garbage collection...
[  514.86] (GC) Garbage collection done.
[  517.05] (GC) Starting garbage collection...
[  517.87] (GC) Garbage collection done.
[  519.54] (GC) Starting garbage collection...
[  520.56] (GC) Garbage collection done.
[  521.73] (GC) Starting garbage collection...
[  522.85] (GC) Garbage collection done.
[  524.19] (GC) Starting garbage collection...
[  525.30] (GC) Garbage collection done.
[  526.46] (GC) Starting garbage collection...
[  527.54] (GC) Garbage collection done.
[  529.35] (GC) Starting garbage collection...
[  530.36] (GC) Garbage collection done.
[  532.46] (GC) Starting garbage collection...
[  533.42] (GC) Garbage collection done.
[  539.04] (GC) Starting garbage collection...
[  539.93] (GC) Garbage collection done.
[  542.95] (GC) Starting garbage collection...
[  543.69] (GC) Garbage collection done.
[  556.89] (GC) Starting garbage collection...
[  557.69] (GC) Garbage collection done.
[  582.41] (GC) Starting garbage collection...
[  583.07] (GC) Garbage collection done.
[  607.16] Level 26 done
[  608.57] (GC) Starting garbage collection...
[  608.79] (GC) Garbage collection done.
[  612.60] (GC) Starting garbage collection...
[  613.03] (GC) Garbage collection done.
[  615.67] (GC) Starting garbage collection...
[  616.13] (GC) Garbage collection done.
[  618.75] (GC) Starting garbage collection...
[  619.29] (GC) Garbage collection done.
[  621.46] (GC) Starting garbage collection...
[  622.13] (GC) Garbage collection done.
[  624.39] (GC) Starting garbage collection...
[  625.17] (GC) Garbage collection done.
[  628.57] (GC) Starting garbage collection...
[  629.39] (GC) Garbage collection done.
[  633.28] (GC) Starting garbage collection...
[  634.28] (GC) Garbage collection done.
[  639.20] (GC) Starting garbage collection...
[  640.14] (GC) Garbage collection done.
[  655.26] (GC) Starting garbage collection...
[  656.35] (GC) Garbage collection done.
[  668.82] (GC) Starting garbage collection...
[  669.64] (GC) Garbage collection done.
[  679.62] (GC) Starting garbage collection...
[  680.28] (GC) Garbage collection done.
[  717.08] (GC) Starting garbage collection...
[  717.47] (GC) Garbage collection done.
[  727.73] Level 27 done
[  730.56] (GC) Starting garbage collection...
[  730.82] (GC) Garbage collection done.
[  734.30] (GC) Starting garbage collection...
[  734.68] (GC) Garbage collection done.
[  737.48] (GC) Starting garbage collection...
[  738.06] (GC) Garbage collection done.
[  740.16] (GC) Starting garbage collection...
[  740.86] (GC) Garbage collection done.
[  742.67] (GC) Starting garbage collection...
[  743.34] (GC) Garbage collection done.
[  745.30] (GC) Starting garbage collection...
[  745.93] (GC) Garbage collection done.
[  748.29] (GC) Starting garbage collection...
[  749.14] (GC) Garbage collection done.
[  751.71] (GC) Starting garbage collection...
[  752.50] (GC) Garbage collection done.
[  758.88] (GC) Starting garbage collection...
[  759.51] (GC) Garbage collection done.
[  764.76] (GC) Starting garbage collection...
[  765.50] (GC) Garbage collection done.
[  807.22] (GC) Starting garbage collection...
[  807.83] (GC) Garbage collection done.
[  837.93] Level 28 done
[  839.11] (GC) Starting garbage collection...
[  839.28] (GC) Garbage collection done.
[  843.50] (GC) Starting garbage collection...
[  843.93] (GC) Garbage collection done.
[  846.49] (GC) Starting garbage collection...
[  847.02] (GC) Garbage collection done.
[  849.23] (GC) Starting garbage collection...
[  849.84] (GC) Garbage collection done.
[  852.24] (GC) Starting garbage collection...
[  852.92] (GC) Garbage collection done.
[  854.76] (GC) Starting garbage collection...
[  855.44] (GC) Garbage collection done.
[  857.45] (GC) Starting garbage collection...
[  858.48] (GC) Garbage collection done.
[  859.38] (GC) Starting garbage collection...
[  860.47] (GC) Garbage collection done.
[  861.00] (GC) Starting garbage collection...
[  861.95] (GC) Garbage collection done.
[  863.11] (GC) Starting garbage collection...
[  864.01] (GC) Garbage collection done.
[  867.91] (GC) Starting garbage collection...
[  868.89] (GC) Garbage collection done.
[  871.71] (GC) Starting garbage collection...
[  872.61] (GC) Garbage collection done.
[  876.16] (GC) Starting garbage collection...
[  876.94] (GC) Garbage collection done.
[  885.17] (GC) Starting garbage collection...
[  885.84] (GC) Garbage collection done.
[  912.02] (GC) Starting garbage collection...
[  912.73] (GC) Garbage collection done.
[  953.67] Level 29 done
[  954.62] (GC) Starting garbage collection...
[  954.75] (GC) Garbage collection done.
[  958.92] (GC) Starting garbage collection...
[  959.32] (GC) Garbage collection done.
[  962.24] (GC) Starting garbage collection...
[  962.84] (GC) Garbage collection done.
[  964.89] (GC) Starting garbage collection...
[  965.71] (GC) Garbage collection done.
[  967.13] (GC) Starting garbage collection...
[  967.89] (GC) Garbage collection done.
[  969.77] (GC) Starting garbage collection...
[  970.79] (GC) Garbage collection done.
[  971.79] (GC) Starting garbage collection...
[  972.82] (GC) Garbage collection done.
[  973.70] (GC) Starting garbage collection...
[  974.76] (GC) Garbage collection done.
[  975.62] (GC) Starting garbage collection...
[  976.66] (GC) Garbage collection done.
[  977.61] (GC) Starting garbage collection...
[  978.83] (GC) Garbage collection done.
[  979.29] (GC) Starting garbage collection...
[  980.61] (GC) Garbage collection done.
[  980.83] (GC) Starting garbage collection...
[  982.16] (GC) Garbage collection done.
[  982.39] (GC) Starting garbage collection...
[  983.74] (GC) Garbage collection done.
[  983.84] (GC) Starting garbage collection...
[  985.19] (GC) Garbage collection done.
[  985.29] (GC) Starting garbage collection...
[  986.64] (GC) Garbage collection done.
