[    0.79] Read file '/home/oortwijn/distdd/models/petrinets/raft_06.bdd'
[    0.79] 188 integers per state, 4 bits per integer, 332 transition groups
[    0.79] Level 1 done
[    0.80] Level 2 done
[    0.82] Level 3 done
[    0.85] Level 4 done
[    0.92] Level 5 done
[    1.03] Level 6 done
[    1.21] Level 7 done
[    1.44] Level 8 done
[    1.73] Level 9 done
[    2.07] Level 10 done
[    2.45] Level 11 done
[    2.88] Level 12 done
[    3.36] Level 13 done
[    3.87] Level 14 done
[    4.44] Level 15 done
[    5.04] Level 16 done
[    5.67] Level 17 done
[    6.34] Level 18 done
[    7.05] Level 19 done
[    7.81] Level 20 done
[    8.63] Level 21 done
[    9.46] Level 22 done
[   10.04] (GC) Starting garbage collection...
[   10.25] (GC) Garbage collection done.
[   16.03] Level 23 done
[   23.36] Level 24 done
[   24.19] Level 25 done
[   25.10] Level 26 done
[   25.21] (GC) Starting garbage collection...
[   25.32] (GC) Garbage collection done.
[   38.94] Level 27 done
[   40.90] Level 28 done
[   40.94] (GC) Starting garbage collection...
[   41.03] (GC) Garbage collection done.
[   55.83] Level 29 done
[   56.37] (GC) Starting garbage collection...
[   56.57] (GC) Garbage collection done.
[   66.58] Level 30 done
[   68.90] (GC) Starting garbage collection...
[   69.11] (GC) Garbage collection done.
[   81.66] Level 31 done
[   86.80] (GC) Starting garbage collection...
[   87.02] (GC) Garbage collection done.
[   93.07] Level 32 done
[   99.29] (GC) Starting garbage collection...
[   99.60] (GC) Garbage collection done.
[  105.85] Level 33 done
[  112.68] (GC) Starting garbage collection...
[  113.01] (GC) Garbage collection done.
[  119.28] Level 34 done
[  128.65] Level 35 done
[  128.80] (GC) Starting garbage collection...
[  128.94] (GC) Garbage collection done.
[  142.02] Level 36 done
[  144.90] Level 37 done
[  145.08] (GC) Starting garbage collection...
[  145.23] (GC) Garbage collection done.
[  159.20] Level 38 done
[  162.24] Level 39 done
[  162.77] Level 40 done
[  163.02] (GC) Starting garbage collection...
[  163.23] (GC) Garbage collection done.
[  168.97] Level 41 done
[  174.08] Level 42 done
[  174.48] Level 43 done
[  175.18] Level 44 done
[  176.19] Level 45 done
[  177.33] Level 46 done
[  178.53] Level 47 done
[  179.96] Level 48 done
[  180.19] (GC) Starting garbage collection...
[  180.30] (GC) Garbage collection done.
[  186.50] Level 49 done
[  188.03] Level 50 done
[  188.94] Level 51 done
[  189.78] Level 52 done
[  190.41] Level 53 done
[  191.00] Level 54 done
[  191.39] Level 55 done
[  191.66] Level 56 done
[  191.78] Level 57 done
[  191.82] Level 58 done
[  191.83] Level 59 done
[  191.83] PAR Time: 191.041129
[  191.84] Final states: 290,943,857,237,679,595,445,026,816 states
