[    0.86] Read file '/home/oortwijn/distdd/models/petrinets/raft_07.bdd'
[    0.86] 253 integers per state, 4 bits per integer, 442 transition groups
[    0.87] Level 1 done
[    0.88] Level 2 done
[    0.90] Level 3 done
[    0.95] Level 4 done
[    1.04] Level 5 done
[    1.22] Level 6 done
[    1.53] Level 7 done
[    1.97] Level 8 done
[    2.55] Level 9 done
[    3.30] Level 10 done
[    4.29] Level 11 done
[    5.61] Level 12 done
[    6.15] (GC) Starting garbage collection...
[    6.29] (GC) Garbage collection done.
[   12.97] Level 13 done
[   14.33] (GC) Starting garbage collection...
[   14.50] (GC) Garbage collection done.
[   25.86] Level 14 done
[   25.87] (GC) Starting garbage collection...
[   25.91] (GC) Garbage collection done.
[   30.56] (GC) Starting garbage collection...
[   30.85] (GC) Garbage collection done.
[   40.59] Level 15 done
[   41.74] (GC) Starting garbage collection...
[   41.88] (GC) Garbage collection done.
[   45.91] (GC) Starting garbage collection...
[   46.17] (GC) Garbage collection done.
[   58.35] Level 16 done
[   58.51] (GC) Starting garbage collection...
[   58.57] (GC) Garbage collection done.
[   63.19] (GC) Starting garbage collection...
[   63.53] (GC) Garbage collection done.
[   68.52] (GC) Starting garbage collection...
[   68.84] (GC) Garbage collection done.
[   81.36] Level 17 done
[   83.05] (GC) Starting garbage collection...
[   83.24] (GC) Garbage collection done.
[   87.05] (GC) Starting garbage collection...
[   87.39] (GC) Garbage collection done.
[   91.21] (GC) Starting garbage collection...
[   91.62] (GC) Garbage collection done.
[  109.47] (GC) Starting garbage collection...
[  109.68] (GC) Garbage collection done.
[  111.45] Level 18 done
[  115.12] (GC) Starting garbage collection...
[  115.40] (GC) Garbage collection done.
[  118.88] (GC) Starting garbage collection...
[  119.26] (GC) Garbage collection done.
[  124.02] (GC) Starting garbage collection...
[  124.41] (GC) Garbage collection done.
[  140.84] (GC) Starting garbage collection...
[  141.01] (GC) Garbage collection done.
[  142.91] Level 19 done
[  147.06] (GC) Starting garbage collection...
[  147.37] (GC) Garbage collection done.
[  150.49] (GC) Starting garbage collection...
[  150.92] (GC) Garbage collection done.
[  154.43] (GC) Starting garbage collection...
[  154.94] (GC) Garbage collection done.
[  164.31] (GC) Starting garbage collection...
[  164.75] (GC) Garbage collection done.
[  182.50] Level 20 done
[  183.85] (GC) Starting garbage collection...
[  184.03] (GC) Garbage collection done.
[  188.00] (GC) Starting garbage collection...
[  188.29] (GC) Garbage collection done.
[  191.53] (GC) Starting garbage collection...
[  191.96] (GC) Garbage collection done.
[  195.75] (GC) Starting garbage collection...
[  196.26] (GC) Garbage collection done.
[  200.83] (GC) Starting garbage collection...
[  201.25] (GC) Garbage collection done.
[  221.71] Level 21 done
[  222.87] (GC) Starting garbage collection...
[  223.02] (GC) Garbage collection done.
[  227.20] (GC) Starting garbage collection...
[  227.54] (GC) Garbage collection done.
[  230.72] (GC) Starting garbage collection...
[  231.26] (GC) Garbage collection done.
[  233.58] (GC) Starting garbage collection...
[  234.28] (GC) Garbage collection done.
[  237.80] (GC) Starting garbage collection...
[  238.31] (GC) Garbage collection done.
[  256.76] (GC) Starting garbage collection...
[  257.19] (GC) Garbage collection done.
[  279.45] Level 22 done
[  280.27] (GC) Starting garbage collection...
[  280.38] (GC) Garbage collection done.
[  285.01] (GC) Starting garbage collection...
[  285.39] (GC) Garbage collection done.
[  288.18] (GC) Starting garbage collection...
[  288.65] (GC) Garbage collection done.
[  290.97] (GC) Starting garbage collection...
[  291.57] (GC) Garbage collection done.
[  293.93] (GC) Starting garbage collection...
[  294.70] (GC) Garbage collection done.
[  298.35] (GC) Starting garbage collection...
[  298.89] (GC) Garbage collection done.
[  313.26] (GC) Starting garbage collection...
[  313.70] (GC) Garbage collection done.
[  342.11] Level 23 done
[  342.79] (GC) Starting garbage collection...
[  342.90] (GC) Garbage collection done.
[  347.46] (GC) Starting garbage collection...
[  347.85] (GC) Garbage collection done.
[  350.83] (GC) Starting garbage collection...
[  351.45] (GC) Garbage collection done.
[  353.33] (GC) Starting garbage collection...
[  354.12] (GC) Garbage collection done.
[  355.64] (GC) Starting garbage collection...
[  356.57] (GC) Garbage collection done.
[  357.55] (GC) Starting garbage collection...
[  358.45] (GC) Garbage collection done.
[  360.21] (GC) Starting garbage collection...
[  361.18] (GC) Garbage collection done.
[  363.60] (GC) Starting garbage collection...
[  364.41] (GC) Garbage collection done.
[  373.69] (GC) Starting garbage collection...
[  374.53] (GC) Garbage collection done.
[  380.10] (GC) Starting garbage collection...
[  380.82] (GC) Garbage collection done.
[  397.16] (GC) Starting garbage collection...
[  397.80] (GC) Garbage collection done.
[  414.14] (GC) Starting garbage collection...
[  414.41] (GC) Garbage collection done.
[  423.46] Level 24 done
[  426.76] (GC) Starting garbage collection...
[  427.13] (GC) Garbage collection done.
[  430.25] (GC) Starting garbage collection...
[  430.77] (GC) Garbage collection done.
[  433.01] (GC) Starting garbage collection...
[  433.59] (GC) Garbage collection done.
[  435.76] (GC) Starting garbage collection...
[  436.42] (GC) Garbage collection done.
[  438.45] (GC) Starting garbage collection...
[  439.31] (GC) Garbage collection done.
[  440.59] (GC) Starting garbage collection...
[  441.54] (GC) Garbage collection done.
[  443.01] (GC) Starting garbage collection...
[  444.00] (GC) Garbage collection done.
[  445.60] (GC) Starting garbage collection...
[  446.67] (GC) Garbage collection done.
[  448.85] (GC) Starting garbage collection...
[  449.74] (GC) Garbage collection done.
[  454.66] (GC) Starting garbage collection...
[  455.51] (GC) Garbage collection done.
[  459.30] (GC) Starting garbage collection...
[  460.12] (GC) Garbage collection done.
[  479.00] (GC) Starting garbage collection...
[  479.75] (GC) Garbage collection done.
[  501.55] (GC) Starting garbage collection...
[  502.10] (GC) Garbage collection done.
[  513.44] Level 25 done
[  514.87] (GC) Starting garbage collection...
[  515.04] (GC) Garbage collection done.
[  519.47] (GC) Starting garbage collection...
[  519.92] (GC) Garbage collection done.
[  522.15] (GC) Starting garbage collection...
[  522.69] (GC) Garbage collection done.
[  524.83] (GC) Starting garbage collection...
[  525.48] (GC) Garbage collection done.
[  527.45] (GC) Starting garbage collection...
[  528.22] (GC) Garbage collection done.
[  529.79] (GC) Starting garbage collection...
[  530.65] (GC) Garbage collection done.
[  531.97] (GC) Starting garbage collection...
[  533.00] (GC) Garbage collection done.
[  533.60] (GC) Starting garbage collection...
[  534.68] (GC) Garbage collection done.
[  535.26] (GC) Starting garbage collection...
[  536.38] (GC) Garbage collection done.
[  537.47] (GC) Starting garbage collection...
[  538.52] (GC) Garbage collection done.
[  539.67] (GC) Starting garbage collection...
[  540.70] (GC) Garbage collection done.
[  543.40] (GC) Starting garbage collection...
[  544.27] (GC) Garbage collection done.
[  547.91] (GC) Starting garbage collection...
[  548.71] (GC) Garbage collection done.
[  555.96] (GC) Starting garbage collection...
[  556.58] (GC) Garbage collection done.
[  570.49] (GC) Starting garbage collection...
[  571.11] (GC) Garbage collection done.
[  594.49] (GC) Starting garbage collection...
[  595.14] (GC) Garbage collection done.
[  611.04] Level 26 done
[  612.90] (GC) Starting garbage collection...
[  613.12] (GC) Garbage collection done.
[  616.95] (GC) Starting garbage collection...
[  617.31] (GC) Garbage collection done.
[  620.24] (GC) Starting garbage collection...
[  620.67] (GC) Garbage collection done.
[  623.36] (GC) Starting garbage collection...
[  623.99] (GC) Garbage collection done.
[  625.99] (GC) Starting garbage collection...
[  626.83] (GC) Garbage collection done.
[  628.40] (GC) Starting garbage collection...
[  629.44] (GC) Garbage collection done.
[  630.06] (GC) Starting garbage collection...
[  631.18] (GC) Garbage collection done.
[  631.68] (GC) Starting garbage collection...
[  632.92] (GC) Garbage collection done.
[  633.11] (GC) Starting garbage collection...
[  634.37] (GC) Garbage collection done.
[  634.57] (GC) Starting garbage collection...
[  635.80] (GC) Garbage collection done.
[  636.10] (GC) Starting garbage collection...
[  637.37] (GC) Garbage collection done.
[  637.58] (GC) Starting garbage collection...
[  638.85] (GC) Garbage collection done.
[    0.86] Read file '/home/oortwijn/distdd/models/petrinets/raft_07.bdd'
[    0.86] 253 integers per state, 4 bits per integer, 442 transition groups
[    0.87] Level 1 done
[    0.88] Level 2 done
[    0.90] Level 3 done
[    0.95] Level 4 done
[    1.04] Level 5 done
[    1.22] Level 6 done
[    1.53] Level 7 done
[    1.97] Level 8 done
[    2.55] Level 9 done
[    3.30] Level 10 done
[    4.29] Level 11 done
[    5.61] Level 12 done
[    6.15] (GC) Starting garbage collection...
[    6.29] (GC) Garbage collection done.
[   12.97] Level 13 done
[   14.33] (GC) Starting garbage collection...
[   14.50] (GC) Garbage collection done.
[   25.86] Level 14 done
[   25.87] (GC) Starting garbage collection...
[   25.91] (GC) Garbage collection done.
[   30.56] (GC) Starting garbage collection...
[   30.85] (GC) Garbage collection done.
[   40.59] Level 15 done
[   41.74] (GC) Starting garbage collection...
[   41.88] (GC) Garbage collection done.
[   45.91] (GC) Starting garbage collection...
[   46.17] (GC) Garbage collection done.
[   58.35] Level 16 done
[   58.51] (GC) Starting garbage collection...
[   58.57] (GC) Garbage collection done.
[   63.19] (GC) Starting garbage collection...
[   63.53] (GC) Garbage collection done.
[   68.52] (GC) Starting garbage collection...
[   68.84] (GC) Garbage collection done.
[   81.36] Level 17 done
[   83.05] (GC) Starting garbage collection...
[   83.24] (GC) Garbage collection done.
[   87.05] (GC) Starting garbage collection...
[   87.39] (GC) Garbage collection done.
[   91.21] (GC) Starting garbage collection...
[   91.62] (GC) Garbage collection done.
[  109.47] (GC) Starting garbage collection...
[  109.68] (GC) Garbage collection done.
[  111.45] Level 18 done
[  115.12] (GC) Starting garbage collection...
[  115.40] (GC) Garbage collection done.
[  118.88] (GC) Starting garbage collection...
[  119.26] (GC) Garbage collection done.
[  124.02] (GC) Starting garbage collection...
[  124.41] (GC) Garbage collection done.
[  140.84] (GC) Starting garbage collection...
[  141.01] (GC) Garbage collection done.
[  142.91] Level 19 done
[  147.06] (GC) Starting garbage collection...
[  147.37] (GC) Garbage collection done.
[  150.49] (GC) Starting garbage collection...
[  150.92] (GC) Garbage collection done.
[  154.43] (GC) Starting garbage collection...
[  154.94] (GC) Garbage collection done.
[  164.31] (GC) Starting garbage collection...
[  164.75] (GC) Garbage collection done.
[  182.50] Level 20 done
[  183.85] (GC) Starting garbage collection...
[  184.03] (GC) Garbage collection done.
[  188.00] (GC) Starting garbage collection...
[  188.29] (GC) Garbage collection done.
[  191.53] (GC) Starting garbage collection...
[  191.96] (GC) Garbage collection done.
[  195.75] (GC) Starting garbage collection...
[  196.26] (GC) Garbage collection done.
[  200.83] (GC) Starting garbage collection...
[  201.25] (GC) Garbage collection done.
[  221.71] Level 21 done
[  222.87] (GC) Starting garbage collection...
[  223.02] (GC) Garbage collection done.
[  227.20] (GC) Starting garbage collection...
[  227.54] (GC) Garbage collection done.
[  230.72] (GC) Starting garbage collection...
[  231.26] (GC) Garbage collection done.
[  233.58] (GC) Starting garbage collection...
[  234.28] (GC) Garbage collection done.
[  237.80] (GC) Starting garbage collection...
[  238.31] (GC) Garbage collection done.
[  256.76] (GC) Starting garbage collection...
[  257.19] (GC) Garbage collection done.
[  279.45] Level 22 done
[  280.27] (GC) Starting garbage collection...
[  280.38] (GC) Garbage collection done.
[  285.01] (GC) Starting garbage collection...
[  285.39] (GC) Garbage collection done.
[  288.18] (GC) Starting garbage collection...
[  288.65] (GC) Garbage collection done.
[  290.97] (GC) Starting garbage collection...
[  291.57] (GC) Garbage collection done.
[  293.93] (GC) Starting garbage collection...
[  294.70] (GC) Garbage collection done.
[  298.35] (GC) Starting garbage collection...
[  298.89] (GC) Garbage collection done.
[  313.26] (GC) Starting garbage collection...
[  313.70] (GC) Garbage collection done.
[  342.11] Level 23 done
[  342.79] (GC) Starting garbage collection...
[  342.90] (GC) Garbage collection done.
[  347.46] (GC) Starting garbage collection...
[  347.85] (GC) Garbage collection done.
[  350.83] (GC) Starting garbage collection...
[  351.45] (GC) Garbage collection done.
[  353.33] (GC) Starting garbage collection...
[  354.12] (GC) Garbage collection done.
[  355.64] (GC) Starting garbage collection...
[  356.57] (GC) Garbage collection done.
[  357.55] (GC) Starting garbage collection...
[  358.45] (GC) Garbage collection done.
[  360.21] (GC) Starting garbage collection...
[  361.18] (GC) Garbage collection done.
[  363.60] (GC) Starting garbage collection...
[  364.41] (GC) Garbage collection done.
[  373.69] (GC) Starting garbage collection...
[  374.53] (GC) Garbage collection done.
[  380.10] (GC) Starting garbage collection...
[  380.82] (GC) Garbage collection done.
[  397.16] (GC) Starting garbage collection...
[  397.80] (GC) Garbage collection done.
[  414.14] (GC) Starting garbage collection...
[  414.41] (GC) Garbage collection done.
[  423.46] Level 24 done
[  426.76] (GC) Starting garbage collection...
[  427.13] (GC) Garbage collection done.
[  430.25] (GC) Starting garbage collection...
[  430.77] (GC) Garbage collection done.
[  433.01] (GC) Starting garbage collection...
[  433.59] (GC) Garbage collection done.
[  435.76] (GC) Starting garbage collection...
[  436.42] (GC) Garbage collection done.
[  438.45] (GC) Starting garbage collection...
[  439.31] (GC) Garbage collection done.
[  440.59] (GC) Starting garbage collection...
[  441.54] (GC) Garbage collection done.
[  443.01] (GC) Starting garbage collection...
[  444.00] (GC) Garbage collection done.
[  445.60] (GC) Starting garbage collection...
[  446.67] (GC) Garbage collection done.
[  448.85] (GC) Starting garbage collection...
[  449.74] (GC) Garbage collection done.
[  454.66] (GC) Starting garbage collection...
[  455.51] (GC) Garbage collection done.
[  459.30] (GC) Starting garbage collection...
[  460.12] (GC) Garbage collection done.
[  479.00] (GC) Starting garbage collection...
[  479.75] (GC) Garbage collection done.
[  501.55] (GC) Starting garbage collection...
[  502.10] (GC) Garbage collection done.
[  513.44] Level 25 done
[  514.87] (GC) Starting garbage collection...
[  515.04] (GC) Garbage collection done.
[  519.47] (GC) Starting garbage collection...
[  519.92] (GC) Garbage collection done.
[  522.15] (GC) Starting garbage collection...
[  522.69] (GC) Garbage collection done.
[  524.83] (GC) Starting garbage collection...
[  525.48] (GC) Garbage collection done.
[  527.45] (GC) Starting garbage collection...
[  528.22] (GC) Garbage collection done.
[  529.79] (GC) Starting garbage collection...
[  530.65] (GC) Garbage collection done.
[  531.97] (GC) Starting garbage collection...
[  533.00] (GC) Garbage collection done.
[  533.60] (GC) Starting garbage collection...
[  534.68] (GC) Garbage collection done.
[  535.26] (GC) Starting garbage collection...
[  536.38] (GC) Garbage collection done.
[  537.47] (GC) Starting garbage collection...
[  538.52] (GC) Garbage collection done.
[  539.67] (GC) Starting garbage collection...
[  540.70] (GC) Garbage collection done.
[  543.40] (GC) Starting garbage collection...
[  544.27] (GC) Garbage collection done.
[  547.91] (GC) Starting garbage collecti