[    0.78] Read file '/home/oortwijn/distdd/models/petrinets/railroad-005-pt.bdd'
[    0.78] 68 integers per state, 4 bits per integer, 56 transition groups
[    0.83] Level 1 done
[    0.84] Level 2 done
[    0.84] Level 3 done
[    0.85] Level 4 done
[    0.85] Level 5 done
[    0.85] Level 6 done
[    0.86] Level 7 done
[    0.87] Level 8 done
[    0.89] Level 9 done
[    0.93] Level 10 done
[    0.97] Level 11 done
[    1.04] Level 12 done
[    1.10] Level 13 done
[    1.18] Level 14 done
[    1.27] Level 15 done
[    1.35] Level 16 done
[    1.42] Level 17 done
[    1.48] Level 18 done
[    1.54] Level 19 done
[    1.57] Level 20 done
[    1.59] Level 21 done
[    1.59] Level 22 done
[    1.60] Level 23 done
[    1.60] Level 24 done
[    1.60] BFS Time: 0.821818
[    1.61] Final states: 1,838 states
