[    0.86] Read file '/home/oortwijn/distdd/models/petrinets/RAS-R-50.bdd'
[    0.86] 200 integers per state, 4 bits per integer, 102 transition groups
[    0.87] Level 1 done
[    0.87] Level 2 done
[    0.87] Level 3 done
[    0.87] Level 4 done
[    0.88] Level 5 done
[    0.88] Level 6 done
[    0.88] Level 7 done
[    0.88] Level 8 done
[    0.88] Level 9 done
[    0.89] Level 10 done
[    0.89] Level 11 done
[    0.89] Level 12 done
[    0.89] Level 13 done
[    0.90] Level 14 done
[    0.90] Level 15 done
[    0.90] Level 16 done
[    0.91] Level 17 done
[    0.91] Level 18 done
[    0.91] Level 19 done
[    0.92] Level 20 done
[    0.92] Level 21 done
[    0.93] Level 22 done
[    0.93] Level 23 done
[    0.93] Level 24 done
[    0.94] Level 25 done
[    0.94] Level 26 done
[    0.95] Level 27 done
[    0.95] Level 28 done
[    0.96] Level 29 done
[    0.96] Level 30 done
[    0.97] Level 31 done
[    0.97] Level 32 done
[    0.98] Level 33 done
[    0.98] Level 34 done
[    0.99] Level 35 done
[    1.00] Level 36 done
[    1.00] Level 37 done
[    1.01] Level 38 done
[    1.01] Level 39 done
[    1.02] Level 40 done
[    1.03] Level 41 done
[    1.03] Level 42 done
[    1.04] Level 43 done
[    1.05] Level 44 done
[    1.06] Level 45 done
[    1.06] Level 46 done
[    1.07] Level 47 done
[    1.08] Level 48 done
[    1.09] Level 49 done
[    1.10] Level 50 done
[    1.11] Level 51 done
[    1.12] Level 52 done
[    1.13] Level 53 done
[    1.14] Level 54 done
[    1.15] Level 55 done
[    1.16] Level 56 done
[    1.17] Level 57 done
[    1.18] Level 58 done
[    1.19] Level 59 done
[    1.21] Level 60 done
[    1.23] Level 61 done
[    1.24] Level 62 done
[    1.25] Level 63 done
[    1.26] Level 64 done
[    1.27] Level 65 done
[    1.29] Level 66 done
[    1.30] Level 67 done
[    1.32] Level 68 done
[    1.33] Level 69 done
[    1.35] Level 70 done
[    1.36] Level 71 done
[    1.37] Level 72 done
[    1.39] Level 73 done
[    1.42] Level 74 done
[    1.43] Level 75 done
[    1.45] Level 76 done
[    1.46] Level 77 done
[    1.48] Level 78 done
[    1.50] Level 79 done
[    1.51] Level 80 done
[    1.53] Level 81 done
[    1.54] Level 82 done
[    1.56] Level 83 done
[    1.58] Level 84 done
[    1.59] Level 85 done
[    1.61] Level 86 done
[    1.63] Level 87 done
[    1.65] Level 88 done
[    1.66] Level 89 done
[    1.68] Level 90 done
[    1.70] Level 91 done
[    1.72] Level 92 done
[    1.74] Level 93 done
[    1.75] Level 94 done
[    1.77] Level 95 done
[    1.79] Level 96 done
[    1.81] Level 97 done
[    1.83] Level 98 done
[    1.85] Level 99 done
[    1.87] Level 100 done
[    1.89] Level 101 done
[    1.91] Level 102 done
[    1.93] Level 103 done
[    1.95] Level 104 done
[    1.97] Level 105 done
[    1.99] Level 106 done
[    2.01] Level 107 done
[    2.03] Level 108 done
[    2.05] Level 109 done
[    2.07] Level 110 done
[    2.09] Level 111 done
[    2.12] Level 112 done
[    2.14] Level 113 done
[    2.16] Level 114 done
[    2.18] Level 115 done
[    2.20] Level 116 done
[    2.22] Level 117 done
[    2.24] Level 118 done
[    2.27] Level 119 done
[    2.29] Level 120 done
[    2.31] Level 121 done
[    2.33] Level 122 done
[    2.35] Level 123 done
[    2.38] Level 124 done
[    2.40] Level 125 done
[    2.43] Level 126 done
[    2.45] Level 127 done
[    2.47] Level 128 done
[    2.50] Level 129 done
[    2.53] Level 130 done
[    2.55] Level 131 done
[    2.57] Level 132 done
[    2.60] Level 133 done
[    2.62] Level 134 done
[    2.65] Level 135 done
[    2.67] Level 136 done
[    2.70] Level 137 done
[    2.72] Level 138 done
[    2.75] Level 139 done
[    2.77] Level 140 done
[    2.80] Level 141 done
[    2.83] Level 142 done
[    2.85] Level 143 done
[    2.88] Level 144 done
[    2.91] Level 145 done
[    2.93] Level 146 done
[    2.96] Level 147 done
[    2.98] Level 148 done
[    3.01] Level 149 done
[    3.03] Level 150 done
[    3.06] Level 151 done
[    3.09] Level 152 done
[    3.12] Level 153 done
[    3.15] Level 154 done
[    3.17] Level 155 done
[    3.20] Level 156 done
[    3.22] Level 157 done
[    3.25] Level 158 done
[    3.28] Level 159 done
[    3.31] Level 160 done
[    3.34] Level 161 done
[    3.36] Level 162 done
[    3.39] Level 163 done
[    3.42] Level 164 done
[    3.45] Level 165 done
[    3.48] Level 166 done
[    3.51] Level 167 done
[    3.53] Level 168 done
[    3.56] Level 169 done
[    3.59] Level 170 done
[    3.62] Level 171 done
[    3.65] Level 172 done
[    3.68] Level 173 done
[    3.71] Level 174 done
[    3.74] Level 175 done
[    3.77] Level 176 done
[    3.80] Level 177 done
[    3.83] Level 178 done
[    3.86] Level 179 done
[    3.89] Level 180 done
[    3.92] Level 181 done
[    3.95] Level 182 done
[    3.98] Level 183 done
[    4.01] Level 184 done
[    4.04] Level 185 done
[    4.07] Level 186 done
[    4.10] Level 187 done
[    4.14] Level 188 done
[    4.17] Level 189 done
[    4.20] Level 190 done
[    4.23] Level 191 done
[    4.27] Level 192 done
[    4.30] Level 193 done
[    4.33] Level 194 done
[    4.36] Level 195 done
[    4.39] Level 196 done
[    4.43] Level 197 done
[    4.46] Level 198 done
[    4.49] Level 199 done
[    4.52] Level 200 done
[    4.56] Level 201 done
[    4.59] Level 202 done
[    4.62] Level 203 done
[    4.66] Level 204 done
[    4.69] Level 205 done
[    4.72] Level 206 done
[    4.75] Level 207 done
[    4.79] Level 208 done
[    4.82] Level 209 done
[    4.85] Level 210 done
[    4.89] Level 211 done
[    4.92] Level 212 done
[    4.96] Level 213 done
[    4.99] Level 214 done
[    5.02] Level 215 done
[    5.06] Level 216 done
[    5.09] Level 217 done
[    5.13] Level 218 done
[    5.16] Level 219 done
[    5.20] Level 220 done
[    5.23] Level 221 done
[    5.27] Level 222 done
[    5.30] Level 223 done
[    5.34] Level 224 done
[    5.37] Level 225 done
[    5.40] Level 226 done
[    5.44] Level 227 done
[    5.47] Level 228 done
[    5.51] Level 229 done
[    5.54] Level 230 done
[    5.57] Level 231 done
[    5.61] Level 232 done
[    5.65] Level 233 done
[    5.68] Level 234 done
[    5.72] Level 235 done
[    5.76] Level 236 done
[    5.79] Level 237 done
[    5.83] Level 238 done
[    5.86] Level 239 done
[    5.90] Level 240 done
[    5.94] Level 241 done
[    5.98] Level 242 done
[    6.02] Level 243 done
[    6.06] Level 244 done
[    6.10] Level 245 done
[    6.13] Level 246 done
[    6.17] Level 247 done
[    6.20] Level 248 done
[    6.24] Level 249 done
[    6.28] Level 250 done
[    6.33] Level 251 done
[    6.36] Level 252 done
[    6.40] Level 253 done
[    6.44] Level 254 done
[    6.48] Level 255 done
[    6.52] Level 256 done
[    6.55] Level 257 done
[    6.59] Level 258 done
[    6.63] Level 259 done
[    6.67] Level 260 done
[    6.71] Level 261 done
[    6.74] Level 262 done
[    6.78] Level 263 done
[    6.82] Level 264 done
[    6.85] Level 265 done
[    6.89] Level 266 done
[    6.93] Level 267 done
[    6.97] Level 268 done
[    7.01] Level 269 done
[    7.05] Level 270 done
[    7.09] Level 271 done
[    7.13] Level 272 done
[    7.16] Level 273 done
[    7.20] Level 274 done
[    7.24] Level 275 done
[    7.28] Level 276 done
[    7.32] Level 277 done
[    7.36] Level 278 done
[    7.40] Level 279 done
[    7.44] Level 280 done
[    7.48] Level 281 done
[    7.52] Level 282 done
[    7.56] Level 283 done
[    7.60] Level 284 done
[    7.64] Level 285 done
[    7.68] Level 286 done
[    7.72] Level 287 done
[    7.77] Level 288 done
[    7.81] Level 289 done
[    7.85] Level 290 done
[    7.88] Level 291 done
[    7.93] Level 292 done
[    7.97] Level 293 done
[    8.02] Level 294 done
[    8.06] Level 295 done
[    8.10] Level 296 done
[    8.14] Level 297 done
[    8.18] Level 298 done
[    8.22] Level 299 done
[    8.26] Level 300 done
[    8.30] Level 301 done
[    8.35] Level 302 done
[    8.39] Level 303 done
[    8.43] Level 304 done
[    8.47] Level 305 done
[    8.51] Level 306 done
[    8.55] Level 307 done
[    8.59] Level 308 done
[    8.63] Level 309 done
[    8.68] Level 310 done
[    8.72] Level 311 done
[    8.77] Level 312 done
[    8.81] Level 313 done
[    8.85] Level 314 done
[    8.89] Level 315 done
[    8.94] Level 316 done
[    8.98] Level 317 done
[    9.02] Level 318 done
[    9.05] Level 319 done
[    9.10] Level 320 done
[    9.14] Level 321 done
[    9.18] Level 322 done
[    9.23] Level 323 done
[    9.27] Level 324 done
[    9.31] Level 325 done
[    9.35] Level 326 done
[    9.39] Level 327 done
[    9.43] Level 328 done
[    9.47] Level 329 done
[    9.51] Level 330 done
[    9.56] Level 331 done
[    9.60] Level 332 done
[    9.65] Level 333 done
[    9.69] Level 334 done
[    9.74] Level 335 done
[    9.78] Level 336 done
[    9.82] Level 337 done
[    9.87] Level 338 done
[    9.91] Level 339 done
[    9.95] Level 340 done
[    9.99] Level 341 done
[   10.04] Level 342 done
[   10.08] Level 343 done
[   10.13] Level 344 done
[   10.17] Level 345 done
[   10.21] Level 346 done
[   10.26] Level 347 done
[   10.30] Level 348 done
[   10.34] Level 349 done
[   10.39] Level 350 done
[   10.43] Level 351 done
[   10.47] Level 352 done
[   10.51] Level 353 done
[   10.55] Level 354 done
[   10.60] Level 355 done
[   10.64] Level 356 done
[   10.69] Level 357 done
[   10.73] Level 358 done
[   10.78] Level 359 done
[   10.82] Level 360 done
[   10.87] Level 361 done
[   10.92] Level 362 done
[   10.96] Level 363 done
[   11.01] Level 364 done
[   11.05] Level 365 done
[   11.10] Level 366 done
[   11.14] Level 367 done
[   11.18] Level 368 done
[   11.22] Level 369 done
[   11.27] Level 370 done
[   11.31] Level 371 done
[   11.35] Level 372 done
[   11.39] Level 373 done
[   11.44] Level 374 done
[   11.48] Level 375 done
[   11.53] Level 376 done
[   11.57] Level 377 done
[   11.61] Level 378 done
[   11.65] Level 379 done
[   11.69] Level 380 done
[   11.74] Level 381 done
[   11.79] Level 382 done
[   11.83] Level 383 done
[   11.88] Level 384 done
[   11.92] Level 385 done
[   11.97] Level 386 done
[   12.02] Level 387 done
[   12.06] Level 388 done
[   12.10] Level 389 done
[   12.15] Level 390 done
[   12.19] Level 391 done
[   12.24] Level 392 done
[   12.29] Level 393 done
[   12.33] Level 394 done
[   12.38] Level 395 done
[   12.43] Level 396 done
[   12.47] Level 397 done
[   12.51] Level 398 done
[   12.55] Level 399 done
[   12.59] Level 400 done
[   12.64] Level 401 done
[   12.69] Level 402 done
[   12.74] Level 403 done
[   12.78] Level 404 done
[   12.83] Level 405 done
[   12.87] Level 406 done
[   12.92] Level 407 done
[   12.97] Level 408 done
[   13.01] Level 409 done
[   13.05] Level 410 done
[   13.09] Level 411 done
[   13.14] Level 412 done
[   13.18] Level 413 done
[   13.23] Level 414 done
[   13.27] Level 415 done
[   13.31] Level 416 done
[   13.36] Level 417 done
[   13.41] Level 418 done
[   13.45] Level 419 done
[   13.50] Level 420 done
[   13.55] Level 421 done
[   13.60] Level 422 done
[   13.64] Level 423 done
[   13.69] Level 424 done
[   13.74] Level 425 done
[   13.79] Level 426 done
[   13.83] Level 427 done
[   13.88] Level 428 done
[   13.92] Level 429 done
[   13.96] Level 430 done
[   14.01] Level 431 done
[   14.06] Level 432 done
[   14.10] Level 433 done
[   14.14] Level 434 done
[   14.19] Level 435 done
[   14.23] Level 436 done
[   14.28] Level 437 done
[   14.32] Level 438 done
[   14.37] Level 439 done
[   14.41] Level 440 done
[   14.46] Level 441 done
[   14.51] Level 442 done
[   14.55] Level 443 done
[   14.59] Level 444 done
[   14.63] Level 445 done
[   14.67] Level 446 done
[   14.73] Level 447 done
[   14.77] Level 448 done
[   14.82] Level 449 done
[   14.86] Level 450 done
[   14.91] Level 451 done
[   14.96] Level 452 done
[   15.01] Level 453 done
[   15.06] Level 454 done
[   15.10] Level 455 done
[   15.15] Level 456 done
[   15.20] Level 457 done
[   15.24] Level 458 done
[   15.28] Level 459 done
[   15.33] Level 460 done
[   15.37] Level 461 done
[   15.42] Level 462 done
[   15.46] Level 463 done
[   15.51] Level 464 done
[   15.55] Level 465 done
[   15.60] Level 466 done
[   15.64] Level 467 done
[   15.68] Level 468 done
[   15.73] Level 469 done
[   15.78] Level 470 done
[   15.83] Level 471 done
[   15.88] Level 472 done
[   15.92] Level 473 done
[   15.97] Level 474 done
[   16.01] Level 475 done
[   16.05] Level 476 done
[   16.11] Level 477 done
[   16.16] Level 478 done
[   16.20] Level 479 done
[   16.24] Level 480 done
[   16.29] Level 481 done
[   16.34] Level 482 done
[   16.38] Level 483 done
[   16.43] Level 484 done
[   16.48] Level 485 done
[   16.52] Level 486 done
[   16.57] Level 487 done
[   16.61] Level 488 done
[   16.66] Level 489 done
[   16.70] Level 490 done
[   16.75] Level 491 done
[   16.80] Level 492 done
[   16.84] Level 493 done
[   16.89] Level 494 done
[   16.94] Level 495 done
[   16.99] Level 496 done
[   17.03] Level 497 done
[   17.08] Level 498 done
[   17.12] Level 499 done
[   17.17] Level 500 done
[   17.22] Level 501 done
[   17.26] Level 502 done
[   17.31] Level 503 done
[   17.36] Level 504 done
[   17.41] Level 505 done
[   17.46] Level 506 done
[   17.50] Level 507 done
[   17.55] Level 508 done
[   17.59] Level 509 done
[   17.64] Level 510 done
[   17.68] Level 511 done
[   17.73] Level 512 done
[   17.78] Level 513 done
[   17.82] Level 514 done
[   17.87] Level 515 done
[   17.92] Level 516 done
[   17.97] Level 517 done
[   18.01] Level 518 done
[   18.05] Level 519 done
[   18.10] Level 520 done
[   18.14] Level 521 done
[   18.18] Level 522 done
[   18.22] Level 523 done
[   18.26] Level 524 done
[   18.31] Level 525 done
[   18.36] Level 526 done
[   18.41] Level 527 done
[   18.45] Level 528 done
[   18.49] Level 529 done
[   18.54] Level 530 done
[   18.59] Level 531 done
[   18.63] Level 532 done
[   18.68] Level 533 done
[   18.73] Level 534 done
[   18.77] Level 535 done
[   18.82] Level 536 done
[   18.87] Level 537 done
[   18.91] Level 538 done
[   18.95] Level 539 done
[   19.00] Level 540 done
[   19.04] Level 541 done
[   19.09] Level 542 done
[   19.14] Level 543 done
[   19.19] Level 544 done
[   19.23] Level 545 done
[   19.28] Level 546 done
[   19.32] Level 547 done
[   19.37] Level 548 done
[   19.41] Level 549 done
[   19.46] Level 550 done
[   19.51] Level 551 done
[   19.56] Level 552 done
[   19.62] Level 553 done
[   19.67] Level 554 done
[   19.72] Level 555 done
[   19.76] Level 556 done
[   19.81] Level 557 done
[   19.86] Level 558 done
[   19.91] Level 559 done
[   19.95] Level 560 done
[   20.00] Level 561 done
[   20.04] Level 562 done
[   20.09] Level 563 done
[   20.14] Level 564 done
[   20.18] Level 565 done
[   20.22] Level 566 done
[   20.27] Level 567 done
[   20.31] Level 568 done
[   20.36] Level 569 done
[   20.40] Level 570 done
[   20.45] Level 571 done
[   20.49] Level 572 done
[   20.54] Level 573 done
[   20.59] Level 574 done
[   20.63] Level 575 done
[   20.68] Level 576 done
[   20.73] Level 577 done
[   20.77] Level 578 done
[   20.82] Level 579 done
[   20.87] Level 580 done
[   20.92] Level 581 done
[   20.96] Level 582 done
[   21.00] Level 583 done
[   21.05] Level 584 done
[   21.10] Level 585 done
[   21.14] Level 586 done
[   21.18] Level 587 done
[   21.23] Level 588 done
[   21.27] Level 589 done
[   21.32] Level 590 done
[   21.37] Level 591 done
[   21.42] Level 592 done
[   21.47] Level 593 done
[   21.51] Level 594 done
[   21.56] Level 595 done
[   21.61] Level 596 done
[   21.65] Level 597 done
[   21.70] Level 598 done
[   21.75] Level 599 done
[   21.79] Level 600 done
[   21.84] Level 601 done
[   21.88] Level 602 done
[   21.93] Level 603 done
[   21.98] Level 604 done
[   22.02] Level 605 done
[   22.07] Level 606 done
[   22.12] Level 607 done
[   22.16] Level 608 done
[   22.21] Level 609 done
[   22.26] Level 610 done
[   22.30] Level 611 done
[   22.35] Level 612 done
[   22.39] Level 613 done
[   22.44] Level 614 done
[   22.48] Level 615 done
[   22.53] Level 616 done
[   22.58] Level 617 done
[   22.63] Level 618 done
[   22.68] Level 619 done
[   22.73] Level 620 done
[   22.77] Level 621 done
[   22.82] Level 622 done
[   22.86] Level 623 done
[   22.91] Level 624 done
[   22.96] Level 625 done
[   23.00] Level 626 done
[   23.04] Level 627 done
[   23.09] Level 628 done
[   23.14] Level 629 done
[   23.18] Level 630 done
[   23.23] Level 631 done
[   23.27] Level 632 done
[   23.32] Level 633 done
[   23.37] Level 634 done
[   23.41] Level 635 done
[   23.46] Level 636 done
[   23.50] Level 637 done
[   23.55] Level 638 done
[   23.60] Level 639 done
[   23.64] Level 640 done
[   23.69] Level 641 done
[   23.74] Level 642 done
[   23.78] Level 643 done
[   23.83] Level 644 done
[   23.88] Level 645 done
[   23.93] Level 646 done
[   23.97] Level 647 done
[   24.02] Level 648 done
[   24.06] Level 649 done
[   24.10] Level 650 done
[   24.15] Level 651 done
[   24.19] Level 652 done
[   24.25] Level 653 done
[   24.29] Level 654 done
[   24.34] Level 655 done
[   24.39] Level 656 done
[   24.44] Level 657 done
[   24.48] Level 658 done
[   24.52] Level 659 done
[   24.57] Level 660 done
[   24.61] Level 661 done
[   24.65] Level 662 done
[   24.70] Level 663 done
[   24.74] Level 664 done
[   24.78] Level 665 done
[   24.82] Level 666 done
[   24.87] Level 667 done
[   24.92] Level 668 done
[   24.96] Level 669 done
[   25.01] Level 670 done
[   25.05] Level 671 done
[   25.09] Level 672 done
[   25.14] Level 673 done
[   25.18] Level 674 done
[   25.22] Level 675 done
[   25.27] Level 676 done
[   25.31] Level 677 done
[   25.35] Level 678 done
[   25.40] Level 679 done
[   25.45] Level 680 done
[   25.50] Level 681 done
[   25.55] Level 682 done
[   25.60] Level 683 done
[   25.65] Level 684 done
[   25.70] Level 685 done
[   25.75] Level 686 done
[   25.80] Level 687 done
[   25.84] Level 688 done
[   25.90] Level 689 done
[   25.94] Level 690 done
[   25.99] Level 691 done
[   26.03] Level 692 done
[   26.07] Level 693 done
[   26.12] Level 694 done
[   26.16] Level 695 done
[   26.21] Level 696 done
[   26.25] Level 697 done
[   26.29] Level 698 done
[   26.34] Level 699 done
[   26.39] Level 700 done
[   26.44] Level 701 done
[   26.49] Level 702 done
[   26.53] Level 703 done
[   26.58] Level 704 done
[   26.63] Level 705 done
[   26.67] Level 706 done
[   26.72] Level 707 done
[   26.77] Level 708 done
[   26.82] Level 709 done
[   26.87] Level 710 done
[   26.92] Level 711 done
[   26.97] Level 712 done
[   27.01] Level 713 done
[   27.06] Level 714 done
[   27.10] Level 715 done
[   27.14] Level 716 done
[   27.19] Level 717 done
[   27.24] Level 718 done
[   27.28] Level 719 done
[   27.32] Level 720 done
[   27.37] Level 721 done
[   27.42] Level 722 done
[   27.46] Level 723 done
[   27.51] Level 724 done
[   27.55] Level 725 done
[   27.60] Level 726 done
[   27.64] Level 727 done
[   27.69] Level 728 done
[   27.74] Level 729 done
[   27.78] Level 730 done
[   27.82] Level 731 done
[   27.87] Level 732 done
[   27.92] Level 733 done
[   27.96] Level 734 done
[   28.01] Level 735 done
[   28.05] Level 736 done
[   28.10] Level 737 done
[   28.14] Level 738 done
[   28.19] Level 739 done
[   28.24] Level 740 done
[   28.29] Level 741 done
[   28.34] Level 742 done
[   28.38] Level 743 done
[   28.43] Level 744 done
[   28.47] Level 745 done
[   28.52] Level 746 done
[   28.56] Level 747 done
[   28.61] Level 748 done
[   28.65] Level 749 done
[   28.70] Level 750 done
[   28.75] Level 751 done
[   28.79] Level 752 done
[   28.83] Level 753 done
[   28.88] Level 754 done
[   28.92] Level 755 done
[   28.96] Level 756 done
[   29.01] Level 757 done
[   29.05] Level 758 done
[   29.09] Level 759 done
[   29.14] Level 760 done
[   29.19] Level 761 done
[   29.23] Level 762 done
[   29.27] Level 763 done
[   29.32] Level 764 done
[   29.37] Level 765 done
[   29.41] Level 766 done
[   29.46] Level 767 done
[   29.50] Level 768 done
[   29.54] Level 769 done
[   29.58] Level 770 done
[   29.62] Level 771 done
[   29.67] Level 772 done
[   29.71] Level 773 done
[   29.76] Level 774 done
[   29.81] Level 775 done
[   29.85] Level 776 done
[   29.89] Level 777 done
[   29.94] Level 778 done
[   29.98] Level 779 done
[   30.02] Level 780 done
[   30.07] Level 781 done
[   30.11] Level 782 done
[   30.16] Level 783 done
[   30.20] Level 784 done
[   30.24] Level 785 done
[   30.28] Level 786 done
[   30.33] Level 787 done
[   30.37] Level 788 done
[   30.42] Level 789 done
[   30.46] Level 790 done
[   30.51] Level 791 done
[   30.55] Level 792 done
[   30.59] Level 793 done
[   30.63] Level 794 done
[   30.68] Level 795 done
[   30.72] Level 796 done
[   30.76] Level 797 done
[   30.81] Level 798 done
[   30.85] Level 799 done
[   30.90] Level 800 done
[   30.94] Level 801 done
[   30.99] Level 802 done
[   31.03] Level 803 done
[   31.07] Level 804 done
[   31.12] Level 805 done
[   31.16] Level 806 done
[   31.20] Level 807 done
[   31.24] Level 808 done
[   31.29] Level 809 done
[   31.33] Level 810 done
[   31.37] Level 811 done
[   31.41] Level 812 done
[   31.45] Level 813 done
[   31.50] Level 814 done
[   31.54] Level 815 done
[   31.58] Level 816 done
[   31.62] Level 817 done
[   31.67] Level 818 done
[   31.71] Level 819 done
[   31.75] Level 820 done
[   31.80] Level 821 done
[   31.83] Level 822 done
[   31.88] Level 823 done
[   31.92] Level 824 done
[   31.95] Level 825 done
[   31.99] Level 826 done
[   32.04] Level 827 done
[   32.08] Level 828 done
[   32.13] Level 829 done
[   32.17] Level 830 done
[   32.21] Level 831 done
[   32.25] Level 832 done
[   32.29] Level 833 done
[   32.33] Level 834 done
[   32.38] Level 835 done
[   32.42] Level 836 done
[   32.47] Level 837 done
[   32.50] Level 838 done
[   32.54] Level 839 done
[   32.59] Level 840 done
[   32.63] Level 841 done
[   32.67] Level 842 done
[   32.71] Level 843 done
[   32.75] Level 844 done
[   32.79] Level 845 done
[   32.83] Level 846 done
[   32.87] Level 847 done
[   32.90] Level 848 done
[   32.94] Level 849 done
[   32.98] Level 850 done
[   33.02] Level 851 done
[   33.06] Level 852 done
[   33.10] Level 853 done
[   33.13] Level 854 done
[   33.18] Level 855 done
[   33.22] Level 856 done
[   33.26] Level 857 done
[   33.30] Level 858 done
[   33.34] Level 859 done
[   33.38] Level 860 done
[   33.42] Level 861 done
[   33.46] Level 862 done
[   33.50] Level 863 done
[   33.54] Level 864 done
[   33.58] Level 865 done
[   33.62] Level 866 done
[   33.65] Level 867 done
[   33.69] Level 868 done
[   33.73] Level 869 done
[   33.77] Level 870 done
[   33.81] Level 871 done
[   33.85] Level 872 done
[   33.89] Level 873 done
[   33.93] Level 874 done
[   33.97] Level 875 done
[   34.01] Level 876 done
[   34.05] Level 877 done
[   34.09] Level 878 done
[   34.13] Level 879 done
[   34.17] Level 880 done
[   34.21] Level 881 done
[   34.24] Level 882 done
[   34.28] Level 883 done
[   34.31] Level 884 done
[   34.35] Level 885 done
[   34.39] Level 886 done
[   34.43] Level 887 done
[   34.46] Level 888 done
[   34.51] Level 889 done
[   34.55] Level 890 done
[   34.58] Level 891 done
[   34.62] Level 892 done
[   34.66] Level 893 done
[   34.69] Level 894 done
[   34.73] Level 895 done
[   34.77] Level 896 done
[   34.81] Level 897 done
[   34.84] Level 898 done
[   34.88] Level 899 done
[   34.92] Level 900 done
[   34.95] Level 901 done
[   34.99] Level 902 done
[   35.03] Level 903 done
[   35.06] Level 904 done
[   35.10] Level 905 done
[   35.14] Level 906 done
[   35.17] Level 907 done
[   35.21] Level 908 done
[   35.24] Level 909 done
[   35.28] Level 910 done
[   35.32] Level 911 done
[   35.35] Level 912 done
[   35.38] Level 913 done
[   35.42] Level 914 done
[   35.46] Level 915 done
[   35.50] Level 916 done
[   35.53] Level 917 done
[   35.57] Level 918 done
[   35.60] Level 919 done
[   35.63] Level 920 done
[   35.67] Level 921 done
[   35.70] Level 922 done
[   35.74] Level 923 done
[   35.78] Level 924 done
[   35.81] Level 925 done
[   35.85] Level 926 done
[   35.88] Level 927 done
[   35.91] Level 928 done
[   35.95] Level 929 done
[   35.99] Level 930 done
[   36.02] Level 931 done
[   36.06] Level 932 done
[   36.10] Level 933 done
[   36.13] Level 934 done
[   36.17] Level 935 done
[   36.20] Level 936 done
[   36.23] Level 937 done
[   36.27] Level 938 done
[   36.30] Level 939 done
[   36.34] Level 940 done
[   36.37] Level 941 done
[   36.41] Level 942 done
[   36.44] Level 943 done
[   36.47] Level 944 done
[   36.51] Level 945 done
[   36.54] Level 946 done
[   36.57] Level 947 done
[   36.61] Level 948 done
[   36.64] Level 949 done
[   36.67] Level 950 done
[   36.70] Level 951 done
[   36.74] Level 952 done
[   36.77] Level 953 done
[   36.80] Level 954 done
[   36.84] Level 955 done
[   36.87] Level 956 done
[   36.90] Level 957 done
[   36.93] Level 958 done
[   36.97] Level 959 done
[   37.00] Level 960 done
[   37.04] Level 961 done
[   37.07] Level 962 done
[   37.10] Level 963 done
[   37.13] Level 964 done
[   37.17] Level 965 done
[   37.21] Level 966 done
[   37.24] Level 967 done
[   37.27] Level 968 done
[   37.30] Level 969 done
[   37.33] Level 970 done
[   37.37] Level 971 done
[   37.40] Level 972 done
[   37.43] Level 973 done
[   37.46] Level 974 done
[   37.49] Level 975 done
[   37.52] Level 976 done
[   37.56] Level 977 done
[   37.58] Level 978 done
[   37.61] Level 979 done
[   37.64] Level 980 done
[   37.67] Level 981 done
[   37.70] Level 982 done
[   37.73] Level 983 done
[   37.76] Level 984 done
[   37.79] Level 985 done
[   37.82] Level 986 done
[   37.85] Level 987 done
[   37.88] Level 988 done
[   37.91] Level 989 done
[   37.94] Level 990 done
[   37.97] Level 991 done
[   38.00] Level 992 done
[   38.03] Level 993 done
[   38.06] Level 994 done
[   38.08] Level 995 done
[   38.11] Level 996 done
[   38.14] Level 997 done
[   38.17] Level 998 done
[   38.20] Level 999 done
[   38.23] Level 1000 done
[   38.26] Level 1001 done
[   38.29] Level 1002 done
[   38.32] Level 1003 done
[   38.34] Level 1004 done
[   38.37] Level 1005 done
[   38.39] Level 1006 done
[   38.42] Level 1007 done
[   38.45] Level 1008 done
[   38.48] Level 1009 done
[   38.51] Level 1010 done
[   38.54] Level 1011 done
[   38.57] Level 1012 done
[   38.60] Level 1013 done
[   38.62] Level 1014 done
[   38.65] Level 1015 done
[   38.68] Level 1016 done
[   38.71] Level 1017 done
[   38.74] Level 1018 done
[   38.76] Level 1019 done
[   38.79] Level 1020 done
[   38.81] Level 1021 done
[   38.84] Level 1022 done
[   38.86] Level 1023 done
[   38.89] Level 1024 done
[   38.92] Level 1025 done
[   38.94] Level 1026 done
[   38.97] Level 1027 done
[   38.99] Level 1028 done
[   39.02] Level 1029 done
[   39.04] Level 1030 done
[   39.07] Level 1031 done
[   39.10] Level 1032 done
[   39.12] Level 1033 done
[   39.15] Level 1034 done
[   39.18] Level 1035 done
[   39.20] Level 1036 done
[   39.22] Level 1037 done
[   39.25] Level 1038 done
[   39.28] Level 1039 done
[   39.30] Level 1040 done
[   39.33] Level 1041 done
[   39.35] Level 1042 done
[   39.37] Level 1043 done
[   39.40] Level 1044 done
[   39.42] Level 1045 done
[   39.45] Level 1046 done
[   39.47] Level 1047 done
[   39.49] Level 1048 done
[   39.52] Level 1049 done
[   39.54] Level 1050 done
[   39.56] Level 1051 done
[   39.59] Level 1052 done
[   39.61] Level 1053 done
[   39.63] Level 1054 done
[   39.66] Level 1055 done
[   39.68] Level 1056 done
[   39.70] Level 1057 done
[   39.72] Level 1058 done
[   39.75] Level 1059 done
[   39.77] Level 1060 done
[   39.79] Level 1061 done
[   39.81] Level 1062 done
[   39.83] Level 1063 done
[   39.86] Level 1064 done
[   39.88] Level 1065 done
[   39.90] Level 1066 done
[   39.92] Level 1067 done
[   39.94] Level 1068 done
[   39.96] Level 1069 done
[   39.98] Level 1070 done
[   40.00] Level 1071 done
[   40.02] Level 1072 done
[   40.04] Level 1073 done
[   40.06] Level 1074 done
[   40.08] Level 1075 done
[   40.10] Level 1076 done
[   40.12] Level 1077 done
[   40.14] Level 1078 done
[   40.16] Level 1079 done
[   40.18] Level 1080 done
[   40.20] Level 1081 done
[   40.22] Level 1082 done
[   40.24] Level 1083 done
[   40.26] Level 1084 done
[   40.28] Level 1085 done
[   40.30] Level 1086 done
[   40.32] Level 1087 done
[   40.34] Level 1088 done
[   40.36] Level 1089 done
[   40.37] Level 1090 done
[   40.39] Level 1091 done
[   40.41] Level 1092 done
[   40.43] Level 1093 done
[   40.45] Level 1094 done
[   40.46] Level 1095 done
[   40.48] Level 1096 done
[   40.50] Level 1097 done
[   40.52] Level 1098 done
[   40.53] Level 1099 done
[   40.55] Level 1100 done
[   40.57] Level 1101 done
[   40.58] Level 1102 done
[   40.60] Level 1103 done
[   40.62] Level 1104 done
[   40.63] Level 1105 done
[   40.65] Level 1106 done
[   40.66] Level 1107 done
[   40.68] Level 1108 done
[   40.70] Level 1109 done
[   40.71] Level 1110 done
[   40.73] Level 1111 done
[   40.74] Level 1112 done
[   40.76] Level 1113 done
[   40.77] Level 1114 done
[   40.79] Level 1115 done
[   40.81] Level 1116 done
[   40.82] Level 1117 done
[   40.84] Level 1118 done
[   40.85] Level 1119 done
[   40.87] Level 1120 done
[   40.88] Level 1121 done
[   40.90] Level 1122 done
[   40.91] Level 1123 done
[   40.93] Level 1124 done
[   40.94] Level 1125 done
[   40.96] Level 1126 done
[   40.97] Level 1127 done
[   40.99] Level 1128 done
[   41.00] Level 1129 done
[   41.01] Level 1130 done
[   41.03] Level 1131 done
[   41.04] Level 1132 done
[   41.05] Level 1133 done
[   41.07] Level 1134 done
[   41.08] Level 1135 done
[   41.09] Level 1136 done
[   41.11] Level 1137 done
[   41.12] Level 1138 done
[   41.13] Level 1139 done
[   41.14] Level 1140 done
[   41.16] Level 1141 done
[   41.17] Level 1142 done
[   41.18] Level 1143 done
[   41.19] Level 1144 done
[   41.20] Level 1145 done
[   41.22] Level 1146 done
[   41.23] Level 1147 done
[   41.24] Level 1148 done
[   41.25] Level 1149 done
[   41.26] Level 1150 done
[   41.27] Level 1151 done
[   41.28] Level 1152 done
[   41.29] Level 1153 done
[   41.30] Level 1154 done
[   41.31] Level 1155 done
[   41.32] Level 1156 done
[   41.33] Level 1157 done
[   41.34] Level 1158 done
[   41.35] Level 1159 done
[   41.36] Level 1160 done
[   41.37] Level 1161 done
[   41.38] Level 1162 done
[   41.39] Level 1163 done
[   41.40] Level 1164 done
[   41.40] Level 1165 done
[   41.41] Level 1166 done
[   41.42] Level 1167 done
[   41.43] Level 1168 done
[   41.44] Level 1169 done
[   41.45] Level 1170 done
[   41.46] Level 1171 done
[   41.46] Level 1172 done
[   41.47] Level 1173 done
[   41.48] Level 1174 done
[   41.49] Level 1175 done
[   41.49] Level 1176 done
[   41.50] Level 1177 done
[   41.51] Level 1178 done
[   41.52] Level 1179 done
[   41.52] Level 1180 done
[   41.53] Level 1181 done
[   41.54] Level 1182 done
[   41.54] Level 1183 done
[   41.55] Level 1184 done
[   41.56] Level 1185 done
[   41.56] Level 1186 done
[   41.57] Level 1187 done
[   41.58] Level 1188 done
[   41.58] Level 1189 done
[   41.59] Level 1190 done
[   41.59] Level 1191 done
[   41.60] Level 1192 done
[   41.60] Level 1193 done
[   41.61] Level 1194 done
[   41.61] Level 1195 done
[   41.62] Level 1196 done
[   41.62] Level 1197 done
[   41.62] Level 1198 done
[   41.63] Level 1199 done
[   41.63] Level 1200 done
[   41.64] Level 1201 done
[   41.64] Level 1202 done
[   41.65] Level 1203 done
[   41.65] Level 1204 done
[   41.65] Level 1205 done
[   41.66] Level 1206 done
[   41.66] Level 1207 done
[   41.66] Level 1208 done
[   41.67] Level 1209 done
[   41.67] Level 1210 done
[   41.67] Level 1211 done
[   41.68] Level 1212 done
[   41.68] Level 1213 done
[   41.68] Level 1214 done
[   41.69] Level 1215 done
[   41.69] Level 1216 done
[   41.69] Level 1217 done
[   41.69] Level 1218 done
[   41.70] Level 1219 done
[   41.70] Level 1220 done
[   41.70] Level 1221 done
[   41.70] Level 1222 done
[   41.71] Level 1223 done
[   41.71] Level 1224 done
[   41.71] Level 1225 done
[   41.71] Level 1226 done
[   41.71] Level 1227 done
[   41.72] Level 1228 done
[   41.72] Level 1229 done
[   41.72] Level 1230 done
[   41.72] Level 1231 done
[   41.72] Level 1232 done
[   41.73] Level 1233 done
[   41.73] Level 1234 done
[   41.73] Level 1235 done
[   41.73] Level 1236 done
[   41.73] Level 1237 done
[   41.73] Level 1238 done
[   41.73] Level 1239 done
[   41.73] Level 1240 done
[   41.74] Level 1241 done
[   41.74] Level 1242 done
[   41.74] Level 1243 done
[   41.74] Level 1244 done
[   41.74] Level 1245 done
[   41.74] Level 1246 done
[   41.74] Level 1247 done
[   41.74] Level 1248 done
[   41.74] Level 1249 done
[   41.74] Level 1250 done
[   41.75] Level 1251 done
[   41.75] Level 1252 done
[   41.75] Level 1253 done
[   41.75] Level 1254 done
[   41.75] Level 1255 done
[   41.75] Level 1256 done
[   41.75] Level 1257 done
[   41.75] Level 1258 done
[   41.75] Level 1259 done
[   41.75] Level 1260 done
[   41.75] Level 1261 done
[   41.75] Level 1262 done
[   41.75] Level 1263 done
[   41.75] Level 1264 done
[   41.75] Level 1265 done
[   41.75] Level 1266 done
[   41.75] Level 1267 done
[   41.76] Level 1268 done
[   41.76] Level 1269 done
[   41.76] Level 1270 done
[   41.76] Level 1271 done
[   41.76] Level 1272 done
[   41.76] Level 1273 done
[   41.76] Level 1274 done
[   41.76] Level 1275 done
[   41.76] Level 1276 done
[   41.76] PAR Time: 40.893289
[   41.76] Final states: 29,273,397,577,908,224 states
