[    0.84] Read file '/home/oortwijn/distdd/models/petrinets/RAS-R-50.bdd'
[    0.84] 200 integers per state, 4 bits per integer, 102 transition groups
[    0.85] Level 1 done
[    0.86] Level 2 done
[    0.86] Level 3 done
[    0.87] Level 4 done
[    0.87] Level 5 done
[    0.88] Level 6 done
[    0.89] Level 7 done
[    0.89] Level 8 done
[    0.90] Level 9 done
[    0.91] Level 10 done
[    0.92] Level 11 done
[    0.93] Level 12 done
[    0.94] Level 13 done
[    0.95] Level 14 done
[    0.96] Level 15 done
[    0.97] Level 16 done
[    0.98] Level 17 done
[    0.99] Level 18 done
[    1.00] Level 19 done
[    1.01] Level 20 done
[    1.03] Level 21 done
[    1.04] Level 22 done
[    1.06] Level 23 done
[    1.07] Level 24 done
[    1.09] Level 25 done
[    1.10] Level 26 done
[    1.12] Level 27 done
[    1.14] Level 28 done
[    1.16] Level 29 done
[    1.18] Level 30 done
[    1.20] Level 31 done
[    1.22] Level 32 done
[    1.24] Level 33 done
[    1.26] Level 34 done
[    1.28] Level 35 done
[    1.31] Level 36 done
[    1.33] Level 37 done
[    1.36] Level 38 done
[    1.39] Level 39 done
[    1.41] Level 40 done
[    1.44] Level 41 done
[    1.47] Level 42 done
[    1.50] Level 43 done
[    1.54] Level 44 done
[    1.57] Level 45 done
[    1.60] Level 46 done
[    1.64] Level 47 done
[    1.68] Level 48 done
[    1.71] Level 49 done
[    1.75] Level 50 done
[    1.79] Level 51 done
[    1.83] Level 52 done
[    1.87] Level 53 done
[    1.92] Level 54 done
[    1.97] Level 55 done
[    2.01] Level 56 done
[    2.06] Level 57 done
[    2.12] Level 58 done
[    2.17] Level 59 done
[    2.22] Level 60 done
[    2.27] Level 61 done
[    2.32] Level 62 done
[    2.38] Level 63 done
[    2.43] Level 64 done
[    2.49] Level 65 done
[    2.55] Level 66 done
[    2.60] Level 67 done
[    2.66] Level 68 done
[    2.72] Level 69 done
[    2.78] Level 70 done
[    2.84] Level 71 done
[    2.90] Level 72 done
[    2.96] Level 73 done
[    3.02] Level 74 done
[    3.09] Level 75 done
[    3.15] Level 76 done
[    3.22] Level 77 done
[    3.28] Level 78 done
[    3.34] Level 79 done
[    3.41] Level 80 done
[    3.48] Level 81 done
[    3.54] Level 82 done
[    3.61] Level 83 done
[    3.68] Level 84 done
[    3.74] Level 85 done
[    3.81] Level 86 done
[    3.88] Level 87 done
[    3.95] Level 88 done
[    4.02] Level 89 done
[    4.09] Level 90 done
[    4.16] Level 91 done
[    4.24] Level 92 done
[    4.31] Level 93 done
[    4.38] Level 94 done
[    4.46] Level 95 done
[    4.53] Level 96 done
[    4.61] Level 97 done
[    4.69] Level 98 done
[    4.76] Level 99 done
[    4.84] Level 100 done
[    4.91] Level 101 done
[    4.99] Level 102 done
[    5.07] Level 103 done
[    5.15] Level 104 done
[    5.23] Level 105 done
[    5.31] Level 106 done
[    5.39] Level 107 done
[    5.47] Level 108 done
[    5.55] Level 109 done
[    5.63] Level 110 done
[    5.71] Level 111 done
[    5.79] Level 112 done
[    5.87] Level 113 done
[    5.96] Level 114 done
[    6.04] Level 115 done
[    6.12] Level 116 done
[    6.21] Level 117 done
[    6.29] Level 118 done
[    6.38] Level 119 done
[    6.46] Level 120 done
[    6.55] Level 121 done
[    6.63] Level 122 done
[    6.72] Level 123 done
[    6.81] Level 124 done
[    6.89] Level 125 done
[    6.98] Level 126 done
[    7.07] Level 127 done
[    7.16] Level 128 done
[    7.25] Level 129 done
[    7.34] Level 130 done
[    7.43] Level 131 done
[    7.52] Level 132 done
[    7.61] Level 133 done
[    7.70] Level 134 done
[    7.79] Level 135 done
[    7.88] Level 136 done
[    7.98] Level 137 done
[    8.07] Level 138 done
[    8.16] Level 139 done
[    8.26] Level 140 done
[    8.35] Level 141 done
[    8.45] Level 142 done
[    8.54] Level 143 done
[    8.64] Level 144 done
[    8.73] Level 145 done
[    8.83] Level 146 done
[    8.92] Level 147 done
[    9.02] Level 148 done
[    9.12] Level 149 done
[    9.22] Level 150 done
[    9.31] Level 151 done
[    9.41] Level 152 done
[    9.51] Level 153 done
[    9.61] Level 154 done
[    9.71] Level 155 done
[    9.81] Level 156 done
[    9.91] Level 157 done
[   10.01] Level 158 done
[   10.11] Level 159 done
[   10.21] Level 160 done
[   10.31] Level 161 done
[   10.41] Level 162 done
[   10.51] Level 163 done
[   10.61] Level 164 done
[   10.71] Level 165 done
[   10.82] Level 166 done
[   10.92] Level 167 done
[   11.02] Level 168 done
[   11.13] Level 169 done
[   11.23] Level 170 done
[   11.33] Level 171 done
[   11.44] Level 172 done
[   11.54] Level 173 done
[   11.65] Level 174 done
[   11.75] Level 175 done
[   11.86] Level 176 done
[   11.97] Level 177 done
[   12.07] Level 178 done
[   12.18] Level 179 done
[   12.29] Level 180 done
[   12.40] Level 181 done
[   12.51] Level 182 done
[   12.61] Level 183 done
[   12.72] Level 184 done
[   12.83] Level 185 done
[   12.94] Level 186 done
[   13.05] Level 187 done
[   13.16] Level 188 done
[   13.28] Level 189 done
[   13.39] Level 190 done
[   13.50] Level 191 done
[   13.61] Level 192 done
[   13.72] Level 193 done
[   13.83] Level 194 done
[   13.95] Level 195 done
[   14.06] Level 196 done
[   14.17] Level 197 done
[   14.29] Level 198 done
[   14.40] Level 199 done
[   14.51] Level 200 done
[   14.63] Level 201 done
[   14.74] Level 202 done
[   14.86] Level 203 done
[   14.97] Level 204 done
[   15.09] Level 205 done
[   15.20] Level 206 done
[   15.32] Level 207 done
[   15.43] Level 208 done
[   15.55] Level 209 done
[   15.67] Level 210 done
[   15.78] Level 211 done
[   15.90] Level 212 done
[   16.02] Level 213 done
[   16.14] Level 214 done
[   16.26] Level 215 done
[   16.38] Level 216 done
[   16.50] Level 217 done
[   16.62] Level 218 done
[   16.74] Level 219 done
[   16.86] Level 220 done
[   16.98] Level 221 done
[   17.10] Level 222 done
[   17.22] Level 223 done
[   17.34] Level 224 done
[   17.46] Level 225 done
[   17.59] Level 226 done
[   17.71] Level 227 done
[   17.83] Level 228 done
[   17.95] Level 229 done
[   18.08] Level 230 done
[   18.20] Level 231 done
[   18.33] Level 232 done
[   18.45] Level 233 done
[   18.57] Level 234 done
[   18.70] Level 235 done
[   18.83] Level 236 done
[   18.95] Level 237 done
[   19.08] Level 238 done
[   19.20] Level 239 done
[   19.33] Level 240 done
[   19.46] Level 241 done
[   19.58] Level 242 done
[   19.71] Level 243 done
[   19.84] Level 244 done
[   19.96] Level 245 done
[   20.09] Level 246 done
[   20.22] Level 247 done
[   20.34] Level 248 done
[   20.47] Level 249 done
[   20.60] Level 250 done
[   20.73] Level 251 done
[   20.86] Level 252 done
[   20.99] Level 253 done
[   21.12] Level 254 done
[   21.25] Level 255 done
[   21.38] Level 256 done
[   21.51] Level 257 done
[   21.64] Level 258 done
[   21.77] Level 259 done
[   21.90] Level 260 done
[   22.04] Level 261 done
[   22.17] Level 262 done
[   22.30] Level 263 done
[   22.43] Level 264 done
[   22.57] Level 265 done
[   22.70] Level 266 done
[   22.83] Level 267 done
[   22.97] Level 268 done
[   23.10] Level 269 done
[   23.23] Level 270 done
[   23.37] Level 271 done
[   23.51] Level 272 done
[   23.64] Level 273 done
[   23.78] Level 274 done
[   23.91] Level 275 done
[   24.05] Level 276 done
[   24.19] Level 277 done
[   24.32] Level 278 done
[   24.46] Level 279 done
[   24.60] Level 280 done
[   24.73] Level 281 done
[   24.87] Level 282 done
[   25.01] Level 283 done
[   25.15] Level 284 done
[   25.29] Level 285 done
[   25.43] Level 286 done
[   25.56] Level 287 done
[   25.70] Level 288 done
[   25.84] Level 289 done
[   25.98] Level 290 done
[   26.12] Level 291 done
[   26.26] Level 292 done
[   26.40] Level 293 done
[   26.54] Level 294 done
[   26.68] Level 295 done
[   26.82] Level 296 done
[   26.96] Level 297 done
[   27.10] Level 298 done
[   27.24] Level 299 done
[   27.39] Level 300 done
[   27.53] Level 301 done
[   27.67] Level 302 done
[   27.81] Level 303 done
[   27.96] Level 304 done
[   28.10] Level 305 done
[   28.24] Level 306 done
[   28.39] Level 307 done
[   28.53] Level 308 done
[   28.67] Level 309 done
[   28.82] Level 310 done
[   28.96] Level 311 done
[   29.11] Level 312 done
[   29.25] Level 313 done
[   29.40] Level 314 done
[   29.54] Level 315 done
[   29.69] Level 316 done
[   29.83] Level 317 done
[   29.98] Level 318 done
[   30.13] Level 319 done
[   30.27] Level 320 done
[   30.42] Level 321 done
[   30.57] Level 322 done
[   30.71] Level 323 done
[   30.86] Level 324 done
[   31.01] Level 325 done
[   31.16] Level 326 done
[   31.30] Level 327 done
[   31.45] Level 328 done
[   31.60] Level 329 done
[   31.75] Level 330 done
[   31.90] Level 331 done
[   32.04] Level 332 done
[   32.19] Level 333 done
[   32.34] Level 334 done
[   32.49] Level 335 done
[   32.64] Level 336 done
[   32.79] Level 337 done
[   32.94] Level 338 done
[   33.09] Level 339 done
[   33.24] Level 340 done
[   33.39] Level 341 done
[   33.55] Level 342 done
[   33.70] Level 343 done
[   33.85] Level 344 done
[   34.00] Level 345 done
[   34.16] Level 346 done
[   34.31] Level 347 done
[   34.46] Level 348 done
[   34.61] Level 349 done
[   34.77] Level 350 done
[   34.92] Level 351 done
[   35.08] Level 352 done
[   35.23] Level 353 done
[   35.38] Level 354 done
[   35.54] Level 355 done
[   35.69] Level 356 done
[   35.85] Level 357 done
[   36.00] Level 358 done
[   36.16] Level 359 done
[   36.31] Level 360 done
[   36.47] Level 361 done
[   36.63] Level 362 done
[   36.78] Level 363 done
[   36.94] Level 364 done
[   37.10] Level 365 done
[   37.25] Level 366 done
[   37.41] Level 367 done
[   37.57] Level 368 done
[   37.72] Level 369 done
[   37.88] Level 370 done
[   38.04] Level 371 done
[   38.19] Level 372 done
[   38.35] Level 373 done
[   38.51] Level 374 done
[   38.66] Level 375 done
[   38.82] Level 376 done
[   38.98] Level 377 done
[   39.14] Level 378 done
[   39.30] Level 379 done
[   39.45] Level 380 done
[   39.61] Level 381 done
[   39.77] Level 382 done
[   39.93] Level 383 done
[   40.09] Level 384 done
[   40.25] Level 385 done
[   40.41] Level 386 done
[   40.57] Level 387 done
[   40.73] Level 388 done
[   40.89] Level 389 done
[   41.05] Level 390 done
[   41.21] Level 391 done
[   41.37] Level 392 done
[   41.53] Level 393 done
[   41.69] Level 394 done
[   41.85] Level 395 done
[   42.01] Level 396 done
[   42.18] Level 397 done
[   42.34] Level 398 done
[   42.50] Level 399 done
[   42.66] Level 400 done
[   42.83] Level 401 done
[   42.99] Level 402 done
[   43.15] Level 403 done
[   43.32] Level 404 done
[   43.48] Level 405 done
[   43.64] Level 406 done
[   43.81] Level 407 done
[   43.97] Level 408 done
[   44.14] Level 409 done
[   44.30] Level 410 done
[   44.46] Level 411 done
[   44.63] Level 412 done
[   44.79] Level 413 done
[   44.95] Level 414 done
[   45.12] Level 415 done
[   45.28] Level 416 done
[   45.45] Level 417 done
[   45.61] Level 418 done
[   45.78] Level 419 done
[   45.94] Level 420 done
[   46.11] Level 421 done
[   46.27] Level 422 done
[   46.44] Level 423 done
[   46.61] Level 424 done
[   46.77] Level 425 done
[   46.94] Level 426 done
[   47.11] Level 427 done
[   47.27] Level 428 done
[   47.44] Level 429 done
[   47.60] Level 430 done
[   47.77] Level 431 done
[   47.94] Level 432 done
[   48.11] Level 433 done
[   48.27] Level 434 done
[   48.44] Level 435 done
[   48.61] Level 436 done
[   48.78] Level 437 done
[   48.95] Level 438 done
[   49.11] Level 439 done
[   49.28] Level 440 done
[   49.45] Level 441 done
[   49.62] Level 442 done
[   49.79] Level 443 done
[   49.96] Level 444 done
[   50.13] Level 445 done
[   50.30] Level 446 done
[   50.47] Level 447 done
[   50.64] Level 448 done
[   50.81] Level 449 done
[   50.98] Level 450 done
[   51.15] Level 451 done
[   51.32] Level 452 done
[   51.49] Level 453 done
[   51.66] Level 454 done
[   51.83] Level 455 done
[   52.00] Level 456 done
[   52.17] Level 457 done
[   52.34] Level 458 done
[   52.51] Level 459 done
[   52.68] Level 460 done
[   52.85] Level 461 done
[   53.02] Level 462 done
[   53.19] Level 463 done
[   53.37] Level 464 done
[   53.54] Level 465 done
[   53.71] Level 466 done
[   53.88] Level 467 done
[   54.05] Level 468 done
[   54.23] Level 469 done
[   54.40] Level 470 done
[   54.57] Level 471 done
[   54.74] Level 472 done
[   54.91] Level 473 done
[   55.09] Level 474 done
[   55.26] Level 475 done
[   55.43] Level 476 done
[   55.61] Level 477 done
[   55.78] Level 478 done
[   55.95] Level 479 done
[   56.13] Level 480 done
[   56.30] Level 481 done
[   56.47] Level 482 done
[   56.65] Level 483 done
[   56.82] Level 484 done
[   56.99] Level 485 done
[   57.17] Level 486 done
[   57.34] Level 487 done
[   57.52] Level 488 done
[   57.69] Level 489 done
[   57.87] Level 490 done
[   58.04] Level 491 done
[   58.22] Level 492 done
[   58.39] Level 493 done
[   58.57] Level 494 done
[   58.74] Level 495 done
[   58.92] Level 496 done
[   59.09] Level 497 done
[   59.27] Level 498 done
[   59.44] Level 499 done
[   59.62] Level 500 done
[   59.79] Level 501 done
[   59.97] Level 502 done
[   60.14] Level 503 done
[   60.32] Level 504 done
[   60.50] Level 505 done
[   60.67] Level 506 done
[   60.85] Level 507 done
[   61.02] Level 508 done
[   61.20] Level 509 done
[   61.38] Level 510 done
[   61.55] Level 511 done
[   61.73] Level 512 done
[   61.90] Level 513 done
[   62.08] Level 514 done
[   62.26] Level 515 done
[   62.43] Level 516 done
[   62.61] Level 517 done
[   62.79] Level 518 done
[   62.97] Level 519 done
[   63.14] Level 520 done
[   63.32] Level 521 done
[   63.50] Level 522 done
[   63.68] Level 523 done
[   63.85] Level 524 done
[   64.03] Level 525 done
[   64.21] Level 526 done
[   64.39] Level 527 done
[   64.57] Level 528 done
[   64.75] Level 529 done
[   64.93] Level 530 done
[   65.11] Level 531 done
[   65.29] Level 532 done
[   65.47] Level 533 done
[   65.65] Level 534 done
[   65.83] Level 535 done
[   66.00] Level 536 done
[   66.18] Level 537 done
[   66.36] Level 538 done
[   66.54] Level 539 done
[   66.72] Level 540 done
[   66.90] Level 541 done
[   67.07] Level 542 done
[   67.25] Level 543 done
[   67.43] Level 544 done
[   67.61] Level 545 done
[   67.79] Level 546 done
[   67.97] Level 547 done
[   68.15] Level 548 done
[   68.32] Level 549 done
[   68.50] Level 550 done
[   68.68] Level 551 done
[   68.86] Level 552 done
[   69.04] Level 553 done
[   69.22] Level 554 done
[   69.40] Level 555 done
[   69.58] Level 556 done
[   69.76] Level 557 done
[   69.94] Level 558 done
[   70.12] Level 559 done
[   70.30] Level 560 done
[   70.48] Level 561 done
[   70.66] Level 562 done
[   70.84] Level 563 done
[   71.02] Level 564 done
[   71.20] Level 565 done
[   71.38] Level 566 done
[   71.56] Level 567 done
[   71.74] Level 568 done
[   71.92] Level 569 done
[   72.10] Level 570 done
[   72.28] Level 571 done
[   72.46] Level 572 done
[   72.64] Level 573 done
[   72.82] Level 574 done
[   73.00] Level 575 done
[   73.17] Level 576 done
[   73.35] Level 577 done
[   73.54] Level 578 done
[   73.72] Level 579 done
[   73.90] Level 580 done
[   74.07] Level 581 done
[   74.26] Level 582 done
[   74.44] Level 583 done
[   74.62] Level 584 done
[   74.80] Level 585 done
[   74.98] Level 586 done
[   75.16] Level 587 done
[   75.34] Level 588 done
[   75.52] Level 589 done
[   75.70] Level 590 done
[   75.88] Level 591 done
[   76.06] Level 592 done
[   76.24] Level 593 done
[   76.42] Level 594 done
[   76.60] Level 595 done
[   76.78] Level 596 done
[   76.96] Level 597 done
[   77.14] Level 598 done
[   77.32] Level 599 done
[   77.50] Level 600 done
[   77.68] Level 601 done
[   77.86] Level 602 done
[   78.04] Level 603 done
[   78.22] Level 604 done
[   78.41] Level 605 done
[   78.59] Level 606 done
[   78.77] Level 607 done
[   78.95] Level 608 done
[   79.13] Level 609 done
[   79.31] Level 610 done
[   79.49] Level 611 done
[   79.67] Level 612 done
[   79.85] Level 613 done
[   80.03] Level 614 done
[   80.21] Level 615 done
[   80.39] Level 616 done
[   80.57] Level 617 done
[   80.75] Level 618 done
[   80.93] Level 619 done
[   81.11] Level 620 done
[   81.29] Level 621 done
[   81.47] Level 622 done
[   81.65] Level 623 done
[   81.83] Level 624 done
[   82.01] Level 625 done
[   82.19] Level 626 done
[   82.37] Level 627 done
[   82.55] Level 628 done
[   82.73] Level 629 done
[   82.91] Level 630 done
[   83.09] Level 631 done
[   83.27] Level 632 done
[   83.45] Level 633 done
[   83.63] Level 634 done
[   83.81] Level 635 done
[   83.99] Level 636 done
[   84.17] Level 637 done
[   84.35] Level 638 done
[   84.53] Level 639 done
[   84.71] Level 640 done
[   84.89] Level 641 done
[   85.07] Level 642 done
[   85.25] Level 643 done
[   85.43] Level 644 done
[   85.61] Level 645 done
[   85.79] Level 646 done
[   85.97] Level 647 done
[   86.15] Level 648 done
[   86.33] Level 649 done
[   86.51] Level 650 done
[   86.69] Level 651 done
[   86.87] Level 652 done
[   87.05] Level 653 done
[   87.23] Level 654 done
[   87.41] Level 655 done
[   87.59] Level 656 done
[   87.77] Level 657 done
[   87.94] Level 658 done
[   88.12] Level 659 done
[   88.30] Level 660 done
[   88.48] Level 661 done
[   88.66] Level 662 done
[   88.84] Level 663 done
[   89.02] Level 664 done
[   89.20] Level 665 done
[   89.38] Level 666 done
[   89.56] Level 667 done
[   89.74] Level 668 done
[   89.91] Level 669 done
[   90.09] Level 670 done
[   90.27] Level 671 done
[   90.45] Level 672 done
[   90.63] Level 673 done
[   90.81] Level 674 done
[   90.98] Level 675 done
[   91.16] Level 676 done
[   91.34] Level 677 done
[   91.52] Level 678 done
[   91.70] Level 679 done
[   91.88] Level 680 done
[   92.05] Level 681 done
[   92.23] Level 682 done
[   92.41] Level 683 done
[   92.59] Level 684 done
[   92.76] Level 685 done
[   92.94] Level 686 done
[   93.12] Level 687 done
[   93.30] Level 688 done
[   93.47] Level 689 done
[   93.65] Level 690 done
[   93.83] Level 691 done
[   94.00] Level 692 done
[   94.18] Level 693 done
[   94.36] Level 694 done
[   94.54] Level 695 done
[   94.71] Level 696 done
[   94.89] Level 697 done
[   95.07] Level 698 done
[   95.24] Level 699 done
[   95.42] Level 700 done
[   95.60] Level 701 done
[   95.77] Level 702 done
[   95.95] Level 703 done
[   96.13] Level 704 done
[   96.30] Level 705 done
[   96.48] Level 706 done
[   96.65] Level 707 done
[   96.83] Level 708 done
[   97.00] Level 709 done
[   97.18] Level 710 done
[   97.36] Level 711 done
[   97.53] Level 712 done
[   97.71] Level 713 done
[   97.88] Level 714 done
[   98.06] Level 715 done
[   98.23] Level 716 done
[   98.41] Level 717 done
[   98.58] Level 718 done
[   98.75] Level 719 done
[   98.93] Level 720 done
[   99.10] Level 721 done
[   99.28] Level 722 done
[   99.45] Level 723 done
[   99.63] Level 724 done
[   99.80] Level 725 done
[   99.97] Level 726 done
[  100.15] Level 727 done
[  100.32] Level 728 done
[  100.50] Level 729 done
[  100.67] Level 730 done
[  100.84] Level 731 done
[  101.02] Level 732 done
[  101.19] Level 733 done
[  101.36] Level 734 done
[  101.54] Level 735 done
[  101.71] Level 736 done
[  101.88] Level 737 done
[  102.05] Level 738 done
[  102.23] Level 739 done
[  102.40] Level 740 done
[  102.57] Level 741 done
[  102.74] Level 742 done
[  102.92] Level 743 done
[  103.09] Level 744 done
[  103.26] Level 745 done
[  103.43] Level 746 done
[  103.60] Level 747 done
[  103.77] Level 748 done
[  103.95] Level 749 done
[  104.12] Level 750 done
[  104.29] Level 751 done
[  104.46] Level 752 done
[  104.63] Level 753 done
[  104.80] Level 754 done
[  104.97] Level 755 done
[  105.14] Level 756 done
[  105.31] Level 757 done
[  105.48] Level 758 done
[  105.65] Level 759 done
[  105.82] Level 760 done
[  105.99] Level 761 done
[  106.16] Level 762 done
[  106.33] Level 763 done
[  106.50] Level 764 done
[  106.67] Level 765 done
[  106.84] Level 766 done
[  107.01] Level 767 done
[  107.17] Level 768 done
[  107.34] Level 769 done
[  107.51] Level 770 done
[  107.68] Level 771 done
[  107.85] Level 772 done
[  108.02] Level 773 done
[  108.18] Level 774 done
[  108.35] Level 775 done
[  108.52] Level 776 done
[  108.69] Level 777 done
[  108.86] Level 778 done
[  109.02] Level 779 done
[  109.19] Level 780 done
[  109.36] Level 781 done
[  109.52] Level 782 done
[  109.69] Level 783 done
[  109.85] Level 784 done
[  110.02] Level 785 done
[  110.19] Level 786 done
[  110.35] Level 787 done
[  110.52] Level 788 done
[  110.68] Level 789 done
[  110.85] Level 790 done
[  111.01] Level 791 done
[  111.18] Level 792 done
[  111.34] Level 793 done
[  111.51] Level 794 done
[  111.67] Level 795 done
[  111.84] Level 796 done
[  112.00] Level 797 done
[  112.16] Level 798 done
[  112.33] Level 799 done
[  112.49] Level 800 done
[  112.66] Level 801 done
[  112.82] Level 802 done
[  112.98] Level 803 done
[  113.14] Level 804 done
[  113.31] Level 805 done
[  113.47] Level 806 done
[  113.63] Level 807 done
[  113.80] Level 808 done
[  113.96] Level 809 done
[  114.12] Level 810 done
[  114.28] Level 811 done
[  114.44] Level 812 done
[  114.60] Level 813 done
[  114.76] Level 814 done
[  114.93] Level 815 done
[  115.09] Level 816 done
[  115.25] Level 817 done
[  115.41] Level 818 done
[  115.57] Level 819 done
[  115.73] Level 820 done
[  115.89] Level 821 done
[  116.05] Level 822 done
[  116.21] Level 823 done
[  116.36] Level 824 done
[  116.52] Level 825 done
[  116.68] Level 826 done
[  116.84] Level 827 done
[  117.00] Level 828 done
[  117.16] Level 829 done
[  117.31] Level 830 done
[  117.47] Level 831 done
[  117.63] Level 832 done
[  117.79] Level 833 done
[  117.94] Level 834 done
[  118.10] Level 835 done
[  118.26] Level 836 done
[  118.41] Level 837 done
[  118.57] Level 838 done
[  118.72] Level 839 done
[  118.88] Level 840 done
[  119.03] Level 841 done
[  119.19] Level 842 done
[  119.35] Level 843 done
[  119.50] Level 844 done
[  119.65] Level 845 done
[  119.81] Level 846 done
[  119.96] Level 847 done
[  120.12] Level 848 done
[  120.27] Level 849 done
[  120.42] Level 850 done
[  120.58] Level 851 done
[  120.73] Level 852 done
[  120.88] Level 853 done
[  121.04] Level 854 done
[  121.19] Level 855 done
[  121.34] Level 856 done
[  121.49] Level 857 done
[  121.64] Level 858 done
[  121.80] Level 859 done
[  121.95] Level 860 done
[  122.10] Level 861 done
[  122.25] Level 862 done
[  122.40] Level 863 done
[  122.55] Level 864 done
[  122.70] Level 865 done
[  122.85] Level 866 done
[  123.00] Level 867 done
[  123.15] Level 868 done
[  123.30] Level 869 done
[  123.44] Level 870 done
[  123.59] Level 871 done
[  123.74] Level 872 done
[  123.89] Level 873 done
[  124.04] Level 874 done
[  124.18] Level 875 done
[  124.33] Level 876 done
[  124.48] Level 877 done
[  124.62] Level 878 done
[  124.77] Level 879 done
[  124.92] Level 880 done
[  125.06] Level 881 done
[  125.21] Level 882 done
[  125.35] Level 883 done
[  125.50] Level 884 done
[  125.64] Level 885 done
[  125.79] Level 886 done
[  125.93] Level 887 done
[  126.08] Level 888 done
[  126.22] Level 889 done
[  126.36] Level 890 done
[  126.51] Level 891 done
[  126.65] Level 892 done
[  126.79] Level 893 done
[  126.93] Level 894 done
[  127.08] Level 895 done
[  127.22] Level 896 done
[  127.36] Level 897 done
[  127.50] Level 898 done
[  127.64] Level 899 done
[  127.78] Level 900 done
[  127.92] Level 901 done
[  128.06] Level 902 done
[  128.20] Level 903 done
[  128.34] Level 904 done
[  128.48] Level 905 done
[  128.62] Level 906 done
[  128.76] Level 907 done
[  128.90] Level 908 done
[  129.04] Level 909 done
[  129.18] Level 910 done
[  129.31] Level 911 done
[  129.45] Level 912 done
[  129.59] Level 913 done
[  129.72] Level 914 done
[  129.86] Level 915 done
[  130.00] Level 916 done
[  130.13] Level 917 done
[  130.27] Level 918 done
[  130.41] Level 919 done
[  130.54] Level 920 done
[  130.68] Level 921 done
[  130.81] Level 922 done
[  130.94] Level 923 done
[  131.08] Level 924 done
[  131.21] Level 925 done
[  131.34] Level 926 done
[  131.48] Level 927 done
[  131.61] Level 928 done
[  131.74] Level 929 done
[  131.87] Level 930 done
[  132.01] Level 931 done
[  132.14] Level 932 done
[  132.27] Level 933 done
[  132.40] Level 934 done
[  132.53] Level 935 done
[  132.66] Level 936 done
[  132.79] Level 937 done
[  132.92] Level 938 done
[  133.05] Level 939 done
[  133.18] Level 940 done
[  133.31] Level 941 done
[  133.43] Level 942 done
[  133.56] Level 943 done
[  133.69] Level 944 done
[  133.82] Level 945 done
[  133.95] Level 946 done
[  134.07] Level 947 done
[  134.20] Level 948 done
[  134.33] Level 949 done
[  134.45] Level 950 done
[  134.58] Level 951 done
[  134.70] Level 952 done
[  134.83] Level 953 done
[  134.95] Level 954 done
[  135.08] Level 955 done
[  135.20] Level 956 done
[  135.33] Level 957 done
[  135.45] Level 958 done
[  135.57] Level 959 done
[  135.69] Level 960 done
[  135.82] Level 961 done
[  135.94] Level 962 done
[  136.06] Level 963 done
[  136.18] Level 964 done
[  136.30] Level 965 done
[  136.42] Level 966 done
[  136.54] Level 967 done
[  136.66] Level 968 done
[  136.78] Level 969 done
[  136.90] Level 970 done
[  137.02] Level 971 done
[  137.14] Level 972 done
[  137.26] Level 973 done
[  137.38] Level 974 done
[  137.49] Level 975 done
[  137.61] Level 976 done
[  137.73] Level 977 done
[  137.84] Level 978 done
[  137.96] Level 979 done
[  138.08] Level 980 done
[  138.19] Level 981 done
[  138.31] Level 982 done
[  138.42] Level 983 done
[  138.54] Level 984 done
[  138.65] Level 985 done
[  138.76] Level 986 done
[  138.88] Level 987 done
[  138.99] Level 988 done
[  139.10] Level 989 done
[  139.22] Level 990 done
[  139.33] Level 991 done
[  139.44] Level 992 done
[  139.55] Level 993 done
[  139.67] Level 994 done
[  139.78] Level 995 done
[  139.89] Level 996 done
[  140.00] Level 997 done
[  140.11] Level 998 done
[  140.22] Level 999 done
[  140.33] Level 1000 done
[  140.43] Level 1001 done
[  140.54] Level 1002 done
[  140.65] Level 1003 done
[  140.76] Level 1004 done
[  140.86] Level 1005 done
[  140.97] Level 1006 done
[  141.08] Level 1007 done
[  141.18] Level 1008 done
[  141.29] Level 1009 done
[  141.39] Level 1010 done
[  141.50] Level 1011 done
[  141.60] Level 1012 done
[  141.70] Level 1013 done
[  141.81] Level 1014 done
[  141.91] Level 1015 done
[  142.01] Level 1016 done
[  142.12] Level 1017 done
[  142.22] Level 1018 done
[  142.32] Level 1019 done
[  142.42] Level 1020 done
[  142.52] Level 1021 done
[  142.62] Level 1022 done
[  142.72] Level 1023 done
[  142.82] Level 1024 done
[  142.92] Level 1025 done
[  143.02] Level 1026 done
[  143.11] Level 1027 done
[  143.21] Level 1028 done
[  143.31] Level 1029 done
[  143.41] Level 1030 done
[  143.50] Level 1031 done
[  143.60] Level 1032 done
[  143.70] Level 1033 done
[  143.79] Level 1034 done
[  143.89] Level 1035 done
[  143.98] Level 1036 done
[  144.08] Level 1037 done
[  144.17] Level 1038 done
[  144.27] Level 1039 done
[  144.36] Level 1040 done
[  144.45] Level 1041 done
[  144.55] Level 1042 done
[  144.64] Level 1043 done
[  144.73] Level 1044 done
[  144.82] Level 1045 done
[  144.92] Level 1046 done
[  145.01] Level 1047 done
[  145.10] Level 1048 done
[  145.19] Level 1049 done
[  145.28] Level 1050 done
[  145.37] Level 1051 done
[  145.46] Level 1052 done
[  145.54] Level 1053 done
[  145.63] Level 1054 done
[  145.72] Level 1055 done
[  145.80] Level 1056 done
[  145.89] Level 1057 done
[  145.97] Level 1058 done
[  146.06] Level 1059 done
[  146.14] Level 1060 done
[  146.23] Level 1061 done
[  146.31] Level 1062 done
[  146.40] Level 1063 done
[  146.48] Level 1064 done
[  146.56] Level 1065 done
[  146.64] Level 1066 done
[  146.73] Level 1067 done
[  146.81] Level 1068 done
[  146.89] Level 1069 done
[  146.97] Level 1070 done
[  147.05] Level 1071 done
[  147.13] Level 1072 done
[  147.21] Level 1073 done
[  147.29] Level 1074 done
[  147.37] Level 1075 done
[  147.45] Level 1076 done
[  147.53] Level 1077 done
[  147.60] Level 1078 done
[  147.68] Level 1079 done
[  147.76] Level 1080 done
[  147.84] Level 1081 done
[  147.91] Level 1082 done
[  147.99] Level 1083 done
[  148.06] Level 1084 done
[  148.14] Level 1085 done
[  148.21] Level 1086 done
[  148.29] Level 1087 done
[  148.36] Level 1088 done
[  148.43] Level 1089 done
[  148.51] Level 1090 done
[  148.58] Level 1091 done
[  148.65] Level 1092 done
[  148.72] Level 1093 done
[  148.79] Level 1094 done
[  148.86] Level 1095 done
[  148.93] Level 1096 done
[  149.00] Level 1097 done
[  149.07] Level 1098 done
[  149.14] Level 1099 done
[  149.21] Level 1100 done
[  149.27] Level 1101 done
[  149.34] Level 1102 done
[  149.41] Level 1103 done
[  149.47] Level 1104 done
[  149.54] Level 1105 done
[  149.61] Level 1106 done
[  149.67] Level 1107 done
[  149.73] Level 1108 done
[  149.80] Level 1109 done
[  149.86] Level 1110 done
[  149.92] Level 1111 done
[  149.99] Level 1112 done
[  150.05] Level 1113 done
[  150.11] Level 1114 done
[  150.17] Level 1115 done
[  150.23] Level 1116 done
[  150.29] Level 1117 done
[  150.35] Level 1118 done
[  150.41] Level 1119 done
[  150.47] Level 1120 done
[  150.53] Level 1121 done
[  150.59] Level 1122 done
[  150.65] Level 1123 done
[  150.71] Level 1124 done
[  150.77] Level 1125 done
[  150.82] Level 1126 done
[  150.88] Level 1127 done
[  150.94] Level 1128 done
[  150.99] Level 1129 done
[  151.05] Level 1130 done
[  151.10] Level 1131 done
[  151.16] Level 1132 done
[  151.21] Level 1133 done
[  151.26] Level 1134 done
[  151.32] Level 1135 done
[  151.37] Level 1136 done
[  151.42] Level 1137 done
[  151.47] Level 1138 done
[  151.52] Level 1139 done
[  151.57] Level 1140 done
[  151.62] Level 1141 done
[  151.67] Level 1142 done
[  151.72] Level 1143 done
[  151.77] Level 1144 done
[  151.82] Level 1145 done
[  151.86] Level 1146 done
[  151.91] Level 1147 done
[  151.95] Level 1148 done
[  152.00] Level 1149 done
[  152.04] Level 1150 done
[  152.09] Level 1151 done
[  152.13] Level 1152 done
[  152.18] Level 1153 done
[  152.22] Level 1154 done
[  152.26] Level 1155 done
[  152.30] Level 1156 done
[  152.35] Level 1157 done
[  152.39] Level 1158 done
[  152.43] Level 1159 done
[  152.47] Level 1160 done
[  152.51] Level 1161 done
[  152.55] Level 1162 done
[  152.59] Level 1163 done
[  152.62] Level 1164 done
[  152.66] Level 1165 done
[  152.70] Level 1166 done
[  152.74] Level 1167 done
[  152.77] Level 1168 done
[  152.81] Level 1169 done
[  152.84] Level 1170 done
[  152.88] Level 1171 done
[  152.92] Level 1172 done
[  152.95] Level 1173 done
[  152.98] Level 1174 done
[  153.02] Level 1175 done
[  153.05] Level 1176 done
[  153.08] Level 1177 done
[  153.12] Level 1178 done
[  153.15] Level 1179 done
[  153.18] Level 1180 done
[  153.21] Level 1181 done
[  153.24] Level 1182 done
[  153.27] Level 1183 done
[  153.30] Level 1184 done
[  153.32] Level 1185 done
[  153.35] Level 1186 done
[  153.38] Level 1187 done
[  153.41] Level 1188 done
[  153.43] Level 1189 done
[  153.46] Level 1190 done
[  153.48] Level 1191 done
[  153.50] Level 1192 done
[  153.53] Level 1193 done
[  153.55] Level 1194 done
[  153.58] Level 1195 done
[  153.60] Level 1196 done
[  153.62] Level 1197 done
[  153.64] Level 1198 done
[  153.66] Level 1199 done
[  153.68] Level 1200 done
[  153.70] Level 1201 done
[  153.72] Level 1202 done
[  153.74] Level 1203 done
[  153.76] Level 1204 done
[  153.78] Level 1205 done
[  153.80] Level 1206 done
[  153.81] Level 1207 done
[  153.83] Level 1208 done
[  153.85] Level 1209 done
[  153.87] Level 1210 done
[  153.88] Level 1211 done
[  153.90] Level 1212 done
[  153.91] Level 1213 done
[  153.93] Level 1214 done
[  153.94] Level 1215 done
[  153.96] Level 1216 done
[  153.97] Level 1217 done
[  153.99] Level 1218 done
[  154.00] Level 1219 done
[  154.01] Level 1220 done
[  154.03] Level 1221 done
[  154.04] Level 1222 done
[  154.05] Level 1223 done
[  154.06] Level 1224 done
[  154.07] Level 1225 done
[  154.08] Level 1226 done
[  154.09] Level 1227 done
[  154.10] Level 1228 done
[  154.11] Level 1229 done
[  154.12] Level 1230 done
[  154.13] Level 1231 done
[  154.14] Level 1232 done
[  154.14] Level 1233 done
[  154.15] Level 1234 done
[  154.16] Level 1235 done
[  154.16] Level 1236 done
[  154.17] Level 1237 done
[  154.18] Level 1238 done
[  154.18] Level 1239 done
[  154.19] Level 1240 done
[  154.19] Level 1241 done
[  154.20] Level 1242 done
[  154.20] Level 1243 done
[  154.21] Level 1244 done
[  154.21] Level 1245 done
[  154.21] Level 1246 done
[  154.22] Level 1247 done
[  154.22] Level 1248 done
[  154.23] Level 1249 done
[  154.23] Level 1250 done
[  154.23] Level 1251 done
[  154.24] Level 1252 done
[  154.24] Level 1253 done
[  154.24] Level 1254 done
[  154.24] Level 1255 done
[  154.25] Level 1256 done
[  154.25] Level 1257 done
[  154.25] Level 1258 done
[  154.25] Level 1259 done
[  154.25] Level 1260 done
[  154.26] Level 1261 done
[  154.26] Level 1262 done
[  154.26] Level 1263 done
[  154.26] Level 1264 done
[  154.26] Level 1265 done
[  154.26] Level 1266 done
[  154.27] Level 1267 done
[  154.27] Level 1268 done
[  154.27] Level 1269 done
[  154.27] Level 1270 done
[  154.27] Level 1271 done
[  154.27] Level 1272 done
[  154.27] Level 1273 done
[  154.27] Level 1274 done
[  154.27] Level 1275 done
[  154.27] Level 1276 done
[  154.27] BFS Time: 153.429821
[  154.27] Final states: 29,273,397,577,908,224 states
