[    0.47] Read file '/home/oortwijn/distdd/models/petrinets/SwimmingPool-6.bdd'
[    0.47] 9 integers per state, 7 bits per integer, 7 transition groups
[    0.48] Level 1 done
[    0.49] Level 2 done
[    0.50] Level 3 done
[    0.52] Level 4 done
[    0.53] Level 5 done
[    0.54] Level 6 done
[    0.55] Level 7 done
[    0.55] Level 8 done
[    0.55] Level 9 done
[    0.55] Level 10 done
[    0.55] Level 11 done
[    0.56] Level 12 done
[    0.56] Level 13 done
[    0.56] Level 14 done
[    0.56] Level 15 done
[    0.56] Level 16 done
[    0.56] Level 17 done
[    0.56] Level 18 done
[    0.56] Level 19 done
[    0.56] Level 20 done
[    0.56] Level 21 done
[    0.56] Level 22 done
[    0.57] Level 23 done
[    0.57] Level 24 done
[    0.57] Level 25 done
[    0.57] Level 26 done
[    0.58] Level 27 done
[    0.58] Level 28 done
[    0.58] Level 29 done
[    0.59] Level 30 done
[    0.59] Level 31 done
[    0.60] Level 32 done
[    0.60] Level 33 done
[    0.61] Level 34 done
[    0.61] Level 35 done
[    0.62] Level 36 done
[    0.63] Level 37 done
[    0.64] Level 38 done
[    0.65] Level 39 done
[    0.66] Level 40 done
[    0.67] Level 41 done
[    0.69] Level 42 done
[    0.70] Level 43 done
[    0.71] Level 44 done
[    0.73] Level 45 done
[    0.74] Level 46 done
[    0.76] Level 47 done
[    0.78] Level 48 done
[    0.80] Level 49 done
[    0.82] Level 50 done
[    0.85] Level 51 done
[    0.88] Level 52 done
[    0.90] Level 53 done
[    0.93] Level 54 done
[    0.96] Level 55 done
[    1.00] Level 56 done
[    1.04] Level 57 done
[    1.08] Level 58 done
[    1.12] Level 59 done
[    1.17] Level 60 done
[    1.22] Level 61 done
[    1.27] Level 62 done
[    1.33] Level 63 done
[    1.39] Level 64 done
[    1.46] Level 65 done
[    1.53] Level 66 done
[    1.60] Level 67 done
[    1.67] Level 68 done
[    1.75] Level 69 done
[    1.83] Level 70 done
[    1.92] Level 71 done
[    2.02] Level 72 done
[    2.11] Level 73 done
[    2.21] Level 74 done
[    2.33] Level 75 done
[    2.45] Level 76 done
[    2.57] Level 77 done
[    2.70] Level 78 done
[    2.83] Level 79 done
[    2.97] Level 80 done
[    3.13] Level 81 done
[    3.28] Level 82 done
[    3.44] Level 83 done
[    3.60] Level 84 done
[    3.78] Level 85 done
[    3.97] Level 86 done
[    4.16] Level 87 done
[    4.36] Level 88 done
[    4.58] Level 89 done
[    4.80] Level 90 done
[    5.03] Level 91 done
[    5.28] Level 92 done
[    5.53] Level 93 done
[    5.80] Level 94 done
[    6.08] Level 95 done
[    6.37] Level 96 done
[    6.67] Level 97 done
[    6.99] Level 98 done
[    7.33] Level 99 done
[    7.67] Level 100 done
[    8.03] Level 101 done
[    8.41] Level 102 done
[    8.80] Level 103 done
[    9.23] Level 104 done
[    9.68] Level 105 done
[   10.13] Level 106 done
[   10.59] Level 107 done
[   11.08] Level 108 done
[   11.58] Level 109 done
[   12.11] Level 110 done
[   12.70] Level 111 done
[   13.28] Level 112 done
[   13.88] Level 113 done
[   14.51] Level 114 done
[   15.17] Level 115 done
[   15.86] Level 116 done
[   16.57] Level 117 done
[   17.31] Level 118 done
[   18.08] Level 119 done
[   18.88] Level 120 done
[   19.73] Level 121 done
[   20.59] Level 122 done
[   21.53] Level 123 done
[   22.48] Level 124 done
[   23.47] Level 125 done
[   24.55] Level 126 done
[   25.65] Level 127 done
[   26.77] Level 128 done
[   27.94] Level 129 done
[   29.20] Level 130 done
[   30.47] Level 131 done
[   31.85] Level 132 done
[   33.22] Level 133 done
[   34.65] Level 134 done
[   36.13] Level 135 done
[   37.69] Level 136 done
[   39.31] Level 137 done
[   41.00] Level 138 done
[   42.80] Level 139 done
[   44.63] Level 140 done
[   46.54] Level 141 done
[   48.64] Level 142 done
[   50.78] Level 143 done
[   50.86] (GC) Starting garbage collection...
[   51.04] (GC) Garbage collection done.
[   53.71] Level 144 done
[   56.00] Level 145 done
[   58.03] Level 146 done
[   60.15] Level 147 done
[   62.33] Level 148 done
[   64.59] Level 149 done
[   66.94] Level 150 done
[   69.49] Level 151 done
[   72.00] Level 152 done
[   74.58] Level 153 done
[   77.23] Level 154 done
[   79.95] Level 155 done
[   82.77] Level 156 done
[   85.71] Level 157 done
[   88.75] Level 158 done
[   91.91] Level 159 done
[   95.15] Level 160 done
[   98.50] Level 161 done
[  102.12] Level 162 done
[  105.78] Level 163 done
[  109.71] Level 164 done
[  113.67] Level 165 done
[  114.09] (GC) Starting garbage collection...
[  114.38] (GC) Garbage collection done.
[  118.76] Level 166 done
[  122.98] Level 167 done
[  126.97] Level 168 done
[  131.06] Level 169 done
[  135.29] Level 170 done
[  139.62] Level 171 done
[  144.16] Level 172 done
[  148.90] Level 173 done
[  153.63] Level 174 done
[  158.53] Level 175 done
[  163.65] Level 176 done
[  168.98] Level 177 done
[  174.47] Level 178 done
[  176.40] (GC) Starting garbage collection...
[  176.80] (GC) Garbage collection done.
[  181.24] Level 179 done
[  187.45] Level 180 done
[  193.13] Level 181 done
[  198.93] Level 182 done
[  204.81] Level 183 done
[  210.99] Level 184 done
[  217.20] Level 185 done
[  223.64] Level 186 done
[  230.29] Level 187 done
[  237.16] Level 188 done
[  239.75] (GC) Starting garbage collection...
[  240.22] (GC) Garbage collection done.
[  245.04] Level 189 done
[  252.50] Level 190 done
[  259.63] Level 191 done
[  266.67] Level 192 done
[  274.05] Level 193 done
[  281.45] Level 194 done
[  289.13] Level 195 done
[  297.07] Level 196 done
[  298.57] (GC) Starting garbage collection...
[  299.05] (GC) Garbage collection done.
[  306.46] Level 197 done
[  314.69] Level 198 done
[  322.84] Level 199 done
[  331.04] Level 200 done
[  339.45] Level 201 done
[  348.30] Level 202 done
[  357.38] Level 203 done
[  357.95] (GC) Starting garbage collection...
[  358.41] (GC) Garbage collection done.
[  367.70] Level 204 done
[  376.84] Level 205 done
[  386.02] Level 206 done
[  395.15] Level 207 done
[  404.74] Level 208 done
[  414.67] Level 209 done
[  417.45] (GC) Starting garbage collection...
[  418.01] (GC) Garbage collection done.
[  425.91] Level 210 done
[  436.24] Level 211 done
[  446.09] Level 212 done
[  456.26] Level 213 done
[  466.81] Level 214 done
[  477.18] (GC) Starting garbage collection...
[  477.73] (GC) Garbage collection done.
[  478.33] Level 215 done
[  489.87] Level 216 done
[  500.77] Level 217 done
[  511.78] Level 218 done
[  522.87] Level 219 done
[  534.36] Level 220 done
[  535.28] (GC) Starting garbage collection...
[  535.83] (GC) Garbage collection done.
[  547.35] Level 221 done
[  558.78] Level 222 done
[  570.50] Level 223 done
[  582.02] Level 224 done
[  593.64] (GC) Starting garbage collection...
[  594.23] (GC) Garbage collection done.
[  594.72] Level 225 done
[  607.57] Level 226 done
[  619.51] Level 227 done
[  631.47] Level 228 done
[  643.70] Level 229 done
[  646.26] (GC) Starting garbage collection...
[  646.92] (GC) Garbage collection done.
[  657.80] Level 230 done
[  669.95] Level 231 done
[  682.91] Level 232 done
[  695.85] Level 233 done
[  706.36] (GC) Starting garbage collection...
[  707.12] (GC) Garbage collection done.
[  710.71] Level 234 done
[  724.44] Level 235 done
[  737.96] Level 236 done
[  750.91] Level 237 done
[  753.87] (GC) Starting garbage collection...
[  754.58] (GC) Garbage collection done.
[  766.10] Level 238 done
[  779.65] Level 239 done
[  793.37] Level 240 done
[  807.14] Level 241 done
[  809.33] (GC) Starting garbage collection...
[  809.98] (GC) Garbage collection done.
[  822.94] Level 242 done
[  837.40] Level 243 done
[  850.75] Level 244 done
[  864.85] Level 245 done
[  865.86] (GC) Starting garbage collection...
[  866.48] (GC) Garbage collection done.
[  880.87] Level 246 done
[  895.44] Level 247 done
[  909.88] Level 248 done
[  924.51] Level 249 done
[  924.99] (GC) Starting garbage collection...
[  925.62] (GC) Garbage collection done.
[  940.51] Level 250 done
[  955.63] Level 251 done
[  970.54] Level 252 done
[  980.14] (GC) Starting garbage collection...
[  981.02] (GC) Garbage collection done.
[  987.74] Level 253 done
[ 1002.94] Level 254 done
[ 1017.94] Level 255 done
[ 1033.40] Level 256 done
[ 1034.40] (GC) Starting garbage collection...
[ 1035.08] (GC) Garbage collection done.
[ 1050.22] Level 257 done
[ 1065.11] Level 258 done
[ 1080.75] Level 259 done
[ 1088.65] (GC) Starting garbage collection...
[ 1089.50] (GC) Garbage collection done.
[ 1098.25] Level 260 done
[ 1114.09] Level 261 done
[ 1129.56] Level 262 done
[ 1145.52] Level 263 done
[ 1146.20] (GC) Starting garbage collection...
[ 1146.88] (GC) Garbage collection done.
[ 1163.07] Level 264 done
[ 1179.09] Level 265 done
[ 1194.81] Level 266 done
[ 1210.11] (GC) Starting garbage collection...
[ 1210.84] (GC) Garbage collection done.
[ 1211.57] Level 267 done
[ 1228.31] Level 268 done
[ 1244.55] Level 269 done
[ 1260.01] Level 270 done
[ 1264.80] (GC) Starting garbage collection...
[ 1265.61] (GC) Garbage collection done.
[ 1278.23] Level 271 done
[ 1293.74] Level 272 done
[ 1310.19] Level 273 done
[ 1325.95] Level 274 done
[ 1325.97] (GC) Starting garbage collection...
[ 1326.63] (GC) Garbage collection done.
[ 1343.84] Level 275 done
[ 1359.87] Level 276 done
[ 1376.03] Level 277 done
[ 1382.44] (GC) Starting garbage collection...
[ 1383.26] (GC) Garbage collection done.
[ 1393.88] Level 278 done
[ 1410.40] Level 279 done
[ 1426.86] Level 280 done
[ 1442.66] (GC) Starting garbage collection...
[ 1443.41] (GC) Garbage collection done.
[ 1444.13] Level 281 done
[ 1461.78] Level 282 done
[ 1478.22] Level 283 done
[ 1494.89] Level 284 done
[ 1498.24] (GC) Starting garbage collection...
[ 1499.02] (GC) Garbage collection done.
[ 1513.58] Level 285 done
[ 1529.92] Level 286 done
[ 1546.34] Level 287 done
[ 1562.86] Level 288 done
[ 1563.27] (GC) Starting garbage collection...
[ 1563.95] (GC) Garbage collection done.
[ 1581.16] Level 289 done
[ 1596.82] Level 290 done
[ 1612.69] Level 291 done
[ 1628.95] (GC) Starting garbage collection...
[ 1629.70] (GC) Garbage collection done.
[ 1630.32] Level 292 done
[ 1647.54] Level 293 done
[ 1663.65] Level 294 done
[ 1680.28] Level 295 done
[ 1691.58] (GC) Starting garbage collection...
[ 1692.46] (GC) Garbage collection done.
[ 1697.43] Level 296 done
[ 1714.51] Level 297 done
[ 1731.01] Level 298 done
[ 1746.89] Level 299 done
[ 1748.06] (GC) Starting garbage collection...
[ 1748.79] (GC) Garbage collection done.
[ 1764.50] Level 300 done
[ 1780.62] Level 301 done
[ 1796.89] Level 302 done
[ 1811.96] Level 303 done
[ 1813.60] (GC) Starting garbage collection...
[ 1814.34] (GC) Garbage collection done.
[ 1830.15] Level 304 done
[ 1845.26] Level 305 done
[ 1861.55] Level 306 done
[ 1877.03] Level 307 done
[ 1879.16] (GC) Starting garbage collection...
[ 1879.90] (GC) Garbage collection done.
[ 1895.44] Level 308 done
[ 1911.03] Level 309 done
[ 1927.04] Level 310 done
[ 1942.16] Level 311 done
[ 1946.71] (GC) Starting garbage collection...
[ 1947.49] (GC) Garbage collection done.
[ 1960.19] Level 312 done
[ 1976.45] Level 313 done
[ 1992.05] Level 314 done
[ 2007.59] Level 315 done
[ 2010.85] (GC) Starting garbage collection...
[ 2011.64] (GC) Garbage collection done.
[ 2024.80] Level 316 done
[ 2039.92] Level 317 done
[ 2055.53] Level 318 done
[ 2070.96] Level 319 done
[ 2085.71] (GC) Starting garbage collection...
[ 2086.44] (GC) Garbage collection done.
[ 2087.20] Level 320 done
[ 2103.75] Level 321 done
[ 2118.76] Level 322 done
[ 2133.84] Level 323 done
[ 2148.00] Level 324 done
[ 2152.25] (GC) Starting garbage collection...
[ 2153.02] (GC) Garbage collection done.
[ 2164.97] Level 325 done
[ 2180.19] Level 326 done
[ 2194.20] Level 327 done
[ 2208.64] Level 328 done
[ 2223.35] Level 329 done
[ 2225.88] (GC) Starting garbage collection...
[ 2226.62] (GC) Garbage collection done.
[ 2240.10] Level 330 done
[ 2254.31] Level 331 done
[ 2268.58] Level 332 done
[ 2282.24] Level 333 done
[ 2295.77] Level 334 done
[ 2297.51] (GC) Starting garbage collection...
[ 2298.22] (GC) Garbage collection done.
[ 2312.03] Level 335 done
[ 2325.40] Level 336 done
[ 2339.16] Level 337 done
[ 2352.81] Level 338 done
[ 2365.77] Level 339 done
[ 2379.01] (GC) Starting garbage collection...
[ 2379.69] (GC) Garbage collection done.
[ 2380.41] Level 340 done
[ 2394.98] Level 341 done
[ 2407.57] Level 342 done
[ 2420.51] Level 343 done
[ 2432.90] Level 344 done
[ 2446.07] Level 345 done
[ 2458.77] Level 346 done
[ 2459.10] (GC) Starting garbage collection...
[ 2459.72] (GC) Garbage collection done.
[ 2473.42] Level 347 done
[ 2486.37] Level 348 done
[ 2498.19] Level 349 done
[ 2510.67] Level 350 done
[ 2522.95] Level 351 done
[ 2534.81] Level 352 done
[ 2546.65] Level 353 done
[ 2547.74] (GC) Starting garbage collection...
[ 2548.36] (GC) Garbage collection done.
[ 2560.78] Level 354 done
[ 2572.36] Level 355 done
[ 2583.67] Level 356 done
[ 2594.57] Level 357 done
[ 2605.98] Level 358 done
[ 2616.98] Level 359 done
[ 2628.32] Level 360 done
[ 2639.48] Level 361 done
[ 2639.66] (GC) Starting garbage collection...
[ 2640.23] (GC) Garbage collection done.
[ 2652.75] Level 362 done
[ 2663.55] Level 363 done
[ 2673.98] Level 364 done
[ 2684.13] Level 365 done
[ 2694.24] Level 366 done
[ 2704.66] Level 367 done
[ 2714.92] Level 368 done
[ 2725.17] Level 369 done
[ 2734.94] Level 370 done
[ 2738.51] (GC) Starting garbage collection...
[ 2739.10] (GC) Garbage collection done.
[ 2745.91] Level 371 done
[ 2756.79] Level 372 done
[ 2766.30] Level 373 done
[ 2775.41] Level 374 done
[ 2784.58] Level 375 done
[ 2793.62] Level 376 done
[ 2802.44] Level 377 done
[ 2811.38] Level 378 done
[ 2820.10] Level 379 done
[ 2828.85] Level 380 done
[ 2836.93] Level 381 done
[ 2844.98] (GC) Starting garbage collection...
[ 2845.49] (GC) Garbage collection done.
[ 2845.99] Level 382 done
[ 2855.76] Level 383 done
[ 2863.82] Level 384 done
[ 2871.69] Level 385 done
[ 2879.36] Level 386 done
[ 2886.86] Level 387 done
[ 2894.18] Level 388 done
[ 2901.45] Level 389 done
[ 2908.29] Level 390 done
[ 2915.36] Level 391 done
[ 2922.12] Level 392 done
[ 2928.89] Level 393 done
[ 2935.62] Level 394 done
[ 2942.06] Level 395 done
[ 2948.55] Level 396 done
[ 2954.94] Level 397 done
[ 2955.69] (GC) Starting garbage collection...
[ 2956.13] (GC) Garbage collection done.
[ 2963.43] Level 398 done
[ 2969.99] Level 399 done
[ 2975.64] Level 400 done
[ 2981.29] Level 401 done
[ 2986.66] Level 402 done
[ 2992.05] Level 403 done
[ 2997.16] Level 404 done
[ 3002.35] Level 405 done
[ 3007.43] Level 406 done
[ 3012.48] Level 407 done
[ 3017.19] Level 408 done
[ 3021.88] Level 409 done
[ 3026.41] Level 410 done
[ 3031.07] Level 411 done
[ 3035.40] Level 412 done
[ 3039.77] Level 413 done
[ 3044.01] Level 414 done
[ 3048.31] Level 415 done
[ 3052.55] Level 416 done
[ 3056.57] Level 417 done
[ 3060.50] Level 418 done
[ 3064.38] Level 419 done
[ 3068.17] Level 420 done
[ 3068.27] (GC) Starting garbage collection...
[ 3068.60] (GC) Garbage collection done.
[ 3073.94] Level 421 done
[ 3077.85] Level 422 done
[ 3081.03] Level 423 done
[ 3084.15] Level 424 done
[ 3087.17] Level 425 done
[ 3090.26] Level 426 done
[ 3093.08] Level 427 done
[ 3095.94] Level 428 done
[ 3098.74] Level 429 done
[ 3101.24] Level 430 done
[ 3103.86] Level 431 done
[ 3106.43] Level 432 done
[ 3108.76] Level 433 done
[ 3111.18] Level 434 done
[ 3113.40] Level 435 done
[ 3115.54] Level 436 done
[ 3117.73] Level 437 done
[ 3119.88] Level 438 done
[ 3122.06] Level 439 done
[ 3124.08] Level 440 done
[ 3125.95] Level 441 done
[ 3127.80] Level 442 done
[ 3129.59] Level 443 done
[ 3131.37] Level 444 done
[ 3133.24] Level 445 done
[ 3135.05] Level 446 done
[ 3136.65] Level 447 done
[ 3138.25] Level 448 done
[ 3139.80] Level 449 done
[ 3141.30] Level 450 done
[ 3142.81] Level 451 done
[ 3144.25] Level 452 done
[ 3145.72] Level 453 done
[ 3147.08] Level 454 done
[ 3148.56] Level 455 done
[ 3149.98] Level 456 done
[ 3151.29] Level 457 done
[ 3152.61] Level 458 done
[ 3153.90] Level 459 done
[ 3155.13] Level 460 done
[ 3156.42] Level 461 done
[ 3157.59] Level 462 done
[ 3158.70] Level 463 done
[ 3159.91] Level 464 done
[ 3160.40] (GC) Starting garbage collection...
[ 3160.64] (GC) Garbage collection done.
[ 3161.78] Level 465 done
[ 3163.34] Level 466 done
[ 3164.38] Level 467 done
[ 3165.32] Level 468 done
[ 3166.15] Level 469 done
[ 3166.92] Level 470 done
[ 3167.66] Level 471 done
[ 3168.44] Level 472 done
[ 3169.16] Level 473 done
[ 3169.85] Level 474 done
[ 3170.51] Level 475 done
[ 3171.11] Level 476 done
[ 3171.69] Level 477 done
[ 3172.26] Level 478 done
[ 3172.81] Level 479 done
[ 3173.39] Level 480 done
[ 3173.98] Level 481 done
[ 3174.50] Level 482 done
[ 3175.05] Level 483 done
[ 3175.52] Level 484 done
[ 3175.97] Level 485 done
[ 3176.45] Level 486 done
[ 3176.87] Level 487 done
[ 3177.34] Level 488 done
[ 3177.75] Level 489 done
[ 3178.17] Level 490 done
[ 3178.54] Level 491 done
[ 3178.94] Level 492 done
[ 3179.29] Level 493 done
[ 3179.64] Level 494 done
[ 3179.98] Level 495 done
[ 3180.30] Level 496 done
[ 3180.61] Level 497 done
[ 3180.93] Level 498 done
[ 3181.22] Level 499 done
[ 3181.53] Level 500 done
[ 3181.81] Level 501 done
[ 3182.10] Level 502 done
[ 3182.38] Level 503 done
[ 3182.65] Level 504 done
[ 3182.89] Level 505 done
[ 3183.13] Level 506 done
[ 3183.35] Level 507 done
[ 3183.58] Level 508 done
[ 3183.78] Level 509 done
[ 3183.98] Level 510 done
[ 3184.17] Level 511 done
[ 3184.36] Level 512 done
[ 3184.54] Level 513 done
[ 3184.71] Level 514 done
[ 3184.89] Level 515 done
[ 3185.06] Level 516 done
[ 3185.21] Level 517 done
[ 3185.36] Level 518 done
[ 3185.50] Level 519 done
[ 3185.65] Level 520 done
[ 3185.78] Level 521 done
[ 3185.91] Level 522 done
[ 3186.04] Level 523 done
[ 3186.16] Level 524 done
[ 3186.28] Level 525 done
[ 3186.39] Level 526 done
[ 3186.48] Level 527 done
[ 3186.58] Level 528 done
[ 3186.67] Level 529 done
[ 3186.77] Level 530 done
[ 3186.86] Level 531 done
[ 3186.94] Level 532 done
[ 3187.01] Level 533 done
[ 3187.08] Level 534 done
[ 3187.15] Level 535 done
[ 3187.21] Level 536 done
[ 3187.27] Level 537 done
[ 3187.33] Level 538 done
[ 3187.39] Level 539 done
[ 3187.44] Level 540 done
[ 3187.48] Level 541 done
[ 3187.53] Level 542 done
[ 3187.57] Level 543 done
[ 3187.62] Level 544 done
[ 3187.65] Level 545 done
[ 3187.69] Level 546 done
[ 3187.72] Level 547 done
[ 3187.75] Level 548 done
[ 3187.78] Level 549 done
[ 3187.81] Level 550 done
[ 3187.83] Level 551 done
[ 3187.85] Level 552 done
[ 3187.87] Level 553 done
[ 3187.89] Level 554 done
[ 3187.91] Level 555 done
[ 3187.93] Level 556 done
[ 3187.95] Level 557 done
[ 3187.96] Level 558 done
[ 3187.97] Level 559 done
[ 3187.99] Level 560 done
[ 3188.00] Level 561 done
[ 3188.01] Level 562 done
[ 3188.01] Level 563 done
[ 3188.02] Level 564 done
[ 3188.03] Level 565 done
[ 3188.04] Level 566 done
[ 3188.04] Level 567 done
[ 3188.05] Level 568 done
[ 3188.05] Level 569 done
[ 3188.06] Level 570 done
[ 3188.06] Level 571 done
[ 3188.06] Level 572 done
[ 3188.07] Level 573 done
[ 3188.07] Level 574 done
[ 3188.07] Level 575 done
[ 3188.07] Level 576 done
[ 3188.07] Level 577 done
[ 3188.08] Level 578 done
[ 3188.08] Level 579 done
[ 3188.08] Level 580 done
[ 3188.08] Level 581 done
[ 3188.08] Level 582 done
[ 3188.08] Level 583 done
[ 3188.08] Level 584 done
[ 3188.08] Level 585 done
[ 3188.08] Level 586 done
[ 3188.08] Level 587 done
[ 3188.08] Level 588 done
[ 3188.08] Level 589 done
[ 3188.08] Level 590 done
[ 3188.09] Level 591 done
[ 3188.09] Level 592 done
[ 3188.09] Level 593 done
[ 3188.09] Level 594 done
[ 3188.09] Level 595 done
[ 3188.09] Level 596 done
[ 3188.09] Level 597 done
[ 3188.09] Level 598 done
[ 3188.09] Level 599 done
[ 3188.09] Level 600 done
[ 3188.09] Level 601 done
[ 3188.09] PAR Time: 3187.612444
[ 3188.23] Final states: 1,697,442,696 states
