[    0.91] Read file '/home/oortwijn/distdd/models/petrinets/unf-8x8-4stageSEN-01.bdd'
[    0.91] 168 integers per state, 4 bits per integer, 592 transition groups
[    0.91] Level 1 done
[    0.92] Level 2 done
[    0.92] Level 3 done
[    0.92] Level 4 done
[    0.93] Level 5 done
[    0.93] Level 6 done
[    0.94] Level 7 done
[    0.95] Level 8 done
[    0.97] Level 9 done
[    1.01] Level 10 done
[    1.06] Level 11 done
[    1.13] Level 12 done
[    1.32] Level 13 done
[    1.55] Level 14 done
[    1.68] Level 15 done
[    1.78] Level 16 done
[    1.98] Level 17 done
[    1.98] PAR Time: 1.073935
[    1.98] Final states: 52,537 states
