pnml2lts-sym, 0.000: Exploration order is chain
pnml2lts-sym, 0.000: Saturation strategy is sat-like
pnml2lts-sym, 0.000: Guided search strategy is unguided
pnml2lts-sym, 0.000: Attractor strategy is default
pnml2lts-sym, 0.000: opening /home/oortwijn/distdd/models/petrinets/originals/BridgeAndVehicles-V80-P50-N50-unfolded.pnml
pnml2lts-sym, 0.298: Petri net has 228 places, 8588 transitions and 67470 arcs
pnml2lts-sym, 0.298: There are 0 safe places
pnml2lts-sym, 0.399: Petri net /home/oortwijn/distdd/models/petrinets/originals/BridgeAndVehicles-V80-P50-N50-unfolded.pnml analyzed
pnml2lts-sym, 0.529: Loading Petri net took 0.530 real 0.460 user 0.070 sys
pnml2lts-sym, 0.529: Initializing regrouping layer
pnml2lts-sym, 0.530: Regroup specification: f,rs,hf
pnml2lts-sym, 0.530: Regroup FORCE
pnml2lts-sym, 0.682: Regroup Row Sort
pnml2lts-sym, 0.783: Reqroup Horizontal Flip
pnml2lts-sym, 0.783: Regrouping: 8588->8588 groups
pnml2lts-sym, 0.833: Regrouping took 0.300 real 0.300 user 0.000 sys
pnml2lts-sym, 0.833: state vector length is 228; there are 8588 groups
pnml2lts-sym, 0.833: Creating a Sylvan domain.
pnml2lts-sym, 2.297: Using GBgetTransitionsShortR2W as next-state function
pnml2lts-sym, 7.464: got initial state
slurmstepd: *** JOB 1005499 CANCELLED AT 2016-05-12T03:10:28 DUE TO TIME LIMIT ***
