pnml2lts-sym, 0.000: Exploration order is chain
pnml2lts-sym, 0.000: Saturation strategy is sat-like
pnml2lts-sym, 0.000: Guided search strategy is unguided
pnml2lts-sym, 0.000: Attractor strategy is default
pnml2lts-sym, 0.000: opening /home/oortwijn/distdd/models/petrinets/originals/neoelection-4.unf.pnml
pnml2lts-sym, 0.102: Petri net has 1830 places, 2340 transitions and 13565 arcs
pnml2lts-sym, 0.102: There are 0 safe places
pnml2lts-sym, 0.145: Petri net /home/oortwijn/distdd/models/petrinets/originals/neoelection-4.unf.pnml analyzed
pnml2lts-sym, 0.165: Loading Petri net took 0.160 real 0.120 user 0.020 sys
pnml2lts-sym, 0.165: Initializing regrouping layer
pnml2lts-sym, 0.166: Regroup specification: f,rs,hf
pnml2lts-sym, 0.166: Regroup FORCE
pnml2lts-sym, 0.275: Regroup Row Sort
pnml2lts-sym, 0.391: Reqroup Horizontal Flip
pnml2lts-sym, 0.392: Regrouping: 2340->2340 groups
pnml2lts-sym, 0.516: Regrouping took 0.350 real 0.350 user 0.000 sys
pnml2lts-sym, 0.516: state vector length is 1830; there are 2340 groups
pnml2lts-sym, 0.516: Creating a Sylvan domain.
pnml2lts-sym, 2.740: Using GBgetTransitionsShortR2W as next-state function
pnml2lts-sym, 7.268: got initial state
/cm/local/apps/slurm/var/spool/job1004542/slurm_script: line 9:   350 Segmentation fault      pnml2lts-sym $MODELPATH/$1 --when -rf,rs,hf --order=chain --saturation=sat-like --sat-granularity=5 --vset=sylvan --sylvan-tablesize=29 --sylvan-cachesize=29 --lace-workers=16 --save-reachable --save-transitions=transitions/$3.bdd --sylvan-bits=$2
