pnml2lts-sym, 0.000: Exploration order is chain
pnml2lts-sym, 0.000: Saturation strategy is sat-like
pnml2lts-sym, 0.000: Guided search strategy is unguided
pnml2lts-sym, 0.000: Attractor strategy is default
pnml2lts-sym, 0.000: opening /home/oortwijn/distdd/models/petrinets/originals/Peterson-2.pnml
pnml2lts-sym, 0.015: Petri net has 102 places, 126 transitions and 384 arcs
pnml2lts-sym, 0.015: There are 0 safe places
pnml2lts-sym, 0.017: Petri net /home/oortwijn/distdd/models/petrinets/originals/Peterson-2.pnml analyzed
pnml2lts-sym, 0.018: Loading Petri net took 0.020 real 0.010 user 0.000 sys
pnml2lts-sym, 0.018: Initializing regrouping layer
pnml2lts-sym, 0.018: Regroup specification: f,rs,hf
pnml2lts-sym, 0.018: Regroup FORCE
pnml2lts-sym, 0.023: Regroup Row Sort
pnml2lts-sym, 0.024: Reqroup Horizontal Flip
pnml2lts-sym, 0.024: Regrouping: 126->126 groups
pnml2lts-sym, 0.025: Regrouping took 0.000 real 0.010 user 0.000 sys
pnml2lts-sym, 0.025: state vector length is 102; there are 126 groups
pnml2lts-sym, 0.025: Creating a Sylvan domain.
pnml2lts-sym, 0.866: Using GBgetTransitionsShortR2W as next-state function
pnml2lts-sym, 2.345: got initial state
pnml2lts-sym, 9.228: Exploration took 19101 group checks and 19101 next state calls
pnml2lts-sym, 9.229: reachability took 6.890 real 109.170 user 0.930 sys
pnml2lts-sym, 9.229: counting visited states...
pnml2lts-sym, 9.231: counting took 0.000 real 0.030 user 0.000 sys
pnml2lts-sym, 9.231: state space has 20754 states, 18135 nodes
pnml2lts-sym, 9.257: Transition relations written to 'transitions/Peterson-2.bdd'

pnml2lts-sym, 9.260: group_next: 4704 nodes total
pnml2lts-sym, 9.260: group_explored: 1897 nodes, 594 short vectors total
pnml2lts-sym, 9.260: max token count: 1
