pnml2lts-sym, 0.000: Exploration order is chain
pnml2lts-sym, 0.000: Saturation strategy is sat-like
pnml2lts-sym, 0.000: Guided search strategy is unguided
pnml2lts-sym, 0.000: Attractor strategy is default
pnml2lts-sym, 0.000: opening /home/oortwijn/distdd/models/petrinets/originals/Philosophers-5.pnml
pnml2lts-sym, 0.014: Petri net has 25 places, 25 transitions and 80 arcs
pnml2lts-sym, 0.014: There are 0 safe places
pnml2lts-sym, 0.015: Petri net /home/oortwijn/distdd/models/petrinets/originals/Philosophers-5.pnml analyzed
pnml2lts-sym, 0.015: Loading Petri net took 0.020 real 0.000 user 0.000 sys
pnml2lts-sym, 0.015: Initializing regrouping layer
pnml2lts-sym, 0.015: Regroup specification: f,rs,hf
pnml2lts-sym, 0.015: Regroup FORCE
pnml2lts-sym, 0.016: Regroup Row Sort
pnml2lts-sym, 0.016: Reqroup Horizontal Flip
pnml2lts-sym, 0.016: Regrouping: 25->25 groups
pnml2lts-sym, 0.016: Regrouping took 0.000 real 0.000 user 0.000 sys
pnml2lts-sym, 0.016: state vector length is 25; there are 25 groups
pnml2lts-sym, 0.016: Creating a Sylvan domain.
pnml2lts-sym, 0.307: Using GBgetTransitionsShortR2W as next-state function
pnml2lts-sym, 1.528: got initial state
pnml2lts-sym, 2.189: Exploration took 87 group checks and 87 next state calls
pnml2lts-sym, 2.189: reachability took 0.660 real 9.890 user 0.700 sys
pnml2lts-sym, 2.189: counting visited states...
pnml2lts-sym, 2.189: counting took 0.000 real 0.000 user 0.000 sys
pnml2lts-sym, 2.189: state space has 243 states, 443 nodes
pnml2lts-sym, 2.192: Transition relations written to 'transitions/Philosophers-5.bdd'

pnml2lts-sym, 2.194: group_next: 1040 nodes total
pnml2lts-sym, 2.194: group_explored: 524 nodes, 140 short vectors total
pnml2lts-sym, 2.194: max token count: 1
