[    0.51] Read file '/home/oortwijn/distdd/models/beem/adding.3.bdd'
[    0.51] 5 integers per state, 10 bits per integer, 6 transition groups
[    0.91] Level 1 done
[    0.93] Level 2 done
[    0.93] Level 3 done
[    0.93] Level 4 done
[    0.94] Level 5 done
[    0.94] Level 6 done
[    0.95] Level 7 done
[    0.96] Level 8 done
[    0.96] Level 9 done
[    0.97] Level 10 done
[    0.99] Level 11 done
[    1.01] Level 12 done
[    1.02] Level 13 done
[    1.06] Level 14 done
[    1.09] Level 15 done
[    1.13] Level 16 done
[    1.19] Level 17 done
[    1.26] Level 18 done
[    1.34] Level 19 done
[    1.46] Level 20 done
[    1.59] Level 21 done
[    1.75] Level 22 done
[    1.97] Level 23 done
[    2.21] Level 24 done
[    2.51] Level 25 done
[    2.91] Level 26 done
[    3.35] Level 27 done
[    3.95] Level 28 done
[    4.71] Level 29 done
[    5.59] Level 30 done
[    6.73] Level 31 done
[    8.02] Level 32 done
[    9.65] Level 33 done
[   11.88] Level 34 done
[   13.71] Level 35 done
[   16.33] Level 36 done
[   19.66] Level 37 done
[   21.66] Level 38 done
[   24.82] Level 39 done
[   28.53] Level 40 done
[   30.31] Level 41 done
[   33.00] Level 42 done
[   36.01] Level 43 done
[   37.43] Level 44 done
[   39.54] Level 45 done
[   41.84] Level 46 done
[   43.01] Level 47 done
[   44.64] Level 48 done
[   46.33] Level 49 done
[   47.15] Level 50 done
[   48.31] Level 51 done
[   49.53] Level 52 done
[   49.99] Level 53 done
[   50.69] Level 54 done
[   51.45] Level 55 done
[   51.57] Level 56 done
[   51.86] Level 57 done
[   52.04] Level 58 done
[   52.05] Level 59 done
[   52.13] Level 60 done
[   52.16] Level 61 done
[   52.16] Level 62 done
[   52.17] Level 63 done
[   52.17] Level 64 done
[   52.17] BFS Time: 51.658033
[   52.19] Final states: 1,894,376 states
