[    0.57] Read file '/home/oortwijn/distdd/models/beem/adding.4.bdd'
[    0.57] 5 integers per state, 11 bits per integer, 6 transition groups
[    0.97] Level 1 done
[    0.97] Level 2 done
[    0.98] Level 3 done
[    0.98] Level 4 done
[    0.99] Level 5 done
[    0.99] Level 6 done
[    1.00] Level 7 done
[    1.01] Level 8 done
[    1.02] Level 9 done
[    1.04] Level 10 done
[    1.06] Level 11 done
[    1.09] Level 12 done
[    1.12] Level 13 done
[    1.16] Level 14 done
[    1.22] Level 15 done
[    1.28] Level 16 done
[    1.37] Level 17 done
[    1.47] Level 18 done
[    1.61] Level 19 done
[    1.79] Level 20 done
[    1.97] Level 21 done
[    2.22] Level 22 done
[    2.56] Level 23 done
[    2.92] Level 24 done
[    3.38] Level 25 done
[    4.00] Level 26 done
[    4.66] Level 27 done
[    5.60] Level 28 done
[    6.79] Level 29 done
[    8.11] Level 30 done
[    9.92] Level 31 done
[   12.10] Level 32 done
[   14.64] Level 33 done
[   18.24] Level 34 done
[   21.75] Level 35 done
[   26.39] Level 36 done
[   32.73] Level 37 done
[   37.19] Level 38 done
[   43.81] Level 39 done
[   52.33] Level 40 done
[   57.07] Level 41 done
[   64.05] Level 42 done
[   72.74] Level 43 done
[   76.73] Level 44 done
[   82.61] Level 45 done
[   89.57] Level 46 done
[   92.79] Level 47 done
[   97.24] Level 48 done
[  102.47] Level 49 done
[  104.90] Level 50 done
[  108.20] Level 51 done
[  111.90] Level 52 done
[  113.65] Level 53 done
[  116.02] Level 54 done
[  118.68] Level 55 done
[  119.67] Level 56 done
[  121.10] Level 57 done
[  122.76] Level 58 done
[  123.02] Level 59 done
[  123.59] Level 60 done
[  123.99] Level 61 done
[  124.03] Level 62 done
[  124.17] Level 63 done
[  124.23] Level 64 done
[  124.23] Level 65 done
[  124.25] Level 66 done
[  124.26] Level 67 done
[  124.26] Level 68 done
[  124.26] Level 69 done
[  124.26] BFS Time: 123.692440
[  124.29] Final states: 3,370,680 states
