[    0.92] Read file '/home/oortwijn/distdd/models/beem/blocks.4.bdd'
[    0.92] 22 integers per state, 8 bits per integer, 32 transition groups
[    0.93] Level 1 done
[    0.93] Level 2 done
[    0.93] Level 3 done
[    0.93] Level 4 done
[    0.93] Level 5 done
[    0.93] Level 6 done
[    0.93] Level 7 done
[    0.94] Level 8 done
[    0.94] Level 9 done
[    0.95] Level 10 done
[    0.96] Level 11 done
[    0.97] Level 12 done
[    1.00] Level 13 done
[    1.03] Level 14 done
[    1.10] Level 15 done
[    1.22] Level 16 done
[    1.45] Level 17 done
[    1.84] Level 18 done
[    2.58] Level 19 done
[    3.84] Level 20 done
[    6.04] Level 21 done
[    9.49] Level 22 done
[   14.96] Level 23 done
[   22.83] (GC) Starting garbage collection...
[   23.09] (GC) Garbage collection done.
[   23.31] Level 24 done
[   34.49] Level 25 done
[   43.37] (GC) Starting garbage collection...
[   43.92] (GC) Garbage collection done.
[   49.33] Level 26 done
[   52.86] (GC) Starting garbage collection...
[   53.27] (GC) Garbage collection done.
[   65.18] Level 27 done
[   71.74] (GC) Starting garbage collection...
[   72.32] (GC) Garbage collection done.
[   81.25] (GC) Starting garbage collection...
[   81.98] (GC) Garbage collection done.
[   83.25] Level 28 done
[   91.69] (GC) Starting garbage collection...
[   92.22] (GC) Garbage collection done.
[   99.88] Level 29 done
[  110.49] (GC) Starting garbage collection...
[  111.18] (GC) Garbage collection done.
[  114.47] Level 30 done
[  119.76] (GC) Starting garbage collection...
[  120.12] (GC) Garbage collection done.
[  126.94] Level 31 done
[  134.73] Level 32 done
[  140.24] Level 33 done
[  142.53] Level 34 done
[  143.75] Level 35 done
[  143.75] Level 36 done
[  143.75] PAR Time: 142.830719
[  143.82] Final states: 104,906,622 states
