[    0.72] Read file '/home/oortwijn/distdd/models/beem/blocks.2.bdd'
[    0.72] 14 integers per state, 8 bits per integer, 20 transition groups
[    0.81] Level 1 done
[    0.87] Level 2 done
[    0.89] Level 3 done
[    0.90] Level 4 done
[    0.90] Level 5 done
[    0.91] Level 6 done
[    0.92] Level 7 done
[    0.94] Level 8 done
[    0.96] Level 9 done
[    0.99] Level 10 done
[    1.02] Level 11 done
[    1.07] Level 12 done
[    1.12] Level 13 done
[    1.18] Level 14 done
[    1.22] Level 15 done
[    1.25] Level 16 done
[    1.27] Level 17 done
[    1.28] Level 18 done
[    1.29] Level 19 done
[    1.29] BFS Time: 0.564030
[    1.29] Final states: 7,057 states
