[    0.78] Read file '/home/oortwijn/distdd/models/beem/driving_phils.2.bdd'
[    0.78] 28 integers per state, 16 bits per integer, 31 transition groups
[    0.78] Level 1 done
[    0.79] Level 2 done
[    0.79] Level 3 done
[    0.79] Level 4 done
[    0.79] Level 5 done
[    0.79] Level 6 done
[    0.79] Level 7 done
[    0.79] Level 8 done
[    0.79] Level 9 done
[    0.79] Level 10 done
[    0.79] Level 11 done
[    0.79] Level 12 done
[    0.79] Level 13 done
[    0.79] Level 14 done
[    0.79] Level 15 done
[    0.80] Level 16 done
[    0.80] Level 17 done
[    0.80] Level 18 done
[    0.80] Level 19 done
[    0.80] Level 20 done
[    0.80] Level 21 done
[    0.80] Level 22 done
[    0.80] Level 23 done
[    0.80] Level 24 done
[    0.80] Level 25 done
[    0.80] Level 26 done
[    0.80] Level 27 done
[    0.80] Level 28 done
[    0.80] Level 29 done
[    0.80] Level 30 done
[    0.80] Level 31 done
[    0.80] Level 32 done
[    0.80] Level 33 done
[    0.80] Level 34 done
[    0.80] Level 35 done
[    0.80] Level 36 done
[    0.80] Level 37 done
[    0.81] Level 38 done
[    0.81] Level 39 done
[    0.81] Level 40 done
[    0.81] Level 41 done
[    0.81] Level 42 done
[    0.81] Level 43 done
[    0.81] Level 44 done
[    0.81] Level 45 done
[    0.81] Level 46 done
[    0.81] Level 47 done
[    0.82] Level 48 done
[    0.82] Level 49 done
[    0.82] Level 50 done
[    0.82] Level 51 done
[    0.82] Level 52 done
[    0.82] Level 53 done
[    0.82] Level 54 done
[    0.82] Level 55 done
[    0.82] Level 56 done
[    0.82] Level 57 done
[    0.82] Level 58 done
[    0.82] Level 59 done
[    0.82] Level 60 done
[    0.82] Level 61 done
[    0.82] Level 62 done
[    0.82] Level 63 done
[    0.83] Level 64 done
[    0.83] Level 65 done
[    0.83] Level 66 done
[    0.83] Level 67 done
[    0.83] Level 68 done
[    0.84] Level 69 done
[    0.84] Level 70 done
[    0.84] Level 71 done
[    0.84] Level 72 done
[    0.84] Level 73 done
[    0.84] Level 74 done
[    0.84] Level 75 done
[    0.84] Level 76 done
[    0.85] Level 77 done
[    0.85] Level 78 done
[    0.85] Level 79 done
[    0.85] Level 80 done
[    0.85] Level 81 done
[    0.85] Level 82 done
[    0.85] Level 83 done
[    0.85] Level 84 done
[    0.85] Level 85 done
[    0.85] Level 86 done
[    0.85] Level 87 done
[    0.85] Level 88 done
[    0.85] Level 89 done
[    0.86] Level 90 done
[    0.86] Level 91 done
[    0.86] Level 92 done
[    0.86] Level 93 done
[    0.86] Level 94 done
[    0.87] Level 95 done
[    0.87] Level 96 done
[    0.87] Level 97 done
[    0.87] Level 98 done
[    0.87] Level 99 done
[    0.87] Level 100 done
[    0.87] Level 101 done
[    0.87] Level 102 done
[    0.87] Level 103 done
[    0.87] Level 104 done
[    0.87] Level 105 done
[    0.87] Level 106 done
[    0.87] Level 107 done
[    0.87] Level 108 done
[    0.87] Level 109 done
[    0.88] Level 110 done
[    0.88] Level 111 done
[    0.88] Level 112 done
[    0.88] Level 113 done
[    0.88] Level 114 done
[    0.88] Level 115 done
[    0.88] Level 116 done
[    0.88] Level 117 done
[    0.88] Level 118 done
[    0.88] Level 119 done
[    0.89] Level 120 done
[    0.89] Level 121 done
[    0.89] Level 122 done
[    0.89] Level 123 done
[    0.89] Level 124 done
[    0.89] Level 125 done
[    0.89] Level 126 done
[    0.89] Level 127 done
[    0.89] Level 128 done
[    0.89] Level 129 done
[    0.89] Level 130 done
[    0.89] Level 131 done
[    0.89] Level 132 done
[    0.89] Level 133 done
[    0.89] Level 134 done
[    0.89] Level 135 done
[    0.89] Level 136 done
[    0.89] Level 137 done
[    0.89] Level 138 done
[    0.89] Level 139 done
[    0.89] Level 140 done
[    0.89] Level 141 done
[    0.90] Level 142 done
[    0.90] Level 143 done
[    0.90] Level 144 done
[    0.90] Level 145 done
[    0.90] Level 146 done
[    0.90] Level 147 done
[    0.90] Level 148 done
[    0.90] Level 149 done
[    0.90] Level 150 done
[    0.90] PAR Time: 0.115780
[    0.90] Final states: 33,173 states
