[    0.68] Read file '/home/oortwijn/distdd/models/beem/elevator_planning.3.bdd'
[    0.68] 23 integers per state, 8 bits per integer, 6 transition groups
[    0.69] Level 1 done
[    0.70] Level 2 done
[    0.71] Level 3 done
[    0.71] Level 4 done
[    0.71] Level 5 done
[    0.71] Level 6 done
[    0.72] Level 7 done
[    0.72] Level 8 done
[    0.72] Level 9 done
[    0.72] Level 10 done
[    0.72] Level 11 done
[    0.72] Level 12 done
[    0.72] Level 13 done
[    0.72] Level 14 done
[    0.72] Level 15 done
[    0.72] Level 16 done
[    0.73] Level 17 done
[    0.73] Level 18 done
[    0.73] PAR Time: 0.050016
[    0.73] Final states: 52,496 states
