[    0.94] Read file '/home/oortwijn/distdd/models/beem/firewire_tree.5.bdd'
[    0.94] 443 integers per state, 6 bits per integer, 750 transition groups
[    0.94] Level 1 done
[    0.95] Level 2 done
[    0.96] Level 3 done
[    0.97] Level 4 done
[    0.97] Level 5 done
[    0.98] Level 6 done
[    0.99] Level 7 done
[    1.00] Level 8 done
[    1.01] Level 9 done
[    1.02] Level 10 done
[    1.03] Level 11 done
[    1.04] Level 12 done
[    1.05] Level 13 done
[    1.07] Level 14 done
[    1.08] Level 15 done
[    1.09] Level 16 done
[    1.10] Level 17 done
[    1.11] Level 18 done
[    1.12] Level 19 done
[    1.14] Level 20 done
[    1.15] Level 21 done
[    1.17] Level 22 done
[    1.18] Level 23 done
[    1.21] Level 24 done
[    1.22] Level 25 done
[    1.24] Level 26 done
[    1.26] Level 27 done
[    1.28] Level 28 done
[    1.30] Level 29 done
[    1.32] Level 30 done
[    1.34] Level 31 done
[    1.36] Level 32 done
[    1.38] Level 33 done
[    1.40] Level 34 done
[    1.43] Level 35 done
[    1.45] Level 36 done
[    1.47] Level 37 done
[    1.49] Level 38 done
[    1.52] Level 39 done
[    1.54] Level 40 done
[    1.57] Level 41 done
[    1.59] Level 42 done
[    1.62] Level 43 done
[    1.65] Level 44 done
[    1.67] Level 45 done
[    1.70] Level 46 done
[    1.73] Level 47 done
[    1.76] Level 48 done
[    1.79] Level 49 done
[    1.81] Level 50 done
[    1.84] Level 51 done
[    1.88] Level 52 done
[    1.91] Level 53 done
[    1.94] Level 54 done
[    1.97] Level 55 done
[    2.00] Level 56 done
[    2.03] Level 57 done
[    2.07] Level 58 done
[    2.10] Level 59 done
[    2.13] Level 60 done
[    2.17] Level 61 done
[    2.20] Level 62 done
[    2.24] Level 63 done
[    2.28] Level 64 done
[    2.32] Level 65 done
[    2.36] Level 66 done
[    2.41] Level 67 done
[    2.45] Level 68 done
[    2.49] Level 69 done
[    2.54] Level 70 done
[    2.58] Level 71 done
[    2.63] Level 72 done
[    2.67] Level 73 done
[    2.72] Level 74 done
[    2.77] Level 75 done
[    2.82] Level 76 done
[    2.87] Level 77 done
[    2.92] Level 78 done
[    2.98] Level 79 done
[    3.03] Level 80 done
[    3.08] Level 81 done
[    3.14] Level 82 done
[    3.19] Level 83 done
[    3.25] Level 84 done
[    3.31] Level 85 done
[    3.36] Level 86 done
[    3.42] Level 87 done
[    3.48] Level 88 done
[    3.53] Level 89 done
[    3.59] Level 90 done
[    3.65] Level 91 done
[    3.70] Level 92 done
[    3.76] Level 93 done
[    3.82] Level 94 done
[    3.88] Level 95 done
[    3.95] Level 96 done
[    4.01] Level 97 done
[    4.07] Level 98 done
[    4.13] Level 99 done
[    4.19] Level 100 done
[    4.25] Level 101 done
[    4.32] Level 102 done
[    4.39] Level 103 done
[    4.45] Level 104 done
[    4.52] Level 105 done
[    4.58] Level 106 done
[    4.65] Level 107 done
[    4.71] Level 108 done
[    4.78] Level 109 done
[    4.85] Level 110 done
[    4.92] Level 111 done
[    4.99] Level 112 done
[    5.07] Level 113 done
[    5.13] Level 114 done
[    5.21] Level 115 done
[    5.28] Level 116 done
[    5.36] Level 117 done
[    5.44] Level 118 done
[    5.51] Level 119 done
[    5.58] Level 120 done
[    5.66] Level 121 done
[    5.74] Level 122 done
[    5.82] Level 123 done
[    5.90] Level 124 done
[    5.99] Level 125 done
[    6.07] Level 126 done
[    6.15] Level 127 done
[    6.24] Level 128 done
[    6.33] Level 129 done
[    6.41] Level 130 done
[    6.49] Level 131 done
[    6.58] Level 132 done
[    6.66] Level 133 done
[    6.75] Level 134 done
[    6.83] Level 135 done
[    6.92] Level 136 done
[    7.00] Level 137 done
[    7.09] Level 138 done
[    7.17] Level 139 done
[    7.25] Level 140 done
[    7.33] Level 141 done
[    7.41] Level 142 done
[    7.49] Level 143 done
[    7.57] Level 144 done
[    7.65] Level 145 done
[    7.73] Level 146 done
[    7.81] Level 147 done
[    7.89] Level 148 done
[    7.96] Level 149 done
[    8.04] Level 150 done
[    8.11] Level 151 done
[    8.18] Level 152 done
[    8.26] Level 153 done
[    8.33] Level 154 done
[    8.40] Level 155 done
[    8.47] Level 156 done
[    8.54] Level 157 done
[    8.60] Level 158 done
[    8.67] Level 159 done
[    8.73] Level 160 done
[    8.79] Level 161 done
[    8.85] Level 162 done
[    8.91] Level 163 done
[    8.96] Level 164 done
[    9.01] Level 165 done
[    9.07] Level 166 done
[    9.12] Level 167 done
[    9.17] Level 168 done
[    9.22] Level 169 done
[    9.27] Level 170 done
[    9.32] Level 171 done
[    9.36] Level 172 done
[    9.41] Level 173 done
[    9.46] Level 174 done
[    9.50] Level 175 done
[    9.54] Level 176 done
[    9.58] Level 177 done
[    9.62] Level 178 done
[    9.65] Level 179 done
[    9.69] Level 180 done
[    9.72] Level 181 done
[    9.74] Level 182 done
[    9.77] Level 183 done
[    9.79] Level 184 done
[    9.82] Level 185 done
[    9.84] Level 186 done
[    9.86] Level 187 done
[    9.89] Level 188 done
[    9.91] Level 189 done
[    9.93] Level 190 done
[    9.94] Level 191 done
[    9.95] Level 192 done
[    9.96] Level 193 done
[    9.97] Level 194 done
[    9.97] Level 195 done
[    9.97] Level 196 done
[    9.98] Level 197 done
[    9.98] Level 198 done
[    9.98] Level 199 done
[    9.98] Level 200 done
[    9.98] Level 201 done
[    9.98] Level 202 done
[    9.98] PAR Time: 9.046216
[    9.99] Final states: 3,807,023 states
