[    0.89] Read file '/home/oortwijn/distdd/models/beem/firewire_link.5.bdd'
[    0.89] 50 integers per state, 16 bits per integer, 213 transition groups
[    0.89] Level 1 done
[    0.90] Level 2 done
[    0.91] Level 3 done
[    0.92] Level 4 done
[    0.93] Level 5 done
[    0.95] Level 6 done
[    0.98] Level 7 done
[    1.00] Level 8 done
[    1.02] Level 9 done
[    1.06] Level 10 done
[    1.10] Level 11 done
[    1.14] Level 12 done
[    1.18] Level 13 done
[    1.23] Level 14 done
[    1.28] Level 15 done
[    1.33] Level 16 done
[    1.39] Level 17 done
[    1.45] Level 18 done
[    1.50] Level 19 done
[    1.55] Level 20 done
[    1.60] Level 21 done
[    1.66] Level 22 done
[    1.71] Level 23 done
[    1.77] Level 24 done
[    1.84] Level 25 done
[    1.91] Level 26 done
[    2.00] Level 27 done
[    2.09] Level 28 done
[    2.18] Level 29 done
[    2.28] Level 30 done
[    2.41] Level 31 done
[    2.57] Level 32 done
[    2.75] Level 33 done
[    2.94] Level 34 done
[    3.16] Level 35 done
[    3.39] Level 36 done
[    3.62] Level 37 done
[    3.86] Level 38 done
[    4.11] Level 39 done
[    4.37] Level 40 done
[    4.63] Level 41 done
[    4.92] Level 42 done
[    5.23] Level 43 done
[    5.56] Level 44 done
[    5.88] Level 45 done
[    6.18] Level 46 done
[    6.47] Level 47 done
[    6.78] Level 48 done
[    7.09] Level 49 done
[    7.42] Level 50 done
[    7.74] Level 51 done
[    8.05] Level 52 done
[    8.36] Level 53 done
[    8.66] Level 54 done
[    8.97] Level 55 done
[    9.26] Level 56 done
[    9.55] Level 57 done
[    9.86] Level 58 done
[   10.17] Level 59 done
[   10.48] Level 60 done
[   10.79] Level 61 done
[   11.12] Level 62 done
[   11.45] Level 63 done
[   11.80] Level 64 done
[   12.14] Level 65 done
[   12.49] Level 66 done
[   12.85] Level 67 done
[   13.21] Level 68 done
[   13.59] Level 69 done
[   13.98] Level 70 done
[   14.37] Level 71 done
[   14.77] Level 72 done
[   15.19] Level 73 done
[   15.63] Level 74 done
[   16.07] Level 75 done
[   16.54] Level 76 done
[   17.02] Level 77 done
[   17.50] Level 78 done
[   18.00] Level 79 done
[   18.50] Level 80 done
[   18.98] Level 81 done
[   19.47] Level 82 done
[   19.96] Level 83 done
[   20.44] Level 84 done
[   20.91] Level 85 done
[   21.38] Level 86 done
[   21.84] Level 87 done
[   22.28] Level 88 done
[   22.70] Level 89 done
[   23.11] Level 90 done
[   23.51] Level 91 done
[   23.90] Level 92 done
[   24.30] Level 93 done
[   24.73] Level 94 done
[   25.19] Level 95 done
[   25.69] Level 96 done
[   26.22] Level 97 done
[   26.78] Level 98 done
[   27.37] Level 99 done
[   27.99] Level 100 done
[   28.65] Level 101 done
[   29.33] Level 102 done
[   30.07] Level 103 done
[   30.87] Level 104 done
[   31.70] Level 105 done
[   32.59] Level 106 done
[   33.51] Level 107 done
[   34.45] Level 108 done
[   35.41] Level 109 done
[   36.39] Level 110 done
[   37.39] Level 111 done
[   38.44] Level 112 done
[   39.49] Level 113 done
[   40.56] Level 114 done
[   41.61] Level 115 done
[   42.67] Level 116 done
[   43.74] Level 117 done
[   44.82] Level 118 done
[   45.92] Level 119 done
[   47.04] Level 120 done
[   48.20] Level 121 done
[   49.36] Level 122 done
[   50.51] Level 123 done
[   51.65] Level 124 done
[   52.76] Level 125 done
[   53.88] Level 126 done
[   55.01] Level 127 done
[   56.18] Level 128 done
[   57.38] Level 129 done
[   58.62] Level 130 done
[   59.89] Level 131 done
[   61.19] Level 132 done
[   62.53] Level 133 done
[   63.91] Level 134 done
[   65.33] Level 135 done
[   66.77] Level 136 done
[   68.23] Level 137 done
[   69.70] Level 138 done
[   71.17] Level 139 done
[   72.66] Level 140 done
[   74.17] Level 141 done
[   75.71] Level 142 done
[   77.27] Level 143 done
[   78.83] Level 144 done
[   80.37] Level 145 done
[   81.89] Level 146 done
[   83.34] Level 147 done
[   84.73] Level 148 done
[   86.07] Level 149 done
[   87.37] Level 150 done
[   88.62] Level 151 done
[   89.81] Level 152 done
[   90.97] Level 153 done
[   92.06] Level 154 done
[   93.07] Level 155 done
[   93.99] Level 156 done
[   94.83] Level 157 done
[   95.62] Level 158 done
[   96.37] Level 159 done
[   97.10] Level 160 done
[   97.81] Level 161 done
[   98.49] Level 162 done
[   99.14] Level 163 done
[   99.77] Level 164 done
[  100.37] Level 165 done
[  100.97] Level 166 done
[  101.56] Level 167 done
[  102.18] Level 168 done
[  102.79] Level 169 done
[  103.41] Level 170 done
[  104.04] Level 171 done
[  104.67] Level 172 done
[  105.28] Level 173 done
[  105.86] Level 174 done
[  106.43] Level 175 done
[  106.98] Level 176 done
[  107.53] Level 177 done
[  108.11] Level 178 done
[  108.72] Level 179 done
[  109.34] Level 180 done
[  109.99] Level 181 done
[  110.63] Level 182 done
[  111.25] Level 183 done
[  111.84] Level 184 done
[  112.42] Level 185 done
[  113.01] Level 186 done
[  113.63] Level 187 done
[  114.28] Level 188 done
[  114.96] Level 189 done
[  115.66] Level 190 done
[  116.36] Level 191 done
[  117.07] Level 192 done
[  117.76] Level 193 done
[  118.46] Level 194 done
[  119.17] Level 195 done
[  119.89] Level 196 done
[  120.63] Level 197 done
[  121.38] Level 198 done
[  122.16] Level 199 done
[  122.96] Level 200 done
[  123.77] Level 201 done
[  124.62] Level 202 done
[  125.48] Level 203 done
[  126.35] Level 204 done
[  127.23] Level 205 done
[  128.12] Level 206 done
[  129.01] Level 207 done
[  129.89] Level 208 done
[  130.78] Level 209 done
[  131.67] Level 210 done
[  132.56] Level 211 done
[  133.42] Level 212 done
[  134.25] Level 213 done
[  135.04] Level 214 done
[  135.78] Level 215 done
[  136.47] Level 216 done
[  137.13] Level 217 done
[  137.75] Level 218 done
[  138.36] Level 219 done
[  138.93] Level 220 done
[  139.46] Level 221 done
[  139.94] Level 222 done
[  140.35] Level 223 done
[  140.71] Level 224 done
[  141.04] Level 225 done
[  141.32] Level 226 done
[  141.58] Level 227 done
[  141.82] Level 228 done
[  142.02] Level 229 done
[  142.20] Level 230 done
[  142.35] Level 231 done
[  142.46] Level 232 done
[  142.56] Level 233 done
[  142.65] Level 234 done
[  142.71] Level 235 done
[  142.77] Level 236 done
[  142.82] Level 237 done
[  142.85] Level 238 done
[  142.88] Level 239 done
[  142.90] Level 240 done
[  142.91] Level 241 done
[  142.92] Level 242 done
[  142.92] Level 243 done
[  142.92] Level 244 done
[  142.92] BFS Time: 142.036049
[  143.01] Final states: 18,553,032 states
