[    0.60] Read file '/home/oortwijn/distdd/models/beem/fischer.5.bdd'
[    0.60] 16 integers per state, 8 bits per integer, 36 transition groups
[    0.63] Level 1 done
[    0.64] Level 2 done
[    0.64] Level 3 done
[    0.64] Level 4 done
[    0.65] Level 5 done
[    0.65] Level 6 done
[    0.65] Level 7 done
[    0.66] Level 8 done
[    0.66] Level 9 done
[    0.68] Level 10 done
[    0.69] Level 11 done
[    0.71] Level 12 done
[    0.72] Level 13 done
[    0.74] Level 14 done
[    0.76] Level 15 done
[    0.77] Level 16 done
[    0.78] Level 17 done
[    0.80] Level 18 done
[    0.82] Level 19 done
[    0.84] Level 20 done
[    0.87] Level 21 done
[    0.91] Level 22 done
[    0.94] Level 23 done
[    0.98] Level 24 done
[    1.03] Level 25 done
[    1.07] Level 26 done
[    1.11] Level 27 done
[    1.14] Level 28 done
[    1.19] Level 29 done
[    1.24] Level 30 done
[    1.31] Level 31 done
[    1.37] Level 32 done
[    1.44] Level 33 done
[    1.50] Level 34 done
[    1.55] Level 35 done
[    1.59] Level 36 done
[    1.63] Level 37 done
[    1.67] Level 38 done
[    1.72] Level 39 done
[    1.77] Level 40 done
[    1.82] Level 41 done
[    1.87] Level 42 done
[    1.92] Level 43 done
[    1.96] Level 44 done
[    1.99] Level 45 done
[    2.03] Level 46 done
[    2.06] Level 47 done
[    2.11] Level 48 done
[    2.15] Level 49 done
[    2.20] Level 50 done
[    2.23] Level 51 done
[    2.26] Level 52 done
[    2.29] Level 53 done
[    2.31] Level 54 done
[    2.33] Level 55 done
[    2.35] Level 56 done
[    2.38] Level 57 done
[    2.41] Level 58 done
[    2.43] Level 59 done
[    2.45] Level 60 done
[    2.46] Level 61 done
[    2.48] Level 62 done
[    2.51] Level 63 done
[    2.53] Level 64 done
[    2.55] Level 65 done
[    2.57] Level 66 done
[    2.58] Level 67 done
[    2.59] Level 68 done
[    2.61] Level 69 done
[    2.61] Level 70 done
[    2.62] Level 71 done
[    2.63] Level 72 done
[    2.64] Level 73 done
[    2.65] Level 74 done
[    2.65] Level 75 done
[    2.66] Level 76 done
[    2.66] Level 77 done
[    2.67] Level 78 done
[    2.67] Level 79 done
[    2.68] Level 80 done
[    2.69] Level 81 done
[    2.69] Level 82 done
[    2.69] Level 83 done
[    2.69] Level 84 done
[    2.69] Level 85 done
[    2.70] Level 86 done
[    2.70] Level 87 done
[    2.71] Level 88 done
[    2.71] Level 89 done
[    2.71] Level 90 done
[    2.71] Level 91 done
[    2.71] Level 92 done
[    2.71] Level 93 done
[    2.71] Level 94 done
[    2.71] Level 95 done
[    2.72] Level 96 done
[    2.72] Level 97 done
[    2.72] Level 98 done
[    2.72] Level 99 done
[    2.72] Level 100 done
[    2.72] Level 101 done
[    2.72] Level 102 done
[    2.72] Level 103 done
[    2.72] Level 104 done
[    2.72] Level 105 done
[    2.72] Level 106 done
[    2.72] Level 107 done
[    2.72] Level 108 done
[    2.72] PAR Time: 2.112663
[    2.72] Final states: 101,028,339 states
