[    0.58] Read file '/home/oortwijn/distdd/models/beem/frogs.2.bdd'
[    0.58] 20 integers per state, 3 bits per integer, 5 transition groups
[    0.64] Level 1 done
[    0.73] Level 2 done
[    0.82] Level 3 done
[    0.88] Level 4 done
[    0.90] Level 5 done
[    0.91] Level 6 done
[    0.91] Level 7 done
[    0.92] Level 8 done
[    0.92] Level 9 done
[    0.93] Level 10 done
[    0.94] Level 11 done
[    0.95] Level 12 done
[    0.96] Level 13 done
[    0.98] Level 14 done
[    0.99] Level 15 done
[    1.01] Level 16 done
[    1.02] Level 17 done
[    1.03] Level 18 done
[    1.04] Level 19 done
[    1.04] Level 20 done
[    1.05] Level 21 done
[    1.05] Level 22 done
[    1.05] Level 23 done
[    1.05] Level 24 done
[    1.05] BFS Time: 0.465950
[    1.05] Final states: 18,207 states
