[    0.59] Read file '/home/oortwijn/distdd/models/beem/krebs.2.bdd'
[    0.59] 19 integers per state, 6 bits per integer, 16 transition groups
[    0.68] Level 1 done
[    0.78] Level 2 done
[    0.84] Level 3 done
[    0.85] Level 4 done
[    0.85] Level 5 done
[    0.86] Level 6 done
[    0.86] Level 7 done
[    0.86] Level 8 done
[    0.87] Level 9 done
[    0.88] Level 10 done
[    0.88] Level 11 done
[    0.89] Level 12 done
[    0.91] Level 13 done
[    0.92] Level 14 done
[    0.94] Level 15 done
[    0.96] Level 16 done
[    0.98] Level 17 done
[    1.00] Level 18 done
[    1.02] Level 19 done
[    1.05] Level 20 done
[    1.08] Level 21 done
[    1.11] Level 22 done
[    1.14] Level 23 done
[    1.18] Level 24 done
[    1.21] Level 25 done
[    1.25] Level 26 done
[    1.29] Level 27 done
[    1.32] Level 28 done
[    1.36] Level 29 done
[    1.40] Level 30 done
[    1.44] Level 31 done
[    1.48] Level 32 done
[    1.52] Level 33 done
[    1.55] Level 34 done
[    1.59] Level 35 done
[    1.63] Level 36 done
[    1.67] Level 37 done
[    1.70] Level 38 done
[    1.74] Level 39 done
[    1.77] Level 40 done
[    1.81] Level 41 done
[    1.84] Level 42 done
[    1.87] Level 43 done
[    1.90] Level 44 done
[    1.93] Level 45 done
[    1.95] Level 46 done
[    1.98] Level 47 done
[    2.00] Level 48 done
[    2.02] Level 49 done
[    2.04] Level 50 done
[    2.06] Level 51 done
[    2.08] Level 52 done
[    2.10] Level 53 done
[    2.11] Level 54 done
[    2.13] Level 55 done
[    2.14] Level 56 done
[    2.15] Level 57 done
[    2.16] Level 58 done
[    2.17] Level 59 done
[    2.18] Level 60 done
[    2.19] Level 61 done
[    2.20] Level 62 done
[    2.20] Level 63 done
[    2.21] Level 64 done
[    2.21] Level 65 done
[    2.22] Level 66 done
[    2.23] Level 67 done
[    2.23] Level 68 done
[    2.23] Level 69 done
[    2.24] Level 70 done
[    2.24] Level 71 done
[    2.24] Level 72 done
[    2.25] Level 73 done
[    2.25] Level 74 done
[    2.25] Level 75 done
[    2.25] Level 76 done
[    2.25] Level 77 done
[    2.25] Level 78 done
[    2.25] Level 79 done
[    2.25] Level 80 done
[    2.26] Level 81 done
[    2.26] Level 82 done
[    2.26] Level 83 done
[    2.26] Level 84 done
[    2.26] Level 85 done
[    2.26] Level 86 done
[    2.26] Level 87 done
[    2.26] Level 88 done
[    2.26] BFS Time: 1.667581
[    2.26] Final states: 62,476 states
