[    0.62] Read file '/home/oortwijn/distdd/models/beem/krebs.4.bdd'
[    0.62] 20 integers per state, 6 bits per integer, 22 transition groups
[    0.72] Level 1 done
[    0.83] Level 2 done
[    0.87] Level 3 done
[    0.88] Level 4 done
[    0.88] Level 5 done
[    0.88] Level 6 done
[    0.89] Level 7 done
[    0.90] Level 8 done
[    0.90] Level 9 done
[    0.91] Level 10 done
[    0.93] Level 11 done
[    0.95] Level 12 done
[    0.97] Level 13 done
[    0.99] Level 14 done
[    1.03] Level 15 done
[    1.07] Level 16 done
[    1.11] Level 17 done
[    1.16] Level 18 done
[    1.22] Level 19 done
[    1.29] Level 20 done
[    1.36] Level 21 done
[    1.44] Level 22 done
[    1.53] Level 23 done
[    1.62] Level 24 done
[    1.72] Level 25 done
[    1.83] Level 26 done
[    1.94] Level 27 done
[    2.06] Level 28 done
[    2.19] Level 29 done
[    2.32] Level 30 done
[    2.46] Level 31 done
[    2.60] Level 32 done
[    2.75] Level 33 done
[    2.91] Level 34 done
[    3.08] Level 35 done
[    3.25] Level 36 done
[    3.43] Level 37 done
[    3.61] Level 38 done
[    3.81] Level 39 done
[    4.01] Level 40 done
[    4.21] Level 41 done
[    4.43] Level 42 done
[    4.64] Level 43 done
[    4.87] Level 44 done
[    5.10] Level 45 done
[    5.34] Level 46 done
[    5.58] Level 47 done
[    5.83] Level 48 done
[    6.09] Level 49 done
[    6.34] Level 50 done
[    6.61] Level 51 done
[    6.87] Level 52 done
[    7.14] Level 53 done
[    7.42] Level 54 done
[    7.69] Level 55 done
[    7.97] Level 56 done
[    8.25] Level 57 done
[    8.53] Level 58 done
[    8.81] Level 59 done
[    9.09] Level 60 done
[    9.37] Level 61 done
[    9.65] Level 62 done
[    9.93] Level 63 done
[   10.20] Level 64 done
[   10.48] Level 65 done
[   10.75] Level 66 done
[   11.01] Level 67 done
[   11.27] Level 68 done
[   11.53] Level 69 done
[   11.78] Level 70 done
[   12.02] Level 71 done
[   12.25] Level 72 done
[   12.48] Level 73 done
[   12.69] Level 74 done
[   12.90] Level 75 done
[   13.10] Level 76 done
[   13.29] Level 77 done
[   13.47] Level 78 done
[   13.63] Level 79 done
[   13.79] Level 80 done
[   13.94] Level 81 done
[   14.08] Level 82 done
[   14.21] Level 83 done
[   14.32] Level 84 done
[   14.43] Level 85 done
[   14.52] Level 86 done
[   14.60] Level 87 done
[   14.68] Level 88 done
[   14.74] Level 89 done
[   14.79] Level 90 done
[   14.83] Level 91 done
[   14.86] Level 92 done
[   14.89] Level 93 done
[   14.90] Level 94 done
[   14.92] Level 95 done
[   14.93] Level 96 done
[   14.93] Level 97 done
[   14.94] Level 98 done
[   14.94] Level 99 done
[   14.94] Level 100 done
[   14.94] Level 101 done
[   14.94] Level 102 done
[   14.94] Level 103 done
[   14.94] BFS Time: 14.324859
[   14.97] Final states: 1,047,405 states
