[    0.61] Read file '/home/oortwijn/distdd/models/beem/krebs.4.bdd'
[    0.61] 20 integers per state, 6 bits per integer, 22 transition groups
[    0.63] Level 1 done
[    0.64] Level 2 done
[    0.65] Level 3 done
[    0.65] Level 4 done
[    0.65] Level 5 done
[    0.65] Level 6 done
[    0.66] Level 7 done
[    0.66] Level 8 done
[    0.66] Level 9 done
[    0.66] Level 10 done
[    0.66] Level 11 done
[    0.67] Level 12 done
[    0.67] Level 13 done
[    0.67] Level 14 done
[    0.68] Level 15 done
[    0.69] Level 16 done
[    0.70] Level 17 done
[    0.70] Level 18 done
[    0.71] Level 19 done
[    0.72] Level 20 done
[    0.73] Level 21 done
[    0.75] Level 22 done
[    0.76] Level 23 done
[    0.77] Level 24 done
[    0.79] Level 25 done
[    0.80] Level 26 done
[    0.82] Level 27 done
[    0.84] Level 28 done
[    0.86] Level 29 done
[    0.88] Level 30 done
[    0.90] Level 31 done
[    0.92] Level 32 done
[    0.94] Level 33 done
[    0.96] Level 34 done
[    0.99] Level 35 done
[    1.01] Level 36 done
[    1.04] Level 37 done
[    1.07] Level 38 done
[    1.10] Level 39 done
[    1.13] Level 40 done
[    1.16] Level 41 done
[    1.19] Level 42 done
[    1.22] Level 43 done
[    1.26] Level 44 done
[    1.29] Level 45 done
[    1.33] Level 46 done
[    1.36] Level 47 done
[    1.40] Level 48 done
[    1.44] Level 49 done
[    1.48] Level 50 done
[    1.52] Level 51 done
[    1.56] Level 52 done
[    1.60] Level 53 done
[    1.64] Level 54 done
[    1.68] Level 55 done
[    1.72] Level 56 done
[    1.76] Level 57 done
[    1.81] Level 58 done
[    1.85] Level 59 done
[    1.89] Level 60 done
[    1.93] Level 61 done
[    1.97] Level 62 done
[    2.02] Level 63 done
[    2.06] Level 64 done
[    2.10] Level 65 done
[    2.14] Level 66 done
[    2.18] Level 67 done
[    2.22] Level 68 done
[    2.25] Level 69 done
[    2.29] Level 70 done
[    2.33] Level 71 done
[    2.36] Level 72 done
[    2.39] Level 73 done
[    2.43] Level 74 done
[    2.46] Level 75 done
[    2.49] Level 76 done
[    2.53] Level 77 done
[    2.56] Level 78 done
[    2.58] Level 79 done
[    2.61] Level 80 done
[    2.63] Level 81 done
[    2.65] Level 82 done
[    2.67] Level 83 done
[    2.69] Level 84 done
[    2.71] Level 85 done
[    2.73] Level 86 done
[    2.74] Level 87 done
[    2.75] Level 88 done
[    2.76] Level 89 done
[    2.77] Level 90 done
[    2.77] Level 91 done
[    2.78] Level 92 done
[    2.78] Level 93 done
[    2.78] Level 94 done
[    2.79] Level 95 done
[    2.79] Level 96 done
[    2.79] Level 97 done
[    2.79] Level 98 done
[    2.79] Level 99 done
[    2.79] Level 100 done
[    2.79] Level 101 done
[    2.79] Level 102 done
[    2.79] Level 103 done
[    2.79] PAR Time: 2.185650
[    2.80] Final states: 1,047,405 states
