[    0.70] Read file '/home/oortwijn/distdd/models/beem/lann.6.bdd'
[    0.70] 20 integers per state, 8 bits per integer, 40 transition groups
[    0.80] Level 1 done
[    0.83] Level 2 done
[    0.84] Level 3 done
[    0.85] Level 4 done
[    0.85] Level 5 done
[    0.85] Level 6 done
[    0.86] Level 7 done
[    0.87] Level 8 done
[    0.87] Level 9 done
[    0.89] Level 10 done
[    0.90] Level 11 done
[    0.92] Level 12 done
[    0.95] Level 13 done
[    0.98] Level 14 done
[    1.02] Level 15 done
[    1.08] Level 16 done
[    1.14] Level 17 done
[    1.22] Level 18 done
[    1.31] Level 19 done
[    1.42] Level 20 done
[    1.56] Level 21 done
[    1.71] Level 22 done
[    1.96] Level 23 done
[    2.38] Level 24 done
[    2.85] Level 25 done
[    3.32] Level 26 done
[    3.85] Level 27 done
[    4.37] Level 28 done
[    4.95] Level 29 done
[    5.50] Level 30 done
[    6.05] Level 31 done
[    6.72] Level 32 done
[    7.27] Level 33 done
[    7.88] Level 34 done
[    8.53] Level 35 done
[    9.25] Level 36 done
[   10.04] Level 37 done
[   10.90] Level 38 done
[   11.85] Level 39 done
[   12.90] Level 40 done
[   14.04] Level 41 done
[   15.29] Level 42 done
[   16.66] Level 43 done
[   18.16] Level 44 done
[   19.79] Level 45 done
[   21.55] Level 46 done
[   23.45] Level 47 done
[   25.52] Level 48 done
[   27.75] Level 49 done
[   30.17] Level 50 done
[   32.81] Level 51 done
[   35.66] Level 52 done
[   38.75] Level 53 done
[   42.11] Level 54 done
[   45.73] Level 55 done
[   49.67] Level 56 done
[   53.94] Level 57 done
[   58.59] Level 58 done
[   63.69] Level 59 done
[   69.45] (GC) Starting garbage collection...
[   70.18] (GC) Garbage collection done.
[   70.70] Level 60 done
[   84.31] Level 61 done
[   89.54] Level 62 done
[   95.00] Level 63 done
[  100.76] Level 64 done
[  106.83] Level 65 done
[  113.20] Level 66 done
[  119.86] Level 67 done
[  126.83] Level 68 done
[  134.34] Level 69 done
[  137.59] (GC) Starting garbage collection...
[  138.51] (GC) Garbage collection done.
[  150.91] Level 70 done
[  161.47] Level 71 done
[  168.04] Level 72 done
[  174.69] Level 73 done
[  181.44] Level 74 done
[  188.27] Level 75 done
[  195.19] Level 76 done
[  202.28] Level 77 done
[  207.50] (GC) Starting garbage collection...
[  208.70] (GC) Garbage collection done.
[  213.16] Level 78 done
[  227.67] Level 79 done
[  233.52] Level 80 done
[  239.21] Level 81 done
[  244.79] Level 82 done
[  250.25] Level 83 done
[  255.57] Level 84 done
[  260.74] Level 85 done
[  265.73] Level 86 done
[  270.56] Level 87 done
[  275.26] Level 88 done
[  279.89] Level 89 done
[  282.37] (GC) Starting garbage collection...
[  283.16] (GC) Garbage collection done.
[  288.23] Level 90 done
[  294.74] Level 91 done
[  297.77] Level 92 done
[  300.56] Level 93 done
[  303.12] Level 94 done
[  305.50] Level 95 done
[  307.70] Level 96 done
[  309.74] Level 97 done
[  311.65] Level 98 done
[  313.43] Level 99 done
[  315.09] Level 100 done
[  316.64] Level 101 done
[  318.08] Level 102 done
[  319.41] Level 103 done
[  320.64] Level 104 done
[  321.76] Level 105 done
[  322.79] Level 106 done
[  323.73] Level 107 done
[  324.59] Level 108 done
[  325.37] Level 109 done
[  326.07] Level 110 done
[  326.71] Level 111 done
[  327.28] Level 112 done
[  327.79] Level 113 done
[  328.25] Level 114 done
[  328.66] Level 115 done
[  329.04] Level 116 done
[  329.37] Level 117 done
[  329.67] Level 118 done
[  329.95] Level 119 done
[  330.20] Level 120 done
[  330.43] Level 121 done
[  330.63] Level 122 done
[  330.82] Level 123 done
[  330.99] Level 124 done
[  331.15] Level 125 done
[  331.29] Level 126 done
[  331.42] Level 127 done
[  331.55] Level 128 done
[  331.66] Level 129 done
[  331.76] Level 130 done
[  331.86] Level 131 done
[  331.95] Level 132 done
[  332.03] Level 133 done
[  332.10] Level 134 done
[  332.16] Level 135 done
[  332.22] Level 136 done
[  332.27] Level 137 done
[  332.32] Level 138 done
[  332.37] Level 139 done
[  332.41] Level 140 done
[  332.45] Level 141 done
[  332.48] Level 142 done
[  332.51] Level 143 done
[  332.54] Level 144 done
[  332.57] Level 145 done
[  332.60] Level 146 done
[  332.63] Level 147 done
[  332.65] Level 148 done
[  332.67] Level 149 done
[  332.69] Level 150 done
[  332.71] Level 151 done
[  332.73] Level 152 done
[  332.74] Level 153 done
[  332.75] Level 154 done
[  332.77] Level 155 done
[  332.78] Level 156 done
[  332.79] Level 157 done
[  332.80] Level 158 done
[  332.81] Level 159 done
[  332.82] Level 160 done
[  332.83] Level 161 done
[  332.83] Level 162 done
[  332.84] Level 163 done
[  332.85] Level 164 done
[  332.85] Level 165 done
[  332.86] Level 166 done
[  332.86] Level 167 done
[  332.87] Level 168 done
[  332.88] Level 169 done
[  332.88] Level 170 done
[  332.89] Level 171 done
[  332.89] Level 172 done
[  332.89] Level 173 done
[  332.90] Level 174 done
[  332.90] Level 175 done
[  332.90] Level 176 done
[  332.91] Level 177 done
[  332.91] Level 178 done
[  332.91] Level 179 done
[  332.92] Level 180 done
[  332.92] Level 181 done
[  332.92] Level 182 done
[  332.92] Level 183 done
[  332.93] Level 184 done
[  332.93] Level 185 done
[  332.93] Level 186 done
[  332.93] Level 187 done
[  332.93] Level 188 done
[  332.94] Level 189 done
[  332.94] Level 190 done
[  332.94] Level 191 done
[  332.94] Level 192 done
[  332.94] Level 193 done
[  332.94] Level 194 done
[  332.95] Level 195 done
[  332.95] Level 196 done
[  332.95] Level 197 done
[  332.95] Level 198 done
[  332.95] Level 199 done
[  332.95] Level 200 done
[  332.95] Level 201 done
[  332.95] Level 202 done
[  332.95] BFS Time: 332.247849
[  333.01] Final states: 144,151,628 states
