[    0.72] Read file '/home/oortwijn/distdd/models/beem/leader_filters.6.bdd'
[    0.72] 28 integers per state, 4 bits per integer, 35 transition groups
[    0.85] Level 1 done
[    0.87] Level 2 done
[    0.88] Level 3 done
[    0.88] Level 4 done
[    0.89] Level 5 done
[    0.89] Level 6 done
[    0.90] Level 7 done
[    0.92] Level 8 done
[    0.93] Level 9 done
[    0.95] Level 10 done
[    0.98] Level 11 done
[    1.01] Level 12 done
[    1.04] Level 13 done
[    1.08] Level 14 done
[    1.13] Level 15 done
[    1.18] Level 16 done
[    1.25] Level 17 done
[    1.34] Level 18 done
[    1.44] Level 19 done
[    1.55] Level 20 done
[    1.69] Level 21 done
[    1.84] Level 22 done
[    2.03] Level 23 done
[    2.22] Level 24 done
[    2.44] Level 25 done
[    2.69] Level 26 done
[    2.98] Level 27 done
[    3.61] Level 28 done
[    4.15] Level 29 done
[    4.69] Level 30 done
[    5.46] Level 31 done
[    6.33] Level 32 done
[    7.21] Level 33 done
[    8.07] Level 34 done
[    8.87] Level 35 done
[    9.77] Level 36 done
[   10.57] Level 37 done
[   11.44] Level 38 done
[   12.35] Level 39 done
[   13.29] Level 40 done
[   14.29] Level 41 done
[   15.36] Level 42 done
[   16.51] Level 43 done
[   17.72] Level 44 done
[   18.97] Level 45 done
[   20.30] Level 46 done
[   21.74] Level 47 done
[   23.23] Level 48 done
[   24.76] Level 49 done
[   26.31] Level 50 done
[   27.88] Level 51 done
[   29.57] Level 52 done
[   31.42] Level 53 done
[   33.33] Level 54 done
[   35.19] Level 55 done
[   37.06] Level 56 done
[   38.98] Level 57 done
[   40.89] Level 58 done
[   42.74] Level 59 done
[   44.49] Level 60 done
[   46.19] Level 61 done
[   47.86] Level 62 done
[   49.48] Level 63 done
[   51.07] Level 64 done
[   52.58] Level 65 done
[   54.02] Level 66 done
[   55.44] Level 67 done
[   56.89] Level 68 done
[   58.27] Level 69 done
[   59.50] Level 70 done
[   60.60] Level 71 done
[   61.64] Level 72 done
[   62.65] Level 73 done
[   63.53] Level 74 done
[   64.25] Level 75 done
[   64.86] Level 76 done
[   65.49] Level 77 done
[   66.22] Level 78 done
[   66.88] Level 79 done
[   67.38] Level 80 done
[   67.80] Level 81 done
[   68.13] Level 82 done
[   68.39] Level 83 done
[   68.53] Level 84 done
[   68.58] Level 85 done
[   68.59] Level 86 done
[   68.59] BFS Time: 67.869555
[   68.67] Final states: 220,913,716 states
