[    0.86] Read file '/home/oortwijn/distdd/models/beem/lifts.3.bdd'
[    0.86] 29 integers per state, 6 bits per integer, 90 transition groups
[    0.87] Level 1 done
[    0.88] Level 2 done
[    0.88] Level 3 done
[    0.88] Level 4 done
[    0.88] Level 5 done
[    0.89] Level 6 done
[    0.89] Level 7 done
[    0.89] Level 8 done
[    0.89] Level 9 done
[    0.90] Level 10 done
[    0.90] Level 11 done
[    0.90] Level 12 done
[    0.90] Level 13 done
[    0.90] Level 14 done
[    0.90] Level 15 done
[    0.90] Level 16 done
[    0.91] Level 17 done
[    0.91] Level 18 done
[    0.91] Level 19 done
[    0.91] Level 20 done
[    0.92] Level 21 done
[    0.92] Level 22 done
[    0.92] Level 23 done
[    0.92] Level 24 done
[    0.93] Level 25 done
[    0.93] Level 26 done
[    0.93] Level 27 done
[    0.94] Level 28 done
[    0.95] Level 29 done
[    0.96] Level 30 done
[    0.97] Level 31 done
[    0.98] Level 32 done
[    0.99] Level 33 done
[    1.00] Level 34 done
[    1.01] Level 35 done
[    1.02] Level 36 done
[    1.04] Level 37 done
[    1.05] Level 38 done
[    1.07] Level 39 done
[    1.08] Level 40 done
[    1.10] Level 41 done
[    1.12] Level 42 done
[    1.14] Level 43 done
[    1.16] Level 44 done
[    1.18] Level 45 done
[    1.21] Level 46 done
[    1.23] Level 47 done
[    1.26] Level 48 done
[    1.28] Level 49 done
[    1.31] Level 50 done
[    1.33] Level 51 done
[    1.36] Level 52 done
[    1.40] Level 53 done
[    1.43] Level 54 done
[    1.47] Level 55 done
[    1.49] Level 56 done
[    1.52] Level 57 done
[    1.55] Level 58 done
[    1.59] Level 59 done
[    1.63] Level 60 done
[    1.67] Level 61 done
[    1.71] Level 62 done
[    1.75] Level 63 done
[    1.79] Level 64 done
[    1.84] Level 65 done
[    1.88] Level 66 done
[    1.92] Level 67 done
[    1.96] Level 68 done
[    2.01] Level 69 done
[    2.05] Level 70 done
[    2.09] Level 71 done
[    2.13] Level 72 done
[    2.17] Level 73 done
[    2.22] Level 74 done
[    2.26] Level 75 done
[    2.31] Level 76 done
[    2.35] Level 77 done
[    2.39] Level 78 done
[    2.43] Level 79 done
[    2.47] Level 80 done
[    2.51] Level 81 done
[    2.55] Level 82 done
[    2.60] Level 83 done
[    2.64] Level 84 done
[    2.68] Level 85 done
[    2.72] Level 86 done
[    2.75] Level 87 done
[    2.78] Level 88 done
[    2.81] Level 89 done
[    2.85] Level 90 done
[    2.87] Level 91 done
[    2.90] Level 92 done
[    2.93] Level 93 done
[    2.96] Level 94 done
[    2.99] Level 95 done
[    3.02] Level 96 done
[    3.05] Level 97 done
[    3.07] Level 98 done
[    3.10] Level 99 done
[    3.13] Level 100 done
[    3.15] Level 101 done
[    3.18] Level 102 done
[    3.21] Level 103 done
[    3.24] Level 104 done
[    3.26] Level 105 done
[    3.28] Level 106 done
[    3.30] Level 107 done
[    3.32] Level 108 done
[    3.34] Level 109 done
[    3.36] Level 110 done
[    3.37] Level 111 done
[    3.38] Level 112 done
[    3.40] Level 113 done
[    3.41] Level 114 done
[    3.42] Level 115 done
[    3.42] Level 116 done
[    3.43] Level 117 done
[    3.44] Level 118 done
[    3.44] Level 119 done
[    3.45] Level 120 done
[    3.46] Level 121 done
[    3.46] Level 122 done
[    3.47] Level 123 done
[    3.47] Level 124 done
[    3.47] Level 125 done
[    3.48] Level 126 done
[    3.48] Level 127 done
[    3.48] Level 128 done
[    3.49] Level 129 done
[    3.49] Level 130 done
[    3.49] BFS Time: 2.630466
[    3.50] Final states: 30,772 states
