[    0.82] Read file '/home/oortwijn/distdd/models/beem/lifts.4.bdd'
[    0.82] 29 integers per state, 6 bits per integer, 90 transition groups
[    0.83] Level 1 done
[    0.83] Level 2 done
[    0.83] Level 3 done
[    0.83] Level 4 done
[    0.83] Level 5 done
[    0.83] Level 6 done
[    0.83] Level 7 done
[    0.83] Level 8 done
[    0.83] Level 9 done
[    0.83] Level 10 done
[    0.83] Level 11 done
[    0.83] Level 12 done
[    0.83] Level 13 done
[    0.83] Level 14 done
[    0.83] Level 15 done
[    0.84] Level 16 done
[    0.84] Level 17 done
[    0.84] Level 18 done
[    0.84] Level 19 done
[    0.84] Level 20 done
[    0.84] Level 21 done
[    0.84] Level 22 done
[    0.84] Level 23 done
[    0.84] Level 24 done
[    0.84] Level 25 done
[    0.84] Level 26 done
[    0.84] Level 27 done
[    0.84] Level 28 done
[    0.84] Level 29 done
[    0.85] Level 30 done
[    0.85] Level 31 done
[    0.85] Level 32 done
[    0.85] Level 33 done
[    0.85] Level 34 done
[    0.85] Level 35 done
[    0.86] Level 36 done
[    0.86] Level 37 done
[    0.86] Level 38 done
[    0.86] Level 39 done
[    0.87] Level 40 done
[    0.87] Level 41 done
[    0.87] Level 42 done
[    0.88] Level 43 done
[    0.88] Level 44 done
[    0.89] Level 45 done
[    0.89] Level 46 done
[    0.90] Level 47 done
[    0.90] Level 48 done
[    0.91] Level 49 done
[    0.92] Level 50 done
[    0.92] Level 51 done
[    0.93] Level 52 done
[    0.94] Level 53 done
[    0.95] Level 54 done
[    0.96] Level 55 done
[    0.98] Level 56 done
[    0.99] Level 57 done
[    1.00] Level 58 done
[    1.01] Level 59 done
[    1.02] Level 60 done
[    1.04] Level 61 done
[    1.05] Level 62 done
[    1.06] Level 63 done
[    1.08] Level 64 done
[    1.09] Level 65 done
[    1.11] Level 66 done
[    1.12] Level 67 done
[    1.14] Level 68 done
[    1.15] Level 69 done
[    1.17] Level 70 done
[    1.18] Level 71 done
[    1.20] Level 72 done
[    1.22] Level 73 done
[    1.23] Level 74 done
[    1.25] Level 75 done
[    1.27] Level 76 done
[    1.28] Level 77 done
[    1.31] Level 78 done
[    1.32] Level 79 done
[    1.34] Level 80 done
[    1.36] Level 81 done
[    1.37] Level 82 done
[    1.39] Level 83 done
[    1.41] Level 84 done
[    1.42] Level 85 done
[    1.44] Level 86 done
[    1.45] Level 87 done
[    1.46] Level 88 done
[    1.48] Level 89 done
[    1.49] Level 90 done
[    1.50] Level 91 done
[    1.51] Level 92 done
[    1.52] Level 93 done
[    1.53] Level 94 done
[    1.54] Level 95 done
[    1.55] Level 96 done
[    1.56] Level 97 done
[    1.57] Level 98 done
[    1.58] Level 99 done
[    1.58] Level 100 done
[    1.59] Level 101 done
[    1.60] Level 102 done
[    1.60] Level 103 done
[    1.61] Level 104 done
[    1.61] Level 105 done
[    1.62] Level 106 done
[    1.62] Level 107 done
[    1.62] Level 108 done
[    1.63] Level 109 done
[    1.63] Level 110 done
[    1.63] Level 111 done
[    1.63] Level 112 done
[    1.63] Level 113 done
[    1.63] Level 114 done
[    1.64] Level 115 done
[    1.64] Level 116 done
[    1.64] Level 117 done
[    1.64] PAR Time: 0.813444
[    1.64] Final states: 112,792 states
