[    0.27] Read file '/home/oortwijn/distdd/models/beem/lup.1.bdd'
[    0.27] 6 integers per state, 3 bits per integer, 8 transition groups
[    0.28] Level 1 done
[    0.29] Level 2 done
[    0.30] Level 3 done
[    0.32] Level 4 done
[    0.32] Level 5 done
[    0.33] Level 6 done
[    0.34] Level 7 done
[    0.35] Level 8 done
[    0.36] Level 9 done
[    0.37] Level 10 done
[    0.38] Level 11 done
[    0.39] Level 12 done
[    0.39] Level 13 done
[    0.40] Level 14 done
[    0.41] Level 15 done
[    0.41] Level 16 done
[    0.42] Level 17 done
[    0.42] Level 18 done
[    0.42] Level 19 done
[    0.42] Level 20 done
[    0.42] Level 21 done
[    0.43] Level 22 done
[    0.43] Level 23 done
[    0.43] Level 24 done
[    0.43] Level 25 done
[    0.43] Level 26 done
[    0.43] Level 27 done
[    0.43] Level 28 done
[    0.43] Level 29 done
[    0.43] Level 30 done
[    0.43] Level 31 done
[    0.43] Level 32 done
[    0.43] PAR Time: 0.162037
[    0.43] Final states: 1,404 states
