[    0.74] Read file '/home/oortwijn/distdd/models/beem/mcs.5.bdd'
[    0.74] 21 integers per state, 8 bits per integer, 50 transition groups
[    0.75] Level 1 done
[    0.75] Level 2 done
[    0.75] Level 3 done
[    0.75] Level 4 done
[    0.75] Level 5 done
[    0.76] Level 6 done
[    0.76] Level 7 done
[    0.76] Level 8 done
[    0.77] Level 9 done
[    0.78] Level 10 done
[    0.79] Level 11 done
[    0.81] Level 12 done
[    0.83] Level 13 done
[    0.86] Level 14 done
[    0.89] Level 15 done
[    0.94] Level 16 done
[    0.99] Level 17 done
[    1.05] Level 18 done
[    1.13] Level 19 done
[    1.22] Level 20 done
[    1.32] Level 21 done
[    1.42] Level 22 done
[    1.55] Level 23 done
[    1.68] Level 24 done
[    1.83] Level 25 done
[    2.00] Level 26 done
[    2.19] Level 27 done
[    2.42] Level 28 done
[    2.67] Level 29 done
[    2.96] Level 30 done
[    3.27] Level 31 done
[    3.61] Level 32 done
[    3.98] Level 33 done
[    4.41] Level 34 done
[    4.87] Level 35 done
[    5.38] Level 36 done
[    5.95] Level 37 done
[    6.57] Level 38 done
[    7.27] Level 39 done
[    8.05] Level 40 done
[    8.89] Level 41 done
[    9.84] Level 42 done
[   10.86] Level 43 done
[   11.97] Level 44 done
[   13.22] Level 45 done
[   14.60] (GC) Starting garbage collection...
[   14.74] (GC) Garbage collection done.
[   14.82] Level 46 done
[   17.34] Level 47 done
[   18.73] Level 48 done
[   20.16] Level 49 done
[   21.70] Level 50 done
[   23.26] Level 51 done
[   24.84] Level 52 done
[   26.58] Level 53 done
[   28.30] (GC) Starting garbage collection...
[   28.46] (GC) Garbage collection done.
[   28.63] Level 54 done
[   31.44] Level 55 done
[   33.04] Level 56 done
[   34.64] Level 57 done
[   36.29] Level 58 done
[   37.84] Level 59 done
[   39.34] Level 60 done
[   40.99] Level 61 done
[   41.72] (GC) Starting garbage collection...
[   41.91] (GC) Garbage collection done.
[   43.19] Level 62 done
[   44.86] Level 63 done
[   46.04] Level 64 done
[   47.15] Level 65 done
[   48.22] Level 66 done
[   49.09] Level 67 done
[   49.87] Level 68 done
[   50.63] Level 69 done
[   51.30] Level 70 done
[   51.87] Level 71 done
[   52.36] Level 72 done
[   52.81] Level 73 done
[   53.22] Level 74 done
[   53.53] Level 75 done
[   53.77] Level 76 done
[   54.00] Level 77 done
[   54.21] Level 78 done
[   54.36] Level 79 done
[   54.46] Level 80 done
[   54.56] Level 81 done
[   54.64] Level 82 done
[   54.71] Level 83 done
[   54.75] Level 84 done
[   54.78] Level 85 done
[   54.81] Level 86 done
[   54.82] Level 87 done
[   54.82] Level 88 done
[   54.83] Level 89 done
[   54.84] Level 90 done
[   54.85] Level 91 done
[   54.85] PAR Time: 54.110265
[   54.86] Final states: 60,556,519 states
