[    0.72] Read file '/home/oortwijn/distdd/models/beem/needham.1.bdd'
[    0.72] 14 integers per state, 12 bits per integer, 24 transition groups
[    0.73] Level 1 done
[    0.73] Level 2 done
[    0.74] Level 3 done
[    0.74] Level 4 done
[    0.74] Level 5 done
[    0.74] Level 6 done
[    0.74] Level 7 done
[    0.74] Level 8 done
[    0.74] Level 9 done
[    0.74] Level 10 done
[    0.74] Level 11 done
[    0.74] Level 12 done
[    0.74] Level 13 done
[    0.74] Level 14 done
[    0.74] Level 15 done
[    0.74] Level 16 done
[    0.74] PAR Time: 0.018078
[    0.74] Final states: 497 states
