[    0.88] Read file '/home/oortwijn/distdd/models/beem/pgm_protocol.8.bdd'
[    0.88] 127 integers per state, 4 bits per integer, 105 transition groups
[    0.88] Level 1 done
[    0.88] Level 2 done
[    0.88] Level 3 done
[    0.88] Level 4 done
[    0.88] Level 5 done
[    0.88] Level 6 done
[    0.88] Level 7 done
[    0.88] Level 8 done
[    0.89] Level 9 done
[    0.89] Level 10 done
[    0.89] Level 11 done
[    0.89] Level 12 done
[    0.89] Level 13 done
[    0.89] Level 14 done
[    0.89] Level 15 done
[    0.89] Level 16 done
[    0.90] Level 17 done
[    0.90] Level 18 done
[    0.90] Level 19 done
[    0.90] Level 20 done
[    0.90] Level 21 done
[    0.91] Level 22 done
[    0.91] Level 23 done
[    0.91] Level 24 done
[    0.91] Level 25 done
[    0.91] Level 26 done
[    0.91] Level 27 done
[    0.92] Level 28 done
[    0.92] Level 29 done
[    0.92] Level 30 done
[    0.92] Level 31 done
[    0.93] Level 32 done
[    0.93] Level 33 done
[    0.93] Level 34 done
[    0.94] Level 35 done
[    0.94] Level 36 done
[    0.94] Level 37 done
[    0.95] Level 38 done
[    0.95] Level 39 done
[    0.96] Level 40 done
[    0.96] Level 41 done
[    0.96] Level 42 done
[    0.97] Level 43 done
[    0.97] Level 44 done
[    0.97] Level 45 done
[    0.98] Level 46 done
[    0.98] Level 47 done
[    0.99] Level 48 done
[    0.99] Level 49 done
[    1.00] Level 50 done
[    1.01] Level 51 done
[    1.01] Level 52 done
[    1.02] Level 53 done
[    1.03] Level 54 done
[    1.03] Level 55 done
[    1.04] Level 56 done
[    1.05] Level 57 done
[    1.06] Level 58 done
[    1.06] Level 59 done
[    1.07] Level 60 done
[    1.08] Level 61 done
[    1.09] Level 62 done
[    1.10] Level 63 done
[    1.10] Level 64 done
[    1.11] Level 65 done
[    1.12] Level 66 done
[    1.13] Level 67 done
[    1.14] Level 68 done
[    1.16] Level 69 done
[    1.17] Level 70 done
[    1.18] Level 71 done
[    1.19] Level 72 done
[    1.20] Level 73 done
[    1.21] Level 74 done
[    1.22] Level 75 done
[    1.23] Level 76 done
[    1.24] Level 77 done
[    1.26] Level 78 done
[    1.27] Level 79 done
[    1.28] Level 80 done
[    1.29] Level 81 done
[    1.30] Level 82 done
[    1.31] Level 83 done
[    1.32] Level 84 done
[    1.34] Level 85 done
[    1.35] Level 86 done
[    1.36] Level 87 done
[    1.37] Level 88 done
[    1.39] Level 89 done
[    1.40] Level 90 done
[    1.41] Level 91 done
[    1.42] Level 92 done
[    1.44] Level 93 done
[    1.45] Level 94 done
[    1.46] Level 95 done
[    1.47] Level 96 done
[    1.49] Level 97 done
[    1.50] Level 98 done
[    1.52] Level 99 done
[    1.53] Level 100 done
[    1.55] Level 101 done
[    1.56] Level 102 done
[    1.58] Level 103 done
[    1.60] Level 104 done
[    1.61] Level 105 done
[    1.63] Level 106 done
[    1.65] Level 107 done
[    1.67] Level 108 done
[    1.69] Level 109 done
[    1.71] Level 110 done
[    1.73] Level 111 done
[    1.75] Level 112 done
[    1.78] Level 113 done
[    1.80] Level 114 done
[    1.82] Level 115 done
[    1.85] Level 116 done
[    1.87] Level 117 done
[    1.90] Level 118 done
[    1.92] Level 119 done
[    1.95] Level 120 done
[    1.98] Level 121 done
[    2.02] Level 122 done
[    2.05] Level 123 done
[    2.09] Level 124 done
[    2.13] Level 125 done
[    2.17] Level 126 done
[    2.20] Level 127 done
[    2.24] Level 128 done
[    2.27] Level 129 done
[    2.31] Level 130 done
[    2.34] Level 131 done
[    2.37] Level 132 done
[    2.41] Level 133 done
[    2.44] Level 134 done
[    2.48] Level 135 done
[    2.52] Level 136 done
[    2.56] Level 137 done
[    2.60] Level 138 done
[    2.65] Level 139 done
[    2.70] Level 140 done
[    2.75] Level 141 done
[    2.80] Level 142 done
[    2.86] Level 143 done
[    2.95] Level 144 done
[    3.12] Level 145 done
[    3.28] Level 146 done
[    3.44] Level 147 done
[    3.56] Level 148 done
[    3.67] Level 149 done
[    3.77] Level 150 done
[    3.87] Level 151 done
[    3.98] Level 152 done
[    4.09] Level 153 done
[    4.20] Level 154 done
[    4.32] Level 155 done
[    4.45] Level 156 done
[    4.57] Level 157 done
[    4.70] Level 158 done
[    4.87] Level 159 done
[    5.09] Level 160 done
[    5.27] Level 161 done
[    5.47] Level 162 done
[    5.64] Level 163 done
[    5.82] Level 164 done
[    6.03] Level 165 done
[    6.24] Level 166 done
[    6.45] Level 167 done
[    6.60] Level 168 done
[    6.74] Level 169 done
[    6.92] Level 170 done
[    7.06] Level 171 done
[    7.22] Level 172 done
[    7.43] Level 173 done
[    7.61] Level 174 done
[    7.76] Level 175 done
[    7.97] Level 176 done
[    8.15] Level 177 done
[    8.29] Level 178 done
[    8.43] Level 179 done
[    8.58] Level 180 done
[    8.73] Level 181 done
[    8.89] Level 182 done
[    9.04] Level 183 done
[    9.23] Level 184 done
[    9.39] Level 185 done
[    9.54] Level 186 done
[    9.69] Level 187 done
[    9.85] Level 188 done
[   10.00] Level 189 done
[   10.16] Level 190 done
[   10.33] Level 191 done
[   10.49] Level 192 done
[   10.65] Level 193 done
[   10.81] Level 194 done
[   10.98] Level 195 done
[   11.14] Level 196 done
[   11.30] Level 197 done
[   11.46] Level 198 done
[   11.63] Level 199 done
[   11.80] Level 200 done
[   11.97] Level 201 done
[   12.14] Level 202 done
[   12.30] Level 203 done
[   12.47] Level 204 done
[   12.64] Level 205 done
[   12.80] Level 206 done
[   12.96] Level 207 done
[   13.12] Level 208 done
[   13.29] Level 209 done
[   13.44] Level 210 done
[   13.61] Level 211 done
[   13.78] Level 212 done
[   13.95] Level 213 done
[   14.12] Level 214 done
[   14.29] Level 215 done
[   14.47] Level 216 done
[   14.65] Level 217 done
[   14.83] Level 218 done
[   15.02] Level 219 done
[   15.21] Level 220 done
[   15.40] Level 221 done
[   15.59] Level 222 done
[   15.78] Level 223 done
[   15.96] Level 224 done
[   16.15] Level 225 done
[   16.33] Level 226 done
[   16.52] Level 227 done
[   16.70] Level 228 done
[   16.88] Level 229 done
[   17.06] Level 230 done
[   17.25] Level 231 done
[   17.44] Level 232 done
[   17.63] Level 233 done
[   17.84] Level 234 done
[   18.05] Level 235 done
[   18.27] Level 236 done
[   18.50] Level 237 done
[   18.72] Level 238 done
[   18.96] Level 239 done
[   19.20] Level 240 done
[   19.45] Level 241 done
[   19.71] Level 242 done
[   19.97] Level 243 done
[   20.24] Level 244 done
[   20.50] Level 245 done
[   20.75] Level 246 done
[   21.01] Level 247 done
[   21.27] Level 248 done
[   21.54] Level 249 done
[   21.82] Level 250 done
[   22.10] Level 251 done
[   22.38] Level 252 done
[   22.67] Level 253 done
[   22.97] Level 254 done
[   23.27] Level 255 done
[   23.58] Level 256 done
[   23.89] Level 257 done
[   24.20] Level 258 done
[   24.52] Level 259 done
[   24.86] Level 260 done
[   25.20] Level 261 done
[   25.54] Level 262 done
[   25.88] Level 263 done
[   26.22] Level 264 done
[   26.56] Level 265 done
[   26.89] Level 266 done
[   27.23] Level 267 done
[   27.58] Level 268 done
[   27.94] Level 269 done
[   28.31] Level 270 done
[   28.68] Level 271 done
[   29.05] Level 272 done
[   29.42] Level 273 done
[   29.80] Level 274 done
[   30.18] Level 275 done
[   30.56] Level 276 done
[   30.96] Level 277 done
[   31.36] Level 278 done
[   31.78] Level 279 done
[   32.21] Level 280 done
[   32.64] Level 281 done
[   33.07] Level 282 done
[   33.49] Level 283 done
[   33.91] Level 284 done
[   34.33] Level 285 done
[   34.76] Level 286 done
[   35.20] Level 287 done
[   35.64] Level 288 done
[   36.08] Level 289 done
[   36.52] Level 290 done
[   36.97] Level 291 done
[   37.40] Level 292 done
[   37.84] Level 293 done
[   38.27] Level 294 done
[   38.71] Level 295 done
[   39.15] Level 296 done
[   39.59] Level 297 done
[   40.02] Level 298 done
[   40.46] Level 299 done
[   40.90] Level 300 done
[   41.35] Level 301 done
[   41.80] Level 302 done
[   42.24] Level 303 done
[   42.67] Level 304 done
[   43.11] Level 305 done
[   43.55] Level 306 done
[   43.98] Level 307 done
[   44.44] Level 308 done
[   44.90] Level 309 done
[   45.37] Level 310 done
[   45.84] Level 311 done
[   46.31] Level 312 done
[   46.78] Level 313 done
[   47.26] Level 314 done
[   47.75] Level 315 done
[   48.24] Level 316 done
[   48.73] Level 317 done
[   49.23] Level 318 done
[   49.72] Level 319 done
[   50.22] Level 320 done
[   50.71] Level 321 done
[   51.20] Level 322 done
[   51.68] Level 323 done
[   52.16] Level 324 done
[   52.64] Level 325 done
[   53.12] Level 326 done
[   53.62] Level 327 done
[   54.11] Level 328 done
[   54.60] Level 329 done
[   55.09] Level 330 done
[   55.61] Level 331 done
[   56.13] Level 332 done
[   56.66] Level 333 done
[   57.20] Level 334 done
[   57.75] Level 335 done
[   58.32] Level 336 done
[   58.89] Level 337 done
[   59.47] Level 338 done
[   60.05] Level 339 done
[   60.64] Level 340 done
[   61.22] Level 341 done
[   61.79] Level 342 done
[   62.35] Level 343 done
[   62.92] Level 344 done
[   63.49] Level 345 done
[   64.08] Level 346 done
[   64.68] Level 347 done
[   65.29] Level 348 done
[   65.89] Level 349 done
[   66.52] Level 350 done
[   67.15] Level 351 done
[   67.77] Level 352 done
[   68.40] Level 353 done
[   69.03] Level 354 done
[   69.67] Level 355 done
[   70.32] Level 356 done
[   70.99] Level 357 done
[   71.67] Level 358 done
[   72.36] Level 359 done
[   73.04] Level 360 done
[   73.71] Level 361 done
[   74.38] Level 362 done
[   75.03] Level 363 done
[   75.71] Level 364 done
[   76.39] Level 365 done
[   77.10] Level 366 done
[   77.81] Level 367 done
[   78.53] Level 368 done
[   79.26] Level 369 done
[   79.99] Level 370 done
[   80.72] Level 371 done
[   81.46] Level 372 done
[   82.20] Level 373 done
[   82.96] Level 374 done
[   83.73] Level 375 done
[   84.52] Level 376 done
[   85.31] Level 377 done
[   86.09] Level 378 done
[   86.87] Level 379 done
[   87.64] Level 380 done
[   88.40] Level 381 done
[   89.15] Level 382 done
[   89.90] Level 383 done
[   90.66] Level 384 done
[   91.43] Level 385 done
[   92.20] Level 386 done
[   92.97] Level 387 done
[   93.74] Level 388 done
[   94.52] Level 389 done
[   95.29] Level 390 done
[   96.06] Level 391 done
[   96.82] Level 392 done
[   97.60] Level 393 done
[   98.37] Level 394 done
[   99.16] Level 395 done
[   99.94] Level 396 done
[  100.70] Level 397 done
[  101.47] Level 398 done
[  102.24] Level 399 done
[  102.99] Level 400 done
[  103.74] Level 401 done
[  104.49] Level 402 done
[  105.24] Level 403 done
[  105.99] Level 404 done
[  106.75] Level 405 done
[  107.50] Level 406 done
[  108.26] Level 407 done
[  109.01] Level 408 done
[  109.76] Level 409 done
[  110.51] Level 410 done
[  111.28] Level 411 done
[  112.04] Level 412 done
[  112.79] Level 413 done
[  113.54] Level 414 done
[  114.30] Level 415 done
[  115.06] Level 416 done
[  115.84] Level 417 done
[  116.62] Level 418 done
[  117.41] Level 419 done
[  118.19] Level 420 done
[  118.96] Level 421 done
[  119.74] Level 422 done
[  120.53] Level 423 done
[  121.32] Level 424 done
[  122.12] Level 425 done
[  122.92] Level 426 done
[  123.73] Level 427 done
[  124.54] Level 428 done
[  124.68] (GC) Starting garbage collection...
[  125.16] (GC) Garbage collection done.
[  127.22] Level 429 done
[  128.08] Level 430 done
[  128.85] Level 431 done
[  129.61] Level 432 done
[  130.36] Level 433 done
[  131.08] Level 434 done
[  131.79] Level 435 done
[  132.48] Level 436 done
[  133.16] Level 437 done
[  133.83] Level 438 done
[  134.49] Level 439 done
[  135.13] Level 440 done
[  135.76] Level 441 done
[  136.40] Level 442 done
[  137.02] Level 443 done
[  137.63] Level 444 done
[  138.22] Level 445 done
[  138.80] Level 446 done
[  139.37] Level 447 done
[  139.92] Level 448 done
[  140.46] Level 449 done
[  141.00] Level 450 done
[  141.55] Level 451 done
[  142.09] Level 452 done
[  142.65] Level 453 done
[  143.19] Level 454 done
[  143.73] Level 455 done
[  144.26] Level 456 done
[  144.78] Level 457 done
[  145.29] Level 458 done
[  145.81] Level 459 done
[  146.32] Level 460 done
[  146.83] Level 461 done
[  147.34] Level 462 done
[  147.84] Level 463 done
[  148.33] Level 464 done
[  148.80] Level 465 done
[  149.27] Level 466 done
[  149.71] Level 467 done
[  150.16] Level 468 done
[  150.60] Level 469 done
[  151.04] Level 470 done
[  151.47] Level 471 done
[  151.90] Level 472 done
[  152.31] Level 473 done
[  152.72] Level 474 done
[  153.12] Level 475 done
[  153.49] Level 476 done
[  153.85] Level 477 done
[  154.20] Level 478 done
[  154.55] Level 479 done
[  154.90] Level 480 done
[  155.26] Level 481 done
[  155.60] Level 482 done
[  155.94] Level 483 done
[  156.28] Level 484 done
[  156.60] Level 485 done
[  156.92] Level 486 done
[  157.23] Level 487 done
[  157.54] Level 488 done
[  157.85] Level 489 done
[  158.16] Level 490 done
[  158.47] Level 491 done
[  158.78] Level 492 done
[  159.08] Level 493 done
[  159.37] Level 494 done
[  159.66] Level 495 done
[  159.94] Level 496 done
[  160.21] Level 497 done
[  160.48] Level 498 done
[  160.76] Level 499 done
[  161.03] Level 500 done
[  161.30] Level 501 done
[  161.56] Level 502 done
[  161.83] Level 503 done
[  162.09] Level 504 done
[  162.33] Level 505 done
[  162.55] Level 506 done
[  162.77] Level 507 done
[  162.99] Level 508 done
[  163.20] Level 509 done
[  163.39] Level 510 done
[  163.60] Level 511 done
[  163.80] Level 512 done
[  164.00] Level 513 done
[  164.19] Level 514 done
[  164.37] Level 515 done
[  164.54] Level 516 done
[  164.71] Level 517 done
[  164.86] Level 518 done
[  164.99] Level 519 done
[  165.14] Level 520 done
[  165.29] Level 521 done
[  165.44] Level 522 done
[  165.60] Level 523 done
[  165.74] Level 524 done
[  165.88] Level 525 done
[  166.02] Level 526 done
[  166.15] Level 527 done
[  166.27] Level 528 done
[  166.39] Level 529 done
[  166.52] Level 530 done
[  166.65] Level 531 done
[  166.77] Level 532 done
[  166.89] Level 533 done
[  167.00] Level 534 done
[  167.12] Level 535 done
[  167.23] Level 536 done
[  167.32] Level 537 done
[  167.39] Level 538 done
[  167.46] Level 539 done
[  167.53] Level 540 done
[  167.60] Level 541 done
[  167.67] Level 542 done
[  167.74] Level 543 done
[  167.81] Level 544 done
[  167.88] Level 545 done
[  167.94] Level 546 done
[  167.99] Level 547 done
[  168.03] Level 548 done
[  168.08] Level 549 done
[  168.12] Level 550 done
[  168.17] Level 551 done
[  168.21] Level 552 done
[  168.26] Level 553 done
[  168.30] Level 554 done
[  168.35] Level 555 done
[  168.39] Level 556 done
[  168.42] Level 557 done
[  168.46] Level 558 done
[  168.50] Level 559 done
[  168.54] Level 560 done
[  168.59] Level 561 done
[  168.63] Level 562 done
[  168.68] Level 563 done
[  168.73] Level 564 done
[  168.76] Level 565 done
[  168.79] Level 566 done
[  168.82] Level 567 done
[  168.85] Level 568 done
[  168.88] Level 569 done
[  168.92] Level 570 done
[  168.95] Level 571 done
[  168.99] Level 572 done
[  169.02] Level 573 done
[  169.04] Level 574 done
[  169.06] Level 575 done
[  169.07] Level 576 done
[  169.09] Level 577 done
[  169.11] Level 578 done
[  169.12] Level 579 done
[  169.14] Level 580 done
[  169.15] Level 581 done
[  169.16] Level 582 done
[  169.17] Level 583 done
[  169.18] Level 584 done
[  169.18] Level 585 done
[  169.19] Level 586 done
[  169.19] Level 587 done
[  169.19] Level 588 done
[  169.20] Level 589 done
[  169.20] Level 590 done
[  169.20] Level 591 done
[  169.20] Level 592 done
[  169.20] Level 593 done
[  169.20] Level 594 done
[  169.20] Level 595 done
[  169.21] Level 596 done
[  169.21] BFS Time: 168.326608
[  169.35] Final states: 3,069,390 states
