[    0.81] Read file '/home/oortwijn/distdd/models/beem/pgm_protocol.8.bdd'
[    0.81] 127 integers per state, 4 bits per integer, 105 transition groups
[    0.81] Level 1 done
[    0.81] Level 2 done
[    0.81] Level 3 done
[    0.81] Level 4 done
[    0.82] Level 5 done
[    0.82] Level 6 done
[    0.82] Level 7 done
[    0.82] Level 8 done
[    0.82] Level 9 done
[    0.82] Level 10 done
[    0.82] Level 11 done
[    0.82] Level 12 done
[    0.82] Level 13 done
[    0.82] Level 14 done
[    0.82] Level 15 done
[    0.82] Level 16 done
[    0.82] Level 17 done
[    0.82] Level 18 done
[    0.82] Level 19 done
[    0.82] Level 20 done
[    0.82] Level 21 done
[    0.82] Level 22 done
[    0.82] Level 23 done
[    0.82] Level 24 done
[    0.82] Level 25 done
[    0.82] Level 26 done
[    0.82] Level 27 done
[    0.82] Level 28 done
[    0.82] Level 29 done
[    0.83] Level 30 done
[    0.83] Level 31 done
[    0.83] Level 32 done
[    0.83] Level 33 done
[    0.83] Level 34 done
[    0.83] Level 35 done
[    0.83] Level 36 done
[    0.83] Level 37 done
[    0.83] Level 38 done
[    0.83] Level 39 done
[    0.83] Level 40 done
[    0.83] Level 41 done
[    0.83] Level 42 done
[    0.84] Level 43 done
[    0.84] Level 44 done
[    0.84] Level 45 done
[    0.84] Level 46 done
[    0.84] Level 47 done
[    0.84] Level 48 done
[    0.84] Level 49 done
[    0.84] Level 50 done
[    0.84] Level 51 done
[    0.84] Level 52 done
[    0.85] Level 53 done
[    0.85] Level 54 done
[    0.85] Level 55 done
[    0.85] Level 56 done
[    0.85] Level 57 done
[    0.85] Level 58 done
[    0.85] Level 59 done
[    0.86] Level 60 done
[    0.86] Level 61 done
[    0.86] Level 62 done
[    0.86] Level 63 done
[    0.86] Level 64 done
[    0.86] Level 65 done
[    0.87] Level 66 done
[    0.87] Level 67 done
[    0.87] Level 68 done
[    0.87] Level 69 done
[    0.87] Level 70 done
[    0.88] Level 71 done
[    0.88] Level 72 done
[    0.88] Level 73 done
[    0.88] Level 74 done
[    0.88] Level 75 done
[    0.89] Level 76 done
[    0.89] Level 77 done
[    0.89] Level 78 done
[    0.89] Level 79 done
[    0.89] Level 80 done
[    0.90] Level 81 done
[    0.90] Level 82 done
[    0.90] Level 83 done
[    0.90] Level 84 done
[    0.91] Level 85 done
[    0.91] Level 86 done
[    0.91] Level 87 done
[    0.91] Level 88 done
[    0.92] Level 89 done
[    0.92] Level 90 done
[    0.92] Level 91 done
[    0.92] Level 92 done
[    0.92] Level 93 done
[    0.93] Level 94 done
[    0.93] Level 95 done
[    0.93] Level 96 done
[    0.93] Level 97 done
[    0.94] Level 98 done
[    0.94] Level 99 done
[    0.94] Level 100 done
[    0.95] Level 101 done
[    0.95] Level 102 done
[    0.95] Level 103 done
[    0.96] Level 104 done
[    0.96] Level 105 done
[    0.96] Level 106 done
[    0.97] Level 107 done
[    0.97] Level 108 done
[    0.97] Level 109 done
[    0.98] Level 110 done
[    0.98] Level 111 done
[    0.98] Level 112 done
[    0.99] Level 113 done
[    0.99] Level 114 done
[    0.99] Level 115 done
[    1.00] Level 116 done
[    1.00] Level 117 done
[    1.01] Level 118 done
[    1.01] Level 119 done
[    1.02] Level 120 done
[    1.02] Level 121 done
[    1.03] Level 122 done
[    1.03] Level 123 done
[    1.04] Level 124 done
[    1.04] Level 125 done
[    1.05] Level 126 done
[    1.06] Level 127 done
[    1.06] Level 128 done
[    1.07] Level 129 done
[    1.07] Level 130 done
[    1.08] Level 131 done
[    1.08] Level 132 done
[    1.09] Level 133 done
[    1.09] Level 134 done
[    1.10] Level 135 done
[    1.11] Level 136 done
[    1.11] Level 137 done
[    1.12] Level 138 done
[    1.13] Level 139 done
[    1.13] Level 140 done
[    1.14] Level 141 done
[    1.15] Level 142 done
[    1.16] Level 143 done
[    1.17] Level 144 done
[    1.18] Level 145 done
[    1.19] Level 146 done
[    1.21] Level 147 done
[    1.22] Level 148 done
[    1.23] Level 149 done
[    1.24] Level 150 done
[    1.26] Level 151 done
[    1.27] Level 152 done
[    1.28] Level 153 done
[    1.29] Level 154 done
[    1.31] Level 155 done
[    1.32] Level 156 done
[    1.34] Level 157 done
[    1.35] Level 158 done
[    1.37] Level 159 done
[    1.38] Level 160 done
[    1.41] Level 161 done
[    1.42] Level 162 done
[    1.44] Level 163 done
[    1.46] Level 164 done
[    1.48] Level 165 done
[    1.50] Level 166 done
[    1.52] Level 167 done
[    1.54] Level 168 done
[    1.56] Level 169 done
[    1.58] Level 170 done
[    1.60] Level 171 done
[    1.62] Level 172 done
[    1.64] Level 173 done
[    1.66] Level 174 done
[    1.68] Level 175 done
[    1.70] Level 176 done
[    1.73] Level 177 done
[    1.76] Level 178 done
[    1.78] Level 179 done
[    1.81] Level 180 done
[    1.83] Level 181 done
[    1.86] Level 182 done
[    1.89] Level 183 done
[    1.92] Level 184 done
[    1.94] Level 185 done
[    1.97] Level 186 done
[    2.00] Level 187 done
[    2.03] Level 188 done
[    2.05] Level 189 done
[    2.08] Level 190 done
[    2.11] Level 191 done
[    2.14] Level 192 done
[    2.17] Level 193 done
[    2.20] Level 194 done
[    2.22] Level 195 done
[    2.25] Level 196 done
[    2.28] Level 197 done
[    2.31] Level 198 done
[    2.34] Level 199 done
[    2.37] Level 200 done
[    2.40] Level 201 done
[    2.44] Level 202 done
[    2.47] Level 203 done
[    2.50] Level 204 done
[    2.54] Level 205 done
[    2.57] Level 206 done
[    2.60] Level 207 done
[    2.64] Level 208 done
[    2.67] Level 209 done
[    2.70] Level 210 done
[    2.74] Level 211 done
[    2.77] Level 212 done
[    2.80] Level 213 done
[    2.84] Level 214 done
[    2.87] Level 215 done
[    2.90] Level 216 done
[    2.94] Level 217 done
[    2.97] Level 218 done
[    3.02] Level 219 done
[    3.05] Level 220 done
[    3.08] Level 221 done
[    3.13] Level 222 done
[    3.16] Level 223 done
[    3.19] Level 224 done
[    3.23] Level 225 done
[    3.26] Level 226 done
[    3.29] Level 227 done
[    3.32] Level 228 done
[    3.35] Level 229 done
[    3.38] Level 230 done
[    3.41] Level 231 done
[    3.44] Level 232 done
[    3.47] Level 233 done
[    3.51] Level 234 done
[    3.54] Level 235 done
[    3.57] Level 236 done
[    3.61] Level 237 done
[    3.65] Level 238 done
[    3.68] Level 239 done
[    3.72] Level 240 done
[    3.76] Level 241 done
[    3.80] Level 242 done
[    3.84] Level 243 done
[    3.88] Level 244 done
[    3.92] Level 245 done
[    3.96] Level 246 done
[    4.01] Level 247 done
[    4.05] Level 248 done
[    4.09] Level 249 done
[    4.13] Level 250 done
[    4.18] Level 251 done
[    4.22] Level 252 done
[    4.27] Level 253 done
[    4.31] Level 254 done
[    4.36] Level 255 done
[    4.41] Level 256 done
[    4.46] Level 257 done
[    4.51] Level 258 done
[    4.56] Level 259 done
[    4.61] Level 260 done
[    4.66] Level 261 done
[    4.71] Level 262 done
[    4.76] Level 263 done
[    4.82] Level 264 done
[    4.87] Level 265 done
[    4.92] Level 266 done
[    4.97] Level 267 done
[    5.02] Level 268 done
[    5.08] Level 269 done
[    5.13] Level 270 done
[    5.19] Level 271 done
[    5.24] Level 272 done
[    5.30] Level 273 done
[    5.36] Level 274 done
[    5.42] Level 275 done
[    5.48] Level 276 done
[    5.54] Level 277 done
[    5.60] Level 278 done
[    5.66] Level 279 done
[    5.73] Level 280 done
[    5.79] Level 281 done
[    5.86] Level 282 done
[    5.92] Level 283 done
[    5.99] Level 284 done
[    6.06] Level 285 done
[    6.13] Level 286 done
[    6.20] Level 287 done
[    6.27] Level 288 done
[    6.34] Level 289 done
[    6.41] Level 290 done
[    6.48] Level 291 done
[    6.55] Level 292 done
[    6.62] Level 293 done
[    6.68] Level 294 done
[    6.75] Level 295 done
[    6.82] Level 296 done
[    6.89] Level 297 done
[    6.95] Level 298 done
[    7.02] Level 299 done
[    7.09] Level 300 done
[    7.16] Level 301 done
[    7.23] Level 302 done
[    7.30] Level 303 done
[    7.37] Level 304 done
[    7.44] Level 305 done
[    7.52] Level 306 done
[    7.58] Level 307 done
[    7.66] Level 308 done
[    7.73] Level 309 done
[    7.81] Level 310 done
[    7.88] Level 311 done
[    7.96] Level 312 done
[    8.04] Level 313 done
[    8.11] Level 314 done
[    8.18] Level 315 done
[    8.26] Level 316 done
[    8.33] Level 317 done
[    8.40] Level 318 done
[    8.48] Level 319 done
[    8.55] Level 320 done
[    8.63] Level 321 done
[    8.70] Level 322 done
[    8.77] Level 323 done
[    8.85] Level 324 done
[    8.92] Level 325 done
[    8.99] Level 326 done
[    9.06] Level 327 done
[    9.14] Level 328 done
[    9.21] Level 329 done
[    9.28] Level 330 done
[    9.36] Level 331 done
[    9.43] Level 332 done
[    9.51] Level 333 done
[    9.59] Level 334 done
[    9.67] Level 335 done
[    9.76] Level 336 done
[    9.84] Level 337 done
[    9.93] Level 338 done
[   10.02] Level 339 done
[   10.10] Level 340 done
[   10.19] Level 341 done
[   10.27] Level 342 done
[   10.36] Level 343 done
[   10.44] Level 344 done
[   10.53] Level 345 done
[   10.61] Level 346 done
[   10.70] Level 347 done
[   10.79] Level 348 done
[   10.88] Level 349 done
[   10.97] Level 350 done
[   11.07] Level 351 done
[   11.16] Level 352 done
[   11.25] Level 353 done
[   11.35] Level 354 done
[   11.44] Level 355 done
[   11.54] Level 356 done
[   11.63] Level 357 done
[   11.74] Level 358 done
[   11.84] Level 359 done
[   11.94] Level 360 done
[   12.04] Level 361 done
[   12.14] Level 362 done
[   12.23] Level 363 done
[   12.34] Level 364 done
[   12.44] Level 365 done
[   12.55] Level 366 done
[   12.65] Level 367 done
[   12.76] Level 368 done
[   12.87] Level 369 done
[   12.98] Level 370 done
[   13.09] Level 371 done
[   13.20] Level 372 done
[   13.32] Level 373 done
[   13.43] Level 374 done
[   13.55] Level 375 done
[   13.67] Level 376 done
[   13.78] Level 377 done
[   13.90] Level 378 done
[   14.02] Level 379 done
[   14.14] Level 380 done
[   14.25] Level 381 done
[   14.36] Level 382 done
[   14.48] Level 383 done
[   14.60] Level 384 done
[   14.71] Level 385 done
[   14.83] Level 386 done
[   14.95] Level 387 done
[   15.06] Level 388 done
[   15.18] Level 389 done
[   15.30] Level 390 done
[   15.41] Level 391 done
[   15.53] Level 392 done
[   15.65] Level 393 done
[   15.76] Level 394 done
[   15.88] Level 395 done
[   16.00] Level 396 done
[   16.12] Level 397 done
[   16.23] Level 398 done
[   16.35] Level 399 done
[   16.47] Level 400 done
[   16.58] Level 401 done
[   16.70] Level 402 done
[   16.81] Level 403 done
[   16.93] Level 404 done
[   17.05] Level 405 done
[   17.16] Level 406 done
[   17.28] Level 407 done
[   17.39] Level 408 done
[   17.51] Level 409 done
[   17.63] Level 410 done
[   17.74] Level 411 done
[   17.86] Level 412 done
[   17.98] Level 413 done
[   18.09] Level 414 done
[   18.21] Level 415 done
[   18.33] Level 416 done
[   18.45] Level 417 done
[   18.57] Level 418 done
[   18.69] Level 419 done
[   18.81] Level 420 done
[   18.93] Level 421 done
[   19.06] Level 422 done
[   19.18] Level 423 done
[   19.30] Level 424 done
[   19.42] Level 425 done
[   19.55] Level 426 done
[   19.61] (GC) Starting garbage collection...
[   19.69] (GC) Garbage collection done.
[   19.89] Level 427 done
[   20.06] Level 428 done
[   20.17] Level 429 done
[   20.29] Level 430 done
[   20.40] Level 431 done
[   20.50] Level 432 done
[   20.61] Level 433 done
[   20.71] Level 434 done
[   20.81] Level 435 done
[   20.91] Level 436 done
[   21.00] Level 437 done
[   21.10] Level 438 done
[   21.20] Level 439 done
[   21.29] Level 440 done
[   21.38] Level 441 done
[   21.47] Level 442 done
[   21.56] Level 443 done
[   21.64] Level 444 done
[   21.72] Level 445 done
[   21.81] Level 446 done
[   21.89] Level 447 done
[   21.96] Level 448 done
[   22.04] Level 449 done
[   22.12] Level 450 done
[   22.20] Level 451 done
[   22.27] Level 452 done
[   22.35] Level 453 done
[   22.43] Level 454 done
[   22.51] Level 455 done
[   22.59] Level 456 done
[   22.66] Level 457 done
[   22.74] Level 458 done
[   22.81] Level 459 done
[   22.88] Level 460 done
[   22.96] Level 461 done
[   23.03] Level 462 done
[   23.10] Level 463 done
[   23.17] Level 464 done
[   23.24] Level 465 done
[   23.31] Level 466 done
[   23.37] Level 467 done
[   23.44] Level 468 done
[   23.50] Level 469 done
[   23.56] Level 470 done
[   23.62] Level 471 done
[   23.69] Level 472 done
[   23.74] Level 473 done
[   23.80] Level 474 done
[   23.86] Level 475 done
[   23.91] Level 476 done
[   23.96] Level 477 done
[   24.02] Level 478 done
[   24.07] Level 479 done
[   24.12] Level 480 done
[   24.17] Level 481 done
[   24.22] Level 482 done
[   24.26] Level 483 done
[   24.31] Level 484 done
[   24.36] Level 485 done
[   24.41] Level 486 done
[   24.45] Level 487 done
[   24.50] Level 488 done
[   24.54] Level 489 done
[   24.59] Level 490 done
[   24.63] Level 491 done
[   24.68] Level 492 done
[   24.72] Level 493 done
[   24.76] Level 494 done
[   24.80] Level 495 done
[   24.84] Level 496 done
[   24.88] Level 497 done
[   24.92] Level 498 done
[   24.96] Level 499 done
[   25.00] Level 500 done
[   25.04] Level 501 done
[   25.08] Level 502 done
[   25.12] Level 503 done
[   25.15] Level 504 done
[   25.19] Level 505 done
[   25.22] Level 506 done
[   25.25] Level 507 done
[   25.28] Level 508 done
[   25.31] Level 509 done
[   25.34] Level 510 done
[   25.37] Level 511 done
[   25.40] Level 512 done
[   25.43] Level 513 done
[   25.45] Level 514 done
[   25.48] Level 515 done
[   25.50] Level 516 done
[   25.53] Level 517 done
[   25.55] Level 518 done
[   25.57] Level 519 done
[   25.59] Level 520 done
[   25.61] Level 521 done
[   25.63] Level 522 done
[   25.66] Level 523 done
[   25.68] Level 524 done
[   25.70] Level 525 done
[   25.72] Level 526 done
[   25.74] Level 527 done
[   25.75] Level 528 done
[   25.77] Level 529 done
[   25.79] Level 530 done
[   25.81] Level 531 done
[   25.83] Level 532 done
[   25.84] Level 533 done
[   25.86] Level 534 done
[   25.88] Level 535 done
[   25.89] Level 536 done
[   25.91] Level 537 done
[   25.92] Level 538 done
[   25.93] Level 539 done
[   25.94] Level 540 done
[   25.95] Level 541 done
[   25.96] Level 542 done
[   25.97] Level 543 done
[   25.98] Level 544 done
[   25.99] Level 545 done
[   26.00] Level 546 done
[   26.00] Level 547 done
[   26.01] Level 548 done
[   26.02] Level 549 done
[   26.02] Level 550 done
[   26.03] Level 551 done
[   26.04] Level 552 done
[   26.04] Level 553 done
[   26.05] Level 554 done
[   26.06] Level 555 done
[   26.06] Level 556 done
[   26.07] Level 557 done
[   26.07] Level 558 done
[   26.08] Level 559 done
[   26.09] Level 560 done
[   26.09] Level 561 done
[   26.10] Level 562 done
[   26.11] Level 563 done
[   26.11] Level 564 done
[   26.12] Level 565 done
[   26.12] Level 566 done
[   26.13] Level 567 done
[   26.13] Level 568 done
[   26.14] Level 569 done
[   26.14] Level 570 done
[   26.15] Level 571 done
[   26.15] Level 572 done
[   26.16] Level 573 done
[   26.16] Level 574 done
[   26.17] Level 575 done
[   26.17] Level 576 done
[   26.17] Level 577 done
[   26.17] Level 578 done
[   26.17] Level 579 done
[   26.18] Level 580 done
[   26.18] Level 581 done
[   26.18] Level 582 done
[   26.18] Level 583 done
[   26.18] Level 584 done
[   26.19] Level 585 done
[   26.19] Level 586 done
[   26.19] Level 587 done
[   26.19] Level 588 done
[   26.19] Level 589 done
[   26.19] Level 590 done
[   26.19] Level 591 done
[   26.19] Level 592 done
[   26.19] Level 593 done
[   26.19] Level 594 done
[   26.19] Level 595 done
[   26.19] Level 596 done
[   26.19] PAR Time: 25.382117
[   26.22] Final states: 3,069,390 states
