[    0.85] Read file '/home/oortwijn/distdd/models/beem/synapse.3.bdd'
[    0.85] 22 integers per state, 16 bits per integer, 46 transition groups
[    0.85] Level 1 done
[    0.85] Level 2 done
[    0.85] Level 3 done
[    0.86] Level 4 done
[    0.86] Level 5 done
[    0.86] Level 6 done
[    0.86] Level 7 done
[    0.86] Level 8 done
[    0.86] Level 9 done
[    0.87] Level 10 done
[    0.87] Level 11 done
[    0.87] Level 12 done
[    0.87] Level 13 done
[    0.88] Level 14 done
[    0.88] Level 15 done
[    0.89] Level 16 done
[    0.89] Level 17 done
[    0.90] Level 18 done
[    0.92] Level 19 done
[    0.94] Level 20 done
[    0.97] Level 21 done
[    1.01] Level 22 done
[    1.04] Level 23 done
[    1.09] Level 24 done
[    1.13] Level 25 done
[    1.18] Level 26 done
[    1.24] Level 27 done
[    1.29] Level 28 done
[    1.36] Level 29 done
[    1.42] Level 30 done
[    1.47] Level 31 done
[    1.52] Level 32 done
[    1.55] Level 33 done
[    1.58] Level 34 done
[    1.60] Level 35 done
[    1.61] Level 36 done
[    1.62] Level 37 done
[    1.63] Level 38 done
[    1.64] Level 39 done
[    1.64] Level 40 done
[    1.64] Level 41 done
[    1.65] Level 42 done
[    1.65] Level 43 done
[    1.65] Level 44 done
[    1.65] Level 45 done
[    1.65] PAR Time: 0.797220
[    1.66] Final states: 390,317 states
