[    0.83] Read file '/home/oortwijn/distdd/models/beem/synapse.2.bdd'
[    0.83] 22 integers per state, 16 bits per integer, 46 transition groups
[    0.84] Level 1 done
[    0.85] Level 2 done
[    0.85] Level 3 done
[    0.85] Level 4 done
[    0.86] Level 5 done
[    0.86] Level 6 done
[    0.87] Level 7 done
[    0.87] Level 8 done
[    0.89] Level 9 done
[    0.89] Level 10 done
[    0.90] Level 11 done
[    0.91] Level 12 done
[    0.92] Level 13 done
[    0.92] Level 14 done
[    0.93] Level 15 done
[    0.95] Level 16 done
[    0.97] Level 17 done
[    1.00] Level 18 done
[    1.04] Level 19 done
[    1.11] Level 20 done
[    1.18] Level 21 done
[    1.26] Level 22 done
[    1.34] Level 23 done
[    1.44] Level 24 done
[    1.54] Level 25 done
[    1.64] Level 26 done
[    1.75] Level 27 done
[    1.84] Level 28 done
[    1.94] Level 29 done
[    2.02] Level 30 done
[    2.08] Level 31 done
[    2.14] Level 32 done
[    2.18] Level 33 done
[    2.20] Level 34 done
[    2.22] Level 35 done
[    2.23] Level 36 done
[    2.24] Level 37 done
[    2.24] Level 38 done
[    2.25] Level 39 done
[    2.25] Level 40 done
[    2.25] Level 41 done
[    2.25] BFS Time: 1.421029
[    2.27] Final states: 61,048 states
