[    0.75] Read file '/home/oortwijn/distdd/models/beem/telephony.6.bdd'
[    0.75] 24 integers per state, 8 bits per integer, 76 transition groups
[    0.76] Level 1 done
[    0.76] Level 2 done
[    0.76] Level 3 done
[    0.77] Level 4 done
[    0.77] Level 5 done
[    0.77] Level 6 done
[    0.78] Level 7 done
[    0.78] Level 8 done
[    0.80] Level 9 done
[    0.81] Level 10 done
[    0.84] Level 11 done
[    0.88] Level 12 done
[    0.93] Level 13 done
[    1.00] Level 14 done
[    1.09] Level 15 done
[    1.22] Level 16 done
[    1.38] Level 17 done
[    1.60] Level 18 done
[    1.87] Level 19 done
[    2.20] Level 20 done
[    2.62] Level 21 done
[    3.15] Level 22 done
[    3.78] Level 23 done
[    4.52] Level 24 done
[    5.43] Level 25 done
[    6.55] Level 26 done
[    7.93] Level 27 done
[    8.97] (GC) Starting garbage collection...
[    9.14] (GC) Garbage collection done.
[   10.08] Level 28 done
[   12.77] Level 29 done
[   14.69] Level 30 done
[   16.53] (GC) Starting garbage collection...
[   16.74] (GC) Garbage collection done.
[   17.25] Level 31 done
[   21.23] Level 32 done
[   23.88] (GC) Starting garbage collection...
[   24.03] (GC) Garbage collection done.
[   24.08] Level 33 done
[   28.78] Level 34 done
[   31.54] (GC) Starting garbage collection...
[   31.74] (GC) Garbage collection done.
[   32.06] Level 35 done
[   37.17] Level 36 done
[   39.68] (GC) Starting garbage collection...
[   39.97] (GC) Garbage collection done.
[   41.04] Level 37 done
[   46.24] Level 38 done
[   46.52] (GC) Starting garbage collection...
[   46.70] (GC) Garbage collection done.
[   51.79] Level 39 done
[   54.74] (GC) Starting garbage collection...
[   55.01] (GC) Garbage collection done.
[   55.65] Level 40 done
[   60.96] Level 41 done
[   62.42] (GC) Starting garbage collection...
[   62.65] (GC) Garbage collection done.
[   65.54] Level 42 done
[   69.47] Level 43 done
[   70.39] (GC) Starting garbage collection...
[   70.62] (GC) Garbage collection done.
[   73.92] Level 44 done
[   77.26] Level 45 done
[   78.98] (GC) Starting garbage collection...
[   79.25] (GC) Garbage collection done.
[   80.37] Level 46 done
[   84.31] Level 47 done
[   86.35] Level 48 done
[   87.38] (GC) Starting garbage collection...
[   87.61] (GC) Garbage collection done.
[   89.40] Level 49 done
[   92.16] Level 50 done
[   93.64] Level 51 done
[   94.97] Level 52 done
[   96.16] Level 53 done
[   96.57] (GC) Starting garbage collection...
[   96.71] (GC) Garbage collection done.
[   98.42] Level 54 done
[   99.89] Level 55 done
[  100.67] Level 56 done
[  101.33] Level 57 done
[  101.88] Level 58 done
[  102.33] Level 59 done
[  102.71] Level 60 done
[  103.02] Level 61 done
[  103.30] Level 62 done
[  103.53] Level 63 done
[  103.74] Level 64 done
[  103.91] Level 65 done
[  104.06] Level 66 done
[  104.18] Level 67 done
[  104.29] Level 68 done
[  104.37] Level 69 done
[  104.45] Level 70 done
[  104.50] Level 71 done
[  104.55] Level 72 done
[  104.59] Level 73 done
[  104.63] Level 74 done
[  104.65] Level 75 done
[  104.67] Level 76 done
[  104.69] Level 77 done
[  104.70] Level 78 done
[  104.71] Level 79 done
[  104.72] Level 80 done
[  104.72] Level 81 done
[  104.73] Level 82 done
[  104.73] Level 83 done
[  104.73] Level 84 done
[  104.74] Level 85 done
[  104.74] Level 86 done
[  104.74] Level 87 done
[  104.74] PAR Time: 103.985125
[  104.75] Final states: 1,495,154,801 states
