performing reachability, flags: -n 32 -N 2 -shared-heap 16GB --tablesize=26 --cachesize=25  
This is upcrun, job spawner for the Berkeley UPC compiler (http://upc.lbl.gov).
upcrun version 2.22.2
Network conduits supported by this installation: smp mxm ibv
[1468680611.780638] [node053:29068:0]         sys.c:744  MXM  WARN  Conflicting CPU frequencies detected, using: 1995.94
[1468680611.788555] [node053:29068:0]         mxm.c:196  MXM  WARN  The 'ulimit -s' on the system is set to 'unlimited'. This may have negative performance implications. Please set the stack size to the default value (10240) 
[1468680611.780638] [node053:29068:0]         sys.c:744  MXM  WARN  Conflicting CPU frequencies detected, using: 1995.94
[1468680611.793638] [node053:29068:0]         mxm.c:196  MXM  WARN  The 'ulimit -s' on the system is set to 'unlimited'. This may have negative performance implications. Please set the stack size to the default value (10240) 
[1468680611.780638] [node053:29068:0]         sys.c:744  MXM  WARN  Conflicting CPU frequencies detected, using: 1995.94
[1468680611.790821] [node053:29068:0]         mxm.c:196  MXM  WARN  The 'ulimit -s' on the system is set to 'unlimited'. This may have negative performance implications. Please set the stack size to the default value (10240) 
[1468680611.780638] [node053:29068:0]         sys.c:744  MXM  WARN  Conflicting CPU frequencies detected, using: 1995.94
[1468680611.790157] [node053:29068:0]         mxm.c:196  MXM  WARN  The 'ulimit -s' on the system is set to 'unlimited'. This may have negative performance implications. Please set the stack size to the default value (10240) 
[1468680611.780638] [node053:29068:0]         sys.c:744  MXM  WARN  Conflicting CPU frequencies detected, using: 1995.94
[1468680611.791490] [node053:29068:0]         mxm.c:196  MXM  WARN  The 'ulimit -s' on the system is set to 'unlimited'. This may have negative performance implications. Please set the stack size to the default value (10240) 
[1468680611.780638] [node053:29068:0]         sys.c:744  MXM  WARN  Conflicting CPU frequencies detected, using: 1995.94
[1468680611.790058] [node053:29068:0]         mxm.c:196  MXM  WARN  The 'ulimit -s' on the system is set to 'unlimited'. This may have negative performance implications. Please set the stack size to the default value (10240) 
[1468680611.780638] [node053:29068:0]         sys.c:744  MXM  WARN  Conflicting CPU frequencies detected, using: 1995.94
[1468680611.791716] [node053:29068:0]         mxm.c:196  MXM  WARN  The 'ulimit -s' on the system is set to 'unlimited'. This may have negative performance implications. Please set the stack size to the default value (10240) 
[1468680611.780638] [node053:29068:0]         sys.c:744  MXM  WARN  Conflicting CPU frequencies detected, using: 1995.94
[1468680611.791991] [node053:29068:0]         mxm.c:196  MXM  WARN  The 'ulimit -s' on the system is set to 'unlimited'. This may have negative performance implications. Please set the stack size to the default value (10240) 
[1468680611.780638] [node053:29068:0]         sys.c:744  MXM  WARN  Conflicting CPU frequencies detected, using: 1995.94
[1468680611.792254] [node053:29068:0]         mxm.c:196  MXM  WARN  The 'ulimit -s' on the system is set to 'unlimited'. This may have negative performance implications. Please set the stack size to the default value (10240) 
[1468680611.780638] [node053:29068:0]         sys.c:744  MXM  WARN  Conflicting CPU frequencies detected, using: 1995.94
[1468680611.793821] [node053:29068:0]         mxm.c:196  MXM  WARN  The 'ulimit -s' on the system is set to 'unlimited'. This may have negative performance implications. Please set the stack size to the default value (10240) 
[1468680611.780638] [node053:29068:0]         sys.c:744  MXM  WARN  Conflicting CPU frequencies detected, using: 1995.94
[1468680611.788117] [node053:29068:0]         mxm.c:196  MXM  WARN  The 'ulimit -s' on the system is set to 'unlimited'. This may have negative performance implications. Please set the stack size to the default value (10240) 
[1468680611.780638] [node053:29068:0]         sys.c:744  MXM  WARN  Conflicting CPU frequencies detected, using: 1995.94
[1468680611.792958] [node053:29068:0]         mxm.c:196  MXM  WARN  The 'ulimit -s' on the system is set to 'unlimited'. This may have negative performance implications. Please set the stack size to the default value (10240) 
[1468680611.780638] [node053:29068:0]         sys.c:744  MXM  WARN  Conflicting CPU frequencies detected, using: 1995.94
[1468680611.792176] [node053:29068:0]         mxm.c:196  MXM  WARN  The 'ulimit -s' on the system is set to 'unlimited'. This may have negative performance implications. Please set the stack size to the default value (10240) 
[1468680611.780638] [node053:29068:0]         sys.c:744  MXM  WARN  Conflicting CPU frequencies detected, using: 1995.94
[1468680611.792390] [node053:29068:0]         mxm.c:196  MXM  WARN  The 'ulimit -s' on the system is set to 'unlimited'. This may have negative performance implications. Please set the stack size to the default value (10240) 
[1468680611.780638] [node053:29068:0]         sys.c:744  MXM  WARN  Conflicting CPU frequencies detected, using: 1995.94
[1468680611.792462] [node053:29068:0]         mxm.c:196  MXM  WARN  The 'ulimit -s' on the system is set to 'unlimited'. This may have negative performance implications. Please set the stack size to the default value (10240) 
[1468680611.780638] [node053:29068:0]         sys.c:744  MXM  WARN  Conflicting CPU frequencies detected, using: 1995.94
[1468680611.786846] [node053:29068:0]         mxm.c:196  MXM  WARN  The 'ulimit -s' on the system is set to 'unlimited'. This may have negative performance implications. Please set the stack size to the default value (10240) 
[1468680612.140205] [node054:24140:0]         sys.c:744  MXM  WARN  Conflicting CPU frequencies detected, using: 1565.16
[1468680612.140205] [node054:24140:0]         sys.c:744  MXM  WARN  Conflicting CPU frequencies detected, using: 1565.16
[1468680612.188521] [node054:24140:0]         mxm.c:196  MXM  WARN  The 'ulimit -s' on the system is set to 'unlimited'. This may have negative performance implications. Please set the stack size to the default value (10240) 
[1468680612.140205] [node054:24140:0]         sys.c:744  MXM  WARN  Conflicting CPU frequencies detected, using: 1565.16
[1468680612.193320] [node054:24140:0]         mxm.c:196  MXM  WARN  The 'ulimit -s' on the system is set to 'unlimited'. This may have negative performance implications. Please set the stack size to the default value (10240) 
[1468680612.140205] [node054:24140:0]         sys.c:744  MXM  WARN  Conflicting CPU frequencies detected, using: 1565.16
[1468680612.140205] [node054:24140:0]         sys.c:744  MXM  WARN  Conflicting CPU frequencies detected, using: 1565.16
[1468680612.140205] [node054:24140:0]         sys.c:744  MXM  WARN  Conflicting CPU frequencies detected, using: 1565.16
[1468680612.140205] [node054:24140:0]         sys.c:744  MXM  WARN  Conflicting CPU frequencies detected, using: 1565.16
[1468680612.140205] [node054:24140:0]         sys.c:744  MXM  WARN  Conflicting CPU frequencies detected, using: 1565.16
[1468680612.140205] [node054:24140:0]         sys.c:744  MXM  WARN  Conflicting CPU frequencies detected, using: 1565.16
[1468680612.140205] [node054:24140:0]         sys.c:744  MXM  WARN  Conflicting CPU frequencies detected, using: 1565.16
[1468680612.140205] [node054:24140:0]         sys.c:744  MXM  WARN  Conflicting CPU frequencies detected, using: 1565.16
[1468680612.140205] [node054:24140:0]         sys.c:744  MXM  WARN  Conflicting CPU frequencies detected, using: 1565.16
[1468680612.140205] [node054:24140:0]         sys.c:744  MXM  WARN  Conflicting CPU frequencies detected, using: 1565.16
[1468680612.140205] [node054:24140:0]         sys.c:744  MXM  WARN  Conflicting CPU frequencies detected, using: 1565.16
[1468680612.207851] [node054:24140:0]         mxm.c:196  MXM  WARN  The 'ulimit -s' on the system is set to 'unlimited'. This may have negative performance implications. Please set the stack size to the default value (10240) 
[1468680612.140205] [node054:24140:0]         sys.c:744  MXM  WARN  Conflicting CPU frequencies detected, using: 1565.16
[1468680612.175425] [node054:24140:0]         mxm.c:196  MXM  WARN  The 'ulimit -s' on the system is set to 'unlimited'. This may have negative performance implications. Please set the stack size to the default value (10240) 
[1468680612.207067] [node054:24140:0]         mxm.c:196  MXM  WARN  The 'ulimit -s' on the system is set to 'unlimited'. This may have negative performance implications. Please set the stack size to the default value (10240) 
[1468680612.205564] [node054:24140:0]         mxm.c:196  MXM  WARN  The 'ulimit -s' on the system is set to 'unlimited'. This may have negative performance implications. Please set the stack size to the default value (10240) 
[1468680612.212114] [node054:24140:0]         mxm.c:196  MXM  WARN  The 'ulimit -s' on the system is set to 'unlimited'. This may have negative performance implications. Please set the stack size to the default value (10240) 
[1468680612.140205] [node054:24140:0]         sys.c:744  MXM  WARN  Conflicting CPU frequencies detected, using: 1565.16
[1468680612.170668] [node054:24140:0]         mxm.c:196  MXM  WARN  The 'ulimit -s' on the system is set to 'unlimited'. This may have negative performance implications. Please set the stack size to the default value (10240) 
[1468680612.209640] [node054:24140:0]         mxm.c:196  MXM  WARN  The 'ulimit -s' on the system is set to 'unlimited'. This may have negative performance implications. Please set the stack size to the default value (10240) 
[1468680612.185749] [node054:24140:0]         mxm.c:196  MXM  WARN  The 'ulimit -s' on the system is set to 'unlimited'. This may have negative performance implications. Please set the stack size to the default value (10240) 
[1468680612.199762] [node054:24140:0]         mxm.c:196  MXM  WARN  The 'ulimit -s' on the system is set to 'unlimited'. This may have negative performance implications. Please set the stack size to the default value (10240) 
[1468680612.216333] [node054:24140:0]         mxm.c:196  MXM  WARN  The 'ulimit -s' on the system is set to 'unlimited'. This may have negative performance implications. Please set the stack size to the default value (10240) 
[1468680612.198973] [node054:24140:0]         mxm.c:196  MXM  WARN  The 'ulimit -s' on the system is set to 'unlimited'. This may have negative performance implications. Please set the stack size to the default value (10240) 
[1468680612.221262] [node054:24140:0]         mxm.c:196  MXM  WARN  The 'ulimit -s' on the system is set to 'unlimited'. This may have negative performance implications. Please set the stack size to the default value (10240) 
[1468680612.217787] [node054:24140:0]         mxm.c:196  MXM  WARN  The 'ulimit -s' on the system is set to 'unlimited'. This may have negative performance implications. Please set the stack size to the default value (10240) 
[1468680612.208858] [node054:24140:0]         mxm.c:196  MXM  WARN  The 'ulimit -s' on the system is set to 'unlimited'. This may have negative performance implications. Please set the stack size to the default value (10240) 
UPCR: UPC thread  0 of 32 on node053 (pshm node 0 of 2, process  0 of 32, pid=29070)
UPCR: UPC thread 14 of 32 on node053 (pshm node 0 of 2, process 14 of 32, pid=29093)
UPCR: UPC thread  8 of 32 on node053 (pshm node 0 of 2, process  8 of 32, pid=29080)
UPCR: UPC thread  1 of 32 on node053 (pshm node 0 of 2, process  1 of 32, pid=29071)
UPCR: UPC thread 10 of 32 on node053 (pshm node 0 of 2, process 10 of 32, pid=29085)
UPCR: UPC thread 13 of 32 on node053 (pshm node 0 of 2, process 13 of 32, pid=29091)
UPCR: UPC thread  5 of 32 on node053 (pshm node 0 of 2, process  5 of 32, pid=29075)
UPCR: UPC thread  9 of 32 on node053 (pshm node 0 of 2, process  9 of 32, pid=29083)
UPCR: UPC thread 12 of 32 on node053 (pshm node 0 of 2, process 12 of 32, pid=29089)
UPCR: UPC thread  3 of 32 on node053 (pshm node 0 of 2, process  3 of 32, pid=29073)
UPCR: UPC thread  4 of 32 on node053 (pshm node 0 of 2, process  4 of 32, pid=29074)
UPCR: UPC thread  6 of 32 on node053 (pshm node 0 of 2, process  6 of 32, pid=29077)
UPCR: UPC thread  2 of 32 on node053 (pshm node 0 of 2, process  2 of 32, pid=29072)
UPCR: UPC thread 11 of 32 on node053 (pshm node 0 of 2, process 11 of 32, pid=29087)
UPCR: UPC thread  7 of 32 on node053 (pshm node 0 of 2, process  7 of 32, pid=29079)
UPCR: UPC thread 15 of 32 on node053 (pshm node 0 of 2, process 15 of 32, pid=29096)
UPCR: UPC thread 25 of 32 on node054 (pshm node 1 of 2, process 25 of 32, pid=24196)
UPCR: UPC thread 16 of 32 on node054 (pshm node 1 of 2, process 16 of 32, pid=24182)
UPCR: UPC thread 29 of 32 on node054 (pshm node 1 of 2, process 29 of 32, pid=24204)
UPCR: UPC thread 24 of 32 on node054 (pshm node 1 of 2, process 24 of 32, pid=24194)
UPCR: UPC thread 28 of 32 on node054 (pshm node 1 of 2, process 28 of 32, pid=24202)
UPCR: UPC thread 19 of 32 on node054 (pshm node 1 of 2, process 19 of 32, pid=24185)
UPCR: UPC thread 20 of 32 on node054 (pshm node 1 of 2, process 20 of 32, pid=24186)
UPCR: UPC thread 17 of 32 on node054 (pshm node 1 of 2, process 17 of 32, pid=24183)
UPCR: UPC thread 31 of 32 on node054 (pshm node 1 of 2, process 31 of 32, pid=24208)
UPCR: UPC thread 18 of 32 on node054 (pshm node 1 of 2, process 18 of 32, pid=24184)
UPCR: UPC thread 27 of 32 on node054 (pshm node 1 of 2, process 27 of 32, pid=24200)
UPCR: UPC thread 22 of 32 on node054 (pshm node 1 of 2, process 22 of 32, pid=24189)
UPCR: UPC thread 21 of 32 on node054 (pshm node 1 of 2, process 21 of 32, pid=24188)
UPCR: UPC thread 30 of 32 on node054 (pshm node 1 of 2, process 30 of 32, pid=24206)
UPCR: UPC thread 26 of 32 on node054 (pshm node 1 of 2, process 26 of 32, pid=24198)
UPCR: UPC thread 23 of 32 on node054 (pshm node 1 of 2, process 23 of 32, pid=24193)
using a cache granularity of 8
using linear probing in the BDD table
using a memoization table of 2^25 = 33554432 entries (~1280 MB) per thread
using a BDD table of 2^26 = 67108864 entries (~1536 MB) per thread
Initializing /home/oortwijn/distdd/models/petrinets/2-10_phaseVariation.bdd!
vector size: 14
bits per integer: 4
number of BDD variables: 56
Loading initial states: 
Initial states loaded... 
Loading transition relations... 
14 integers per state, 4 bits per integer, 65 transition groups
BDD nodes:
Initial states: 56 BDD nodes
Transition 0: 37 BDD nodes
Transition 1: 99 BDD nodes
Transition 2: 99 BDD nodes
Transition 3: 122 BDD nodes
Transition 4: 124 BDD nodes
Transition 5: 216 BDD nodes
Transition 6: 216 BDD nodes
Transition 7: 99 BDD nodes
Transition 8: 242 BDD nodes
Transition 9: 242 BDD nodes
Transition 10: 216 BDD nodes
Transition 11: 216 BDD nodes
Transition 12: 99 BDD nodes
Transition 13: 242 BDD nodes
Transition 14: 242 BDD nodes
Transition 15: 124 BDD nodes
Transition 16: 122 BDD nodes
Transition 17: 191 BDD nodes
Transition 18: 191 BDD nodes
Transition 19: 191 BDD nodes
Transition 20: 191 BDD nodes
Transition 21: 191 BDD nodes
Transition 22: 191 BDD nodes
Transition 23: 191 BDD nodes
Transition 24: 191 BDD nodes
Transition 25: 89 BDD nodes
Transition 26: 158 BDD nodes
Transition 27: 158 BDD nodes
Transition 28: 158 BDD nodes
Transition 29: 158 BDD nodes
Transition 30: 89 BDD nodes
Transition 31: 158 BDD nodes
Transition 32: 158 BDD nodes
Transition 33: 158 BDD nodes
Transition 34: 158 BDD nodes
Transition 35: 112 BDD nodes
Transition 36: 113 BDD nodes
Transition 37: 176 BDD nodes
Transition 38: 176 BDD nodes
Transition 39: 176 BDD nodes
Transition 40: 176 BDD nodes
Transition 41: 201 BDD nodes
Transition 42: 201 BDD nodes
Transition 43: 192 BDD nodes
Transition 44: 192 BDD nodes
Transition 45: 192 BDD nodes
Transition 46: 192 BDD nodes
Transition 47: 274 BDD nodes
Transition 48: 274 BDD nodes
Transition 49: 60 BDD nodes
Transition 50: 127 BDD nodes
Transition 51: 127 BDD nodes
Transition 52: 127 BDD nodes
Transition 53: 127 BDD nodes
Transition 54: 155 BDD nodes
Transition 55: 155 BDD nodes
Transition 56: 91 BDD nodes
Transition 57: 128 BDD nodes
Transition 58: 128 BDD nodes
Transition 59: 128 BDD nodes
Transition 60: 128 BDD nodes
Transition 61: 156 BDD nodes
Transition 62: 156 BDD nodes
Transition 63: 115 BDD nodes
Transition 64: 68 BDD nodes
Level 1... done.
Level 2... done.
Level 3... done.
Level 4... done.
Level 5... done.
Level 6... done.
Level 7... done.
Level 8... done.
Level 9... done.
Level 10... done.
Level 11... done.
Level 12... done.
Level 13... done.
PAR Time: 0.141497
Final states: 7716 states
Final states: 488 BDD nodes
[1468680611.780638] [node053:29068:0]         sys.c:744  MXM  WARN  Conflicting CPU frequencies detected, using: 1995.94
[1468680612.140205] [node054:24140:0]         sys.c:744  MXM  WARN  Conflicting CPU frequencies detected, using: 1565.16
[1468680611.761914] [node053:29024:0]         sys.c:744  MXM  WARN  Conflicting CPU frequencies detected, using: 1995.94
