performing reachability, flags: -n 32 -N 2 -shared-heap 16GB --tablesize=26 --cachesize=25  
This is upcrun, job spawner for the Berkeley UPC compiler (http://upc.lbl.gov).
upcrun version 2.22.2
Network conduits supported by this installation: smp mxm ibv
[1468515690.047496] [node017:17070:0]         sys.c:744  MXM  WARN  Conflicting CPU frequencies detected, using: 3163.41
[1468515690.116647] [node017:17070:0]         mxm.c:196  MXM  WARN  The 'ulimit -s' on the system is set to 'unlimited'. This may have negative performance implications. Please set the stack size to the default value (10240) 
[1468515690.047496] [node017:17070:0]         sys.c:744  MXM  WARN  Conflicting CPU frequencies detected, using: 3163.41
[1468515690.047496] [node017:17070:0]         sys.c:744  MXM  WARN  Conflicting CPU frequencies detected, using: 3163.41
[1468515690.047496] [node017:17070:0]         sys.c:744  MXM  WARN  Conflicting CPU frequencies detected, using: 3163.41
[1468515690.047496] [node017:17070:0]         sys.c:744  MXM  WARN  Conflicting CPU frequencies detected, using: 3163.41
[1468515690.407823] [node018:19533:0]         sys.c:744  MXM  WARN  Conflicting CPU frequencies detected, using: 2975.34
[1468515690.476131] [node018:19533:0]         mxm.c:196  MXM  WARN  The 'ulimit -s' on the system is set to 'unlimited'. This may have negative performance implications. Please set the stack size to the default value (10240) 
[1468515690.407823] [node018:19533:0]         sys.c:744  MXM  WARN  Conflicting CPU frequencies detected, using: 2975.34
[1468515690.478528] [node018:19533:0]         mxm.c:196  MXM  WARN  The 'ulimit -s' on the system is set to 'unlimited'. This may have negative performance implications. Please set the stack size to the default value (10240) 
[1468515690.407823] [node018:19533:0]         sys.c:744  MXM  WARN  Conflicting CPU frequencies detected, using: 2975.34
[1468515690.407823] [node018:19533:0]         sys.c:744  MXM  WARN  Conflicting CPU frequencies detected, using: 2975.34
[1468515690.407823] [node018:19533:0]         sys.c:744  MXM  WARN  Conflicting CPU frequencies detected, using: 2975.34
[1468515690.407823] [node018:19533:0]         sys.c:744  MXM  WARN  Conflicting CPU frequencies detected, using: 2975.34
[1468515690.407823] [node018:19533:0]         sys.c:744  MXM  WARN  Conflicting CPU frequencies detected, using: 2975.34
[1468515690.047496] [node017:17070:0]         sys.c:744  MXM  WARN  Conflicting CPU frequencies detected, using: 3163.41
[1468515690.112600] [node017:17070:0]         mxm.c:196  MXM  WARN  The 'ulimit -s' on the system is set to 'unlimited'. This may have negative performance implications. Please set the stack size to the default value (10240) 
[1468515690.129606] [node017:17070:0]         mxm.c:196  MXM  WARN  The 'ulimit -s' on the system is set to 'unlimited'. This may have negative performance implications. Please set the stack size to the default value (10240) 
[1468515690.047496] [node017:17070:0]         sys.c:744  MXM  WARN  Conflicting CPU frequencies detected, using: 3163.41
[1468515690.101909] [node017:17070:0]         mxm.c:196  MXM  WARN  The 'ulimit -s' on the system is set to 'unlimited'. This may have negative performance implications. Please set the stack size to the default value (10240) 
[1468515690.047496] [node017:17070:0]         sys.c:744  MXM  WARN  Conflicting CPU frequencies detected, using: 3163.41
[1468515690.057272] [node017:17070:0]         mxm.c:196  MXM  WARN  The 'ulimit -s' on the system is set to 'unlimited'. This may have negative performance implications. Please set the stack size to the default value (10240) 
[1468515690.047496] [node017:17070:0]         sys.c:744  MXM  WARN  Conflicting CPU frequencies detected, using: 3163.41
[1468515690.095358] [node017:17070:0]         mxm.c:196  MXM  WARN  The 'ulimit -s' on the system is set to 'unlimited'. This may have negative performance implications. Please set the stack size to the default value (10240) 
[1468515690.047496] [node017:17070:0]         sys.c:744  MXM  WARN  Conflicting CPU frequencies detected, using: 3163.41
[1468515690.096384] [node017:17070:0]         mxm.c:196  MXM  WARN  The 'ulimit -s' on the system is set to 'unlimited'. This may have negative performance implications. Please set the stack size to the default value (10240) 
[1468515690.047496] [node017:17070:0]         sys.c:744  MXM  WARN  Conflicting CPU frequencies detected, using: 3163.41
[1468515690.107475] [node017:17070:0]         mxm.c:196  MXM  WARN  The 'ulimit -s' on the system is set to 'unlimited'. This may have negative performance implications. Please set the stack size to the default value (10240) 
[1468515690.131428] [node017:17070:0]         mxm.c:196  MXM  WARN  The 'ulimit -s' on the system is set to 'unlimited'. This may have negative performance implications. Please set the stack size to the default value (10240) 
[1468515690.047496] [node017:17070:0]         sys.c:744  MXM  WARN  Conflicting CPU frequencies detected, using: 3163.41
[1468515690.084141] [node017:17070:0]         mxm.c:196  MXM  WARN  The 'ulimit -s' on the system is set to 'unlimited'. This may have negative performance implications. Please set the stack size to the default value (10240) 
[1468515690.122569] [node017:17070:0]         mxm.c:196  MXM  WARN  The 'ulimit -s' on the system is set to 'unlimited'. This may have negative performance implications. Please set the stack size to the default value (10240) 
[1468515690.137845] [node017:17070:0]         mxm.c:196  MXM  WARN  The 'ulimit -s' on the system is set to 'unlimited'. This may have negative performance implications. Please set the stack size to the default value (10240) 
[1468515690.047496] [node017:17070:0]         sys.c:744  MXM  WARN  Conflicting CPU frequencies detected, using: 3163.41
[1468515690.114999] [node017:17070:0]         mxm.c:196  MXM  WARN  The 'ulimit -s' on the system is set to 'unlimited'. This may have negative performance implications. Please set the stack size to the default value (10240) 
[1468515690.047496] [node017:17070:0]         sys.c:744  MXM  WARN  Conflicting CPU frequencies detected, using: 3163.41
[1468515690.098624] [node017:17070:0]         mxm.c:196  MXM  WARN  The 'ulimit -s' on the system is set to 'unlimited'. This may have negative performance implications. Please set the stack size to the default value (10240) 
[1468515690.047496] [node017:17070:0]         sys.c:744  MXM  WARN  Conflicting CPU frequencies detected, using: 3163.41
[1468515690.079371] [node017:17070:0]         mxm.c:196  MXM  WARN  The 'ulimit -s' on the system is set to 'unlimited'. This may have negative performance implications. Please set the stack size to the default value (10240) 
[1468515690.047496] [node017:17070:0]         sys.c:744  MXM  WARN  Conflicting CPU frequencies detected, using: 3163.41
[1468515690.100198] [node017:17070:0]         mxm.c:196  MXM  WARN  The 'ulimit -s' on the system is set to 'unlimited'. This may have negative performance implications. Please set the stack size to the default value (10240) 
[1468515690.407823] [node018:19533:0]         sys.c:744  MXM  WARN  Conflicting CPU frequencies detected, using: 2975.34
[1468515690.458898] [node018:19533:0]         mxm.c:196  MXM  WARN  The 'ulimit -s' on the system is set to 'unlimited'. This may have negative performance implications. Please set the stack size to the default value (10240) 
[1468515690.407823] [node018:19533:0]         sys.c:744  MXM  WARN  Conflicting CPU frequencies detected, using: 2975.34
[1468515690.437160] [node018:19533:0]         mxm.c:196  MXM  WARN  The 'ulimit -s' on the system is set to 'unlimited'. This may have negative performance implications. Please set the stack size to the default value (10240) 
[1468515690.407823] [node018:19533:0]         sys.c:744  MXM  WARN  Conflicting CPU frequencies detected, using: 2975.34
[1468515690.455832] [node018:19533:0]         mxm.c:196  MXM  WARN  The 'ulimit -s' on the system is set to 'unlimited'. This may have negative performance implications. Please set the stack size to the default value (10240) 
[1468515690.407823] [node018:19533:0]         sys.c:744  MXM  WARN  Conflicting CPU frequencies detected, using: 2975.34
[1468515690.462990] [node018:19533:0]         mxm.c:196  MXM  WARN  The 'ulimit -s' on the system is set to 'unlimited'. This may have negative performance implications. Please set the stack size to the default value (10240) 
UPCR: UPC thread 11 of 32 on node017 (pshm node 0 of 2, process 11 of 32, pid=17090)
UPCR: UPC thread  8 of 32 on node017 (pshm node 0 of 2, process  8 of 32, pid=17084)
UPCR: UPC thread 14 of 32 on node017 (pshm node 0 of 2, process 14 of 32, pid=17097)
UPCR: UPC thread 10 of 32 on node017 (pshm node 0 of 2, process 10 of 32, pid=17088)
UPCR: UPC thread 13 of 32 on node017 (pshm node 0 of 2, process 13 of 32, pid=17094)
UPCR: UPC thread  2 of 32 on node017 (pshm node 0 of 2, process  2 of 32, pid=17074)
UPCR: UPC thread  9 of 32 on node017 (pshm node 0 of 2, process  9 of 32, pid=17086)
UPCR: UPC thread  0 of 32 on node017 (pshm node 0 of 2, process  0 of 32, pid=17072)
UPCR: UPC thread  4 of 32 on node017 (pshm node 0 of 2, process  4 of 32, pid=17077)
UPCR: UPC thread  5 of 32 on node017 (pshm node 0 of 2, process  5 of 32, pid=17079)
UPCR: UPC thread 12 of 32 on node017 (pshm node 0 of 2, process 12 of 32, pid=17093)
UPCR: UPC thread  6 of 32 on node017 (pshm node 0 of 2, process  6 of 32, pid=17080)
UPCR: UPC thread 15 of 32 on node017 (pshm node 0 of 2, process 15 of 32, pid=17099)
UPCR: UPC thread  3 of 32 on node017 (pshm node 0 of 2, process  3 of 32, pid=17075)
UPCR: UPC thread  7 of 32 on node017 (pshm node 0 of 2, process  7 of 32, pid=17082)
UPCR: UPC thread  1 of 32 on node017 (pshm node 0 of 2, process  1 of 32, pid=17073)
[1468515690.407823] [node018:19533:0]         sys.c:744  MXM  WARN  Conflicting CPU frequencies detected, using: 2975.34
[1468515690.454130] [node018:19533:0]         mxm.c:196  MXM  WARN  The 'ulimit -s' on the system is set to 'unlimited'. This may have negative performance implications. Please set the stack size to the default value (10240) 
[1468515690.407823] [node018:19533:0]         sys.c:744  MXM  WARN  Conflicting CPU frequencies detected, using: 2975.34
[1468515690.433126] [node018:19533:0]         mxm.c:196  MXM  WARN  The 'ulimit -s' on the system is set to 'unlimited'. This may have negative performance implications. Please set the stack size to the default value (10240) 
[1468515690.407823] [node018:19533:0]         sys.c:744  MXM  WARN  Conflicting CPU frequencies detected, using: 2975.34
[1468515690.472580] [node018:19533:0]         mxm.c:196  MXM  WARN  The 'ulimit -s' on the system is set to 'unlimited'. This may have negative performance implications. Please set the stack size to the default value (10240) 
[1468515690.494533] [node018:19533:0]         mxm.c:196  MXM  WARN  The 'ulimit -s' on the system is set to 'unlimited'. This may have negative performance implications. Please set the stack size to the default value (10240) 
[1468515690.407823] [node018:19533:0]         sys.c:744  MXM  WARN  Conflicting CPU frequencies detected, using: 2975.34
[1468515690.471848] [node018:19533:0]         mxm.c:196  MXM  WARN  The 'ulimit -s' on the system is set to 'unlimited'. This may have negative performance implications. Please set the stack size to the default value (10240) 
[1468515690.482765] [node018:19533:0]         mxm.c:196  MXM  WARN  The 'ulimit -s' on the system is set to 'unlimited'. This may have negative performance implications. Please set the stack size to the default value (10240) 
[1468515690.496344] [node018:19533:0]         mxm.c:196  MXM  WARN  The 'ulimit -s' on the system is set to 'unlimited'. This may have negative performance implications. Please set the stack size to the default value (10240) 
[1468515690.487760] [node018:19533:0]         mxm.c:196  MXM  WARN  The 'ulimit -s' on the system is set to 'unlimited'. This may have negative performance implications. Please set the stack size to the default value (10240) 
[1468515690.407823] [node018:19533:0]         sys.c:744  MXM  WARN  Conflicting CPU frequencies detected, using: 2975.34
[1468515690.459658] [node018:19533:0]         mxm.c:196  MXM  WARN  The 'ulimit -s' on the system is set to 'unlimited'. This may have negative performance implications. Please set the stack size to the default value (10240) 
[1468515690.490109] [node018:19533:0]         mxm.c:196  MXM  WARN  The 'ulimit -s' on the system is set to 'unlimited'. This may have negative performance implications. Please set the stack size to the default value (10240) 
UPCR: UPC thread 17 of 32 on node018 (pshm node 1 of 2, process 17 of 32, pid=19576)
UPCR: UPC thread 23 of 32 on node018 (pshm node 1 of 2, process 23 of 32, pid=19584)
UPCR: UPC thread 21 of 32 on node018 (pshm node 1 of 2, process 21 of 32, pid=19581)
UPCR: UPC thread 29 of 32 on node018 (pshm node 1 of 2, process 29 of 32, pid=19598)
UPCR: UPC thread 26 of 32 on node018 (pshm node 1 of 2, process 26 of 32, pid=19590)
UPCR: UPC thread 31 of 32 on node018 (pshm node 1 of 2, process 31 of 32, pid=19602)
UPCR: UPC thread 18 of 32 on node018 (pshm node 1 of 2, process 18 of 32, pid=19577)
UPCR: UPC thread 28 of 32 on node018 (pshm node 1 of 2, process 28 of 32, pid=19594)
UPCR: UPC thread 19 of 32 on node018 (pshm node 1 of 2, process 19 of 32, pid=19578)
UPCR: UPC thread 27 of 32 on node018 (pshm node 1 of 2, process 27 of 32, pid=19593)
UPCR: UPC thread 30 of 32 on node018 (pshm node 1 of 2, process 30 of 32, pid=19600)
UPCR: UPC thread 20 of 32 on node018 (pshm node 1 of 2, process 20 of 32, pid=19579)
UPCR: UPC thread 16 of 32 on node018 (pshm node 1 of 2, process 16 of 32, pid=19575)
UPCR: UPC thread 22 of 32 on node018 (pshm node 1 of 2, process 22 of 32, pid=19583)
UPCR: UPC thread 25 of 32 on node018 (pshm node 1 of 2, process 25 of 32, pid=19589)
UPCR: UPC thread 24 of 32 on node018 (pshm node 1 of 2, process 24 of 32, pid=19586)
using a cache granularity of 8
using linear probing in the BDD table
using a memoization table of 2^25 = 33554432 entries (~1280 MB) per thread
using a BDD table of 2^26 = 67108864 entries (~1536 MB) per thread
Initializing /home/oortwijn/distdd/models/petrinets/2D8_gradient_5x5_100.bdd!
vector size: 25
bits per integer: 7
number of BDD variables: 175
Loading initial states: 
Initial states loaded... 
Loading transition relations... 
25 integers per state, 7 bits per integer, 144 transition groups
BDD nodes:
Initial states: 175 BDD nodes
Transition 0: 916 BDD nodes
Transition 1: 915 BDD nodes
Transition 2: 916 BDD nodes
Transition 3: 915 BDD nodes
Transition 4: 916 BDD nodes
Transition 5: 915 BDD nodes
Transition 6: 915 BDD nodes
Transition 7: 916 BDD nodes
Transition 8: 915 BDD nodes
Transition 9: 916 BDD nodes
Transition 10: 915 BDD nodes
Transition 11: 916 BDD nodes
Transition 12: 915 BDD nodes
Transition 13: 916 BDD nodes
Transition 14: 915 BDD nodes
Transition 15: 916 BDD nodes
Transition 16: 915 BDD nodes
Transition 17: 916 BDD nodes
Transition 18: 916 BDD nodes
Transition 19: 915 BDD nodes
Transition 20: 915 BDD nodes
Transition 21: 916 BDD nodes
Transition 22: 915 BDD nodes
Transition 23: 916 BDD nodes
Transition 24: 915 BDD nodes
Transition 25: 916 BDD nodes
Transition 26: 916 BDD nodes
Transition 27: 915 BDD nodes
Transition 28: 915 BDD nodes
Transition 29: 916 BDD nodes
Transition 30: 915 BDD nodes
Transition 31: 916 BDD nodes
Transition 32: 916 BDD nodes
Transition 33: 915 BDD nodes
Transition 34: 916 BDD nodes
Transition 35: 915 BDD nodes
Transition 36: 916 BDD nodes
Transition 37: 915 BDD nodes
Transition 38: 916 BDD nodes
Transition 39: 915 BDD nodes
Transition 40: 916 BDD nodes
Transition 41: 915 BDD nodes
Transition 42: 916 BDD nodes
Transition 43: 915 BDD nodes
Transition 44: 916 BDD nodes
Transition 45: 915 BDD nodes
Transition 46: 916 BDD nodes
Transition 47: 915 BDD nodes
Transition 48: 916 BDD nodes
Transition 49: 915 BDD nodes
Transition 50: 916 BDD nodes
Transition 51: 915 BDD nodes
Transition 52: 916 BDD nodes
Transition 53: 915 BDD nodes
Transition 54: 916 BDD nodes
Transition 55: 915 BDD nodes
Transition 56: 916 BDD nodes
Transition 57: 915 BDD nodes
Transition 58: 916 BDD nodes
Transition 59: 915 BDD nodes
Transition 60: 916 BDD nodes
Transition 61: 915 BDD nodes
Transition 62: 916 BDD nodes
Transition 63: 915 BDD nodes
Transition 64: 916 BDD nodes
Transition 65: 915 BDD nodes
Transition 66: 916 BDD nodes
Transition 67: 915 BDD nodes
Transition 68: 916 BDD nodes
Transition 69: 915 BDD nodes
Transition 70: 915 BDD nodes
Transition 71: 916 BDD nodes
Transition 72: 915 BDD nodes
Transition 73: 916 BDD nodes
Transition 74: 915 BDD nodes
Transition 75: 916 BDD nodes
Transition 76: 915 BDD nodes
Transition 77: 916 BDD nodes
Transition 78: 915 BDD nodes
Transition 79: 916 BDD nodes
Transition 80: 915 BDD nodes
Transition 81: 916 BDD nodes
Transition 82: 915 BDD nodes
Transition 83: 916 BDD nodes
Transition 84: 915 BDD nodes
Transition 85: 916 BDD nodes
Transition 86: 916 BDD nodes
Transition 87: 915 BDD nodes
Transition 88: 915 BDD nodes
Transition 89: 916 BDD nodes
Transition 90: 915 BDD nodes
Transition 91: 916 BDD nodes
Transition 92: 916 BDD nodes
Transition 93: 915 BDD nodes
Transition 94: 916 BDD nodes
Transition 95: 915 BDD nodes
Transition 96: 916 BDD nodes
Transition 97: 915 BDD nodes
Transition 98: 915 BDD nodes
Transition 99: 916 BDD nodes
Transition 100: 916 BDD nodes
Transition 101: 915 BDD nodes
Transition 102: 915 BDD nodes
Transition 103: 916 BDD nodes
Transition 104: 915 BDD nodes
Transition 105: 916 BDD nodes
Transition 106: 915 BDD nodes
Transition 107: 916 BDD nodes
Transition 108: 916 BDD nodes
Transition 109: 915 BDD nodes
Transition 110: 916 BDD nodes
Transition 111: 915 BDD nodes
Transition 112: 916 BDD nodes
Transition 113: 915 BDD nodes
Transition 114: 916 BDD nodes
Transition 115: 915 BDD nodes
Transition 116: 916 BDD nodes
Transition 117: 915 BDD nodes
Transition 118: 916 BDD nodes
Transition 119: 915 BDD nodes
Transition 120: 915 BDD nodes
Transition 121: 916 BDD nodes
Transition 122: 915 BDD nodes
Transition 123: 916 BDD nodes
Transition 124: 916 BDD nodes
Transition 125: 915 BDD nodes
Transition 126: 916 BDD nodes
Transition 127: 915 BDD nodes
Transition 128: 915 BDD nodes
Transition 129: 916 BDD nodes
Transition 130: 916 BDD nodes
Transition 131: 915 BDD nodes
Transition 132: 916 BDD nodes
Transition 133: 915 BDD nodes
Transition 134: 916 BDD nodes
Transition 135: 915 BDD nodes
Transition 136: 916 BDD nodes
Transition 137: 915 BDD nodes
Transition 138: 915 BDD nodes
Transition 139: 916 BDD nodes
Transition 140: 916 BDD nodes
Transition 141: 915 BDD nodes
Transition 142: 916 BDD nodes
Transition 143: 915 BDD nodes
Level 1... done.
Level 2... done.
Level 3... done.
Level 4... done.
Level 5... done.
Level 6... done.
Level 7... done.
Level 8... done.
Level 9... done.
Level 10... done.
Level 11... done.
Level 12... done.
Level 13... done.
Level 14... done.
Level 15... done.
Level 16... done.
Level 17... done.
Level 18... done.
Level 19... done.
Level 20... done.
Level 21... done.
Level 22... done.
Level 23... done.
Level 24... done.
Level 25... done.
Level 26... done.
Level 27... done.
Level 28... done.
Level 29... done.
Level 30... done.
Level 31... done.
Level 32... done.
Level 33... done.
Level 34... done.
Level 35... done.
Level 36... done.
Level 37... done.
Level 38... done.
Level 39... done.
Level 40... done.
Level 41... done.
Level 42... done.
Level 43... done.
Level 44... done.
Level 45... done.
Level 46... done.
Level 47... done.
Level 48... done.
Level 49... done.
Level 50... done.
Level 51... done.
Level 52... done.
Level 53... done.
Level 54... done.
Level 55... done.
Level 56... done.
Level 57... done.
Level 58... done.
Level 59... done.
Level 60... done.
Level 61... done.
Level 62... done.
Level 63... done.
Level 64... done.
Level 65... done.
Level 66... done.
Level 67... done.
Level 68... done.
Level 69... done.
Level 70... done.
Level 71... done.
Level 72... done.
Level 73... done.
Level 74... done.
Level 75... done.
Level 76... done.
Level 77... done.
Level 78... done.
Level 79... done.
Level 80... done.
Level 81... done.
Level 82... done.
Level 83... done.
Level 84... done.
Level 85... done.
Level 86... done.
Level 87... done.
Level 88... done.
Level 89... done.
Level 90... done.
Level 91... done.
Level 92... done.
Level 93... done.
Level 94... done.
Level 95... done.
Level 96... done.
Level 97... done.
Level 98... done.
Level 99... done.
Level 100... done.
Level 101... done.
Level 102... done.
Level 103... done.
Level 104... done.
Level 105... done.
Level 106... done.
Level 107... done.
Level 108... done.
Level 109... done.
Level 110... done.
Level 111... done.
Level 112... done.
Level 113... done.
Level 114... done.
Level 115... done.
Level 116... done.
Level 117... done.
Level 118... done.
Level 119... done.
Level 120... done.
Level 121... done.
Level 122... done.
Level 123... done.
Level 124... done.
Level 125... done.
Level 126... done.
Level 127... done.
Level 128... done.
Level 129... done.
Level 130... done.
Level 131... done.
Level 132... done.
Level 133... done.
Level 134... done.
Level 135... done.
Level 136... done.
Level 137... done.
Level 138... done.
Level 139... done.
Level 140... done.
Level 141... done.
Level 142... done.
Level 143... done.
Level 144... done.
Level 145... done.
Level 146... done.
Level 147... done.
Level 148... done.
Level 149... done.
Level 150... done.
Level 151... done.
Level 152... done.
Level 153... done.
Level 154... done.
Level 155... done.
Level 156... done.
Level 157... done.
Level 158... done.
Level 159... done.
Level 160... done.
Level 161... done.
Level 162... done.
Level 163... done.
Level 164... done.
Level 165... done.
Level 166... done.
Level 167... done.
Level 168... done.
Level 169... done.
Level 170... done.
Level 171... done.
Level 172... done.
Level 173... done.
Level 174... done.
Level 175... done.
Level 176... done.
Level 177... done.
Level 178... done.
Level 179... done.
Level 180... done.
Level 181... done.
Level 182... done.
Level 183... done.
Level 184... done.
Level 185... done.
Level 186... done.
Level 187... done.
Level 188... done.
Level 189... done.
Level 190... done.
Level 191... done.
Level 192... done.
Level 193... done.
Level 194... done.
Level 195... done.
Level 196... done.
Level 197... done.
Level 198... done.
Level 199... done.
Level 200... done.
Level 201... done.
PAR Time: 683.254902
Final states: 16922725406904674304 states
Final states: 22992 BDD nodes
[1468515690.407823] [node018:19533:0]         sys.c:744  MXM  WARN  Conflicting CPU frequencies detected, using: 2975.34
[1468515690.047496] [node017:17070:0]         sys.c:744  MXM  WARN  Conflicting CPU frequencies detected, using: 3163.41
[1468515690.028322] [node017:17025:0]         sys.c:744  MXM  WARN  Conflicting CPU frequencies detected, using: 3194.62
