performing reachability, flags: -n 16 -N 1 -shared-heap 16GB --tablesize=26 --cachesize=25 --quadratic-probing--chunk-size=8 
This is upcrun, job spawner for the Berkeley UPC compiler (http://upc.lbl.gov).
upcrun version 2.22.2
Network conduits supported by this installation: smp mxm ibv
[1468929527.685353] [node016:14304:0]         sys.c:744  MXM  WARN  Conflicting CPU frequencies detected, using: 1697.34
[1468929527.692313] [node016:14304:0]         mxm.c:196  MXM  WARN  The 'ulimit -s' on the system is set to 'unlimited'. This may have negative performance implications. Please set the stack size to the default value (10240) 
[1468929527.685353] [node016:14304:0]         sys.c:744  MXM  WARN  Conflicting CPU frequencies detected, using: 1697.34
[1468929527.697124] [node016:14304:0]         mxm.c:196  MXM  WARN  The 'ulimit -s' on the system is set to 'unlimited'. This may have negative performance implications. Please set the stack size to the default value (10240) 
[1468929527.685353] [node016:14304:0]         sys.c:744  MXM  WARN  Conflicting CPU frequencies detected, using: 1697.34
[1468929527.694348] [node016:14304:0]         mxm.c:196  MXM  WARN  The 'ulimit -s' on the system is set to 'unlimited'. This may have negative performance implications. Please set the stack size to the default value (10240) 
[1468929527.685353] [node016:14304:0]         sys.c:744  MXM  WARN  Conflicting CPU frequencies detected, using: 1697.34
[1468929527.697350] [node016:14304:0]         mxm.c:196  MXM  WARN  The 'ulimit -s' on the system is set to 'unlimited'. This may have negative performance implications. Please set the stack size to the default value (10240) 
[1468929527.685353] [node016:14304:0]         sys.c:744  MXM  WARN  Conflicting CPU frequencies detected, using: 1697.34
[1468929527.693554] [node016:14304:0]         mxm.c:196  MXM  WARN  The 'ulimit -s' on the system is set to 'unlimited'. This may have negative performance implications. Please set the stack size to the default value (10240) 
[1468929527.685353] [node016:14304:0]         sys.c:744  MXM  WARN  Conflicting CPU frequencies detected, using: 1697.34
[1468929527.698533] [node016:14304:0]         mxm.c:196  MXM  WARN  The 'ulimit -s' on the system is set to 'unlimited'. This may have negative performance implications. Please set the stack size to the default value (10240) 
[1468929527.685353] [node016:14304:0]         sys.c:744  MXM  WARN  Conflicting CPU frequencies detected, using: 1697.34
[1468929527.697679] [node016:14304:0]         mxm.c:196  MXM  WARN  The 'ulimit -s' on the system is set to 'unlimited'. This may have negative performance implications. Please set the stack size to the default value (10240) 
[1468929527.685353] [node016:14304:0]         sys.c:744  MXM  WARN  Conflicting CPU frequencies detected, using: 1697.34
[1468929527.696974] [node016:14304:0]         mxm.c:196  MXM  WARN  The 'ulimit -s' on the system is set to 'unlimited'. This may have negative performance implications. Please set the stack size to the default value (10240) 
[1468929527.685353] [node016:14304:0]         sys.c:744  MXM  WARN  Conflicting CPU frequencies detected, using: 1697.34
[1468929527.698239] [node016:14304:0]         mxm.c:196  MXM  WARN  The 'ulimit -s' on the system is set to 'unlimited'. This may have negative performance implications. Please set the stack size to the default value (10240) 
[1468929527.685353] [node016:14304:0]         sys.c:744  MXM  WARN  Conflicting CPU frequencies detected, using: 1697.34
[1468929527.694110] [node016:14304:0]         mxm.c:196  MXM  WARN  The 'ulimit -s' on the system is set to 'unlimited'. This may have negative performance implications. Please set the stack size to the default value (10240) 
[1468929527.685353] [node016:14304:0]         sys.c:744  MXM  WARN  Conflicting CPU frequencies detected, using: 1697.34
[1468929527.698020] [node016:14304:0]         mxm.c:196  MXM  WARN  The 'ulimit -s' on the system is set to 'unlimited'. This may have negative performance implications. Please set the stack size to the default value (10240) 
[1468929527.685353] [node016:14304:0]         sys.c:744  MXM  WARN  Conflicting CPU frequencies detected, using: 1697.34
[1468929527.697908] [node016:14304:0]         mxm.c:196  MXM  WARN  The 'ulimit -s' on the system is set to 'unlimited'. This may have negative performance implications. Please set the stack size to the default value (10240) 
[1468929527.685353] [node016:14304:0]         sys.c:744  MXM  WARN  Conflicting CPU frequencies detected, using: 1697.34
[1468929527.692678] [node016:14304:0]         mxm.c:196  MXM  WARN  The 'ulimit -s' on the system is set to 'unlimited'. This may have negative performance implications. Please set the stack size to the default value (10240) 
[1468929527.685353] [node016:14304:0]         sys.c:744  MXM  WARN  Conflicting CPU frequencies detected, using: 1697.34
[1468929527.697773] [node016:14304:0]         mxm.c:196  MXM  WARN  The 'ulimit -s' on the system is set to 'unlimited'. This may have negative performance implications. Please set the stack size to the default value (10240) 
[1468929527.685353] [node016:14304:0]         sys.c:744  MXM  WARN  Conflicting CPU frequencies detected, using: 1697.34
[1468929527.696685] [node016:14304:0]         mxm.c:196  MXM  WARN  The 'ulimit -s' on the system is set to 'unlimited'. This may have negative performance implications. Please set the stack size to the default value (10240) 
[1468929527.685353] [node016:14304:0]         sys.c:744  MXM  WARN  Conflicting CPU frequencies detected, using: 1697.34
[1468929527.695217] [node016:14304:0]         mxm.c:196  MXM  WARN  The 'ulimit -s' on the system is set to 'unlimited'. This may have negative performance implications. Please set the stack size to the default value (10240) 
UPCR: UPC thread  3 of 16 on node016 (pshm node 0 of 1, process  3 of 16, pid=14308)
UPCR: UPC thread 15 of 16 on node016 (pshm node 0 of 1, process 15 of 16, pid=14330)
UPCR: UPC thread 12 of 16 on node016 (pshm node 0 of 1, process 12 of 16, pid=14323)
UPCR: UPC thread 11 of 16 on node016 (pshm node 0 of 1, process 11 of 16, pid=14322)
UPCR: UPC thread 13 of 16 on node016 (pshm node 0 of 1, process 13 of 16, pid=14326)
UPCR: UPC thread  5 of 16 on node016 (pshm node 0 of 1, process  5 of 16, pid=14310)
UPCR: UPC thread  6 of 16 on node016 (pshm node 0 of 1, process  6 of 16, pid=14311)
UPCR: UPC thread  4 of 16 on node016 (pshm node 0 of 1, process  4 of 16, pid=14309)
UPCR: UPC thread  9 of 16 on node016 (pshm node 0 of 1, process  9 of 16, pid=14318)
UPCR: UPC thread 10 of 16 on node016 (pshm node 0 of 1, process 10 of 16, pid=14321)
UPCR: UPC thread  2 of 16 on node016 (pshm node 0 of 1, process  2 of 16, pid=14307)
UPCR: UPC thread 14 of 16 on node016 (pshm node 0 of 1, process 14 of 16, pid=14328)
UPCR: UPC thread  0 of 16 on node016 (pshm node 0 of 1, process  0 of 16, pid=14305)
UPCR: UPC thread  8 of 16 on node016 (pshm node 0 of 1, process  8 of 16, pid=14315)
UPCR: UPC thread  7 of 16 on node016 (pshm node 0 of 1, process  7 of 16, pid=14313)
UPCR: UPC thread  1 of 16 on node016 (pshm node 0 of 1, process  1 of 16, pid=14306)
using a cache granularity of 8
using linear probing in the BDD table
using a memoization table of 2^25 = 33554432 entries (~1280 MB) per thread
using a BDD table of 2^26 = 67108864 entries (~1536 MB) per thread
Initializing /home/oortwijn/distdd/models/petrinets/angiogenesis-10.bdd!
vector size: 39
bits per integer: 4
number of BDD variables: 156
Loading initial states: 
Initial states loaded... 
Loading transition relations... 
39 integers per state, 4 bits per integer, 64 transition groups
BDD nodes:
Initial states: 156 BDD nodes
Transition 0: 187 BDD nodes
Transition 1: 186 BDD nodes
Transition 2: 204 BDD nodes
Transition 3: 455 BDD nodes
Transition 4: 253 BDD nodes
Transition 5: 251 BDD nodes
Transition 6: 253 BDD nodes
Transition 7: 251 BDD nodes
Transition 8: 148 BDD nodes
Transition 9: 148 BDD nodes
Transition 10: 187 BDD nodes
Transition 11: 186 BDD nodes
Transition 12: 200 BDD nodes
Transition 13: 204 BDD nodes
Transition 14: 107 BDD nodes
Transition 15: 107 BDD nodes
Transition 16: 200 BDD nodes
Transition 17: 204 BDD nodes
Transition 18: 446 BDD nodes
Transition 19: 455 BDD nodes
Transition 20: 107 BDD nodes
Transition 21: 250 BDD nodes
Transition 22: 107 BDD nodes
Transition 23: 269 BDD nodes
Transition 24: 265 BDD nodes
Transition 25: 107 BDD nodes
Transition 26: 178 BDD nodes
Transition 27: 251 BDD nodes
Transition 28: 253 BDD nodes
Transition 29: 205 BDD nodes
Transition 30: 204 BDD nodes
Transition 31: 254 BDD nodes
Transition 32: 250 BDD nodes
Transition 33: 254 BDD nodes
Transition 34: 250 BDD nodes
Transition 35: 250 BDD nodes
Transition 36: 250 BDD nodes
Transition 37: 178 BDD nodes
Transition 38: 187 BDD nodes
Transition 39: 186 BDD nodes
Transition 40: 450 BDD nodes
Transition 41: 451 BDD nodes
Transition 42: 251 BDD nodes
Transition 43: 254 BDD nodes
Transition 44: 250 BDD nodes
Transition 45: 269 BDD nodes
Transition 46: 265 BDD nodes
Transition 47: 250 BDD nodes
Transition 48: 254 BDD nodes
Transition 49: 250 BDD nodes
Transition 50: 254 BDD nodes
Transition 51: 187 BDD nodes
Transition 52: 186 BDD nodes
Transition 53: 174 BDD nodes
Transition 54: 174 BDD nodes
Transition 55: 102 BDD nodes
Transition 56: 228 BDD nodes
Transition 57: 226 BDD nodes
Transition 58: 107 BDD nodes
Transition 59: 251 BDD nodes
Transition 60: 253 BDD nodes
Transition 61: 186 BDD nodes
Transition 62: 187 BDD nodes
Transition 63: 186 BDD nodes
Level 1... done.
Level 2... done.
Level 3... done.
Level 4... done.
Level 5... done.
Level 6... done.
Level 7... done.
Level 8... done.
Level 9... done.
Level 10... done.
Level 11... done.
Level 12... done.
Level 13... done.
Level 14... done.
Level 15... done.
Level 16... done.
Level 17... done.
Level 18... done.
Level 19... done.
Level 20... done.
Level 21... done.
Level 22... done.
Level 23... done.
Level 24... done.
Level 25... done.
Level 26... done.
Level 27... done.
Level 28... done.
Level 29... done.
Level 30... done.
Level 31... done.
Level 32... done.
Level 33... done.
Level 34... done.
Level 35... done.
Level 36... done.
Level 37... done.
Level 38... done.
Level 39... done.
Level 40... done.
Level 41... done.
Level 42... done.
Level 43... done.
Level 44... done.
Level 45... done.
Level 46... done.
Level 47... done.
Level 48... done.
Level 49... done.
Level 50... done.
Level 51... done.
Level 52... done.
Level 53... done.
Level 54... done.
Level 55... done.
Level 56... done.
Level 57... done.
Level 58... done.
Level 59... done.
Level 60... done.
Level 61... done.
Level 62... done.
Level 63... done.
Level 64... done.
Level 65... done.
Level 66... done.
Level 67... done.
Level 68... done.
Level 69... done.
Level 70... done.
Level 71... done.
Level 72... 0/16 - error: hash table full, load-factor~0.874581, chunk-size=8, attempts=512, inserted=58692128.000000
15/16 - error: hash table full, load-factor~0.967564, chunk-size=8, attempts=512, inserted=64932136.000000
2/16 - error: hash table full, load-factor~0.949802, chunk-size=8, attempts=512, inserted=63740103.000000
[1468929527.685353] [node016:14304:0]         sys.c:744  MXM  WARN  Conflicting CPU frequencies detected, using: 1697.34
[1468929527.666753] [node016:14260:0]         sys.c:744  MXM  WARN  Conflicting CPU frequencies detected, using: 1697.34
