performing reachability, flags: -n 16 -N 1 -shared-heap 16GB --tablesize=26 --cachesize=25 --quadratic-probing--chunk-size=8 
This is upcrun, job spawner for the Berkeley UPC compiler (http://upc.lbl.gov).
upcrun version 2.22.2
Network conduits supported by this installation: smp mxm ibv
[1468758824.629781] [node068:11384:0]         sys.c:744  MXM  WARN  Conflicting CPU frequencies detected, using: 1494.09
[1468758824.629781] [node068:11384:0]         sys.c:744  MXM  WARN  Conflicting CPU frequencies detected, using: 1494.09
[1468758824.679900] [node068:11384:0]         mxm.c:196  MXM  WARN  The 'ulimit -s' on the system is set to 'unlimited'. This may have negative performance implications. Please set the stack size to the default value (10240) 
[1468758824.629781] [node068:11384:0]         sys.c:744  MXM  WARN  Conflicting CPU frequencies detected, using: 1494.09
[1468758824.629781] [node068:11384:0]         sys.c:744  MXM  WARN  Conflicting CPU frequencies detected, using: 1494.09
[1468758824.629781] [node068:11384:0]         sys.c:744  MXM  WARN  Conflicting CPU frequencies detected, using: 1494.09
[1468758824.629781] [node068:11384:0]         sys.c:744  MXM  WARN  Conflicting CPU frequencies detected, using: 1494.09
[1468758824.629781] [node068:11384:0]         sys.c:744  MXM  WARN  Conflicting CPU frequencies detected, using: 1494.09
[1468758824.629781] [node068:11384:0]         sys.c:744  MXM  WARN  Conflicting CPU frequencies detected, using: 1494.09
[1468758824.629781] [node068:11384:0]         sys.c:744  MXM  WARN  Conflicting CPU frequencies detected, using: 1494.09
[1468758824.629781] [node068:11384:0]         sys.c:744  MXM  WARN  Conflicting CPU frequencies detected, using: 1494.09
[1468758824.629781] [node068:11384:0]         sys.c:744  MXM  WARN  Conflicting CPU frequencies detected, using: 1494.09
[1468758824.629781] [node068:11384:0]         sys.c:744  MXM  WARN  Conflicting CPU frequencies detected, using: 1494.09
[1468758824.629781] [node068:11384:0]         sys.c:744  MXM  WARN  Conflicting CPU frequencies detected, using: 1494.09
[1468758824.629781] [node068:11384:0]         sys.c:744  MXM  WARN  Conflicting CPU frequencies detected, using: 1494.09
[1468758824.656698] [node068:11384:0]         mxm.c:196  MXM  WARN  The 'ulimit -s' on the system is set to 'unlimited'. This may have negative performance implications. Please set the stack size to the default value (10240) 
[1468758824.687117] [node068:11384:0]         mxm.c:196  MXM  WARN  The 'ulimit -s' on the system is set to 'unlimited'. This may have negative performance implications. Please set the stack size to the default value (10240) 
[1468758824.692836] [node068:11384:0]         mxm.c:196  MXM  WARN  The 'ulimit -s' on the system is set to 'unlimited'. This may have negative performance implications. Please set the stack size to the default value (10240) 
[1468758824.629781] [node068:11384:0]         sys.c:744  MXM  WARN  Conflicting CPU frequencies detected, using: 1494.09
[1468758824.657422] [node068:11384:0]         mxm.c:196  MXM  WARN  The 'ulimit -s' on the system is set to 'unlimited'. This may have negative performance implications. Please set the stack size to the default value (10240) 
[1468758824.708699] [node068:11384:0]         mxm.c:196  MXM  WARN  The 'ulimit -s' on the system is set to 'unlimited'. This may have negative performance implications. Please set the stack size to the default value (10240) 
[1468758824.690523] [node068:11384:0]         mxm.c:196  MXM  WARN  The 'ulimit -s' on the system is set to 'unlimited'. This may have negative performance implications. Please set the stack size to the default value (10240) 
[1468758824.691314] [node068:11384:0]         mxm.c:196  MXM  WARN  The 'ulimit -s' on the system is set to 'unlimited'. This may have negative performance implications. Please set the stack size to the default value (10240) 
[1468758824.675112] [node068:11384:0]         mxm.c:196  MXM  WARN  The 'ulimit -s' on the system is set to 'unlimited'. This may have negative performance implications. Please set the stack size to the default value (10240) 
[1468758824.705399] [node068:11384:0]         mxm.c:196  MXM  WARN  The 'ulimit -s' on the system is set to 'unlimited'. This may have negative performance implications. Please set the stack size to the default value (10240) 
[1468758824.704465] [node068:11384:0]         mxm.c:196  MXM  WARN  The 'ulimit -s' on the system is set to 'unlimited'. This may have negative performance implications. Please set the stack size to the default value (10240) 
[1468758824.698471] [node068:11384:0]         mxm.c:196  MXM  WARN  The 'ulimit -s' on the system is set to 'unlimited'. This may have negative performance implications. Please set the stack size to the default value (10240) 
[1468758824.696947] [node068:11384:0]         mxm.c:196  MXM  WARN  The 'ulimit -s' on the system is set to 'unlimited'. This may have negative performance implications. Please set the stack size to the default value (10240) 
[1468758824.688640] [node068:11384:0]         mxm.c:196  MXM  WARN  The 'ulimit -s' on the system is set to 'unlimited'. This may have negative performance implications. Please set the stack size to the default value (10240) 
[1468758824.629781] [node068:11384:0]         sys.c:744  MXM  WARN  Conflicting CPU frequencies detected, using: 1494.09
[1468758824.676570] [node068:11384:0]         mxm.c:196  MXM  WARN  The 'ulimit -s' on the system is set to 'unlimited'. This may have negative performance implications. Please set the stack size to the default value (10240) 
[1468758824.695282] [node068:11384:0]         mxm.c:196  MXM  WARN  The 'ulimit -s' on the system is set to 'unlimited'. This may have negative performance implications. Please set the stack size to the default value (10240) 
UPCR: UPC thread 11 of 16 on node068 (pshm node 0 of 1, process 11 of 16, pid=11402)
UPCR: UPC thread 10 of 16 on node068 (pshm node 0 of 1, process 10 of 16, pid=11400)
UPCR: UPC thread  2 of 16 on node068 (pshm node 0 of 1, process  2 of 16, pid=11387)
UPCR: UPC thread 15 of 16 on node068 (pshm node 0 of 1, process 15 of 16, pid=11411)
UPCR: UPC thread  4 of 16 on node068 (pshm node 0 of 1, process  4 of 16, pid=11389)
UPCR: UPC thread  0 of 16 on node068 (pshm node 0 of 1, process  0 of 16, pid=11385)
UPCR: UPC thread  9 of 16 on node068 (pshm node 0 of 1, process  9 of 16, pid=11398)
UPCR: UPC thread  5 of 16 on node068 (pshm node 0 of 1, process  5 of 16, pid=11390)
UPCR: UPC thread 13 of 16 on node068 (pshm node 0 of 1, process 13 of 16, pid=11406)
UPCR: UPC thread 12 of 16 on node068 (pshm node 0 of 1, process 12 of 16, pid=11405)
UPCR: UPC thread  1 of 16 on node068 (pshm node 0 of 1, process  1 of 16, pid=11386)
UPCR: UPC thread  6 of 16 on node068 (pshm node 0 of 1, process  6 of 16, pid=11391)
UPCR: UPC thread  3 of 16 on node068 (pshm node 0 of 1, process  3 of 16, pid=11388)
UPCR: UPC thread  8 of 16 on node068 (pshm node 0 of 1, process  8 of 16, pid=11396)
UPCR: UPC thread  7 of 16 on node068 (pshm node 0 of 1, process  7 of 16, pid=11394)
UPCR: UPC thread 14 of 16 on node068 (pshm node 0 of 1, process 14 of 16, pid=11409)
using a cache granularity of 8
using linear probing in the BDD table
using a memoization table of 2^25 = 33554432 entries (~1280 MB) per thread
using a BDD table of 2^26 = 67108864 entries (~1536 MB) per thread
Initializing /home/oortwijn/distdd/models/petrinets/circadian_clock-000010.bdd!
vector size: 14
bits per integer: 4
number of BDD variables: 56
Loading initial states: 
Initial states loaded... 
Loading transition relations... 
14 integers per state, 4 bits per integer, 16 transition groups
BDD nodes:
Initial states: 56 BDD nodes
Transition 0: 106 BDD nodes
Transition 1: 197 BDD nodes
Transition 2: 127 BDD nodes
Transition 3: 106 BDD nodes
Transition 4: 115 BDD nodes
Transition 5: 115 BDD nodes
Transition 6: 106 BDD nodes
Transition 7: 287 BDD nodes
Transition 8: 122 BDD nodes
Transition 9: 123 BDD nodes
Transition 10: 127 BDD nodes
Transition 11: 123 BDD nodes
Transition 12: 122 BDD nodes
Transition 13: 106 BDD nodes
Transition 14: 187 BDD nodes
Transition 15: 187 BDD nodes
Level 1... done.
Level 2... done.
Level 3... done.
Level 4... done.
Level 5... done.
Level 6... done.
Level 7... done.
Level 8... done.
Level 9... done.
Level 10... done.
Level 11... done.
Level 12... done.
Level 13... done.
Level 14... done.
Level 15... done.
Level 16... done.
Level 17... done.
Level 18... done.
Level 19... done.
Level 20... done.
Level 21... done.
Level 22... done.
Level 23... done.
Level 24... done.
Level 25... done.
Level 26... done.
Level 27... done.
Level 28... done.
Level 29... done.
Level 30... done.
Level 31... done.
Level 32... done.
Level 33... done.
Level 34... done.
Level 35... done.
Level 36... done.
Level 37... done.
Level 38... done.
Level 39... done.
Level 40... done.
Level 41... done.
Level 42... done.
Level 43... done.
Level 44... done.
Level 45... done.
Level 46... done.
Level 47... done.
Level 48... done.
Level 49... done.
Level 50... done.
Level 51... done.
Level 52... done.
Level 53... done.
Level 54... done.
Level 55... done.
Level 56... done.
Level 57... done.
Level 58... done.
Level 59... done.
Level 60... done.
Level 61... done.
Level 62... done.
Level 63... done.
Level 64... done.
Level 65... done.
Level 66... done.
Level 67... done.
Level 68... done.
Level 69... done.
Level 70... done.
Level 71... done.
Level 72... done.
Level 73... done.
Level 74... done.
Level 75... done.
PAR Time: 0.345513
Final states: 644204 states
Final states: 339 BDD nodes
[1468758824.629781] [node068:11384:0]         sys.c:744  MXM  WARN  Conflicting CPU frequencies detected, using: 1494.09
[1468758824.612089] [node068:11340:0]         sys.c:744  MXM  WARN  Conflicting CPU frequencies detected, using: 1399.97
