performing reachability, flags: -n 32 -N 2 -shared-heap 16GB --tablesize=26 --cachesize=25  
This is upcrun, job spawner for the Berkeley UPC compiler (http://upc.lbl.gov).
upcrun version 2.22.2
Network conduits supported by this installation: smp mxm ibv
[1468767808.159821] [node008:16791:0]         sys.c:744  MXM  WARN  Conflicting CPU frequencies detected, using: 1944.56
[1468767808.159821] [node008:16791:0]         sys.c:744  MXM  WARN  Conflicting CPU frequencies detected, using: 1944.56
[1468767808.159821] [node008:16791:0]         sys.c:744  MXM  WARN  Conflicting CPU frequencies detected, using: 1944.56
[1468767808.159821] [node008:16791:0]         sys.c:744  MXM  WARN  Conflicting CPU frequencies detected, using: 1944.56
[1468767808.159821] [node008:16791:0]         sys.c:744  MXM  WARN  Conflicting CPU frequencies detected, using: 1944.56
[1468767808.159821] [node008:16791:0]         sys.c:744  MXM  WARN  Conflicting CPU frequencies detected, using: 1944.56
[1468767808.159821] [node008:16791:0]         sys.c:744  MXM  WARN  Conflicting CPU frequencies detected, using: 1944.56
[1468767808.159821] [node008:16791:0]         sys.c:744  MXM  WARN  Conflicting CPU frequencies detected, using: 1944.56
[1468767808.159821] [node008:16791:0]         sys.c:744  MXM  WARN  Conflicting CPU frequencies detected, using: 1944.56
[1468767808.159821] [node008:16791:0]         sys.c:744  MXM  WARN  Conflicting CPU frequencies detected, using: 1944.56
[1468767808.159821] [node008:16791:0]         sys.c:744  MXM  WARN  Conflicting CPU frequencies detected, using: 1944.56
[1468767808.159821] [node008:16791:0]         sys.c:744  MXM  WARN  Conflicting CPU frequencies detected, using: 1944.56
[1468767808.159821] [node008:16791:0]         sys.c:744  MXM  WARN  Conflicting CPU frequencies detected, using: 1944.56
[1468767808.525171] [node009:18288:0]         sys.c:744  MXM  WARN  Conflicting CPU frequencies detected, using: 1796.16
[1468767808.571657] [node009:18288:0]         mxm.c:196  MXM  WARN  The 'ulimit -s' on the system is set to 'unlimited'. This may have negative performance implications. Please set the stack size to the default value (10240) 
[1468767808.525171] [node009:18288:0]         sys.c:744  MXM  WARN  Conflicting CPU frequencies detected, using: 1796.16
[1468767808.572470] [node009:18288:0]         mxm.c:196  MXM  WARN  The 'ulimit -s' on the system is set to 'unlimited'. This may have negative performance implications. Please set the stack size to the default value (10240) 
[1468767808.525171] [node009:18288:0]         sys.c:744  MXM  WARN  Conflicting CPU frequencies detected, using: 1796.16
[1468767808.574958] [node009:18288:0]         mxm.c:196  MXM  WARN  The 'ulimit -s' on the system is set to 'unlimited'. This may have negative performance implications. Please set the stack size to the default value (10240) 
[1468767808.525171] [node009:18288:0]         sys.c:744  MXM  WARN  Conflicting CPU frequencies detected, using: 1796.16
[1468767808.525171] [node009:18288:0]         sys.c:744  MXM  WARN  Conflicting CPU frequencies detected, using: 1796.16
[1468767808.525171] [node009:18288:0]         sys.c:744  MXM  WARN  Conflicting CPU frequencies detected, using: 1796.16
[1468767808.525171] [node009:18288:0]         sys.c:744  MXM  WARN  Conflicting CPU frequencies detected, using: 1796.16
[1468767808.525171] [node009:18288:0]         sys.c:744  MXM  WARN  Conflicting CPU frequencies detected, using: 1796.16
[1468767808.525171] [node009:18288:0]         sys.c:744  MXM  WARN  Conflicting CPU frequencies detected, using: 1796.16
[1468767808.525171] [node009:18288:0]         sys.c:744  MXM  WARN  Conflicting CPU frequencies detected, using: 1796.16
[1468767808.525171] [node009:18288:0]         sys.c:744  MXM  WARN  Conflicting CPU frequencies detected, using: 1796.16
[1468767808.525171] [node009:18288:0]         sys.c:744  MXM  WARN  Conflicting CPU frequencies detected, using: 1796.16
[1468767808.159821] [node008:16791:0]         sys.c:744  MXM  WARN  Conflicting CPU frequencies detected, using: 1944.56
[1468767808.201023] [node008:16791:0]         mxm.c:196  MXM  WARN  The 'ulimit -s' on the system is set to 'unlimited'. This may have negative performance implications. Please set the stack size to the default value (10240) 
[1468767808.230926] [node008:16791:0]         mxm.c:196  MXM  WARN  The 'ulimit -s' on the system is set to 'unlimited'. This may have negative performance implications. Please set the stack size to the default value (10240) 
[1468767808.159821] [node008:16791:0]         sys.c:744  MXM  WARN  Conflicting CPU frequencies detected, using: 1944.56
[1468767808.200272] [node008:16791:0]         mxm.c:196  MXM  WARN  The 'ulimit -s' on the system is set to 'unlimited'. This may have negative performance implications. Please set the stack size to the default value (10240) 
[1468767808.224547] [node008:16791:0]         mxm.c:196  MXM  WARN  The 'ulimit -s' on the system is set to 'unlimited'. This may have negative performance implications. Please set the stack size to the default value (10240) 
[1468767808.159821] [node008:16791:0]         sys.c:744  MXM  WARN  Conflicting CPU frequencies detected, using: 1944.56
[1468767808.185677] [node008:16791:0]         mxm.c:196  MXM  WARN  The 'ulimit -s' on the system is set to 'unlimited'. This may have negative performance implications. Please set the stack size to the default value (10240) 
[1468767808.239640] [node008:16791:0]         mxm.c:196  MXM  WARN  The 'ulimit -s' on the system is set to 'unlimited'. This may have negative performance implications. Please set the stack size to the default value (10240) 
[1468767808.227544] [node008:16791:0]         mxm.c:196  MXM  WARN  The 'ulimit -s' on the system is set to 'unlimited'. This may have negative performance implications. Please set the stack size to the default value (10240) 
[1468767808.244718] [node008:16791:0]         mxm.c:196  MXM  WARN  The 'ulimit -s' on the system is set to 'unlimited'. This may have negative performance implications. Please set the stack size to the default value (10240) 
[1468767808.240369] [node008:16791:0]         mxm.c:196  MXM  WARN  The 'ulimit -s' on the system is set to 'unlimited'. This may have negative performance implications. Please set the stack size to the default value (10240) 
[1468767808.212967] [node008:16791:0]         mxm.c:196  MXM  WARN  The 'ulimit -s' on the system is set to 'unlimited'. This may have negative performance implications. Please set the stack size to the default value (10240) 
[1468767808.214769] [node008:16791:0]         mxm.c:196  MXM  WARN  The 'ulimit -s' on the system is set to 'unlimited'. This may have negative performance implications. Please set the stack size to the default value (10240) 
[1468767808.231658] [node008:16791:0]         mxm.c:196  MXM  WARN  The 'ulimit -s' on the system is set to 'unlimited'. This may have negative performance implications. Please set the stack size to the default value (10240) 
[1468767808.228541] [node008:16791:0]         mxm.c:196  MXM  WARN  The 'ulimit -s' on the system is set to 'unlimited'. This may have negative performance implications. Please set the stack size to the default value (10240) 
[1468767808.226003] [node008:16791:0]         mxm.c:196  MXM  WARN  The 'ulimit -s' on the system is set to 'unlimited'. This may have negative performance implications. Please set the stack size to the default value (10240) 
[1468767808.208244] [node008:16791:0]         mxm.c:196  MXM  WARN  The 'ulimit -s' on the system is set to 'unlimited'. This may have negative performance implications. Please set the stack size to the default value (10240) 
[1468767808.219663] [node008:16791:0]         mxm.c:196  MXM  WARN  The 'ulimit -s' on the system is set to 'unlimited'. This may have negative performance implications. Please set the stack size to the default value (10240) 
[1468767808.525171] [node009:18288:0]         sys.c:744  MXM  WARN  Conflicting CPU frequencies detected, using: 1796.16
[1468767808.564659] [node009:18288:0]         mxm.c:196  MXM  WARN  The 'ulimit -s' on the system is set to 'unlimited'. This may have negative performance implications. Please set the stack size to the default value (10240) 
[1468767808.597351] [node009:18288:0]         mxm.c:196  MXM  WARN  The 'ulimit -s' on the system is set to 'unlimited'. This may have negative performance implications. Please set the stack size to the default value (10240) 
[1468767808.605906] [node009:18288:0]         mxm.c:196  MXM  WARN  The 'ulimit -s' on the system is set to 'unlimited'. This may have negative performance implications. Please set the stack size to the default value (10240) 
[1468767808.525171] [node009:18288:0]         sys.c:744  MXM  WARN  Conflicting CPU frequencies detected, using: 1796.16
[1468767808.562070] [node009:18288:0]         mxm.c:196  MXM  WARN  The 'ulimit -s' on the system is set to 'unlimited'. This may have negative performance implications. Please set the stack size to the default value (10240) 
[1468767808.525171] [node009:18288:0]         sys.c:744  MXM  WARN  Conflicting CPU frequencies detected, using: 1796.16
[1468767808.566181] [node009:18288:0]         mxm.c:196  MXM  WARN  The 'ulimit -s' on the system is set to 'unlimited'. This may have negative performance implications. Please set the stack size to the default value (10240) 
[1468767808.625705] [node009:18288:0]         mxm.c:196  MXM  WARN  The 'ulimit -s' on the system is set to 'unlimited'. This may have negative performance implications. Please set the stack size to the default value (10240) 
[1468767808.588267] [node009:18288:0]         mxm.c:196  MXM  WARN  The 'ulimit -s' on the system is set to 'unlimited'. This may have negative performance implications. Please set the stack size to the default value (10240) 
[1468767808.612676] [node009:18288:0]         mxm.c:196  MXM  WARN  The 'ulimit -s' on the system is set to 'unlimited'. This may have negative performance implications. Please set the stack size to the default value (10240) 
[1468767808.525171] [node009:18288:0]         sys.c:744  MXM  WARN  Conflicting CPU frequencies detected, using: 1796.16
[1468767808.561337] [node009:18288:0]         mxm.c:196  MXM  WARN  The 'ulimit -s' on the system is set to 'unlimited'. This may have negative performance implications. Please set the stack size to the default value (10240) 
[1468767808.589027] [node009:18288:0]         mxm.c:196  MXM  WARN  The 'ulimit -s' on the system is set to 'unlimited'. This may have negative performance implications. Please set the stack size to the default value (10240) 
[1468767808.581574] [node009:18288:0]         mxm.c:196  MXM  WARN  The 'ulimit -s' on the system is set to 'unlimited'. This may have negative performance implications. Please set the stack size to the default value (10240) 
[1468767808.594998] [node009:18288:0]         mxm.c:196  MXM  WARN  The 'ulimit -s' on the system is set to 'unlimited'. This may have negative performance implications. Please set the stack size to the default value (10240) 
[1468767808.602352] [node009:18288:0]         mxm.c:196  MXM  WARN  The 'ulimit -s' on the system is set to 'unlimited'. This may have negative performance implications. Please set the stack size to the default value (10240) 
UPCR: UPC thread  6 of 32 on node008 (pshm node 0 of 2, process  6 of 32, pid=16800)
UPCR: UPC thread  1 of 32 on node008 (pshm node 0 of 2, process  1 of 32, pid=16794)
UPCR: UPC thread  5 of 32 on node008 (pshm node 0 of 2, process  5 of 32, pid=16798)
UPCR: UPC thread  8 of 32 on node008 (pshm node 0 of 2, process  8 of 32, pid=16804)
UPCR: UPC thread  2 of 32 on node008 (pshm node 0 of 2, process  2 of 32, pid=16795)
UPCR: UPC thread  4 of 32 on node008 (pshm node 0 of 2, process  4 of 32, pid=16797)
UPCR: UPC thread  0 of 32 on node008 (pshm node 0 of 2, process  0 of 32, pid=16793)
UPCR: UPC thread 11 of 32 on node008 (pshm node 0 of 2, process 11 of 32, pid=16810)
UPCR: UPC thread 14 of 32 on node008 (pshm node 0 of 2, process 14 of 32, pid=16815)
UPCR: UPC thread 15 of 32 on node008 (pshm node 0 of 2, process 15 of 32, pid=16819)
UPCR: UPC thread  7 of 32 on node008 (pshm node 0 of 2, process  7 of 32, pid=16802)
UPCR: UPC thread 13 of 32 on node008 (pshm node 0 of 2, process 13 of 32, pid=16814)
UPCR: UPC thread  9 of 32 on node008 (pshm node 0 of 2, process  9 of 32, pid=16806)
UPCR: UPC thread 12 of 32 on node008 (pshm node 0 of 2, process 12 of 32, pid=16812)
UPCR: UPC thread  3 of 32 on node008 (pshm node 0 of 2, process  3 of 32, pid=16796)
UPCR: UPC thread 10 of 32 on node008 (pshm node 0 of 2, process 10 of 32, pid=16808)
UPCR: UPC thread 21 of 32 on node009 (pshm node 1 of 2, process 21 of 32, pid=18336)
UPCR: UPC thread 20 of 32 on node009 (pshm node 1 of 2, process 20 of 32, pid=18334)
UPCR: UPC thread 23 of 32 on node009 (pshm node 1 of 2, process 23 of 32, pid=18340)
UPCR: UPC thread 19 of 32 on node009 (pshm node 1 of 2, process 19 of 32, pid=18333)
UPCR: UPC thread 22 of 32 on node009 (pshm node 1 of 2, process 22 of 32, pid=18338)
UPCR: UPC thread 29 of 32 on node009 (pshm node 1 of 2, process 29 of 32, pid=18352)
UPCR: UPC thread 30 of 32 on node009 (pshm node 1 of 2, process 30 of 32, pid=18354)
UPCR: UPC thread 24 of 32 on node009 (pshm node 1 of 2, process 24 of 32, pid=18341)
UPCR: UPC thread 28 of 32 on node009 (pshm node 1 of 2, process 28 of 32, pid=18350)
UPCR: UPC thread 26 of 32 on node009 (pshm node 1 of 2, process 26 of 32, pid=18345)
UPCR: UPC thread 17 of 32 on node009 (pshm node 1 of 2, process 17 of 32, pid=18331)
UPCR: UPC thread 18 of 32 on node009 (pshm node 1 of 2, process 18 of 32, pid=18332)
UPCR: UPC thread 25 of 32 on node009 (pshm node 1 of 2, process 25 of 32, pid=18343)
UPCR: UPC thread 27 of 32 on node009 (pshm node 1 of 2, process 27 of 32, pid=18348)
UPCR: UPC thread 31 of 32 on node009 (pshm node 1 of 2, process 31 of 32, pid=18355)
UPCR: UPC thread 16 of 32 on node009 (pshm node 1 of 2, process 16 of 32, pid=18330)
using a cache granularity of 8
using linear probing in the BDD table
using a memoization table of 2^25 = 33554432 entries (~1280 MB) per thread
using a BDD table of 2^26 = 67108864 entries (~1536 MB) per thread
Initializing /home/oortwijn/distdd/models/petrinets/FMS-10.bdd!
vector size: 22
bits per integer: 4
number of BDD variables: 88
Loading initial states: 
Initial states loaded... 
Loading transition relations... 
22 integers per state, 4 bits per integer, 20 transition groups
BDD nodes:
Initial states: 88 BDD nodes
Transition 0: 106 BDD nodes
Transition 1: 107 BDD nodes
Transition 2: 114 BDD nodes
Transition 3: 53 BDD nodes
Transition 4: 52 BDD nodes
Transition 5: 106 BDD nodes
Transition 6: 107 BDD nodes
Transition 7: 106 BDD nodes
Transition 8: 71 BDD nodes
Transition 9: 106 BDD nodes
Transition 10: 71 BDD nodes
Transition 11: 107 BDD nodes
Transition 12: 186 BDD nodes
Transition 13: 187 BDD nodes
Transition 14: 106 BDD nodes
Transition 15: 81 BDD nodes
Transition 16: 107 BDD nodes
Transition 17: 107 BDD nodes
Transition 18: 87 BDD nodes
Transition 19: 107 BDD nodes
Level 1... done.
Level 2... done.
Level 3... done.
Level 4... done.
Level 5... done.
Level 6... done.
Level 7... done.
Level 8... done.
Level 9... done.
Level 10... done.
Level 11... done.
Level 12... done.
Level 13... done.
Level 14... done.
Level 15... done.
Level 16... done.
Level 17... done.
Level 18... done.
Level 19... done.
Level 20... done.
Level 21... done.
Level 22... done.
Level 23... done.
Level 24... done.
Level 25... done.
Level 26... done.
Level 27... done.
Level 28... done.
Level 29... done.
Level 30... done.
Level 31... done.
Level 32... done.
Level 33... done.
Level 34... done.
Level 35... done.
Level 36... done.
Level 37... done.
Level 38... done.
Level 39... done.
Level 40... done.
Level 41... done.
Level 42... done.
Level 43... done.
Level 44... done.
Level 45... done.
Level 46... done.
Level 47... done.
Level 48... done.
Level 49... done.
Level 50... done.
Level 51... done.
Level 52... done.
Level 53... done.
Level 54... done.
Level 55... done.
Level 56... done.
Level 57... done.
Level 58... done.
Level 59... done.
Level 60... done.
Level 61... done.
Level 62... done.
Level 63... done.
Level 64... done.
Level 65... done.
Level 66... done.
Level 67... done.
Level 68... done.
Level 69... done.
Level 70... done.
Level 71... done.
Level 72... done.
Level 73... done.
Level 74... done.
Level 75... done.
Level 76... done.
Level 77... done.
Level 78... done.
Level 79... done.
Level 80... done.
Level 81... done.
Level 82... done.
Level 83... done.
Level 84... done.
Level 85... done.
Level 86... done.
Level 87... done.
Level 88... done.
Level 89... done.
Level 90... done.
Level 91... done.
Level 92... done.
Level 93... done.
Level 94... done.
Level 95... done.
Level 96... done.
Level 97... done.
Level 98... done.
Level 99... done.
Level 100... done.
Level 101... done.
Level 102... done.
Level 103... done.
Level 104... done.
Level 105... done.
Level 106... done.
Level 107... done.
Level 108... done.
Level 109... done.
Level 110... done.
Level 111... done.
Level 112... done.
Level 113... done.
Level 114... done.
Level 115... done.
Level 116... done.
Level 117... done.
Level 118... done.
Level 119... done.
Level 120... done.
Level 121... done.
Level 122... done.
Level 123... done.
Level 124... done.
Level 125... done.
Level 126... done.
Level 127... done.
Level 128... done.
Level 129... done.
Level 130... done.
Level 131... done.
Level 132... done.
Level 133... done.
Level 134... done.
Level 135... done.
Level 136... done.
Level 137... done.
Level 138... done.
Level 139... done.
Level 140... done.
Level 141... done.
PAR Time: 3.180799
Final states: 2501413200 states
Final states: 1696 BDD nodes
[1468767808.525171] [node009:18288:0]         sys.c:744  MXM  WARN  Conflicting CPU frequencies detected, using: 1796.16
[1468767808.159821] [node008:16791:0]         sys.c:744  MXM  WARN  Conflicting CPU frequencies detected, using: 1944.56
[1468767808.140974] [node008:16747:0]         sys.c:744  MXM  WARN  Conflicting CPU frequencies detected, using: 1897.12
