performing reachability, flags: -n 32 -N 2 -shared-heap 16GB --tablesize=26 --cachesize=25  
This is upcrun, job spawner for the Berkeley UPC compiler (http://upc.lbl.gov).
upcrun version 2.22.2
Network conduits supported by this installation: smp mxm ibv
[1468595426.487289] [node020:28981:0]         sys.c:744  MXM  WARN  Conflicting CPU frequencies detected, using: 2086.31
[1468595426.539468] [node020:28981:0]         mxm.c:196  MXM  WARN  The 'ulimit -s' on the system is set to 'unlimited'. This may have negative performance implications. Please set the stack size to the default value (10240) 
[1468595426.487289] [node020:28981:0]         sys.c:744  MXM  WARN  Conflicting CPU frequencies detected, using: 2086.31
[1468595426.487289] [node020:28981:0]         sys.c:744  MXM  WARN  Conflicting CPU frequencies detected, using: 2086.31
[1468595426.487289] [node020:28981:0]         sys.c:744  MXM  WARN  Conflicting CPU frequencies detected, using: 2086.31
[1468595426.487289] [node020:28981:0]         sys.c:744  MXM  WARN  Conflicting CPU frequencies detected, using: 2086.31
[1468595426.487289] [node020:28981:0]         sys.c:744  MXM  WARN  Conflicting CPU frequencies detected, using: 2086.31
[1468595426.487289] [node020:28981:0]         sys.c:744  MXM  WARN  Conflicting CPU frequencies detected, using: 2086.31
[1468595426.487289] [node020:28981:0]         sys.c:744  MXM  WARN  Conflicting CPU frequencies detected, using: 2086.31
[1468595426.487289] [node020:28981:0]         sys.c:744  MXM  WARN  Conflicting CPU frequencies detected, using: 2086.31
[1468595426.487289] [node020:28981:0]         sys.c:744  MXM  WARN  Conflicting CPU frequencies detected, using: 2086.31
[1468595426.487289] [node020:28981:0]         sys.c:744  MXM  WARN  Conflicting CPU frequencies detected, using: 2086.31
[1468595426.487289] [node020:28981:0]         sys.c:744  MXM  WARN  Conflicting CPU frequencies detected, using: 2086.31
[1468595426.487289] [node020:28981:0]         sys.c:744  MXM  WARN  Conflicting CPU frequencies detected, using: 2086.31
[1468595426.487289] [node020:28981:0]         sys.c:744  MXM  WARN  Conflicting CPU frequencies detected, using: 2086.31
[1468595426.851258] [node021:5495 :0]         sys.c:744  MXM  WARN  Conflicting CPU frequencies detected, using: 1897.50
[1468595426.862680] [node021:5495 :0]         mxm.c:196  MXM  WARN  The 'ulimit -s' on the system is set to 'unlimited'. This may have negative performance implications. Please set the stack size to the default value (10240) 
[1468595426.851258] [node021:5495 :0]         sys.c:744  MXM  WARN  Conflicting CPU frequencies detected, using: 1897.50
[1468595426.863866] [node021:5495 :0]         mxm.c:196  MXM  WARN  The 'ulimit -s' on the system is set to 'unlimited'. This may have negative performance implications. Please set the stack size to the default value (10240) 
[1468595426.851258] [node021:5495 :0]         sys.c:744  MXM  WARN  Conflicting CPU frequencies detected, using: 1897.50
[1468595426.863421] [node021:5495 :0]         mxm.c:196  MXM  WARN  The 'ulimit -s' on the system is set to 'unlimited'. This may have negative performance implications. Please set the stack size to the default value (10240) 
[1468595426.851258] [node021:5495 :0]         sys.c:744  MXM  WARN  Conflicting CPU frequencies detected, using: 1897.50
[1468595426.863707] [node021:5495 :0]         mxm.c:196  MXM  WARN  The 'ulimit -s' on the system is set to 'unlimited'. This may have negative performance implications. Please set the stack size to the default value (10240) 
[1468595426.851258] [node021:5495 :0]         sys.c:744  MXM  WARN  Conflicting CPU frequencies detected, using: 1897.50
[1468595426.862591] [node021:5495 :0]         mxm.c:196  MXM  WARN  The 'ulimit -s' on the system is set to 'unlimited'. This may have negative performance implications. Please set the stack size to the default value (10240) 
[1468595426.851258] [node021:5495 :0]         sys.c:744  MXM  WARN  Conflicting CPU frequencies detected, using: 1897.50
[1468595426.859172] [node021:5495 :0]         mxm.c:196  MXM  WARN  The 'ulimit -s' on the system is set to 'unlimited'. This may have negative performance implications. Please set the stack size to the default value (10240) 
[1468595426.851258] [node021:5495 :0]         sys.c:744  MXM  WARN  Conflicting CPU frequencies detected, using: 1897.50
[1468595426.860763] [node021:5495 :0]         mxm.c:196  MXM  WARN  The 'ulimit -s' on the system is set to 'unlimited'. This may have negative performance implications. Please set the stack size to the default value (10240) 
[1468595426.851258] [node021:5495 :0]         sys.c:744  MXM  WARN  Conflicting CPU frequencies detected, using: 1897.50
[1468595426.859569] [node021:5495 :0]         mxm.c:196  MXM  WARN  The 'ulimit -s' on the system is set to 'unlimited'. This may have negative performance implications. Please set the stack size to the default value (10240) 
[1468595426.851258] [node021:5495 :0]         sys.c:744  MXM  WARN  Conflicting CPU frequencies detected, using: 1897.50
[1468595426.863541] [node021:5495 :0]         mxm.c:196  MXM  WARN  The 'ulimit -s' on the system is set to 'unlimited'. This may have negative performance implications. Please set the stack size to the default value (10240) 
[1468595426.851258] [node021:5495 :0]         sys.c:744  MXM  WARN  Conflicting CPU frequencies detected, using: 1897.50
[1468595426.861879] [node021:5495 :0]         mxm.c:196  MXM  WARN  The 'ulimit -s' on the system is set to 'unlimited'. This may have negative performance implications. Please set the stack size to the default value (10240) 
[1468595426.851258] [node021:5495 :0]         sys.c:744  MXM  WARN  Conflicting CPU frequencies detected, using: 1897.50
[1468595426.859992] [node021:5495 :0]         mxm.c:196  MXM  WARN  The 'ulimit -s' on the system is set to 'unlimited'. This may have negative performance implications. Please set the stack size to the default value (10240) 
[1468595426.851258] [node021:5495 :0]         sys.c:744  MXM  WARN  Conflicting CPU frequencies detected, using: 1897.50
[1468595426.863609] [node021:5495 :0]         mxm.c:196  MXM  WARN  The 'ulimit -s' on the system is set to 'unlimited'. This may have negative performance implications. Please set the stack size to the default value (10240) 
[1468595426.851258] [node021:5495 :0]         sys.c:744  MXM  WARN  Conflicting CPU frequencies detected, using: 1897.50
[1468595426.862789] [node021:5495 :0]         mxm.c:196  MXM  WARN  The 'ulimit -s' on the system is set to 'unlimited'. This may have negative performance implications. Please set the stack size to the default value (10240) 
[1468595426.851258] [node021:5495 :0]         sys.c:744  MXM  WARN  Conflicting CPU frequencies detected, using: 1897.50
[1468595426.858770] [node021:5495 :0]         mxm.c:196  MXM  WARN  The 'ulimit -s' on the system is set to 'unlimited'. This may have negative performance implications. Please set the stack size to the default value (10240) 
[1468595426.851258] [node021:5495 :0]         sys.c:744  MXM  WARN  Conflicting CPU frequencies detected, using: 1897.50
[1468595426.860352] [node021:5495 :0]         mxm.c:196  MXM  WARN  The 'ulimit -s' on the system is set to 'unlimited'. This may have negative performance implications. Please set the stack size to the default value (10240) 
[1468595426.851258] [node021:5495 :0]         sys.c:744  MXM  WARN  Conflicting CPU frequencies detected, using: 1897.50
[1468595426.861680] [node021:5495 :0]         mxm.c:196  MXM  WARN  The 'ulimit -s' on the system is set to 'unlimited'. This may have negative performance implications. Please set the stack size to the default value (10240) 
[1468595426.548205] [node020:28981:0]         mxm.c:196  MXM  WARN  The 'ulimit -s' on the system is set to 'unlimited'. This may have negative performance implications. Please set the stack size to the default value (10240) 
[1468595426.550700] [node020:28981:0]         mxm.c:196  MXM  WARN  The 'ulimit -s' on the system is set to 'unlimited'. This may have negative performance implications. Please set the stack size to the default value (10240) 
[1468595426.487289] [node020:28981:0]         sys.c:744  MXM  WARN  Conflicting CPU frequencies detected, using: 2086.31
[1468595426.503338] [node020:28981:0]         mxm.c:196  MXM  WARN  The 'ulimit -s' on the system is set to 'unlimited'. This may have negative performance implications. Please set the stack size to the default value (10240) 
[1468595426.487289] [node020:28981:0]         sys.c:744  MXM  WARN  Conflicting CPU frequencies detected, using: 2086.31
[1468595426.528659] [node020:28981:0]         mxm.c:196  MXM  WARN  The 'ulimit -s' on the system is set to 'unlimited'. This may have negative performance implications. Please set the stack size to the default value (10240) 
[1468595426.545181] [node020:28981:0]         mxm.c:196  MXM  WARN  The 'ulimit -s' on the system is set to 'unlimited'. This may have negative performance implications. Please set the stack size to the default value (10240) 
[1468595426.541758] [node020:28981:0]         mxm.c:196  MXM  WARN  The 'ulimit -s' on the system is set to 'unlimited'. This may have negative performance implications. Please set the stack size to the default value (10240) 
[1468595426.568333] [node020:28981:0]         mxm.c:196  MXM  WARN  The 'ulimit -s' on the system is set to 'unlimited'. This may have negative performance implications. Please set the stack size to the default value (10240) 
[1468595426.540974] [node020:28981:0]         mxm.c:196  MXM  WARN  The 'ulimit -s' on the system is set to 'unlimited'. This may have negative performance implications. Please set the stack size to the default value (10240) 
[1468595426.551522] [node020:28981:0]         mxm.c:196  MXM  WARN  The 'ulimit -s' on the system is set to 'unlimited'. This may have negative performance implications. Please set the stack size to the default value (10240) 
[1468595426.567597] [node020:28981:0]         mxm.c:196  MXM  WARN  The 'ulimit -s' on the system is set to 'unlimited'. This may have negative performance implications. Please set the stack size to the default value (10240) 
[1468595426.554124] [node020:28981:0]         mxm.c:196  MXM  WARN  The 'ulimit -s' on the system is set to 'unlimited'. This may have negative performance implications. Please set the stack size to the default value (10240) 
[1468595426.579663] [node020:28981:0]         mxm.c:196  MXM  WARN  The 'ulimit -s' on the system is set to 'unlimited'. This may have negative performance implications. Please set the stack size to the default value (10240) 
[1468595426.550002] [node020:28981:0]         mxm.c:196  MXM  WARN  The 'ulimit -s' on the system is set to 'unlimited'. This may have negative performance implications. Please set the stack size to the default value (10240) 
[1468595426.552238] [node020:28981:0]         mxm.c:196  MXM  WARN  The 'ulimit -s' on the system is set to 'unlimited'. This may have negative performance implications. Please set the stack size to the default value (10240) 
[1468595426.558079] [node020:28981:0]         mxm.c:196  MXM  WARN  The 'ulimit -s' on the system is set to 'unlimited'. This may have negative performance implications. Please set the stack size to the default value (10240) 
UPCR: UPC thread  6 of 32 on node020 (pshm node 0 of 2, process  6 of 32, pid=28990)
UPCR: UPC thread 13 of 32 on node020 (pshm node 0 of 2, process 13 of 32, pid=29004)
UPCR: UPC thread 10 of 32 on node020 (pshm node 0 of 2, process 10 of 32, pid=28998)
UPCR: UPC thread  1 of 32 on node020 (pshm node 0 of 2, process  1 of 32, pid=28984)
UPCR: UPC thread 11 of 32 on node020 (pshm node 0 of 2, process 11 of 32, pid=29000)
UPCR: UPC thread 15 of 32 on node020 (pshm node 0 of 2, process 15 of 32, pid=29009)
UPCR: UPC thread 12 of 32 on node020 (pshm node 0 of 2, process 12 of 32, pid=29002)
UPCR: UPC thread  0 of 32 on node020 (pshm node 0 of 2, process  0 of 32, pid=28983)
UPCR: UPC thread  8 of 32 on node020 (pshm node 0 of 2, process  8 of 32, pid=28994)
UPCR: UPC thread  9 of 32 on node020 (pshm node 0 of 2, process  9 of 32, pid=28996)
UPCR: UPC thread  4 of 32 on node020 (pshm node 0 of 2, process  4 of 32, pid=28987)
UPCR: UPC thread  2 of 32 on node020 (pshm node 0 of 2, process  2 of 32, pid=28985)
UPCR: UPC thread  5 of 32 on node020 (pshm node 0 of 2, process  5 of 32, pid=28988)
UPCR: UPC thread  3 of 32 on node020 (pshm node 0 of 2, process  3 of 32, pid=28986)
UPCR: UPC thread  7 of 32 on node020 (pshm node 0 of 2, process  7 of 32, pid=28992)
UPCR: UPC thread 14 of 32 on node020 (pshm node 0 of 2, process 14 of 32, pid=29006)
UPCR: UPC thread 31 of 32 on node021 (pshm node 1 of 2, process 31 of 32, pid=5562)
UPCR: UPC thread 19 of 32 on node021 (pshm node 1 of 2, process 19 of 32, pid=5540)
UPCR: UPC thread 18 of 32 on node021 (pshm node 1 of 2, process 18 of 32, pid=5539)
UPCR: UPC thread 25 of 32 on node021 (pshm node 1 of 2, process 25 of 32, pid=5551)
UPCR: UPC thread 16 of 32 on node021 (pshm node 1 of 2, process 16 of 32, pid=5537)
UPCR: UPC thread 26 of 32 on node021 (pshm node 1 of 2, process 26 of 32, pid=5553)
UPCR: UPC thread 27 of 32 on node021 (pshm node 1 of 2, process 27 of 32, pid=5555)
UPCR: UPC thread 22 of 32 on node021 (pshm node 1 of 2, process 22 of 32, pid=5546)
UPCR: UPC thread 21 of 32 on node021 (pshm node 1 of 2, process 21 of 32, pid=5543)
UPCR: UPC thread 24 of 32 on node021 (pshm node 1 of 2, process 24 of 32, pid=5549)
UPCR: UPC thread 30 of 32 on node021 (pshm node 1 of 2, process 30 of 32, pid=5560)
UPCR: UPC thread 23 of 32 on node021 (pshm node 1 of 2, process 23 of 32, pid=5547)
UPCR: UPC thread 17 of 32 on node021 (pshm node 1 of 2, process 17 of 32, pid=5538)
UPCR: UPC thread 28 of 32 on node021 (pshm node 1 of 2, process 28 of 32, pid=5557)
UPCR: UPC thread 20 of 32 on node021 (pshm node 1 of 2, process 20 of 32, pid=5541)
UPCR: UPC thread 29 of 32 on node021 (pshm node 1 of 2, process 29 of 32, pid=5558)
using a cache granularity of 8
using linear probing in the BDD table
using a memoization table of 2^25 = 33554432 entries (~1280 MB) per thread
using a BDD table of 2^26 = 67108864 entries (~1536 MB) per thread
Initializing /home/oortwijn/distdd/models/petrinets/Kanban-5.bdd!
vector size: 16
bits per integer: 4
number of BDD variables: 64
Loading initial states: 
Initial states loaded... 
Loading transition relations... 
16 integers per state, 4 bits per integer, 16 transition groups
BDD nodes:
Initial states: 64 BDD nodes
Transition 0: 70 BDD nodes
Transition 1: 70 BDD nodes
Transition 2: 70 BDD nodes
Transition 3: 70 BDD nodes
Transition 4: 70 BDD nodes
Transition 5: 70 BDD nodes
Transition 6: 70 BDD nodes
Transition 7: 420 BDD nodes
Transition 8: 70 BDD nodes
Transition 9: 70 BDD nodes
Transition 10: 70 BDD nodes
Transition 11: 70 BDD nodes
Transition 12: 420 BDD nodes
Transition 13: 70 BDD nodes
Transition 14: 70 BDD nodes
Transition 15: 70 BDD nodes
Level 1... done.
Level 2... done.
Level 3... done.
Level 4... done.
Level 5... done.
Level 6... done.
Level 7... done.
Level 8... done.
Level 9... done.
Level 10... done.
Level 11... done.
Level 12... done.
Level 13... done.
Level 14... done.
Level 15... done.
Level 16... done.
Level 17... done.
Level 18... done.
Level 19... done.
Level 20... done.
Level 21... done.
Level 22... done.
Level 23... done.
Level 24... done.
Level 25... done.
Level 26... done.
Level 27... done.
Level 28... done.
Level 29... done.
Level 30... done.
Level 31... done.
Level 32... done.
Level 33... done.
Level 34... done.
Level 35... done.
Level 36... done.
Level 37... done.
Level 38... done.
Level 39... done.
Level 40... done.
Level 41... done.
Level 42... done.
Level 43... done.
Level 44... done.
Level 45... done.
Level 46... done.
Level 47... done.
Level 48... done.
Level 49... done.
Level 50... done.
Level 51... done.
Level 52... done.
Level 53... done.
Level 54... done.
Level 55... done.
Level 56... done.
Level 57... done.
Level 58... done.
Level 59... done.
Level 60... done.
Level 61... done.
Level 62... done.
Level 63... done.
Level 64... done.
Level 65... done.
Level 66... done.
Level 67... done.
Level 68... done.
Level 69... done.
Level 70... done.
Level 71... done.
PAR Time: 0.868492
Final states: 2546432 states
Final states: 1304 BDD nodes
[1468595426.487289] [node020:28981:0]         sys.c:744  MXM  WARN  Conflicting CPU frequencies detected, using: 2086.31
[1468595426.851258] [node021:5495 :0]         sys.c:744  MXM  WARN  Conflicting CPU frequencies detected, using: 1897.50
[1468595426.468050] [node020:28937:0]         sys.c:744  MXM  WARN  Conflicting CPU frequencies detected, using: 1999.31
