performing reachability, flags: -n 128 -N 8 -shared-heap 16GB --tablesize=26 --cachesize=25  
This is upcrun, job spawner for the Berkeley UPC compiler (http://upc.lbl.gov).
upcrun version 2.22.2
Network conduits supported by this installation: smp mxm ibv
[1469004048.429692] [node008:25278:0]         sys.c:744  MXM  WARN  Conflicting CPU frequencies detected, using: 2278.41
[1469004048.429692] [node008:25278:0]         sys.c:744  MXM  WARN  Conflicting CPU frequencies detected, using: 2278.41
[1469004048.429692] [node008:25278:0]         sys.c:744  MXM  WARN  Conflicting CPU frequencies detected, using: 2278.41
[1469004048.429692] [node008:25278:0]         sys.c:744  MXM  WARN  Conflicting CPU frequencies detected, using: 2278.41
[1469004048.429692] [node008:25278:0]         sys.c:744  MXM  WARN  Conflicting CPU frequencies detected, using: 2278.41
[1469004048.429692] [node008:25278:0]         sys.c:744  MXM  WARN  Conflicting CPU frequencies detected, using: 2278.41
[1469004048.429692] [node008:25278:0]         sys.c:744  MXM  WARN  Conflicting CPU frequencies detected, using: 2278.41
[1469004048.429692] [node008:25278:0]         sys.c:744  MXM  WARN  Conflicting CPU frequencies detected, using: 2278.41
[1469004048.429692] [node008:25278:0]         sys.c:744  MXM  WARN  Conflicting CPU frequencies detected, using: 2278.41
[1469004048.429692] [node008:25278:0]         sys.c:744  MXM  WARN  Conflicting CPU frequencies detected, using: 2278.41
[1469004048.429692] [node008:25278:0]         sys.c:744  MXM  WARN  Conflicting CPU frequencies detected, using: 2278.41
[1469004048.791362] [node013:7671 :0]         sys.c:744  MXM  WARN  Conflicting CPU frequencies detected, using: 1794.84
[1469004048.837257] [node013:7671 :0]         mxm.c:196  MXM  WARN  The 'ulimit -s' on the system is set to 'unlimited'. This may have negative performance implications. Please set the stack size to the default value (10240) 
[1469004048.794294] [node011:7384 :0]         sys.c:744  MXM  WARN  Conflicting CPU frequencies detected, using: 1896.66
[1469004048.841920] [node011:7384 :0]         mxm.c:196  MXM  WARN  The 'ulimit -s' on the system is set to 'unlimited'. This may have negative performance implications. Please set the stack size to the default value (10240) 
[1469004048.794294] [node011:7384 :0]         sys.c:744  MXM  WARN  Conflicting CPU frequencies detected, using: 1896.66
[1469004048.842694] [node011:7384 :0]         mxm.c:196  MXM  WARN  The 'ulimit -s' on the system is set to 'unlimited'. This may have negative performance implications. Please set the stack size to the default value (10240) 
[1469004048.794294] [node011:7384 :0]         sys.c:744  MXM  WARN  Conflicting CPU frequencies detected, using: 1896.66
[1469004048.843434] [node011:7384 :0]         mxm.c:196  MXM  WARN  The 'ulimit -s' on the system is set to 'unlimited'. This may have negative performance implications. Please set the stack size to the default value (10240) 
[1469004048.789303] [node012:31288:0]         sys.c:744  MXM  WARN  Conflicting CPU frequencies detected, using: 1957.78
[1469004048.840874] [node012:31288:0]         mxm.c:196  MXM  WARN  The 'ulimit -s' on the system is set to 'unlimited'. This may have negative performance implications. Please set the stack size to the default value (10240) 
[1469004048.789303] [node012:31288:0]         sys.c:744  MXM  WARN  Conflicting CPU frequencies detected, using: 1957.78
[1469004048.789303] [node012:31288:0]         sys.c:744  MXM  WARN  Conflicting CPU frequencies detected, using: 1957.78
[1469004048.791362] [node013:7671 :0]         sys.c:744  MXM  WARN  Conflicting CPU frequencies detected, using: 1794.84
[1469004048.789303] [node012:31288:0]         sys.c:744  MXM  WARN  Conflicting CPU frequencies detected, using: 1957.78
[1469004048.802324] [node015:21280:0]         sys.c:744  MXM  WARN  Conflicting CPU frequencies detected, using: 1778.72
[1469004048.846343] [node015:21280:0]         mxm.c:196  MXM  WARN  The 'ulimit -s' on the system is set to 'unlimited'. This may have negative performance implications. Please set the stack size to the default value (10240) 
[1469004048.789303] [node012:31288:0]         sys.c:744  MXM  WARN  Conflicting CPU frequencies detected, using: 1957.78
[1469004048.843181] [node012:31288:0]         mxm.c:196  MXM  WARN  The 'ulimit -s' on the system is set to 'unlimited'. This may have negative performance implications. Please set the stack size to the default value (10240) 
[1469004048.789303] [node012:31288:0]         sys.c:744  MXM  WARN  Conflicting CPU frequencies detected, using: 1957.78
[1469004048.791362] [node013:7671 :0]         sys.c:744  MXM  WARN  Conflicting CPU frequencies detected, using: 1794.84
[1469004048.791362] [node013:7671 :0]         sys.c:744  MXM  WARN  Conflicting CPU frequencies detected, using: 1794.84
[1469004048.789303] [node012:31288:0]         sys.c:744  MXM  WARN  Conflicting CPU frequencies detected, using: 1957.78
[1469004048.791362] [node013:7671 :0]         sys.c:744  MXM  WARN  Conflicting CPU frequencies detected, using: 1794.84
[1469004048.791362] [node013:7671 :0]         sys.c:744  MXM  WARN  Conflicting CPU frequencies detected, using: 1794.84
[1469004048.791362] [node013:7671 :0]         sys.c:744  MXM  WARN  Conflicting CPU frequencies detected, using: 1794.84
[1469004048.791362] [node013:7671 :0]         sys.c:744  MXM  WARN  Conflicting CPU frequencies detected, using: 1794.84
[1469004048.789303] [node012:31288:0]         sys.c:744  MXM  WARN  Conflicting CPU frequencies detected, using: 1957.78
[1469004048.789303] [node012:31288:0]         sys.c:744  MXM  WARN  Conflicting CPU frequencies detected, using: 1957.78
[1469004048.791362] [node013:7671 :0]         sys.c:744  MXM  WARN  Conflicting CPU frequencies detected, using: 1794.84
[1469004048.789303] [node012:31288:0]         sys.c:744  MXM  WARN  Conflicting CPU frequencies detected, using: 1957.78
[1469004048.794294] [node011:7384 :0]         sys.c:744  MXM  WARN  Conflicting CPU frequencies detected, using: 1896.66
[1469004048.794294] [node011:7384 :0]         sys.c:744  MXM  WARN  Conflicting CPU frequencies detected, using: 1896.66
[1469004048.791362] [node013:7671 :0]         sys.c:744  MXM  WARN  Conflicting CPU frequencies detected, using: 1794.84
[1469004048.791362] [node013:7671 :0]         sys.c:744  MXM  WARN  Conflicting CPU frequencies detected, using: 1794.84
[1469004048.789303] [node012:31288:0]         sys.c:744  MXM  WARN  Conflicting CPU frequencies detected, using: 1957.78
[1469004048.791362] [node013:7671 :0]         sys.c:744  MXM  WARN  Conflicting CPU frequencies detected, using: 1794.84
[1469004048.794294] [node011:7384 :0]         sys.c:744  MXM  WARN  Conflicting CPU frequencies detected, using: 1896.66
[1469004048.789303] [node012:31288:0]         sys.c:744  MXM  WARN  Conflicting CPU frequencies detected, using: 1957.78
[1469004048.791362] [node013:7671 :0]         sys.c:744  MXM  WARN  Conflicting CPU frequencies detected, using: 1794.84
[1469004048.794294] [node011:7384 :0]         sys.c:744  MXM  WARN  Conflicting CPU frequencies detected, using: 1896.66
[1469004048.794294] [node011:7384 :0]         sys.c:744  MXM  WARN  Conflicting CPU frequencies detected, using: 1896.66
[1469004048.791362] [node013:7671 :0]         sys.c:744  MXM  WARN  Conflicting CPU frequencies detected, using: 1794.84
[1469004048.791362] [node013:7671 :0]         sys.c:744  MXM  WARN  Conflicting CPU frequencies detected, using: 1794.84
[1469004048.794294] [node011:7384 :0]         sys.c:744  MXM  WARN  Conflicting CPU frequencies detected, using: 1896.66
[1469004048.794294] [node011:7384 :0]         sys.c:744  MXM  WARN  Conflicting CPU frequencies detected, using: 1896.66
[1469004048.802324] [node015:21280:0]         sys.c:744  MXM  WARN  Conflicting CPU frequencies detected, using: 1778.72
[1469004048.849722] [node015:21280:0]         mxm.c:196  MXM  WARN  The 'ulimit -s' on the system is set to 'unlimited'. This may have negative performance implications. Please set the stack size to the default value (10240) 
[1469004048.794294] [node011:7384 :0]         sys.c:744  MXM  WARN  Conflicting CPU frequencies detected, using: 1896.66
[1469004048.794294] [node011:7384 :0]         sys.c:744  MXM  WARN  Conflicting CPU frequencies detected, using: 1896.66
[1469004048.794294] [node011:7384 :0]         sys.c:744  MXM  WARN  Conflicting CPU frequencies detected, using: 1896.66
[1469004048.794294] [node011:7384 :0]         sys.c:744  MXM  WARN  Conflicting CPU frequencies detected, using: 1896.66
[1469004048.802324] [node015:21280:0]         sys.c:744  MXM  WARN  Conflicting CPU frequencies detected, using: 1778.72
[1469004048.802324] [node015:21280:0]         sys.c:744  MXM  WARN  Conflicting CPU frequencies detected, using: 1778.72
[1469004048.853723] [node015:21280:0]         mxm.c:196  MXM  WARN  The 'ulimit -s' on the system is set to 'unlimited'. This may have negative performance implications. Please set the stack size to the default value (10240) 
[1469004048.806455] [node009:8802 :0]         sys.c:744  MXM  WARN  Conflicting CPU frequencies detected, using: 1698.38
[1469004048.853810] [node009:8802 :0]         mxm.c:196  MXM  WARN  The 'ulimit -s' on the system is set to 'unlimited'. This may have negative performance implications. Please set the stack size to the default value (10240) 
[1469004048.802324] [node015:21280:0]         sys.c:744  MXM  WARN  Conflicting CPU frequencies detected, using: 1778.72
[1469004048.802324] [node015:21280:0]         sys.c:744  MXM  WARN  Conflicting CPU frequencies detected, using: 1778.72
[1469004048.802324] [node015:21280:0]         sys.c:744  MXM  WARN  Conflicting CPU frequencies detected, using: 1778.72
[1469004048.802324] [node015:21280:0]         sys.c:744  MXM  WARN  Conflicting CPU frequencies detected, using: 1778.72
[1469004048.806455] [node009:8802 :0]         sys.c:744  MXM  WARN  Conflicting CPU frequencies detected, using: 1698.38
[1469004048.855400] [node009:8802 :0]         mxm.c:196  MXM  WARN  The 'ulimit -s' on the system is set to 'unlimited'. This may have negative performance implications. Please set the stack size to the default value (10240) 
[1469004048.802324] [node015:21280:0]         sys.c:744  MXM  WARN  Conflicting CPU frequencies detected, using: 1778.72
[1469004048.802324] [node015:21280:0]         sys.c:744  MXM  WARN  Conflicting CPU frequencies detected, using: 1778.72
[1469004048.802324] [node015:21280:0]         sys.c:744  MXM  WARN  Conflicting CPU frequencies detected, using: 1778.72
[1469004048.802324] [node015:21280:0]         sys.c:744  MXM  WARN  Conflicting CPU frequencies detected, using: 1778.72
[1469004048.802324] [node015:21280:0]         sys.c:744  MXM  WARN  Conflicting CPU frequencies detected, using: 1778.72
[1469004048.802324] [node015:21280:0]         sys.c:744  MXM  WARN  Conflicting CPU frequencies detected, using: 1778.72
[1469004048.806455] [node009:8802 :0]         sys.c:744  MXM  WARN  Conflicting CPU frequencies detected, using: 1698.38
[1469004048.806455] [node009:8802 :0]         sys.c:744  MXM  WARN  Conflicting CPU frequencies detected, using: 1698.38
[1469004048.806455] [node009:8802 :0]         sys.c:744  MXM  WARN  Conflicting CPU frequencies detected, using: 1698.38
[1469004048.806455] [node009:8802 :0]         sys.c:744  MXM  WARN  Conflicting CPU frequencies detected, using: 1698.38
[1469004048.806455] [node009:8802 :0]         sys.c:744  MXM  WARN  Conflicting CPU frequencies detected, using: 1698.38
[1469004048.860159] [node009:8802 :0]         mxm.c:196  MXM  WARN  The 'ulimit -s' on the system is set to 'unlimited'. This may have negative performance implications. Please set the stack size to the default value (10240) 
[1469004048.806455] [node009:8802 :0]         sys.c:744  MXM  WARN  Conflicting CPU frequencies detected, using: 1698.38
[1469004048.806455] [node009:8802 :0]         sys.c:744  MXM  WARN  Conflicting CPU frequencies detected, using: 1698.38
[1469004048.806455] [node009:8802 :0]         sys.c:744  MXM  WARN  Conflicting CPU frequencies detected, using: 1698.38
[1469004048.806455] [node009:8802 :0]         sys.c:744  MXM  WARN  Conflicting CPU frequencies detected, using: 1698.38
[1469004048.806455] [node009:8802 :0]         sys.c:744  MXM  WARN  Conflicting CPU frequencies detected, using: 1698.38
[1469004048.806455] [node009:8802 :0]         sys.c:744  MXM  WARN  Conflicting CPU frequencies detected, using: 1698.38
[1469004048.806455] [node009:8802 :0]         sys.c:744  MXM  WARN  Conflicting CPU frequencies detected, using: 1698.38
[1469004048.806455] [node009:8802 :0]         sys.c:744  MXM  WARN  Conflicting CPU frequencies detected, using: 1698.38
[1469004048.806455] [node009:8802 :0]         sys.c:744  MXM  WARN  Conflicting CPU frequencies detected, using: 1698.38
[1469004048.795398] [node010:26703:0]         sys.c:744  MXM  WARN  Conflicting CPU frequencies detected, using: 1895.44
[1469004048.802628] [node010:26703:0]         mxm.c:196  MXM  WARN  The 'ulimit -s' on the system is set to 'unlimited'. This may have negative performance implications. Please set the stack size to the default value (10240) 
[1469004048.799093] [node014:10456:0]         sys.c:744  MXM  WARN  Conflicting CPU frequencies detected, using: 1483.69
[1469004048.807030] [node014:10456:0]         mxm.c:196  MXM  WARN  The 'ulimit -s' on the system is set to 'unlimited'. This may have negative performance implications. Please set the stack size to the default value (10240) 
[1469004048.799093] [node014:10456:0]         sys.c:744  MXM  WARN  Conflicting CPU frequencies detected, using: 1483.69
[1469004048.809896] [node014:10456:0]         mxm.c:196  MXM  WARN  The 'ulimit -s' on the system is set to 'unlimited'. This may have negative performance implications. Please set the stack size to the default value (10240) 
[1469004048.795398] [node010:26703:0]         sys.c:744  MXM  WARN  Conflicting CPU frequencies detected, using: 1895.44
[1469004048.806188] [node010:26703:0]         mxm.c:196  MXM  WARN  The 'ulimit -s' on the system is set to 'unlimited'. This may have negative performance implications. Please set the stack size to the default value (10240) 
[1469004048.795398] [node010:26703:0]         sys.c:744  MXM  WARN  Conflicting CPU frequencies detected, using: 1895.44
[1469004048.808070] [node010:26703:0]         mxm.c:196  MXM  WARN  The 'ulimit -s' on the system is set to 'unlimited'. This may have negative performance implications. Please set the stack size to the default value (10240) 
[1469004048.799093] [node014:10456:0]         sys.c:744  MXM  WARN  Conflicting CPU frequencies detected, using: 1483.69
[1469004048.811384] [node014:10456:0]         mxm.c:196  MXM  WARN  The 'ulimit -s' on the system is set to 'unlimited'. This may have negative performance implications. Please set the stack size to the default value (10240) 
[1469004048.795398] [node010:26703:0]         sys.c:744  MXM  WARN  Conflicting CPU frequencies detected, using: 1895.44
[1469004048.807129] [node010:26703:0]         mxm.c:196  MXM  WARN  The 'ulimit -s' on the system is set to 'unlimited'. This may have negative performance implications. Please set the stack size to the default value (10240) 
[1469004048.799093] [node014:10456:0]         sys.c:744  MXM  WARN  Conflicting CPU frequencies detected, using: 1483.69
[1469004048.811303] [node014:10456:0]         mxm.c:196  MXM  WARN  The 'ulimit -s' on the system is set to 'unlimited'. This may have negative performance implications. Please set the stack size to the default value (10240) 
[1469004048.795398] [node010:26703:0]         sys.c:744  MXM  WARN  Conflicting CPU frequencies detected, using: 1895.44
[1469004048.808173] [node010:26703:0]         mxm.c:196  MXM  WARN  The 'ulimit -s' on the system is set to 'unlimited'. This may have negative performance implications. Please set the stack size to the default value (10240) 
[1469004048.795398] [node010:26703:0]         sys.c:744  MXM  WARN  Conflicting CPU frequencies detected, using: 1895.44
[1469004048.807300] [node010:26703:0]         mxm.c:196  MXM  WARN  The 'ulimit -s' on the system is set to 'unlimited'. This may have negative performance implications. Please set the stack size to the default value (10240) 
[1469004048.799093] [node014:10456:0]         sys.c:744  MXM  WARN  Conflicting CPU frequencies detected, using: 1483.69
[1469004048.810893] [node014:10456:0]         mxm.c:196  MXM  WARN  The 'ulimit -s' on the system is set to 'unlimited'. This may have negative performance implications. Please set the stack size to the default value (10240) 
[1469004048.799093] [node014:10456:0]         sys.c:744  MXM  WARN  Conflicting CPU frequencies detected, using: 1483.69
[1469004048.812615] [node014:10456:0]         mxm.c:196  MXM  WARN  The 'ulimit -s' on the system is set to 'unlimited'. This may have negative performance implications. Please set the stack size to the default value (10240) 
[1469004048.795398] [node010:26703:0]         sys.c:744  MXM  WARN  Conflicting CPU frequencies detected, using: 1895.44
[1469004048.806590] [node010:26703:0]         mxm.c:196  MXM  WARN  The 'ulimit -s' on the system is set to 'unlimited'. This may have negative performance implications. Please set the stack size to the default value (10240) 
[1469004048.799093] [node014:10456:0]         sys.c:744  MXM  WARN  Conflicting CPU frequencies detected, using: 1483.69
[1469004048.810314] [node014:10456:0]         mxm.c:196  MXM  WARN  The 'ulimit -s' on the system is set to 'unlimited'. This may have negative performance implications. Please set the stack size to the default value (10240) 
[1469004048.799093] [node014:10456:0]         sys.c:744  MXM  WARN  Conflicting CPU frequencies detected, using: 1483.69
[1469004048.809739] [node014:10456:0]         mxm.c:196  MXM  WARN  The 'ulimit -s' on the system is set to 'unlimited'. This may have negative performance implications. Please set the stack size to the default value (10240) 
[1469004048.795398] [node010:26703:0]         sys.c:744  MXM  WARN  Conflicting CPU frequencies detected, using: 1895.44
[1469004048.806344] [node010:26703:0]         mxm.c:196  MXM  WARN  The 'ulimit -s' on the system is set to 'unlimited'. This may have negative performance implications. Please set the stack size to the default value (10240) 
[1469004048.799093] [node014:10456:0]         sys.c:744  MXM  WARN  Conflicting CPU frequencies detected, using: 1483.69
[1469004048.811902] [node014:10456:0]         mxm.c:196  MXM  WARN  The 'ulimit -s' on the system is set to 'unlimited'. This may have negative performance implications. Please set the stack size to the default value (10240) 
[1469004048.799093] [node014:10456:0]         sys.c:744  MXM  WARN  Conflicting CPU frequencies detected, using: 1483.69
[1469004048.810987] [node014:10456:0]         mxm.c:196  MXM  WARN  The 'ulimit -s' on the system is set to 'unlimited'. This may have negative performance implications. Please set the stack size to the default value (10240) 
[1469004048.799093] [node014:10456:0]         sys.c:744  MXM  WARN  Conflicting CPU frequencies detected, using: 1483.69
[1469004048.806183] [node014:10456:0]         mxm.c:196  MXM  WARN  The 'ulimit -s' on the system is set to 'unlimited'. This may have negative performance implications. Please set the stack size to the default value (10240) 
[1469004048.795398] [node010:26703:0]         sys.c:744  MXM  WARN  Conflicting CPU frequencies detected, using: 1895.44
[1469004048.806802] [node010:26703:0]         mxm.c:196  MXM  WARN  The 'ulimit -s' on the system is set to 'unlimited'. This may have negative performance implications. Please set the stack size to the default value (10240) 
[1469004048.799093] [node014:10456:0]         sys.c:744  MXM  WARN  Conflicting CPU frequencies detected, using: 1483.69
[1469004048.813052] [node014:10456:0]         mxm.c:196  MXM  WARN  The 'ulimit -s' on the system is set to 'unlimited'. This may have negative performance implications. Please set the stack size to the default value (10240) 
[1469004048.799093] [node014:10456:0]         sys.c:744  MXM  WARN  Conflicting CPU frequencies detected, using: 1483.69
[1469004048.806640] [node014:10456:0]         mxm.c:196  MXM  WARN  The 'ulimit -s' on the system is set to 'unlimited'. This may have negative performance implications. Please set the stack size to the default value (10240) 
[1469004048.799093] [node014:10456:0]         sys.c:744  MXM  WARN  Conflicting CPU frequencies detected, using: 1483.69
[1469004048.808230] [node014:10456:0]         mxm.c:196  MXM  WARN  The 'ulimit -s' on the system is set to 'unlimited'. This may have negative performance implications. Please set the stack size to the default value (10240) 
[1469004048.795398] [node010:26703:0]         sys.c:744  MXM  WARN  Conflicting CPU frequencies detected, using: 1895.44
[1469004048.806139] [node010:26703:0]         mxm.c:196  MXM  WARN  The 'ulimit -s' on the system is set to 'unlimited'. This may have negative performance implications. Please set the stack size to the default value (10240) 
[1469004048.795398] [node010:26703:0]         sys.c:744  MXM  WARN  Conflicting CPU frequencies detected, using: 1895.44
[1469004048.808258] [node010:26703:0]         mxm.c:196  MXM  WARN  The 'ulimit -s' on the system is set to 'unlimited'. This may have negative performance implications. Please set the stack size to the default value (10240) 
[1469004048.795398] [node010:26703:0]         sys.c:744  MXM  WARN  Conflicting CPU frequencies detected, using: 1895.44
[1469004048.803332] [node010:26703:0]         mxm.c:196  MXM  WARN  The 'ulimit -s' on the system is set to 'unlimited'. This may have negative performance implications. Please set the stack size to the default value (10240) 
[1469004048.799093] [node014:10456:0]         sys.c:744  MXM  WARN  Conflicting CPU frequencies detected, using: 1483.69
[1469004048.810615] [node014:10456:0]         mxm.c:196  MXM  WARN  The 'ulimit -s' on the system is set to 'unlimited'. This may have negative performance implications. Please set the stack size to the default value (10240) 
[1469004048.795398] [node010:26703:0]         sys.c:744  MXM  WARN  Conflicting CPU frequencies detected, using: 1895.44
[1469004048.805077] [node010:26703:0]         mxm.c:196  MXM  WARN  The 'ulimit -s' on the system is set to 'unlimited'. This may have negative performance implications. Please set the stack size to the default value (10240) 
[1469004048.795398] [node010:26703:0]         sys.c:744  MXM  WARN  Conflicting CPU frequencies detected, using: 1895.44
[1469004048.808529] [node010:26703:0]         mxm.c:196  MXM  WARN  The 'ulimit -s' on the system is set to 'unlimited'. This may have negative performance implications. Please set the stack size to the default value (10240) 
[1469004048.799093] [node014:10456:0]         sys.c:744  MXM  WARN  Conflicting CPU frequencies detected, using: 1483.69
[1469004048.812340] [node014:10456:0]         mxm.c:196  MXM  WARN  The 'ulimit -s' on the system is set to 'unlimited'. This may have negative performance implications. Please set the stack size to the default value (10240) 
[1469004048.795398] [node010:26703:0]         sys.c:744  MXM  WARN  Conflicting CPU frequencies detected, using: 1895.44
[1469004048.806048] [node010:26703:0]         mxm.c:196  MXM  WARN  The 'ulimit -s' on the system is set to 'unlimited'. This may have negative performance implications. Please set the stack size to the default value (10240) 
[1469004048.795398] [node010:26703:0]         sys.c:744  MXM  WARN  Conflicting CPU frequencies detected, using: 1895.44
[1469004048.804430] [node010:26703:0]         mxm.c:196  MXM  WARN  The 'ulimit -s' on the system is set to 'unlimited'. This may have negative performance implications. Please set the stack size to the default value (10240) 
[1469004048.482539] [node008:25278:0]         mxm.c:196  MXM  WARN  The 'ulimit -s' on the system is set to 'unlimited'. This may have negative performance implications. Please set the stack size to the default value (10240) 
[1469004048.506082] [node008:25278:0]         mxm.c:196  MXM  WARN  The 'ulimit -s' on the system is set to 'unlimited'. This may have negative performance implications. Please set the stack size to the default value (10240) 
[1469004048.489270] [node008:25278:0]         mxm.c:196  MXM  WARN  The 'ulimit -s' on the system is set to 'unlimited'. This may have negative performance implications. Please set the stack size to the default value (10240) 
[1469004048.488250] [node008:25278:0]         mxm.c:196  MXM  WARN  The 'ulimit -s' on the system is set to 'unlimited'. This may have negative performance implications. Please set the stack size to the default value (10240) 
[1469004048.515666] [node008:25278:0]         mxm.c:196  MXM  WARN  The 'ulimit -s' on the system is set to 'unlimited'. This may have negative performance implications. Please set the stack size to the default value (10240) 
[1469004048.429692] [node008:25278:0]         sys.c:744  MXM  WARN  Conflicting CPU frequencies detected, using: 2278.41
[1469004048.468077] [node008:25278:0]         mxm.c:196  MXM  WARN  The 'ulimit -s' on the system is set to 'unlimited'. This may have negative performance implications. Please set the stack size to the default value (10240) 
[1469004048.490098] [node008:25278:0]         mxm.c:196  MXM  WARN  The 'ulimit -s' on the system is set to 'unlimited'. This may have negative performance implications. Please set the stack size to the default value (10240) 
[1469004048.495117] [node008:25278:0]         mxm.c:196  MXM  WARN  The 'ulimit -s' on the system is set to 'unlimited'. This may have negative performance implications. Please set the stack size to the default value (10240) 
[1469004048.492407] [node008:25278:0]         mxm.c:196  MXM  WARN  The 'ulimit -s' on the system is set to 'unlimited'. This may have negative performance implications. Please set the stack size to the default value (10240) 
[1469004048.522902] [node008:25278:0]         mxm.c:196  MXM  WARN  The 'ulimit -s' on the system is set to 'unlimited'. This may have negative performance implications. Please set the stack size to the default value (10240) 
[1469004048.429692] [node008:25278:0]         sys.c:744  MXM  WARN  Conflicting CPU frequencies detected, using: 2278.41
[1469004048.464340] [node008:25278:0]         mxm.c:196  MXM  WARN  The 'ulimit -s' on the system is set to 'unlimited'. This may have negative performance implications. Please set the stack size to the default value (10240) 
[1469004048.486735] [node008:25278:0]         mxm.c:196  MXM  WARN  The 'ulimit -s' on the system is set to 'unlimited'. This may have negative performance implications. Please set the stack size to the default value (10240) 
[1469004048.429692] [node008:25278:0]         sys.c:744  MXM  WARN  Conflicting CPU frequencies detected, using: 2278.41
[1469004048.480933] [node008:25278:0]         mxm.c:196  MXM  WARN  The 'ulimit -s' on the system is set to 'unlimited'. This may have negative performance implications. Please set the stack size to the default value (10240) 
[1469004048.429692] [node008:25278:0]         sys.c:744  MXM  WARN  Conflicting CPU frequencies detected, using: 2278.41
[1469004048.477610] [node008:25278:0]         mxm.c:196  MXM  WARN  The 'ulimit -s' on the system is set to 'unlimited'. This may have negative performance implications. Please set the stack size to the default value (10240) 
[1469004048.519861] [node008:25278:0]         mxm.c:196  MXM  WARN  The 'ulimit -s' on the system is set to 'unlimited'. This may have negative performance implications. Please set the stack size to the default value (10240) 
[1469004048.429692] [node008:25278:0]         sys.c:744  MXM  WARN  Conflicting CPU frequencies detected, using: 2278.41
[1469004048.476076] [node008:25278:0]         mxm.c:196  MXM  WARN  The 'ulimit -s' on the system is set to 'unlimited'. This may have negative performance implications. Please set the stack size to the default value (10240) 
[1469004048.789303] [node012:31288:0]         sys.c:744  MXM  WARN  Conflicting CPU frequencies detected, using: 1957.78
[1469004048.822278] [node012:31288:0]         mxm.c:196  MXM  WARN  The 'ulimit -s' on the system is set to 'unlimited'. This may have negative performance implications. Please set the stack size to the default value (10240) 
[1469004048.849747] [node011:7384 :0]         mxm.c:196  MXM  WARN  The 'ulimit -s' on the system is set to 'unlimited'. This may have negative performance implications. Please set the stack size to the default value (10240) 
[1469004048.878134] [node009:8802 :0]         mxm.c:196  MXM  WARN  The 'ulimit -s' on the system is set to 'unlimited'. This may have negative performance implications. Please set the stack size to the default value (10240) 
[1469004048.794294] [node011:7384 :0]         sys.c:744  MXM  WARN  Conflicting CPU frequencies detected, using: 1896.66
[1469004048.827279] [node011:7384 :0]         mxm.c:196  MXM  WARN  The 'ulimit -s' on the system is set to 'unlimited'. This may have negative performance implications. Please set the stack size to the default value (10240) 
[1469004048.858992] [node013:7671 :0]         mxm.c:196  MXM  WARN  The 'ulimit -s' on the system is set to 'unlimited'. This may have negative performance implications. Please set the stack size to the default value (10240) 
[1469004048.875038] [node009:8802 :0]         mxm.c:196  MXM  WARN  The 'ulimit -s' on the system is set to 'unlimited'. This may have negative performance implications. Please set the stack size to the default value (10240) 
[1469004048.874048] [node011:7384 :0]         mxm.c:196  MXM  WARN  The 'ulimit -s' on the system is set to 'unlimited'. This may have negative performance implications. Please set the stack size to the default value (10240) 
[1469004048.854865] [node013:7671 :0]         mxm.c:196  MXM  WARN  The 'ulimit -s' on the system is set to 'unlimited'. This may have negative performance implications. Please set the stack size to the default value (10240) 
[1469004048.877668] [node011:7384 :0]         mxm.c:196  MXM  WARN  The 'ulimit -s' on the system is set to 'unlimited'. This may have negative performance implications. Please set the stack size to the default value (10240) 
[1469004048.789303] [node012:31288:0]         sys.c:744  MXM  WARN  Conflicting CPU frequencies detected, using: 1957.78
[1469004048.838539] [node012:31288:0]         mxm.c:196  MXM  WARN  The 'ulimit -s' on the system is set to 'unlimited'. This may have negative performance implications. Please set the stack size to the default value (10240) 
[1469004048.789303] [node012:31288:0]         sys.c:744  MXM  WARN  Conflicting CPU frequencies detected, using: 1957.78
[1469004048.817541] [node012:31288:0]         mxm.c:196  MXM  WARN  The 'ulimit -s' on the system is set to 'unlimited'. This may have negative performance implications. Please set the stack size to the default value (10240) 
[1469004048.850071] [node013:7671 :0]         mxm.c:196  MXM  WARN  The 'ulimit -s' on the system is set to 'unlimited'. This may have negative performance implications. Please set the stack size to the default value (10240) 
[1469004048.852763] [node015:21280:0]         mxm.c:196  MXM  WARN  The 'ulimit -s' on the system is set to 'unlimited'. This may have negative performance implications. Please set the stack size to the default value (10240) 
[1469004048.865011] [node012:31288:0]         mxm.c:196  MXM  WARN  The 'ulimit -s' on the system is set to 'unlimited'. This may have negative performance implications. Please set the stack size to the default value (10240) 
[1469004048.842429] [node012:31288:0]         mxm.c:196  MXM  WARN  The 'ulimit -s' on the system is set to 'unlimited'. This may have negative performance implications. Please set the stack size to the default value (10240) 
[1469004048.802324] [node015:21280:0]         sys.c:744  MXM  WARN  Conflicting CPU frequencies detected, using: 1778.72
[1469004048.840662] [node015:21280:0]         mxm.c:196  MXM  WARN  The 'ulimit -s' on the system is set to 'unlimited'. This may have negative performance implications. Please set the stack size to the default value (10240) 
[1469004048.846035] [node013:7671 :0]         mxm.c:196  MXM  WARN  The 'ulimit -s' on the system is set to 'unlimited'. This may have negative performance implications. Please set the stack size to the default value (10240) 
[1469004048.846446] [node012:31288:0]         mxm.c:196  MXM  WARN  The 'ulimit -s' on the system is set to 'unlimited'. This may have negative performance implications. Please set the stack size to the default value (10240) 
[1469004048.889112] [node015:21280:0]         mxm.c:196  MXM  WARN  The 'ulimit -s' on the system is set to 'unlimited'. This may have negative performance implications. Please set the stack size to the default value (10240) 
[1469004048.851598] [node013:7671 :0]         mxm.c:196  MXM  WARN  The 'ulimit -s' on the system is set to 'unlimited'. This may have negative performance implications. Please set the stack size to the default value (10240) 
[1469004048.876191] [node013:7671 :0]         mxm.c:196  MXM  WARN  The 'ulimit -s' on the system is set to 'unlimited'. This may have negative performance implications. Please set the stack size to the default value (10240) 
[1469004048.875410] [node012:31288:0]         mxm.c:196  MXM  WARN  The 'ulimit -s' on the system is set to 'unlimited'. This may have negative performance implications. Please set the stack size to the default value (10240) 
[1469004048.861000] [node015:21280:0]         mxm.c:196  MXM  WARN  The 'ulimit -s' on the system is set to 'unlimited'. This may have negative performance implications. Please set the stack size to the default value (10240) 
[1469004048.853837] [node011:7384 :0]         mxm.c:196  MXM  WARN  The 'ulimit -s' on the system is set to 'unlimited'. This may have negative performance implications. Please set the stack size to the default value (10240) 
[1469004048.864153] [node009:8802 :0]         mxm.c:196  MXM  WARN  The 'ulimit -s' on the system is set to 'unlimited'. This may have negative performance implications. Please set the stack size to the default value (10240) 
[1469004048.789303] [node012:31288:0]         sys.c:744  MXM  WARN  Conflicting CPU frequencies detected, using: 1957.78
[1469004048.833712] [node012:31288:0]         mxm.c:196  MXM  WARN  The 'ulimit -s' on the system is set to 'unlimited'. This may have negative performance implications. Please set the stack size to the default value (10240) 
[1469004048.873420] [node015:21280:0]         mxm.c:196  MXM  WARN  The 'ulimit -s' on the system is set to 'unlimited'. This may have negative performance implications. Please set the stack size to the default value (10240) 
[1469004048.870742] [node015:21280:0]         mxm.c:196  MXM  WARN  The 'ulimit -s' on the system is set to 'unlimited'. This may have negative performance implications. Please set the stack size to the default value (10240) 
[1469004048.849313] [node013:7671 :0]         mxm.c:196  MXM  WARN  The 'ulimit -s' on the system is set to 'unlimited'. This may have negative performance implications. Please set the stack size to the default value (10240) 
[1469004048.852938] [node012:31288:0]         mxm.c:196  MXM  WARN  The 'ulimit -s' on the system is set to 'unlimited'. This may have negative performance implications. Please set the stack size to the default value (10240) 
[1469004048.859187] [node012:31288:0]         mxm.c:196  MXM  WARN  The 'ulimit -s' on the system is set to 'unlimited'. This may have negative performance implications. Please set the stack size to the default value (10240) 
[1469004048.802324] [node015:21280:0]         sys.c:744  MXM  WARN  Conflicting CPU frequencies detected, using: 1778.72
[1469004048.832712] [node015:21280:0]         mxm.c:196  MXM  WARN  The 'ulimit -s' on the system is set to 'unlimited'. This may have negative performance implications. Please set the stack size to the default value (10240) 
[1469004048.867772] [node013:7671 :0]         mxm.c:196  MXM  WARN  The 'ulimit -s' on the system is set to 'unlimited'. This may have negative performance implications. Please set the stack size to the default value (10240) 
[1469004048.862405] [node009:8802 :0]         mxm.c:196  MXM  WARN  The 'ulimit -s' on the system is set to 'unlimited'. This may have negative performance implications. Please set the stack size to the default value (10240) 
[1469004048.874039] [node011:7384 :0]         mxm.c:196  MXM  WARN  The 'ulimit -s' on the system is set to 'unlimited'. This may have negative performance implications. Please set the stack size to the default value (10240) 
[1469004048.865097] [node015:21280:0]         mxm.c:196  MXM  WARN  The 'ulimit -s' on the system is set to 'unlimited'. This may have negative performance implications. Please set the stack size to the default value (10240) 
[1469004048.865845] [node009:8802 :0]         mxm.c:196  MXM  WARN  The 'ulimit -s' on the system is set to 'unlimited'. This may have negative performance implications. Please set the stack size to the default value (10240) 
[1469004048.794294] [node011:7384 :0]         sys.c:744  MXM  WARN  Conflicting CPU frequencies detected, using: 1896.66
[1469004048.823306] [node011:7384 :0]         mxm.c:196  MXM  WARN  The 'ulimit -s' on the system is set to 'unlimited'. This may have negative performance implications. Please set the stack size to the default value (10240) 
[1469004048.791362] [node013:7671 :0]         sys.c:744  MXM  WARN  Conflicting CPU frequencies detected, using: 1794.84
[1469004048.810899] [node013:7671 :0]         mxm.c:196  MXM  WARN  The 'ulimit -s' on the system is set to 'unlimited'. This may have negative performance implications. Please set the stack size to the default value (10240) 
[1469004048.846747] [node013:7671 :0]         mxm.c:196  MXM  WARN  The 'ulimit -s' on the system is set to 'unlimited'. This may have negative performance implications. Please set the stack size to the default value (10240) 
[1469004048.857478] [node013:7671 :0]         mxm.c:196  MXM  WARN  The 'ulimit -s' on the system is set to 'unlimited'. This may have negative performance implications. Please set the stack size to the default value (10240) 
[1469004048.863177] [node009:8802 :0]         mxm.c:196  MXM  WARN  The 'ulimit -s' on the system is set to 'unlimited'. This may have negative performance implications. Please set the stack size to the default value (10240) 
[1469004048.860334] [node011:7384 :0]         mxm.c:196  MXM  WARN  The 'ulimit -s' on the system is set to 'unlimited'. This may have negative performance implications. Please set the stack size to the default value (10240) 
[1469004048.891807] [node012:31288:0]         mxm.c:196  MXM  WARN  The 'ulimit -s' on the system is set to 'unlimited'. This may have negative performance implications. Please set the stack size to the default value (10240) 
[1469004048.881200] [node015:21280:0]         mxm.c:196  MXM  WARN  The 'ulimit -s' on the system is set to 'unlimited'. This may have negative performance implications. Please set the stack size to the default value (10240) 
[1469004048.869710] [node011:7384 :0]         mxm.c:196  MXM  WARN  The 'ulimit -s' on the system is set to 'unlimited'. This may have negative performance implications. Please set the stack size to the default value (10240) 
[1469004048.891830] [node012:31288:0]         mxm.c:196  MXM  WARN  The 'ulimit -s' on the system is set to 'unlimited'. This may have negative performance implications. Please set the stack size to the default value (10240) 
[1469004048.855360] [node011:7384 :0]         mxm.c:196  MXM  WARN  The 'ulimit -s' on the system is set to 'unlimited'. This may have negative performance implications. Please set the stack size to the default value (10240) 
[1469004048.862166] [node011:7384 :0]         mxm.c:196  MXM  WARN  The 'ulimit -s' on the system is set to 'unlimited'. This may have negative performance implications. Please set the stack size to the default value (10240) 
[1469004048.856403] [node012:31288:0]         mxm.c:196  MXM  WARN  The 'ulimit -s' on the system is set to 'unlimited'. This may have negative performance implications. Please set the stack size to the default value (10240) 
[1469004048.847800] [node013:7671 :0]         mxm.c:196  MXM  WARN  The 'ulimit -s' on the system is set to 'unlimited'. This may have negative performance implications. Please set the stack size to the default value (10240) 
[1469004048.852192] [node012:31288:0]         mxm.c:196  MXM  WARN  The 'ulimit -s' on the system is set to 'unlimited'. This may have negative performance implications. Please set the stack size to the default value (10240) 
[1469004048.853346] [node013:7671 :0]         mxm.c:196  MXM  WARN  The 'ulimit -s' on the system is set to 'unlimited'. This may have negative performance implications. Please set the stack size to the default value (10240) 
[1469004048.875427] [node013:7671 :0]         mxm.c:196  MXM  WARN  The 'ulimit -s' on the system is set to 'unlimited'. This may have negative performance implications. Please set the stack size to the default value (10240) 
[1469004048.877585] [node015:21280:0]         mxm.c:196  MXM  WARN  The 'ulimit -s' on the system is set to 'unlimited'. This may have negative performance implications. Please set the stack size to the default value (10240) 
[1469004048.866613] [node009:8802 :0]         mxm.c:196  MXM  WARN  The 'ulimit -s' on the system is set to 'unlimited'. This may have negative performance implications. Please set the stack size to the default value (10240) 
[1469004048.897354] [node015:21280:0]         mxm.c:196  MXM  WARN  The 'ulimit -s' on the system is set to 'unlimited'. This may have negative performance implications. Please set the stack size to the default value (10240) 
[1469004048.863557] [node015:21280:0]         mxm.c:196  MXM  WARN  The 'ulimit -s' on the system is set to 'unlimited'. This may have negative performance implications. Please set the stack size to the default value (10240) 
[1469004048.869056] [node009:8802 :0]         mxm.c:196  MXM  WARN  The 'ulimit -s' on the system is set to 'unlimited'. This may have negative performance implications. Please set the stack size to the default value (10240) 
[1469004048.903214] [node011:7384 :0]         mxm.c:196  MXM  WARN  The 'ulimit -s' on the system is set to 'unlimited'. This may have negative performance implications. Please set the stack size to the default value (10240) 
[1469004048.872352] [node009:8802 :0]         mxm.c:196  MXM  WARN  The 'ulimit -s' on the system is set to 'unlimited'. This may have negative performance implications. Please set the stack size to the default value (10240) 
[1469004048.884168] [node013:7671 :0]         mxm.c:196  MXM  WARN  The 'ulimit -s' on the system is set to 'unlimited'. This may have negative performance implications. Please set the stack size to the default value (10240) 
[1469004048.857022] [node011:7384 :0]         mxm.c:196  MXM  WARN  The 'ulimit -s' on the system is set to 'unlimited'. This may have negative performance implications. Please set the stack size to the default value (10240) 
[1469004048.899889] [node015:21280:0]         mxm.c:196  MXM  WARN  The 'ulimit -s' on the system is set to 'unlimited'. This may have negative performance implications. Please set the stack size to the default value (10240) 
[1469004048.860872] [node009:8802 :0]         mxm.c:196  MXM  WARN  The 'ulimit -s' on the system is set to 'unlimited'. This may have negative performance implications. Please set the stack size to the default value (10240) 
[1469004048.877415] [node009:8802 :0]         mxm.c:196  MXM  WARN  The 'ulimit -s' on the system is set to 'unlimited'. This may have negative performance implications. Please set the stack size to the default value (10240) 
[1469004048.875808] [node009:8802 :0]         mxm.c:196  MXM  WARN  The 'ulimit -s' on the system is set to 'unlimited'. This may have negative performance implications. Please set the stack size to the default value (10240) 
[1469004048.886981] [node009:8802 :0]         mxm.c:196  MXM  WARN  The 'ulimit -s' on the system is set to 'unlimited'. This may have negative performance implications. Please set the stack size to the default value (10240) 
UPCR: UPC thread   3 of 128 on node008 (pshm node 0 of 8, process   3 of 128, pid=25289)
UPCR: UPC thread   6 of 128 on node008 (pshm node 0 of 8, process   6 of 128, pid=25293)
UPCR: UPC thread  11 of 128 on node008 (pshm node 0 of 8, process  11 of 128, pid=25305)
UPCR: UPC thread   1 of 128 on node008 (pshm node 0 of 8, process   1 of 128, pid=25287)
UPCR: UPC thread  15 of 128 on node008 (pshm node 0 of 8, process  15 of 128, pid=25311)
UPCR: UPC thread  12 of 128 on node008 (pshm node 0 of 8, process  12 of 128, pid=25306)
UPCR: UPC thread  14 of 128 on node008 (pshm node 0 of 8, process  14 of 128, pid=25310)
UPCR: UPC thread   8 of 128 on node008 (pshm node 0 of 8, process   8 of 128, pid=25297)
UPCR: UPC thread   2 of 128 on node008 (pshm node 0 of 8, process   2 of 128, pid=25288)
UPCR: UPC thread  13 of 128 on node008 (pshm node 0 of 8, process  13 of 128, pid=25308)
UPCR: UPC thread   5 of 128 on node008 (pshm node 0 of 8, process   5 of 128, pid=25291)
UPCR: UPC thread  10 of 128 on node008 (pshm node 0 of 8, process  10 of 128, pid=25302)
UPCR: UPC thread   4 of 128 on node008 (pshm node 0 of 8, process   4 of 128, pid=25290)
UPCR: UPC thread  80 of 128 on node013 (pshm node 5 of 8, process  80 of 128, pid=7713)
UPCR: UPC thread  95 of 128 on node013 (pshm node 5 of 8, process  95 of 128, pid=7740)
UPCR: UPC thread  84 of 128 on node013 (pshm node 5 of 8, process  84 of 128, pid=7717)
UPCR: UPC thread  82 of 128 on node013 (pshm node 5 of 8, process  82 of 128, pid=7715)
UPCR: UPC thread  89 of 128 on node013 (pshm node 5 of 8, process  89 of 128, pid=7727)
UPCR: UPC thread  90 of 128 on node013 (pshm node 5 of 8, process  90 of 128, pid=7729)
UPCR: UPC thread  81 of 128 on node013 (pshm node 5 of 8, process  81 of 128, pid=7714)
UPCR: UPC thread  83 of 128 on node013 (pshm node 5 of 8, process  83 of 128, pid=7716)
UPCR: UPC thread  93 of 128 on node013 (pshm node 5 of 8, process  93 of 128, pid=7735)
UPCR: UPC thread  91 of 128 on node013 (pshm node 5 of 8, process  91 of 128, pid=7731)
UPCR: UPC thread  92 of 128 on node013 (pshm node 5 of 8, process  92 of 128, pid=7734)
UPCR: UPC thread  85 of 128 on node013 (pshm node 5 of 8, process  85 of 128, pid=7719)
UPCR: UPC thread   7 of 128 on node008 (pshm node 0 of 8, process   7 of 128, pid=25295)
UPCR: UPC thread  23 of 128 on node009 (pshm node 1 of 8, process  23 of 128, pid=8853)
UPCR: UPC thread  28 of 128 on node009 (pshm node 1 of 8, process  28 of 128, pid=8864)
UPCR: UPC thread  16 of 128 on node009 (pshm node 1 of 8, process  16 of 128, pid=8844)
UPCR: UPC thread 126 of 128 on node015 (pshm node 7 of 8, process 126 of 128, pid=21346)
UPCR: UPC thread 118 of 128 on node015 (pshm node 7 of 8, process 118 of 128, pid=21330)
UPCR: UPC thread 119 of 128 on node015 (pshm node 7 of 8, process 119 of 128, pid=21332)
UPCR: UPC thread  55 of 128 on node011 (pshm node 3 of 8, process  55 of 128, pid=7434)
UPCR: UPC thread  62 of 128 on node011 (pshm node 3 of 8, process  62 of 128, pid=7450)
UPCR: UPC thread  56 of 128 on node011 (pshm node 3 of 8, process  56 of 128, pid=7438)
UPCR: UPC thread  50 of 128 on node011 (pshm node 3 of 8, process  50 of 128, pid=7428)
UPCR: UPC thread  49 of 128 on node011 (pshm node 3 of 8, process  49 of 128, pid=7427)
UPCR: UPC thread 112 of 128 on node015 (pshm node 7 of 8, process 112 of 128, pid=21322)
UPCR: UPC thread 115 of 128 on node015 (pshm node 7 of 8, process 115 of 128, pid=21325)
UPCR: UPC thread 114 of 128 on node015 (pshm node 7 of 8, process 114 of 128, pid=21324)
UPCR: UPC thread 117 of 128 on node015 (pshm node 7 of 8, process 117 of 128, pid=21328)
UPCR: UPC thread 120 of 128 on node015 (pshm node 7 of 8, process 120 of 128, pid=21335)
UPCR: UPC thread 125 of 128 on node015 (pshm node 7 of 8, process 125 of 128, pid=21344)
UPCR: UPC thread  32 of 128 on node010 (pshm node 2 of 8, process  32 of 128, pid=26745)
UPCR: UPC thread  40 of 128 on node010 (pshm node 2 of 8, process  40 of 128, pid=26758)
UPCR: UPC thread  39 of 128 on node010 (pshm node 2 of 8, process  39 of 128, pid=26755)
UPCR: UPC thread  36 of 128 on node010 (pshm node 2 of 8, process  36 of 128, pid=26749)
UPCR: UPC thread  45 of 128 on node010 (pshm node 2 of 8, process  45 of 128, pid=26767)
UPCR: UPC thread  43 of 128 on node010 (pshm node 2 of 8, process  43 of 128, pid=26763)
UPCR: UPC thread  46 of 128 on node010 (pshm node 2 of 8, process  46 of 128, pid=26769)
UPCR: UPC thread  41 of 128 on node010 (pshm node 2 of 8, process  41 of 128, pid=26759)
UPCR: UPC thread  96 of 128 on node014 (pshm node 6 of 8, process  96 of 128, pid=10499)
UPCR: UPC thread  97 of 128 on node014 (pshm node 6 of 8, process  97 of 128, pid=10500)
UPCR: UPC thread 102 of 128 on node014 (pshm node 6 of 8, process 102 of 128, pid=10506)
UPCR: UPC thread 100 of 128 on node014 (pshm node 6 of 8, process 100 of 128, pid=10503)
UPCR: UPC thread 104 of 128 on node014 (pshm node 6 of 8, process 104 of 128, pid=10511)
UPCR: UPC thread 103 of 128 on node014 (pshm node 6 of 8, process 103 of 128, pid=10509)
UPCR: UPC thread 108 of 128 on node014 (pshm node 6 of 8, process 108 of 128, pid=10519)
UPCR: UPC thread 106 of 128 on node014 (pshm node 6 of 8, process 106 of 128, pid=10515)
UPCR: UPC thread 107 of 128 on node014 (pshm node 6 of 8, process 107 of 128, pid=10517)
UPCR: UPC thread 101 of 128 on node014 (pshm node 6 of 8, process 101 of 128, pid=10505)
UPCR: UPC thread  19 of 128 on node009 (pshm node 1 of 8, process  19 of 128, pid=8847)
UPCR: UPC thread  24 of 128 on node009 (pshm node 1 of 8, process  24 of 128, pid=8856)
UPCR: UPC thread  26 of 128 on node009 (pshm node 1 of 8, process  26 of 128, pid=8860)
UPCR: UPC thread  29 of 128 on node009 (pshm node 1 of 8, process  29 of 128, pid=8866)
UPCR: UPC thread  30 of 128 on node009 (pshm node 1 of 8, process  30 of 128, pid=8868)
UPCR: UPC thread  17 of 128 on node009 (pshm node 1 of 8, process  17 of 128, pid=8845)
UPCR: UPC thread  52 of 128 on node011 (pshm node 3 of 8, process  52 of 128, pid=7430)
UPCR: UPC thread  57 of 128 on node011 (pshm node 3 of 8, process  57 of 128, pid=7440)
UPCR: UPC thread  54 of 128 on node011 (pshm node 3 of 8, process  54 of 128, pid=7433)
UPCR: UPC thread  61 of 128 on node011 (pshm node 3 of 8, process  61 of 128, pid=7448)
UPCR: UPC thread  59 of 128 on node011 (pshm node 3 of 8, process  59 of 128, pid=7445)
UPCR: UPC thread  53 of 128 on node011 (pshm node 3 of 8, process  53 of 128, pid=7432)
UPCR: UPC thread  58 of 128 on node011 (pshm node 3 of 8, process  58 of 128, pid=7442)
UPCR: UPC thread  63 of 128 on node011 (pshm node 3 of 8, process  63 of 128, pid=7451)
UPCR: UPC thread  94 of 128 on node013 (pshm node 5 of 8, process  94 of 128, pid=7737)
UPCR: UPC thread  86 of 128 on node013 (pshm node 5 of 8, process  86 of 128, pid=7721)
UPCR: UPC thread  87 of 128 on node013 (pshm node 5 of 8, process  87 of 128, pid=7723)
UPCR: UPC thread  88 of 128 on node013 (pshm node 5 of 8, process  88 of 128, pid=7725)
UPCR: UPC thread 111 of 128 on node014 (pshm node 6 of 8, process 111 of 128, pid=10526)
UPCR: UPC thread  98 of 128 on node014 (pshm node 6 of 8, process  98 of 128, pid=10501)
UPCR: UPC thread 110 of 128 on node014 (pshm node 6 of 8, process 110 of 128, pid=10522)
UPCR: UPC thread 105 of 128 on node014 (pshm node 6 of 8, process 105 of 128, pid=10512)
UPCR: UPC thread  99 of 128 on node014 (pshm node 6 of 8, process  99 of 128, pid=10502)
UPCR: UPC thread 109 of 128 on node014 (pshm node 6 of 8, process 109 of 128, pid=10521)
UPCR: UPC thread 116 of 128 on node015 (pshm node 7 of 8, process 116 of 128, pid=21326)
UPCR: UPC thread 124 of 128 on node015 (pshm node 7 of 8, process 124 of 128, pid=21342)
UPCR: UPC thread 122 of 128 on node015 (pshm node 7 of 8, process 122 of 128, pid=21339)
UPCR: UPC thread 123 of 128 on node015 (pshm node 7 of 8, process 123 of 128, pid=21340)
UPCR: UPC thread 113 of 128 on node015 (pshm node 7 of 8, process 113 of 128, pid=21323)
UPCR: UPC thread 127 of 128 on node015 (pshm node 7 of 8, process 127 of 128, pid=21348)
UPCR: UPC thread 121 of 128 on node015 (pshm node 7 of 8, process 121 of 128, pid=21336)
UPCR: UPC thread  34 of 128 on node010 (pshm node 2 of 8, process  34 of 128, pid=26747)
UPCR: UPC thread  47 of 128 on node010 (pshm node 2 of 8, process  47 of 128, pid=26771)
UPCR: UPC thread  33 of 128 on node010 (pshm node 2 of 8, process  33 of 128, pid=26746)
UPCR: UPC thread  51 of 128 on node011 (pshm node 3 of 8, process  51 of 128, pid=7429)
UPCR: UPC thread  48 of 128 on node011 (pshm node 3 of 8, process  48 of 128, pid=7426)
UPCR: UPC thread  60 of 128 on node011 (pshm node 3 of 8, process  60 of 128, pid=7446)
UPCR: UPC thread  21 of 128 on node009 (pshm node 1 of 8, process  21 of 128, pid=8849)
UPCR: UPC thread  20 of 128 on node009 (pshm node 1 of 8, process  20 of 128, pid=8848)
UPCR: UPC thread  18 of 128 on node009 (pshm node 1 of 8, process  18 of 128, pid=8846)
UPCR: UPC thread  22 of 128 on node009 (pshm node 1 of 8, process  22 of 128, pid=8852)
UPCR: UPC thread  25 of 128 on node009 (pshm node 1 of 8, process  25 of 128, pid=8858)
UPCR: UPC thread  31 of 128 on node009 (pshm node 1 of 8, process  31 of 128, pid=8869)
UPCR: UPC thread  27 of 128 on node009 (pshm node 1 of 8, process  27 of 128, pid=8862)
UPCR: UPC thread  64 of 128 on node012 (pshm node 4 of 8, process  64 of 128, pid=31330)
UPCR: UPC thread  73 of 128 on node012 (pshm node 4 of 8, process  73 of 128, pid=31344)
UPCR: UPC thread  65 of 128 on node012 (pshm node 4 of 8, process  65 of 128, pid=31331)
UPCR: UPC thread  77 of 128 on node012 (pshm node 4 of 8, process  77 of 128, pid=31351)
UPCR: UPC thread  72 of 128 on node012 (pshm node 4 of 8, process  72 of 128, pid=31341)
UPCR: UPC thread  68 of 128 on node012 (pshm node 4 of 8, process  68 of 128, pid=31334)
UPCR: UPC thread  76 of 128 on node012 (pshm node 4 of 8, process  76 of 128, pid=31350)
UPCR: UPC thread  74 of 128 on node012 (pshm node 4 of 8, process  74 of 128, pid=31345)
UPCR: UPC thread  67 of 128 on node012 (pshm node 4 of 8, process  67 of 128, pid=31333)
UPCR: UPC thread  75 of 128 on node012 (pshm node 4 of 8, process  75 of 128, pid=31348)
UPCR: UPC thread  71 of 128 on node012 (pshm node 4 of 8, process  71 of 128, pid=31339)
UPCR: UPC thread  70 of 128 on node012 (pshm node 4 of 8, process  70 of 128, pid=31337)
UPCR: UPC thread  79 of 128 on node012 (pshm node 4 of 8, process  79 of 128, pid=31355)
UPCR: UPC thread  69 of 128 on node012 (pshm node 4 of 8, process  69 of 128, pid=31335)
UPCR: UPC thread   9 of 128 on node008 (pshm node 0 of 8, process   9 of 128, pid=25299)
UPCR: UPC thread   0 of 128 on node008 (pshm node 0 of 8, process   0 of 128, pid=25286)
UPCR: UPC thread  35 of 128 on node010 (pshm node 2 of 8, process  35 of 128, pid=26748)
UPCR: UPC thread  42 of 128 on node010 (pshm node 2 of 8, process  42 of 128, pid=26760)
UPCR: UPC thread  44 of 128 on node010 (pshm node 2 of 8, process  44 of 128, pid=26765)
UPCR: UPC thread  38 of 128 on node010 (pshm node 2 of 8, process  38 of 128, pid=26753)
UPCR: UPC thread  37 of 128 on node010 (pshm node 2 of 8, process  37 of 128, pid=26751)
UPCR: UPC thread  66 of 128 on node012 (pshm node 4 of 8, process  66 of 128, pid=31332)
UPCR: UPC thread  78 of 128 on node012 (pshm node 4 of 8, process  78 of 128, pid=31354)
using a cache granularity of 8
using linear probing in the BDD table
using a memoization table of 2^25 = 33554432 entries (~1280 MB) per thread
using a BDD table of 2^26 = 67108864 entries (~1536 MB) per thread
Initializing /home/oortwijn/distdd/models/petrinets/lamport_fmea-5.bdd!
vector size: 174
bits per integer: 4
number of BDD variables: 696
Loading initial states: 
Initial states loaded... 
Loading transition relations... 
174 integers per state, 4 bits per integer, 318 transition groups
BDD nodes:
Initial states: 696 BDD nodes
Transition 0: 72 BDD nodes
Transition 1: 72 BDD nodes
Transition 2: 48 BDD nodes
Transition 3: 48 BDD nodes
Transition 4: 48 BDD nodes
Transition 5: 48 BDD nodes
Transition 6: 48 BDD nodes
Transition 7: 48 BDD nodes
Transition 8: 48 BDD nodes
Transition 9: 48 BDD nodes
Transition 10: 48 BDD nodes
Transition 11: 48 BDD nodes
Transition 12: 0 BDD nodes
Transition 13: 0 BDD nodes
Transition 14: 48 BDD nodes
Transition 15: 48 BDD nodes
Transition 16: 48 BDD nodes
Transition 17: 48 BDD nodes
Transition 18: 48 BDD nodes
Transition 19: 0 BDD nodes
Transition 20: 48 BDD nodes
Transition 21: 48 BDD nodes
Transition 22: 48 BDD nodes
Transition 23: 48 BDD nodes
Transition 24: 48 BDD nodes
Transition 25: 0 BDD nodes
Transition 26: 72 BDD nodes
Transition 27: 48 BDD nodes
Transition 28: 48 BDD nodes
Transition 29: 48 BDD nodes
Transition 30: 48 BDD nodes
Transition 31: 48 BDD nodes
Transition 32: 0 BDD nodes
Transition 33: 72 BDD nodes
Transition 34: 0 BDD nodes
Transition 35: 0 BDD nodes
Transition 36: 0 BDD nodes
Transition 37: 0 BDD nodes
Transition 38: 0 BDD nodes
Transition 39: 0 BDD nodes
Transition 40: 72 BDD nodes
Transition 41: 72 BDD nodes
Transition 42: 72 BDD nodes
Transition 43: 72 BDD nodes
Transition 44: 0 BDD nodes
Transition 45: 72 BDD nodes
Transition 46: 72 BDD nodes
Transition 47: 0 BDD nodes
Transition 48: 40 BDD nodes
Transition 49: 48 BDD nodes
Transition 50: 40 BDD nodes
Transition 51: 48 BDD nodes
Transition 52: 40 BDD nodes
Transition 53: 48 BDD nodes
Transition 54: 40 BDD nodes
Transition 55: 48 BDD nodes
Transition 56: 40 BDD nodes
Transition 57: 48 BDD nodes
Transition 58: 0 BDD nodes
Transition 59: 0 BDD nodes
Transition 60: 40 BDD nodes
Transition 61: 40 BDD nodes
Transition 62: 40 BDD nodes
Transition 63: 40 BDD nodes
Transition 64: 40 BDD nodes
Transition 65: 40 BDD nodes
Transition 66: 40 BDD nodes
Transition 67: 40 BDD nodes
Transition 68: 40 BDD nodes
Transition 69: 40 BDD nodes
Transition 70: 0 BDD nodes
Transition 71: 0 BDD nodes
Transition 72: 0 BDD nodes
Transition 73: 0 BDD nodes
Transition 74: 0 BDD nodes
Transition 75: 48 BDD nodes
Transition 76: 0 BDD nodes
Transition 77: 0 BDD nodes
Transition 78: 0 BDD nodes
Transition 79: 0 BDD nodes
Transition 80: 0 BDD nodes
Transition 81: 48 BDD nodes
Transition 82: 40 BDD nodes
Transition 83: 40 BDD nodes
Transition 84: 40 BDD nodes
Transition 85: 40 BDD nodes
Transition 86: 0 BDD nodes
Transition 87: 40 BDD nodes
Transition 88: 48 BDD nodes
Transition 89: 48 BDD nodes
Transition 90: 48 BDD nodes
Transition 91: 48 BDD nodes
Transition 92: 48 BDD nodes
Transition 93: 0 BDD nodes
Transition 94: 40 BDD nodes
Transition 95: 40 BDD nodes
Transition 96: 40 BDD nodes
Transition 97: 40 BDD nodes
Transition 98: 0 BDD nodes
Transition 99: 40 BDD nodes
Transition 100: 48 BDD nodes
Transition 101: 48 BDD nodes
Transition 102: 48 BDD nodes
Transition 103: 48 BDD nodes
Transition 104: 48 BDD nodes
Transition 105: 0 BDD nodes
Transition 106: 40 BDD nodes
Transition 107: 40 BDD nodes
Transition 108: 40 BDD nodes
Transition 109: 40 BDD nodes
Transition 110: 0 BDD nodes
Transition 111: 48 BDD nodes
Transition 112: 48 BDD nodes
Transition 113: 40 BDD nodes
Transition 114: 48 BDD nodes
Transition 115: 48 BDD nodes
Transition 116: 48 BDD nodes
Transition 117: 0 BDD nodes
Transition 118: 40 BDD nodes
Transition 119: 40 BDD nodes
Transition 120: 40 BDD nodes
Transition 121: 40 BDD nodes
Transition 122: 0 BDD nodes
Transition 123: 48 BDD nodes
Transition 124: 48 BDD nodes
Transition 125: 48 BDD nodes
Transition 126: 40 BDD nodes
Transition 127: 48 BDD nodes
Transition 128: 48 BDD nodes
Transition 129: 0 BDD nodes
Transition 130: 0 BDD nodes
Transition 131: 48 BDD nodes
Transition 132: 40 BDD nodes
Transition 133: 40 BDD nodes
Transition 134: 40 BDD nodes
Transition 135: 40 BDD nodes
Transition 136: 0 BDD nodes
Transition 137: 48 BDD nodes
Transition 138: 48 BDD nodes
Transition 139: 48 BDD nodes
Transition 140: 48 BDD nodes
Transition 141: 40 BDD nodes
Transition 142: 48 BDD nodes
Transition 143: 0 BDD nodes
Transition 144: 0 BDD nodes
Transition 145: 48 BDD nodes
Transition 146: 0 BDD nodes
Transition 147: 48 BDD nodes
Transition 148: 0 BDD nodes
Transition 149: 48 BDD nodes
Transition 150: 0 BDD nodes
Transition 151: 48 BDD nodes
Transition 152: 0 BDD nodes
Transition 153: 0 BDD nodes
Transition 154: 0 BDD nodes
Transition 155: 48 BDD nodes
Transition 156: 0 BDD nodes
Transition 157: 48 BDD nodes
Transition 158: 0 BDD nodes
Transition 159: 48 BDD nodes
Transition 160: 0 BDD nodes
Transition 161: 0 BDD nodes
Transition 162: 0 BDD nodes
Transition 163: 48 BDD nodes
Transition 164: 48 BDD nodes
Transition 165: 48 BDD nodes
Transition 166: 48 BDD nodes
Transition 167: 48 BDD nodes
Transition 168: 0 BDD nodes
Transition 169: 48 BDD nodes
Transition 170: 48 BDD nodes
Transition 171: 48 BDD nodes
Transition 172: 48 BDD nodes
Transition 173: 48 BDD nodes
Transition 174: 0 BDD nodes
Transition 175: 0 BDD nodes
Transition 176: 0 BDD nodes
Transition 177: 0 BDD nodes
Transition 178: 0 BDD nodes
Transition 179: 0 BDD nodes
Transition 180: 0 BDD nodes
Transition 181: 48 BDD nodes
Transition 182: 48 BDD nodes
Transition 183: 48 BDD nodes
Transition 184: 48 BDD nodes
Transition 185: 48 BDD nodes
Transition 186: 0 BDD nodes
Transition 187: 48 BDD nodes
Transition 188: 48 BDD nodes
Transition 189: 48 BDD nodes
Transition 190: 48 BDD nodes
Transition 191: 48 BDD nodes
Transition 192: 0 BDD nodes
Transition 193: 48 BDD nodes
Transition 194: 0 BDD nodes
Transition 195: 48 BDD nodes
Transition 196: 48 BDD nodes
Transition 197: 48 BDD nodes
Transition 198: 48 BDD nodes
Transition 199: 48 BDD nodes
Transition 200: 0 BDD nodes
Transition 201: 40 BDD nodes
Transition 202: 40 BDD nodes
Transition 203: 40 BDD nodes
Transition 204: 40 BDD nodes
Transition 205: 40 BDD nodes
Transition 206: 0 BDD nodes
Transition 207: 48 BDD nodes
Transition 208: 40 BDD nodes
Transition 209: 0 BDD nodes
Transition 210: 40 BDD nodes
Transition 211: 40 BDD nodes
Transition 212: 40 BDD nodes
Transition 213: 40 BDD nodes
Transition 214: 0 BDD nodes
Transition 215: 48 BDD nodes
Transition 216: 40 BDD nodes
Transition 217: 40 BDD nodes
Transition 218: 0 BDD nodes
Transition 219: 40 BDD nodes
Transition 220: 40 BDD nodes
Transition 221: 40 BDD nodes
Transition 222: 40 BDD nodes
Transition 223: 40 BDD nodes
Transition 224: 40 BDD nodes
Transition 225: 0 BDD nodes
Transition 226: 40 BDD nodes
Transition 227: 40 BDD nodes
Transition 228: 0 BDD nodes
Transition 229: 48 BDD nodes
Transition 230: 40 BDD nodes
Transition 231: 40 BDD nodes
Transition 232: 40 BDD nodes
Transition 233: 40 BDD nodes
Transition 234: 0 BDD nodes
Transition 235: 40 BDD nodes
Transition 236: 0 BDD nodes
Transition 237: 0 BDD nodes
Transition 238: 0 BDD nodes
Transition 239: 0 BDD nodes
Transition 240: 0 BDD nodes
Transition 241: 0 BDD nodes
Transition 242: 0 BDD nodes
Transition 243: 48 BDD nodes
Transition 244: 0 BDD nodes
Transition 245: 0 BDD nodes
Transition 246: 40 BDD nodes
Transition 247: 40 BDD nodes
Transition 248: 0 BDD nodes
Transition 249: 40 BDD nodes
Transition 250: 40 BDD nodes
Transition 251: 40 BDD nodes
Transition 252: 40 BDD nodes
Transition 253: 40 BDD nodes
Transition 254: 40 BDD nodes
Transition 255: 0 BDD nodes
Transition 256: 40 BDD nodes
Transition 257: 40 BDD nodes
Transition 258: 40 BDD nodes
Transition 259: 40 BDD nodes
Transition 260: 48 BDD nodes
Transition 261: 48 BDD nodes
Transition 262: 40 BDD nodes
Transition 263: 40 BDD nodes
Transition 264: 0 BDD nodes
Transition 265: 40 BDD nodes
Transition 266: 40 BDD nodes
Transition 267: 40 BDD nodes
Transition 268: 40 BDD nodes
Transition 269: 48 BDD nodes
Transition 270: 48 BDD nodes
Transition 271: 48 BDD nodes
Transition 272: 48 BDD nodes
Transition 273: 40 BDD nodes
Transition 274: 40 BDD nodes
Transition 275: 0 BDD nodes
Transition 276: 40 BDD nodes
Transition 277: 40 BDD nodes
Transition 278: 40 BDD nodes
Transition 279: 40 BDD nodes
Transition 280: 48 BDD nodes
Transition 281: 48 BDD nodes
Transition 282: 48 BDD nodes
Transition 283: 48 BDD nodes
Transition 284: 48 BDD nodes
Transition 285: 48 BDD nodes
Transition 286: 40 BDD nodes
Transition 287: 40 BDD nodes
Transition 288: 0 BDD nodes
Transition 289: 40 BDD nodes
Transition 290: 40 BDD nodes
Transition 291: 40 BDD nodes
Transition 292: 40 BDD nodes
Transition 293: 48 BDD nodes
Transition 294: 48 BDD nodes
Transition 295: 48 BDD nodes
Transition 296: 48 BDD nodes
Transition 297: 48 BDD nodes
Transition 298: 48 BDD nodes
Transition 299: 48 BDD nodes
Transition 300: 48 BDD nodes
Transition 301: 0 BDD nodes
Transition 302: 0 BDD nodes
Transition 303: 0 BDD nodes
Transition 304: 0 BDD nodes
Transition 305: 0 BDD nodes
Transition 306: 0 BDD nodes
Transition 307: 0 BDD nodes
Transition 308: 48 BDD nodes
Transition 309: 0 BDD nodes
Transition 310: 48 BDD nodes
Transition 311: 0 BDD nodes
Transition 312: 48 BDD nodes
Transition 313: 0 BDD nodes
Transition 314: 48 BDD nodes
Transition 315: 0 BDD nodes
Transition 316: 48 BDD nodes
Transition 317: 0 BDD nodes
Level 1... done.
Level 2... done.
Level 3... done.
Level 4... done.
Level 5... done.
Level 6... done.
Level 7... done.
Level 8... done.
Level 9... done.
Level 10... done.
Level 11... done.
Level 12... done.
Level 13... done.
Level 14... done.
Level 15... done.
Level 16... done.
Level 17... done.
Level 18... done.
Level 19... done.
Level 20... done.
Level 21... done.
Level 22... done.
Level 23... done.
Level 24... done.
Level 25... done.
Level 26... done.
Level 27... done.
Level 28... done.
Level 29... done.
Level 30... done.
Level 31... done.
Level 32... done.
Level 33... done.
Level 34... done.
Level 35... done.
Level 36... done.
Level 37... done.
Level 38... done.
Level 39... done.
Level 40... done.
Level 41... done.
Level 42... done.
Level 43... done.
Level 44... done.
Level 45... done.
Level 46... done.
Level 47... done.
Level 48... done.
Level 49... done.
Level 50... done.
Level 51... done.
Level 52... done.
Level 53... done.
Level 54... done.
Level 55... done.
Level 56... done.
Level 57... done.
Level 58... done.
Level 59... done.
Level 60... done.
Level 61... done.
Level 62... done.
Level 63... done.
Level 64... done.
Level 65... done.
Level 66... done.
Level 67... done.
Level 68... done.
Level 69... done.
Level 70... done.
Level 71... done.
Level 72... done.
Level 73... done.
Level 74... done.
Level 75... done.
Level 76... done.
Level 77... done.
Level 78... done.
Level 79... done.
Level 80... done.
Level 81... done.
Level 82... done.
Level 83... done.
Level 84... done.
Level 85... done.
Level 86... done.
Level 87... done.
PAR Time: 169.251104
Final states: 530682432 states
Final states: 1231039 BDD nodes
[1469004048.802324] [node015:21280:0]         sys.c:744  MXM  WARN  Conflicting CPU frequencies detected, using: 1778.72
[1469004048.795398] [node010:26703:0]         sys.c:744  MXM  WARN  Conflicting CPU frequencies detected, using: 1895.44
[1469004048.791362] [node013:7671 :0]         sys.c:744  MXM  WARN  Conflicting CPU frequencies detected, using: 1794.84
[1469004048.794294] [node011:7384 :0]         sys.c:744  MXM  WARN  Conflicting CPU frequencies detected, using: 1896.66
[1469004048.806455] [node009:8802 :0]         sys.c:744  MXM  WARN  Conflicting CPU frequencies detected, using: 1698.38
[1469004048.799093] [node014:10456:0]         sys.c:744  MXM  WARN  Conflicting CPU frequencies detected, using: 1483.69
[1469004048.789303] [node012:31288:0]         sys.c:744  MXM  WARN  Conflicting CPU frequencies detected, using: 1957.78
[1469004048.429692] [node008:25278:0]         sys.c:744  MXM  WARN  Conflicting CPU frequencies detected, using: 2278.41
[1469004048.412003] [node008:25234:0]         sys.c:744  MXM  WARN  Conflicting CPU frequencies detected, using: 2098.88
