performing reachability, flags: -n 128 -N 8 -shared-heap 16GB --tablesize=26 --cachesize=25  
This is upcrun, job spawner for the Berkeley UPC compiler (http://upc.lbl.gov).
upcrun version 2.22.2
Network conduits supported by this installation: smp mxm ibv
[1468600383.602501] [node053:19147:0]         sys.c:744  MXM  WARN  Conflicting CPU frequencies detected, using: 1587.09
[1468600383.616109] [node053:19147:0]         mxm.c:196  MXM  WARN  The 'ulimit -s' on the system is set to 'unlimited'. This may have negative performance implications. Please set the stack size to the default value (10240) 
[1468600383.602501] [node053:19147:0]         sys.c:744  MXM  WARN  Conflicting CPU frequencies detected, using: 1587.09
[1468600383.613191] [node053:19147:0]         mxm.c:196  MXM  WARN  The 'ulimit -s' on the system is set to 'unlimited'. This may have negative performance implications. Please set the stack size to the default value (10240) 
[1468600383.602501] [node053:19147:0]         sys.c:744  MXM  WARN  Conflicting CPU frequencies detected, using: 1587.09
[1468600383.614316] [node053:19147:0]         mxm.c:196  MXM  WARN  The 'ulimit -s' on the system is set to 'unlimited'. This may have negative performance implications. Please set the stack size to the default value (10240) 
[1468600383.602501] [node053:19147:0]         sys.c:744  MXM  WARN  Conflicting CPU frequencies detected, using: 1587.09
[1468600383.610591] [node053:19147:0]         mxm.c:196  MXM  WARN  The 'ulimit -s' on the system is set to 'unlimited'. This may have negative performance implications. Please set the stack size to the default value (10240) 
[1468600383.602501] [node053:19147:0]         sys.c:744  MXM  WARN  Conflicting CPU frequencies detected, using: 1587.09
[1468600383.613534] [node053:19147:0]         mxm.c:196  MXM  WARN  The 'ulimit -s' on the system is set to 'unlimited'. This may have negative performance implications. Please set the stack size to the default value (10240) 
[1468600383.602501] [node053:19147:0]         sys.c:744  MXM  WARN  Conflicting CPU frequencies detected, using: 1587.09
[1468600383.612899] [node053:19147:0]         mxm.c:196  MXM  WARN  The 'ulimit -s' on the system is set to 'unlimited'. This may have negative performance implications. Please set the stack size to the default value (10240) 
[1468600383.602501] [node053:19147:0]         sys.c:744  MXM  WARN  Conflicting CPU frequencies detected, using: 1587.09
[1468600383.612572] [node053:19147:0]         mxm.c:196  MXM  WARN  The 'ulimit -s' on the system is set to 'unlimited'. This may have negative performance implications. Please set the stack size to the default value (10240) 
[1468600383.602501] [node053:19147:0]         sys.c:744  MXM  WARN  Conflicting CPU frequencies detected, using: 1587.09
[1468600383.613960] [node053:19147:0]         mxm.c:196  MXM  WARN  The 'ulimit -s' on the system is set to 'unlimited'. This may have negative performance implications. Please set the stack size to the default value (10240) 
[1468600383.602501] [node053:19147:0]         sys.c:744  MXM  WARN  Conflicting CPU frequencies detected, using: 1587.09
[1468600383.615675] [node053:19147:0]         mxm.c:196  MXM  WARN  The 'ulimit -s' on the system is set to 'unlimited'. This may have negative performance implications. Please set the stack size to the default value (10240) 
[1468600383.602501] [node053:19147:0]         sys.c:744  MXM  WARN  Conflicting CPU frequencies detected, using: 1587.09
[1468600383.615954] [node053:19147:0]         mxm.c:196  MXM  WARN  The 'ulimit -s' on the system is set to 'unlimited'. This may have negative performance implications. Please set the stack size to the default value (10240) 
[1468600383.602501] [node053:19147:0]         sys.c:744  MXM  WARN  Conflicting CPU frequencies detected, using: 1587.09
[1468600383.615208] [node053:19147:0]         mxm.c:196  MXM  WARN  The 'ulimit -s' on the system is set to 'unlimited'. This may have negative performance implications. Please set the stack size to the default value (10240) 
[1468600383.602501] [node053:19147:0]         sys.c:744  MXM  WARN  Conflicting CPU frequencies detected, using: 1587.09
[1468600383.614143] [node053:19147:0]         mxm.c:196  MXM  WARN  The 'ulimit -s' on the system is set to 'unlimited'. This may have negative performance implications. Please set the stack size to the default value (10240) 
[1468600383.602501] [node053:19147:0]         sys.c:744  MXM  WARN  Conflicting CPU frequencies detected, using: 1587.09
[1468600383.610338] [node053:19147:0]         mxm.c:196  MXM  WARN  The 'ulimit -s' on the system is set to 'unlimited'. This may have negative performance implications. Please set the stack size to the default value (10240) 
[1468600383.602501] [node053:19147:0]         sys.c:744  MXM  WARN  Conflicting CPU frequencies detected, using: 1587.09
[1468600383.612266] [node053:19147:0]         mxm.c:196  MXM  WARN  The 'ulimit -s' on the system is set to 'unlimited'. This may have negative performance implications. Please set the stack size to the default value (10240) 
[1468600383.602501] [node053:19147:0]         sys.c:744  MXM  WARN  Conflicting CPU frequencies detected, using: 1587.09
[1468600383.614433] [node053:19147:0]         mxm.c:196  MXM  WARN  The 'ulimit -s' on the system is set to 'unlimited'. This may have negative performance implications. Please set the stack size to the default value (10240) 
[1468600383.602501] [node053:19147:0]         sys.c:744  MXM  WARN  Conflicting CPU frequencies detected, using: 1587.09
[1468600383.611298] [node053:19147:0]         mxm.c:196  MXM  WARN  The 'ulimit -s' on the system is set to 'unlimited'. This may have negative performance implications. Please set the stack size to the default value (10240) 
[1468600383.967533] [node055:8424 :0]         sys.c:744  MXM  WARN  Conflicting CPU frequencies detected, using: 1397.44
[1468600383.962282] [node056:3836 :0]         sys.c:744  MXM  WARN  Conflicting CPU frequencies detected, using: 1996.03
[1468600384.008476] [node056:3836 :0]         mxm.c:196  MXM  WARN  The 'ulimit -s' on the system is set to 'unlimited'. This may have negative performance implications. Please set the stack size to the default value (10240) 
[1468600383.962282] [node056:3836 :0]         sys.c:744  MXM  WARN  Conflicting CPU frequencies detected, using: 1996.03
[1468600384.010754] [node056:3836 :0]         mxm.c:196  MXM  WARN  The 'ulimit -s' on the system is set to 'unlimited'. This may have negative performance implications. Please set the stack size to the default value (10240) 
[1468600383.962282] [node056:3836 :0]         sys.c:744  MXM  WARN  Conflicting CPU frequencies detected, using: 1996.03
[1468600384.013365] [node056:3836 :0]         mxm.c:196  MXM  WARN  The 'ulimit -s' on the system is set to 'unlimited'. This may have negative performance implications. Please set the stack size to the default value (10240) 
[1468600383.968485] [node054:17626:0]         sys.c:744  MXM  WARN  Conflicting CPU frequencies detected, using: 1896.00
[1468600384.013401] [node054:17626:0]         mxm.c:196  MXM  WARN  The 'ulimit -s' on the system is set to 'unlimited'. This may have negative performance implications. Please set the stack size to the default value (10240) 
[1468600383.962282] [node056:3836 :0]         sys.c:744  MXM  WARN  Conflicting CPU frequencies detected, using: 1996.03
[1468600383.962282] [node056:3836 :0]         sys.c:744  MXM  WARN  Conflicting CPU frequencies detected, using: 1996.03
[1468600383.962282] [node056:3836 :0]         sys.c:744  MXM  WARN  Conflicting CPU frequencies detected, using: 1996.03
[1468600383.962282] [node056:3836 :0]         sys.c:744  MXM  WARN  Conflicting CPU frequencies detected, using: 1996.03
[1468600383.962282] [node056:3836 :0]         sys.c:744  MXM  WARN  Conflicting CPU frequencies detected, using: 1996.03
[1468600383.962282] [node056:3836 :0]         sys.c:744  MXM  WARN  Conflicting CPU frequencies detected, using: 1996.03
[1468600383.967533] [node055:8424 :0]         sys.c:744  MXM  WARN  Conflicting CPU frequencies detected, using: 1397.44
[1468600384.016248] [node055:8424 :0]         mxm.c:196  MXM  WARN  The 'ulimit -s' on the system is set to 'unlimited'. This may have negative performance implications. Please set the stack size to the default value (10240) 
[1468600383.962282] [node056:3836 :0]         sys.c:744  MXM  WARN  Conflicting CPU frequencies detected, using: 1996.03
[1468600383.962282] [node056:3836 :0]         sys.c:744  MXM  WARN  Conflicting CPU frequencies detected, using: 1996.03
[1468600383.962282] [node056:3836 :0]         sys.c:744  MXM  WARN  Conflicting CPU frequencies detected, using: 1996.03
[1468600383.968485] [node054:17626:0]         sys.c:744  MXM  WARN  Conflicting CPU frequencies detected, using: 1896.00
[1468600383.967533] [node055:8424 :0]         sys.c:744  MXM  WARN  Conflicting CPU frequencies detected, using: 1397.44
[1468600384.018710] [node055:8424 :0]         mxm.c:196  MXM  WARN  The 'ulimit -s' on the system is set to 'unlimited'. This may have negative performance implications. Please set the stack size to the default value (10240) 
[1468600383.967533] [node055:8424 :0]         sys.c:744  MXM  WARN  Conflicting CPU frequencies detected, using: 1397.44
[1468600384.019538] [node055:8424 :0]         mxm.c:196  MXM  WARN  The 'ulimit -s' on the system is set to 'unlimited'. This may have negative performance implications. Please set the stack size to the default value (10240) 
[1468600383.968485] [node054:17626:0]         sys.c:744  MXM  WARN  Conflicting CPU frequencies detected, using: 1896.00
[1468600384.020419] [node054:17626:0]         mxm.c:196  MXM  WARN  The 'ulimit -s' on the system is set to 'unlimited'. This may have negative performance implications. Please set the stack size to the default value (10240) 
[1468600383.967533] [node055:8424 :0]         sys.c:744  MXM  WARN  Conflicting CPU frequencies detected, using: 1397.44
[1468600383.967533] [node055:8424 :0]         sys.c:744  MXM  WARN  Conflicting CPU frequencies detected, using: 1397.44
[1468600383.967533] [node055:8424 :0]         sys.c:744  MXM  WARN  Conflicting CPU frequencies detected, using: 1397.44
[1468600383.967533] [node055:8424 :0]         sys.c:744  MXM  WARN  Conflicting CPU frequencies detected, using: 1397.44
[1468600383.968485] [node054:17626:0]         sys.c:744  MXM  WARN  Conflicting CPU frequencies detected, using: 1896.00
[1468600384.021940] [node054:17626:0]         mxm.c:196  MXM  WARN  The 'ulimit -s' on the system is set to 'unlimited'. This may have negative performance implications. Please set the stack size to the default value (10240) 
[1468600383.968485] [node054:17626:0]         sys.c:744  MXM  WARN  Conflicting CPU frequencies detected, using: 1896.00
[1468600383.968485] [node054:17626:0]         sys.c:744  MXM  WARN  Conflicting CPU frequencies detected, using: 1896.00
[1468600383.968485] [node054:17626:0]         sys.c:744  MXM  WARN  Conflicting CPU frequencies detected, using: 1896.00
[1468600383.968485] [node054:17626:0]         sys.c:744  MXM  WARN  Conflicting CPU frequencies detected, using: 1896.00
[1468600383.967533] [node055:8424 :0]         sys.c:744  MXM  WARN  Conflicting CPU frequencies detected, using: 1397.44
[1468600383.967533] [node055:8424 :0]         sys.c:744  MXM  WARN  Conflicting CPU frequencies detected, using: 1397.44
[1468600383.967533] [node055:8424 :0]         sys.c:744  MXM  WARN  Conflicting CPU frequencies detected, using: 1397.44
[1468600383.968485] [node054:17626:0]         sys.c:744  MXM  WARN  Conflicting CPU frequencies detected, using: 1896.00
[1468600383.967533] [node055:8424 :0]         sys.c:744  MXM  WARN  Conflicting CPU frequencies detected, using: 1397.44
[1468600383.967533] [node055:8424 :0]         sys.c:744  MXM  WARN  Conflicting CPU frequencies detected, using: 1397.44
[1468600383.968485] [node054:17626:0]         sys.c:744  MXM  WARN  Conflicting CPU frequencies detected, using: 1896.00
[1468600383.967533] [node055:8424 :0]         sys.c:744  MXM  WARN  Conflicting CPU frequencies detected, using: 1397.44
[1468600383.968485] [node054:17626:0]         sys.c:744  MXM  WARN  Conflicting CPU frequencies detected, using: 1896.00
[1468600383.968485] [node054:17626:0]         sys.c:744  MXM  WARN  Conflicting CPU frequencies detected, using: 1896.00
[1468600383.968485] [node054:17626:0]         sys.c:744  MXM  WARN  Conflicting CPU frequencies detected, using: 1896.00
[1468600383.967533] [node055:8424 :0]         sys.c:744  MXM  WARN  Conflicting CPU frequencies detected, using: 1397.44
[1468600383.968485] [node054:17626:0]         sys.c:744  MXM  WARN  Conflicting CPU frequencies detected, using: 1896.00
[1468600383.966296] [node060:25263:0]         sys.c:744  MXM  WARN  Conflicting CPU frequencies detected, using: 1839.38
[1468600383.976316] [node060:25263:0]         mxm.c:196  MXM  WARN  The 'ulimit -s' on the system is set to 'unlimited'. This may have negative performance implications. Please set the stack size to the default value (10240) 
[1468600383.966296] [node060:25263:0]         sys.c:744  MXM  WARN  Conflicting CPU frequencies detected, using: 1839.38
[1468600383.973731] [node060:25263:0]         mxm.c:196  MXM  WARN  The 'ulimit -s' on the system is set to 'unlimited'. This may have negative performance implications. Please set the stack size to the default value (10240) 
[1468600383.966296] [node060:25263:0]         sys.c:744  MXM  WARN  Conflicting CPU frequencies detected, using: 1839.38
[1468600383.978788] [node060:25263:0]         mxm.c:196  MXM  WARN  The 'ulimit -s' on the system is set to 'unlimited'. This may have negative performance implications. Please set the stack size to the default value (10240) 
[1468600383.966296] [node060:25263:0]         sys.c:744  MXM  WARN  Conflicting CPU frequencies detected, using: 1839.38
[1468600383.977796] [node060:25263:0]         mxm.c:196  MXM  WARN  The 'ulimit -s' on the system is set to 'unlimited'. This may have negative performance implications. Please set the stack size to the default value (10240) 
[1468600383.966296] [node060:25263:0]         sys.c:744  MXM  WARN  Conflicting CPU frequencies detected, using: 1839.38
[1468600383.972379] [node060:25263:0]         mxm.c:196  MXM  WARN  The 'ulimit -s' on the system is set to 'unlimited'. This may have negative performance implications. Please set the stack size to the default value (10240) 
[1468600383.966296] [node060:25263:0]         sys.c:744  MXM  WARN  Conflicting CPU frequencies detected, using: 1839.38
[1468600383.972855] [node060:25263:0]         mxm.c:196  MXM  WARN  The 'ulimit -s' on the system is set to 'unlimited'. This may have negative performance implications. Please set the stack size to the default value (10240) 
[1468600383.971290] [node057:10608:0]         sys.c:744  MXM  WARN  Conflicting CPU frequencies detected, using: 1796.72
[1468600383.978902] [node057:10608:0]         mxm.c:196  MXM  WARN  The 'ulimit -s' on the system is set to 'unlimited'. This may have negative performance implications. Please set the stack size to the default value (10240) 
[1468600383.967188] [node059:3705 :0]         sys.c:744  MXM  WARN  Conflicting CPU frequencies detected, using: 1998.56
[1468600383.974608] [node059:3705 :0]         mxm.c:196  MXM  WARN  The 'ulimit -s' on the system is set to 'unlimited'. This may have negative performance implications. Please set the stack size to the default value (10240) 
[1468600383.966296] [node060:25263:0]         sys.c:744  MXM  WARN  Conflicting CPU frequencies detected, using: 1839.38
[1468600383.978741] [node060:25263:0]         mxm.c:196  MXM  WARN  The 'ulimit -s' on the system is set to 'unlimited'. This may have negative performance implications. Please set the stack size to the default value (10240) 
[1468600383.971290] [node057:10608:0]         sys.c:744  MXM  WARN  Conflicting CPU frequencies detected, using: 1796.72
[1468600383.983764] [node057:10608:0]         mxm.c:196  MXM  WARN  The 'ulimit -s' on the system is set to 'unlimited'. This may have negative performance implications. Please set the stack size to the default value (10240) 
[1468600383.966296] [node060:25263:0]         sys.c:744  MXM  WARN  Conflicting CPU frequencies detected, using: 1839.38
[1468600383.979173] [node060:25263:0]         mxm.c:196  MXM  WARN  The 'ulimit -s' on the system is set to 'unlimited'. This may have negative performance implications. Please set the stack size to the default value (10240) 
[1468600383.967188] [node059:3705 :0]         sys.c:744  MXM  WARN  Conflicting CPU frequencies detected, using: 1998.56
[1468600383.980382] [node059:3705 :0]         mxm.c:196  MXM  WARN  The 'ulimit -s' on the system is set to 'unlimited'. This may have negative performance implications. Please set the stack size to the default value (10240) 
[1468600383.967188] [node059:3705 :0]         sys.c:744  MXM  WARN  Conflicting CPU frequencies detected, using: 1998.56
[1468600383.979354] [node059:3705 :0]         mxm.c:196  MXM  WARN  The 'ulimit -s' on the system is set to 'unlimited'. This may have negative performance implications. Please set the stack size to the default value (10240) 
[1468600383.967188] [node059:3705 :0]         sys.c:744  MXM  WARN  Conflicting CPU frequencies detected, using: 1998.56
[1468600383.979692] [node059:3705 :0]         mxm.c:196  MXM  WARN  The 'ulimit -s' on the system is set to 'unlimited'. This may have negative performance implications. Please set the stack size to the default value (10240) 
[1468600383.966296] [node060:25263:0]         sys.c:744  MXM  WARN  Conflicting CPU frequencies detected, using: 1839.38
[1468600383.977685] [node060:25263:0]         mxm.c:196  MXM  WARN  The 'ulimit -s' on the system is set to 'unlimited'. This may have negative performance implications. Please set the stack size to the default value (10240) 
[1468600383.967188] [node059:3705 :0]         sys.c:744  MXM  WARN  Conflicting CPU frequencies detected, using: 1998.56
[1468600383.978038] [node059:3705 :0]         mxm.c:196  MXM  WARN  The 'ulimit -s' on the system is set to 'unlimited'. This may have negative performance implications. Please set the stack size to the default value (10240) 
[1468600383.971290] [node057:10608:0]         sys.c:744  MXM  WARN  Conflicting CPU frequencies detected, using: 1796.72
[1468600383.982766] [node057:10608:0]         mxm.c:196  MXM  WARN  The 'ulimit -s' on the system is set to 'unlimited'. This may have negative performance implications. Please set the stack size to the default value (10240) 
[1468600383.966296] [node060:25263:0]         sys.c:744  MXM  WARN  Conflicting CPU frequencies detected, using: 1839.38
[1468600383.973559] [node060:25263:0]         mxm.c:196  MXM  WARN  The 'ulimit -s' on the system is set to 'unlimited'. This may have negative performance implications. Please set the stack size to the default value (10240) 
[1468600383.971290] [node057:10608:0]         sys.c:744  MXM  WARN  Conflicting CPU frequencies detected, using: 1796.72
[1468600383.983187] [node057:10608:0]         mxm.c:196  MXM  WARN  The 'ulimit -s' on the system is set to 'unlimited'. This may have negative performance implications. Please set the stack size to the default value (10240) 
[1468600383.971290] [node057:10608:0]         sys.c:744  MXM  WARN  Conflicting CPU frequencies detected, using: 1796.72
[1468600383.984199] [node057:10608:0]         mxm.c:196  MXM  WARN  The 'ulimit -s' on the system is set to 'unlimited'. This may have negative performance implications. Please set the stack size to the default value (10240) 
[1468600383.966296] [node060:25263:0]         sys.c:744  MXM  WARN  Conflicting CPU frequencies detected, using: 1839.38
[1468600383.977404] [node060:25263:0]         mxm.c:196  MXM  WARN  The 'ulimit -s' on the system is set to 'unlimited'. This may have negative performance implications. Please set the stack size to the default value (10240) 
[1468600383.967188] [node059:3705 :0]         sys.c:744  MXM  WARN  Conflicting CPU frequencies detected, using: 1998.56
[1468600383.975318] [node059:3705 :0]         mxm.c:196  MXM  WARN  The 'ulimit -s' on the system is set to 'unlimited'. This may have negative performance implications. Please set the stack size to the default value (10240) 
[1468600383.967188] [node059:3705 :0]         sys.c:744  MXM  WARN  Conflicting CPU frequencies detected, using: 1998.56
[1468600383.979587] [node059:3705 :0]         mxm.c:196  MXM  WARN  The 'ulimit -s' on the system is set to 'unlimited'. This may have negative performance implications. Please set the stack size to the default value (10240) 
[1468600383.967188] [node059:3705 :0]         sys.c:744  MXM  WARN  Conflicting CPU frequencies detected, using: 1998.56
[1468600383.979134] [node059:3705 :0]         mxm.c:196  MXM  WARN  The 'ulimit -s' on the system is set to 'unlimited'. This may have negative performance implications. Please set the stack size to the default value (10240) 
[1468600383.971290] [node057:10608:0]         sys.c:744  MXM  WARN  Conflicting CPU frequencies detected, using: 1796.72
[1468600383.983391] [node057:10608:0]         mxm.c:196  MXM  WARN  The 'ulimit -s' on the system is set to 'unlimited'. This may have negative performance implications. Please set the stack size to the default value (10240) 
[1468600383.966296] [node060:25263:0]         sys.c:744  MXM  WARN  Conflicting CPU frequencies detected, using: 1839.38
[1468600383.978406] [node060:25263:0]         mxm.c:196  MXM  WARN  The 'ulimit -s' on the system is set to 'unlimited'. This may have negative performance implications. Please set the stack size to the default value (10240) 
[1468600383.972587] [node058:28548:0]         sys.c:744  MXM  WARN  Conflicting CPU frequencies detected, using: 1796.81
[1468600383.984603] [node058:28548:0]         mxm.c:196  MXM  WARN  The 'ulimit -s' on the system is set to 'unlimited'. This may have negative performance implications. Please set the stack size to the default value (10240) 
[1468600383.967188] [node059:3705 :0]         sys.c:744  MXM  WARN  Conflicting CPU frequencies detected, using: 1998.56
[1468600383.979225] [node059:3705 :0]         mxm.c:196  MXM  WARN  The 'ulimit -s' on the system is set to 'unlimited'. This may have negative performance implications. Please set the stack size to the default value (10240) 
[1468600383.972587] [node058:28548:0]         sys.c:744  MXM  WARN  Conflicting CPU frequencies detected, using: 1796.81
[1468600383.985656] [node058:28548:0]         mxm.c:196  MXM  WARN  The 'ulimit -s' on the system is set to 'unlimited'. This may have negative performance implications. Please set the stack size to the default value (10240) 
[1468600383.967188] [node059:3705 :0]         sys.c:744  MXM  WARN  Conflicting CPU frequencies detected, using: 1998.56
[1468600383.979022] [node059:3705 :0]         mxm.c:196  MXM  WARN  The 'ulimit -s' on the system is set to 'unlimited'. This may have negative performance implications. Please set the stack size to the default value (10240) 
[1468600383.972587] [node058:28548:0]         sys.c:744  MXM  WARN  Conflicting CPU frequencies detected, using: 1796.81
[1468600383.982810] [node058:28548:0]         mxm.c:196  MXM  WARN  The 'ulimit -s' on the system is set to 'unlimited'. This may have negative performance implications. Please set the stack size to the default value (10240) 
[1468600383.972587] [node058:28548:0]         sys.c:744  MXM  WARN  Conflicting CPU frequencies detected, using: 1796.81
[1468600383.983762] [node058:28548:0]         mxm.c:196  MXM  WARN  The 'ulimit -s' on the system is set to 'unlimited'. This may have negative performance implications. Please set the stack size to the default value (10240) 
[1468600383.971290] [node057:10608:0]         sys.c:744  MXM  WARN  Conflicting CPU frequencies detected, using: 1796.72
[1468600383.981254] [node057:10608:0]         mxm.c:196  MXM  WARN  The 'ulimit -s' on the system is set to 'unlimited'. This may have negative performance implications. Please set the stack size to the default value (10240) 
[1468600383.966296] [node060:25263:0]         sys.c:744  MXM  WARN  Conflicting CPU frequencies detected, using: 1839.38
[1468600383.975576] [node060:25263:0]         mxm.c:196  MXM  WARN  The 'ulimit -s' on the system is set to 'unlimited'. This may have negative performance implications. Please set the stack size to the default value (10240) 
[1468600383.971290] [node057:10608:0]         sys.c:744  MXM  WARN  Conflicting CPU frequencies detected, using: 1796.72
[1468600383.980417] [node057:10608:0]         mxm.c:196  MXM  WARN  The 'ulimit -s' on the system is set to 'unlimited'. This may have negative performance implications. Please set the stack size to the default value (10240) 
[1468600383.966296] [node060:25263:0]         sys.c:744  MXM  WARN  Conflicting CPU frequencies detected, using: 1839.38
[1468600383.978684] [node060:25263:0]         mxm.c:196  MXM  WARN  The 'ulimit -s' on the system is set to 'unlimited'. This may have negative performance implications. Please set the stack size to the default value (10240) 
[1468600383.967188] [node059:3705 :0]         sys.c:744  MXM  WARN  Conflicting CPU frequencies detected, using: 1998.56
[1468600383.975970] [node059:3705 :0]         mxm.c:196  MXM  WARN  The 'ulimit -s' on the system is set to 'unlimited'. This may have negative performance implications. Please set the stack size to the default value (10240) 
[1468600383.971290] [node057:10608:0]         sys.c:744  MXM  WARN  Conflicting CPU frequencies detected, using: 1796.72
[1468600383.981780] [node057:10608:0]         mxm.c:196  MXM  WARN  The 'ulimit -s' on the system is set to 'unlimited'. This may have negative performance implications. Please set the stack size to the default value (10240) 
[1468600383.967188] [node059:3705 :0]         sys.c:744  MXM  WARN  Conflicting CPU frequencies detected, using: 1998.56
[1468600383.976707] [node059:3705 :0]         mxm.c:196  MXM  WARN  The 'ulimit -s' on the system is set to 'unlimited'. This may have negative performance implications. Please set the stack size to the default value (10240) 
[1468600383.971290] [node057:10608:0]         sys.c:744  MXM  WARN  Conflicting CPU frequencies detected, using: 1796.72
[1468600383.978455] [node057:10608:0]         mxm.c:196  MXM  WARN  The 'ulimit -s' on the system is set to 'unlimited'. This may have negative performance implications. Please set the stack size to the default value (10240) 
[1468600383.972587] [node058:28548:0]         sys.c:744  MXM  WARN  Conflicting CPU frequencies detected, using: 1796.81
[1468600383.980868] [node058:28548:0]         mxm.c:196  MXM  WARN  The 'ulimit -s' on the system is set to 'unlimited'. This may have negative performance implications. Please set the stack size to the default value (10240) 
[1468600383.972587] [node058:28548:0]         sys.c:744  MXM  WARN  Conflicting CPU frequencies detected, using: 1796.81
[1468600383.985443] [node058:28548:0]         mxm.c:196  MXM  WARN  The 'ulimit -s' on the system is set to 'unlimited'. This may have negative performance implications. Please set the stack size to the default value (10240) 
[1468600383.972587] [node058:28548:0]         sys.c:744  MXM  WARN  Conflicting CPU frequencies detected, using: 1796.81
[1468600383.982387] [node058:28548:0]         mxm.c:196  MXM  WARN  The 'ulimit -s' on the system is set to 'unlimited'. This may have negative performance implications. Please set the stack size to the default value (10240) 
[1468600383.967188] [node059:3705 :0]         sys.c:744  MXM  WARN  Conflicting CPU frequencies detected, using: 1998.56
[1468600383.978696] [node059:3705 :0]         mxm.c:196  MXM  WARN  The 'ulimit -s' on the system is set to 'unlimited'. This may have negative performance implications. Please set the stack size to the default value (10240) 
[1468600383.972587] [node058:28548:0]         sys.c:744  MXM  WARN  Conflicting CPU frequencies detected, using: 1796.81
[1468600383.986103] [node058:28548:0]         mxm.c:196  MXM  WARN  The 'ulimit -s' on the system is set to 'unlimited'. This may have negative performance implications. Please set the stack size to the default value (10240) 
[1468600383.972587] [node058:28548:0]         sys.c:744  MXM  WARN  Conflicting CPU frequencies detected, using: 1796.81
[1468600383.986020] [node058:28548:0]         mxm.c:196  MXM  WARN  The 'ulimit -s' on the system is set to 'unlimited'. This may have negative performance implications. Please set the stack size to the default value (10240) 
[1468600383.967188] [node059:3705 :0]         sys.c:744  MXM  WARN  Conflicting CPU frequencies detected, using: 1998.56
[1468600383.977211] [node059:3705 :0]         mxm.c:196  MXM  WARN  The 'ulimit -s' on the system is set to 'unlimited'. This may have negative performance implications. Please set the stack size to the default value (10240) 
[1468600383.971290] [node057:10608:0]         sys.c:744  MXM  WARN  Conflicting CPU frequencies detected, using: 1796.72
[1468600383.979329] [node057:10608:0]         mxm.c:196  MXM  WARN  The 'ulimit -s' on the system is set to 'unlimited'. This may have negative performance implications. Please set the stack size to the default value (10240) 
[1468600383.967188] [node059:3705 :0]         sys.c:744  MXM  WARN  Conflicting CPU frequencies detected, using: 1998.56
[1468600383.979479] [node059:3705 :0]         mxm.c:196  MXM  WARN  The 'ulimit -s' on the system is set to 'unlimited'. This may have negative performance implications. Please set the stack size to the default value (10240) 
[1468600383.972587] [node058:28548:0]         sys.c:744  MXM  WARN  Conflicting CPU frequencies detected, using: 1796.81
[1468600383.979927] [node058:28548:0]         mxm.c:196  MXM  WARN  The 'ulimit -s' on the system is set to 'unlimited'. This may have negative performance implications. Please set the stack size to the default value (10240) 
[1468600383.972587] [node058:28548:0]         sys.c:744  MXM  WARN  Conflicting CPU frequencies detected, using: 1796.81
[1468600383.983068] [node058:28548:0]         mxm.c:196  MXM  WARN  The 'ulimit -s' on the system is set to 'unlimited'. This may have negative performance implications. Please set the stack size to the default value (10240) 
[1468600383.971290] [node057:10608:0]         sys.c:744  MXM  WARN  Conflicting CPU frequencies detected, using: 1796.72
[1468600383.980341] [node057:10608:0]         mxm.c:196  MXM  WARN  The 'ulimit -s' on the system is set to 'unlimited'. This may have negative performance implications. Please set the stack size to the default value (10240) 
[1468600383.971290] [node057:10608:0]         sys.c:744  MXM  WARN  Conflicting CPU frequencies detected, using: 1796.72
[1468600383.983006] [node057:10608:0]         mxm.c:196  MXM  WARN  The 'ulimit -s' on the system is set to 'unlimited'. This may have negative performance implications. Please set the stack size to the default value (10240) 
[1468600383.966296] [node060:25263:0]         sys.c:744  MXM  WARN  Conflicting CPU frequencies detected, using: 1839.38
[1468600383.978524] [node060:25263:0]         mxm.c:196  MXM  WARN  The 'ulimit -s' on the system is set to 'unlimited'. This may have negative performance implications. Please set the stack size to the default value (10240) 
[1468600383.972587] [node058:28548:0]         sys.c:744  MXM  WARN  Conflicting CPU frequencies detected, using: 1796.81
[1468600383.984057] [node058:28548:0]         mxm.c:196  MXM  WARN  The 'ulimit -s' on the system is set to 'unlimited'. This may have negative performance implications. Please set the stack size to the default value (10240) 
[1468600383.966296] [node060:25263:0]         sys.c:744  MXM  WARN  Conflicting CPU frequencies detected, using: 1839.38
[1468600383.976436] [node060:25263:0]         mxm.c:196  MXM  WARN  The 'ulimit -s' on the system is set to 'unlimited'. This may have negative performance implications. Please set the stack size to the default value (10240) 
[1468600383.967188] [node059:3705 :0]         sys.c:744  MXM  WARN  Conflicting CPU frequencies detected, using: 1998.56
[1468600383.980002] [node059:3705 :0]         mxm.c:196  MXM  WARN  The 'ulimit -s' on the system is set to 'unlimited'. This may have negative performance implications. Please set the stack size to the default value (10240) 
[1468600383.972587] [node058:28548:0]         sys.c:744  MXM  WARN  Conflicting CPU frequencies detected, using: 1796.81
[1468600383.983202] [node058:28548:0]         mxm.c:196  MXM  WARN  The 'ulimit -s' on the system is set to 'unlimited'. This may have negative performance implications. Please set the stack size to the default value (10240) 
[1468600383.972587] [node058:28548:0]         sys.c:744  MXM  WARN  Conflicting CPU frequencies detected, using: 1796.81
[1468600383.982022] [node058:28548:0]         mxm.c:196  MXM  WARN  The 'ulimit -s' on the system is set to 'unlimited'. This may have negative performance implications. Please set the stack size to the default value (10240) 
[1468600383.971290] [node057:10608:0]         sys.c:744  MXM  WARN  Conflicting CPU frequencies detected, using: 1796.72
[1468600383.982339] [node057:10608:0]         mxm.c:196  MXM  WARN  The 'ulimit -s' on the system is set to 'unlimited'. This may have negative performance implications. Please set the stack size to the default value (10240) 
[1468600383.972587] [node058:28548:0]         sys.c:744  MXM  WARN  Conflicting CPU frequencies detected, using: 1796.81
[1468600383.984183] [node058:28548:0]         mxm.c:196  MXM  WARN  The 'ulimit -s' on the system is set to 'unlimited'. This may have negative performance implications. Please set the stack size to the default value (10240) 
[1468600383.971290] [node057:10608:0]         sys.c:744  MXM  WARN  Conflicting CPU frequencies detected, using: 1796.72
[1468600383.979770] [node057:10608:0]         mxm.c:196  MXM  WARN  The 'ulimit -s' on the system is set to 'unlimited'. This may have negative performance implications. Please set the stack size to the default value (10240) 
[1468600383.972587] [node058:28548:0]         sys.c:744  MXM  WARN  Conflicting CPU frequencies detected, using: 1796.81
[1468600383.980610] [node058:28548:0]         mxm.c:196  MXM  WARN  The 'ulimit -s' on the system is set to 'unlimited'. This may have negative performance implications. Please set the stack size to the default value (10240) 
[1468600383.971290] [node057:10608:0]         sys.c:744  MXM  WARN  Conflicting CPU frequencies detected, using: 1796.72
[1468600383.982702] [node057:10608:0]         mxm.c:196  MXM  WARN  The 'ulimit -s' on the system is set to 'unlimited'. This may have negative performance implications. Please set the stack size to the default value (10240) 
[1468600384.045056] [node056:3836 :0]         mxm.c:196  MXM  WARN  The 'ulimit -s' on the system is set to 'unlimited'. This may have negative performance implications. Please set the stack size to the default value (10240) 
[1468600384.025840] [node055:8424 :0]         mxm.c:196  MXM  WARN  The 'ulimit -s' on the system is set to 'unlimited'. This may have negative performance implications. Please set the stack size to the default value (10240) 
[1468600384.004294] [node055:8424 :0]         mxm.c:196  MXM  WARN  The 'ulimit -s' on the system is set to 'unlimited'. This may have negative performance implications. Please set the stack size to the default value (10240) 
[1468600383.962282] [node056:3836 :0]         sys.c:744  MXM  WARN  Conflicting CPU frequencies detected, using: 1996.03
[1468600383.978156] [node056:3836 :0]         mxm.c:196  MXM  WARN  The 'ulimit -s' on the system is set to 'unlimited'. This may have negative performance implications. Please set the stack size to the default value (10240) 
[1468600384.050614] [node054:17626:0]         mxm.c:196  MXM  WARN  The 'ulimit -s' on the system is set to 'unlimited'. This may have negative performance implications. Please set the stack size to the default value (10240) 
[1468600384.026821] [node054:17626:0]         mxm.c:196  MXM  WARN  The 'ulimit -s' on the system is set to 'unlimited'. This may have negative performance implications. Please set the stack size to the default value (10240) 
[1468600384.034155] [node055:8424 :0]         mxm.c:196  MXM  WARN  The 'ulimit -s' on the system is set to 'unlimited'. This may have negative performance implications. Please set the stack size to the default value (10240) 
[1468600383.967533] [node055:8424 :0]         sys.c:744  MXM  WARN  Conflicting CPU frequencies detected, using: 1397.44
[1468600383.992786] [node055:8424 :0]         mxm.c:196  MXM  WARN  The 'ulimit -s' on the system is set to 'unlimited'. This may have negative performance implications. Please set the stack size to the default value (10240) 
[1468600384.015747] [node056:3836 :0]         mxm.c:196  MXM  WARN  The 'ulimit -s' on the system is set to 'unlimited'. This may have negative performance implications. Please set the stack size to the default value (10240) 
[1468600384.058287] [node056:3836 :0]         mxm.c:196  MXM  WARN  The 'ulimit -s' on the system is set to 'unlimited'. This may have negative performance implications. Please set the stack size to the default value (10240) 
[1468600383.962282] [node056:3836 :0]         sys.c:744  MXM  WARN  Conflicting CPU frequencies detected, using: 1996.03
[1468600384.002124] [node056:3836 :0]         mxm.c:196  MXM  WARN  The 'ulimit -s' on the system is set to 'unlimited'. This may have negative performance implications. Please set the stack size to the default value (10240) 
[1468600384.027344] [node055:8424 :0]         mxm.c:196  MXM  WARN  The 'ulimit -s' on the system is set to 'unlimited'. This may have negative performance implications. Please set the stack size to the default value (10240) 
[1468600384.040396] [node054:17626:0]         mxm.c:196  MXM  WARN  The 'ulimit -s' on the system is set to 'unlimited'. This may have negative performance implications. Please set the stack size to the default value (10240) 
[1468600384.069981] [node055:8424 :0]         mxm.c:196  MXM  WARN  The 'ulimit -s' on the system is set to 'unlimited'. This may have negative performance implications. Please set the stack size to the default value (10240) 
[1468600384.041898] [node054:17626:0]         mxm.c:196  MXM  WARN  The 'ulimit -s' on the system is set to 'unlimited'. This may have negative performance implications. Please set the stack size to the default value (10240) 
[1468600384.046870] [node056:3836 :0]         mxm.c:196  MXM  WARN  The 'ulimit -s' on the system is set to 'unlimited'. This may have negative performance implications. Please set the stack size to the default value (10240) 
[1468600384.043414] [node056:3836 :0]         mxm.c:196  MXM  WARN  The 'ulimit -s' on the system is set to 'unlimited'. This may have negative performance implications. Please set the stack size to the default value (10240) 
[1468600384.037373] [node055:8424 :0]         mxm.c:196  MXM  WARN  The 'ulimit -s' on the system is set to 'unlimited'. This may have negative performance implications. Please set the stack size to the default value (10240) 
[1468600384.035406] [node054:17626:0]         mxm.c:196  MXM  WARN  The 'ulimit -s' on the system is set to 'unlimited'. This may have negative performance implications. Please set the stack size to the default value (10240) 
[1468600383.968485] [node054:17626:0]         sys.c:744  MXM  WARN  Conflicting CPU frequencies detected, using: 1896.00
[1468600384.009408] [node054:17626:0]         mxm.c:196  MXM  WARN  The 'ulimit -s' on the system is set to 'unlimited'. This may have negative performance implications. Please set the stack size to the default value (10240) 
[1468600384.058425] [node054:17626:0]         mxm.c:196  MXM  WARN  The 'ulimit -s' on the system is set to 'unlimited'. This may have negative performance implications. Please set the stack size to the default value (10240) 
[1468600383.962282] [node056:3836 :0]         sys.c:744  MXM  WARN  Conflicting CPU frequencies detected, using: 1996.03
[1468600384.006934] [node056:3836 :0]         mxm.c:196  MXM  WARN  The 'ulimit -s' on the system is set to 'unlimited'. This may have negative performance implications. Please set the stack size to the default value (10240) 
[1468600384.018896] [node054:17626:0]         mxm.c:196  MXM  WARN  The 'ulimit -s' on the system is set to 'unlimited'. This may have negative performance implications. Please set the stack size to the default value (10240) 
[1468600384.056437] [node056:3836 :0]         mxm.c:196  MXM  WARN  The 'ulimit -s' on the system is set to 'unlimited'. This may have negative performance implications. Please set the stack size to the default value (10240) 
[1468600384.032308] [node055:8424 :0]         mxm.c:196  MXM  WARN  The 'ulimit -s' on the system is set to 'unlimited'. This may have negative performance implications. Please set the stack size to the default value (10240) 
[1468600384.022592] [node056:3836 :0]         mxm.c:196  MXM  WARN  The 'ulimit -s' on the system is set to 'unlimited'. This may have negative performance implications. Please set the stack size to the default value (10240) 
[1468600384.052605] [node056:3836 :0]         mxm.c:196  MXM  WARN  The 'ulimit -s' on the system is set to 'unlimited'. This may have negative performance implications. Please set the stack size to the default value (10240) 
[1468600384.055524] [node055:8424 :0]         mxm.c:196  MXM  WARN  The 'ulimit -s' on the system is set to 'unlimited'. This may have negative performance implications. Please set the stack size to the default value (10240) 
[1468600384.031879] [node054:17626:0]         mxm.c:196  MXM  WARN  The 'ulimit -s' on the system is set to 'unlimited'. This may have negative performance implications. Please set the stack size to the default value (10240) 
[1468600384.042698] [node056:3836 :0]         mxm.c:196  MXM  WARN  The 'ulimit -s' on the system is set to 'unlimited'. This may have negative performance implications. Please set the stack size to the default value (10240) 
[1468600384.043299] [node055:8424 :0]         mxm.c:196  MXM  WARN  The 'ulimit -s' on the system is set to 'unlimited'. This may have negative performance implications. Please set the stack size to the default value (10240) 
[1468600384.063051] [node055:8424 :0]         mxm.c:196  MXM  WARN  The 'ulimit -s' on the system is set to 'unlimited'. This may have negative performance implications. Please set the stack size to the default value (10240) 
[1468600384.023362] [node055:8424 :0]         mxm.c:196  MXM  WARN  The 'ulimit -s' on the system is set to 'unlimited'. This may have negative performance implications. Please set the stack size to the default value (10240) 
[1468600384.063426] [node054:17626:0]         mxm.c:196  MXM  WARN  The 'ulimit -s' on the system is set to 'unlimited'. This may have negative performance implications. Please set the stack size to the default value (10240) 
[1468600383.968485] [node054:17626:0]         sys.c:744  MXM  WARN  Conflicting CPU frequencies detected, using: 1896.00
[1468600383.994196] [node054:17626:0]         mxm.c:196  MXM  WARN  The 'ulimit -s' on the system is set to 'unlimited'. This may have negative performance implications. Please set the stack size to the default value (10240) 
[1468600384.038814] [node054:17626:0]         mxm.c:196  MXM  WARN  The 'ulimit -s' on the system is set to 'unlimited'. This may have negative performance implications. Please set the stack size to the default value (10240) 
[1468600384.030835] [node055:8424 :0]         mxm.c:196  MXM  WARN  The 'ulimit -s' on the system is set to 'unlimited'. This may have negative performance implications. Please set the stack size to the default value (10240) 
[1468600384.024534] [node054:17626:0]         mxm.c:196  MXM  WARN  The 'ulimit -s' on the system is set to 'unlimited'. This may have negative performance implications. Please set the stack size to the default value (10240) 
[1468600383.962282] [node056:3836 :0]         sys.c:744  MXM  WARN  Conflicting CPU frequencies detected, using: 1996.03
[1468600384.005989] [node056:3836 :0]         mxm.c:196  MXM  WARN  The 'ulimit -s' on the system is set to 'unlimited'. This may have negative performance implications. Please set the stack size to the default value (10240) 
UPCR: UPC thread   4 of 128 on node053 (pshm node 0 of 8, process   4 of 128, pid=19159)
UPCR: UPC thread   8 of 128 on node053 (pshm node 0 of 8, process   8 of 128, pid=19166)
UPCR: UPC thread   9 of 128 on node053 (pshm node 0 of 8, process   9 of 128, pid=19168)
UPCR: UPC thread   1 of 128 on node053 (pshm node 0 of 8, process   1 of 128, pid=19156)
UPCR: UPC thread  11 of 128 on node053 (pshm node 0 of 8, process  11 of 128, pid=19172)
UPCR: UPC thread   2 of 128 on node053 (pshm node 0 of 8, process   2 of 128, pid=19157)
UPCR: UPC thread  55 of 128 on node056 (pshm node 3 of 8, process  55 of 128, pid=3887)
UPCR: UPC thread  51 of 128 on node056 (pshm node 3 of 8, process  51 of 128, pid=3881)
UPCR: UPC thread  61 of 128 on node056 (pshm node 3 of 8, process  61 of 128, pid=3900)
UPCR: UPC thread   5 of 128 on node053 (pshm node 0 of 8, process   5 of 128, pid=19160)
UPCR: UPC thread   0 of 128 on node053 (pshm node 0 of 8, process   0 of 128, pid=19155)
UPCR: UPC thread   3 of 128 on node053 (pshm node 0 of 8, process   3 of 128, pid=19158)
UPCR: UPC thread  14 of 128 on node053 (pshm node 0 of 8, process  14 of 128, pid=19178)
UPCR: UPC thread  15 of 128 on node053 (pshm node 0 of 8, process  15 of 128, pid=19182)
UPCR: UPC thread  12 of 128 on node053 (pshm node 0 of 8, process  12 of 128, pid=19175)
UPCR: UPC thread  10 of 128 on node053 (pshm node 0 of 8, process  10 of 128, pid=19170)
UPCR: UPC thread   7 of 128 on node053 (pshm node 0 of 8, process   7 of 128, pid=19164)
UPCR: UPC thread 102 of 128 on node059 (pshm node 6 of 8, process 102 of 128, pid=3754)
UPCR: UPC thread 107 of 128 on node059 (pshm node 6 of 8, process 107 of 128, pid=3764)
UPCR: UPC thread  97 of 128 on node059 (pshm node 6 of 8, process  97 of 128, pid=3748)
UPCR: UPC thread 103 of 128 on node059 (pshm node 6 of 8, process 103 of 128, pid=3757)
UPCR: UPC thread  99 of 128 on node059 (pshm node 6 of 8, process  99 of 128, pid=3750)
UPCR: UPC thread  49 of 128 on node056 (pshm node 3 of 8, process  49 of 128, pid=3879)
UPCR: UPC thread  60 of 128 on node056 (pshm node 3 of 8, process  60 of 128, pid=3898)
UPCR: UPC thread  62 of 128 on node056 (pshm node 3 of 8, process  62 of 128, pid=3902)
UPCR: UPC thread   6 of 128 on node053 (pshm node 0 of 8, process   6 of 128, pid=19162)
UPCR: UPC thread 120 of 128 on node060 (pshm node 7 of 8, process 120 of 128, pid=25317)
UPCR: UPC thread 123 of 128 on node060 (pshm node 7 of 8, process 123 of 128, pid=25323)
UPCR: UPC thread 116 of 128 on node060 (pshm node 7 of 8, process 116 of 128, pid=25309)
UPCR: UPC thread 126 of 128 on node060 (pshm node 7 of 8, process 126 of 128, pid=25329)
UPCR: UPC thread 124 of 128 on node060 (pshm node 7 of 8, process 124 of 128, pid=25324)
UPCR: UPC thread 104 of 128 on node059 (pshm node 6 of 8, process 104 of 128, pid=3759)
UPCR: UPC thread 110 of 128 on node059 (pshm node 6 of 8, process 110 of 128, pid=3771)
UPCR: UPC thread 101 of 128 on node059 (pshm node 6 of 8, process 101 of 128, pid=3753)
UPCR: UPC thread 109 of 128 on node059 (pshm node 6 of 8, process 109 of 128, pid=3769)
UPCR: UPC thread 111 of 128 on node059 (pshm node 6 of 8, process 111 of 128, pid=3773)
UPCR: UPC thread 108 of 128 on node059 (pshm node 6 of 8, process 108 of 128, pid=3768)
UPCR: UPC thread 106 of 128 on node059 (pshm node 6 of 8, process 106 of 128, pid=3762)
UPCR: UPC thread  96 of 128 on node059 (pshm node 6 of 8, process  96 of 128, pid=3747)
UPCR: UPC thread  98 of 128 on node059 (pshm node 6 of 8, process  98 of 128, pid=3749)
UPCR: UPC thread 100 of 128 on node059 (pshm node 6 of 8, process 100 of 128, pid=3751)
UPCR: UPC thread 105 of 128 on node059 (pshm node 6 of 8, process 105 of 128, pid=3761)
UPCR: UPC thread  67 of 128 on node057 (pshm node 4 of 8, process  67 of 128, pid=10653)
UPCR: UPC thread  65 of 128 on node057 (pshm node 4 of 8, process  65 of 128, pid=10651)
UPCR: UPC thread  68 of 128 on node057 (pshm node 4 of 8, process  68 of 128, pid=10654)
UPCR: UPC thread  25 of 128 on node054 (pshm node 1 of 8, process  25 of 128, pid=17682)
UPCR: UPC thread  20 of 128 on node054 (pshm node 1 of 8, process  20 of 128, pid=17672)
UPCR: UPC thread  22 of 128 on node054 (pshm node 1 of 8, process  22 of 128, pid=17675)
UPCR: UPC thread  19 of 128 on node054 (pshm node 1 of 8, process  19 of 128, pid=17671)
UPCR: UPC thread  18 of 128 on node054 (pshm node 1 of 8, process  18 of 128, pid=17670)
UPCR: UPC thread  21 of 128 on node054 (pshm node 1 of 8, process  21 of 128, pid=17674)
UPCR: UPC thread  29 of 128 on node054 (pshm node 1 of 8, process  29 of 128, pid=17690)
UPCR: UPC thread  27 of 128 on node054 (pshm node 1 of 8, process  27 of 128, pid=17687)
UPCR: UPC thread  30 of 128 on node054 (pshm node 1 of 8, process  30 of 128, pid=17692)
UPCR: UPC thread  28 of 128 on node054 (pshm node 1 of 8, process  28 of 128, pid=17688)
UPCR: UPC thread  16 of 128 on node054 (pshm node 1 of 8, process  16 of 128, pid=17668)
UPCR: UPC thread  31 of 128 on node054 (pshm node 1 of 8, process  31 of 128, pid=17694)
UPCR: UPC thread  17 of 128 on node054 (pshm node 1 of 8, process  17 of 128, pid=17669)
UPCR: UPC thread  57 of 128 on node056 (pshm node 3 of 8, process  57 of 128, pid=3891)
UPCR: UPC thread  54 of 128 on node056 (pshm node 3 of 8, process  54 of 128, pid=3886)
UPCR: UPC thread  48 of 128 on node056 (pshm node 3 of 8, process  48 of 128, pid=3878)
UPCR: UPC thread  59 of 128 on node056 (pshm node 3 of 8, process  59 of 128, pid=3896)
UPCR: UPC thread  53 of 128 on node056 (pshm node 3 of 8, process  53 of 128, pid=3884)
UPCR: UPC thread  63 of 128 on node056 (pshm node 3 of 8, process  63 of 128, pid=3903)
UPCR: UPC thread  56 of 128 on node056 (pshm node 3 of 8, process  56 of 128, pid=3889)
UPCR: UPC thread  58 of 128 on node056 (pshm node 3 of 8, process  58 of 128, pid=3893)
UPCR: UPC thread  52 of 128 on node056 (pshm node 3 of 8, process  52 of 128, pid=3882)
UPCR: UPC thread  50 of 128 on node056 (pshm node 3 of 8, process  50 of 128, pid=3880)
UPCR: UPC thread 125 of 128 on node060 (pshm node 7 of 8, process 125 of 128, pid=25326)
UPCR: UPC thread 127 of 128 on node060 (pshm node 7 of 8, process 127 of 128, pid=25331)
UPCR: UPC thread 114 of 128 on node060 (pshm node 7 of 8, process 114 of 128, pid=25307)
UPCR: UPC thread 118 of 128 on node060 (pshm node 7 of 8, process 118 of 128, pid=25313)
UPCR: UPC thread 121 of 128 on node060 (pshm node 7 of 8, process 121 of 128, pid=25319)
UPCR: UPC thread 115 of 128 on node060 (pshm node 7 of 8, process 115 of 128, pid=25308)
UPCR: UPC thread 117 of 128 on node060 (pshm node 7 of 8, process 117 of 128, pid=25311)
UPCR: UPC thread 112 of 128 on node060 (pshm node 7 of 8, process 112 of 128, pid=25305)
UPCR: UPC thread 113 of 128 on node060 (pshm node 7 of 8, process 113 of 128, pid=25306)
UPCR: UPC thread 119 of 128 on node060 (pshm node 7 of 8, process 119 of 128, pid=25314)
UPCR: UPC thread 122 of 128 on node060 (pshm node 7 of 8, process 122 of 128, pid=25321)
UPCR: UPC thread  87 of 128 on node058 (pshm node 5 of 8, process  87 of 128, pid=28601)
UPCR: UPC thread  86 of 128 on node058 (pshm node 5 of 8, process  86 of 128, pid=28599)
UPCR: UPC thread  89 of 128 on node058 (pshm node 5 of 8, process  89 of 128, pid=28605)
UPCR: UPC thread  88 of 128 on node058 (pshm node 5 of 8, process  88 of 128, pid=28603)
UPCR: UPC thread  92 of 128 on node058 (pshm node 5 of 8, process  92 of 128, pid=28611)
UPCR: UPC thread  82 of 128 on node058 (pshm node 5 of 8, process  82 of 128, pid=28593)
UPCR: UPC thread  83 of 128 on node058 (pshm node 5 of 8, process  83 of 128, pid=28594)
UPCR: UPC thread  90 of 128 on node058 (pshm node 5 of 8, process  90 of 128, pid=28607)
UPCR: UPC thread  93 of 128 on node058 (pshm node 5 of 8, process  93 of 128, pid=28612)
UPCR: UPC thread  69 of 128 on node057 (pshm node 4 of 8, process  69 of 128, pid=10657)
UPCR: UPC thread  75 of 128 on node057 (pshm node 4 of 8, process  75 of 128, pid=10669)
UPCR: UPC thread  70 of 128 on node057 (pshm node 4 of 8, process  70 of 128, pid=10659)
UPCR: UPC thread  71 of 128 on node057 (pshm node 4 of 8, process  71 of 128, pid=10660)
UPCR: UPC thread  74 of 128 on node057 (pshm node 4 of 8, process  74 of 128, pid=10667)
UPCR: UPC thread  78 of 128 on node057 (pshm node 4 of 8, process  78 of 128, pid=10673)
UPCR: UPC thread  77 of 128 on node057 (pshm node 4 of 8, process  77 of 128, pid=10672)
UPCR: UPC thread  79 of 128 on node057 (pshm node 4 of 8, process  79 of 128, pid=10674)
UPCR: UPC thread  66 of 128 on node057 (pshm node 4 of 8, process  66 of 128, pid=10652)
UPCR: UPC thread  72 of 128 on node057 (pshm node 4 of 8, process  72 of 128, pid=10662)
UPCR: UPC thread  64 of 128 on node057 (pshm node 4 of 8, process  64 of 128, pid=10650)
UPCR: UPC thread  76 of 128 on node057 (pshm node 4 of 8, process  76 of 128, pid=10671)
UPCR: UPC thread  73 of 128 on node057 (pshm node 4 of 8, process  73 of 128, pid=10664)
UPCR: UPC thread  26 of 128 on node054 (pshm node 1 of 8, process  26 of 128, pid=17684)
UPCR: UPC thread  23 of 128 on node054 (pshm node 1 of 8, process  23 of 128, pid=17677)
UPCR: UPC thread  24 of 128 on node054 (pshm node 1 of 8, process  24 of 128, pid=17679)
UPCR: UPC thread  38 of 128 on node055 (pshm node 2 of 8, process  38 of 128, pid=8473)
UPCR: UPC thread  41 of 128 on node055 (pshm node 2 of 8, process  41 of 128, pid=8478)
UPCR: UPC thread  35 of 128 on node055 (pshm node 2 of 8, process  35 of 128, pid=8469)
UPCR: UPC thread  44 of 128 on node055 (pshm node 2 of 8, process  44 of 128, pid=8486)
UPCR: UPC thread  46 of 128 on node055 (pshm node 2 of 8, process  46 of 128, pid=8490)
UPCR: UPC thread  45 of 128 on node055 (pshm node 2 of 8, process  45 of 128, pid=8487)
UPCR: UPC thread  39 of 128 on node055 (pshm node 2 of 8, process  39 of 128, pid=8475)
UPCR: UPC thread  37 of 128 on node055 (pshm node 2 of 8, process  37 of 128, pid=8471)
UPCR: UPC thread  42 of 128 on node055 (pshm node 2 of 8, process  42 of 128, pid=8481)
UPCR: UPC thread  40 of 128 on node055 (pshm node 2 of 8, process  40 of 128, pid=8476)
UPCR: UPC thread  36 of 128 on node055 (pshm node 2 of 8, process  36 of 128, pid=8470)
UPCR: UPC thread  32 of 128 on node055 (pshm node 2 of 8, process  32 of 128, pid=8466)
UPCR: UPC thread  34 of 128 on node055 (pshm node 2 of 8, process  34 of 128, pid=8468)
UPCR: UPC thread  33 of 128 on node055 (pshm node 2 of 8, process  33 of 128, pid=8467)
UPCR: UPC thread  47 of 128 on node055 (pshm node 2 of 8, process  47 of 128, pid=8492)
UPCR: UPC thread  43 of 128 on node055 (pshm node 2 of 8, process  43 of 128, pid=8484)
UPCR: UPC thread  80 of 128 on node058 (pshm node 5 of 8, process  80 of 128, pid=28591)
UPCR: UPC thread  85 of 128 on node058 (pshm node 5 of 8, process  85 of 128, pid=28597)
UPCR: UPC thread  91 of 128 on node058 (pshm node 5 of 8, process  91 of 128, pid=28608)
UPCR: UPC thread  84 of 128 on node058 (pshm node 5 of 8, process  84 of 128, pid=28595)
UPCR: UPC thread  13 of 128 on node053 (pshm node 0 of 8, process  13 of 128, pid=19177)
UPCR: UPC thread  81 of 128 on node058 (pshm node 5 of 8, process  81 of 128, pid=28592)
UPCR: UPC thread  95 of 128 on node058 (pshm node 5 of 8, process  95 of 128, pid=28616)
UPCR: UPC thread  94 of 128 on node058 (pshm node 5 of 8, process  94 of 128, pid=28613)
using a cache granularity of 8
using linear probing in the BDD table
using a memoization table of 2^25 = 33554432 entries (~1280 MB) per thread
using a BDD table of 2^26 = 67108864 entries (~1536 MB) per thread
Initializing /home/oortwijn/distdd/models/petrinets/MAPK-80.bdd!
vector size: 22
bits per integer: 7
number of BDD variables: 154
Loading initial states: 
Initial states loaded... 
Loading transition relations... 
22 integers per state, 7 bits per integer, 30 transition groups
BDD nodes:
Initial states: 154 BDD nodes
Transition 0: 602 BDD nodes
Transition 1: 602 BDD nodes
Transition 2: 1483 BDD nodes
Transition 3: 602 BDD nodes
Transition 4: 1513 BDD nodes
Transition 5: 1513 BDD nodes
Transition 6: 1041 BDD nodes
Transition 7: 1040 BDD nodes
Transition 8: 1040 BDD nodes
Transition 9: 1041 BDD nodes
Transition 10: 1040 BDD nodes
Transition 11: 1597 BDD nodes
Transition 12: 1593 BDD nodes
Transition 13: 1597 BDD nodes
Transition 14: 1040 BDD nodes
Transition 15: 1040 BDD nodes
Transition 16: 7977 BDD nodes
Transition 17: 7935 BDD nodes
Transition 18: 1059 BDD nodes
Transition 19: 1059 BDD nodes
Transition 20: 1059 BDD nodes
Transition 21: 1059 BDD nodes
Transition 22: 1059 BDD nodes
Transition 23: 2459 BDD nodes
Transition 24: 2455 BDD nodes
Transition 25: 2459 BDD nodes
Transition 26: 1059 BDD nodes
Transition 27: 1484 BDD nodes
Transition 28: 15946 BDD nodes
Transition 29: 15920 BDD nodes
Level 1... done.
Level 2... done.
Level 3... done.
Level 4... done.
Level 5... done.
Level 6... done.
Level 7... done.
Level 8... done.
Level 9... done.
Level 10... done.
Level 11... done.
Level 12... done.
Level 13... done.
Level 14... done.
Level 15... done.
Level 16... done.
Level 17... done.
Level 18... done.
Level 19... done.
Level 20... done.
Level 21... done.
Level 22... done.
Level 23... done.
Level 24... done.
Level 25... done.
Level 26... done.
Level 27... done.
Level 28... done.
Level 29... done.
Level 30... done.
Level 31... done.
Level 32... done.
Level 33... done.
Level 34... done.
Level 35... done.
Level 36... done.
Level 37... done.
Level 38... done.
Level 39... done.
Level 40... done.
Level 41... done.
Level 42... done.
Level 43... done.
Level 44... done.
Level 45... done.
Level 46... done.
Level 47... done.
Level 48... done.
Level 49... done.
Level 50... done.
Level 51... done.
Level 52... done.
Level 53... done.
Level 54... done.
Level 55... done.
Level 56... done.
Level 57... done.
Level 58... done.
Level 59... done.
Level 60... done.
Level 61... done.
Level 62... done.
Level 63... done.
Level 64... done.
Level 65... done.
Level 66... done.
Level 67... done.
Level 68... done.
Level 69... done.
Level 70... done.
Level 71... done.
Level 72... done.
Level 73... done.
Level 74... done.
Level 75... done.
Level 76... done.
Level 77... done.
Level 78... done.
Level 79... done.
Level 80... done.
Level 81... done.
Level 82... done.
Level 83... done.
Level 84... done.
Level 85... done.
Level 86... done.
Level 87... done.
Level 88... done.
Level 89... done.
Level 90... done.
Level 91... done.
Level 92... done.
Level 93... done.
Level 94... done.
Level 95... done.
Level 96... done.
Level 97... done.
Level 98... done.
Level 99... done.
Level 100... done.
Level 101... done.
Level 102... done.
Level 103... done.
Level 104... done.
Level 105... done.
Level 106... done.
Level 107... done.
Level 108... done.
Level 109... done.
Level 110... done.
Level 111... done.
Level 112... done.
Level 113... done.
Level 114... done.
Level 115... done.
Level 116... done.
Level 117... done.
Level 118... done.
Level 119... done.
Level 120... done.
Level 121... done.
Level 122... done.
Level 123... done.
Level 124... done.
Level 125... done.
Level 126... done.
Level 127... done.
Level 128... done.
Level 129... done.
Level 130... done.
Level 131... done.
Level 132... done.
Level 133... done.
Level 134... done.
Level 135... done.
Level 136... done.
Level 137... done.
Level 138... done.
Level 139... done.
Level 140... done.
Level 141... done.
Level 142... done.
Level 143... done.
Level 144... done.
Level 145... done.
Level 146... done.
Level 147... done.
Level 148... done.
Level 149... done.
Level 150... done.
Level 151... done.
Level 152... done.
Level 153... done.
Level 154... done.
Level 155... done.
Level 156... done.
Level 157... done.
Level 158... done.
Level 159... done.
Level 160... done.
Level 161... done.
Level 162... done.
Level 163... done.
Level 164... done.
Level 165... done.
Level 166... done.
Level 167... done.
Level 168... done.
Level 169... done.
Level 170... done.
Level 171... done.
Level 172... done.
Level 173... done.
Level 174... done.
Level 175... done.
Level 176... done.
Level 177... done.
Level 178... done.
Level 179... done.
Level 180... done.
Level 181... done.
Level 182... done.
Level 183... done.
Level 184... done.
Level 185... done.
Level 186... done.
Level 187... done.
Level 188... done.
Level 189... done.
Level 190... done.
Level 191... done.
Level 192... done.
Level 193... done.
Level 194... done.
Level 195... done.
Level 196... done.
Level 197... done.
Level 198... done.
Level 199... done.
Level 200... done.
Level 201... done.
Level 202... done.
Level 203... done.
Level 204... done.
Level 205... done.
Level 206... done.
Level 207... done.
Level 208... done.
Level 209... done.
Level 210... done.
Level 211... done.
Level 212... done.
Level 213... done.
Level 214... done.
Level 215... done.
Level 216... done.
Level 217... done.
Level 218... done.
Level 219... done.
Level 220... done.
Level 221... done.
Level 222... done.
Level 223... done.
Level 224... done.
Level 225... done.
Level 226... done.
Level 227... done.
Level 228... done.
Level 229... done.
Level 230... done.
Level 231... done.
Level 232... done.
Level 233... done.
Level 234... done.
Level 235... done.
Level 236... done.
Level 237... done.
Level 238... done.
Level 239... done.
Level 240... done.
Level 241... done.
Level 242... done.
Level 243... done.
Level 244... done.
Level 245... done.
Level 246... done.
Level 247... done.
Level 248... done.
Level 249... done.
Level 250... done.
Level 251... done.
Level 252... done.
Level 253... done.
Level 254... done.
Level 255... done.
Level 256... done.
Level 257... done.
Level 258... done.
Level 259... done.
Level 260... done.
Level 261... done.
Level 262... done.
Level 263... done.
Level 264... done.
Level 265... done.
Level 266... done.
Level 267... done.
Level 268... done.
Level 269... done.
Level 270... done.
Level 271... done.
Level 272... done.
Level 273... done.
Level 274... done.
Level 275... done.
Level 276... done.
Level 277... done.
Level 278... done.
Level 279... done.
Level 280... done.
Level 281... done.
Level 282... done.
Level 283... done.
Level 284... done.
Level 285... done.
Level 286... done.
Level 287... done.
Level 288... done.
Level 289... done.
Level 290... done.
Level 291... done.
Level 292... done.
Level 293... done.
Level 294... done.
Level 295... done.
Level 296... done.
Level 297... done.
Level 298... done.
Level 299... done.
Level 300... done.
Level 301... done.
Level 302... done.
Level 303... done.
Level 304... done.
Level 305... done.
Level 306... done.
Level 307... done.
Level 308... done.
Level 309... done.
Level 310... done.
Level 311... done.
Level 312... done.
Level 313... done.
Level 314... done.
Level 315... done.
Level 316... done.
Level 317... done.
Level 318... done.
Level 319... done.
Level 320... done.
Level 321... done.
Level 322... done.
Level 323... done.
Level 324... done.
Level 325... done.
Level 326... done.
Level 327... done.
Level 328... done.
Level 329... done.
Level 330... done.
Level 331... done.
Level 332... done.
Level 333... done.
Level 334... done.
Level 335... done.
Level 336... done.
Level 337... done.
Level 338... done.
Level 339... done.
Level 340... done.
Level 341... done.
Level 342... done.
Level 343... done.
Level 344... done.
Level 345... done.
Level 346... done.
Level 347... done.
Level 348... done.
Level 349... done.
Level 350... done.
Level 351... done.
Level 352... done.
Level 353... done.
Level 354... done.
Level 355... done.
Level 356... done.
Level 357... done.
Level 358... done.
Level 359... done.
Level 360... done.
Level 361... done.
Level 362... done.
Level 363... done.
Level 364... done.
Level 365... done.
Level 366... done.
Level 367... done.
Level 368... done.
Level 369... done.
Level 370... done.
Level 371... done.
Level 372... done.
Level 373... done.
Level 374... done.
Level 375... done.
Level 376... done.
Level 377... done.
Level 378... done.
Level 379... done.
Level 380... done.
Level 381... done.
Level 382... done.
Level 383... done.
Level 384... done.
Level 385... done.
Level 386... done.
Level 387... done.
Level 388... done.
Level 389... done.
Level 390... done.
Level 391... done.
Level 392... done.
Level 393... done.
Level 394... done.
Level 395... done.
Level 396... done.
Level 397... done.
Level 398... done.
Level 399... done.
Level 400... done.
Level 401... done.
Level 402... done.
Level 403... done.
Level 404... done.
Level 405... done.
Level 406... done.
Level 407... done.
Level 408... done.
Level 409... done.
Level 410... done.
Level 411... done.
Level 412... done.
Level 413... done.
Level 414... done.
Level 415... done.
Level 416... done.
Level 417... done.
Level 418... done.
Level 419... done.
Level 420... done.
Level 421... done.
Level 422... done.
Level 423... done.
Level 424... done.
Level 425... done.
Level 426... done.
Level 427... done.
Level 428... done.
Level 429... done.
Level 430... done.
Level 431... done.
Level 432... done.
Level 433... done.
Level 434... done.
Level 435... done.
Level 436... done.
Level 437... done.
Level 438... done.
Level 439... done.
Level 440... done.
Level 441... done.
Level 442... done.
Level 443... done.
Level 444... done.
Level 445... done.
Level 446... done.
Level 447... done.
Level 448... done.
Level 449... done.
Level 450... done.
Level 451... done.
Level 452... done.
Level 453... done.
Level 454... done.
Level 455... done.
Level 456... done.
Level 457... done.
Level 458... done.
Level 459... done.
Level 460... done.
Level 461... done.
Level 462... done.
Level 463... done.
Level 464... done.
Level 465... done.
Level 466... done.
Level 467... done.
Level 468... done.
Level 469... done.
Level 470... done.
Level 471... done.
Level 472... done.
Level 473... done.
Level 474... done.
Level 475... done.
Level 476... done.
Level 477... done.
Level 478... done.
Level 479... done.
Level 480... done.
Level 481... done.
Level 482... done.
Level 483... done.
Level 484... done.
Level 485... done.
Level 486... done.
Level 487... done.
Level 488... done.
Level 489... done.
Level 490... done.
Level 491... done.
Level 492... done.
Level 493... done.
Level 494... done.
Level 495... done.
Level 496... done.
Level 497... done.
Level 498... done.
Level 499... done.
Level 500... done.
Level 501... done.
Level 502... done.
Level 503... done.
Level 504... done.
Level 505... done.
Level 506... done.
Level 507... done.
Level 508... done.
Level 509... done.
Level 510... done.
Level 511... done.
Level 512... done.
Level 513... done.
Level 514... done.
Level 515... done.
Level 516... done.
Level 517... done.
Level 518... done.
Level 519... done.
Level 520... done.
Level 521... done.
Level 522... done.
Level 523... done.
Level 524... done.
Level 525... done.
Level 526... done.
Level 527... done.
Level 528... done.
Level 529... done.
Level 530... done.
Level 531... done.
Level 532... done.
Level 533... done.
Level 534... done.
Level 535... done.
Level 536... done.
Level 537... done.
Level 538... done.
Level 539... done.
Level 540... done.
Level 541... done.
Level 542... done.
Level 543... done.
Level 544... done.
Level 545... done.
Level 546... done.
Level 547... done.
Level 548... done.
Level 549... done.
Level 550... done.
Level 551... done.
Level 552... done.
Level 553... done.
Level 554... done.
Level 555... done.
Level 556... done.
Level 557... done.
Level 558... done.
Level 559... done.
Level 560... done.
Level 561... done.
Level 562... done.
Level 563... done.
Level 564... done.
Level 565... done.
Level 566... done.
Level 567... done.
Level 568... done.
Level 569... done.
Level 570... done.
Level 571... done.
Level 572... done.
Level 573... done.
Level 574... done.
Level 575... done.
Level 576... done.
Level 577... done.
Level 578... done.
Level 579... done.
Level 580... done.
Level 581... done.
Level 582... done.
Level 583... done.
Level 584... done.
Level 585... done.
Level 586... done.
Level 587... done.
Level 588... done.
Level 589... done.
Level 590... done.
Level 591... done.
Level 592... done.
Level 593... done.
Level 594... done.
Level 595... done.
Level 596... done.
Level 597... done.
Level 598... done.
Level 599... done.
Level 600... done.
Level 601... done.
Level 602... done.
Level 603... done.
Level 604... done.
Level 605... done.
Level 606... done.
Level 607... done.
Level 608... done.
Level 609... done.
Level 610... done.
Level 611... done.
Level 612... done.
Level 613... done.
Level 614... done.
Level 615... done.
Level 616... done.
Level 617... done.
Level 618... done.
Level 619... done.
Level 620... done.
Level 621... done.
Level 622... done.
Level 623... done.
Level 624... done.
Level 625... done.
Level 626... done.
Level 627... done.
Level 628... done.
Level 629... done.
Level 630... done.
Level 631... done.
Level 632... done.
Level 633... done.
Level 634... done.
Level 635... done.
Level 636... done.
Level 637... done.
Level 638... done.
Level 639... done.
Level 640... done.
Level 641... done.
Level 642... done.
Level 643... done.
Level 644... done.
Level 645... done.
Level 646... done.
Level 647... done.
Level 648... done.
Level 649... done.
Level 650... done.
Level 651... done.
Level 652... done.
Level 653... done.
Level 654... done.
Level 655... done.
Level 656... done.
Level 657... done.
Level 658... done.
Level 659... done.
Level 660... done.
Level 661... done.
Level 662... done.
Level 663... done.
Level 664... done.
Level 665... done.
Level 666... done.
Level 667... done.
Level 668... done.
Level 669... done.
Level 670... done.
Level 671... done.
Level 672... done.
Level 673... done.
Level 674... done.
Level 675... done.
Level 676... done.
Level 677... done.
Level 678... done.
Level 679... done.
Level 680... done.
Level 681... done.
Level 682... done.
Level 683... done.
Level 684... done.
Level 685... done.
Level 686... done.
Level 687... done.
Level 688... done.
Level 689... done.
Level 690... done.
Level 691... done.
Level 692... done.
Level 693... done.
Level 694... done.
Level 695... done.
Level 696... done.
Level 697... done.
Level 698... done.
Level 699... done.
Level 700... done.
Level 701... done.
Level 702... done.
Level 703... done.
Level 704... done.
Level 705... done.
Level 706... done.
Level 707... done.
Level 708... done.
Level 709... done.
Level 710... done.
Level 711... done.
Level 712... done.
Level 713... done.
Level 714... done.
Level 715... done.
Level 716... done.
Level 717... done.
Level 718... done.
Level 719... done.
Level 720... done.
Level 721... done.
PAR Time: 698.013338
Final states: 5634903909420424192 states
Final states: 76693 BDD nodes
[1468600383.967188] [node059:3705 :0]         sys.c:744  MXM  WARN  Conflicting CPU frequencies detected, using: 1998.56
[1468600383.972587] [node058:28548:0]         sys.c:744  MXM  WARN  Conflicting CPU frequencies detected, using: 1796.81
[1468600383.962282] [node056:3836 :0]         sys.c:744  MXM  WARN  Conflicting CPU frequencies detected, using: 1996.03
[1468600383.967533] [node055:8424 :0]         sys.c:744  MXM  WARN  Conflicting CPU frequencies detected, using: 1397.44
[1468600383.966296] [node060:25263:0]         sys.c:744  MXM  WARN  Conflicting CPU frequencies detected, using: 1839.38
[1468600383.971290] [node057:10608:0]         sys.c:744  MXM  WARN  Conflicting CPU frequencies detected, using: 1796.72
[1468600383.968485] [node054:17626:0]         sys.c:744  MXM  WARN  Conflicting CPU frequencies detected, using: 1896.00
[1468600383.602501] [node053:19147:0]         sys.c:744  MXM  WARN  Conflicting CPU frequencies detected, using: 1587.09
[1468600383.582563] [node053:19103:0]         sys.c:744  MXM  WARN  Conflicting CPU frequencies detected, using: 1497.47
