performing reachability, flags: -n 128 -N 8 -shared-heap 16GB --tablesize=26 --cachesize=25  
This is upcrun, job spawner for the Berkeley UPC compiler (http://upc.lbl.gov).
upcrun version 2.22.2
Network conduits supported by this installation: smp mxm ibv
[1468841787.350730] [node016:9107 :0]         sys.c:744  MXM  WARN  Conflicting CPU frequencies detected, using: 2090.06
[1468841787.359721] [node016:9107 :0]         mxm.c:196  MXM  WARN  The 'ulimit -s' on the system is set to 'unlimited'. This may have negative performance implications. Please set the stack size to the default value (10240) 
[1468841787.350730] [node016:9107 :0]         sys.c:744  MXM  WARN  Conflicting CPU frequencies detected, using: 2090.06
[1468841787.358274] [node016:9107 :0]         mxm.c:196  MXM  WARN  The 'ulimit -s' on the system is set to 'unlimited'. This may have negative performance implications. Please set the stack size to the default value (10240) 
[1468841787.350730] [node016:9107 :0]         sys.c:744  MXM  WARN  Conflicting CPU frequencies detected, using: 2090.06
[1468841787.359443] [node016:9107 :0]         mxm.c:196  MXM  WARN  The 'ulimit -s' on the system is set to 'unlimited'. This may have negative performance implications. Please set the stack size to the default value (10240) 
[1468841787.350730] [node016:9107 :0]         sys.c:744  MXM  WARN  Conflicting CPU frequencies detected, using: 2090.06
[1468841787.360569] [node016:9107 :0]         mxm.c:196  MXM  WARN  The 'ulimit -s' on the system is set to 'unlimited'. This may have negative performance implications. Please set the stack size to the default value (10240) 
[1468841787.350730] [node016:9107 :0]         sys.c:744  MXM  WARN  Conflicting CPU frequencies detected, using: 2090.06
[1468841787.360309] [node016:9107 :0]         mxm.c:196  MXM  WARN  The 'ulimit -s' on the system is set to 'unlimited'. This may have negative performance implications. Please set the stack size to the default value (10240) 
[1468841787.350730] [node016:9107 :0]         sys.c:744  MXM  WARN  Conflicting CPU frequencies detected, using: 2090.06
[1468841787.361553] [node016:9107 :0]         mxm.c:196  MXM  WARN  The 'ulimit -s' on the system is set to 'unlimited'. This may have negative performance implications. Please set the stack size to the default value (10240) 
[1468841787.350730] [node016:9107 :0]         sys.c:744  MXM  WARN  Conflicting CPU frequencies detected, using: 2090.06
[1468841787.361176] [node016:9107 :0]         mxm.c:196  MXM  WARN  The 'ulimit -s' on the system is set to 'unlimited'. This may have negative performance implications. Please set the stack size to the default value (10240) 
[1468841787.350730] [node016:9107 :0]         sys.c:744  MXM  WARN  Conflicting CPU frequencies detected, using: 2090.06
[1468841787.362101] [node016:9107 :0]         mxm.c:196  MXM  WARN  The 'ulimit -s' on the system is set to 'unlimited'. This may have negative performance implications. Please set the stack size to the default value (10240) 
[1468841787.350730] [node016:9107 :0]         sys.c:744  MXM  WARN  Conflicting CPU frequencies detected, using: 2090.06
[1468841787.362418] [node016:9107 :0]         mxm.c:196  MXM  WARN  The 'ulimit -s' on the system is set to 'unlimited'. This may have negative performance implications. Please set the stack size to the default value (10240) 
[1468841787.350730] [node016:9107 :0]         sys.c:744  MXM  WARN  Conflicting CPU frequencies detected, using: 2090.06
[1468841787.358663] [node016:9107 :0]         mxm.c:196  MXM  WARN  The 'ulimit -s' on the system is set to 'unlimited'. This may have negative performance implications. Please set the stack size to the default value (10240) 
[1468841787.350730] [node016:9107 :0]         sys.c:744  MXM  WARN  Conflicting CPU frequencies detected, using: 2090.06
[1468841787.359252] [node016:9107 :0]         mxm.c:196  MXM  WARN  The 'ulimit -s' on the system is set to 'unlimited'. This may have negative performance implications. Please set the stack size to the default value (10240) 
[1468841787.350730] [node016:9107 :0]         sys.c:744  MXM  WARN  Conflicting CPU frequencies detected, using: 2090.06
[1468841787.357849] [node016:9107 :0]         mxm.c:196  MXM  WARN  The 'ulimit -s' on the system is set to 'unlimited'. This may have negative performance implications. Please set the stack size to the default value (10240) 
[1468841787.350730] [node016:9107 :0]         sys.c:744  MXM  WARN  Conflicting CPU frequencies detected, using: 2090.06
[1468841787.362238] [node016:9107 :0]         mxm.c:196  MXM  WARN  The 'ulimit -s' on the system is set to 'unlimited'. This may have negative performance implications. Please set the stack size to the default value (10240) 
[1468841787.350730] [node016:9107 :0]         sys.c:744  MXM  WARN  Conflicting CPU frequencies detected, using: 2090.06
[1468841787.362733] [node016:9107 :0]         mxm.c:196  MXM  WARN  The 'ulimit -s' on the system is set to 'unlimited'. This may have negative performance implications. Please set the stack size to the default value (10240) 
[1468841787.350730] [node016:9107 :0]         sys.c:744  MXM  WARN  Conflicting CPU frequencies detected, using: 2090.06
[1468841787.363061] [node016:9107 :0]         mxm.c:196  MXM  WARN  The 'ulimit -s' on the system is set to 'unlimited'. This may have negative performance implications. Please set the stack size to the default value (10240) 
[1468841787.350730] [node016:9107 :0]         sys.c:744  MXM  WARN  Conflicting CPU frequencies detected, using: 2090.06
[1468841787.363348] [node016:9107 :0]         mxm.c:196  MXM  WARN  The 'ulimit -s' on the system is set to 'unlimited'. This may have negative performance implications. Please set the stack size to the default value (10240) 
[1468841787.708533] [node017:3865 :0]         sys.c:744  MXM  WARN  Conflicting CPU frequencies detected, using: 1648.88
[1468841787.750867] [node017:3865 :0]         mxm.c:196  MXM  WARN  The 'ulimit -s' on the system is set to 'unlimited'. This may have negative performance implications. Please set the stack size to the default value (10240) 
[1468841787.706867] [node023:10290:0]         sys.c:744  MXM  WARN  Conflicting CPU frequencies detected, using: 1897.69
[1468841787.721013] [node022:5684 :0]         sys.c:744  MXM  WARN  Conflicting CPU frequencies detected, using: 1399.22
[1468841787.756110] [node022:5684 :0]         mxm.c:196  MXM  WARN  The 'ulimit -s' on the system is set to 'unlimited'. This may have negative performance implications. Please set the stack size to the default value (10240) 
[1468841787.708533] [node017:3865 :0]         sys.c:744  MXM  WARN  Conflicting CPU frequencies detected, using: 1648.88
[1468841787.758961] [node017:3865 :0]         mxm.c:196  MXM  WARN  The 'ulimit -s' on the system is set to 'unlimited'. This may have negative performance implications. Please set the stack size to the default value (10240) 
[1468841787.708533] [node017:3865 :0]         sys.c:744  MXM  WARN  Conflicting CPU frequencies detected, using: 1648.88
[1468841787.759760] [node017:3865 :0]         mxm.c:196  MXM  WARN  The 'ulimit -s' on the system is set to 'unlimited'. This may have negative performance implications. Please set the stack size to the default value (10240) 
[1468841787.706867] [node023:10290:0]         sys.c:744  MXM  WARN  Conflicting CPU frequencies detected, using: 1897.69
[1468841787.756904] [node023:10290:0]         mxm.c:196  MXM  WARN  The 'ulimit -s' on the system is set to 'unlimited'. This may have negative performance implications. Please set the stack size to the default value (10240) 
[1468841787.708626] [node020:23803:0]         sys.c:744  MXM  WARN  Conflicting CPU frequencies detected, using: 1996.22
[1468841787.756304] [node020:23803:0]         mxm.c:196  MXM  WARN  The 'ulimit -s' on the system is set to 'unlimited'. This may have negative performance implications. Please set the stack size to the default value (10240) 
[1468841787.708626] [node020:23803:0]         sys.c:744  MXM  WARN  Conflicting CPU frequencies detected, using: 1996.22
[1468841787.710284] [node018:1909 :0]         sys.c:744  MXM  WARN  Conflicting CPU frequencies detected, using: 2073.56
[1468841787.759040] [node018:1909 :0]         mxm.c:196  MXM  WARN  The 'ulimit -s' on the system is set to 'unlimited'. This may have negative performance implications. Please set the stack size to the default value (10240) 
[1468841787.708626] [node020:23803:0]         sys.c:744  MXM  WARN  Conflicting CPU frequencies detected, using: 1996.22
[1468841787.757813] [node020:23803:0]         mxm.c:196  MXM  WARN  The 'ulimit -s' on the system is set to 'unlimited'. This may have negative performance implications. Please set the stack size to the default value (10240) 
[1468841787.708533] [node017:3865 :0]         sys.c:744  MXM  WARN  Conflicting CPU frequencies detected, using: 1648.88
[1468841787.761297] [node017:3865 :0]         mxm.c:196  MXM  WARN  The 'ulimit -s' on the system is set to 'unlimited'. This may have negative performance implications. Please set the stack size to the default value (10240) 
[1468841787.708533] [node017:3865 :0]         sys.c:744  MXM  WARN  Conflicting CPU frequencies detected, using: 1648.88
[1468841787.708533] [node017:3865 :0]         sys.c:744  MXM  WARN  Conflicting CPU frequencies detected, using: 1648.88
[1468841787.708533] [node017:3865 :0]         sys.c:744  MXM  WARN  Conflicting CPU frequencies detected, using: 1648.88
[1468841787.708533] [node017:3865 :0]         sys.c:744  MXM  WARN  Conflicting CPU frequencies detected, using: 1648.88
[1468841787.708533] [node017:3865 :0]         sys.c:744  MXM  WARN  Conflicting CPU frequencies detected, using: 1648.88
[1468841787.706867] [node023:10290:0]         sys.c:744  MXM  WARN  Conflicting CPU frequencies detected, using: 1897.69
[1468841787.708533] [node017:3865 :0]         sys.c:744  MXM  WARN  Conflicting CPU frequencies detected, using: 1648.88
[1468841787.706867] [node023:10290:0]         sys.c:744  MXM  WARN  Conflicting CPU frequencies detected, using: 1897.69
[1468841787.706867] [node023:10290:0]         sys.c:744  MXM  WARN  Conflicting CPU frequencies detected, using: 1897.69
[1468841787.708533] [node017:3865 :0]         sys.c:744  MXM  WARN  Conflicting CPU frequencies detected, using: 1648.88
[1468841787.708533] [node017:3865 :0]         sys.c:744  MXM  WARN  Conflicting CPU frequencies detected, using: 1648.88
[1468841787.708626] [node020:23803:0]         sys.c:744  MXM  WARN  Conflicting CPU frequencies detected, using: 1996.22
[1468841787.760325] [node020:23803:0]         mxm.c:196  MXM  WARN  The 'ulimit -s' on the system is set to 'unlimited'. This may have negative performance implications. Please set the stack size to the default value (10240) 
[1468841787.710284] [node018:1909 :0]         sys.c:744  MXM  WARN  Conflicting CPU frequencies detected, using: 2073.56
[1468841787.762250] [node018:1909 :0]         mxm.c:196  MXM  WARN  The 'ulimit -s' on the system is set to 'unlimited'. This may have negative performance implications. Please set the stack size to the default value (10240) 
[1468841787.706867] [node023:10290:0]         sys.c:744  MXM  WARN  Conflicting CPU frequencies detected, using: 1897.69
[1468841787.706867] [node023:10290:0]         sys.c:744  MXM  WARN  Conflicting CPU frequencies detected, using: 1897.69
[1468841787.706867] [node023:10290:0]         sys.c:744  MXM  WARN  Conflicting CPU frequencies detected, using: 1897.69
[1468841787.708533] [node017:3865 :0]         sys.c:744  MXM  WARN  Conflicting CPU frequencies detected, using: 1648.88
[1468841787.708626] [node020:23803:0]         sys.c:744  MXM  WARN  Conflicting CPU frequencies detected, using: 1996.22
[1468841787.708533] [node017:3865 :0]         sys.c:744  MXM  WARN  Conflicting CPU frequencies detected, using: 1648.88
[1468841787.706867] [node023:10290:0]         sys.c:744  MXM  WARN  Conflicting CPU frequencies detected, using: 1897.69
[1468841787.708533] [node017:3865 :0]         sys.c:744  MXM  WARN  Conflicting CPU frequencies detected, using: 1648.88
[1468841787.706867] [node023:10290:0]         sys.c:744  MXM  WARN  Conflicting CPU frequencies detected, using: 1897.69
[1468841787.706867] [node023:10290:0]         sys.c:744  MXM  WARN  Conflicting CPU frequencies detected, using: 1897.69
[1468841787.708626] [node020:23803:0]         sys.c:744  MXM  WARN  Conflicting CPU frequencies detected, using: 1996.22
[1468841787.708626] [node020:23803:0]         sys.c:744  MXM  WARN  Conflicting CPU frequencies detected, using: 1996.22
[1468841787.706867] [node023:10290:0]         sys.c:744  MXM  WARN  Conflicting CPU frequencies detected, using: 1897.69
[1468841787.710284] [node018:1909 :0]         sys.c:744  MXM  WARN  Conflicting CPU frequencies detected, using: 2073.56
[1468841787.710284] [node018:1909 :0]         sys.c:744  MXM  WARN  Conflicting CPU frequencies detected, using: 2073.56
[1468841787.763769] [node018:1909 :0]         mxm.c:196  MXM  WARN  The 'ulimit -s' on the system is set to 'unlimited'. This may have negative performance implications. Please set the stack size to the default value (10240) 
[1468841787.708626] [node020:23803:0]         sys.c:744  MXM  WARN  Conflicting CPU frequencies detected, using: 1996.22
[1468841787.706867] [node023:10290:0]         sys.c:744  MXM  WARN  Conflicting CPU frequencies detected, using: 1897.69
[1468841787.708626] [node020:23803:0]         sys.c:744  MXM  WARN  Conflicting CPU frequencies detected, using: 1996.22
[1468841787.710284] [node018:1909 :0]         sys.c:744  MXM  WARN  Conflicting CPU frequencies detected, using: 2073.56
[1468841787.710284] [node018:1909 :0]         sys.c:744  MXM  WARN  Conflicting CPU frequencies detected, using: 2073.56
[1468841787.706867] [node023:10290:0]         sys.c:744  MXM  WARN  Conflicting CPU frequencies detected, using: 1897.69
[1468841787.708626] [node020:23803:0]         sys.c:744  MXM  WARN  Conflicting CPU frequencies detected, using: 1996.22
[1468841787.721013] [node022:5684 :0]         sys.c:744  MXM  WARN  Conflicting CPU frequencies detected, using: 1399.22
[1468841787.763372] [node022:5684 :0]         mxm.c:196  MXM  WARN  The 'ulimit -s' on the system is set to 'unlimited'. This may have negative performance implications. Please set the stack size to the default value (10240) 
[1468841787.708626] [node020:23803:0]         sys.c:744  MXM  WARN  Conflicting CPU frequencies detected, using: 1996.22
[1468841787.710284] [node018:1909 :0]         sys.c:744  MXM  WARN  Conflicting CPU frequencies detected, using: 2073.56
[1468841787.710284] [node018:1909 :0]         sys.c:744  MXM  WARN  Conflicting CPU frequencies detected, using: 2073.56
[1468841787.708626] [node020:23803:0]         sys.c:744  MXM  WARN  Conflicting CPU frequencies detected, using: 1996.22
[1468841787.710284] [node018:1909 :0]         sys.c:744  MXM  WARN  Conflicting CPU frequencies detected, using: 2073.56
[1468841787.708626] [node020:23803:0]         sys.c:744  MXM  WARN  Conflicting CPU frequencies detected, using: 1996.22
[1468841787.763572] [node020:23803:0]         mxm.c:196  MXM  WARN  The 'ulimit -s' on the system is set to 'unlimited'. This may have negative performance implications. Please set the stack size to the default value (10240) 
[1468841787.708626] [node020:23803:0]         sys.c:744  MXM  WARN  Conflicting CPU frequencies detected, using: 1996.22
[1468841787.710284] [node018:1909 :0]         sys.c:744  MXM  WARN  Conflicting CPU frequencies detected, using: 2073.56
[1468841787.708626] [node020:23803:0]         sys.c:744  MXM  WARN  Conflicting CPU frequencies detected, using: 1996.22
[1468841787.710284] [node018:1909 :0]         sys.c:744  MXM  WARN  Conflicting CPU frequencies detected, using: 2073.56
[1468841787.710284] [node018:1909 :0]         sys.c:744  MXM  WARN  Conflicting CPU frequencies detected, using: 2073.56
[1468841787.710284] [node018:1909 :0]         sys.c:744  MXM  WARN  Conflicting CPU frequencies detected, using: 2073.56
[1468841787.721013] [node022:5684 :0]         sys.c:744  MXM  WARN  Conflicting CPU frequencies detected, using: 1399.22
[1468841787.769012] [node022:5684 :0]         mxm.c:196  MXM  WARN  The 'ulimit -s' on the system is set to 'unlimited'. This may have negative performance implications. Please set the stack size to the default value (10240) 
[1468841787.721013] [node022:5684 :0]         sys.c:744  MXM  WARN  Conflicting CPU frequencies detected, using: 1399.22
[1468841787.773008] [node022:5684 :0]         mxm.c:196  MXM  WARN  The 'ulimit -s' on the system is set to 'unlimited'. This may have negative performance implications. Please set the stack size to the default value (10240) 
[1468841787.721013] [node022:5684 :0]         sys.c:744  MXM  WARN  Conflicting CPU frequencies detected, using: 1399.22
[1468841787.721013] [node022:5684 :0]         sys.c:744  MXM  WARN  Conflicting CPU frequencies detected, using: 1399.22
[1468841787.721013] [node022:5684 :0]         sys.c:744  MXM  WARN  Conflicting CPU frequencies detected, using: 1399.22
[1468841787.721013] [node022:5684 :0]         sys.c:744  MXM  WARN  Conflicting CPU frequencies detected, using: 1399.22
[1468841787.721013] [node022:5684 :0]         sys.c:744  MXM  WARN  Conflicting CPU frequencies detected, using: 1399.22
[1468841787.775421] [node022:5684 :0]         mxm.c:196  MXM  WARN  The 'ulimit -s' on the system is set to 'unlimited'. This may have negative performance implications. Please set the stack size to the default value (10240) 
[1468841787.721013] [node022:5684 :0]         sys.c:744  MXM  WARN  Conflicting CPU frequencies detected, using: 1399.22
[1468841787.721013] [node022:5684 :0]         sys.c:744  MXM  WARN  Conflicting CPU frequencies detected, using: 1399.22
[1468841787.721013] [node022:5684 :0]         sys.c:744  MXM  WARN  Conflicting CPU frequencies detected, using: 1399.22
[1468841787.721013] [node022:5684 :0]         sys.c:744  MXM  WARN  Conflicting CPU frequencies detected, using: 1399.22
[1468841787.721013] [node022:5684 :0]         sys.c:744  MXM  WARN  Conflicting CPU frequencies detected, using: 1399.22
[1468841787.721013] [node022:5684 :0]         sys.c:744  MXM  WARN  Conflicting CPU frequencies detected, using: 1399.22
[1468841787.801192] [node017:3865 :0]         mxm.c:196  MXM  WARN  The 'ulimit -s' on the system is set to 'unlimited'. This may have negative performance implications. Please set the stack size to the default value (10240) 
[1468841787.699050] [node021:27508:0]         sys.c:744  MXM  WARN  Conflicting CPU frequencies detected, using: 2078.53
[1468841787.709853] [node021:27508:0]         mxm.c:196  MXM  WARN  The 'ulimit -s' on the system is set to 'unlimited'. This may have negative performance implications. Please set the stack size to the default value (10240) 
[1468841787.699050] [node021:27508:0]         sys.c:744  MXM  WARN  Conflicting CPU frequencies detected, using: 2078.53
[1468841787.710486] [node021:27508:0]         mxm.c:196  MXM  WARN  The 'ulimit -s' on the system is set to 'unlimited'. This may have negative performance implications. Please set the stack size to the default value (10240) 
[1468841787.699050] [node021:27508:0]         sys.c:744  MXM  WARN  Conflicting CPU frequencies detected, using: 2078.53
[1468841787.706906] [node021:27508:0]         mxm.c:196  MXM  WARN  The 'ulimit -s' on the system is set to 'unlimited'. This may have negative performance implications. Please set the stack size to the default value (10240) 
[1468841787.699050] [node021:27508:0]         sys.c:744  MXM  WARN  Conflicting CPU frequencies detected, using: 2078.53
[1468841787.705217] [node021:27508:0]         mxm.c:196  MXM  WARN  The 'ulimit -s' on the system is set to 'unlimited'. This may have negative performance implications. Please set the stack size to the default value (10240) 
[1468841787.699050] [node021:27508:0]         sys.c:744  MXM  WARN  Conflicting CPU frequencies detected, using: 2078.53
[1468841787.707969] [node021:27508:0]         mxm.c:196  MXM  WARN  The 'ulimit -s' on the system is set to 'unlimited'. This may have negative performance implications. Please set the stack size to the default value (10240) 
[1468841787.717616] [node019:3329 :0]         sys.c:744  MXM  WARN  Conflicting CPU frequencies detected, using: 1439.72
[1468841787.728859] [node019:3329 :0]         mxm.c:196  MXM  WARN  The 'ulimit -s' on the system is set to 'unlimited'. This may have negative performance implications. Please set the stack size to the default value (10240) 
[1468841787.699050] [node021:27508:0]         sys.c:744  MXM  WARN  Conflicting CPU frequencies detected, using: 2078.53
[1468841787.708154] [node021:27508:0]         mxm.c:196  MXM  WARN  The 'ulimit -s' on the system is set to 'unlimited'. This may have negative performance implications. Please set the stack size to the default value (10240) 
[1468841787.717616] [node019:3329 :0]         sys.c:744  MXM  WARN  Conflicting CPU frequencies detected, using: 1439.72
[1468841787.725526] [node019:3329 :0]         mxm.c:196  MXM  WARN  The 'ulimit -s' on the system is set to 'unlimited'. This may have negative performance implications. Please set the stack size to the default value (10240) 
[1468841787.717616] [node019:3329 :0]         sys.c:744  MXM  WARN  Conflicting CPU frequencies detected, using: 1439.72
[1468841787.730011] [node019:3329 :0]         mxm.c:196  MXM  WARN  The 'ulimit -s' on the system is set to 'unlimited'. This may have negative performance implications. Please set the stack size to the default value (10240) 
[1468841787.717616] [node019:3329 :0]         sys.c:744  MXM  WARN  Conflicting CPU frequencies detected, using: 1439.72
[1468841787.727840] [node019:3329 :0]         mxm.c:196  MXM  WARN  The 'ulimit -s' on the system is set to 'unlimited'. This may have negative performance implications. Please set the stack size to the default value (10240) 
[1468841787.717616] [node019:3329 :0]         sys.c:744  MXM  WARN  Conflicting CPU frequencies detected, using: 1439.72
[1468841787.727942] [node019:3329 :0]         mxm.c:196  MXM  WARN  The 'ulimit -s' on the system is set to 'unlimited'. This may have negative performance implications. Please set the stack size to the default value (10240) 
[1468841787.717616] [node019:3329 :0]         sys.c:744  MXM  WARN  Conflicting CPU frequencies detected, using: 1439.72
[1468841787.730225] [node019:3329 :0]         mxm.c:196  MXM  WARN  The 'ulimit -s' on the system is set to 'unlimited'. This may have negative performance implications. Please set the stack size to the default value (10240) 
[1468841787.717616] [node019:3329 :0]         sys.c:744  MXM  WARN  Conflicting CPU frequencies detected, using: 1439.72
[1468841787.725636] [node019:3329 :0]         mxm.c:196  MXM  WARN  The 'ulimit -s' on the system is set to 'unlimited'. This may have negative performance implications. Please set the stack size to the default value (10240) 
[1468841787.699050] [node021:27508:0]         sys.c:744  MXM  WARN  Conflicting CPU frequencies detected, using: 2078.53
[1468841787.710719] [node021:27508:0]         mxm.c:196  MXM  WARN  The 'ulimit -s' on the system is set to 'unlimited'. This may have negative performance implications. Please set the stack size to the default value (10240) 
[1468841787.717616] [node019:3329 :0]         sys.c:744  MXM  WARN  Conflicting CPU frequencies detected, using: 1439.72
[1468841787.730715] [node019:3329 :0]         mxm.c:196  MXM  WARN  The 'ulimit -s' on the system is set to 'unlimited'. This may have negative performance implications. Please set the stack size to the default value (10240) 
[1468841787.717616] [node019:3329 :0]         sys.c:744  MXM  WARN  Conflicting CPU frequencies detected, using: 1439.72
[1468841787.729608] [node019:3329 :0]         mxm.c:196  MXM  WARN  The 'ulimit -s' on the system is set to 'unlimited'. This may have negative performance implications. Please set the stack size to the default value (10240) 
[1468841787.699050] [node021:27508:0]         sys.c:744  MXM  WARN  Conflicting CPU frequencies detected, using: 2078.53
[1468841787.710268] [node021:27508:0]         mxm.c:196  MXM  WARN  The 'ulimit -s' on the system is set to 'unlimited'. This may have negative performance implications. Please set the stack size to the default value (10240) 
[1468841787.717616] [node019:3329 :0]         sys.c:744  MXM  WARN  Conflicting CPU frequencies detected, using: 1439.72
[1468841787.728609] [node019:3329 :0]         mxm.c:196  MXM  WARN  The 'ulimit -s' on the system is set to 'unlimited'. This may have negative performance implications. Please set the stack size to the default value (10240) 
[1468841787.699050] [node021:27508:0]         sys.c:744  MXM  WARN  Conflicting CPU frequencies detected, using: 2078.53
[1468841787.708930] [node021:27508:0]         mxm.c:196  MXM  WARN  The 'ulimit -s' on the system is set to 'unlimited'. This may have negative performance implications. Please set the stack size to the default value (10240) 
[1468841787.717616] [node019:3329 :0]         sys.c:744  MXM  WARN  Conflicting CPU frequencies detected, using: 1439.72
[1468841787.729444] [node019:3329 :0]         mxm.c:196  MXM  WARN  The 'ulimit -s' on the system is set to 'unlimited'. This may have negative performance implications. Please set the stack size to the default value (10240) 
[1468841787.699050] [node021:27508:0]         sys.c:744  MXM  WARN  Conflicting CPU frequencies detected, using: 2078.53
[1468841787.710365] [node021:27508:0]         mxm.c:196  MXM  WARN  The 'ulimit -s' on the system is set to 'unlimited'. This may have negative performance implications. Please set the stack size to the default value (10240) 
[1468841787.699050] [node021:27508:0]         sys.c:744  MXM  WARN  Conflicting CPU frequencies detected, using: 2078.53
[1468841787.706729] [node021:27508:0]         mxm.c:196  MXM  WARN  The 'ulimit -s' on the system is set to 'unlimited'. This may have negative performance implications. Please set the stack size to the default value (10240) 
[1468841787.699050] [node021:27508:0]         sys.c:744  MXM  WARN  Conflicting CPU frequencies detected, using: 2078.53
[1468841787.706322] [node021:27508:0]         mxm.c:196  MXM  WARN  The 'ulimit -s' on the system is set to 'unlimited'. This may have negative performance implications. Please set the stack size to the default value (10240) 
[1468841787.699050] [node021:27508:0]         sys.c:744  MXM  WARN  Conflicting CPU frequencies detected, using: 2078.53
[1468841787.706057] [node021:27508:0]         mxm.c:196  MXM  WARN  The 'ulimit -s' on the system is set to 'unlimited'. This may have negative performance implications. Please set the stack size to the default value (10240) 
[1468841787.699050] [node021:27508:0]         sys.c:744  MXM  WARN  Conflicting CPU frequencies detected, using: 2078.53
[1468841787.705482] [node021:27508:0]         mxm.c:196  MXM  WARN  The 'ulimit -s' on the system is set to 'unlimited'. This may have negative performance implications. Please set the stack size to the default value (10240) 
[1468841787.717616] [node019:3329 :0]         sys.c:744  MXM  WARN  Conflicting CPU frequencies detected, using: 1439.72
[1468841787.724651] [node019:3329 :0]         mxm.c:196  MXM  WARN  The 'ulimit -s' on the system is set to 'unlimited'. This may have negative performance implications. Please set the stack size to the default value (10240) 
[1468841787.699050] [node021:27508:0]         sys.c:744  MXM  WARN  Conflicting CPU frequencies detected, using: 2078.53
[1468841787.709751] [node021:27508:0]         mxm.c:196  MXM  WARN  The 'ulimit -s' on the system is set to 'unlimited'. This may have negative performance implications. Please set the stack size to the default value (10240) 
[1468841787.717616] [node019:3329 :0]         sys.c:744  MXM  WARN  Conflicting CPU frequencies detected, using: 1439.72
[1468841787.728746] [node019:3329 :0]         mxm.c:196  MXM  WARN  The 'ulimit -s' on the system is set to 'unlimited'. This may have negative performance implications. Please set the stack size to the default value (10240) 
[1468841787.699050] [node021:27508:0]         sys.c:744  MXM  WARN  Conflicting CPU frequencies detected, using: 2078.53
[1468841787.711102] [node021:27508:0]         mxm.c:196  MXM  WARN  The 'ulimit -s' on the system is set to 'unlimited'. This may have negative performance implications. Please set the stack size to the default value (10240) 
[1468841787.717616] [node019:3329 :0]         sys.c:744  MXM  WARN  Conflicting CPU frequencies detected, using: 1439.72
[1468841787.724972] [node019:3329 :0]         mxm.c:196  MXM  WARN  The 'ulimit -s' on the system is set to 'unlimited'. This may have negative performance implications. Please set the stack size to the default value (10240) 
[1468841787.717616] [node019:3329 :0]         sys.c:744  MXM  WARN  Conflicting CPU frequencies detected, using: 1439.72
[1468841787.730417] [node019:3329 :0]         mxm.c:196  MXM  WARN  The 'ulimit -s' on the system is set to 'unlimited'. This may have negative performance implications. Please set the stack size to the default value (10240) 
[1468841787.717616] [node019:3329 :0]         sys.c:744  MXM  WARN  Conflicting CPU frequencies detected, using: 1439.72
[1468841787.729303] [node019:3329 :0]         mxm.c:196  MXM  WARN  The 'ulimit -s' on the system is set to 'unlimited'. This may have negative performance implications. Please set the stack size to the default value (10240) 
[1468841787.708533] [node017:3865 :0]         sys.c:744  MXM  WARN  Conflicting CPU frequencies detected, using: 1648.88
[1468841787.740626] [node017:3865 :0]         mxm.c:196  MXM  WARN  The 'ulimit -s' on the system is set to 'unlimited'. This may have negative performance implications. Please set the stack size to the default value (10240) 
[1468841787.768689] [node018:1909 :0]         mxm.c:196  MXM  WARN  The 'ulimit -s' on the system is set to 'unlimited'. This may have negative performance implications. Please set the stack size to the default value (10240) 
[1468841787.795699] [node023:10290:0]         mxm.c:196  MXM  WARN  The 'ulimit -s' on the system is set to 'unlimited'. This may have negative performance implications. Please set the stack size to the default value (10240) 
[1468841787.708626] [node020:23803:0]         sys.c:744  MXM  WARN  Conflicting CPU frequencies detected, using: 1996.22
[1468841787.754024] [node020:23803:0]         mxm.c:196  MXM  WARN  The 'ulimit -s' on the system is set to 'unlimited'. This may have negative performance implications. Please set the stack size to the default value (10240) 
[1468841787.765858] [node020:23803:0]         mxm.c:196  MXM  WARN  The 'ulimit -s' on the system is set to 'unlimited'. This may have negative performance implications. Please set the stack size to the default value (10240) 
[1468841787.768557] [node023:10290:0]         mxm.c:196  MXM  WARN  The 'ulimit -s' on the system is set to 'unlimited'. This may have negative performance implications. Please set the stack size to the default value (10240) 
[1468841787.781299] [node017:3865 :0]         mxm.c:196  MXM  WARN  The 'ulimit -s' on the system is set to 'unlimited'. This may have negative performance implications. Please set the stack size to the default value (10240) 
[1468841787.769700] [node017:3865 :0]         mxm.c:196  MXM  WARN  The 'ulimit -s' on the system is set to 'unlimited'. This may have negative performance implications. Please set the stack size to the default value (10240) 
[1468841787.706867] [node023:10290:0]         sys.c:744  MXM  WARN  Conflicting CPU frequencies detected, using: 1897.69
[1468841787.741772] [node023:10290:0]         mxm.c:196  MXM  WARN  The 'ulimit -s' on the system is set to 'unlimited'. This may have negative performance implications. Please set the stack size to the default value (10240) 
[1468841787.789661] [node023:10290:0]         mxm.c:196  MXM  WARN  The 'ulimit -s' on the system is set to 'unlimited'. This may have negative performance implications. Please set the stack size to the default value (10240) 
[1468841787.757078] [node020:23803:0]         mxm.c:196  MXM  WARN  The 'ulimit -s' on the system is set to 'unlimited'. This may have negative performance implications. Please set the stack size to the default value (10240) 
[1468841787.792611] [node022:5684 :0]         mxm.c:196  MXM  WARN  The 'ulimit -s' on the system is set to 'unlimited'. This may have negative performance implications. Please set the stack size to the default value (10240) 
[1468841787.766641] [node017:3865 :0]         mxm.c:196  MXM  WARN  The 'ulimit -s' on the system is set to 'unlimited'. This may have negative performance implications. Please set the stack size to the default value (10240) 
[1468841787.789097] [node022:5684 :0]         mxm.c:196  MXM  WARN  The 'ulimit -s' on the system is set to 'unlimited'. This may have negative performance implications. Please set the stack size to the default value (10240) 
[1468841787.751305] [node023:10290:0]         mxm.c:196  MXM  WARN  The 'ulimit -s' on the system is set to 'unlimited'. This may have negative performance implications. Please set the stack size to the default value (10240) 
[1468841787.769441] [node018:1909 :0]         mxm.c:196  MXM  WARN  The 'ulimit -s' on the system is set to 'unlimited'. This may have negative performance implications. Please set the stack size to the default value (10240) 
[1468841787.809909] [node022:5684 :0]         mxm.c:196  MXM  WARN  The 'ulimit -s' on the system is set to 'unlimited'. This may have negative performance implications. Please set the stack size to the default value (10240) 
[1468841787.763970] [node017:3865 :0]         mxm.c:196  MXM  WARN  The 'ulimit -s' on the system is set to 'unlimited'. This may have negative performance implications. Please set the stack size to the default value (10240) 
[1468841787.788377] [node018:1909 :0]         mxm.c:196  MXM  WARN  The 'ulimit -s' on the system is set to 'unlimited'. This may have negative performance implications. Please set the stack size to the default value (10240) 
[1468841787.810597] [node022:5684 :0]         mxm.c:196  MXM  WARN  The 'ulimit -s' on the system is set to 'unlimited'. This may have negative performance implications. Please set the stack size to the default value (10240) 
[1468841787.721013] [node022:5684 :0]         sys.c:744  MXM  WARN  Conflicting CPU frequencies detected, using: 1399.22
[1468841787.753109] [node022:5684 :0]         mxm.c:196  MXM  WARN  The 'ulimit -s' on the system is set to 'unlimited'. This may have negative performance implications. Please set the stack size to the default value (10240) 
[1468841787.779466] [node022:5684 :0]         mxm.c:196  MXM  WARN  The 'ulimit -s' on the system is set to 'unlimited'. This may have negative performance implications. Please set the stack size to the default value (10240) 
[1468841787.769675] [node017:3865 :0]         mxm.c:196  MXM  WARN  The 'ulimit -s' on the system is set to 'unlimited'. This may have negative performance implications. Please set the stack size to the default value (10240) 
[1468841787.773943] [node017:3865 :0]         mxm.c:196  MXM  WARN  The 'ulimit -s' on the system is set to 'unlimited'. This may have negative performance implications. Please set the stack size to the default value (10240) 
[1468841787.771943] [node018:1909 :0]         mxm.c:196  MXM  WARN  The 'ulimit -s' on the system is set to 'unlimited'. This may have negative performance implications. Please set the stack size to the default value (10240) 
[1468841787.773472] [node023:10290:0]         mxm.c:196  MXM  WARN  The 'ulimit -s' on the system is set to 'unlimited'. This may have negative performance implications. Please set the stack size to the default value (10240) 
[1468841787.772678] [node018:1909 :0]         mxm.c:196  MXM  WARN  The 'ulimit -s' on the system is set to 'unlimited'. This may have negative performance implications. Please set the stack size to the default value (10240) 
[1468841787.765123] [node020:23803:0]         mxm.c:196  MXM  WARN  The 'ulimit -s' on the system is set to 'unlimited'. This may have negative performance implications. Please set the stack size to the default value (10240) 
[1468841787.776259] [node023:10290:0]         mxm.c:196  MXM  WARN  The 'ulimit -s' on the system is set to 'unlimited'. This may have negative performance implications. Please set the stack size to the default value (10240) 
[1468841787.780158] [node023:10290:0]         mxm.c:196  MXM  WARN  The 'ulimit -s' on the system is set to 'unlimited'. This may have negative performance implications. Please set the stack size to the default value (10240) 
[1468841787.777188] [node022:5684 :0]         mxm.c:196  MXM  WARN  The 'ulimit -s' on the system is set to 'unlimited'. This may have negative performance implications. Please set the stack size to the default value (10240) 
[1468841787.774755] [node017:3865 :0]         mxm.c:196  MXM  WARN  The 'ulimit -s' on the system is set to 'unlimited'. This may have negative performance implications. Please set the stack size to the default value (10240) 
[1468841787.768369] [node020:23803:0]         mxm.c:196  MXM  WARN  The 'ulimit -s' on the system is set to 'unlimited'. This may have negative performance implications. Please set the stack size to the default value (10240) 
[1468841787.710284] [node018:1909 :0]         sys.c:744  MXM  WARN  Conflicting CPU frequencies detected, using: 2073.56
[1468841787.755776] [node018:1909 :0]         mxm.c:196  MXM  WARN  The 'ulimit -s' on the system is set to 'unlimited'. This may have negative performance implications. Please set the stack size to the default value (10240) 
[1468841787.710284] [node018:1909 :0]         sys.c:744  MXM  WARN  Conflicting CPU frequencies detected, using: 2073.56
[1468841787.745518] [node018:1909 :0]         mxm.c:196  MXM  WARN  The 'ulimit -s' on the system is set to 'unlimited'. This may have negative performance implications. Please set the stack size to the default value (10240) 
[1468841787.775284] [node020:23803:0]         mxm.c:196  MXM  WARN  The 'ulimit -s' on the system is set to 'unlimited'. This may have negative performance implications. Please set the stack size to the default value (10240) 
[1468841787.767438] [node020:23803:0]         mxm.c:196  MXM  WARN  The 'ulimit -s' on the system is set to 'unlimited'. This may have negative performance implications. Please set the stack size to the default value (10240) 
[1468841787.781952] [node023:10290:0]         mxm.c:196  MXM  WARN  The 'ulimit -s' on the system is set to 'unlimited'. This may have negative performance implications. Please set the stack size to the default value (10240) 
[1468841787.763543] [node023:10290:0]         mxm.c:196  MXM  WARN  The 'ulimit -s' on the system is set to 'unlimited'. This may have negative performance implications. Please set the stack size to the default value (10240) 
[1468841787.779852] [node017:3865 :0]         mxm.c:196  MXM  WARN  The 'ulimit -s' on the system is set to 'unlimited'. This may have negative performance implications. Please set the stack size to the default value (10240) 
[1468841787.761870] [node020:23803:0]         mxm.c:196  MXM  WARN  The 'ulimit -s' on the system is set to 'unlimited'. This may have negative performance implications. Please set the stack size to the default value (10240) 
[1468841787.762760] [node023:10290:0]         mxm.c:196  MXM  WARN  The 'ulimit -s' on the system is set to 'unlimited'. This may have negative performance implications. Please set the stack size to the default value (10240) 
[1468841787.784179] [node022:5684 :0]         mxm.c:196  MXM  WARN  The 'ulimit -s' on the system is set to 'unlimited'. This may have negative performance implications. Please set the stack size to the default value (10240) 
[1468841787.784906] [node017:3865 :0]         mxm.c:196  MXM  WARN  The 'ulimit -s' on the system is set to 'unlimited'. This may have negative performance implications. Please set the stack size to the default value (10240) 
[1468841787.761088] [node020:23803:0]         mxm.c:196  MXM  WARN  The 'ulimit -s' on the system is set to 'unlimited'. This may have negative performance implications. Please set the stack size to the default value (10240) 
[1468841787.767025] [node018:1909 :0]         mxm.c:196  MXM  WARN  The 'ulimit -s' on the system is set to 'unlimited'. This may have negative performance implications. Please set the stack size to the default value (10240) 
[1468841787.790850] [node018:1909 :0]         mxm.c:196  MXM  WARN  The 'ulimit -s' on the system is set to 'unlimited'. This may have negative performance implications. Please set the stack size to the default value (10240) 
[1468841787.787438] [node022:5684 :0]         mxm.c:196  MXM  WARN  The 'ulimit -s' on the system is set to 'unlimited'. This may have negative performance implications. Please set the stack size to the default value (10240) 
[1468841787.796969] [node020:23803:0]         mxm.c:196  MXM  WARN  The 'ulimit -s' on the system is set to 'unlimited'. This may have negative performance implications. Please set the stack size to the default value (10240) 
[1468841787.706867] [node023:10290:0]         sys.c:744  MXM  WARN  Conflicting CPU frequencies detected, using: 1897.69
[1468841787.728367] [node023:10290:0]         mxm.c:196  MXM  WARN  The 'ulimit -s' on the system is set to 'unlimited'. This may have negative performance implications. Please set the stack size to the default value (10240) 
[1468841787.710284] [node018:1909 :0]         sys.c:744  MXM  WARN  Conflicting CPU frequencies detected, using: 2073.56
[1468841787.746268] [node018:1909 :0]         mxm.c:196  MXM  WARN  The 'ulimit -s' on the system is set to 'unlimited'. This may have negative performance implications. Please set the stack size to the default value (10240) 
[1468841787.791816] [node018:1909 :0]         mxm.c:196  MXM  WARN  The 'ulimit -s' on the system is set to 'unlimited'. This may have negative performance implications. Please set the stack size to the default value (10240) 
[1468841787.798537] [node020:23803:0]         mxm.c:196  MXM  WARN  The 'ulimit -s' on the system is set to 'unlimited'. This may have negative performance implications. Please set the stack size to the default value (10240) 
[1468841787.780989] [node018:1909 :0]         mxm.c:196  MXM  WARN  The 'ulimit -s' on the system is set to 'unlimited'. This may have negative performance implications. Please set the stack size to the default value (10240) 
[1468841787.799340] [node020:23803:0]         mxm.c:196  MXM  WARN  The 'ulimit -s' on the system is set to 'unlimited'. This may have negative performance implications. Please set the stack size to the default value (10240) 
[1468841787.773467] [node018:1909 :0]         mxm.c:196  MXM  WARN  The 'ulimit -s' on the system is set to 'unlimited'. This may have negative performance implications. Please set the stack size to the default value (10240) 
[1468841787.765104] [node023:10290:0]         mxm.c:196  MXM  WARN  The 'ulimit -s' on the system is set to 'unlimited'. This may have negative performance implications. Please set the stack size to the default value (10240) 
[1468841787.776363] [node017:3865 :0]         mxm.c:196  MXM  WARN  The 'ulimit -s' on the system is set to 'unlimited'. This may have negative performance implications. Please set the stack size to the default value (10240) 
[1468841787.785169] [node022:5684 :0]         mxm.c:196  MXM  WARN  The 'ulimit -s' on the system is set to 'unlimited'. This may have negative performance implications. Please set the stack size to the default value (10240) 
[1468841787.816305] [node022:5684 :0]         mxm.c:196  MXM  WARN  The 'ulimit -s' on the system is set to 'unlimited'. This may have negative performance implications. Please set the stack size to the default value (10240) 
[1468841787.760980] [node023:10290:0]         mxm.c:196  MXM  WARN  The 'ulimit -s' on the system is set to 'unlimited'. This may have negative performance implications. Please set the stack size to the default value (10240) 
[1468841787.784475] [node023:10290:0]         mxm.c:196  MXM  WARN  The 'ulimit -s' on the system is set to 'unlimited'. This may have negative performance implications. Please set the stack size to the default value (10240) 
UPCR: UPC thread   0 of 128 on node016 (pshm node 0 of 8, process   0 of 128, pid=9115)
UPCR: UPC thread  12 of 128 on node016 (pshm node 0 of 8, process  12 of 128, pid=9135)
UPCR: UPC thread  13 of 128 on node016 (pshm node 0 of 8, process  13 of 128, pid=9137)
UPCR: UPC thread  14 of 128 on node016 (pshm node 0 of 8, process  14 of 128, pid=9139)
UPCR: UPC thread   2 of 128 on node016 (pshm node 0 of 8, process   2 of 128, pid=9117)
UPCR: UPC thread  15 of 128 on node016 (pshm node 0 of 8, process  15 of 128, pid=9141)
UPCR: UPC thread   3 of 128 on node016 (pshm node 0 of 8, process   3 of 128, pid=9118)
UPCR: UPC thread   1 of 128 on node016 (pshm node 0 of 8, process   1 of 128, pid=9116)
UPCR: UPC thread  11 of 128 on node016 (pshm node 0 of 8, process  11 of 128, pid=9133)
UPCR: UPC thread   8 of 128 on node016 (pshm node 0 of 8, process   8 of 128, pid=9127)
UPCR: UPC thread   9 of 128 on node016 (pshm node 0 of 8, process   9 of 128, pid=9128)
UPCR: UPC thread  10 of 128 on node016 (pshm node 0 of 8, process  10 of 128, pid=9132)
UPCR: UPC thread   7 of 128 on node016 (pshm node 0 of 8, process   7 of 128, pid=9124)
UPCR: UPC thread   4 of 128 on node016 (pshm node 0 of 8, process   4 of 128, pid=9119)
UPCR: UPC thread   6 of 128 on node016 (pshm node 0 of 8, process   6 of 128, pid=9122)
UPCR: UPC thread   5 of 128 on node016 (pshm node 0 of 8, process   5 of 128, pid=9120)
UPCR: UPC thread  68 of 128 on node020 (pshm node 4 of 8, process  68 of 128, pid=23849)
UPCR: UPC thread  69 of 128 on node020 (pshm node 4 of 8, process  69 of 128, pid=23850)
UPCR: UPC thread  79 of 128 on node020 (pshm node 4 of 8, process  79 of 128, pid=23872)
UPCR: UPC thread  24 of 128 on node017 (pshm node 1 of 8, process  24 of 128, pid=3919)
UPCR: UPC thread  28 of 128 on node017 (pshm node 1 of 8, process  28 of 128, pid=3928)
UPCR: UPC thread  26 of 128 on node017 (pshm node 1 of 8, process  26 of 128, pid=3923)
UPCR: UPC thread  44 of 128 on node018 (pshm node 2 of 8, process  44 of 128, pid=1978)
UPCR: UPC thread  39 of 128 on node018 (pshm node 2 of 8, process  39 of 128, pid=1967)
UPCR: UPC thread  41 of 128 on node018 (pshm node 2 of 8, process  41 of 128, pid=1971)
UPCR: UPC thread  40 of 128 on node018 (pshm node 2 of 8, process  40 of 128, pid=1968)
UPCR: UPC thread  46 of 128 on node018 (pshm node 2 of 8, process  46 of 128, pid=1982)
UPCR: UPC thread 107 of 128 on node022 (pshm node 6 of 8, process 107 of 128, pid=5744)
UPCR: UPC thread 104 of 128 on node022 (pshm node 6 of 8, process 104 of 128, pid=5738)
UPCR: UPC thread  99 of 128 on node022 (pshm node 6 of 8, process  99 of 128, pid=5729)
UPCR: UPC thread 108 of 128 on node022 (pshm node 6 of 8, process 108 of 128, pid=5746)
UPCR: UPC thread  98 of 128 on node022 (pshm node 6 of 8, process  98 of 128, pid=5728)
UPCR: UPC thread 100 of 128 on node022 (pshm node 6 of 8, process 100 of 128, pid=5730)
UPCR: UPC thread 103 of 128 on node022 (pshm node 6 of 8, process 103 of 128, pid=5736)
UPCR: UPC thread  97 of 128 on node022 (pshm node 6 of 8, process  97 of 128, pid=5727)
UPCR: UPC thread  96 of 128 on node022 (pshm node 6 of 8, process  96 of 128, pid=5726)
UPCR: UPC thread 102 of 128 on node022 (pshm node 6 of 8, process 102 of 128, pid=5733)
UPCR: UPC thread 105 of 128 on node022 (pshm node 6 of 8, process 105 of 128, pid=5740)
UPCR: UPC thread  83 of 128 on node021 (pshm node 5 of 8, process  83 of 128, pid=27561)
UPCR: UPC thread  82 of 128 on node021 (pshm node 5 of 8, process  82 of 128, pid=27560)
UPCR: UPC thread  89 of 128 on node021 (pshm node 5 of 8, process  89 of 128, pid=27572)
UPCR: UPC thread  21 of 128 on node017 (pshm node 1 of 8, process  21 of 128, pid=3913)
UPCR: UPC thread  25 of 128 on node017 (pshm node 1 of 8, process  25 of 128, pid=3921)
UPCR: UPC thread  29 of 128 on node017 (pshm node 1 of 8, process  29 of 128, pid=3929)
UPCR: UPC thread  23 of 128 on node017 (pshm node 1 of 8, process  23 of 128, pid=3916)
UPCR: UPC thread  31 of 128 on node017 (pshm node 1 of 8, process  31 of 128, pid=3933)
UPCR: UPC thread  48 of 128 on node019 (pshm node 3 of 8, process  48 of 128, pid=3372)
UPCR: UPC thread  59 of 128 on node019 (pshm node 3 of 8, process  59 of 128, pid=3389)
UPCR: UPC thread 110 of 128 on node022 (pshm node 6 of 8, process 110 of 128, pid=5748)
UPCR: UPC thread 106 of 128 on node022 (pshm node 6 of 8, process 106 of 128, pid=5742)
UPCR: UPC thread 101 of 128 on node022 (pshm node 6 of 8, process 101 of 128, pid=5732)
UPCR: UPC thread 111 of 128 on node022 (pshm node 6 of 8, process 111 of 128, pid=5752)
UPCR: UPC thread 109 of 128 on node022 (pshm node 6 of 8, process 109 of 128, pid=5747)
UPCR: UPC thread  43 of 128 on node018 (pshm node 2 of 8, process  43 of 128, pid=1975)
UPCR: UPC thread  36 of 128 on node018 (pshm node 2 of 8, process  36 of 128, pid=1961)
UPCR: UPC thread  33 of 128 on node018 (pshm node 2 of 8, process  33 of 128, pid=1958)
UPCR: UPC thread  32 of 128 on node018 (pshm node 2 of 8, process  32 of 128, pid=1957)
UPCR: UPC thread  37 of 128 on node018 (pshm node 2 of 8, process  37 of 128, pid=1963)
UPCR: UPC thread  45 of 128 on node018 (pshm node 2 of 8, process  45 of 128, pid=1980)
UPCR: UPC thread  38 of 128 on node018 (pshm node 2 of 8, process  38 of 128, pid=1964)
UPCR: UPC thread  35 of 128 on node018 (pshm node 2 of 8, process  35 of 128, pid=1960)
UPCR: UPC thread  47 of 128 on node018 (pshm node 2 of 8, process  47 of 128, pid=1984)
UPCR: UPC thread  42 of 128 on node018 (pshm node 2 of 8, process  42 of 128, pid=1972)
UPCR: UPC thread  84 of 128 on node021 (pshm node 5 of 8, process  84 of 128, pid=27562)
UPCR: UPC thread  95 of 128 on node021 (pshm node 5 of 8, process  95 of 128, pid=27583)
UPCR: UPC thread  93 of 128 on node021 (pshm node 5 of 8, process  93 of 128, pid=27580)
UPCR: UPC thread  81 of 128 on node021 (pshm node 5 of 8, process  81 of 128, pid=27559)
UPCR: UPC thread  90 of 128 on node021 (pshm node 5 of 8, process  90 of 128, pid=27574)
UPCR: UPC thread  65 of 128 on node020 (pshm node 4 of 8, process  65 of 128, pid=23846)
UPCR: UPC thread  72 of 128 on node020 (pshm node 4 of 8, process  72 of 128, pid=23857)
UPCR: UPC thread  74 of 128 on node020 (pshm node 4 of 8, process  74 of 128, pid=23861)
UPCR: UPC thread  73 of 128 on node020 (pshm node 4 of 8, process  73 of 128, pid=23859)
UPCR: UPC thread  70 of 128 on node020 (pshm node 4 of 8, process  70 of 128, pid=23852)
UPCR: UPC thread  66 of 128 on node020 (pshm node 4 of 8, process  66 of 128, pid=23847)
UPCR: UPC thread  76 of 128 on node020 (pshm node 4 of 8, process  76 of 128, pid=23865)
UPCR: UPC thread  71 of 128 on node020 (pshm node 4 of 8, process  71 of 128, pid=23854)
UPCR: UPC thread  75 of 128 on node020 (pshm node 4 of 8, process  75 of 128, pid=23863)
UPCR: UPC thread  67 of 128 on node020 (pshm node 4 of 8, process  67 of 128, pid=23848)
UPCR: UPC thread  77 of 128 on node020 (pshm node 4 of 8, process  77 of 128, pid=23867)
UPCR: UPC thread  78 of 128 on node020 (pshm node 4 of 8, process  78 of 128, pid=23869)
UPCR: UPC thread  64 of 128 on node020 (pshm node 4 of 8, process  64 of 128, pid=23845)
UPCR: UPC thread  34 of 128 on node018 (pshm node 2 of 8, process  34 of 128, pid=1959)
UPCR: UPC thread  17 of 128 on node017 (pshm node 1 of 8, process  17 of 128, pid=3908)
UPCR: UPC thread  27 of 128 on node017 (pshm node 1 of 8, process  27 of 128, pid=3925)
UPCR: UPC thread  22 of 128 on node017 (pshm node 1 of 8, process  22 of 128, pid=3914)
UPCR: UPC thread  18 of 128 on node017 (pshm node 1 of 8, process  18 of 128, pid=3909)
UPCR: UPC thread  20 of 128 on node017 (pshm node 1 of 8, process  20 of 128, pid=3911)
UPCR: UPC thread  16 of 128 on node017 (pshm node 1 of 8, process  16 of 128, pid=3907)
UPCR: UPC thread  19 of 128 on node017 (pshm node 1 of 8, process  19 of 128, pid=3910)
UPCR: UPC thread  53 of 128 on node019 (pshm node 3 of 8, process  53 of 128, pid=3377)
UPCR: UPC thread  60 of 128 on node019 (pshm node 3 of 8, process  60 of 128, pid=3390)
UPCR: UPC thread  52 of 128 on node019 (pshm node 3 of 8, process  52 of 128, pid=3376)
UPCR: UPC thread  56 of 128 on node019 (pshm node 3 of 8, process  56 of 128, pid=3384)
UPCR: UPC thread  55 of 128 on node019 (pshm node 3 of 8, process  55 of 128, pid=3381)
UPCR: UPC thread  51 of 128 on node019 (pshm node 3 of 8, process  51 of 128, pid=3375)
UPCR: UPC thread  54 of 128 on node019 (pshm node 3 of 8, process  54 of 128, pid=3379)
UPCR: UPC thread  62 of 128 on node019 (pshm node 3 of 8, process  62 of 128, pid=3394)
UPCR: UPC thread  91 of 128 on node021 (pshm node 5 of 8, process  91 of 128, pid=27576)
UPCR: UPC thread  86 of 128 on node021 (pshm node 5 of 8, process  86 of 128, pid=27566)
UPCR: UPC thread  94 of 128 on node021 (pshm node 5 of 8, process  94 of 128, pid=27581)
UPCR: UPC thread  87 of 128 on node021 (pshm node 5 of 8, process  87 of 128, pid=27569)
UPCR: UPC thread  92 of 128 on node021 (pshm node 5 of 8, process  92 of 128, pid=27578)
UPCR: UPC thread  85 of 128 on node021 (pshm node 5 of 8, process  85 of 128, pid=27565)
UPCR: UPC thread  80 of 128 on node021 (pshm node 5 of 8, process  80 of 128, pid=27558)
UPCR: UPC thread  88 of 128 on node021 (pshm node 5 of 8, process  88 of 128, pid=27570)
UPCR: UPC thread 125 of 128 on node023 (pshm node 7 of 8, process 125 of 128, pid=10354)
UPCR: UPC thread 124 of 128 on node023 (pshm node 7 of 8, process 124 of 128, pid=10351)
UPCR: UPC thread 115 of 128 on node023 (pshm node 7 of 8, process 115 of 128, pid=10335)
UPCR: UPC thread 113 of 128 on node023 (pshm node 7 of 8, process 113 of 128, pid=10333)
UPCR: UPC thread 123 of 128 on node023 (pshm node 7 of 8, process 123 of 128, pid=10349)
UPCR: UPC thread 127 of 128 on node023 (pshm node 7 of 8, process 127 of 128, pid=10358)
UPCR: UPC thread 117 of 128 on node023 (pshm node 7 of 8, process 117 of 128, pid=10337)
UPCR: UPC thread 116 of 128 on node023 (pshm node 7 of 8, process 116 of 128, pid=10336)
UPCR: UPC thread 126 of 128 on node023 (pshm node 7 of 8, process 126 of 128, pid=10356)
UPCR: UPC thread 114 of 128 on node023 (pshm node 7 of 8, process 114 of 128, pid=10334)
UPCR: UPC thread 120 of 128 on node023 (pshm node 7 of 8, process 120 of 128, pid=10344)
UPCR: UPC thread 118 of 128 on node023 (pshm node 7 of 8, process 118 of 128, pid=10339)
UPCR: UPC thread  30 of 128 on node017 (pshm node 1 of 8, process  30 of 128, pid=3932)
UPCR: UPC thread 121 of 128 on node023 (pshm node 7 of 8, process 121 of 128, pid=10347)
UPCR: UPC thread 119 of 128 on node023 (pshm node 7 of 8, process 119 of 128, pid=10341)
UPCR: UPC thread 122 of 128 on node023 (pshm node 7 of 8, process 122 of 128, pid=10348)
UPCR: UPC thread 112 of 128 on node023 (pshm node 7 of 8, process 112 of 128, pid=10332)
UPCR: UPC thread  63 of 128 on node019 (pshm node 3 of 8, process  63 of 128, pid=3397)
UPCR: UPC thread  49 of 128 on node019 (pshm node 3 of 8, process  49 of 128, pid=3373)
UPCR: UPC thread  58 of 128 on node019 (pshm node 3 of 8, process  58 of 128, pid=3387)
UPCR: UPC thread  50 of 128 on node019 (pshm node 3 of 8, process  50 of 128, pid=3374)
UPCR: UPC thread  57 of 128 on node019 (pshm node 3 of 8, process  57 of 128, pid=3386)
UPCR: UPC thread  61 of 128 on node019 (pshm node 3 of 8, process  61 of 128, pid=3392)
using a cache granularity of 8
using linear probing in the BDD table
using a memoization table of 2^25 = 33554432 entries (~1280 MB) per thread
using a BDD table of 2^26 = 67108864 entries (~1536 MB) per thread
Initializing /home/oortwijn/distdd/models/petrinets/RAS-C-50.bdd!
vector size: 300
bits per integer: 4
number of BDD variables: 1200
Loading initial states: 
Initial states loaded... 
Loading transition relations... 
300 integers per state, 4 bits per integer, 200 transition groups
BDD nodes:
Initial states: 1200 BDD nodes
Transition 0: 40 BDD nodes
Transition 1: 64 BDD nodes
Transition 2: 40 BDD nodes
Transition 3: 64 BDD nodes
Transition 4: 40 BDD nodes
Transition 5: 64 BDD nodes
Transition 6: 40 BDD nodes
Transition 7: 64 BDD nodes
Transition 8: 40 BDD nodes
Transition 9: 64 BDD nodes
Transition 10: 40 BDD nodes
Transition 11: 64 BDD nodes
Transition 12: 40 BDD nodes
Transition 13: 64 BDD nodes
Transition 14: 40 BDD nodes
Transition 15: 64 BDD nodes
Transition 16: 40 BDD nodes
Transition 17: 64 BDD nodes
Transition 18: 40 BDD nodes
Transition 19: 64 BDD nodes
Transition 20: 40 BDD nodes
Transition 21: 64 BDD nodes
Transition 22: 40 BDD nodes
Transition 23: 64 BDD nodes
Transition 24: 40 BDD nodes
Transition 25: 64 BDD nodes
Transition 26: 40 BDD nodes
Transition 27: 64 BDD nodes
Transition 28: 40 BDD nodes
Transition 29: 64 BDD nodes
Transition 30: 40 BDD nodes
Transition 31: 64 BDD nodes
Transition 32: 40 BDD nodes
Transition 33: 64 BDD nodes
Transition 34: 40 BDD nodes
Transition 35: 64 BDD nodes
Transition 36: 40 BDD nodes
Transition 37: 64 BDD nodes
Transition 38: 40 BDD nodes
Transition 39: 64 BDD nodes
Transition 40: 40 BDD nodes
Transition 41: 64 BDD nodes
Transition 42: 40 BDD nodes
Transition 43: 64 BDD nodes
Transition 44: 40 BDD nodes
Transition 45: 64 BDD nodes
Transition 46: 40 BDD nodes
Transition 47: 64 BDD nodes
Transition 48: 40 BDD nodes
Transition 49: 64 BDD nodes
Transition 50: 40 BDD nodes
Transition 51: 64 BDD nodes
Transition 52: 40 BDD nodes
Transition 53: 64 BDD nodes
Transition 54: 40 BDD nodes
Transition 55: 64 BDD nodes
Transition 56: 40 BDD nodes
Transition 57: 64 BDD nodes
Transition 58: 40 BDD nodes
Transition 59: 64 BDD nodes
Transition 60: 40 BDD nodes
Transition 61: 64 BDD nodes
Transition 62: 40 BDD nodes
Transition 63: 64 BDD nodes
Transition 64: 40 BDD nodes
Transition 65: 64 BDD nodes
Transition 66: 40 BDD nodes
Transition 67: 64 BDD nodes
Transition 68: 40 BDD nodes
Transition 69: 64 BDD nodes
Transition 70: 40 BDD nodes
Transition 71: 64 BDD nodes
Transition 72: 40 BDD nodes
Transition 73: 64 BDD nodes
Transition 74: 40 BDD nodes
Transition 75: 64 BDD nodes
Transition 76: 40 BDD nodes
Transition 77: 64 BDD nodes
Transition 78: 40 BDD nodes
Transition 79: 64 BDD nodes
Transition 80: 40 BDD nodes
Transition 81: 64 BDD nodes
Transition 82: 40 BDD nodes
Transition 83: 64 BDD nodes
Transition 84: 40 BDD nodes
Transition 85: 64 BDD nodes
Transition 86: 40 BDD nodes
Transition 87: 64 BDD nodes
Transition 88: 40 BDD nodes
Transition 89: 64 BDD nodes
Transition 90: 40 BDD nodes
Transition 91: 64 BDD nodes
Transition 92: 40 BDD nodes
Transition 93: 64 BDD nodes
Transition 94: 40 BDD nodes
Transition 95: 64 BDD nodes
Transition 96: 40 BDD nodes
Transition 97: 64 BDD nodes
Transition 98: 40 BDD nodes
Transition 99: 64 BDD nodes
Transition 100: 40 BDD nodes
Transition 101: 64 BDD nodes
Transition 102: 40 BDD nodes
Transition 103: 64 BDD nodes
Transition 104: 40 BDD nodes
Transition 105: 64 BDD nodes
Transition 106: 40 BDD nodes
Transition 107: 64 BDD nodes
Transition 108: 40 BDD nodes
Transition 109: 64 BDD nodes
Transition 110: 40 BDD nodes
Transition 111: 64 BDD nodes
Transition 112: 40 BDD nodes
Transition 113: 64 BDD nodes
Transition 114: 40 BDD nodes
Transition 115: 64 BDD nodes
Transition 116: 40 BDD nodes
Transition 117: 64 BDD nodes
Transition 118: 40 BDD nodes
Transition 119: 64 BDD nodes
Transition 120: 40 BDD nodes
Transition 121: 64 BDD nodes
Transition 122: 40 BDD nodes
Transition 123: 64 BDD nodes
Transition 124: 40 BDD nodes
Transition 125: 64 BDD nodes
Transition 126: 40 BDD nodes
Transition 127: 64 BDD nodes
Transition 128: 40 BDD nodes
Transition 129: 64 BDD nodes
Transition 130: 40 BDD nodes
Transition 131: 64 BDD nodes
Transition 132: 40 BDD nodes
Transition 133: 64 BDD nodes
Transition 134: 40 BDD nodes
Transition 135: 64 BDD nodes
Transition 136: 40 BDD nodes
Transition 137: 64 BDD nodes
Transition 138: 40 BDD nodes
Transition 139: 64 BDD nodes
Transition 140: 40 BDD nodes
Transition 141: 64 BDD nodes
Transition 142: 40 BDD nodes
Transition 143: 64 BDD nodes
Transition 144: 40 BDD nodes
Transition 145: 64 BDD nodes
Transition 146: 40 BDD nodes
Transition 147: 64 BDD nodes
Transition 148: 40 BDD nodes
Transition 149: 64 BDD nodes
Transition 150: 40 BDD nodes
Transition 151: 64 BDD nodes
Transition 152: 40 BDD nodes
Transition 153: 64 BDD nodes
Transition 154: 40 BDD nodes
Transition 155: 64 BDD nodes
Transition 156: 40 BDD nodes
Transition 157: 64 BDD nodes
Transition 158: 40 BDD nodes
Transition 159: 64 BDD nodes
Transition 160: 40 BDD nodes
Transition 161: 64 BDD nodes
Transition 162: 40 BDD nodes
Transition 163: 64 BDD nodes
Transition 164: 40 BDD nodes
Transition 165: 64 BDD nodes
Transition 166: 40 BDD nodes
Transition 167: 64 BDD nodes
Transition 168: 40 BDD nodes
Transition 169: 64 BDD nodes
Transition 170: 40 BDD nodes
Transition 171: 64 BDD nodes
Transition 172: 40 BDD nodes
Transition 173: 64 BDD nodes
Transition 174: 40 BDD nodes
Transition 175: 64 BDD nodes
Transition 176: 40 BDD nodes
Transition 177: 64 BDD nodes
Transition 178: 40 BDD nodes
Transition 179: 64 BDD nodes
Transition 180: 40 BDD nodes
Transition 181: 64 BDD nodes
Transition 182: 40 BDD nodes
Transition 183: 64 BDD nodes
Transition 184: 40 BDD nodes
Transition 185: 64 BDD nodes
Transition 186: 40 BDD nodes
Transition 187: 64 BDD nodes
Transition 188: 40 BDD nodes
Transition 189: 64 BDD nodes
Transition 190: 40 BDD nodes
Transition 191: 64 BDD nodes
Transition 192: 40 BDD nodes
Transition 193: 64 BDD nodes
Transition 194: 32 BDD nodes
Transition 195: 40 BDD nodes
Transition 196: 64 BDD nodes
Transition 197: 48 BDD nodes
Transition 198: 32 BDD nodes
Transition 199: 48 BDD nodes
Level 1... done.
Level 2... done.
Level 3... done.
Level 4... done.
Level 5... done.
Level 6... done.
Level 7... done.
Level 8... done.
Level 9... done.
Level 10... done.
Level 11... done.
Level 12... done.
Level 13... done.
Level 14... done.
Level 15... done.
Level 16... done.
Level 17... done.
Level 18... done.
Level 19... done.
Level 20... done.
Level 21... done.
Level 22... done.
Level 23... done.
Level 24... done.
Level 25... done.
Level 26... done.
Level 27... done.
Level 28... done.
Level 29... done.
Level 30... done.
Level 31... done.
Level 32... done.
Level 33... done.
Level 34... done.
Level 35... done.
Level 36... done.
Level 37... done.
Level 38... done.
Level 39... done.
Level 40... done.
Level 41... done.
Level 42... done.
Level 43... done.
Level 44... done.
Level 45... done.
Level 46... done.
Level 47... done.
Level 48... done.
Level 49... done.
Level 50... done.
Level 51... done.
Level 52... done.
Level 53... done.
Level 54... done.
Level 55... done.
Level 56... done.
Level 57... done.
Level 58... done.
Level 59... done.
Level 60... done.
Level 61... done.
Level 62... done.
Level 63... done.
Level 64... done.
Level 65... done.
Level 66... done.
Level 67... done.
Level 68... done.
Level 69... done.
Level 70... done.
Level 71... done.
Level 72... done.
Level 73... done.
Level 74... done.
Level 75... done.
Level 76... done.
Level 77... done.
Level 78... done.
Level 79... done.
Level 80... done.
Level 81... done.
Level 82... done.
Level 83... done.
Level 84... done.
Level 85... done.
Level 86... done.
Level 87... done.
Level 88... done.
Level 89... done.
Level 90... done.
Level 91... done.
Level 92... done.
Level 93... done.
Level 94... done.
Level 95... done.
Level 96... done.
Level 97... done.
Level 98... done.
Level 99... done.
Level 100... done.
Level 101... done.
Level 102... done.
Level 103... done.
Level 104... done.
Level 105... done.
Level 106... done.
Level 107... done.
Level 108... done.
Level 109... done.
Level 110... done.
Level 111... done.
Level 112... done.
Level 113... done.
Level 114... done.
Level 115... done.
Level 116... done.
Level 117... done.
Level 118... done.
Level 119... done.
Level 120... done.
Level 121... done.
Level 122... done.
Level 123... done.
Level 124... done.
Level 125... done.
Level 126... done.
Level 127... done.
Level 128... done.
Level 129... done.
Level 130... done.
Level 131... done.
Level 132... done.
Level 133... done.
Level 134... done.
Level 135... done.
Level 136... done.
Level 137... done.
Level 138... done.
Level 139... done.
Level 140... done.
Level 141... done.
Level 142... done.
Level 143... done.
Level 144... done.
Level 145... done.
Level 146... done.
Level 147... done.
Level 148... done.
Level 149... done.
Level 150... done.
Level 151... done.
PAR Time: 85.423217
Final states: 6044621678288306176 states
Final states: 9191 BDD nodes
[1468841787.721013] [node022:5684 :0]         sys.c:744  MXM  WARN  Conflicting CPU frequencies detected, using: 1399.22
[1468841787.699050] [node021:27508:0]         sys.c:744  MXM  WARN  Conflicting CPU frequencies detected, using: 2078.53
[1468841787.706867] [node023:10290:0]         sys.c:744  MXM  WARN  Conflicting CPU frequencies detected, using: 1897.69
[1468841787.708626] [node020:23803:0]         sys.c:744  MXM  WARN  Conflicting CPU frequencies detected, using: 1996.22
[1468841787.708533] [node017:3865 :0]         sys.c:744  MXM  WARN  Conflicting CPU frequencies detected, using: 1648.88
[1468841787.350730] [node016:9107 :0]         sys.c:744  MXM  WARN  Conflicting CPU frequencies detected, using: 2090.06
[1468841787.710284] [node018:1909 :0]         sys.c:744  MXM  WARN  Conflicting CPU frequencies detected, using: 2073.56
[1468841787.717616] [node019:3329 :0]         sys.c:744  MXM  WARN  Conflicting CPU frequencies detected, using: 1439.72
[1468841787.331954] [node016:9063 :0]         sys.c:744  MXM  WARN  Conflicting CPU frequencies detected, using: 1998.56
