performing reachability, flags: -n 128 -N 8 -shared-heap 16GB --tablesize=26 --cachesize=25  
This is upcrun, job spawner for the Berkeley UPC compiler (http://upc.lbl.gov).
upcrun version 2.22.2
Network conduits supported by this installation: smp mxm ibv
[1468661562.472861] [node016:31807:0]         sys.c:744  MXM  WARN  Conflicting CPU frequencies detected, using: 1580.16
[1468661562.484167] [node016:31807:0]         mxm.c:196  MXM  WARN  The 'ulimit -s' on the system is set to 'unlimited'. This may have negative performance implications. Please set the stack size to the default value (10240) 
[1468661562.472861] [node016:31807:0]         sys.c:744  MXM  WARN  Conflicting CPU frequencies detected, using: 1580.16
[1468661562.485503] [node016:31807:0]         mxm.c:196  MXM  WARN  The 'ulimit -s' on the system is set to 'unlimited'. This may have negative performance implications. Please set the stack size to the default value (10240) 
[1468661562.472861] [node016:31807:0]         sys.c:744  MXM  WARN  Conflicting CPU frequencies detected, using: 1580.16
[1468661562.480022] [node016:31807:0]         mxm.c:196  MXM  WARN  The 'ulimit -s' on the system is set to 'unlimited'. This may have negative performance implications. Please set the stack size to the default value (10240) 
[1468661562.472861] [node016:31807:0]         sys.c:744  MXM  WARN  Conflicting CPU frequencies detected, using: 1580.16
[1468661562.484796] [node016:31807:0]         mxm.c:196  MXM  WARN  The 'ulimit -s' on the system is set to 'unlimited'. This may have negative performance implications. Please set the stack size to the default value (10240) 
[1468661562.472861] [node016:31807:0]         sys.c:744  MXM  WARN  Conflicting CPU frequencies detected, using: 1580.16
[1468661562.482072] [node016:31807:0]         mxm.c:196  MXM  WARN  The 'ulimit -s' on the system is set to 'unlimited'. This may have negative performance implications. Please set the stack size to the default value (10240) 
[1468661562.472861] [node016:31807:0]         sys.c:744  MXM  WARN  Conflicting CPU frequencies detected, using: 1580.16
[1468661562.484586] [node016:31807:0]         mxm.c:196  MXM  WARN  The 'ulimit -s' on the system is set to 'unlimited'. This may have negative performance implications. Please set the stack size to the default value (10240) 
[1468661562.472861] [node016:31807:0]         sys.c:744  MXM  WARN  Conflicting CPU frequencies detected, using: 1580.16
[1468661562.481239] [node016:31807:0]         mxm.c:196  MXM  WARN  The 'ulimit -s' on the system is set to 'unlimited'. This may have negative performance implications. Please set the stack size to the default value (10240) 
[1468661562.472861] [node016:31807:0]         sys.c:744  MXM  WARN  Conflicting CPU frequencies detected, using: 1580.16
[1468661562.481682] [node016:31807:0]         mxm.c:196  MXM  WARN  The 'ulimit -s' on the system is set to 'unlimited'. This may have negative performance implications. Please set the stack size to the default value (10240) 
[1468661562.472861] [node016:31807:0]         sys.c:744  MXM  WARN  Conflicting CPU frequencies detected, using: 1580.16
[1468661562.480929] [node016:31807:0]         mxm.c:196  MXM  WARN  The 'ulimit -s' on the system is set to 'unlimited'. This may have negative performance implications. Please set the stack size to the default value (10240) 
[1468661562.472861] [node016:31807:0]         sys.c:744  MXM  WARN  Conflicting CPU frequencies detected, using: 1580.16
[1468661562.483012] [node016:31807:0]         mxm.c:196  MXM  WARN  The 'ulimit -s' on the system is set to 'unlimited'. This may have negative performance implications. Please set the stack size to the default value (10240) 
[1468661562.472861] [node016:31807:0]         sys.c:744  MXM  WARN  Conflicting CPU frequencies detected, using: 1580.16
[1468661562.485609] [node016:31807:0]         mxm.c:196  MXM  WARN  The 'ulimit -s' on the system is set to 'unlimited'. This may have negative performance implications. Please set the stack size to the default value (10240) 
[1468661562.472861] [node016:31807:0]         sys.c:744  MXM  WARN  Conflicting CPU frequencies detected, using: 1580.16
[1468661562.482163] [node016:31807:0]         mxm.c:196  MXM  WARN  The 'ulimit -s' on the system is set to 'unlimited'. This may have negative performance implications. Please set the stack size to the default value (10240) 
[1468661562.472861] [node016:31807:0]         sys.c:744  MXM  WARN  Conflicting CPU frequencies detected, using: 1580.16
[1468661562.480981] [node016:31807:0]         mxm.c:196  MXM  WARN  The 'ulimit -s' on the system is set to 'unlimited'. This may have negative performance implications. Please set the stack size to the default value (10240) 
[1468661562.472861] [node016:31807:0]         sys.c:744  MXM  WARN  Conflicting CPU frequencies detected, using: 1580.16
[1468661562.482429] [node016:31807:0]         mxm.c:196  MXM  WARN  The 'ulimit -s' on the system is set to 'unlimited'. This may have negative performance implications. Please set the stack size to the default value (10240) 
[1468661562.472861] [node016:31807:0]         sys.c:744  MXM  WARN  Conflicting CPU frequencies detected, using: 1580.16
[1468661562.485726] [node016:31807:0]         mxm.c:196  MXM  WARN  The 'ulimit -s' on the system is set to 'unlimited'. This may have negative performance implications. Please set the stack size to the default value (10240) 
[1468661562.472861] [node016:31807:0]         sys.c:744  MXM  WARN  Conflicting CPU frequencies detected, using: 1580.16
[1468661562.485098] [node016:31807:0]         mxm.c:196  MXM  WARN  The 'ulimit -s' on the system is set to 'unlimited'. This may have negative performance implications. Please set the stack size to the default value (10240) 
[1468661562.835477] [node020:30874:0]         sys.c:744  MXM  WARN  Conflicting CPU frequencies detected, using: 1351.03
[1468661562.873980] [node020:30874:0]         mxm.c:196  MXM  WARN  The 'ulimit -s' on the system is set to 'unlimited'. This may have negative performance implications. Please set the stack size to the default value (10240) 
[1468661562.835477] [node020:30874:0]         sys.c:744  MXM  WARN  Conflicting CPU frequencies detected, using: 1351.03
[1468661562.874738] [node020:30874:0]         mxm.c:196  MXM  WARN  The 'ulimit -s' on the system is set to 'unlimited'. This may have negative performance implications. Please set the stack size to the default value (10240) 
[1468661562.835477] [node020:30874:0]         sys.c:744  MXM  WARN  Conflicting CPU frequencies detected, using: 1351.03
[1468661562.835477] [node020:30874:0]         sys.c:744  MXM  WARN  Conflicting CPU frequencies detected, using: 1351.03
[1468661562.880292] [node020:30874:0]         mxm.c:196  MXM  WARN  The 'ulimit -s' on the system is set to 'unlimited'. This may have negative performance implications. Please set the stack size to the default value (10240) 
[1468661562.835477] [node020:30874:0]         sys.c:744  MXM  WARN  Conflicting CPU frequencies detected, using: 1351.03
[1468661562.881330] [node020:30874:0]         mxm.c:196  MXM  WARN  The 'ulimit -s' on the system is set to 'unlimited'. This may have negative performance implications. Please set the stack size to the default value (10240) 
[1468661562.835477] [node020:30874:0]         sys.c:744  MXM  WARN  Conflicting CPU frequencies detected, using: 1351.03
[1468661562.886927] [node020:30874:0]         mxm.c:196  MXM  WARN  The 'ulimit -s' on the system is set to 'unlimited'. This may have negative performance implications. Please set the stack size to the default value (10240) 
[1468661562.835477] [node020:30874:0]         sys.c:744  MXM  WARN  Conflicting CPU frequencies detected, using: 1351.03
[1468661562.835477] [node020:30874:0]         sys.c:744  MXM  WARN  Conflicting CPU frequencies detected, using: 1351.03
[1468661562.835477] [node020:30874:0]         sys.c:744  MXM  WARN  Conflicting CPU frequencies detected, using: 1351.03
[1468661562.835477] [node020:30874:0]         sys.c:744  MXM  WARN  Conflicting CPU frequencies detected, using: 1351.03
[1468661562.835477] [node020:30874:0]         sys.c:744  MXM  WARN  Conflicting CPU frequencies detected, using: 1351.03
[1468661562.835477] [node020:30874:0]         sys.c:744  MXM  WARN  Conflicting CPU frequencies detected, using: 1351.03
[1468661562.835477] [node020:30874:0]         sys.c:744  MXM  WARN  Conflicting CPU frequencies detected, using: 1351.03
[1468661562.835477] [node020:30874:0]         sys.c:744  MXM  WARN  Conflicting CPU frequencies detected, using: 1351.03
[1468661562.835477] [node020:30874:0]         sys.c:744  MXM  WARN  Conflicting CPU frequencies detected, using: 1351.03
[1468661562.835477] [node020:30874:0]         sys.c:744  MXM  WARN  Conflicting CPU frequencies detected, using: 1351.03
[1468661562.839321] [node023:21535:0]         sys.c:744  MXM  WARN  Conflicting CPU frequencies detected, using: 1994.06
[1468661562.839321] [node023:21535:0]         sys.c:744  MXM  WARN  Conflicting CPU frequencies detected, using: 1994.06
[1468661562.839321] [node023:21535:0]         sys.c:744  MXM  WARN  Conflicting CPU frequencies detected, using: 1994.06
[1468661562.839321] [node023:21535:0]         sys.c:744  MXM  WARN  Conflicting CPU frequencies detected, using: 1994.06
[1468661562.839321] [node023:21535:0]         sys.c:744  MXM  WARN  Conflicting CPU frequencies detected, using: 1994.06
[1468661562.839321] [node023:21535:0]         sys.c:744  MXM  WARN  Conflicting CPU frequencies detected, using: 1994.06
[1468661562.839321] [node023:21535:0]         sys.c:744  MXM  WARN  Conflicting CPU frequencies detected, using: 1994.06
[1468661562.839321] [node023:21535:0]         sys.c:744  MXM  WARN  Conflicting CPU frequencies detected, using: 1994.06
[1468661562.839321] [node023:21535:0]         sys.c:744  MXM  WARN  Conflicting CPU frequencies detected, using: 1994.06
[1468661562.839321] [node023:21535:0]         sys.c:744  MXM  WARN  Conflicting CPU frequencies detected, using: 1994.06
[1468661562.839321] [node023:21535:0]         sys.c:744  MXM  WARN  Conflicting CPU frequencies detected, using: 1994.06
[1468661562.849769] [node022:12649:0]         sys.c:744  MXM  WARN  Conflicting CPU frequencies detected, using: 2360.44
[1468661562.849769] [node022:12649:0]         sys.c:744  MXM  WARN  Conflicting CPU frequencies detected, using: 2360.44
[1468661562.841161] [node017:1942 :0]         sys.c:744  MXM  WARN  Conflicting CPU frequencies detected, using: 1898.62
[1468661562.841161] [node017:1942 :0]         sys.c:744  MXM  WARN  Conflicting CPU frequencies detected, using: 1898.62
[1468661562.849769] [node022:12649:0]         sys.c:744  MXM  WARN  Conflicting CPU frequencies detected, using: 2360.44
[1468661562.841161] [node017:1942 :0]         sys.c:744  MXM  WARN  Conflicting CPU frequencies detected, using: 1898.62
[1468661562.849769] [node022:12649:0]         sys.c:744  MXM  WARN  Conflicting CPU frequencies detected, using: 2360.44
[1468661562.849769] [node022:12649:0]         sys.c:744  MXM  WARN  Conflicting CPU frequencies detected, using: 2360.44
[1468661562.841161] [node017:1942 :0]         sys.c:744  MXM  WARN  Conflicting CPU frequencies detected, using: 1898.62
[1468661562.895142] [node017:1942 :0]         mxm.c:196  MXM  WARN  The 'ulimit -s' on the system is set to 'unlimited'. This may have negative performance implications. Please set the stack size to the default value (10240) 
[1468661562.841161] [node017:1942 :0]         sys.c:744  MXM  WARN  Conflicting CPU frequencies detected, using: 1898.62
[1468661562.841161] [node017:1942 :0]         sys.c:744  MXM  WARN  Conflicting CPU frequencies detected, using: 1898.62
[1468661562.849769] [node022:12649:0]         sys.c:744  MXM  WARN  Conflicting CPU frequencies detected, using: 2360.44
[1468661562.849769] [node022:12649:0]         sys.c:744  MXM  WARN  Conflicting CPU frequencies detected, using: 2360.44
[1468661562.841161] [node017:1942 :0]         sys.c:744  MXM  WARN  Conflicting CPU frequencies detected, using: 1898.62
[1468661562.849769] [node022:12649:0]         sys.c:744  MXM  WARN  Conflicting CPU frequencies detected, using: 2360.44
[1468661562.849769] [node022:12649:0]         sys.c:744  MXM  WARN  Conflicting CPU frequencies detected, using: 2360.44
[1468661562.849769] [node022:12649:0]         sys.c:744  MXM  WARN  Conflicting CPU frequencies detected, using: 2360.44
[1468661562.841161] [node017:1942 :0]         sys.c:744  MXM  WARN  Conflicting CPU frequencies detected, using: 1898.62
[1468661562.849769] [node022:12649:0]         sys.c:744  MXM  WARN  Conflicting CPU frequencies detected, using: 2360.44
[1468661562.841161] [node017:1942 :0]         sys.c:744  MXM  WARN  Conflicting CPU frequencies detected, using: 1898.62
[1468661562.841161] [node017:1942 :0]         sys.c:744  MXM  WARN  Conflicting CPU frequencies detected, using: 1898.62
[1468661562.841161] [node017:1942 :0]         sys.c:744  MXM  WARN  Conflicting CPU frequencies detected, using: 1898.62
[1468661562.838964] [node018:4631 :0]         sys.c:744  MXM  WARN  Conflicting CPU frequencies detected, using: 2484.84
[1468661562.838964] [node018:4631 :0]         sys.c:744  MXM  WARN  Conflicting CPU frequencies detected, using: 2484.84
[1468661562.904229] [node018:4631 :0]         mxm.c:196  MXM  WARN  The 'ulimit -s' on the system is set to 'unlimited'. This may have negative performance implications. Please set the stack size to the default value (10240) 
[1468661562.838964] [node018:4631 :0]         sys.c:744  MXM  WARN  Conflicting CPU frequencies detected, using: 2484.84
[1468661562.905856] [node018:4631 :0]         mxm.c:196  MXM  WARN  The 'ulimit -s' on the system is set to 'unlimited'. This may have negative performance implications. Please set the stack size to the default value (10240) 
[1468661562.838964] [node018:4631 :0]         sys.c:744  MXM  WARN  Conflicting CPU frequencies detected, using: 2484.84
[1468661562.838964] [node018:4631 :0]         sys.c:744  MXM  WARN  Conflicting CPU frequencies detected, using: 2484.84
[1468661562.917863] [node018:4631 :0]         mxm.c:196  MXM  WARN  The 'ulimit -s' on the system is set to 'unlimited'. This may have negative performance implications. Please set the stack size to the default value (10240) 
[1468661562.838964] [node018:4631 :0]         sys.c:744  MXM  WARN  Conflicting CPU frequencies detected, using: 2484.84
[1468661562.838964] [node018:4631 :0]         sys.c:744  MXM  WARN  Conflicting CPU frequencies detected, using: 2484.84
[1468661562.838964] [node018:4631 :0]         sys.c:744  MXM  WARN  Conflicting CPU frequencies detected, using: 2484.84
[1468661562.835318] [node019:8393 :0]         sys.c:744  MXM  WARN  Conflicting CPU frequencies detected, using: 1705.41
[1468661562.847562] [node019:8393 :0]         mxm.c:196  MXM  WARN  The 'ulimit -s' on the system is set to 'unlimited'. This may have negative performance implications. Please set the stack size to the default value (10240) 
[1468661562.835318] [node019:8393 :0]         sys.c:744  MXM  WARN  Conflicting CPU frequencies detected, using: 1705.41
[1468661562.848259] [node019:8393 :0]         mxm.c:196  MXM  WARN  The 'ulimit -s' on the system is set to 'unlimited'. This may have negative performance implications. Please set the stack size to the default value (10240) 
[1468661562.835318] [node019:8393 :0]         sys.c:744  MXM  WARN  Conflicting CPU frequencies detected, using: 1705.41
[1468661562.845335] [node019:8393 :0]         mxm.c:196  MXM  WARN  The 'ulimit -s' on the system is set to 'unlimited'. This may have negative performance implications. Please set the stack size to the default value (10240) 
[1468661562.835318] [node019:8393 :0]         sys.c:744  MXM  WARN  Conflicting CPU frequencies detected, using: 1705.41
[1468661562.843581] [node019:8393 :0]         mxm.c:196  MXM  WARN  The 'ulimit -s' on the system is set to 'unlimited'. This may have negative performance implications. Please set the stack size to the default value (10240) 
[1468661562.835318] [node019:8393 :0]         sys.c:744  MXM  WARN  Conflicting CPU frequencies detected, using: 1705.41
[1468661562.843087] [node019:8393 :0]         mxm.c:196  MXM  WARN  The 'ulimit -s' on the system is set to 'unlimited'. This may have negative performance implications. Please set the stack size to the default value (10240) 
[1468661562.837449] [node021:5267 :0]         sys.c:744  MXM  WARN  Conflicting CPU frequencies detected, using: 2599.97
[1468661562.845241] [node021:5267 :0]         mxm.c:196  MXM  WARN  The 'ulimit -s' on the system is set to 'unlimited'. This may have negative performance implications. Please set the stack size to the default value (10240) 
[1468661562.837449] [node021:5267 :0]         sys.c:744  MXM  WARN  Conflicting CPU frequencies detected, using: 2599.97
[1468661562.849621] [node021:5267 :0]         mxm.c:196  MXM  WARN  The 'ulimit -s' on the system is set to 'unlimited'. This may have negative performance implications. Please set the stack size to the default value (10240) 
[1468661562.835318] [node019:8393 :0]         sys.c:744  MXM  WARN  Conflicting CPU frequencies detected, using: 1705.41
[1468661562.845906] [node019:8393 :0]         mxm.c:196  MXM  WARN  The 'ulimit -s' on the system is set to 'unlimited'. This may have negative performance implications. Please set the stack size to the default value (10240) 
[1468661562.835318] [node019:8393 :0]         sys.c:744  MXM  WARN  Conflicting CPU frequencies detected, using: 1705.41
[1468661562.848350] [node019:8393 :0]         mxm.c:196  MXM  WARN  The 'ulimit -s' on the system is set to 'unlimited'. This may have negative performance implications. Please set the stack size to the default value (10240) 
[1468661562.835318] [node019:8393 :0]         sys.c:744  MXM  WARN  Conflicting CPU frequencies detected, using: 1705.41
[1468661562.846956] [node019:8393 :0]         mxm.c:196  MXM  WARN  The 'ulimit -s' on the system is set to 'unlimited'. This may have negative performance implications. Please set the stack size to the default value (10240) 
[1468661562.835318] [node019:8393 :0]         sys.c:744  MXM  WARN  Conflicting CPU frequencies detected, using: 1705.41
[1468661562.846194] [node019:8393 :0]         mxm.c:196  MXM  WARN  The 'ulimit -s' on the system is set to 'unlimited'. This may have negative performance implications. Please set the stack size to the default value (10240) 
[1468661562.835318] [node019:8393 :0]         sys.c:744  MXM  WARN  Conflicting CPU frequencies detected, using: 1705.41
[1468661562.842858] [node019:8393 :0]         mxm.c:196  MXM  WARN  The 'ulimit -s' on the system is set to 'unlimited'. This may have negative performance implications. Please set the stack size to the default value (10240) 
[1468661562.835318] [node019:8393 :0]         sys.c:744  MXM  WARN  Conflicting CPU frequencies detected, using: 1705.41
[1468661562.847881] [node019:8393 :0]         mxm.c:196  MXM  WARN  The 'ulimit -s' on the system is set to 'unlimited'. This may have negative performance implications. Please set the stack size to the default value (10240) 
[1468661562.835318] [node019:8393 :0]         sys.c:744  MXM  WARN  Conflicting CPU frequencies detected, using: 1705.41
[1468661562.845036] [node019:8393 :0]         mxm.c:196  MXM  WARN  The 'ulimit -s' on the system is set to 'unlimited'. This may have negative performance implications. Please set the stack size to the default value (10240) 
[1468661562.835318] [node019:8393 :0]         sys.c:744  MXM  WARN  Conflicting CPU frequencies detected, using: 1705.41
[1468661562.847732] [node019:8393 :0]         mxm.c:196  MXM  WARN  The 'ulimit -s' on the system is set to 'unlimited'. This may have negative performance implications. Please set the stack size to the default value (10240) 
[1468661562.835318] [node019:8393 :0]         sys.c:744  MXM  WARN  Conflicting CPU frequencies detected, using: 1705.41
[1468661562.848026] [node019:8393 :0]         mxm.c:196  MXM  WARN  The 'ulimit -s' on the system is set to 'unlimited'. This may have negative performance implications. Please set the stack size to the default value (10240) 
[1468661562.835318] [node019:8393 :0]         sys.c:744  MXM  WARN  Conflicting CPU frequencies detected, using: 1705.41
[1468661562.847969] [node019:8393 :0]         mxm.c:196  MXM  WARN  The 'ulimit -s' on the system is set to 'unlimited'. This may have negative performance implications. Please set the stack size to the default value (10240) 
[1468661562.835318] [node019:8393 :0]         sys.c:744  MXM  WARN  Conflicting CPU frequencies detected, using: 1705.41
[1468661562.844665] [node019:8393 :0]         mxm.c:196  MXM  WARN  The 'ulimit -s' on the system is set to 'unlimited'. This may have negative performance implications. Please set the stack size to the default value (10240) 
[1468661562.837449] [node021:5267 :0]         sys.c:744  MXM  WARN  Conflicting CPU frequencies detected, using: 2599.97
[1468661562.844745] [node021:5267 :0]         mxm.c:196  MXM  WARN  The 'ulimit -s' on the system is set to 'unlimited'. This may have negative performance implications. Please set the stack size to the default value (10240) 
[1468661562.837449] [node021:5267 :0]         sys.c:744  MXM  WARN  Conflicting CPU frequencies detected, using: 2599.97
[1468661562.848940] [node021:5267 :0]         mxm.c:196  MXM  WARN  The 'ulimit -s' on the system is set to 'unlimited'. This may have negative performance implications. Please set the stack size to the default value (10240) 
[1468661562.837449] [node021:5267 :0]         sys.c:744  MXM  WARN  Conflicting CPU frequencies detected, using: 2599.97
[1468661562.848782] [node021:5267 :0]         mxm.c:196  MXM  WARN  The 'ulimit -s' on the system is set to 'unlimited'. This may have negative performance implications. Please set the stack size to the default value (10240) 
[1468661562.837449] [node021:5267 :0]         sys.c:744  MXM  WARN  Conflicting CPU frequencies detected, using: 2599.97
[1468661562.850045] [node021:5267 :0]         mxm.c:196  MXM  WARN  The 'ulimit -s' on the system is set to 'unlimited'. This may have negative performance implications. Please set the stack size to the default value (10240) 
[1468661562.837449] [node021:5267 :0]         sys.c:744  MXM  WARN  Conflicting CPU frequencies detected, using: 2599.97
[1468661562.849288] [node021:5267 :0]         mxm.c:196  MXM  WARN  The 'ulimit -s' on the system is set to 'unlimited'. This may have negative performance implications. Please set the stack size to the default value (10240) 
[1468661562.837449] [node021:5267 :0]         sys.c:744  MXM  WARN  Conflicting CPU frequencies detected, using: 2599.97
[1468661562.849479] [node021:5267 :0]         mxm.c:196  MXM  WARN  The 'ulimit -s' on the system is set to 'unlimited'. This may have negative performance implications. Please set the stack size to the default value (10240) 
[1468661562.837449] [node021:5267 :0]         sys.c:744  MXM  WARN  Conflicting CPU frequencies detected, using: 2599.97
[1468661562.844994] [node021:5267 :0]         mxm.c:196  MXM  WARN  The 'ulimit -s' on the system is set to 'unlimited'. This may have negative performance implications. Please set the stack size to the default value (10240) 
[1468661562.837449] [node021:5267 :0]         sys.c:744  MXM  WARN  Conflicting CPU frequencies detected, using: 2599.97
[1468661562.850860] [node021:5267 :0]         mxm.c:196  MXM  WARN  The 'ulimit -s' on the system is set to 'unlimited'. This may have negative performance implications. Please set the stack size to the default value (10240) 
[1468661562.837449] [node021:5267 :0]         sys.c:744  MXM  WARN  Conflicting CPU frequencies detected, using: 2599.97
[1468661562.847085] [node021:5267 :0]         mxm.c:196  MXM  WARN  The 'ulimit -s' on the system is set to 'unlimited'. This may have negative performance implications. Please set the stack size to the default value (10240) 
[1468661562.837449] [node021:5267 :0]         sys.c:744  MXM  WARN  Conflicting CPU frequencies detected, using: 2599.97
[1468661562.847576] [node021:5267 :0]         mxm.c:196  MXM  WARN  The 'ulimit -s' on the system is set to 'unlimited'. This may have negative performance implications. Please set the stack size to the default value (10240) 
[1468661562.837449] [node021:5267 :0]         sys.c:744  MXM  WARN  Conflicting CPU frequencies detected, using: 2599.97
[1468661562.847927] [node021:5267 :0]         mxm.c:196  MXM  WARN  The 'ulimit -s' on the system is set to 'unlimited'. This may have negative performance implications. Please set the stack size to the default value (10240) 
[1468661562.837449] [node021:5267 :0]         sys.c:744  MXM  WARN  Conflicting CPU frequencies detected, using: 2599.97
[1468661562.848698] [node021:5267 :0]         mxm.c:196  MXM  WARN  The 'ulimit -s' on the system is set to 'unlimited'. This may have negative performance implications. Please set the stack size to the default value (10240) 
[1468661562.837449] [node021:5267 :0]         sys.c:744  MXM  WARN  Conflicting CPU frequencies detected, using: 2599.97
[1468661562.848538] [node021:5267 :0]         mxm.c:196  MXM  WARN  The 'ulimit -s' on the system is set to 'unlimited'. This may have negative performance implications. Please set the stack size to the default value (10240) 
[1468661562.837449] [node021:5267 :0]         sys.c:744  MXM  WARN  Conflicting CPU frequencies detected, using: 2599.97
[1468661562.845446] [node021:5267 :0]         mxm.c:196  MXM  WARN  The 'ulimit -s' on the system is set to 'unlimited'. This may have negative performance implications. Please set the stack size to the default value (10240) 
[1468661562.841161] [node017:1942 :0]         sys.c:744  MXM  WARN  Conflicting CPU frequencies detected, using: 1898.62
[1468661562.869077] [node017:1942 :0]         mxm.c:196  MXM  WARN  The 'ulimit -s' on the system is set to 'unlimited'. This may have negative performance implications. Please set the stack size to the default value (10240) 
[1468661562.841161] [node017:1942 :0]         sys.c:744  MXM  WARN  Conflicting CPU frequencies detected, using: 1898.62
[1468661562.881595] [node017:1942 :0]         mxm.c:196  MXM  WARN  The 'ulimit -s' on the system is set to 'unlimited'. This may have negative performance implications. Please set the stack size to the default value (10240) 
[1468661562.899817] [node017:1942 :0]         mxm.c:196  MXM  WARN  The 'ulimit -s' on the system is set to 'unlimited'. This may have negative performance implications. Please set the stack size to the default value (10240) 
[1468661562.915496] [node023:21535:0]         mxm.c:196  MXM  WARN  The 'ulimit -s' on the system is set to 'unlimited'. This may have negative performance implications. Please set the stack size to the default value (10240) 
[1468661562.918989] [node023:21535:0]         mxm.c:196  MXM  WARN  The 'ulimit -s' on the system is set to 'unlimited'. This may have negative performance implications. Please set the stack size to the default value (10240) 
[1468661562.907490] [node022:12649:0]         mxm.c:196  MXM  WARN  The 'ulimit -s' on the system is set to 'unlimited'. This may have negative performance implications. Please set the stack size to the default value (10240) 
[1468661562.921381] [node022:12649:0]         mxm.c:196  MXM  WARN  The 'ulimit -s' on the system is set to 'unlimited'. This may have negative performance implications. Please set the stack size to the default value (10240) 
[1468661562.899554] [node023:21535:0]         mxm.c:196  MXM  WARN  The 'ulimit -s' on the system is set to 'unlimited'. This may have negative performance implications. Please set the stack size to the default value (10240) 
[1468661562.910114] [node020:30874:0]         mxm.c:196  MXM  WARN  The 'ulimit -s' on the system is set to 'unlimited'. This may have negative performance implications. Please set the stack size to the default value (10240) 
[1468661562.839321] [node023:21535:0]         sys.c:744  MXM  WARN  Conflicting CPU frequencies detected, using: 1994.06
[1468661562.879956] [node023:21535:0]         mxm.c:196  MXM  WARN  The 'ulimit -s' on the system is set to 'unlimited'. This may have negative performance implications. Please set the stack size to the default value (10240) 
[1468661562.911595] [node022:12649:0]         mxm.c:196  MXM  WARN  The 'ulimit -s' on the system is set to 'unlimited'. This may have negative performance implications. Please set the stack size to the default value (10240) 
[1468661562.838964] [node018:4631 :0]         sys.c:744  MXM  WARN  Conflicting CPU frequencies detected, using: 2484.84
[1468661562.870818] [node018:4631 :0]         mxm.c:196  MXM  WARN  The 'ulimit -s' on the system is set to 'unlimited'. This may have negative performance implications. Please set the stack size to the default value (10240) 
[1468661562.926499] [node022:12649:0]         mxm.c:196  MXM  WARN  The 'ulimit -s' on the system is set to 'unlimited'. This may have negative performance implications. Please set the stack size to the default value (10240) 
[1468661562.929965] [node017:1942 :0]         mxm.c:196  MXM  WARN  The 'ulimit -s' on the system is set to 'unlimited'. This may have negative performance implications. Please set the stack size to the default value (10240) 
[1468661562.895080] [node020:30874:0]         mxm.c:196  MXM  WARN  The 'ulimit -s' on the system is set to 'unlimited'. This may have negative performance implications. Please set the stack size to the default value (10240) 
[1468661562.910546] [node017:1942 :0]         mxm.c:196  MXM  WARN  The 'ulimit -s' on the system is set to 'unlimited'. This may have negative performance implications. Please set the stack size to the default value (10240) 
[1468661562.912249] [node023:21535:0]         mxm.c:196  MXM  WARN  The 'ulimit -s' on the system is set to 'unlimited'. This may have negative performance implications. Please set the stack size to the default value (10240) 
[1468661562.906961] [node020:30874:0]         mxm.c:196  MXM  WARN  The 'ulimit -s' on the system is set to 'unlimited'. This may have negative performance implications. Please set the stack size to the default value (10240) 
[1468661562.839321] [node023:21535:0]         sys.c:744  MXM  WARN  Conflicting CPU frequencies detected, using: 1994.06
[1468661562.880735] [node023:21535:0]         mxm.c:196  MXM  WARN  The 'ulimit -s' on the system is set to 'unlimited'. This may have negative performance implications. Please set the stack size to the default value (10240) 
[1468661562.849769] [node022:12649:0]         sys.c:744  MXM  WARN  Conflicting CPU frequencies detected, using: 2360.44
[1468661562.896087] [node022:12649:0]         mxm.c:196  MXM  WARN  The 'ulimit -s' on the system is set to 'unlimited'. This may have negative performance implications. Please set the stack size to the default value (10240) 
[1468661562.889192] [node020:30874:0]         mxm.c:196  MXM  WARN  The 'ulimit -s' on the system is set to 'unlimited'. This may have negative performance implications. Please set the stack size to the default value (10240) 
[1468661562.894152] [node017:1942 :0]         mxm.c:196  MXM  WARN  The 'ulimit -s' on the system is set to 'unlimited'. This may have negative performance implications. Please set the stack size to the default value (10240) 
[1468661562.939046] [node018:4631 :0]         mxm.c:196  MXM  WARN  The 'ulimit -s' on the system is set to 'unlimited'. This may have negative performance implications. Please set the stack size to the default value (10240) 
[1468661562.927687] [node017:1942 :0]         mxm.c:196  MXM  WARN  The 'ulimit -s' on the system is set to 'unlimited'. This may have negative performance implications. Please set the stack size to the default value (10240) 
[1468661562.894079] [node020:30874:0]         mxm.c:196  MXM  WARN  The 'ulimit -s' on the system is set to 'unlimited'. This may have negative performance implications. Please set the stack size to the default value (10240) 
[1468661562.849769] [node022:12649:0]         sys.c:744  MXM  WARN  Conflicting CPU frequencies detected, using: 2360.44
[1468661562.885446] [node022:12649:0]         mxm.c:196  MXM  WARN  The 'ulimit -s' on the system is set to 'unlimited'. This may have negative performance implications. Please set the stack size to the default value (10240) 
[1468661562.897474] [node020:30874:0]         mxm.c:196  MXM  WARN  The 'ulimit -s' on the system is set to 'unlimited'. This may have negative performance implications. Please set the stack size to the default value (10240) 
[1468661562.908028] [node023:21535:0]         mxm.c:196  MXM  WARN  The 'ulimit -s' on the system is set to 'unlimited'. This may have negative performance implications. Please set the stack size to the default value (10240) 
[1468661562.940353] [node023:21535:0]         mxm.c:196  MXM  WARN  The 'ulimit -s' on the system is set to 'unlimited'. This may have negative performance implications. Please set the stack size to the default value (10240) 
[1468661562.849769] [node022:12649:0]         sys.c:744  MXM  WARN  Conflicting CPU frequencies detected, using: 2360.44
[1468661562.871938] [node022:12649:0]         mxm.c:196  MXM  WARN  The 'ulimit -s' on the system is set to 'unlimited'. This may have negative performance implications. Please set the stack size to the default value (10240) 
[1468661562.918663] [node018:4631 :0]         mxm.c:196  MXM  WARN  The 'ulimit -s' on the system is set to 'unlimited'. This may have negative performance implications. Please set the stack size to the default value (10240) 
[1468661562.839321] [node023:21535:0]         sys.c:744  MXM  WARN  Conflicting CPU frequencies detected, using: 1994.06
[1468661562.876916] [node023:21535:0]         mxm.c:196  MXM  WARN  The 'ulimit -s' on the system is set to 'unlimited'. This may have negative performance implications. Please set the stack size to the default value (10240) 
[1468661562.841161] [node017:1942 :0]         sys.c:744  MXM  WARN  Conflicting CPU frequencies detected, using: 1898.62
[1468661562.873790] [node017:1942 :0]         mxm.c:196  MXM  WARN  The 'ulimit -s' on the system is set to 'unlimited'. This may have negative performance implications. Please set the stack size to the default value (10240) 
[1468661562.877263] [node020:30874:0]         mxm.c:196  MXM  WARN  The 'ulimit -s' on the system is set to 'unlimited'. This may have negative performance implications. Please set the stack size to the default value (10240) 
[1468661562.838964] [node018:4631 :0]         sys.c:744  MXM  WARN  Conflicting CPU frequencies detected, using: 2484.84
[1468661562.876326] [node018:4631 :0]         mxm.c:196  MXM  WARN  The 'ulimit -s' on the system is set to 'unlimited'. This may have negative performance implications. Please set the stack size to the default value (10240) 
[1468661562.839321] [node023:21535:0]         sys.c:744  MXM  WARN  Conflicting CPU frequencies detected, using: 1994.06
[1468661562.879221] [node023:21535:0]         mxm.c:196  MXM  WARN  The 'ulimit -s' on the system is set to 'unlimited'. This may have negative performance implications. Please set the stack size to the default value (10240) 
[1468661562.929248] [node022:12649:0]         mxm.c:196  MXM  WARN  The 'ulimit -s' on the system is set to 'unlimited'. This may have negative performance implications. Please set the stack size to the default value (10240) 
[1468661562.915137] [node020:30874:0]         mxm.c:196  MXM  WARN  The 'ulimit -s' on the system is set to 'unlimited'. This may have negative performance implications. Please set the stack size to the default value (10240) 
[1468661562.841161] [node017:1942 :0]         sys.c:744  MXM  WARN  Conflicting CPU frequencies detected, using: 1898.62
[1468661562.878572] [node017:1942 :0]         mxm.c:196  MXM  WARN  The 'ulimit -s' on the system is set to 'unlimited'. This may have negative performance implications. Please set the stack size to the default value (10240) 
[1468661562.931483] [node017:1942 :0]         mxm.c:196  MXM  WARN  The 'ulimit -s' on the system is set to 'unlimited'. This may have negative performance implications. Please set the stack size to the default value (10240) 
[1468661562.841161] [node017:1942 :0]         sys.c:744  MXM  WARN  Conflicting CPU frequencies detected, using: 1898.62
[1468661562.876083] [node017:1942 :0]         mxm.c:196  MXM  WARN  The 'ulimit -s' on the system is set to 'unlimited'. This may have negative performance implications. Please set the stack size to the default value (10240) 
[1468661562.838964] [node018:4631 :0]         sys.c:744  MXM  WARN  Conflicting CPU frequencies detected, using: 2484.84
[1468661562.889437] [node018:4631 :0]         mxm.c:196  MXM  WARN  The 'ulimit -s' on the system is set to 'unlimited'. This may have negative performance implications. Please set the stack size to the default value (10240) 
[1468661562.838964] [node018:4631 :0]         sys.c:744  MXM  WARN  Conflicting CPU frequencies detected, using: 2484.84
[1468661562.892450] [node018:4631 :0]         mxm.c:196  MXM  WARN  The 'ulimit -s' on the system is set to 'unlimited'. This may have negative performance implications. Please set the stack size to the default value (10240) 
[1468661562.901155] [node023:21535:0]         mxm.c:196  MXM  WARN  The 'ulimit -s' on the system is set to 'unlimited'. This may have negative performance implications. Please set the stack size to the default value (10240) 
[1468661562.921286] [node020:30874:0]         mxm.c:196  MXM  WARN  The 'ulimit -s' on the system is set to 'unlimited'. This may have negative performance implications. Please set the stack size to the default value (10240) 
[1468661562.898171] [node017:1942 :0]         mxm.c:196  MXM  WARN  The 'ulimit -s' on the system is set to 'unlimited'. This may have negative performance implications. Please set the stack size to the default value (10240) 
[1468661562.849769] [node022:12649:0]         sys.c:744  MXM  WARN  Conflicting CPU frequencies detected, using: 2360.44
[1468661562.883167] [node022:12649:0]         mxm.c:196  MXM  WARN  The 'ulimit -s' on the system is set to 'unlimited'. This may have negative performance implications. Please set the stack size to the default value (10240) 
[1468661562.838964] [node018:4631 :0]         sys.c:744  MXM  WARN  Conflicting CPU frequencies detected, using: 2484.84
[1468661562.879549] [node018:4631 :0]         mxm.c:196  MXM  WARN  The 'ulimit -s' on the system is set to 'unlimited'. This may have negative performance implications. Please set the stack size to the default value (10240) 
[1468661562.838964] [node018:4631 :0]         sys.c:744  MXM  WARN  Conflicting CPU frequencies detected, using: 2484.84
[1468661562.895060] [node018:4631 :0]         mxm.c:196  MXM  WARN  The 'ulimit -s' on the system is set to 'unlimited'. This may have negative performance implications. Please set the stack size to the default value (10240) 
[1468661562.926879] [node018:4631 :0]         mxm.c:196  MXM  WARN  The 'ulimit -s' on the system is set to 'unlimited'. This may have negative performance implications. Please set the stack size to the default value (10240) 
[1468661562.839321] [node023:21535:0]         sys.c:744  MXM  WARN  Conflicting CPU frequencies detected, using: 1994.06
[1468661562.864892] [node023:21535:0]         mxm.c:196  MXM  WARN  The 'ulimit -s' on the system is set to 'unlimited'. This may have negative performance implications. Please set the stack size to the default value (10240) 
[1468661562.922346] [node023:21535:0]         mxm.c:196  MXM  WARN  The 'ulimit -s' on the system is set to 'unlimited'. This may have negative performance implications. Please set the stack size to the default value (10240) 
[1468661562.912345] [node022:12649:0]         mxm.c:196  MXM  WARN  The 'ulimit -s' on the system is set to 'unlimited'. This may have negative performance implications. Please set the stack size to the default value (10240) 
[1468661562.946994] [node022:12649:0]         mxm.c:196  MXM  WARN  The 'ulimit -s' on the system is set to 'unlimited'. This may have negative performance implications. Please set the stack size to the default value (10240) 
[1468661562.924089] [node022:12649:0]         mxm.c:196  MXM  WARN  The 'ulimit -s' on the system is set to 'unlimited'. This may have negative performance implications. Please set the stack size to the default value (10240) 
[1468661562.838964] [node018:4631 :0]         sys.c:744  MXM  WARN  Conflicting CPU frequencies detected, using: 2484.84
[1468661562.878060] [node018:4631 :0]         mxm.c:196  MXM  WARN  The 'ulimit -s' on the system is set to 'unlimited'. This may have negative performance implications. Please set the stack size to the default value (10240) 
[1468661562.901765] [node018:4631 :0]         mxm.c:196  MXM  WARN  The 'ulimit -s' on the system is set to 'unlimited'. This may have negative performance implications. Please set the stack size to the default value (10240) 
[1468661562.907513] [node018:4631 :0]         mxm.c:196  MXM  WARN  The 'ulimit -s' on the system is set to 'unlimited'. This may have negative performance implications. Please set the stack size to the default value (10240) 
[1468661562.838964] [node018:4631 :0]         sys.c:744  MXM  WARN  Conflicting CPU frequencies detected, using: 2484.84
[1468661562.890909] [node018:4631 :0]         mxm.c:196  MXM  WARN  The 'ulimit -s' on the system is set to 'unlimited'. This may have negative performance implications. Please set the stack size to the default value (10240) 
[1468661562.913361] [node022:12649:0]         mxm.c:196  MXM  WARN  The 'ulimit -s' on the system is set to 'unlimited'. This may have negative performance implications. Please set the stack size to the default value (10240) 
[1468661562.897034] [node023:21535:0]         mxm.c:196  MXM  WARN  The 'ulimit -s' on the system is set to 'unlimited'. This may have negative performance implications. Please set the stack size to the default value (10240) 
[1468661562.914856] [node017:1942 :0]         mxm.c:196  MXM  WARN  The 'ulimit -s' on the system is set to 'unlimited'. This may have negative performance implications. Please set the stack size to the default value (10240) 
[1468661562.946974] [node017:1942 :0]         mxm.c:196  MXM  WARN  The 'ulimit -s' on the system is set to 'unlimited'. This may have negative performance implications. Please set the stack size to the default value (10240) 
[1468661562.917516] [node017:1942 :0]         mxm.c:196  MXM  WARN  The 'ulimit -s' on the system is set to 'unlimited'. This may have negative performance implications. Please set the stack size to the default value (10240) 
[1468661562.911944] [node020:30874:0]         mxm.c:196  MXM  WARN  The 'ulimit -s' on the system is set to 'unlimited'. This may have negative performance implications. Please set the stack size to the default value (10240) 
[1468661562.919526] [node020:30874:0]         mxm.c:196  MXM  WARN  The 'ulimit -s' on the system is set to 'unlimited'. This may have negative performance implications. Please set the stack size to the default value (10240) 
[1468661562.849769] [node022:12649:0]         sys.c:744  MXM  WARN  Conflicting CPU frequencies detected, using: 2360.44
[1468661562.877452] [node022:12649:0]         mxm.c:196  MXM  WARN  The 'ulimit -s' on the system is set to 'unlimited'. This may have negative performance implications. Please set the stack size to the default value (10240) 
[1468661562.924854] [node022:12649:0]         mxm.c:196  MXM  WARN  The 'ulimit -s' on the system is set to 'unlimited'. This may have negative performance implications. Please set the stack size to the default value (10240) 
[1468661562.908713] [node023:21535:0]         mxm.c:196  MXM  WARN  The 'ulimit -s' on the system is set to 'unlimited'. This may have negative performance implications. Please set the stack size to the default value (10240) 
[1468661562.939457] [node023:21535:0]         mxm.c:196  MXM  WARN  The 'ulimit -s' on the system is set to 'unlimited'. This may have negative performance implications. Please set the stack size to the default value (10240) 
[1468661562.939338] [node022:12649:0]         mxm.c:196  MXM  WARN  The 'ulimit -s' on the system is set to 'unlimited'. This may have negative performance implications. Please set the stack size to the default value (10240) 
UPCR: UPC thread   0 of 128 on node016 (pshm node 0 of 8, process   0 of 128, pid=31815)
UPCR: UPC thread   2 of 128 on node016 (pshm node 0 of 8, process   2 of 128, pid=31817)
UPCR: UPC thread  12 of 128 on node016 (pshm node 0 of 8, process  12 of 128, pid=31835)
UPCR: UPC thread   5 of 128 on node016 (pshm node 0 of 8, process   5 of 128, pid=31820)
UPCR: UPC thread  15 of 128 on node016 (pshm node 0 of 8, process  15 of 128, pid=31841)
UPCR: UPC thread   7 of 128 on node016 (pshm node 0 of 8, process   7 of 128, pid=31824)
UPCR: UPC thread   6 of 128 on node016 (pshm node 0 of 8, process   6 of 128, pid=31822)
UPCR: UPC thread  14 of 128 on node016 (pshm node 0 of 8, process  14 of 128, pid=31840)
UPCR: UPC thread   3 of 128 on node016 (pshm node 0 of 8, process   3 of 128, pid=31818)
UPCR: UPC thread  10 of 128 on node016 (pshm node 0 of 8, process  10 of 128, pid=31832)
UPCR: UPC thread   9 of 128 on node016 (pshm node 0 of 8, process   9 of 128, pid=31829)
UPCR: UPC thread  11 of 128 on node016 (pshm node 0 of 8, process  11 of 128, pid=31833)
UPCR: UPC thread   1 of 128 on node016 (pshm node 0 of 8, process   1 of 128, pid=31816)
UPCR: UPC thread 119 of 128 on node023 (pshm node 7 of 8, process 119 of 128, pid=21586)
UPCR: UPC thread 117 of 128 on node023 (pshm node 7 of 8, process 117 of 128, pid=21583)
UPCR: UPC thread 114 of 128 on node023 (pshm node 7 of 8, process 114 of 128, pid=21579)
UPCR: UPC thread   4 of 128 on node016 (pshm node 0 of 8, process   4 of 128, pid=31819)
UPCR: UPC thread   8 of 128 on node016 (pshm node 0 of 8, process   8 of 128, pid=31826)
UPCR: UPC thread  13 of 128 on node016 (pshm node 0 of 8, process  13 of 128, pid=31838)
UPCR: UPC thread  16 of 128 on node017 (pshm node 1 of 8, process  16 of 128, pid=1984)
UPCR: UPC thread  19 of 128 on node017 (pshm node 1 of 8, process  19 of 128, pid=1987)
UPCR: UPC thread  21 of 128 on node017 (pshm node 1 of 8, process  21 of 128, pid=1990)
UPCR: UPC thread  17 of 128 on node017 (pshm node 1 of 8, process  17 of 128, pid=1985)
UPCR: UPC thread  29 of 128 on node017 (pshm node 1 of 8, process  29 of 128, pid=2008)
UPCR: UPC thread  83 of 128 on node021 (pshm node 5 of 8, process  83 of 128, pid=5312)
UPCR: UPC thread 112 of 128 on node023 (pshm node 7 of 8, process 112 of 128, pid=21577)
UPCR: UPC thread 118 of 128 on node023 (pshm node 7 of 8, process 118 of 128, pid=21584)
UPCR: UPC thread  96 of 128 on node022 (pshm node 6 of 8, process  96 of 128, pid=12692)
UPCR: UPC thread 107 of 128 on node022 (pshm node 6 of 8, process 107 of 128, pid=12711)
UPCR: UPC thread 103 of 128 on node022 (pshm node 6 of 8, process 103 of 128, pid=12702)
UPCR: UPC thread 104 of 128 on node022 (pshm node 6 of 8, process 104 of 128, pid=12704)
UPCR: UPC thread  31 of 128 on node017 (pshm node 1 of 8, process  31 of 128, pid=2011)
UPCR: UPC thread  27 of 128 on node017 (pshm node 1 of 8, process  27 of 128, pid=2002)
UPCR: UPC thread  25 of 128 on node017 (pshm node 1 of 8, process  25 of 128, pid=1999)
UPCR: UPC thread  20 of 128 on node017 (pshm node 1 of 8, process  20 of 128, pid=1988)
UPCR: UPC thread  22 of 128 on node017 (pshm node 1 of 8, process  22 of 128, pid=1992)
UPCR: UPC thread  85 of 128 on node021 (pshm node 5 of 8, process  85 of 128, pid=5315)
UPCR: UPC thread  93 of 128 on node021 (pshm node 5 of 8, process  93 of 128, pid=5332)
UPCR: UPC thread  90 of 128 on node021 (pshm node 5 of 8, process  90 of 128, pid=5325)
UPCR: UPC thread 116 of 128 on node023 (pshm node 7 of 8, process 116 of 128, pid=21581)
UPCR: UPC thread 126 of 128 on node023 (pshm node 7 of 8, process 126 of 128, pid=21601)
UPCR: UPC thread 113 of 128 on node023 (pshm node 7 of 8, process 113 of 128, pid=21578)
UPCR: UPC thread 121 of 128 on node023 (pshm node 7 of 8, process 121 of 128, pid=21591)
UPCR: UPC thread 123 of 128 on node023 (pshm node 7 of 8, process 123 of 128, pid=21595)
UPCR: UPC thread 127 of 128 on node023 (pshm node 7 of 8, process 127 of 128, pid=21603)
UPCR: UPC thread 120 of 128 on node023 (pshm node 7 of 8, process 120 of 128, pid=21589)
UPCR: UPC thread 124 of 128 on node023 (pshm node 7 of 8, process 124 of 128, pid=21597)
UPCR: UPC thread 115 of 128 on node023 (pshm node 7 of 8, process 115 of 128, pid=21580)
UPCR: UPC thread 122 of 128 on node023 (pshm node 7 of 8, process 122 of 128, pid=21593)
UPCR: UPC thread 125 of 128 on node023 (pshm node 7 of 8, process 125 of 128, pid=21599)
UPCR: UPC thread  18 of 128 on node017 (pshm node 1 of 8, process  18 of 128, pid=1986)
UPCR: UPC thread  28 of 128 on node017 (pshm node 1 of 8, process  28 of 128, pid=2004)
UPCR: UPC thread  23 of 128 on node017 (pshm node 1 of 8, process  23 of 128, pid=1994)
UPCR: UPC thread  24 of 128 on node017 (pshm node 1 of 8, process  24 of 128, pid=1996)
UPCR: UPC thread  26 of 128 on node017 (pshm node 1 of 8, process  26 of 128, pid=2000)
UPCR: UPC thread  30 of 128 on node017 (pshm node 1 of 8, process  30 of 128, pid=2009)
UPCR: UPC thread 108 of 128 on node022 (pshm node 6 of 8, process 108 of 128, pid=12712)
UPCR: UPC thread  98 of 128 on node022 (pshm node 6 of 8, process  98 of 128, pid=12694)
UPCR: UPC thread 102 of 128 on node022 (pshm node 6 of 8, process 102 of 128, pid=12699)
UPCR: UPC thread  97 of 128 on node022 (pshm node 6 of 8, process  97 of 128, pid=12693)
UPCR: UPC thread  94 of 128 on node021 (pshm node 5 of 8, process  94 of 128, pid=5334)
UPCR: UPC thread  91 of 128 on node021 (pshm node 5 of 8, process  91 of 128, pid=5328)
UPCR: UPC thread  89 of 128 on node021 (pshm node 5 of 8, process  89 of 128, pid=5323)
UPCR: UPC thread  80 of 128 on node021 (pshm node 5 of 8, process  80 of 128, pid=5309)
UPCR: UPC thread  87 of 128 on node021 (pshm node 5 of 8, process  87 of 128, pid=5319)
UPCR: UPC thread  82 of 128 on node021 (pshm node 5 of 8, process  82 of 128, pid=5311)
UPCR: UPC thread  81 of 128 on node021 (pshm node 5 of 8, process  81 of 128, pid=5310)
UPCR: UPC thread  84 of 128 on node021 (pshm node 5 of 8, process  84 of 128, pid=5313)
UPCR: UPC thread  86 of 128 on node021 (pshm node 5 of 8, process  86 of 128, pid=5316)
UPCR: UPC thread  92 of 128 on node021 (pshm node 5 of 8, process  92 of 128, pid=5329)
UPCR: UPC thread  95 of 128 on node021 (pshm node 5 of 8, process  95 of 128, pid=5336)
UPCR: UPC thread  88 of 128 on node021 (pshm node 5 of 8, process  88 of 128, pid=5320)
UPCR: UPC thread  55 of 128 on node019 (pshm node 3 of 8, process  55 of 128, pid=8444)
UPCR: UPC thread  61 of 128 on node019 (pshm node 3 of 8, process  61 of 128, pid=8457)
UPCR: UPC thread  62 of 128 on node019 (pshm node 3 of 8, process  62 of 128, pid=8459)
UPCR: UPC thread  49 of 128 on node019 (pshm node 3 of 8, process  49 of 128, pid=8436)
UPCR: UPC thread  58 of 128 on node019 (pshm node 3 of 8, process  58 of 128, pid=8451)
UPCR: UPC thread  48 of 128 on node019 (pshm node 3 of 8, process  48 of 128, pid=8435)
UPCR: UPC thread  53 of 128 on node019 (pshm node 3 of 8, process  53 of 128, pid=8441)
UPCR: UPC thread  52 of 128 on node019 (pshm node 3 of 8, process  52 of 128, pid=8439)
UPCR: UPC thread  50 of 128 on node019 (pshm node 3 of 8, process  50 of 128, pid=8437)
UPCR: UPC thread  59 of 128 on node019 (pshm node 3 of 8, process  59 of 128, pid=8452)
UPCR: UPC thread  57 of 128 on node019 (pshm node 3 of 8, process  57 of 128, pid=8449)
UPCR: UPC thread  54 of 128 on node019 (pshm node 3 of 8, process  54 of 128, pid=8442)
UPCR: UPC thread  42 of 128 on node018 (pshm node 2 of 8, process  42 of 128, pid=4689)
UPCR: UPC thread  32 of 128 on node018 (pshm node 2 of 8, process  32 of 128, pid=4673)
UPCR: UPC thread  45 of 128 on node018 (pshm node 2 of 8, process  45 of 128, pid=4695)
UPCR: UPC thread  39 of 128 on node018 (pshm node 2 of 8, process  39 of 128, pid=4683)
UPCR: UPC thread  34 of 128 on node018 (pshm node 2 of 8, process  34 of 128, pid=4675)
UPCR: UPC thread  41 of 128 on node018 (pshm node 2 of 8, process  41 of 128, pid=4686)
UPCR: UPC thread  65 of 128 on node020 (pshm node 4 of 8, process  65 of 128, pid=30917)
UPCR: UPC thread  79 of 128 on node020 (pshm node 4 of 8, process  79 of 128, pid=30943)
UPCR: UPC thread  69 of 128 on node020 (pshm node 4 of 8, process  69 of 128, pid=30922)
UPCR: UPC thread  72 of 128 on node020 (pshm node 4 of 8, process  72 of 128, pid=30928)
UPCR: UPC thread  74 of 128 on node020 (pshm node 4 of 8, process  74 of 128, pid=30932)
UPCR: UPC thread  67 of 128 on node020 (pshm node 4 of 8, process  67 of 128, pid=30919)
UPCR: UPC thread  75 of 128 on node020 (pshm node 4 of 8, process  75 of 128, pid=30934)
UPCR: UPC thread  70 of 128 on node020 (pshm node 4 of 8, process  70 of 128, pid=30924)
UPCR: UPC thread  78 of 128 on node020 (pshm node 4 of 8, process  78 of 128, pid=30940)
UPCR: UPC thread  73 of 128 on node020 (pshm node 4 of 8, process  73 of 128, pid=30930)
UPCR: UPC thread  76 of 128 on node020 (pshm node 4 of 8, process  76 of 128, pid=30936)
UPCR: UPC thread  66 of 128 on node020 (pshm node 4 of 8, process  66 of 128, pid=30918)
UPCR: UPC thread  77 of 128 on node020 (pshm node 4 of 8, process  77 of 128, pid=30937)
UPCR: UPC thread  68 of 128 on node020 (pshm node 4 of 8, process  68 of 128, pid=30920)
UPCR: UPC thread  71 of 128 on node020 (pshm node 4 of 8, process  71 of 128, pid=30926)
UPCR: UPC thread  64 of 128 on node020 (pshm node 4 of 8, process  64 of 128, pid=30916)
UPCR: UPC thread  56 of 128 on node019 (pshm node 3 of 8, process  56 of 128, pid=8447)
UPCR: UPC thread  60 of 128 on node019 (pshm node 3 of 8, process  60 of 128, pid=8455)
UPCR: UPC thread  51 of 128 on node019 (pshm node 3 of 8, process  51 of 128, pid=8438)
UPCR: UPC thread  63 of 128 on node019 (pshm node 3 of 8, process  63 of 128, pid=8461)
UPCR: UPC thread  38 of 128 on node018 (pshm node 2 of 8, process  38 of 128, pid=4680)
UPCR: UPC thread  33 of 128 on node018 (pshm node 2 of 8, process  33 of 128, pid=4674)
UPCR: UPC thread  44 of 128 on node018 (pshm node 2 of 8, process  44 of 128, pid=4693)
UPCR: UPC thread  40 of 128 on node018 (pshm node 2 of 8, process  40 of 128, pid=4685)
UPCR: UPC thread  47 of 128 on node018 (pshm node 2 of 8, process  47 of 128, pid=4699)
UPCR: UPC thread  36 of 128 on node018 (pshm node 2 of 8, process  36 of 128, pid=4677)
UPCR: UPC thread  43 of 128 on node018 (pshm node 2 of 8, process  43 of 128, pid=4691)
UPCR: UPC thread  35 of 128 on node018 (pshm node 2 of 8, process  35 of 128, pid=4676)
UPCR: UPC thread  37 of 128 on node018 (pshm node 2 of 8, process  37 of 128, pid=4679)
UPCR: UPC thread  46 of 128 on node018 (pshm node 2 of 8, process  46 of 128, pid=4698)
UPCR: UPC thread 110 of 128 on node022 (pshm node 6 of 8, process 110 of 128, pid=12716)
UPCR: UPC thread 106 of 128 on node022 (pshm node 6 of 8, process 106 of 128, pid=12708)
UPCR: UPC thread 105 of 128 on node022 (pshm node 6 of 8, process 105 of 128, pid=12706)
UPCR: UPC thread 111 of 128 on node022 (pshm node 6 of 8, process 111 of 128, pid=12719)
UPCR: UPC thread 100 of 128 on node022 (pshm node 6 of 8, process 100 of 128, pid=12696)
UPCR: UPC thread  99 of 128 on node022 (pshm node 6 of 8, process  99 of 128, pid=12695)
UPCR: UPC thread 101 of 128 on node022 (pshm node 6 of 8, process 101 of 128, pid=12698)
UPCR: UPC thread 109 of 128 on node022 (pshm node 6 of 8, process 109 of 128, pid=12715)
using a cache granularity of 8
using linear probing in the BDD table
using a memoization table of 2^25 = 33554432 entries (~1280 MB) per thread
using a BDD table of 2^26 = 67108864 entries (~1536 MB) per thread
Initializing /home/oortwijn/distdd/models/petrinets/RAS-R-2.bdd!
vector size: 8
bits per integer: 4
number of BDD variables: 32
Loading initial states: 
Initial states loaded... 
Loading transition relations... 
8 integers per state, 4 bits per integer, 6 transition groups
BDD nodes:
Initial states: 32 BDD nodes
Transition 0: 40 BDD nodes
Transition 1: 40 BDD nodes
Transition 2: 64 BDD nodes
Transition 3: 32 BDD nodes
Transition 4: 32 BDD nodes
Transition 5: 48 BDD nodes
Level 1... done.
Level 2... done.
Level 3... done.
Level 4... done.
PAR Time: 0.006126
Final states: 8 states
Final states: 95 BDD nodes
[1468661562.835318] [node019:8393 :0]         sys.c:744  MXM  WARN  Conflicting CPU frequencies detected, using: 1705.41
[1468661562.849769] [node022:12649:0]         sys.c:744  MXM  WARN  Conflicting CPU frequencies detected, using: 2360.44
[1468661562.837449] [node021:5267 :0]         sys.c:744  MXM  WARN  Conflicting CPU frequencies detected, using: 2599.97
[1468661562.472861] [node016:31807:0]         sys.c:744  MXM  WARN  Conflicting CPU frequencies detected, using: 1580.16
[1468661562.835477] [node020:30874:0]         sys.c:744  MXM  WARN  Conflicting CPU frequencies detected, using: 1351.03
[1468661562.838964] [node018:4631 :0]         sys.c:744  MXM  WARN  Conflicting CPU frequencies detected, using: 2484.84
[1468661562.841161] [node017:1942 :0]         sys.c:744  MXM  WARN  Conflicting CPU frequencies detected, using: 1898.62
[1468661562.839321] [node023:21535:0]         sys.c:744  MXM  WARN  Conflicting CPU frequencies detected, using: 1994.06
[1468661562.453324] [node016:31763:0]         sys.c:744  MXM  WARN  Conflicting CPU frequencies detected, using: 1534.97
