performing reachability, flags: -n 16 -N 1 -shared-heap 16GB --tablesize=26 --cachesize=25 --quadratic-probing--chunk-size=8 
This is upcrun, job spawner for the Berkeley UPC compiler (http://upc.lbl.gov).
upcrun version 2.22.2
Network conduits supported by this installation: smp mxm ibv
[1469022597.488668] [node008:2038 :0]         sys.c:744  MXM  WARN  Conflicting CPU frequencies detected, using: 2087.53
[1469022597.536991] [node008:2038 :0]         mxm.c:196  MXM  WARN  The 'ulimit -s' on the system is set to 'unlimited'. This may have negative performance implications. Please set the stack size to the default value (10240) 
[1469022597.488668] [node008:2038 :0]         sys.c:744  MXM  WARN  Conflicting CPU frequencies detected, using: 2087.53
[1469022597.539254] [node008:2038 :0]         mxm.c:196  MXM  WARN  The 'ulimit -s' on the system is set to 'unlimited'. This may have negative performance implications. Please set the stack size to the default value (10240) 
[1469022597.488668] [node008:2038 :0]         sys.c:744  MXM  WARN  Conflicting CPU frequencies detected, using: 2087.53
[1469022597.488668] [node008:2038 :0]         sys.c:744  MXM  WARN  Conflicting CPU frequencies detected, using: 2087.53
[1469022597.488668] [node008:2038 :0]         sys.c:744  MXM  WARN  Conflicting CPU frequencies detected, using: 2087.53
[1469022597.488668] [node008:2038 :0]         sys.c:744  MXM  WARN  Conflicting CPU frequencies detected, using: 2087.53
[1469022597.488668] [node008:2038 :0]         sys.c:744  MXM  WARN  Conflicting CPU frequencies detected, using: 2087.53
[1469022597.488668] [node008:2038 :0]         sys.c:744  MXM  WARN  Conflicting CPU frequencies detected, using: 2087.53
[1469022597.488668] [node008:2038 :0]         sys.c:744  MXM  WARN  Conflicting CPU frequencies detected, using: 2087.53
[1469022597.488668] [node008:2038 :0]         sys.c:744  MXM  WARN  Conflicting CPU frequencies detected, using: 2087.53
[1469022597.488668] [node008:2038 :0]         sys.c:744  MXM  WARN  Conflicting CPU frequencies detected, using: 2087.53
[1469022597.488668] [node008:2038 :0]         sys.c:744  MXM  WARN  Conflicting CPU frequencies detected, using: 2087.53
[1469022597.488668] [node008:2038 :0]         sys.c:744  MXM  WARN  Conflicting CPU frequencies detected, using: 2087.53
[1469022597.488668] [node008:2038 :0]         sys.c:744  MXM  WARN  Conflicting CPU frequencies detected, using: 2087.53
[1469022597.528832] [node008:2038 :0]         mxm.c:196  MXM  WARN  The 'ulimit -s' on the system is set to 'unlimited'. This may have negative performance implications. Please set the stack size to the default value (10240) 
[1469022597.552566] [node008:2038 :0]         mxm.c:196  MXM  WARN  The 'ulimit -s' on the system is set to 'unlimited'. This may have negative performance implications. Please set the stack size to the default value (10240) 
[1469022597.543318] [node008:2038 :0]         mxm.c:196  MXM  WARN  The 'ulimit -s' on the system is set to 'unlimited'. This may have negative performance implications. Please set the stack size to the default value (10240) 
[1469022597.574287] [node008:2038 :0]         mxm.c:196  MXM  WARN  The 'ulimit -s' on the system is set to 'unlimited'. This may have negative performance implications. Please set the stack size to the default value (10240) 
[1469022597.556599] [node008:2038 :0]         mxm.c:196  MXM  WARN  The 'ulimit -s' on the system is set to 'unlimited'. This may have negative performance implications. Please set the stack size to the default value (10240) 
[1469022597.488668] [node008:2038 :0]         sys.c:744  MXM  WARN  Conflicting CPU frequencies detected, using: 2087.53
[1469022597.528058] [node008:2038 :0]         mxm.c:196  MXM  WARN  The 'ulimit -s' on the system is set to 'unlimited'. This may have negative performance implications. Please set the stack size to the default value (10240) 
[1469022597.488668] [node008:2038 :0]         sys.c:744  MXM  WARN  Conflicting CPU frequencies detected, using: 2087.53
[1469022597.513688] [node008:2038 :0]         mxm.c:196  MXM  WARN  The 'ulimit -s' on the system is set to 'unlimited'. This may have negative performance implications. Please set the stack size to the default value (10240) 
[1469022597.555734] [node008:2038 :0]         mxm.c:196  MXM  WARN  The 'ulimit -s' on the system is set to 'unlimited'. This may have negative performance implications. Please set the stack size to the default value (10240) 
[1469022597.579650] [node008:2038 :0]         mxm.c:196  MXM  WARN  The 'ulimit -s' on the system is set to 'unlimited'. This may have negative performance implications. Please set the stack size to the default value (10240) 
[1469022597.558104] [node008:2038 :0]         mxm.c:196  MXM  WARN  The 'ulimit -s' on the system is set to 'unlimited'. This may have negative performance implications. Please set the stack size to the default value (10240) 
[1469022597.562397] [node008:2038 :0]         mxm.c:196  MXM  WARN  The 'ulimit -s' on the system is set to 'unlimited'. This may have negative performance implications. Please set the stack size to the default value (10240) 
[1469022597.551785] [node008:2038 :0]         mxm.c:196  MXM  WARN  The 'ulimit -s' on the system is set to 'unlimited'. This may have negative performance implications. Please set the stack size to the default value (10240) 
[1469022597.594002] [node008:2038 :0]         mxm.c:196  MXM  WARN  The 'ulimit -s' on the system is set to 'unlimited'. This may have negative performance implications. Please set the stack size to the default value (10240) 
[1469022597.553300] [node008:2038 :0]         mxm.c:196  MXM  WARN  The 'ulimit -s' on the system is set to 'unlimited'. This may have negative performance implications. Please set the stack size to the default value (10240) 
UPCR: UPC thread 12 of 16 on node008 (pshm node 0 of 1, process 12 of 16, pid=2071)
UPCR: UPC thread  4 of 16 on node008 (pshm node 0 of 1, process  4 of 16, pid=2043)
UPCR: UPC thread  6 of 16 on node008 (pshm node 0 of 1, process  6 of 16, pid=2046)
UPCR: UPC thread  5 of 16 on node008 (pshm node 0 of 1, process  5 of 16, pid=2044)
UPCR: UPC thread  8 of 16 on node008 (pshm node 0 of 1, process  8 of 16, pid=2053)
UPCR: UPC thread 15 of 16 on node008 (pshm node 0 of 1, process 15 of 16, pid=2083)
UPCR: UPC thread 11 of 16 on node008 (pshm node 0 of 1, process 11 of 16, pid=2069)
UPCR: UPC thread  1 of 16 on node008 (pshm node 0 of 1, process  1 of 16, pid=2040)
UPCR: UPC thread 14 of 16 on node008 (pshm node 0 of 1, process 14 of 16, pid=2075)
UPCR: UPC thread  7 of 16 on node008 (pshm node 0 of 1, process  7 of 16, pid=2047)
UPCR: UPC thread  3 of 16 on node008 (pshm node 0 of 1, process  3 of 16, pid=2042)
UPCR: UPC thread  0 of 16 on node008 (pshm node 0 of 1, process  0 of 16, pid=2039)
UPCR: UPC thread 10 of 16 on node008 (pshm node 0 of 1, process 10 of 16, pid=2067)
UPCR: UPC thread 13 of 16 on node008 (pshm node 0 of 1, process 13 of 16, pid=2074)
UPCR: UPC thread  9 of 16 on node008 (pshm node 0 of 1, process  9 of 16, pid=2054)
UPCR: UPC thread  2 of 16 on node008 (pshm node 0 of 1, process  2 of 16, pid=2041)
using a cache granularity of 8
using linear probing in the BDD table
using a memoization table of 2^25 = 33554432 entries (~1280 MB) per thread
using a BDD table of 2^26 = 67108864 entries (~1536 MB) per thread
Initializing /home/oortwijn/distdd/models/petrinets/RAS-C-10.bdd!
vector size: 60
bits per integer: 4
number of BDD variables: 240
Loading initial states: 
Initial states loaded... 
Loading transition relations... 
60 integers per state, 4 bits per integer, 40 transition groups
BDD nodes:
Initial states: 240 BDD nodes
Transition 0: 40 BDD nodes
Transition 1: 64 BDD nodes
Transition 2: 40 BDD nodes
Transition 3: 64 BDD nodes
Transition 4: 40 BDD nodes
Transition 5: 64 BDD nodes
Transition 6: 40 BDD nodes
Transition 7: 64 BDD nodes
Transition 8: 40 BDD nodes
Transition 9: 64 BDD nodes
Transition 10: 40 BDD nodes
Transition 11: 64 BDD nodes
Transition 12: 40 BDD nodes
Transition 13: 64 BDD nodes
Transition 14: 40 BDD nodes
Transition 15: 64 BDD nodes
Transition 16: 40 BDD nodes
Transition 17: 64 BDD nodes
Transition 18: 40 BDD nodes
Transition 19: 64 BDD nodes
Transition 20: 40 BDD nodes
Transition 21: 64 BDD nodes
Transition 22: 40 BDD nodes
Transition 23: 64 BDD nodes
Transition 24: 40 BDD nodes
Transition 25: 64 BDD nodes
Transition 26: 40 BDD nodes
Transition 27: 64 BDD nodes
Transition 28: 40 BDD nodes
Transition 29: 64 BDD nodes
Transition 30: 40 BDD nodes
Transition 31: 64 BDD nodes
Transition 32: 40 BDD nodes
Transition 33: 64 BDD nodes
Transition 34: 32 BDD nodes
Transition 35: 40 BDD nodes
Transition 36: 64 BDD nodes
Transition 37: 48 BDD nodes
Transition 38: 32 BDD nodes
Transition 39: 48 BDD nodes
Level 1... done.
Level 2... done.
Level 3... done.
Level 4... done.
Level 5... done.
Level 6... done.
Level 7... done.
Level 8... done.
Level 9... done.
Level 10... done.
Level 11... done.
Level 12... done.
Level 13... done.
Level 14... done.
Level 15... done.
Level 16... done.
Level 17... done.
Level 18... done.
Level 19... done.
Level 20... done.
Level 21... done.
Level 22... done.
Level 23... done.
Level 24... done.
Level 25... done.
Level 26... done.
Level 27... done.
Level 28... done.
Level 29... done.
Level 30... done.
Level 31... done.
PAR Time: 0.644197
Final states: 823552 states
Final states: 1671 BDD nodes
[1469022597.488668] [node008:2038 :0]         sys.c:744  MXM  WARN  Conflicting CPU frequencies detected, using: 2087.53
[1469022597.472230] [node008:1993 :0]         sys.c:744  MXM  WARN  Conflicting CPU frequencies detected, using: 1994.91
