performing reachability, flags: -n 128 -N 8 -shared-heap 16GB --tablesize=26 --cachesize=25  
This is upcrun, job spawner for the Berkeley UPC compiler (http://upc.lbl.gov).
upcrun version 2.22.2
Network conduits supported by this installation: smp mxm ibv
[1469025294.112825] [node016:452  :0]         sys.c:744  MXM  WARN  Conflicting CPU frequencies detected, using: 1799.25
[1469025294.123516] [node016:452  :0]         mxm.c:196  MXM  WARN  The 'ulimit -s' on the system is set to 'unlimited'. This may have negative performance implications. Please set the stack size to the default value (10240) 
[1469025294.112825] [node016:452  :0]         sys.c:744  MXM  WARN  Conflicting CPU frequencies detected, using: 1799.25
[1469025294.125623] [node016:452  :0]         mxm.c:196  MXM  WARN  The 'ulimit -s' on the system is set to 'unlimited'. This may have negative performance implications. Please set the stack size to the default value (10240) 
[1469025294.112825] [node016:452  :0]         sys.c:744  MXM  WARN  Conflicting CPU frequencies detected, using: 1799.25
[1469025294.124214] [node016:452  :0]         mxm.c:196  MXM  WARN  The 'ulimit -s' on the system is set to 'unlimited'. This may have negative performance implications. Please set the stack size to the default value (10240) 
[1469025294.112825] [node016:452  :0]         sys.c:744  MXM  WARN  Conflicting CPU frequencies detected, using: 1799.25
[1469025294.123371] [node016:452  :0]         mxm.c:196  MXM  WARN  The 'ulimit -s' on the system is set to 'unlimited'. This may have negative performance implications. Please set the stack size to the default value (10240) 
[1469025294.112825] [node016:452  :0]         sys.c:744  MXM  WARN  Conflicting CPU frequencies detected, using: 1799.25
[1469025294.123788] [node016:452  :0]         mxm.c:196  MXM  WARN  The 'ulimit -s' on the system is set to 'unlimited'. This may have negative performance implications. Please set the stack size to the default value (10240) 
[1469025294.112825] [node016:452  :0]         sys.c:744  MXM  WARN  Conflicting CPU frequencies detected, using: 1799.25
[1469025294.125514] [node016:452  :0]         mxm.c:196  MXM  WARN  The 'ulimit -s' on the system is set to 'unlimited'. This may have negative performance implications. Please set the stack size to the default value (10240) 
[1469025294.112825] [node016:452  :0]         sys.c:744  MXM  WARN  Conflicting CPU frequencies detected, using: 1799.25
[1469025294.122815] [node016:452  :0]         mxm.c:196  MXM  WARN  The 'ulimit -s' on the system is set to 'unlimited'. This may have negative performance implications. Please set the stack size to the default value (10240) 
[1469025294.112825] [node016:452  :0]         sys.c:744  MXM  WARN  Conflicting CPU frequencies detected, using: 1799.25
[1469025294.122493] [node016:452  :0]         mxm.c:196  MXM  WARN  The 'ulimit -s' on the system is set to 'unlimited'. This may have negative performance implications. Please set the stack size to the default value (10240) 
[1469025294.112825] [node016:452  :0]         sys.c:744  MXM  WARN  Conflicting CPU frequencies detected, using: 1799.25
[1469025294.124490] [node016:452  :0]         mxm.c:196  MXM  WARN  The 'ulimit -s' on the system is set to 'unlimited'. This may have negative performance implications. Please set the stack size to the default value (10240) 
[1469025294.112825] [node016:452  :0]         sys.c:744  MXM  WARN  Conflicting CPU frequencies detected, using: 1799.25
[1469025294.123641] [node016:452  :0]         mxm.c:196  MXM  WARN  The 'ulimit -s' on the system is set to 'unlimited'. This may have negative performance implications. Please set the stack size to the default value (10240) 
[1469025294.112825] [node016:452  :0]         sys.c:744  MXM  WARN  Conflicting CPU frequencies detected, using: 1799.25
[1469025294.125840] [node016:452  :0]         mxm.c:196  MXM  WARN  The 'ulimit -s' on the system is set to 'unlimited'. This may have negative performance implications. Please set the stack size to the default value (10240) 
[1469025294.112825] [node016:452  :0]         sys.c:744  MXM  WARN  Conflicting CPU frequencies detected, using: 1799.25
[1469025294.123136] [node016:452  :0]         mxm.c:196  MXM  WARN  The 'ulimit -s' on the system is set to 'unlimited'. This may have negative performance implications. Please set the stack size to the default value (10240) 
[1469025294.112825] [node016:452  :0]         sys.c:744  MXM  WARN  Conflicting CPU frequencies detected, using: 1799.25
[1469025294.121344] [node016:452  :0]         mxm.c:196  MXM  WARN  The 'ulimit -s' on the system is set to 'unlimited'. This may have negative performance implications. Please set the stack size to the default value (10240) 
[1469025294.112825] [node016:452  :0]         sys.c:744  MXM  WARN  Conflicting CPU frequencies detected, using: 1799.25
[1469025294.124662] [node016:452  :0]         mxm.c:196  MXM  WARN  The 'ulimit -s' on the system is set to 'unlimited'. This may have negative performance implications. Please set the stack size to the default value (10240) 
[1469025294.112825] [node016:452  :0]         sys.c:744  MXM  WARN  Conflicting CPU frequencies detected, using: 1799.25
[1469025294.121264] [node016:452  :0]         mxm.c:196  MXM  WARN  The 'ulimit -s' on the system is set to 'unlimited'. This may have negative performance implications. Please set the stack size to the default value (10240) 
[1469025294.469643] [node023:24145:0]         sys.c:744  MXM  WARN  Conflicting CPU frequencies detected, using: 1451.91
[1469025294.112825] [node016:452  :0]         sys.c:744  MXM  WARN  Conflicting CPU frequencies detected, using: 1799.25
[1469025294.120064] [node016:452  :0]         mxm.c:196  MXM  WARN  The 'ulimit -s' on the system is set to 'unlimited'. This may have negative performance implications. Please set the stack size to the default value (10240) 
[1469025294.469643] [node023:24145:0]         sys.c:744  MXM  WARN  Conflicting CPU frequencies detected, using: 1451.91
[1469025294.504399] [node023:24145:0]         mxm.c:196  MXM  WARN  The 'ulimit -s' on the system is set to 'unlimited'. This may have negative performance implications. Please set the stack size to the default value (10240) 
[1469025294.469643] [node023:24145:0]         sys.c:744  MXM  WARN  Conflicting CPU frequencies detected, using: 1451.91
[1469025294.509975] [node023:24145:0]         mxm.c:196  MXM  WARN  The 'ulimit -s' on the system is set to 'unlimited'. This may have negative performance implications. Please set the stack size to the default value (10240) 
[1469025294.473202] [node022:19399:0]         sys.c:744  MXM  WARN  Conflicting CPU frequencies detected, using: 1392.84
[1469025294.511061] [node022:19399:0]         mxm.c:196  MXM  WARN  The 'ulimit -s' on the system is set to 'unlimited'. This may have negative performance implications. Please set the stack size to the default value (10240) 
[1469025294.477234] [node018:25404:0]         sys.c:744  MXM  WARN  Conflicting CPU frequencies detected, using: 1399.78
[1469025294.473202] [node022:19399:0]         sys.c:744  MXM  WARN  Conflicting CPU frequencies detected, using: 1392.84
[1469025294.516524] [node022:19399:0]         mxm.c:196  MXM  WARN  The 'ulimit -s' on the system is set to 'unlimited'. This may have negative performance implications. Please set the stack size to the default value (10240) 
[1469025294.473202] [node022:19399:0]         sys.c:744  MXM  WARN  Conflicting CPU frequencies detected, using: 1392.84
[1469025294.517540] [node022:19399:0]         mxm.c:196  MXM  WARN  The 'ulimit -s' on the system is set to 'unlimited'. This may have negative performance implications. Please set the stack size to the default value (10240) 
[1469025294.473202] [node022:19399:0]         sys.c:744  MXM  WARN  Conflicting CPU frequencies detected, using: 1392.84
[1469025294.518273] [node022:19399:0]         mxm.c:196  MXM  WARN  The 'ulimit -s' on the system is set to 'unlimited'. This may have negative performance implications. Please set the stack size to the default value (10240) 
[1469025294.477234] [node018:25404:0]         sys.c:744  MXM  WARN  Conflicting CPU frequencies detected, using: 1399.78
[1469025294.517573] [node018:25404:0]         mxm.c:196  MXM  WARN  The 'ulimit -s' on the system is set to 'unlimited'. This may have negative performance implications. Please set the stack size to the default value (10240) 
[1469025294.477234] [node018:25404:0]         sys.c:744  MXM  WARN  Conflicting CPU frequencies detected, using: 1399.78
[1469025294.518327] [node018:25404:0]         mxm.c:196  MXM  WARN  The 'ulimit -s' on the system is set to 'unlimited'. This may have negative performance implications. Please set the stack size to the default value (10240) 
[1469025294.479336] [node017:25278:0]         sys.c:744  MXM  WARN  Conflicting CPU frequencies detected, using: 1473.75
[1469025294.518879] [node017:25278:0]         mxm.c:196  MXM  WARN  The 'ulimit -s' on the system is set to 'unlimited'. This may have negative performance implications. Please set the stack size to the default value (10240) 
[1469025294.474969] [node020:8354 :0]         sys.c:744  MXM  WARN  Conflicting CPU frequencies detected, using: 1427.91
[1469025294.516977] [node020:8354 :0]         mxm.c:196  MXM  WARN  The 'ulimit -s' on the system is set to 'unlimited'. This may have negative performance implications. Please set the stack size to the default value (10240) 
[1469025294.477234] [node018:25404:0]         sys.c:744  MXM  WARN  Conflicting CPU frequencies detected, using: 1399.78
[1469025294.477234] [node018:25404:0]         sys.c:744  MXM  WARN  Conflicting CPU frequencies detected, using: 1399.78
[1469025294.474969] [node020:8354 :0]         sys.c:744  MXM  WARN  Conflicting CPU frequencies detected, using: 1427.91
[1469025294.521050] [node020:8354 :0]         mxm.c:196  MXM  WARN  The 'ulimit -s' on the system is set to 'unlimited'. This may have negative performance implications. Please set the stack size to the default value (10240) 
[1469025294.469643] [node023:24145:0]         sys.c:744  MXM  WARN  Conflicting CPU frequencies detected, using: 1451.91
[1469025294.469643] [node023:24145:0]         sys.c:744  MXM  WARN  Conflicting CPU frequencies detected, using: 1451.91
[1469025294.469643] [node023:24145:0]         sys.c:744  MXM  WARN  Conflicting CPU frequencies detected, using: 1451.91
[1469025294.473202] [node022:19399:0]         sys.c:744  MXM  WARN  Conflicting CPU frequencies detected, using: 1392.84
[1469025294.479336] [node017:25278:0]         sys.c:744  MXM  WARN  Conflicting CPU frequencies detected, using: 1473.75
[1469025294.524352] [node017:25278:0]         mxm.c:196  MXM  WARN  The 'ulimit -s' on the system is set to 'unlimited'. This may have negative performance implications. Please set the stack size to the default value (10240) 
[1469025294.469643] [node023:24145:0]         sys.c:744  MXM  WARN  Conflicting CPU frequencies detected, using: 1451.91
[1469025294.469643] [node023:24145:0]         sys.c:744  MXM  WARN  Conflicting CPU frequencies detected, using: 1451.91
[1469025294.469643] [node023:24145:0]         sys.c:744  MXM  WARN  Conflicting CPU frequencies detected, using: 1451.91
[1469025294.469643] [node023:24145:0]         sys.c:744  MXM  WARN  Conflicting CPU frequencies detected, using: 1451.91
[1469025294.469643] [node023:24145:0]         sys.c:744  MXM  WARN  Conflicting CPU frequencies detected, using: 1451.91
[1469025294.473202] [node022:19399:0]         sys.c:744  MXM  WARN  Conflicting CPU frequencies detected, using: 1392.84
[1469025294.469643] [node023:24145:0]         sys.c:744  MXM  WARN  Conflicting CPU frequencies detected, using: 1451.91
[1469025294.469643] [node023:24145:0]         sys.c:744  MXM  WARN  Conflicting CPU frequencies detected, using: 1451.91
[1469025294.479336] [node017:25278:0]         sys.c:744  MXM  WARN  Conflicting CPU frequencies detected, using: 1473.75
[1469025294.525871] [node017:25278:0]         mxm.c:196  MXM  WARN  The 'ulimit -s' on the system is set to 'unlimited'. This may have negative performance implications. Please set the stack size to the default value (10240) 
[1469025294.469643] [node023:24145:0]         sys.c:744  MXM  WARN  Conflicting CPU frequencies detected, using: 1451.91
[1469025294.473202] [node022:19399:0]         sys.c:744  MXM  WARN  Conflicting CPU frequencies detected, using: 1392.84
[1469025294.473202] [node022:19399:0]         sys.c:744  MXM  WARN  Conflicting CPU frequencies detected, using: 1392.84
[1469025294.473202] [node022:19399:0]         sys.c:744  MXM  WARN  Conflicting CPU frequencies detected, using: 1392.84
[1469025294.477234] [node018:25404:0]         sys.c:744  MXM  WARN  Conflicting CPU frequencies detected, using: 1399.78
[1469025294.526594] [node018:25404:0]         mxm.c:196  MXM  WARN  The 'ulimit -s' on the system is set to 'unlimited'. This may have negative performance implications. Please set the stack size to the default value (10240) 
[1469025294.473202] [node022:19399:0]         sys.c:744  MXM  WARN  Conflicting CPU frequencies detected, using: 1392.84
[1469025294.473202] [node022:19399:0]         sys.c:744  MXM  WARN  Conflicting CPU frequencies detected, using: 1392.84
[1469025294.473202] [node022:19399:0]         sys.c:744  MXM  WARN  Conflicting CPU frequencies detected, using: 1392.84
[1469025294.473202] [node022:19399:0]         sys.c:744  MXM  WARN  Conflicting CPU frequencies detected, using: 1392.84
[1469025294.473202] [node022:19399:0]         sys.c:744  MXM  WARN  Conflicting CPU frequencies detected, using: 1392.84
[1469025294.473202] [node022:19399:0]         sys.c:744  MXM  WARN  Conflicting CPU frequencies detected, using: 1392.84
[1469025294.473202] [node022:19399:0]         sys.c:744  MXM  WARN  Conflicting CPU frequencies detected, using: 1392.84
[1469025294.474969] [node020:8354 :0]         sys.c:744  MXM  WARN  Conflicting CPU frequencies detected, using: 1427.91
[1469025294.474969] [node020:8354 :0]         sys.c:744  MXM  WARN  Conflicting CPU frequencies detected, using: 1427.91
[1469025294.474969] [node020:8354 :0]         sys.c:744  MXM  WARN  Conflicting CPU frequencies detected, using: 1427.91
[1469025294.474969] [node020:8354 :0]         sys.c:744  MXM  WARN  Conflicting CPU frequencies detected, using: 1427.91
[1469025294.474969] [node020:8354 :0]         sys.c:744  MXM  WARN  Conflicting CPU frequencies detected, using: 1427.91
[1469025294.474969] [node020:8354 :0]         sys.c:744  MXM  WARN  Conflicting CPU frequencies detected, using: 1427.91
[1469025294.477234] [node018:25404:0]         sys.c:744  MXM  WARN  Conflicting CPU frequencies detected, using: 1399.78
[1469025294.474969] [node020:8354 :0]         sys.c:744  MXM  WARN  Conflicting CPU frequencies detected, using: 1427.91
[1469025294.474969] [node020:8354 :0]         sys.c:744  MXM  WARN  Conflicting CPU frequencies detected, using: 1427.91
[1469025294.479336] [node017:25278:0]         sys.c:744  MXM  WARN  Conflicting CPU frequencies detected, using: 1473.75
[1469025294.531402] [node017:25278:0]         mxm.c:196  MXM  WARN  The 'ulimit -s' on the system is set to 'unlimited'. This may have negative performance implications. Please set the stack size to the default value (10240) 
[1469025294.477234] [node018:25404:0]         sys.c:744  MXM  WARN  Conflicting CPU frequencies detected, using: 1399.78
[1469025294.474969] [node020:8354 :0]         sys.c:744  MXM  WARN  Conflicting CPU frequencies detected, using: 1427.91
[1469025294.477234] [node018:25404:0]         sys.c:744  MXM  WARN  Conflicting CPU frequencies detected, using: 1399.78
[1469025294.474969] [node020:8354 :0]         sys.c:744  MXM  WARN  Conflicting CPU frequencies detected, using: 1427.91
[1469025294.474969] [node020:8354 :0]         sys.c:744  MXM  WARN  Conflicting CPU frequencies detected, using: 1427.91
[1469025294.479336] [node017:25278:0]         sys.c:744  MXM  WARN  Conflicting CPU frequencies detected, using: 1473.75
[1469025294.477234] [node018:25404:0]         sys.c:744  MXM  WARN  Conflicting CPU frequencies detected, using: 1399.78
[1469025294.477234] [node018:25404:0]         sys.c:744  MXM  WARN  Conflicting CPU frequencies detected, using: 1399.78
[1469025294.474969] [node020:8354 :0]         sys.c:744  MXM  WARN  Conflicting CPU frequencies detected, using: 1427.91
[1469025294.479336] [node017:25278:0]         sys.c:744  MXM  WARN  Conflicting CPU frequencies detected, using: 1473.75
[1469025294.479336] [node017:25278:0]         sys.c:744  MXM  WARN  Conflicting CPU frequencies detected, using: 1473.75
[1469025294.477234] [node018:25404:0]         sys.c:744  MXM  WARN  Conflicting CPU frequencies detected, using: 1399.78
[1469025294.479336] [node017:25278:0]         sys.c:744  MXM  WARN  Conflicting CPU frequencies detected, using: 1473.75
[1469025294.532861] [node017:25278:0]         mxm.c:196  MXM  WARN  The 'ulimit -s' on the system is set to 'unlimited'. This may have negative performance implications. Please set the stack size to the default value (10240) 
[1469025294.477234] [node018:25404:0]         sys.c:744  MXM  WARN  Conflicting CPU frequencies detected, using: 1399.78
[1469025294.479336] [node017:25278:0]         sys.c:744  MXM  WARN  Conflicting CPU frequencies detected, using: 1473.75
[1469025294.477234] [node018:25404:0]         sys.c:744  MXM  WARN  Conflicting CPU frequencies detected, using: 1399.78
[1469025294.479336] [node017:25278:0]         sys.c:744  MXM  WARN  Conflicting CPU frequencies detected, using: 1473.75
[1469025294.479336] [node017:25278:0]         sys.c:744  MXM  WARN  Conflicting CPU frequencies detected, using: 1473.75
[1469025294.533862] [node017:25278:0]         mxm.c:196  MXM  WARN  The 'ulimit -s' on the system is set to 'unlimited'. This may have negative performance implications. Please set the stack size to the default value (10240) 
[1469025294.477234] [node018:25404:0]         sys.c:744  MXM  WARN  Conflicting CPU frequencies detected, using: 1399.78
[1469025294.479336] [node017:25278:0]         sys.c:744  MXM  WARN  Conflicting CPU frequencies detected, using: 1473.75
[1469025294.479336] [node017:25278:0]         sys.c:744  MXM  WARN  Conflicting CPU frequencies detected, using: 1473.75
[1469025294.479336] [node017:25278:0]         sys.c:744  MXM  WARN  Conflicting CPU frequencies detected, using: 1473.75
[1469025294.479336] [node017:25278:0]         sys.c:744  MXM  WARN  Conflicting CPU frequencies detected, using: 1473.75
[1469025294.479336] [node017:25278:0]         sys.c:744  MXM  WARN  Conflicting CPU frequencies detected, using: 1473.75
[1469025294.562725] [node020:8354 :0]         mxm.c:196  MXM  WARN  The 'ulimit -s' on the system is set to 'unlimited'. This may have negative performance implications. Please set the stack size to the default value (10240) 
[1469025294.478853] [node021:10178:0]         sys.c:744  MXM  WARN  Conflicting CPU frequencies detected, using: 1573.78
[1469025294.486626] [node021:10178:0]         mxm.c:196  MXM  WARN  The 'ulimit -s' on the system is set to 'unlimited'. This may have negative performance implications. Please set the stack size to the default value (10240) 
[1469025294.478853] [node021:10178:0]         sys.c:744  MXM  WARN  Conflicting CPU frequencies detected, using: 1573.78
[1469025294.491477] [node021:10178:0]         mxm.c:196  MXM  WARN  The 'ulimit -s' on the system is set to 'unlimited'. This may have negative performance implications. Please set the stack size to the default value (10240) 
[1469025294.479136] [node019:22796:0]         sys.c:744  MXM  WARN  Conflicting CPU frequencies detected, using: 1696.88
[1469025294.491972] [node019:22796:0]         mxm.c:196  MXM  WARN  The 'ulimit -s' on the system is set to 'unlimited'. This may have negative performance implications. Please set the stack size to the default value (10240) 
[1469025294.479136] [node019:22796:0]         sys.c:744  MXM  WARN  Conflicting CPU frequencies detected, using: 1696.88
[1469025294.492847] [node019:22796:0]         mxm.c:196  MXM  WARN  The 'ulimit -s' on the system is set to 'unlimited'. This may have negative performance implications. Please set the stack size to the default value (10240) 
[1469025294.478853] [node021:10178:0]         sys.c:744  MXM  WARN  Conflicting CPU frequencies detected, using: 1573.78
[1469025294.491296] [node021:10178:0]         mxm.c:196  MXM  WARN  The 'ulimit -s' on the system is set to 'unlimited'. This may have negative performance implications. Please set the stack size to the default value (10240) 
[1469025294.478853] [node021:10178:0]         sys.c:744  MXM  WARN  Conflicting CPU frequencies detected, using: 1573.78
[1469025294.490483] [node021:10178:0]         mxm.c:196  MXM  WARN  The 'ulimit -s' on the system is set to 'unlimited'. This may have negative performance implications. Please set the stack size to the default value (10240) 
[1469025294.478853] [node021:10178:0]         sys.c:744  MXM  WARN  Conflicting CPU frequencies detected, using: 1573.78
[1469025294.491364] [node021:10178:0]         mxm.c:196  MXM  WARN  The 'ulimit -s' on the system is set to 'unlimited'. This may have negative performance implications. Please set the stack size to the default value (10240) 
[1469025294.479136] [node019:22796:0]         sys.c:744  MXM  WARN  Conflicting CPU frequencies detected, using: 1696.88
[1469025294.490542] [node019:22796:0]         mxm.c:196  MXM  WARN  The 'ulimit -s' on the system is set to 'unlimited'. This may have negative performance implications. Please set the stack size to the default value (10240) 
[1469025294.479136] [node019:22796:0]         sys.c:744  MXM  WARN  Conflicting CPU frequencies detected, using: 1696.88
[1469025294.487405] [node019:22796:0]         mxm.c:196  MXM  WARN  The 'ulimit -s' on the system is set to 'unlimited'. This may have negative performance implications. Please set the stack size to the default value (10240) 
[1469025294.478853] [node021:10178:0]         sys.c:744  MXM  WARN  Conflicting CPU frequencies detected, using: 1573.78
[1469025294.490419] [node021:10178:0]         mxm.c:196  MXM  WARN  The 'ulimit -s' on the system is set to 'unlimited'. This may have negative performance implications. Please set the stack size to the default value (10240) 
[1469025294.479136] [node019:22796:0]         sys.c:744  MXM  WARN  Conflicting CPU frequencies detected, using: 1696.88
[1469025294.491367] [node019:22796:0]         mxm.c:196  MXM  WARN  The 'ulimit -s' on the system is set to 'unlimited'. This may have negative performance implications. Please set the stack size to the default value (10240) 
[1469025294.479136] [node019:22796:0]         sys.c:744  MXM  WARN  Conflicting CPU frequencies detected, using: 1696.88
[1469025294.491666] [node019:22796:0]         mxm.c:196  MXM  WARN  The 'ulimit -s' on the system is set to 'unlimited'. This may have negative performance implications. Please set the stack size to the default value (10240) 
[1469025294.478853] [node021:10178:0]         sys.c:744  MXM  WARN  Conflicting CPU frequencies detected, using: 1573.78
[1469025294.491216] [node021:10178:0]         mxm.c:196  MXM  WARN  The 'ulimit -s' on the system is set to 'unlimited'. This may have negative performance implications. Please set the stack size to the default value (10240) 
[1469025294.478853] [node021:10178:0]         sys.c:744  MXM  WARN  Conflicting CPU frequencies detected, using: 1573.78
[1469025294.486341] [node021:10178:0]         mxm.c:196  MXM  WARN  The 'ulimit -s' on the system is set to 'unlimited'. This may have negative performance implications. Please set the stack size to the default value (10240) 
[1469025294.479136] [node019:22796:0]         sys.c:744  MXM  WARN  Conflicting CPU frequencies detected, using: 1696.88
[1469025294.492107] [node019:22796:0]         mxm.c:196  MXM  WARN  The 'ulimit -s' on the system is set to 'unlimited'. This may have negative performance implications. Please set the stack size to the default value (10240) 
[1469025294.479136] [node019:22796:0]         sys.c:744  MXM  WARN  Conflicting CPU frequencies detected, using: 1696.88
[1469025294.490308] [node019:22796:0]         mxm.c:196  MXM  WARN  The 'ulimit -s' on the system is set to 'unlimited'. This may have negative performance implications. Please set the stack size to the default value (10240) 
[1469025294.478853] [node021:10178:0]         sys.c:744  MXM  WARN  Conflicting CPU frequencies detected, using: 1573.78
[1469025294.490221] [node021:10178:0]         mxm.c:196  MXM  WARN  The 'ulimit -s' on the system is set to 'unlimited'. This may have negative performance implications. Please set the stack size to the default value (10240) 
[1469025294.479136] [node019:22796:0]         sys.c:744  MXM  WARN  Conflicting CPU frequencies detected, using: 1696.88
[1469025294.492435] [node019:22796:0]         mxm.c:196  MXM  WARN  The 'ulimit -s' on the system is set to 'unlimited'. This may have negative performance implications. Please set the stack size to the default value (10240) 
[1469025294.478853] [node021:10178:0]         sys.c:744  MXM  WARN  Conflicting CPU frequencies detected, using: 1573.78
[1469025294.490567] [node021:10178:0]         mxm.c:196  MXM  WARN  The 'ulimit -s' on the system is set to 'unlimited'. This may have negative performance implications. Please set the stack size to the default value (10240) 
[1469025294.478853] [node021:10178:0]         sys.c:744  MXM  WARN  Conflicting CPU frequencies detected, using: 1573.78
[1469025294.490123] [node021:10178:0]         mxm.c:196  MXM  WARN  The 'ulimit -s' on the system is set to 'unlimited'. This may have negative performance implications. Please set the stack size to the default value (10240) 
[1469025294.478853] [node021:10178:0]         sys.c:744  MXM  WARN  Conflicting CPU frequencies detected, using: 1573.78
[1469025294.487893] [node021:10178:0]         mxm.c:196  MXM  WARN  The 'ulimit -s' on the system is set to 'unlimited'. This may have negative performance implications. Please set the stack size to the default value (10240) 
[1469025294.479136] [node019:22796:0]         sys.c:744  MXM  WARN  Conflicting CPU frequencies detected, using: 1696.88
[1469025294.486975] [node019:22796:0]         mxm.c:196  MXM  WARN  The 'ulimit -s' on the system is set to 'unlimited'. This may have negative performance implications. Please set the stack size to the default value (10240) 
[1469025294.479136] [node019:22796:0]         sys.c:744  MXM  WARN  Conflicting CPU frequencies detected, using: 1696.88
[1469025294.490873] [node019:22796:0]         mxm.c:196  MXM  WARN  The 'ulimit -s' on the system is set to 'unlimited'. This may have negative performance implications. Please set the stack size to the default value (10240) 
[1469025294.479136] [node019:22796:0]         sys.c:744  MXM  WARN  Conflicting CPU frequencies detected, using: 1696.88
[1469025294.491564] [node019:22796:0]         mxm.c:196  MXM  WARN  The 'ulimit -s' on the system is set to 'unlimited'. This may have negative performance implications. Please set the stack size to the default value (10240) 
[1469025294.479136] [node019:22796:0]         sys.c:744  MXM  WARN  Conflicting CPU frequencies detected, using: 1696.88
[1469025294.488945] [node019:22796:0]         mxm.c:196  MXM  WARN  The 'ulimit -s' on the system is set to 'unlimited'. This may have negative performance implications. Please set the stack size to the default value (10240) 
[1469025294.479136] [node019:22796:0]         sys.c:744  MXM  WARN  Conflicting CPU frequencies detected, using: 1696.88
[1469025294.492795] [node019:22796:0]         mxm.c:196  MXM  WARN  The 'ulimit -s' on the system is set to 'unlimited'. This may have negative performance implications. Please set the stack size to the default value (10240) 
[1469025294.478853] [node021:10178:0]         sys.c:744  MXM  WARN  Conflicting CPU frequencies detected, using: 1573.78
[1469025294.487438] [node021:10178:0]         mxm.c:196  MXM  WARN  The 'ulimit -s' on the system is set to 'unlimited'. This may have negative performance implications. Please set the stack size to the default value (10240) 
[1469025294.479136] [node019:22796:0]         sys.c:744  MXM  WARN  Conflicting CPU frequencies detected, using: 1696.88
[1469025294.489904] [node019:22796:0]         mxm.c:196  MXM  WARN  The 'ulimit -s' on the system is set to 'unlimited'. This may have negative performance implications. Please set the stack size to the default value (10240) 
[1469025294.478853] [node021:10178:0]         sys.c:744  MXM  WARN  Conflicting CPU frequencies detected, using: 1573.78
[1469025294.491965] [node021:10178:0]         mxm.c:196  MXM  WARN  The 'ulimit -s' on the system is set to 'unlimited'. This may have negative performance implications. Please set the stack size to the default value (10240) 
[1469025294.478853] [node021:10178:0]         sys.c:744  MXM  WARN  Conflicting CPU frequencies detected, using: 1573.78
[1469025294.490965] [node021:10178:0]         mxm.c:196  MXM  WARN  The 'ulimit -s' on the system is set to 'unlimited'. This may have negative performance implications. Please set the stack size to the default value (10240) 
[1469025294.478853] [node021:10178:0]         sys.c:744  MXM  WARN  Conflicting CPU frequencies detected, using: 1573.78
[1469025294.486108] [node021:10178:0]         mxm.c:196  MXM  WARN  The 'ulimit -s' on the system is set to 'unlimited'. This may have negative performance implications. Please set the stack size to the default value (10240) 
[1469025294.479136] [node019:22796:0]         sys.c:744  MXM  WARN  Conflicting CPU frequencies detected, using: 1696.88
[1469025294.488774] [node019:22796:0]         mxm.c:196  MXM  WARN  The 'ulimit -s' on the system is set to 'unlimited'. This may have negative performance implications. Please set the stack size to the default value (10240) 
[1469025294.477234] [node018:25404:0]         sys.c:744  MXM  WARN  Conflicting CPU frequencies detected, using: 1399.78
[1469025294.508850] [node018:25404:0]         mxm.c:196  MXM  WARN  The 'ulimit -s' on the system is set to 'unlimited'. This may have negative performance implications. Please set the stack size to the default value (10240) 
[1469025294.542482] [node020:8354 :0]         mxm.c:196  MXM  WARN  The 'ulimit -s' on the system is set to 'unlimited'. This may have negative performance implications. Please set the stack size to the default value (10240) 
[1469025294.502907] [node023:24145:0]         mxm.c:196  MXM  WARN  The 'ulimit -s' on the system is set to 'unlimited'. This may have negative performance implications. Please set the stack size to the default value (10240) 
[1469025294.513609] [node018:25404:0]         mxm.c:196  MXM  WARN  The 'ulimit -s' on the system is set to 'unlimited'. This may have negative performance implications. Please set the stack size to the default value (10240) 
[1469025294.538997] [node020:8354 :0]         mxm.c:196  MXM  WARN  The 'ulimit -s' on the system is set to 'unlimited'. This may have negative performance implications. Please set the stack size to the default value (10240) 
[1469025294.474969] [node020:8354 :0]         sys.c:744  MXM  WARN  Conflicting CPU frequencies detected, using: 1427.91
[1469025294.503944] [node020:8354 :0]         mxm.c:196  MXM  WARN  The 'ulimit -s' on the system is set to 'unlimited'. This may have negative performance implications. Please set the stack size to the default value (10240) 
[1469025294.551387] [node017:25278:0]         mxm.c:196  MXM  WARN  The 'ulimit -s' on the system is set to 'unlimited'. This may have negative performance implications. Please set the stack size to the default value (10240) 
[1469025294.558503] [node022:19399:0]         mxm.c:196  MXM  WARN  The 'ulimit -s' on the system is set to 'unlimited'. This may have negative performance implications. Please set the stack size to the default value (10240) 
[1469025294.557782] [node020:8354 :0]         mxm.c:196  MXM  WARN  The 'ulimit -s' on the system is set to 'unlimited'. This may have negative performance implications. Please set the stack size to the default value (10240) 
[1469025294.469643] [node023:24145:0]         sys.c:744  MXM  WARN  Conflicting CPU frequencies detected, using: 1451.91
[1469025294.498912] [node023:24145:0]         mxm.c:196  MXM  WARN  The 'ulimit -s' on the system is set to 'unlimited'. This may have negative performance implications. Please set the stack size to the default value (10240) 
[1469025294.539448] [node023:24145:0]         mxm.c:196  MXM  WARN  The 'ulimit -s' on the system is set to 'unlimited'. This may have negative performance implications. Please set the stack size to the default value (10240) 
[1469025294.562048] [node020:8354 :0]         mxm.c:196  MXM  WARN  The 'ulimit -s' on the system is set to 'unlimited'. This may have negative performance implications. Please set the stack size to the default value (10240) 
[1469025294.524346] [node023:24145:0]         mxm.c:196  MXM  WARN  The 'ulimit -s' on the system is set to 'unlimited'. This may have negative performance implications. Please set the stack size to the default value (10240) 
[1469025294.520959] [node018:25404:0]         mxm.c:196  MXM  WARN  The 'ulimit -s' on the system is set to 'unlimited'. This may have negative performance implications. Please set the stack size to the default value (10240) 
[1469025294.528306] [node023:24145:0]         mxm.c:196  MXM  WARN  The 'ulimit -s' on the system is set to 'unlimited'. This may have negative performance implications. Please set the stack size to the default value (10240) 
[1469025294.549854] [node020:8354 :0]         mxm.c:196  MXM  WARN  The 'ulimit -s' on the system is set to 'unlimited'. This may have negative performance implications. Please set the stack size to the default value (10240) 
[1469025294.540241] [node023:24145:0]         mxm.c:196  MXM  WARN  The 'ulimit -s' on the system is set to 'unlimited'. This may have negative performance implications. Please set the stack size to the default value (10240) 
[1469025294.535163] [node023:24145:0]         mxm.c:196  MXM  WARN  The 'ulimit -s' on the system is set to 'unlimited'. This may have negative performance implications. Please set the stack size to the default value (10240) 
[1469025294.529197] [node020:8354 :0]         mxm.c:196  MXM  WARN  The 'ulimit -s' on the system is set to 'unlimited'. This may have negative performance implications. Please set the stack size to the default value (10240) 
[1469025294.546616] [node018:25404:0]         mxm.c:196  MXM  WARN  The 'ulimit -s' on the system is set to 'unlimited'. This may have negative performance implications. Please set the stack size to the default value (10240) 
[1469025294.544488] [node023:24145:0]         mxm.c:196  MXM  WARN  The 'ulimit -s' on the system is set to 'unlimited'. This may have negative performance implications. Please set the stack size to the default value (10240) 
[1469025294.544970] [node018:25404:0]         mxm.c:196  MXM  WARN  The 'ulimit -s' on the system is set to 'unlimited'. This may have negative performance implications. Please set the stack size to the default value (10240) 
[1469025294.544007] [node018:25404:0]         mxm.c:196  MXM  WARN  The 'ulimit -s' on the system is set to 'unlimited'. This may have negative performance implications. Please set the stack size to the default value (10240) 
[1469025294.530313] [node022:19399:0]         mxm.c:196  MXM  WARN  The 'ulimit -s' on the system is set to 'unlimited'. This may have negative performance implications. Please set the stack size to the default value (10240) 
[1469025294.553498] [node022:19399:0]         mxm.c:196  MXM  WARN  The 'ulimit -s' on the system is set to 'unlimited'. This may have negative performance implications. Please set the stack size to the default value (10240) 
[1469025294.542279] [node017:25278:0]         mxm.c:196  MXM  WARN  The 'ulimit -s' on the system is set to 'unlimited'. This may have negative performance implications. Please set the stack size to the default value (10240) 
[1469025294.537151] [node017:25278:0]         mxm.c:196  MXM  WARN  The 'ulimit -s' on the system is set to 'unlimited'. This may have negative performance implications. Please set the stack size to the default value (10240) 
[1469025294.535102] [node022:19399:0]         mxm.c:196  MXM  WARN  The 'ulimit -s' on the system is set to 'unlimited'. This may have negative performance implications. Please set the stack size to the default value (10240) 
[1469025294.556642] [node017:25278:0]         mxm.c:196  MXM  WARN  The 'ulimit -s' on the system is set to 'unlimited'. This may have negative performance implications. Please set the stack size to the default value (10240) 
[1469025294.528436] [node020:8354 :0]         mxm.c:196  MXM  WARN  The 'ulimit -s' on the system is set to 'unlimited'. This may have negative performance implications. Please set the stack size to the default value (10240) 
[1469025294.537927] [node017:25278:0]         mxm.c:196  MXM  WARN  The 'ulimit -s' on the system is set to 'unlimited'. This may have negative performance implications. Please set the stack size to the default value (10240) 
[1469025294.541277] [node017:25278:0]         mxm.c:196  MXM  WARN  The 'ulimit -s' on the system is set to 'unlimited'. This may have negative performance implications. Please set the stack size to the default value (10240) 
[1469025294.538713] [node023:24145:0]         mxm.c:196  MXM  WARN  The 'ulimit -s' on the system is set to 'unlimited'. This may have negative performance implications. Please set the stack size to the default value (10240) 
[1469025294.545477] [node017:25278:0]         mxm.c:196  MXM  WARN  The 'ulimit -s' on the system is set to 'unlimited'. This may have negative performance implications. Please set the stack size to the default value (10240) 
[1469025294.566886] [node018:25404:0]         mxm.c:196  MXM  WARN  The 'ulimit -s' on the system is set to 'unlimited'. This may have negative performance implications. Please set the stack size to the default value (10240) 
[1469025294.557414] [node018:25404:0]         mxm.c:196  MXM  WARN  The 'ulimit -s' on the system is set to 'unlimited'. This may have negative performance implications. Please set the stack size to the default value (10240) 
[1469025294.524589] [node022:19399:0]         mxm.c:196  MXM  WARN  The 'ulimit -s' on the system is set to 'unlimited'. This may have negative performance implications. Please set the stack size to the default value (10240) 
[1469025294.469643] [node023:24145:0]         sys.c:744  MXM  WARN  Conflicting CPU frequencies detected, using: 1451.91
[1469025294.505881] [node023:24145:0]         mxm.c:196  MXM  WARN  The 'ulimit -s' on the system is set to 'unlimited'. This may have negative performance implications. Please set the stack size to the default value (10240) 
[1469025294.543309] [node017:25278:0]         mxm.c:196  MXM  WARN  The 'ulimit -s' on the system is set to 'unlimited'. This may have negative performance implications. Please set the stack size to the default value (10240) 
[1469025294.544918] [node020:8354 :0]         mxm.c:196  MXM  WARN  The 'ulimit -s' on the system is set to 'unlimited'. This may have negative performance implications. Please set the stack size to the default value (10240) 
[1469025294.541709] [node022:19399:0]         mxm.c:196  MXM  WARN  The 'ulimit -s' on the system is set to 'unlimited'. This may have negative performance implications. Please set the stack size to the default value (10240) 
[1469025294.545963] [node023:24145:0]         mxm.c:196  MXM  WARN  The 'ulimit -s' on the system is set to 'unlimited'. This may have negative performance implications. Please set the stack size to the default value (10240) 
[1469025294.537918] [node023:24145:0]         mxm.c:196  MXM  WARN  The 'ulimit -s' on the system is set to 'unlimited'. This may have negative performance implications. Please set the stack size to the default value (10240) 
[1469025294.549122] [node020:8354 :0]         mxm.c:196  MXM  WARN  The 'ulimit -s' on the system is set to 'unlimited'. This may have negative performance implications. Please set the stack size to the default value (10240) 
[1469025294.532800] [node022:19399:0]         mxm.c:196  MXM  WARN  The 'ulimit -s' on the system is set to 'unlimited'. This may have negative performance implications. Please set the stack size to the default value (10240) 
[1469025294.576258] [node017:25278:0]         mxm.c:196  MXM  WARN  The 'ulimit -s' on the system is set to 'unlimited'. This may have negative performance implications. Please set the stack size to the default value (10240) 
[1469025294.541651] [node018:25404:0]         mxm.c:196  MXM  WARN  The 'ulimit -s' on the system is set to 'unlimited'. This may have negative performance implications. Please set the stack size to the default value (10240) 
[1469025294.569649] [node017:25278:0]         mxm.c:196  MXM  WARN  The 'ulimit -s' on the system is set to 'unlimited'. This may have negative performance implications. Please set the stack size to the default value (10240) 
[1469025294.563568] [node022:19399:0]         mxm.c:196  MXM  WARN  The 'ulimit -s' on the system is set to 'unlimited'. This may have negative performance implications. Please set the stack size to the default value (10240) 
[1469025294.554780] [node023:24145:0]         mxm.c:196  MXM  WARN  The 'ulimit -s' on the system is set to 'unlimited'. This may have negative performance implications. Please set the stack size to the default value (10240) 
[1469025294.474969] [node020:8354 :0]         sys.c:744  MXM  WARN  Conflicting CPU frequencies detected, using: 1427.91
[1469025294.506394] [node020:8354 :0]         mxm.c:196  MXM  WARN  The 'ulimit -s' on the system is set to 'unlimited'. This may have negative performance implications. Please set the stack size to the default value (10240) 
[1469025294.521763] [node018:25404:0]         mxm.c:196  MXM  WARN  The 'ulimit -s' on the system is set to 'unlimited'. This may have negative performance implications. Please set the stack size to the default value (10240) 
[1469025294.552441] [node018:25404:0]         mxm.c:196  MXM  WARN  The 'ulimit -s' on the system is set to 'unlimited'. This may have negative performance implications. Please set the stack size to the default value (10240) 
[1469025294.551749] [node020:8354 :0]         mxm.c:196  MXM  WARN  The 'ulimit -s' on the system is set to 'unlimited'. This may have negative performance implications. Please set the stack size to the default value (10240) 
[1469025294.554994] [node018:25404:0]         mxm.c:196  MXM  WARN  The 'ulimit -s' on the system is set to 'unlimited'. This may have negative performance implications. Please set the stack size to the default value (10240) 
[1469025294.560007] [node018:25404:0]         mxm.c:196  MXM  WARN  The 'ulimit -s' on the system is set to 'unlimited'. This may have negative performance implications. Please set the stack size to the default value (10240) 
[1469025294.546743] [node020:8354 :0]         mxm.c:196  MXM  WARN  The 'ulimit -s' on the system is set to 'unlimited'. This may have negative performance implications. Please set the stack size to the default value (10240) 
[1469025294.529954] [node023:24145:0]         mxm.c:196  MXM  WARN  The 'ulimit -s' on the system is set to 'unlimited'. This may have negative performance implications. Please set the stack size to the default value (10240) 
[1469025294.567722] [node022:19399:0]         mxm.c:196  MXM  WARN  The 'ulimit -s' on the system is set to 'unlimited'. This may have negative performance implications. Please set the stack size to the default value (10240) 
[1469025294.538579] [node022:19399:0]         mxm.c:196  MXM  WARN  The 'ulimit -s' on the system is set to 'unlimited'. This may have negative performance implications. Please set the stack size to the default value (10240) 
[1469025294.534322] [node022:19399:0]         mxm.c:196  MXM  WARN  The 'ulimit -s' on the system is set to 'unlimited'. This may have negative performance implications. Please set the stack size to the default value (10240) 
[1469025294.528682] [node022:19399:0]         mxm.c:196  MXM  WARN  The 'ulimit -s' on the system is set to 'unlimited'. This may have negative performance implications. Please set the stack size to the default value (10240) 
UPCR: UPC thread  13 of 128 on node016 (pshm node 0 of 8, process  13 of 128, pid=487)
UPCR: UPC thread  10 of 128 on node016 (pshm node 0 of 8, process  10 of 128, pid=482)
UPCR: UPC thread  11 of 128 on node016 (pshm node 0 of 8, process  11 of 128, pid=484)
UPCR: UPC thread   8 of 128 on node016 (pshm node 0 of 8, process   8 of 128, pid=476)
UPCR: UPC thread   6 of 128 on node016 (pshm node 0 of 8, process   6 of 128, pid=471)
UPCR: UPC thread   1 of 128 on node016 (pshm node 0 of 8, process   1 of 128, pid=461)
UPCR: UPC thread   4 of 128 on node016 (pshm node 0 of 8, process   4 of 128, pid=468)
UPCR: UPC thread  48 of 128 on node019 (pshm node 3 of 8, process  48 of 128, pid=22838)
UPCR: UPC thread  63 of 128 on node019 (pshm node 3 of 8, process  63 of 128, pid=22864)
UPCR: UPC thread  69 of 128 on node020 (pshm node 4 of 8, process  69 of 128, pid=8402)
UPCR: UPC thread  66 of 128 on node020 (pshm node 4 of 8, process  66 of 128, pid=8399)
UPCR: UPC thread  67 of 128 on node020 (pshm node 4 of 8, process  67 of 128, pid=8400)
UPCR: UPC thread  64 of 128 on node020 (pshm node 4 of 8, process  64 of 128, pid=8397)
UPCR: UPC thread  77 of 128 on node020 (pshm node 4 of 8, process  77 of 128, pid=8419)
UPCR: UPC thread  79 of 128 on node020 (pshm node 4 of 8, process  79 of 128, pid=8423)
UPCR: UPC thread  75 of 128 on node020 (pshm node 4 of 8, process  75 of 128, pid=8415)
UPCR: UPC thread  72 of 128 on node020 (pshm node 4 of 8, process  72 of 128, pid=8408)
UPCR: UPC thread  78 of 128 on node020 (pshm node 4 of 8, process  78 of 128, pid=8421)
UPCR: UPC thread  12 of 128 on node016 (pshm node 0 of 8, process  12 of 128, pid=485)
UPCR: UPC thread  60 of 128 on node019 (pshm node 3 of 8, process  60 of 128, pid=22858)
UPCR: UPC thread  56 of 128 on node019 (pshm node 3 of 8, process  56 of 128, pid=22850)
UPCR: UPC thread  15 of 128 on node016 (pshm node 0 of 8, process  15 of 128, pid=496)
UPCR: UPC thread  82 of 128 on node021 (pshm node 5 of 8, process  82 of 128, pid=10222)
UPCR: UPC thread  80 of 128 on node021 (pshm node 5 of 8, process  80 of 128, pid=10220)
UPCR: UPC thread  88 of 128 on node021 (pshm node 5 of 8, process  88 of 128, pid=10231)
UPCR: UPC thread  89 of 128 on node021 (pshm node 5 of 8, process  89 of 128, pid=10234)
UPCR: UPC thread  87 of 128 on node021 (pshm node 5 of 8, process  87 of 128, pid=10229)
UPCR: UPC thread  83 of 128 on node021 (pshm node 5 of 8, process  83 of 128, pid=10223)
UPCR: UPC thread  93 of 128 on node021 (pshm node 5 of 8, process  93 of 128, pid=10242)
UPCR: UPC thread  95 of 128 on node021 (pshm node 5 of 8, process  95 of 128, pid=10246)
UPCR: UPC thread  86 of 128 on node021 (pshm node 5 of 8, process  86 of 128, pid=10227)
UPCR: UPC thread  94 of 128 on node021 (pshm node 5 of 8, process  94 of 128, pid=10244)
UPCR: UPC thread  73 of 128 on node020 (pshm node 4 of 8, process  73 of 128, pid=8411)
UPCR: UPC thread  68 of 128 on node020 (pshm node 4 of 8, process  68 of 128, pid=8401)
UPCR: UPC thread  29 of 128 on node017 (pshm node 1 of 8, process  29 of 128, pid=25342)
UPCR: UPC thread  16 of 128 on node017 (pshm node 1 of 8, process  16 of 128, pid=25320)
UPCR: UPC thread  30 of 128 on node017 (pshm node 1 of 8, process  30 of 128, pid=25345)
UPCR: UPC thread  31 of 128 on node017 (pshm node 1 of 8, process  31 of 128, pid=25346)
UPCR: UPC thread  24 of 128 on node017 (pshm node 1 of 8, process  24 of 128, pid=25332)
UPCR: UPC thread  25 of 128 on node017 (pshm node 1 of 8, process  25 of 128, pid=25334)
UPCR: UPC thread  20 of 128 on node017 (pshm node 1 of 8, process  20 of 128, pid=25324)
UPCR: UPC thread  19 of 128 on node017 (pshm node 1 of 8, process  19 of 128, pid=25323)
UPCR: UPC thread  27 of 128 on node017 (pshm node 1 of 8, process  27 of 128, pid=25338)
UPCR: UPC thread  17 of 128 on node017 (pshm node 1 of 8, process  17 of 128, pid=25321)
UPCR: UPC thread  28 of 128 on node017 (pshm node 1 of 8, process  28 of 128, pid=25340)
UPCR: UPC thread  23 of 128 on node017 (pshm node 1 of 8, process  23 of 128, pid=25330)
UPCR: UPC thread  18 of 128 on node017 (pshm node 1 of 8, process  18 of 128, pid=25322)
UPCR: UPC thread  26 of 128 on node017 (pshm node 1 of 8, process  26 of 128, pid=25336)
UPCR: UPC thread  22 of 128 on node017 (pshm node 1 of 8, process  22 of 128, pid=25328)
UPCR: UPC thread  21 of 128 on node017 (pshm node 1 of 8, process  21 of 128, pid=25326)
UPCR: UPC thread   5 of 128 on node016 (pshm node 0 of 8, process   5 of 128, pid=470)
UPCR: UPC thread   2 of 128 on node016 (pshm node 0 of 8, process   2 of 128, pid=462)
UPCR: UPC thread  50 of 128 on node019 (pshm node 3 of 8, process  50 of 128, pid=22840)
UPCR: UPC thread  53 of 128 on node019 (pshm node 3 of 8, process  53 of 128, pid=22844)
UPCR: UPC thread  59 of 128 on node019 (pshm node 3 of 8, process  59 of 128, pid=22857)
UPCR: UPC thread  57 of 128 on node019 (pshm node 3 of 8, process  57 of 128, pid=22852)
UPCR: UPC thread  51 of 128 on node019 (pshm node 3 of 8, process  51 of 128, pid=22841)
UPCR: UPC thread  62 of 128 on node019 (pshm node 3 of 8, process  62 of 128, pid=22862)
UPCR: UPC thread  54 of 128 on node019 (pshm node 3 of 8, process  54 of 128, pid=22845)
UPCR: UPC thread  55 of 128 on node019 (pshm node 3 of 8, process  55 of 128, pid=22848)
UPCR: UPC thread  58 of 128 on node019 (pshm node 3 of 8, process  58 of 128, pid=22854)
UPCR: UPC thread  52 of 128 on node019 (pshm node 3 of 8, process  52 of 128, pid=22842)
UPCR: UPC thread  49 of 128 on node019 (pshm node 3 of 8, process  49 of 128, pid=22839)
UPCR: UPC thread  61 of 128 on node019 (pshm node 3 of 8, process  61 of 128, pid=22860)
UPCR: UPC thread   0 of 128 on node016 (pshm node 0 of 8, process   0 of 128, pid=460)
UPCR: UPC thread  76 of 128 on node020 (pshm node 4 of 8, process  76 of 128, pid=8417)
UPCR: UPC thread  71 of 128 on node020 (pshm node 4 of 8, process  71 of 128, pid=8406)
UPCR: UPC thread  70 of 128 on node020 (pshm node 4 of 8, process  70 of 128, pid=8404)
UPCR: UPC thread  65 of 128 on node020 (pshm node 4 of 8, process  65 of 128, pid=8398)
UPCR: UPC thread  74 of 128 on node020 (pshm node 4 of 8, process  74 of 128, pid=8413)
UPCR: UPC thread  85 of 128 on node021 (pshm node 5 of 8, process  85 of 128, pid=10225)
UPCR: UPC thread  92 of 128 on node021 (pshm node 5 of 8, process  92 of 128, pid=10240)
UPCR: UPC thread  90 of 128 on node021 (pshm node 5 of 8, process  90 of 128, pid=10236)
UPCR: UPC thread  81 of 128 on node021 (pshm node 5 of 8, process  81 of 128, pid=10221)
UPCR: UPC thread  91 of 128 on node021 (pshm node 5 of 8, process  91 of 128, pid=10238)
UPCR: UPC thread  84 of 128 on node021 (pshm node 5 of 8, process  84 of 128, pid=10224)
UPCR: UPC thread   7 of 128 on node016 (pshm node 0 of 8, process   7 of 128, pid=473)
UPCR: UPC thread   9 of 128 on node016 (pshm node 0 of 8, process   9 of 128, pid=478)
UPCR: UPC thread  14 of 128 on node016 (pshm node 0 of 8, process  14 of 128, pid=488)
UPCR: UPC thread   3 of 128 on node016 (pshm node 0 of 8, process   3 of 128, pid=465)
UPCR: UPC thread 118 of 128 on node023 (pshm node 7 of 8, process 118 of 128, pid=24194)
UPCR: UPC thread 109 of 128 on node022 (pshm node 6 of 8, process 109 of 128, pid=19463)
UPCR: UPC thread  38 of 128 on node018 (pshm node 2 of 8, process  38 of 128, pid=25453)
UPCR: UPC thread  35 of 128 on node018 (pshm node 2 of 8, process  35 of 128, pid=25449)
UPCR: UPC thread  36 of 128 on node018 (pshm node 2 of 8, process  36 of 128, pid=25450)
UPCR: UPC thread  42 of 128 on node018 (pshm node 2 of 8, process  42 of 128, pid=25462)
UPCR: UPC thread  41 of 128 on node018 (pshm node 2 of 8, process  41 of 128, pid=25460)
UPCR: UPC thread  32 of 128 on node018 (pshm node 2 of 8, process  32 of 128, pid=25446)
UPCR: UPC thread  44 of 128 on node018 (pshm node 2 of 8, process  44 of 128, pid=25466)
UPCR: UPC thread  43 of 128 on node018 (pshm node 2 of 8, process  43 of 128, pid=25464)
UPCR: UPC thread  40 of 128 on node018 (pshm node 2 of 8, process  40 of 128, pid=25457)
UPCR: UPC thread  45 of 128 on node018 (pshm node 2 of 8, process  45 of 128, pid=25468)
UPCR: UPC thread  46 of 128 on node018 (pshm node 2 of 8, process  46 of 128, pid=25470)
UPCR: UPC thread  39 of 128 on node018 (pshm node 2 of 8, process  39 of 128, pid=25455)
UPCR: UPC thread  34 of 128 on node018 (pshm node 2 of 8, process  34 of 128, pid=25448)
UPCR: UPC thread  37 of 128 on node018 (pshm node 2 of 8, process  37 of 128, pid=25452)
UPCR: UPC thread  33 of 128 on node018 (pshm node 2 of 8, process  33 of 128, pid=25447)
UPCR: UPC thread  47 of 128 on node018 (pshm node 2 of 8, process  47 of 128, pid=25472)
UPCR: UPC thread 100 of 128 on node022 (pshm node 6 of 8, process 100 of 128, pid=19445)
UPCR: UPC thread 110 of 128 on node022 (pshm node 6 of 8, process 110 of 128, pid=19465)
UPCR: UPC thread  99 of 128 on node022 (pshm node 6 of 8, process  99 of 128, pid=19444)
UPCR: UPC thread 106 of 128 on node022 (pshm node 6 of 8, process 106 of 128, pid=19457)
UPCR: UPC thread 102 of 128 on node022 (pshm node 6 of 8, process 102 of 128, pid=19448)
UPCR: UPC thread  98 of 128 on node022 (pshm node 6 of 8, process  98 of 128, pid=19443)
UPCR: UPC thread  96 of 128 on node022 (pshm node 6 of 8, process  96 of 128, pid=19441)
UPCR: UPC thread  97 of 128 on node022 (pshm node 6 of 8, process  97 of 128, pid=19442)
UPCR: UPC thread 103 of 128 on node022 (pshm node 6 of 8, process 103 of 128, pid=19451)
UPCR: UPC thread 107 of 128 on node022 (pshm node 6 of 8, process 107 of 128, pid=19459)
UPCR: UPC thread 104 of 128 on node022 (pshm node 6 of 8, process 104 of 128, pid=19453)
UPCR: UPC thread 108 of 128 on node022 (pshm node 6 of 8, process 108 of 128, pid=19461)
UPCR: UPC thread 111 of 128 on node022 (pshm node 6 of 8, process 111 of 128, pid=19467)
UPCR: UPC thread 105 of 128 on node022 (pshm node 6 of 8, process 105 of 128, pid=19455)
UPCR: UPC thread 101 of 128 on node022 (pshm node 6 of 8, process 101 of 128, pid=19447)
UPCR: UPC thread 115 of 128 on node023 (pshm node 7 of 8, process 115 of 128, pid=24190)
UPCR: UPC thread 117 of 128 on node023 (pshm node 7 of 8, process 117 of 128, pid=24193)
UPCR: UPC thread 124 of 128 on node023 (pshm node 7 of 8, process 124 of 128, pid=24207)
UPCR: UPC thread 116 of 128 on node023 (pshm node 7 of 8, process 116 of 128, pid=24191)
UPCR: UPC thread 120 of 128 on node023 (pshm node 7 of 8, process 120 of 128, pid=24199)
UPCR: UPC thread 119 of 128 on node023 (pshm node 7 of 8, process 119 of 128, pid=24196)
UPCR: UPC thread 127 of 128 on node023 (pshm node 7 of 8, process 127 of 128, pid=24213)
UPCR: UPC thread 126 of 128 on node023 (pshm node 7 of 8, process 126 of 128, pid=24211)
UPCR: UPC thread 121 of 128 on node023 (pshm node 7 of 8, process 121 of 128, pid=24201)
UPCR: UPC thread 114 of 128 on node023 (pshm node 7 of 8, process 114 of 128, pid=24189)
UPCR: UPC thread 123 of 128 on node023 (pshm node 7 of 8, process 123 of 128, pid=24205)
UPCR: UPC thread 113 of 128 on node023 (pshm node 7 of 8, process 113 of 128, pid=24188)
UPCR: UPC thread 122 of 128 on node023 (pshm node 7 of 8, process 122 of 128, pid=24203)
UPCR: UPC thread 112 of 128 on node023 (pshm node 7 of 8, process 112 of 128, pid=24187)
UPCR: UPC thread 125 of 128 on node023 (pshm node 7 of 8, process 125 of 128, pid=24210)
using a cache granularity of 8
using linear probing in the BDD table
using a memoization table of 2^25 = 33554432 entries (~1280 MB) per thread
using a BDD table of 2^26 = 67108864 entries (~1536 MB) per thread
Initializing /home/oortwijn/distdd/models/petrinets/rwmutex-r10w20.bdd!
vector size: 70
bits per integer: 4
number of BDD variables: 280
Loading initial states: 
Initial states loaded... 
Loading transition relations... 
70 integers per state, 4 bits per integer, 60 transition groups
BDD nodes:
Initial states: 280 BDD nodes
Transition 0: 40 BDD nodes
Transition 1: 40 BDD nodes
Transition 2: 40 BDD nodes
Transition 3: 40 BDD nodes
Transition 4: 40 BDD nodes
Transition 5: 40 BDD nodes
Transition 6: 40 BDD nodes
Transition 7: 40 BDD nodes
Transition 8: 112 BDD nodes
Transition 9: 112 BDD nodes
Transition 10: 112 BDD nodes
Transition 11: 112 BDD nodes
Transition 12: 112 BDD nodes
Transition 13: 112 BDD nodes
Transition 14: 112 BDD nodes
Transition 15: 112 BDD nodes
Transition 16: 112 BDD nodes
Transition 17: 112 BDD nodes
Transition 18: 112 BDD nodes
Transition 19: 112 BDD nodes
Transition 20: 112 BDD nodes
Transition 21: 112 BDD nodes
Transition 22: 112 BDD nodes
Transition 23: 112 BDD nodes
Transition 24: 112 BDD nodes
Transition 25: 112 BDD nodes
Transition 26: 112 BDD nodes
Transition 27: 112 BDD nodes
Transition 28: 112 BDD nodes
Transition 29: 112 BDD nodes
Transition 30: 112 BDD nodes
Transition 31: 112 BDD nodes
Transition 32: 112 BDD nodes
Transition 33: 112 BDD nodes
Transition 34: 112 BDD nodes
Transition 35: 112 BDD nodes
Transition 36: 112 BDD nodes
Transition 37: 112 BDD nodes
Transition 38: 112 BDD nodes
Transition 39: 112 BDD nodes
Transition 40: 112 BDD nodes
Transition 41: 112 BDD nodes
Transition 42: 112 BDD nodes
Transition 43: 112 BDD nodes
Transition 44: 112 BDD nodes
Transition 45: 112 BDD nodes
Transition 46: 112 BDD nodes
Transition 47: 112 BDD nodes
Transition 48: 40 BDD nodes
Transition 49: 40 BDD nodes
Transition 50: 40 BDD nodes
Transition 51: 40 BDD nodes
Transition 52: 40 BDD nodes
Transition 53: 40 BDD nodes
Transition 54: 40 BDD nodes
Transition 55: 40 BDD nodes
Transition 56: 40 BDD nodes
Transition 57: 40 BDD nodes
Transition 58: 40 BDD nodes
Transition 59: 40 BDD nodes
Level 1... done.
Level 2... done.
Level 3... done.
Level 4... done.
Level 5... done.
Level 6... done.
Level 7... done.
Level 8... done.
Level 9... done.
Level 10... done.
Level 11... done.
PAR Time: 0.405150
Final states: 1044 states
Final states: 7048 BDD nodes
[1469025294.478853] [node021:10178:0]         sys.c:744  MXM  WARN  Conflicting CPU frequencies detected, using: 1573.78
[1469025294.469643] [node023:24145:0]         sys.c:744  MXM  WARN  Conflicting CPU frequencies detected, using: 1451.91
[1469025294.474969] [node020:8354 :0]         sys.c:744  MXM  WARN  Conflicting CPU frequencies detected, using: 1427.91
[1469025294.473202] [node022:19399:0]         sys.c:744  MXM  WARN  Conflicting CPU frequencies detected, using: 1392.84
[1469025294.479336] [node017:25278:0]         sys.c:744  MXM  WARN  Conflicting CPU frequencies detected, using: 1473.75
[1469025294.112825] [node016:452  :0]         sys.c:744  MXM  WARN  Conflicting CPU frequencies detected, using: 1799.25
[1469025294.477234] [node018:25404:0]         sys.c:744  MXM  WARN  Conflicting CPU frequencies detected, using: 1399.78
[1469025294.479136] [node019:22796:0]         sys.c:744  MXM  WARN  Conflicting CPU frequencies detected, using: 1696.88
[1469025294.093201] [node016:393  :0]         sys.c:744  MXM  WARN  Conflicting CPU frequencies detected, using: 1698.38
