performing reachability, flags: -n 16 -N 1 -shared-heap 16GB --tablesize=26 --cachesize=25 --quadratic-probing--chunk-size=8 
This is upcrun, job spawner for the Berkeley UPC compiler (http://upc.lbl.gov).
upcrun version 2.22.2
Network conduits supported by this installation: smp mxm ibv
[1468663586.053733] [node022:15724:0]         sys.c:744  MXM  WARN  Conflicting CPU frequencies detected, using: 1694.81
[1468663586.053733] [node022:15724:0]         sys.c:744  MXM  WARN  Conflicting CPU frequencies detected, using: 1694.81
[1468663586.053733] [node022:15724:0]         sys.c:744  MXM  WARN  Conflicting CPU frequencies detected, using: 1694.81
[1468663586.053733] [node022:15724:0]         sys.c:744  MXM  WARN  Conflicting CPU frequencies detected, using: 1694.81
[1468663586.053733] [node022:15724:0]         sys.c:744  MXM  WARN  Conflicting CPU frequencies detected, using: 1694.81
[1468663586.053733] [node022:15724:0]         sys.c:744  MXM  WARN  Conflicting CPU frequencies detected, using: 1694.81
[1468663586.053733] [node022:15724:0]         sys.c:744  MXM  WARN  Conflicting CPU frequencies detected, using: 1694.81
[1468663586.053733] [node022:15724:0]         sys.c:744  MXM  WARN  Conflicting CPU frequencies detected, using: 1694.81
[1468663586.053733] [node022:15724:0]         sys.c:744  MXM  WARN  Conflicting CPU frequencies detected, using: 1694.81
[1468663586.053733] [node022:15724:0]         sys.c:744  MXM  WARN  Conflicting CPU frequencies detected, using: 1694.81
[1468663586.053733] [node022:15724:0]         sys.c:744  MXM  WARN  Conflicting CPU frequencies detected, using: 1694.81
[1468663586.053733] [node022:15724:0]         sys.c:744  MXM  WARN  Conflicting CPU frequencies detected, using: 1694.81
[1468663586.053733] [node022:15724:0]         sys.c:744  MXM  WARN  Conflicting CPU frequencies detected, using: 1694.81
[1468663586.053733] [node022:15724:0]         sys.c:744  MXM  WARN  Conflicting CPU frequencies detected, using: 1694.81
[1468663586.086256] [node022:15724:0]         mxm.c:196  MXM  WARN  The 'ulimit -s' on the system is set to 'unlimited'. This may have negative performance implications. Please set the stack size to the default value (10240) 
[1468663586.121252] [node022:15724:0]         mxm.c:196  MXM  WARN  The 'ulimit -s' on the system is set to 'unlimited'. This may have negative performance implications. Please set the stack size to the default value (10240) 
[1468663586.128846] [node022:15724:0]         mxm.c:196  MXM  WARN  The 'ulimit -s' on the system is set to 'unlimited'. This may have negative performance implications. Please set the stack size to the default value (10240) 
[1468663586.117200] [node022:15724:0]         mxm.c:196  MXM  WARN  The 'ulimit -s' on the system is set to 'unlimited'. This may have negative performance implications. Please set the stack size to the default value (10240) 
[1468663586.053733] [node022:15724:0]         sys.c:744  MXM  WARN  Conflicting CPU frequencies detected, using: 1694.81
[1468663586.083969] [node022:15724:0]         mxm.c:196  MXM  WARN  The 'ulimit -s' on the system is set to 'unlimited'. This may have negative performance implications. Please set the stack size to the default value (10240) 
[1468663586.132114] [node022:15724:0]         mxm.c:196  MXM  WARN  The 'ulimit -s' on the system is set to 'unlimited'. This may have negative performance implications. Please set the stack size to the default value (10240) 
[1468663586.123825] [node022:15724:0]         mxm.c:196  MXM  WARN  The 'ulimit -s' on the system is set to 'unlimited'. This may have negative performance implications. Please set the stack size to the default value (10240) 
[1468663586.053733] [node022:15724:0]         sys.c:744  MXM  WARN  Conflicting CPU frequencies detected, using: 1694.81
[1468663586.067110] [node022:15724:0]         mxm.c:196  MXM  WARN  The 'ulimit -s' on the system is set to 'unlimited'. This may have negative performance implications. Please set the stack size to the default value (10240) 
[1468663586.118157] [node022:15724:0]         mxm.c:196  MXM  WARN  The 'ulimit -s' on the system is set to 'unlimited'. This may have negative performance implications. Please set the stack size to the default value (10240) 
[1468663586.115714] [node022:15724:0]         mxm.c:196  MXM  WARN  The 'ulimit -s' on the system is set to 'unlimited'. This may have negative performance implications. Please set the stack size to the default value (10240) 
[1468663586.111536] [node022:15724:0]         mxm.c:196  MXM  WARN  The 'ulimit -s' on the system is set to 'unlimited'. This may have negative performance implications. Please set the stack size to the default value (10240) 
[1468663586.110783] [node022:15724:0]         mxm.c:196  MXM  WARN  The 'ulimit -s' on the system is set to 'unlimited'. This may have negative performance implications. Please set the stack size to the default value (10240) 
[1468663586.119710] [node022:15724:0]         mxm.c:196  MXM  WARN  The 'ulimit -s' on the system is set to 'unlimited'. This may have negative performance implications. Please set the stack size to the default value (10240) 
[1468663586.109286] [node022:15724:0]         mxm.c:196  MXM  WARN  The 'ulimit -s' on the system is set to 'unlimited'. This may have negative performance implications. Please set the stack size to the default value (10240) 
[1468663586.118930] [node022:15724:0]         mxm.c:196  MXM  WARN  The 'ulimit -s' on the system is set to 'unlimited'. This may have negative performance implications. Please set the stack size to the default value (10240) 
[1468663586.136452] [node022:15724:0]         mxm.c:196  MXM  WARN  The 'ulimit -s' on the system is set to 'unlimited'. This may have negative performance implications. Please set the stack size to the default value (10240) 
UPCR: UPC thread  0 of 16 on node022 (pshm node 0 of 1, process  0 of 16, pid=15725)
UPCR: UPC thread 15 of 16 on node022 (pshm node 0 of 1, process 15 of 16, pid=15750)
UPCR: UPC thread  5 of 16 on node022 (pshm node 0 of 1, process  5 of 16, pid=15730)
UPCR: UPC thread  7 of 16 on node022 (pshm node 0 of 1, process  7 of 16, pid=15733)
UPCR: UPC thread 14 of 16 on node022 (pshm node 0 of 1, process 14 of 16, pid=15748)
UPCR: UPC thread  4 of 16 on node022 (pshm node 0 of 1, process  4 of 16, pid=15729)
UPCR: UPC thread  2 of 16 on node022 (pshm node 0 of 1, process  2 of 16, pid=15727)
UPCR: UPC thread  1 of 16 on node022 (pshm node 0 of 1, process  1 of 16, pid=15726)
UPCR: UPC thread  9 of 16 on node022 (pshm node 0 of 1, process  9 of 16, pid=15738)
UPCR: UPC thread  6 of 16 on node022 (pshm node 0 of 1, process  6 of 16, pid=15732)
UPCR: UPC thread  3 of 16 on node022 (pshm node 0 of 1, process  3 of 16, pid=15728)
UPCR: UPC thread 13 of 16 on node022 (pshm node 0 of 1, process 13 of 16, pid=15747)
UPCR: UPC thread  8 of 16 on node022 (pshm node 0 of 1, process  8 of 16, pid=15736)
UPCR: UPC thread 11 of 16 on node022 (pshm node 0 of 1, process 11 of 16, pid=15742)
UPCR: UPC thread 10 of 16 on node022 (pshm node 0 of 1, process 10 of 16, pid=15741)
UPCR: UPC thread 12 of 16 on node022 (pshm node 0 of 1, process 12 of 16, pid=15744)
using a cache granularity of 8
using linear probing in the BDD table
using a memoization table of 2^25 = 33554432 entries (~1280 MB) per thread
using a BDD table of 2^26 = 67108864 entries (~1536 MB) per thread
Initializing /home/oortwijn/distdd/models/petrinets/SmallOperatingSystem-MT0032DC0008.bdd!
vector size: 9
bits per integer: 6
number of BDD variables: 54
Loading initial states: 
Initial states loaded... 
Loading transition relations... 
9 integers per state, 6 bits per integer, 8 transition groups
BDD nodes:
Initial states: 54 BDD nodes
Transition 0: 0 BDD nodes
Transition 1: 0 BDD nodes
Transition 2: 0 BDD nodes
Transition 3: 0 BDD nodes
Transition 4: 0 BDD nodes
Transition 5: 0 BDD nodes
Transition 6: 0 BDD nodes
Transition 7: 0 BDD nodes
Level 1... done.
PAR Time: 0.000055
Final states: 1 states
Final states: 54 BDD nodes
[1468663586.053733] [node022:15724:0]         sys.c:744  MXM  WARN  Conflicting CPU frequencies detected, using: 1694.81
[1468663586.034346] [node022:15680:0]         sys.c:744  MXM  WARN  Conflicting CPU frequencies detected, using: 1694.81
