performing reachability, flags: -n 8 -N 8 -shared-heap 16GB --tablesize=27 --cachesize=26  
This is upcrun, job spawner for the Berkeley UPC compiler (http://upc.lbl.gov).
upcrun version 2.22.2
Network conduits supported by this installation: smp mxm ibv
[1467889219.155630] [node012:31961:0]         sys.c:744  MXM  WARN  Conflicting CPU frequencies detected, using: 2196.47
[1467889219.163648] [node012:31961:0]         mxm.c:196  MXM  WARN  The 'ulimit -s' on the system is set to 'unlimited'. This may have negative performance implications. Please set the stack size to the default value (10240) 
[1467889219.505943] [node016:27395:0]         sys.c:744  MXM  WARN  Conflicting CPU frequencies detected, using: 1994.81
[1467889219.511740] [node016:27395:0]         mxm.c:196  MXM  WARN  The 'ulimit -s' on the system is set to 'unlimited'. This may have negative performance implications. Please set the stack size to the default value (10240) 
[1467889219.499787] [node019:29868:0]         sys.c:744  MXM  WARN  Conflicting CPU frequencies detected, using: 2256.38
[1467889219.505491] [node019:29868:0]         mxm.c:196  MXM  WARN  The 'ulimit -s' on the system is set to 'unlimited'. This may have negative performance implications. Please set the stack size to the default value (10240) 
[1467889219.496318] [node015:27676:0]         sys.c:744  MXM  WARN  Conflicting CPU frequencies detected, using: 2396.72
[1467889219.505350] [node015:27676:0]         mxm.c:196  MXM  WARN  The 'ulimit -s' on the system is set to 'unlimited'. This may have negative performance implications. Please set the stack size to the default value (10240) 
[1467889219.511473] [node013:28033:0]         sys.c:744  MXM  WARN  Conflicting CPU frequencies detected, using: 1797.75
[1467889219.520199] [node013:28033:0]         mxm.c:196  MXM  WARN  The 'ulimit -s' on the system is set to 'unlimited'. This may have negative performance implications. Please set the stack size to the default value (10240) 
[1467889219.513320] [node018:26091:0]         sys.c:744  MXM  WARN  Conflicting CPU frequencies detected, using: 1894.88
[1467889219.522241] [node018:26091:0]         mxm.c:196  MXM  WARN  The 'ulimit -s' on the system is set to 'unlimited'. This may have negative performance implications. Please set the stack size to the default value (10240) 
[1467889219.502170] [node014:29353:0]         sys.c:744  MXM  WARN  Conflicting CPU frequencies detected, using: 2600.06
[1467889219.508352] [node014:29353:0]         mxm.c:196  MXM  WARN  The 'ulimit -s' on the system is set to 'unlimited'. This may have negative performance implications. Please set the stack size to the default value (10240) 
[1467889220.519644] [node017:28567:0]         sys.c:744  MXM  WARN  Conflicting CPU frequencies detected, using: 1798.31
[1467889220.528598] [node017:28567:0]         mxm.c:196  MXM  WARN  The 'ulimit -s' on the system is set to 'unlimited'. This may have negative performance implications. Please set the stack size to the default value (10240) 
UPCR: UPC thread 0 of 8 on node012 (pshm node 0 of 8, process 0 of 8, pid=31969)
UPCR: UPC thread 5 of 8 on node017 (pshm node 5 of 8, process 5 of 8, pid=28609)
UPCR: UPC thread 1 of 8 on node013 (pshm node 1 of 8, process 1 of 8, pid=28077)
UPCR: UPC thread 4 of 8 on node016 (pshm node 4 of 8, process 4 of 8, pid=27437)
UPCR: UPC thread 6 of 8 on node018 (pshm node 6 of 8, process 6 of 8, pid=26133)
UPCR: UPC thread 7 of 8 on node019 (pshm node 7 of 8, process 7 of 8, pid=29910)
UPCR: UPC thread 3 of 8 on node015 (pshm node 3 of 8, process 3 of 8, pid=27718)
UPCR: UPC thread 2 of 8 on node014 (pshm node 2 of 8, process 2 of 8, pid=29395)
using a cache granularity of 8
using linear probing in the BDD table
using a memoization table of 2^26 = 67108864 entries (~2560 MB) per thread
using a BDD table of 2^27 = 134217728 entries (~3072 MB) per thread
Initializing /home/oortwijn/distdd/models/beem/adding.2.bdd!
vector size: 5
bits per integer: 10
number of BDD variables: 50
Loading initial states: 
Initial states loaded... 
Loading transition relations... 
5 integers per state, 10 bits per integer, 6 transition groups
BDD nodes:
Initial states: 50 BDD nodes
Transition 0: 1942 BDD nodes
Transition 1: 17539 BDD nodes
Transition 2: 3451 BDD nodes
Transition 3: 15773 BDD nodes
Transition 4: 5453 BDD nodes
Transition 5: 28097 BDD nodes
Level 1... done.
Level 2... done.
Level 3... done.
Level 4... done.
Level 5... done.
Level 6... done.
Level 7... done.
Level 8... done.
Level 9... done.
Level 10... done.
Level 11... done.
Level 12... done.
Level 13... done.
Level 14... done.
Level 15... done.
Level 16... done.
Level 17... done.
Level 18... done.
Level 19... done.
Level 20... done.
Level 21... done.
Level 22... done.
Level 23... done.
Level 24... done.
Level 25... done.
Level 26... done.
Level 27... done.
Level 28... done.
Level 29... done.
Level 30... done.
Level 31... done.
Level 32... done.
Level 33... done.
Level 34... done.
Level 35... done.
Level 36... done.
Level 37... done.
Level 38... done.
Level 39... done.
Level 40... done.
Level 41... done.
Level 42... done.
Level 43... done.
Level 44... done.
Level 45... done.
Level 46... done.
Level 47... done.
Level 48... done.
Level 49... done.
Level 50... done.
Level 51... done.
Level 52... done.
Level 53... done.
Level 54... done.
Level 55... done.
Level 56... done.
Level 57... done.
Level 58... done.
Level 59... done.
Level 60... done.
PAR Time: 53.008672
Final states: 836838 states
Final states: 67859 BDD nodes
[1467889219.513320] [node018:26091:0]         sys.c:744  MXM  WARN  Conflicting CPU frequencies detected, using: 1894.88
[1467889220.519644] [node017:28567:0]         sys.c:744  MXM  WARN  Conflicting CPU frequencies detected, using: 1798.31
[1467889219.511473] [node013:28033:0]         sys.c:744  MXM  WARN  Conflicting CPU frequencies detected, using: 1797.75
[1467889219.499787] [node019:29868:0]         sys.c:744  MXM  WARN  Conflicting CPU frequencies detected, using: 2256.38
[1467889219.155630] [node012:31961:0]         sys.c:744  MXM  WARN  Conflicting CPU frequencies detected, using: 2196.47
[1467889219.496318] [node015:27676:0]         sys.c:744  MXM  WARN  Conflicting CPU frequencies detected, using: 2396.72
[1467889219.502170] [node014:29353:0]         sys.c:744  MXM  WARN  Conflicting CPU frequencies detected, using: 2600.06
[1467889219.505943] [node016:27395:0]         sys.c:744  MXM  WARN  Conflicting CPU frequencies detected, using: 1994.81
[1467889219.136837] [node012:31915:0]         sys.c:744  MXM  WARN  Conflicting CPU frequencies detected, using: 2186.06
