performing reachability, flags: -n 16 -N 16 -shared-heap 16GB --tablesize=27 --cachesize=26  
This is upcrun, job spawner for the Berkeley UPC compiler (http://upc.lbl.gov).
upcrun version 2.22.2
Network conduits supported by this installation: smp mxm ibv
[1468124339.141917] [node030:2741 :0]         sys.c:744  MXM  WARN  Conflicting CPU frequencies detected, using: 2136.75
[1468124339.150547] [node030:2741 :0]         mxm.c:196  MXM  WARN  The 'ulimit -s' on the system is set to 'unlimited'. This may have negative performance implications. Please set the stack size to the default value (10240) 
[1468124339.493715] [node037:21612:0]         sys.c:744  MXM  WARN  Conflicting CPU frequencies detected, using: 2390.25
[1468124339.499925] [node037:21612:0]         mxm.c:196  MXM  WARN  The 'ulimit -s' on the system is set to 'unlimited'. This may have negative performance implications. Please set the stack size to the default value (10240) 
[1468124339.502499] [node040:23948:0]         sys.c:744  MXM  WARN  Conflicting CPU frequencies detected, using: 2599.97
[1468124339.511089] [node040:23948:0]         mxm.c:196  MXM  WARN  The 'ulimit -s' on the system is set to 'unlimited'. This may have negative performance implications. Please set the stack size to the default value (10240) 
[1468124339.509723] [node043:23533:0]         sys.c:744  MXM  WARN  Conflicting CPU frequencies detected, using: 2932.31
[1468124339.518739] [node043:23533:0]         mxm.c:196  MXM  WARN  The 'ulimit -s' on the system is set to 'unlimited'. This may have negative performance implications. Please set the stack size to the default value (10240) 
[1468124339.501732] [node031:26057:0]         sys.c:744  MXM  WARN  Conflicting CPU frequencies detected, using: 2542.59
[1468124339.510354] [node031:26057:0]         mxm.c:196  MXM  WARN  The 'ulimit -s' on the system is set to 'unlimited'. This may have negative performance implications. Please set the stack size to the default value (10240) 
[1468124339.494689] [node033:22596:0]         sys.c:744  MXM  WARN  Conflicting CPU frequencies detected, using: 2714.91
[1468124339.503533] [node033:22596:0]         mxm.c:196  MXM  WARN  The 'ulimit -s' on the system is set to 'unlimited'. This may have negative performance implications. Please set the stack size to the default value (10240) 
[1468124339.499254] [node035:21956:0]         sys.c:744  MXM  WARN  Conflicting CPU frequencies detected, using: 2852.72
[1468124339.505161] [node035:21956:0]         mxm.c:196  MXM  WARN  The 'ulimit -s' on the system is set to 'unlimited'. This may have negative performance implications. Please set the stack size to the default value (10240) 
[1468124339.505736] [node041:24228:0]         sys.c:744  MXM  WARN  Conflicting CPU frequencies detected, using: 2722.22
[1468124339.514169] [node041:24228:0]         mxm.c:196  MXM  WARN  The 'ulimit -s' on the system is set to 'unlimited'. This may have negative performance implications. Please set the stack size to the default value (10240) 
[1468124339.504133] [node042:22897:0]         sys.c:744  MXM  WARN  Conflicting CPU frequencies detected, using: 2767.88
[1468124339.513046] [node042:22897:0]         mxm.c:196  MXM  WARN  The 'ulimit -s' on the system is set to 'unlimited'. This may have negative performance implications. Please set the stack size to the default value (10240) 
[1468124339.484153] [node034:22529:0]         sys.c:744  MXM  WARN  Conflicting CPU frequencies detected, using: 1489.41
[1468124339.493055] [node034:22529:0]         mxm.c:196  MXM  WARN  The 'ulimit -s' on the system is set to 'unlimited'. This may have negative performance implications. Please set the stack size to the default value (10240) 
[1468124339.494548] [node044:21832:0]         sys.c:744  MXM  WARN  Conflicting CPU frequencies detected, using: 2519.53
[1468124339.503483] [node044:21832:0]         mxm.c:196  MXM  WARN  The 'ulimit -s' on the system is set to 'unlimited'. This may have negative performance implications. Please set the stack size to the default value (10240) 
[1468124339.498420] [node036:22082:0]         sys.c:744  MXM  WARN  Conflicting CPU frequencies detected, using: 3081.84
[1468124339.504273] [node036:22082:0]         mxm.c:196  MXM  WARN  The 'ulimit -s' on the system is set to 'unlimited'. This may have negative performance implications. Please set the stack size to the default value (10240) 
[1468124339.493401] [node032:25320:0]         sys.c:744  MXM  WARN  Conflicting CPU frequencies detected, using: 1816.41
[1468124339.501901] [node032:25320:0]         mxm.c:196  MXM  WARN  The 'ulimit -s' on the system is set to 'unlimited'. This may have negative performance implications. Please set the stack size to the default value (10240) 
[1468124339.501021] [node038:23144:0]         sys.c:744  MXM  WARN  Conflicting CPU frequencies detected, using: 1585.97
[1468124339.509669] [node038:23144:0]         mxm.c:196  MXM  WARN  The 'ulimit -s' on the system is set to 'unlimited'. This may have negative performance implications. Please set the stack size to the default value (10240) 
[1468124339.507296] [node039:21284:0]         sys.c:744  MXM  WARN  Conflicting CPU frequencies detected, using: 2586.19
[1468124339.516048] [node039:21284:0]         mxm.c:196  MXM  WARN  The 'ulimit -s' on the system is set to 'unlimited'. This may have negative performance implications. Please set the stack size to the default value (10240) 
[1468124339.491175] [node045:22873:0]         sys.c:744  MXM  WARN  Conflicting CPU frequencies detected, using: 1874.81
[1468124339.500220] [node045:22873:0]         mxm.c:196  MXM  WARN  The 'ulimit -s' on the system is set to 'unlimited'. This may have negative performance implications. Please set the stack size to the default value (10240) 
UPCR: UPC thread  0 of 16 on node030 (pshm node  0 of 16, process  0 of 16, pid=2757)
UPCR: UPC thread 13 of 16 on node043 (pshm node 13 of 16, process 13 of 16, pid=23575)
UPCR: UPC thread  6 of 16 on node036 (pshm node  6 of 16, process  6 of 16, pid=22124)
UPCR: UPC thread  1 of 16 on node031 (pshm node  1 of 16, process  1 of 16, pid=26099)
UPCR: UPC thread 10 of 16 on node040 (pshm node 10 of 16, process 10 of 16, pid=23990)
UPCR: UPC thread 15 of 16 on node045 (pshm node 15 of 16, process 15 of 16, pid=22915)
UPCR: UPC thread  8 of 16 on node038 (pshm node  8 of 16, process  8 of 16, pid=23186)
UPCR: UPC thread  7 of 16 on node037 (pshm node  7 of 16, process  7 of 16, pid=21654)
UPCR: UPC thread  5 of 16 on node035 (pshm node  5 of 16, process  5 of 16, pid=21998)
UPCR: UPC thread  3 of 16 on node033 (pshm node  3 of 16, process  3 of 16, pid=22638)
UPCR: UPC thread  4 of 16 on node034 (pshm node  4 of 16, process  4 of 16, pid=22571)
UPCR: UPC thread  9 of 16 on node039 (pshm node  9 of 16, process  9 of 16, pid=21326)
UPCR: UPC thread 12 of 16 on node042 (pshm node 12 of 16, process 12 of 16, pid=22939)
UPCR: UPC thread 14 of 16 on node044 (pshm node 14 of 16, process 14 of 16, pid=21874)
UPCR: UPC thread 11 of 16 on node041 (pshm node 11 of 16, process 11 of 16, pid=24270)
UPCR: UPC thread  2 of 16 on node032 (pshm node  2 of 16, process  2 of 16, pid=25362)
using a cache granularity of 8
using linear probing in the BDD table
using a memoization table of 2^26 = 67108864 entries (~2560 MB) per thread
using a BDD table of 2^27 = 134217728 entries (~3072 MB) per thread
Initializing /home/oortwijn/distdd/models/beem/anderson.4.bdd!
vector size: 13
bits per integer: 3
number of BDD variables: 39
Loading initial states: 
Initial states loaded... 
Loading transition relations... 
13 integers per state, 3 bits per integer, 20 transition groups
BDD nodes:
Initial states: 39 BDD nodes
Transition 0: 55 BDD nodes
Transition 1: 30 BDD nodes
Transition 2: 202 BDD nodes
Transition 3: 36 BDD nodes
Transition 4: 111 BDD nodes
Transition 5: 55 BDD nodes
Transition 6: 30 BDD nodes
Transition 7: 202 BDD nodes
Transition 8: 36 BDD nodes
Transition 9: 111 BDD nodes
Transition 10: 953 BDD nodes
Transition 11: 953 BDD nodes
Transition 12: 96 BDD nodes
Transition 13: 36 BDD nodes
Transition 14: 96 BDD nodes
Transition 15: 36 BDD nodes
Transition 16: 30 BDD nodes
Transition 17: 123 BDD nodes
Transition 18: 30 BDD nodes
Transition 19: 123 BDD nodes
Level 1... done.
Level 2... done.
Level 3... done.
Level 4... done.
Level 5... done.
Level 6... done.
Level 7... done.
Level 8... done.
Level 9... done.
Level 10... done.
Level 11... done.
Level 12... done.
Level 13... done.
Level 14... done.
Level 15... done.
Level 16... done.
Level 17... done.
Level 18... done.
Level 19... done.
Level 20... done.
Level 21... done.
Level 22... done.
Level 23... done.
Level 24... done.
Level 25... done.
Level 26... done.
Level 27... done.
Level 28... done.
Level 29... done.
Level 30... done.
Level 31... done.
Level 32... done.
Level 33... done.
Level 34... done.
Level 35... done.
Level 36... done.
Level 37... done.
Level 38... done.
Level 39... done.
Level 40... done.
Level 41... done.
Level 42... done.
Level 43... done.
Level 44... done.
Level 45... done.
Level 46... done.
Level 47... done.
Level 48... done.
Level 49... done.
Level 50... done.
Level 51... done.
Level 52... done.
Level 53... done.
Level 54... done.
Level 55... done.
Level 56... done.
Level 57... done.
Level 58... done.
Level 59... done.
Level 60... done.
Level 61... done.
Level 62... done.
Level 63... done.
Level 64... done.
Level 65... done.
Level 66... done.
Level 67... done.
Level 68... done.
Level 69... done.
Level 70... done.
Level 71... done.
Level 72... done.
Level 73... done.
Level 74... done.
Level 75... done.
Level 76... done.
Level 77... done.
Level 78... done.
Level 79... done.
Level 80... done.
Level 81... done.
PAR Time: 0.972324
Final states: 29641 states
Final states: 4079 BDD nodes
[1468124339.501732] [node031:26057:0]         sys.c:744  MXM  WARN  Conflicting CPU frequencies detected, using: 2542.59
[1468124339.505736] [node041:24228:0]         sys.c:744  MXM  WARN  Conflicting CPU frequencies detected, using: 2722.22
[1468124339.484153] [node034:22529:0]         sys.c:744  MXM  WARN  Conflicting CPU frequencies detected, using: 1489.41
[1468124339.493401] [node032:25320:0]         sys.c:744  MXM  WARN  Conflicting CPU frequencies detected, using: 1816.41
[1468124339.499254] [node035:21956:0]         sys.c:744  MXM  WARN  Conflicting CPU frequencies detected, using: 2852.72
[1468124339.501021] [node038:23144:0]         sys.c:744  MXM  WARN  Conflicting CPU frequencies detected, using: 1585.97
[1468124339.507296] [node039:21284:0]         sys.c:744  MXM  WARN  Conflicting CPU frequencies detected, using: 2586.19
[1468124339.502499] [node040:23948:0]         sys.c:744  MXM  WARN  Conflicting CPU frequencies detected, using: 2599.97
[1468124339.494689] [node033:22596:0]         sys.c:744  MXM  WARN  Conflicting CPU frequencies detected, using: 2714.91
[1468124339.493715] [node037:21612:0]         sys.c:744  MXM  WARN  Conflicting CPU frequencies detected, using: 2390.25
[1468124339.491175] [node045:22873:0]         sys.c:744  MXM  WARN  Conflicting CPU frequencies detected, using: 1874.81
[1468124339.494548] [node044:21832:0]         sys.c:744  MXM  WARN  Conflicting CPU frequencies detected, using: 2519.53
[1468124339.141917] [node030:2741 :0]         sys.c:744  MXM  WARN  Conflicting CPU frequencies detected, using: 2136.75
[1468124339.509723] [node043:23533:0]         sys.c:744  MXM  WARN  Conflicting CPU frequencies detected, using: 2932.31
[1468124339.504133] [node042:22897:0]         sys.c:744  MXM  WARN  Conflicting CPU frequencies detected, using: 2767.88
[1468124339.498420] [node036:22082:0]         sys.c:744  MXM  WARN  Conflicting CPU frequencies detected, using: 3081.84
[1468124339.122197] [node030:2694 :0]         sys.c:744  MXM  WARN  Conflicting CPU frequencies detected, using: 2566.69
