performing reachability, flags: -n 16 -N 2 -shared-heap 2GB --tablesize=24 --cachesize=23  
This is upcrun, job spawner for the Berkeley UPC compiler (http://upc.lbl.gov).
upcrun version 2.22.2
Network conduits supported by this installation: smp mxm ibv
[1468070367.328434] [node022:8441 :0]         sys.c:744  MXM  WARN  Conflicting CPU frequencies detected, using: 2371.69
[1468070367.351115] [node022:8441 :0]         mxm.c:196  MXM  WARN  The 'ulimit -s' on the system is set to 'unlimited'. This may have negative performance implications. Please set the stack size to the default value (10240) 
[1468070367.328434] [node022:8441 :0]         sys.c:744  MXM  WARN  Conflicting CPU frequencies detected, using: 2371.69
[1468070367.354155] [node022:8441 :0]         mxm.c:196  MXM  WARN  The 'ulimit -s' on the system is set to 'unlimited'. This may have negative performance implications. Please set the stack size to the default value (10240) 
[1468070367.328434] [node022:8441 :0]         sys.c:744  MXM  WARN  Conflicting CPU frequencies detected, using: 2371.69
[1468070367.351888] [node022:8441 :0]         mxm.c:196  MXM  WARN  The 'ulimit -s' on the system is set to 'unlimited'. This may have negative performance implications. Please set the stack size to the default value (10240) 
[1468070367.328434] [node022:8441 :0]         sys.c:744  MXM  WARN  Conflicting CPU frequencies detected, using: 2371.69
[1468070367.358919] [node022:8441 :0]         mxm.c:196  MXM  WARN  The 'ulimit -s' on the system is set to 'unlimited'. This may have negative performance implications. Please set the stack size to the default value (10240) 
[1468070367.328434] [node022:8441 :0]         sys.c:744  MXM  WARN  Conflicting CPU frequencies detected, using: 2371.69
[1468070367.362388] [node022:8441 :0]         mxm.c:196  MXM  WARN  The 'ulimit -s' on the system is set to 'unlimited'. This may have negative performance implications. Please set the stack size to the default value (10240) 
[1468070367.328434] [node022:8441 :0]         sys.c:744  MXM  WARN  Conflicting CPU frequencies detected, using: 2371.69
[1468070367.370913] [node022:8441 :0]         mxm.c:196  MXM  WARN  The 'ulimit -s' on the system is set to 'unlimited'. This may have negative performance implications. Please set the stack size to the default value (10240) 
[1468070367.328434] [node022:8441 :0]         sys.c:744  MXM  WARN  Conflicting CPU frequencies detected, using: 2371.69
[1468070367.364009] [node022:8441 :0]         mxm.c:196  MXM  WARN  The 'ulimit -s' on the system is set to 'unlimited'. This may have negative performance implications. Please set the stack size to the default value (10240) 
[1468070367.328434] [node022:8441 :0]         sys.c:744  MXM  WARN  Conflicting CPU frequencies detected, using: 2371.69
[1468070367.369020] [node022:8441 :0]         mxm.c:196  MXM  WARN  The 'ulimit -s' on the system is set to 'unlimited'. This may have negative performance implications. Please set the stack size to the default value (10240) 
[1468070367.684762] [node023:14898:0]         sys.c:744  MXM  WARN  Conflicting CPU frequencies detected, using: 1981.59
[1468070367.711927] [node023:14898:0]         mxm.c:196  MXM  WARN  The 'ulimit -s' on the system is set to 'unlimited'. This may have negative performance implications. Please set the stack size to the default value (10240) 
[1468070367.684762] [node023:14898:0]         sys.c:744  MXM  WARN  Conflicting CPU frequencies detected, using: 1981.59
[1468070367.705653] [node023:14898:0]         mxm.c:196  MXM  WARN  The 'ulimit -s' on the system is set to 'unlimited'. This may have negative performance implications. Please set the stack size to the default value (10240) 
[1468070367.684762] [node023:14898:0]         sys.c:744  MXM  WARN  Conflicting CPU frequencies detected, using: 1981.59
[1468070367.714363] [node023:14898:0]         mxm.c:196  MXM  WARN  The 'ulimit -s' on the system is set to 'unlimited'. This may have negative performance implications. Please set the stack size to the default value (10240) 
[1468070367.684762] [node023:14898:0]         sys.c:744  MXM  WARN  Conflicting CPU frequencies detected, using: 1981.59
[1468070367.727060] [node023:14898:0]         mxm.c:196  MXM  WARN  The 'ulimit -s' on the system is set to 'unlimited'. This may have negative performance implications. Please set the stack size to the default value (10240) 
[1468070367.684762] [node023:14898:0]         sys.c:744  MXM  WARN  Conflicting CPU frequencies detected, using: 1981.59
[1468070367.719263] [node023:14898:0]         mxm.c:196  MXM  WARN  The 'ulimit -s' on the system is set to 'unlimited'. This may have negative performance implications. Please set the stack size to the default value (10240) 
[1468070367.684762] [node023:14898:0]         sys.c:744  MXM  WARN  Conflicting CPU frequencies detected, using: 1981.59
[1468070367.718459] [node023:14898:0]         mxm.c:196  MXM  WARN  The 'ulimit -s' on the system is set to 'unlimited'. This may have negative performance implications. Please set the stack size to the default value (10240) 
[1468070367.684762] [node023:14898:0]         sys.c:744  MXM  WARN  Conflicting CPU frequencies detected, using: 1981.59
[1468070367.724274] [node023:14898:0]         mxm.c:196  MXM  WARN  The 'ulimit -s' on the system is set to 'unlimited'. This may have negative performance implications. Please set the stack size to the default value (10240) 
[1468070367.684762] [node023:14898:0]         sys.c:744  MXM  WARN  Conflicting CPU frequencies detected, using: 1981.59
[1468070367.716841] [node023:14898:0]         mxm.c:196  MXM  WARN  The 'ulimit -s' on the system is set to 'unlimited'. This may have negative performance implications. Please set the stack size to the default value (10240) 
UPCR: UPC thread  5 of 16 on node022 (pshm node 0 of 2, process  5 of 16, pid=8448)
UPCR: UPC thread  1 of 16 on node022 (pshm node 0 of 2, process  1 of 16, pid=8444)
UPCR: UPC thread  6 of 16 on node022 (pshm node 0 of 2, process  6 of 16, pid=8449)
UPCR: UPC thread  2 of 16 on node022 (pshm node 0 of 2, process  2 of 16, pid=8445)
UPCR: UPC thread  3 of 16 on node022 (pshm node 0 of 2, process  3 of 16, pid=8446)
UPCR: UPC thread  7 of 16 on node022 (pshm node 0 of 2, process  7 of 16, pid=8451)
UPCR: UPC thread  4 of 16 on node022 (pshm node 0 of 2, process  4 of 16, pid=8447)
UPCR: UPC thread  0 of 16 on node022 (pshm node 0 of 2, process  0 of 16, pid=8443)
UPCR: UPC thread  9 of 16 on node023 (pshm node 1 of 2, process  9 of 16, pid=14941)
UPCR: UPC thread 10 of 16 on node023 (pshm node 1 of 2, process 10 of 16, pid=14942)
UPCR: UPC thread 13 of 16 on node023 (pshm node 1 of 2, process 13 of 16, pid=14945)
UPCR: UPC thread 11 of 16 on node023 (pshm node 1 of 2, process 11 of 16, pid=14943)
UPCR: UPC thread 12 of 16 on node023 (pshm node 1 of 2, process 12 of 16, pid=14944)
UPCR: UPC thread 15 of 16 on node023 (pshm node 1 of 2, process 15 of 16, pid=14949)
UPCR: UPC thread 14 of 16 on node023 (pshm node 1 of 2, process 14 of 16, pid=14947)
UPCR: UPC thread  8 of 16 on node023 (pshm node 1 of 2, process  8 of 16, pid=14940)
using a cache granularity of 8
using linear probing in the BDD table
using a memoization table of 2^23 = 8388608 entries (~320 MB) per thread
using a BDD table of 2^24 = 16777216 entries (~384 MB) per thread
Initializing /home/oortwijn/distdd/models/beem/anderson.6.bdd!
vector size: 19
bits per integer: 4
number of BDD variables: 76
Loading initial states: 
Initial states loaded... 
Loading transition relations... 
19 integers per state, 4 bits per integer, 30 transition groups
BDD nodes:
Initial states: 76 BDD nodes
Transition 0: 86 BDD nodes
Transition 1: 44 BDD nodes
Transition 2: 525 BDD nodes
Transition 3: 46 BDD nodes
Transition 4: 251 BDD nodes
Transition 5: 86 BDD nodes
Transition 6: 44 BDD nodes
Transition 7: 525 BDD nodes
Transition 8: 46 BDD nodes
Transition 9: 251 BDD nodes
Transition 10: 86 BDD nodes
Transition 11: 44 BDD nodes
Transition 12: 525 BDD nodes
Transition 13: 46 BDD nodes
Transition 14: 251 BDD nodes
Transition 15: 10912 BDD nodes
Transition 16: 10912 BDD nodes
Transition 17: 10912 BDD nodes
Transition 18: 174 BDD nodes
Transition 19: 46 BDD nodes
Transition 20: 174 BDD nodes
Transition 21: 46 BDD nodes
Transition 22: 174 BDD nodes
Transition 23: 46 BDD nodes
Transition 24: 44 BDD nodes
Transition 25: 273 BDD nodes
Transition 26: 44 BDD nodes
Transition 27: 273 BDD nodes
Transition 28: 44 BDD nodes
Transition 29: 273 BDD nodes
Level 1... done.
Level 2... done.
Level 3... done.
Level 4... done.
Level 5... done.
Level 6... done.
Level 7... done.
Level 8... done.
Level 9... done.
Level 10... done.
Level 11... done.
Level 12... done.
Level 13... done.
Level 14... done.
Level 15... done.
Level 16... done.
Level 17... done.
Level 18... done.
Level 19... done.
Level 20... done.
Level 21... done.
Level 22... done.
Level 23... done.
Level 24... done.
Level 25... done.
Level 26... done.
Level 27... done.
Level 28... done.
Level 29... done.
Level 30... done.
Level 31... done.
Level 32... done.
Level 33... done.
Level 34... done.
Level 35... done.
Level 36... done.
Level 37... done.
Level 38... done.
Level 39... done.
Level 40... done.
Level 41... done.
Level 42... done.
Level 43... done.
Level 44... done.
Level 45... done.
Level 46... done.
Level 47... done.
Level 48... done.
Level 49... done.
Level 50... done.
Level 51... done.
Level 52... done.
Level 53... done.
Level 54... done.
Level 55... done.
Level 56... done.
Level 57... done.
Level 58... done.
Level 59... done.
Level 60... done.
Level 61... done.
Level 62... done.
Level 63... done.
Level 64... done.
Level 65... done.
Level 66... done.
Level 67... done.
Level 68... done.
Level 69... done.
Level 70... done.
Level 71... done.
Level 72... done.
Level 73... done.
Level 74... done.
Level 75... done.
Level 76... done.
Level 77... done.
Level 78... done.
Level 79... done.
Level 80... done.
Level 81... done.
Level 82... done.
Level 83... done.
Level 84... done.
Level 85... done.
Level 86... done.
Level 87... done.
Level 88... done.
Level 89... done.
Level 90... done.
Level 91... done.
Level 92... done.
Level 93... done.
Level 94... done.
Level 95... done.
Level 96... done.
Level 97... done.
Level 98... done.
Level 99... done.
Level 100... done.
Level 101... done.
Level 102... done.
Level 103... done.
Level 104... done.
Level 105... done.
Level 106... done.
Level 107... done.
Level 108... done.
Level 109... done.
Level 110... done.
Level 111... done.
Level 112... done.
Level 113... done.
Level 114... done.
Level 115... done.
Level 116... done.
Level 117... done.
Level 118... done.
Level 119... done.
Level 120... done.
Level 121... done.
Level 122... done.
Level 123... done.
Level 124... done.
Level 125... done.
Level 126... done.
Level 127... done.
Level 128... done.
Level 129... done.
Level 130... done.
Level 131... done.
Level 132... done.
Level 133... done.
Level 134... done.
Level 135... done.
Level 136... done.
Level 137... done.
Level 138... done.
Level 139... done.
Level 140... done.
Level 141... done.
Level 142... done.
Level 143... done.
Level 144... done.
Level 145... done.
Level 146... done.
Level 147... done.
Level 148... done.
Level 149... done.
Level 150... done.
Level 151... done.
Level 152... done.
Level 153... done.
Level 154... done.
Level 155... done.
Level 156... done.
Level 157... done.
Level 158... done.
Level 159... done.
Level 160... done.
Level 161... done.
Level 162... done.
Level 163... done.
Level 164... done.
Level 165... done.
Level 166... done.
Level 167... done.
Level 168... done.
Level 169... done.
Level 170... done.
Level 171... done.
Level 172... done.
Level 173... done.
Level 174... done.
Level 175... done.
Level 176... done.
Level 177... done.
Level 178... done.
Level 179... done.
Level 180... done.
Level 181... done.
PAR Time: 21.421444
Final states: 18206917 states
Final states: 84043 BDD nodes
[1468070367.328434] [node022:8441 :0]         sys.c:744  MXM  WARN  Conflicting CPU frequencies detected, using: 2371.69
[1468070367.684762] [node023:14898:0]         sys.c:744  MXM  WARN  Conflicting CPU frequencies detected, using: 1981.59
[1468070367.308690] [node022:8397 :0]         sys.c:744  MXM  WARN  Conflicting CPU frequencies detected, using: 2297.44
