performing reachability, flags: -n 128 -N 16 -shared-heap 2GB --tablesize=24 --cachesize=23  
This is upcrun, job spawner for the Berkeley UPC compiler (http://upc.lbl.gov).
upcrun version 2.22.2
Network conduits supported by this installation: smp mxm ibv
[1467921259.750083] [node053:24103:0]         sys.c:744  MXM  WARN  Conflicting CPU frequencies detected, using: 1997.72
[1467921259.757089] [node053:24103:0]         mxm.c:196  MXM  WARN  The 'ulimit -s' on the system is set to 'unlimited'. This may have negative performance implications. Please set the stack size to the default value (10240) 
[1467921259.750083] [node053:24103:0]         sys.c:744  MXM  WARN  Conflicting CPU frequencies detected, using: 1997.72
[1467921259.757642] [node053:24103:0]         mxm.c:196  MXM  WARN  The 'ulimit -s' on the system is set to 'unlimited'. This may have negative performance implications. Please set the stack size to the default value (10240) 
[1467921259.750083] [node053:24103:0]         sys.c:744  MXM  WARN  Conflicting CPU frequencies detected, using: 1997.72
[1467921259.758406] [node053:24103:0]         mxm.c:196  MXM  WARN  The 'ulimit -s' on the system is set to 'unlimited'. This may have negative performance implications. Please set the stack size to the default value (10240) 
[1467921259.750083] [node053:24103:0]         sys.c:744  MXM  WARN  Conflicting CPU frequencies detected, using: 1997.72
[1467921259.758530] [node053:24103:0]         mxm.c:196  MXM  WARN  The 'ulimit -s' on the system is set to 'unlimited'. This may have negative performance implications. Please set the stack size to the default value (10240) 
[1467921259.750083] [node053:24103:0]         sys.c:744  MXM  WARN  Conflicting CPU frequencies detected, using: 1997.72
[1467921259.759108] [node053:24103:0]         mxm.c:196  MXM  WARN  The 'ulimit -s' on the system is set to 'unlimited'. This may have negative performance implications. Please set the stack size to the default value (10240) 
[1467921259.750083] [node053:24103:0]         sys.c:744  MXM  WARN  Conflicting CPU frequencies detected, using: 1997.72
[1467921259.758601] [node053:24103:0]         mxm.c:196  MXM  WARN  The 'ulimit -s' on the system is set to 'unlimited'. This may have negative performance implications. Please set the stack size to the default value (10240) 
[1467921259.750083] [node053:24103:0]         sys.c:744  MXM  WARN  Conflicting CPU frequencies detected, using: 1997.72
[1467921259.758801] [node053:24103:0]         mxm.c:196  MXM  WARN  The 'ulimit -s' on the system is set to 'unlimited'. This may have negative performance implications. Please set the stack size to the default value (10240) 
[1467921259.750083] [node053:24103:0]         sys.c:744  MXM  WARN  Conflicting CPU frequencies detected, using: 1997.72
[1467921259.757884] [node053:24103:0]         mxm.c:196  MXM  WARN  The 'ulimit -s' on the system is set to 'unlimited'. This may have negative performance implications. Please set the stack size to the default value (10240) 
[1467921260.106296] [node067:27115:0]         sys.c:744  MXM  WARN  Conflicting CPU frequencies detected, using: 1499.91
[1467921260.106714] [node068:25306:0]         sys.c:744  MXM  WARN  Conflicting CPU frequencies detected, using: 1399.97
[1467921260.140458] [node068:25306:0]         mxm.c:196  MXM  WARN  The 'ulimit -s' on the system is set to 'unlimited'. This may have negative performance implications. Please set the stack size to the default value (10240) 
[1467921260.106296] [node067:27115:0]         sys.c:744  MXM  WARN  Conflicting CPU frequencies detected, using: 1499.91
[1467921260.142755] [node067:27115:0]         mxm.c:196  MXM  WARN  The 'ulimit -s' on the system is set to 'unlimited'. This may have negative performance implications. Please set the stack size to the default value (10240) 
[1467921260.106714] [node068:25306:0]         sys.c:744  MXM  WARN  Conflicting CPU frequencies detected, using: 1399.97
[1467921260.143995] [node068:25306:0]         mxm.c:196  MXM  WARN  The 'ulimit -s' on the system is set to 'unlimited'. This may have negative performance implications. Please set the stack size to the default value (10240) 
[1467921260.106714] [node068:25306:0]         sys.c:744  MXM  WARN  Conflicting CPU frequencies detected, using: 1399.97
[1467921260.109801] [node056:29302:0]         sys.c:744  MXM  WARN  Conflicting CPU frequencies detected, using: 1497.66
[1467921260.117481] [node064:22507:0]         sys.c:744  MXM  WARN  Conflicting CPU frequencies detected, using: 1495.69
[1467921260.152706] [node064:22507:0]         mxm.c:196  MXM  WARN  The 'ulimit -s' on the system is set to 'unlimited'. This may have negative performance implications. Please set the stack size to the default value (10240) 
[1467921260.117481] [node064:22507:0]         sys.c:744  MXM  WARN  Conflicting CPU frequencies detected, using: 1495.69
[1467921260.106296] [node067:27115:0]         sys.c:744  MXM  WARN  Conflicting CPU frequencies detected, using: 1499.91
[1467921260.118774] [node066:24570:0]         sys.c:744  MXM  WARN  Conflicting CPU frequencies detected, using: 1796.72
[1467921260.162743] [node066:24570:0]         mxm.c:196  MXM  WARN  The 'ulimit -s' on the system is set to 'unlimited'. This may have negative performance implications. Please set the stack size to the default value (10240) 
[1467921260.097940] [node057:27685:0]         sys.c:744  MXM  WARN  Conflicting CPU frequencies detected, using: 1868.44
[1467921260.106775] [node057:27685:0]         mxm.c:196  MXM  WARN  The 'ulimit -s' on the system is set to 'unlimited'. This may have negative performance implications. Please set the stack size to the default value (10240) 
[1467921260.097940] [node057:27685:0]         sys.c:744  MXM  WARN  Conflicting CPU frequencies detected, using: 1868.44
[1467921260.105493] [node057:27685:0]         mxm.c:196  MXM  WARN  The 'ulimit -s' on the system is set to 'unlimited'. This may have negative performance implications. Please set the stack size to the default value (10240) 
[1467921260.097940] [node057:27685:0]         sys.c:744  MXM  WARN  Conflicting CPU frequencies detected, using: 1868.44
[1467921260.105633] [node057:27685:0]         mxm.c:196  MXM  WARN  The 'ulimit -s' on the system is set to 'unlimited'. This may have negative performance implications. Please set the stack size to the default value (10240) 
[1467921260.097940] [node057:27685:0]         sys.c:744  MXM  WARN  Conflicting CPU frequencies detected, using: 1868.44
[1467921260.105197] [node057:27685:0]         mxm.c:196  MXM  WARN  The 'ulimit -s' on the system is set to 'unlimited'. This may have negative performance implications. Please set the stack size to the default value (10240) 
[1467921260.097940] [node057:27685:0]         sys.c:744  MXM  WARN  Conflicting CPU frequencies detected, using: 1868.44
[1467921260.106080] [node057:27685:0]         mxm.c:196  MXM  WARN  The 'ulimit -s' on the system is set to 'unlimited'. This may have negative performance implications. Please set the stack size to the default value (10240) 
[1467921260.097940] [node057:27685:0]         sys.c:744  MXM  WARN  Conflicting CPU frequencies detected, using: 1868.44
[1467921260.104902] [node057:27685:0]         mxm.c:196  MXM  WARN  The 'ulimit -s' on the system is set to 'unlimited'. This may have negative performance implications. Please set the stack size to the default value (10240) 
[1467921260.107785] [node065:24214:0]         sys.c:744  MXM  WARN  Conflicting CPU frequencies detected, using: 1408.59
[1467921260.114372] [node065:24214:0]         mxm.c:196  MXM  WARN  The 'ulimit -s' on the system is set to 'unlimited'. This may have negative performance implications. Please set the stack size to the default value (10240) 
[1467921260.107785] [node065:24214:0]         sys.c:744  MXM  WARN  Conflicting CPU frequencies detected, using: 1408.59
[1467921260.116923] [node065:24214:0]         mxm.c:196  MXM  WARN  The 'ulimit -s' on the system is set to 'unlimited'. This may have negative performance implications. Please set the stack size to the default value (10240) 
[1467921260.107785] [node065:24214:0]         sys.c:744  MXM  WARN  Conflicting CPU frequencies detected, using: 1408.59
[1467921260.116842] [node065:24214:0]         mxm.c:196  MXM  WARN  The 'ulimit -s' on the system is set to 'unlimited'. This may have negative performance implications. Please set the stack size to the default value (10240) 
[1467921260.106945] [node063:23590:0]         sys.c:744  MXM  WARN  Conflicting CPU frequencies detected, using: 1510.31
[1467921260.113837] [node063:23590:0]         mxm.c:196  MXM  WARN  The 'ulimit -s' on the system is set to 'unlimited'. This may have negative performance implications. Please set the stack size to the default value (10240) 
[1467921260.106945] [node063:23590:0]         sys.c:744  MXM  WARN  Conflicting CPU frequencies detected, using: 1510.31
[1467921260.116309] [node063:23590:0]         mxm.c:196  MXM  WARN  The 'ulimit -s' on the system is set to 'unlimited'. This may have negative performance implications. Please set the stack size to the default value (10240) 
[1467921260.106945] [node063:23590:0]         sys.c:744  MXM  WARN  Conflicting CPU frequencies detected, using: 1510.31
[1467921260.116508] [node063:23590:0]         mxm.c:196  MXM  WARN  The 'ulimit -s' on the system is set to 'unlimited'. This may have negative performance implications. Please set the stack size to the default value (10240) 
[1467921260.107785] [node065:24214:0]         sys.c:744  MXM  WARN  Conflicting CPU frequencies detected, using: 1408.59
[1467921260.116725] [node065:24214:0]         mxm.c:196  MXM  WARN  The 'ulimit -s' on the system is set to 'unlimited'. This may have negative performance implications. Please set the stack size to the default value (10240) 
[1467921260.107785] [node065:24214:0]         sys.c:744  MXM  WARN  Conflicting CPU frequencies detected, using: 1408.59
[1467921260.115161] [node065:24214:0]         mxm.c:196  MXM  WARN  The 'ulimit -s' on the system is set to 'unlimited'. This may have negative performance implications. Please set the stack size to the default value (10240) 
[1467921260.106945] [node063:23590:0]         sys.c:744  MXM  WARN  Conflicting CPU frequencies detected, using: 1510.31
[1467921260.116411] [node063:23590:0]         mxm.c:196  MXM  WARN  The 'ulimit -s' on the system is set to 'unlimited'. This may have negative performance implications. Please set the stack size to the default value (10240) 
[1467921260.107785] [node065:24214:0]         sys.c:744  MXM  WARN  Conflicting CPU frequencies detected, using: 1408.59
[1467921260.117028] [node065:24214:0]         mxm.c:196  MXM  WARN  The 'ulimit -s' on the system is set to 'unlimited'. This may have negative performance implications. Please set the stack size to the default value (10240) 
[1467921260.107785] [node065:24214:0]         sys.c:744  MXM  WARN  Conflicting CPU frequencies detected, using: 1408.59
[1467921260.114914] [node065:24214:0]         mxm.c:196  MXM  WARN  The 'ulimit -s' on the system is set to 'unlimited'. This may have negative performance implications. Please set the stack size to the default value (10240) 
[1467921260.112250] [node060:28224:0]         sys.c:744  MXM  WARN  Conflicting CPU frequencies detected, using: 1442.81
[1467921260.119758] [node060:28224:0]         mxm.c:196  MXM  WARN  The 'ulimit -s' on the system is set to 'unlimited'. This may have negative performance implications. Please set the stack size to the default value (10240) 
[1467921260.112250] [node060:28224:0]         sys.c:744  MXM  WARN  Conflicting CPU frequencies detected, using: 1442.81
[1467921260.120420] [node060:28224:0]         mxm.c:196  MXM  WARN  The 'ulimit -s' on the system is set to 'unlimited'. This may have negative performance implications. Please set the stack size to the default value (10240) 
[1467921260.112250] [node060:28224:0]         sys.c:744  MXM  WARN  Conflicting CPU frequencies detected, using: 1442.81
[1467921260.121415] [node060:28224:0]         mxm.c:196  MXM  WARN  The 'ulimit -s' on the system is set to 'unlimited'. This may have negative performance implications. Please set the stack size to the default value (10240) 
[1467921260.112250] [node060:28224:0]         sys.c:744  MXM  WARN  Conflicting CPU frequencies detected, using: 1442.81
[1467921260.120590] [node060:28224:0]         mxm.c:196  MXM  WARN  The 'ulimit -s' on the system is set to 'unlimited'. This may have negative performance implications. Please set the stack size to the default value (10240) 
[1467921260.112250] [node060:28224:0]         sys.c:744  MXM  WARN  Conflicting CPU frequencies detected, using: 1442.81
[1467921260.119585] [node060:28224:0]         mxm.c:196  MXM  WARN  The 'ulimit -s' on the system is set to 'unlimited'. This may have negative performance implications. Please set the stack size to the default value (10240) 
[1467921260.112250] [node060:28224:0]         sys.c:744  MXM  WARN  Conflicting CPU frequencies detected, using: 1442.81
[1467921260.120328] [node060:28224:0]         mxm.c:196  MXM  WARN  The 'ulimit -s' on the system is set to 'unlimited'. This may have negative performance implications. Please set the stack size to the default value (10240) 
[1467921260.112250] [node060:28224:0]         sys.c:744  MXM  WARN  Conflicting CPU frequencies detected, using: 1442.81
[1467921260.120017] [node060:28224:0]         mxm.c:196  MXM  WARN  The 'ulimit -s' on the system is set to 'unlimited'. This may have negative performance implications. Please set the stack size to the default value (10240) 
[1467921260.116111] [node058:27311:0]         sys.c:744  MXM  WARN  Conflicting CPU frequencies detected, using: 1569.66
[1467921260.122619] [node058:27311:0]         mxm.c:196  MXM  WARN  The 'ulimit -s' on the system is set to 'unlimited'. This may have negative performance implications. Please set the stack size to the default value (10240) 
[1467921260.116111] [node058:27311:0]         sys.c:744  MXM  WARN  Conflicting CPU frequencies detected, using: 1569.66
[1467921260.125280] [node058:27311:0]         mxm.c:196  MXM  WARN  The 'ulimit -s' on the system is set to 'unlimited'. This may have negative performance implications. Please set the stack size to the default value (10240) 
[1467921260.117334] [node059:27663:0]         sys.c:744  MXM  WARN  Conflicting CPU frequencies detected, using: 2035.03
[1467921260.126191] [node059:27663:0]         mxm.c:196  MXM  WARN  The 'ulimit -s' on the system is set to 'unlimited'. This may have negative performance implications. Please set the stack size to the default value (10240) 
[1467921260.117334] [node059:27663:0]         sys.c:744  MXM  WARN  Conflicting CPU frequencies detected, using: 2035.03
[1467921260.124542] [node059:27663:0]         mxm.c:196  MXM  WARN  The 'ulimit -s' on the system is set to 'unlimited'. This may have negative performance implications. Please set the stack size to the default value (10240) 
[1467921260.117334] [node059:27663:0]         sys.c:744  MXM  WARN  Conflicting CPU frequencies detected, using: 2035.03
[1467921260.125389] [node059:27663:0]         mxm.c:196  MXM  WARN  The 'ulimit -s' on the system is set to 'unlimited'. This may have negative performance implications. Please set the stack size to the default value (10240) 
[1467921260.112250] [node060:28224:0]         sys.c:744  MXM  WARN  Conflicting CPU frequencies detected, using: 1442.81
[1467921260.121315] [node060:28224:0]         mxm.c:196  MXM  WARN  The 'ulimit -s' on the system is set to 'unlimited'. This may have negative performance implications. Please set the stack size to the default value (10240) 
[1467921260.117334] [node059:27663:0]         sys.c:744  MXM  WARN  Conflicting CPU frequencies detected, using: 2035.03
[1467921260.125304] [node059:27663:0]         mxm.c:196  MXM  WARN  The 'ulimit -s' on the system is set to 'unlimited'. This may have negative performance implications. Please set the stack size to the default value (10240) 
[1467921260.117334] [node059:27663:0]         sys.c:744  MXM  WARN  Conflicting CPU frequencies detected, using: 2035.03
[1467921260.126043] [node059:27663:0]         mxm.c:196  MXM  WARN  The 'ulimit -s' on the system is set to 'unlimited'. This may have negative performance implications. Please set the stack size to the default value (10240) 
[1467921260.117334] [node059:27663:0]         sys.c:744  MXM  WARN  Conflicting CPU frequencies detected, using: 2035.03
[1467921260.124437] [node059:27663:0]         mxm.c:196  MXM  WARN  The 'ulimit -s' on the system is set to 'unlimited'. This may have negative performance implications. Please set the stack size to the default value (10240) 
[1467921260.116111] [node058:27311:0]         sys.c:744  MXM  WARN  Conflicting CPU frequencies detected, using: 1569.66
[1467921260.125391] [node058:27311:0]         mxm.c:196  MXM  WARN  The 'ulimit -s' on the system is set to 'unlimited'. This may have negative performance implications. Please set the stack size to the default value (10240) 
[1467921260.117334] [node059:27663:0]         sys.c:744  MXM  WARN  Conflicting CPU frequencies detected, using: 2035.03
[1467921260.126360] [node059:27663:0]         mxm.c:196  MXM  WARN  The 'ulimit -s' on the system is set to 'unlimited'. This may have negative performance implications. Please set the stack size to the default value (10240) 
[1467921260.116111] [node058:27311:0]         sys.c:744  MXM  WARN  Conflicting CPU frequencies detected, using: 1569.66
[1467921260.123844] [node058:27311:0]         mxm.c:196  MXM  WARN  The 'ulimit -s' on the system is set to 'unlimited'. This may have negative performance implications. Please set the stack size to the default value (10240) 
[1467921260.116111] [node058:27311:0]         sys.c:744  MXM  WARN  Conflicting CPU frequencies detected, using: 1569.66
[1467921260.124858] [node058:27311:0]         mxm.c:196  MXM  WARN  The 'ulimit -s' on the system is set to 'unlimited'. This may have negative performance implications. Please set the stack size to the default value (10240) 
[1467921260.116111] [node058:27311:0]         sys.c:744  MXM  WARN  Conflicting CPU frequencies detected, using: 1569.66
[1467921260.124535] [node058:27311:0]         mxm.c:196  MXM  WARN  The 'ulimit -s' on the system is set to 'unlimited'. This may have negative performance implications. Please set the stack size to the default value (10240) 
[1467921260.116111] [node058:27311:0]         sys.c:744  MXM  WARN  Conflicting CPU frequencies detected, using: 1569.66
[1467921260.125195] [node058:27311:0]         mxm.c:196  MXM  WARN  The 'ulimit -s' on the system is set to 'unlimited'. This may have negative performance implications. Please set the stack size to the default value (10240) 
[1467921260.116111] [node058:27311:0]         sys.c:744  MXM  WARN  Conflicting CPU frequencies detected, using: 1569.66
[1467921260.124756] [node058:27311:0]         mxm.c:196  MXM  WARN  The 'ulimit -s' on the system is set to 'unlimited'. This may have negative performance implications. Please set the stack size to the default value (10240) 
[1467921260.106945] [node063:23590:0]         sys.c:744  MXM  WARN  Conflicting CPU frequencies detected, using: 1510.31
[1467921260.116051] [node063:23590:0]         mxm.c:196  MXM  WARN  The 'ulimit -s' on the system is set to 'unlimited'. This may have negative performance implications. Please set the stack size to the default value (10240) 
[1467921260.097940] [node057:27685:0]         sys.c:744  MXM  WARN  Conflicting CPU frequencies detected, using: 1868.44
[1467921260.107172] [node057:27685:0]         mxm.c:196  MXM  WARN  The 'ulimit -s' on the system is set to 'unlimited'. This may have negative performance implications. Please set the stack size to the default value (10240) 
[1467921260.106945] [node063:23590:0]         sys.c:744  MXM  WARN  Conflicting CPU frequencies detected, using: 1510.31
[1467921260.116237] [node063:23590:0]         mxm.c:196  MXM  WARN  The 'ulimit -s' on the system is set to 'unlimited'. This may have negative performance implications. Please set the stack size to the default value (10240) 
[1467921260.097940] [node057:27685:0]         sys.c:744  MXM  WARN  Conflicting CPU frequencies detected, using: 1868.44
[1467921260.107271] [node057:27685:0]         mxm.c:196  MXM  WARN  The 'ulimit -s' on the system is set to 'unlimited'. This may have negative performance implications. Please set the stack size to the default value (10240) 
[1467921260.107785] [node065:24214:0]         sys.c:744  MXM  WARN  Conflicting CPU frequencies detected, using: 1408.59
[1467921260.117164] [node065:24214:0]         mxm.c:196  MXM  WARN  The 'ulimit -s' on the system is set to 'unlimited'. This may have negative performance implications. Please set the stack size to the default value (10240) 
[1467921260.106945] [node063:23590:0]         sys.c:744  MXM  WARN  Conflicting CPU frequencies detected, using: 1510.31
[1467921260.114833] [node063:23590:0]         mxm.c:196  MXM  WARN  The 'ulimit -s' on the system is set to 'unlimited'. This may have negative performance implications. Please set the stack size to the default value (10240) 
[1467921260.106945] [node063:23590:0]         sys.c:744  MXM  WARN  Conflicting CPU frequencies detected, using: 1510.31
[1467921260.116717] [node063:23590:0]         mxm.c:196  MXM  WARN  The 'ulimit -s' on the system is set to 'unlimited'. This may have negative performance implications. Please set the stack size to the default value (10240) 
[1467921260.117334] [node059:27663:0]         sys.c:744  MXM  WARN  Conflicting CPU frequencies detected, using: 2035.03
[1467921260.126291] [node059:27663:0]         mxm.c:196  MXM  WARN  The 'ulimit -s' on the system is set to 'unlimited'. This may have negative performance implications. Please set the stack size to the default value (10240) 
[1467921260.119647] [node061:10408:0]         sys.c:744  MXM  WARN  Conflicting CPU frequencies detected, using: 2470.41
[1467921260.127489] [node061:10408:0]         mxm.c:196  MXM  WARN  The 'ulimit -s' on the system is set to 'unlimited'. This may have negative performance implications. Please set the stack size to the default value (10240) 
[1467921260.119647] [node061:10408:0]         sys.c:744  MXM  WARN  Conflicting CPU frequencies detected, using: 2470.41
[1467921260.126450] [node061:10408:0]         mxm.c:196  MXM  WARN  The 'ulimit -s' on the system is set to 'unlimited'. This may have negative performance implications. Please set the stack size to the default value (10240) 
[1467921260.119647] [node061:10408:0]         sys.c:744  MXM  WARN  Conflicting CPU frequencies detected, using: 2470.41
[1467921260.128169] [node061:10408:0]         mxm.c:196  MXM  WARN  The 'ulimit -s' on the system is set to 'unlimited'. This may have negative performance implications. Please set the stack size to the default value (10240) 
[1467921260.119647] [node061:10408:0]         sys.c:744  MXM  WARN  Conflicting CPU frequencies detected, using: 2470.41
[1467921260.127055] [node061:10408:0]         mxm.c:196  MXM  WARN  The 'ulimit -s' on the system is set to 'unlimited'. This may have negative performance implications. Please set the stack size to the default value (10240) 
[1467921260.119647] [node061:10408:0]         sys.c:744  MXM  WARN  Conflicting CPU frequencies detected, using: 2470.41
[1467921260.128474] [node061:10408:0]         mxm.c:196  MXM  WARN  The 'ulimit -s' on the system is set to 'unlimited'. This may have negative performance implications. Please set the stack size to the default value (10240) 
[1467921260.119647] [node061:10408:0]         sys.c:744  MXM  WARN  Conflicting CPU frequencies detected, using: 2470.41
[1467921260.128363] [node061:10408:0]         mxm.c:196  MXM  WARN  The 'ulimit -s' on the system is set to 'unlimited'. This may have negative performance implications. Please set the stack size to the default value (10240) 
[1467921260.119647] [node061:10408:0]         sys.c:744  MXM  WARN  Conflicting CPU frequencies detected, using: 2470.41
[1467921260.127827] [node061:10408:0]         mxm.c:196  MXM  WARN  The 'ulimit -s' on the system is set to 'unlimited'. This may have negative performance implications. Please set the stack size to the default value (10240) 
[1467921260.119647] [node061:10408:0]         sys.c:744  MXM  WARN  Conflicting CPU frequencies detected, using: 2470.41
[1467921260.126643] [node061:10408:0]         mxm.c:196  MXM  WARN  The 'ulimit -s' on the system is set to 'unlimited'. This may have negative performance implications. Please set the stack size to the default value (10240) 
[1467921260.106296] [node067:27115:0]         sys.c:744  MXM  WARN  Conflicting CPU frequencies detected, using: 1499.91
[1467921260.136080] [node067:27115:0]         mxm.c:196  MXM  WARN  The 'ulimit -s' on the system is set to 'unlimited'. This may have negative performance implications. Please set the stack size to the default value (10240) 
[1467921260.106296] [node067:27115:0]         sys.c:744  MXM  WARN  Conflicting CPU frequencies detected, using: 1499.91
[1467921260.125758] [node067:27115:0]         mxm.c:196  MXM  WARN  The 'ulimit -s' on the system is set to 'unlimited'. This may have negative performance implications. Please set the stack size to the default value (10240) 
[1467921260.109801] [node056:29302:0]         sys.c:744  MXM  WARN  Conflicting CPU frequencies detected, using: 1497.66
[1467921260.136894] [node056:29302:0]         mxm.c:196  MXM  WARN  The 'ulimit -s' on the system is set to 'unlimited'. This may have negative performance implications. Please set the stack size to the default value (10240) 
[1467921260.107588] [node055:29068:0]         sys.c:744  MXM  WARN  Conflicting CPU frequencies detected, using: 1934.34
[1467921260.147134] [node055:29068:0]         mxm.c:196  MXM  WARN  The 'ulimit -s' on the system is set to 'unlimited'. This may have negative performance implications. Please set the stack size to the default value (10240) 
[1467921260.144766] [node068:25306:0]         mxm.c:196  MXM  WARN  The 'ulimit -s' on the system is set to 'unlimited'. This may have negative performance implications. Please set the stack size to the default value (10240) 
[1467921260.109801] [node056:29302:0]         sys.c:744  MXM  WARN  Conflicting CPU frequencies detected, using: 1497.66
[1467921260.137647] [node056:29302:0]         mxm.c:196  MXM  WARN  The 'ulimit -s' on the system is set to 'unlimited'. This may have negative performance implications. Please set the stack size to the default value (10240) 
[1467921260.091672] [node054:30093:0]         sys.c:744  MXM  WARN  Conflicting CPU frequencies detected, using: 1994.72
[1467921260.124837] [node054:30093:0]         mxm.c:196  MXM  WARN  The 'ulimit -s' on the system is set to 'unlimited'. This may have negative performance implications. Please set the stack size to the default value (10240) 
[1467921260.106296] [node067:27115:0]         sys.c:744  MXM  WARN  Conflicting CPU frequencies detected, using: 1499.91
[1467921260.129819] [node067:27115:0]         mxm.c:196  MXM  WARN  The 'ulimit -s' on the system is set to 'unlimited'. This may have negative performance implications. Please set the stack size to the default value (10240) 
[1467921260.091672] [node054:30093:0]         sys.c:744  MXM  WARN  Conflicting CPU frequencies detected, using: 1994.72
[1467921260.117333] [node054:30093:0]         mxm.c:196  MXM  WARN  The 'ulimit -s' on the system is set to 'unlimited'. This may have negative performance implications. Please set the stack size to the default value (10240) 
[1467921260.107588] [node055:29068:0]         sys.c:744  MXM  WARN  Conflicting CPU frequencies detected, using: 1934.34
[1467921260.131492] [node055:29068:0]         mxm.c:196  MXM  WARN  The 'ulimit -s' on the system is set to 'unlimited'. This may have negative performance implications. Please set the stack size to the default value (10240) 
[1467921260.091672] [node054:30093:0]         sys.c:744  MXM  WARN  Conflicting CPU frequencies detected, using: 1994.72
[1467921260.113330] [node054:30093:0]         mxm.c:196  MXM  WARN  The 'ulimit -s' on the system is set to 'unlimited'. This may have negative performance implications. Please set the stack size to the default value (10240) 
[1467921260.101290] [node062:22194:0]         sys.c:744  MXM  WARN  Conflicting CPU frequencies detected, using: 2078.44
[1467921260.128677] [node062:22194:0]         mxm.c:196  MXM  WARN  The 'ulimit -s' on the system is set to 'unlimited'. This may have negative performance implications. Please set the stack size to the default value (10240) 
[1467921260.118774] [node066:24570:0]         sys.c:744  MXM  WARN  Conflicting CPU frequencies detected, using: 1796.72
[1467921260.142239] [node066:24570:0]         mxm.c:196  MXM  WARN  The 'ulimit -s' on the system is set to 'unlimited'. This may have negative performance implications. Please set the stack size to the default value (10240) 
[1467921260.091672] [node054:30093:0]         sys.c:744  MXM  WARN  Conflicting CPU frequencies detected, using: 1994.72
[1467921260.128496] [node054:30093:0]         mxm.c:196  MXM  WARN  The 'ulimit -s' on the system is set to 'unlimited'. This may have negative performance implications. Please set the stack size to the default value (10240) 
[1467921260.101290] [node062:22194:0]         sys.c:744  MXM  WARN  Conflicting CPU frequencies detected, using: 2078.44
[1467921260.127117] [node062:22194:0]         mxm.c:196  MXM  WARN  The 'ulimit -s' on the system is set to 'unlimited'. This may have negative performance implications. Please set the stack size to the default value (10240) 
[1467921260.101290] [node062:22194:0]         sys.c:744  MXM  WARN  Conflicting CPU frequencies detected, using: 2078.44
[1467921260.133546] [node062:22194:0]         mxm.c:196  MXM  WARN  The 'ulimit -s' on the system is set to 'unlimited'. This may have negative performance implications. Please set the stack size to the default value (10240) 
[1467921260.106296] [node067:27115:0]         sys.c:744  MXM  WARN  Conflicting CPU frequencies detected, using: 1499.91
[1467921260.140364] [node067:27115:0]         mxm.c:196  MXM  WARN  The 'ulimit -s' on the system is set to 'unlimited'. This may have negative performance implications. Please set the stack size to the default value (10240) 
[1467921260.101290] [node062:22194:0]         sys.c:744  MXM  WARN  Conflicting CPU frequencies detected, using: 2078.44
[1467921260.134312] [node062:22194:0]         mxm.c:196  MXM  WARN  The 'ulimit -s' on the system is set to 'unlimited'. This may have negative performance implications. Please set the stack size to the default value (10240) 
[1467921260.117481] [node064:22507:0]         sys.c:744  MXM  WARN  Conflicting CPU frequencies detected, using: 1495.69
[1467921260.147154] [node064:22507:0]         mxm.c:196  MXM  WARN  The 'ulimit -s' on the system is set to 'unlimited'. This may have negative performance implications. Please set the stack size to the default value (10240) 
[1467921260.107588] [node055:29068:0]         sys.c:744  MXM  WARN  Conflicting CPU frequencies detected, using: 1934.34
[1467921260.136338] [node055:29068:0]         mxm.c:196  MXM  WARN  The 'ulimit -s' on the system is set to 'unlimited'. This may have negative performance implications. Please set the stack size to the default value (10240) 
[1467921260.109801] [node056:29302:0]         sys.c:744  MXM  WARN  Conflicting CPU frequencies detected, using: 1497.66
[1467921260.139149] [node056:29302:0]         mxm.c:196  MXM  WARN  The 'ulimit -s' on the system is set to 'unlimited'. This may have negative performance implications. Please set the stack size to the default value (10240) 
[1467921260.106714] [node068:25306:0]         sys.c:744  MXM  WARN  Conflicting CPU frequencies detected, using: 1399.97
[1467921260.138993] [node068:25306:0]         mxm.c:196  MXM  WARN  The 'ulimit -s' on the system is set to 'unlimited'. This may have negative performance implications. Please set the stack size to the default value (10240) 
[1467921260.106714] [node068:25306:0]         sys.c:744  MXM  WARN  Conflicting CPU frequencies detected, using: 1399.97
[1467921260.134050] [node068:25306:0]         mxm.c:196  MXM  WARN  The 'ulimit -s' on the system is set to 'unlimited'. This may have negative performance implications. Please set the stack size to the default value (10240) 
[1467921260.107588] [node055:29068:0]         sys.c:744  MXM  WARN  Conflicting CPU frequencies detected, using: 1934.34
[1467921260.141916] [node055:29068:0]         mxm.c:196  MXM  WARN  The 'ulimit -s' on the system is set to 'unlimited'. This may have negative performance implications. Please set the stack size to the default value (10240) 
[1467921260.109801] [node056:29302:0]         sys.c:744  MXM  WARN  Conflicting CPU frequencies detected, using: 1497.66
[1467921260.140899] [node056:29302:0]         mxm.c:196  MXM  WARN  The 'ulimit -s' on the system is set to 'unlimited'. This may have negative performance implications. Please set the stack size to the default value (10240) 
[1467921260.091672] [node054:30093:0]         sys.c:744  MXM  WARN  Conflicting CPU frequencies detected, using: 1994.72
[1467921260.124023] [node054:30093:0]         mxm.c:196  MXM  WARN  The 'ulimit -s' on the system is set to 'unlimited'. This may have negative performance implications. Please set the stack size to the default value (10240) 
[1467921260.101290] [node062:22194:0]         sys.c:744  MXM  WARN  Conflicting CPU frequencies detected, using: 2078.44
[1467921260.145899] [node062:22194:0]         mxm.c:196  MXM  WARN  The 'ulimit -s' on the system is set to 'unlimited'. This may have negative performance implications. Please set the stack size to the default value (10240) 
[1467921260.109801] [node056:29302:0]         sys.c:744  MXM  WARN  Conflicting CPU frequencies detected, using: 1497.66
[1467921260.142453] [node056:29302:0]         mxm.c:196  MXM  WARN  The 'ulimit -s' on the system is set to 'unlimited'. This may have negative performance implications. Please set the stack size to the default value (10240) 
[1467921260.117481] [node064:22507:0]         sys.c:744  MXM  WARN  Conflicting CPU frequencies detected, using: 1495.69
[1467921260.146400] [node064:22507:0]         mxm.c:196  MXM  WARN  The 'ulimit -s' on the system is set to 'unlimited'. This may have negative performance implications. Please set the stack size to the default value (10240) 
[1467921260.091672] [node054:30093:0]         sys.c:744  MXM  WARN  Conflicting CPU frequencies detected, using: 1994.72
[1467921260.121333] [node054:30093:0]         mxm.c:196  MXM  WARN  The 'ulimit -s' on the system is set to 'unlimited'. This may have negative performance implications. Please set the stack size to the default value (10240) 
[1467921260.141125] [node067:27115:0]         mxm.c:196  MXM  WARN  The 'ulimit -s' on the system is set to 'unlimited'. This may have negative performance implications. Please set the stack size to the default value (10240) 
[1467921260.101290] [node062:22194:0]         sys.c:744  MXM  WARN  Conflicting CPU frequencies detected, using: 2078.44
[1467921260.123886] [node062:22194:0]         mxm.c:196  MXM  WARN  The 'ulimit -s' on the system is set to 'unlimited'. This may have negative performance implications. Please set the stack size to the default value (10240) 
[1467921260.150377] [node056:29302:0]         mxm.c:196  MXM  WARN  The 'ulimit -s' on the system is set to 'unlimited'. This may have negative performance implications. Please set the stack size to the default value (10240) 
[1467921260.154002] [node067:27115:0]         mxm.c:196  MXM  WARN  The 'ulimit -s' on the system is set to 'unlimited'. This may have negative performance implications. Please set the stack size to the default value (10240) 
[1467921260.107588] [node055:29068:0]         sys.c:744  MXM  WARN  Conflicting CPU frequencies detected, using: 1934.34
[1467921260.141153] [node055:29068:0]         mxm.c:196  MXM  WARN  The 'ulimit -s' on the system is set to 'unlimited'. This may have negative performance implications. Please set the stack size to the default value (10240) 
[1467921260.106296] [node067:27115:0]         sys.c:744  MXM  WARN  Conflicting CPU frequencies detected, using: 1499.91
[1467921260.139596] [node067:27115:0]         mxm.c:196  MXM  WARN  The 'ulimit -s' on the system is set to 'unlimited'. This may have negative performance implications. Please set the stack size to the default value (10240) 
[1467921260.106714] [node068:25306:0]         sys.c:744  MXM  WARN  Conflicting CPU frequencies detected, using: 1399.97
[1467921260.138218] [node068:25306:0]         mxm.c:196  MXM  WARN  The 'ulimit -s' on the system is set to 'unlimited'. This may have negative performance implications. Please set the stack size to the default value (10240) 
[1467921260.106714] [node068:25306:0]         sys.c:744  MXM  WARN  Conflicting CPU frequencies detected, using: 1399.97
[1467921260.133270] [node068:25306:0]         mxm.c:196  MXM  WARN  The 'ulimit -s' on the system is set to 'unlimited'. This may have negative performance implications. Please set the stack size to the default value (10240) 
[1467921260.091672] [node054:30093:0]         sys.c:744  MXM  WARN  Conflicting CPU frequencies detected, using: 1994.72
[1467921260.135946] [node054:30093:0]         mxm.c:196  MXM  WARN  The 'ulimit -s' on the system is set to 'unlimited'. This may have negative performance implications. Please set the stack size to the default value (10240) 
[1467921260.107588] [node055:29068:0]         sys.c:744  MXM  WARN  Conflicting CPU frequencies detected, using: 1934.34
[1467921260.139394] [node055:29068:0]         mxm.c:196  MXM  WARN  The 'ulimit -s' on the system is set to 'unlimited'. This may have negative performance implications. Please set the stack size to the default value (10240) 
[1467921260.109801] [node056:29302:0]         sys.c:744  MXM  WARN  Conflicting CPU frequencies detected, using: 1497.66
[1467921260.143190] [node056:29302:0]         mxm.c:196  MXM  WARN  The 'ulimit -s' on the system is set to 'unlimited'. This may have negative performance implications. Please set the stack size to the default value (10240) 
[1467921260.107588] [node055:29068:0]         sys.c:744  MXM  WARN  Conflicting CPU frequencies detected, using: 1934.34
[1467921260.132261] [node055:29068:0]         mxm.c:196  MXM  WARN  The 'ulimit -s' on the system is set to 'unlimited'. This may have negative performance implications. Please set the stack size to the default value (10240) 
[1467921260.091672] [node054:30093:0]         sys.c:744  MXM  WARN  Conflicting CPU frequencies detected, using: 1994.72
[1467921260.132362] [node054:30093:0]         mxm.c:196  MXM  WARN  The 'ulimit -s' on the system is set to 'unlimited'. This may have negative performance implications. Please set the stack size to the default value (10240) 
[1467921260.107588] [node055:29068:0]         sys.c:744  MXM  WARN  Conflicting CPU frequencies detected, using: 1934.34
[1467921260.140126] [node055:29068:0]         mxm.c:196  MXM  WARN  The 'ulimit -s' on the system is set to 'unlimited'. This may have negative performance implications. Please set the stack size to the default value (10240) 
[1467921260.101290] [node062:22194:0]         sys.c:744  MXM  WARN  Conflicting CPU frequencies detected, using: 2078.44
[1467921260.125644] [node062:22194:0]         mxm.c:196  MXM  WARN  The 'ulimit -s' on the system is set to 'unlimited'. This may have negative performance implications. Please set the stack size to the default value (10240) 
[1467921260.118774] [node066:24570:0]         sys.c:744  MXM  WARN  Conflicting CPU frequencies detected, using: 1796.72
[1467921260.151824] [node066:24570:0]         mxm.c:196  MXM  WARN  The 'ulimit -s' on the system is set to 'unlimited'. This may have negative performance implications. Please set the stack size to the default value (10240) 
[1467921260.118774] [node066:24570:0]         sys.c:744  MXM  WARN  Conflicting CPU frequencies detected, using: 1796.72
[1467921260.148567] [node066:24570:0]         mxm.c:196  MXM  WARN  The 'ulimit -s' on the system is set to 'unlimited'. This may have negative performance implications. Please set the stack size to the default value (10240) 
[1467921260.101290] [node062:22194:0]         sys.c:744  MXM  WARN  Conflicting CPU frequencies detected, using: 2078.44
[1467921260.137025] [node062:22194:0]         mxm.c:196  MXM  WARN  The 'ulimit -s' on the system is set to 'unlimited'. This may have negative performance implications. Please set the stack size to the default value (10240) 
[1467921260.106714] [node068:25306:0]         sys.c:744  MXM  WARN  Conflicting CPU frequencies detected, using: 1399.97
[1467921260.132475] [node068:25306:0]         mxm.c:196  MXM  WARN  The 'ulimit -s' on the system is set to 'unlimited'. This may have negative performance implications. Please set the stack size to the default value (10240) 
[1467921260.109801] [node056:29302:0]         sys.c:744  MXM  WARN  Conflicting CPU frequencies detected, using: 1497.66
[1467921260.139927] [node056:29302:0]         mxm.c:196  MXM  WARN  The 'ulimit -s' on the system is set to 'unlimited'. This may have negative performance implications. Please set the stack size to the default value (10240) 
[1467921260.118774] [node066:24570:0]         sys.c:744  MXM  WARN  Conflicting CPU frequencies detected, using: 1796.72
[1467921260.147785] [node066:24570:0]         mxm.c:196  MXM  WARN  The 'ulimit -s' on the system is set to 'unlimited'. This may have negative performance implications. Please set the stack size to the default value (10240) 
[1467921260.118774] [node066:24570:0]         sys.c:744  MXM  WARN  Conflicting CPU frequencies detected, using: 1796.72
[1467921260.144779] [node066:24570:0]         mxm.c:196  MXM  WARN  The 'ulimit -s' on the system is set to 'unlimited'. This may have negative performance implications. Please set the stack size to the default value (10240) 
[1467921260.118774] [node066:24570:0]         sys.c:744  MXM  WARN  Conflicting CPU frequencies detected, using: 1796.72
[1467921260.153453] [node066:24570:0]         mxm.c:196  MXM  WARN  The 'ulimit -s' on the system is set to 'unlimited'. This may have negative performance implications. Please set the stack size to the default value (10240) 
[1467921260.118774] [node066:24570:0]         sys.c:744  MXM  WARN  Conflicting CPU frequencies detected, using: 1796.72
[1467921260.156043] [node066:24570:0]         mxm.c:196  MXM  WARN  The 'ulimit -s' on the system is set to 'unlimited'. This may have negative performance implications. Please set the stack size to the default value (10240) 
[1467921260.153454] [node064:22507:0]         mxm.c:196  MXM  WARN  The 'ulimit -s' on the system is set to 'unlimited'. This may have negative performance implications. Please set the stack size to the default value (10240) 
[1467921260.117481] [node064:22507:0]         sys.c:744  MXM  WARN  Conflicting CPU frequencies detected, using: 1495.69
[1467921260.149424] [node064:22507:0]         mxm.c:196  MXM  WARN  The 'ulimit -s' on the system is set to 'unlimited'. This may have negative performance implications. Please set the stack size to the default value (10240) 
[1467921260.117481] [node064:22507:0]         sys.c:744  MXM  WARN  Conflicting CPU frequencies detected, using: 1495.69
[1467921260.148664] [node064:22507:0]         mxm.c:196  MXM  WARN  The 'ulimit -s' on the system is set to 'unlimited'. This may have negative performance implications. Please set the stack size to the default value (10240) 
[1467921260.117481] [node064:22507:0]         sys.c:744  MXM  WARN  Conflicting CPU frequencies detected, using: 1495.69
[1467921260.151190] [node064:22507:0]         mxm.c:196  MXM  WARN  The 'ulimit -s' on the system is set to 'unlimited'. This may have negative performance implications. Please set the stack size to the default value (10240) 
[1467921260.117481] [node064:22507:0]         sys.c:744  MXM  WARN  Conflicting CPU frequencies detected, using: 1495.69
[1467921260.150399] [node064:22507:0]         mxm.c:196  MXM  WARN  The 'ulimit -s' on the system is set to 'unlimited'. This may have negative performance implications. Please set the stack size to the default value (10240) 
UPCR: UPC thread   2 of 128 on node053 (pshm node  0 of 16, process   2 of 128, pid=24121)
UPCR: UPC thread   6 of 128 on node053 (pshm node  0 of 16, process   6 of 128, pid=24127)
UPCR: UPC thread   1 of 128 on node053 (pshm node  0 of 16, process   1 of 128, pid=24120)
UPCR: UPC thread   3 of 128 on node053 (pshm node  0 of 16, process   3 of 128, pid=24122)
UPCR: UPC thread   0 of 128 on node053 (pshm node  0 of 16, process   0 of 128, pid=24119)
UPCR: UPC thread   4 of 128 on node053 (pshm node  0 of 16, process   4 of 128, pid=24123)
UPCR: UPC thread   5 of 128 on node053 (pshm node  0 of 16, process   5 of 128, pid=24125)
UPCR: UPC thread   7 of 128 on node053 (pshm node  0 of 16, process   7 of 128, pid=24129)
UPCR: UPC thread  47 of 128 on node058 (pshm node  5 of 16, process  47 of 128, pid=27363)
UPCR: UPC thread  41 of 128 on node058 (pshm node  5 of 16, process  41 of 128, pid=27354)
UPCR: UPC thread  42 of 128 on node058 (pshm node  5 of 16, process  42 of 128, pid=27355)
UPCR: UPC thread  44 of 128 on node058 (pshm node  5 of 16, process  44 of 128, pid=27357)
UPCR: UPC thread  45 of 128 on node058 (pshm node  5 of 16, process  45 of 128, pid=27359)
UPCR: UPC thread  46 of 128 on node058 (pshm node  5 of 16, process  46 of 128, pid=27361)
UPCR: UPC thread  40 of 128 on node058 (pshm node  5 of 16, process  40 of 128, pid=27353)
UPCR: UPC thread  43 of 128 on node058 (pshm node  5 of 16, process  43 of 128, pid=27356)
UPCR: UPC thread  13 of 128 on node054 (pshm node  1 of 16, process  13 of 128, pid=30140)
UPCR: UPC thread  10 of 128 on node054 (pshm node  1 of 16, process  10 of 128, pid=30137)
UPCR: UPC thread  14 of 128 on node054 (pshm node  1 of 16, process  14 of 128, pid=30143)
UPCR: UPC thread  15 of 128 on node054 (pshm node  1 of 16, process  15 of 128, pid=30146)
UPCR: UPC thread   9 of 128 on node054 (pshm node  1 of 16, process   9 of 128, pid=30136)
UPCR: UPC thread  12 of 128 on node054 (pshm node  1 of 16, process  12 of 128, pid=30139)
UPCR: UPC thread  11 of 128 on node054 (pshm node  1 of 16, process  11 of 128, pid=30138)
UPCR: UPC thread 123 of 128 on node068 (pshm node 15 of 16, process 123 of 128, pid=25351)
UPCR: UPC thread 122 of 128 on node068 (pshm node 15 of 16, process 122 of 128, pid=25350)
UPCR: UPC thread 126 of 128 on node068 (pshm node 15 of 16, process 126 of 128, pid=25355)
UPCR: UPC thread 120 of 128 on node068 (pshm node 15 of 16, process 120 of 128, pid=25348)
UPCR: UPC thread 121 of 128 on node068 (pshm node 15 of 16, process 121 of 128, pid=25349)
UPCR: UPC thread  64 of 128 on node061 (pshm node  8 of 16, process  64 of 128, pid=10450)
UPCR: UPC thread  66 of 128 on node061 (pshm node  8 of 16, process  66 of 128, pid=10452)
UPCR: UPC thread  67 of 128 on node061 (pshm node  8 of 16, process  67 of 128, pid=10453)
UPCR: UPC thread  68 of 128 on node061 (pshm node  8 of 16, process  68 of 128, pid=10454)
UPCR: UPC thread  71 of 128 on node061 (pshm node  8 of 16, process  71 of 128, pid=10460)
UPCR: UPC thread  65 of 128 on node061 (pshm node  8 of 16, process  65 of 128, pid=10451)
UPCR: UPC thread  69 of 128 on node061 (pshm node  8 of 16, process  69 of 128, pid=10456)
UPCR: UPC thread  70 of 128 on node061 (pshm node  8 of 16, process  70 of 128, pid=10457)
UPCR: UPC thread  31 of 128 on node056 (pshm node  3 of 16, process  31 of 128, pid=29356)
UPCR: UPC thread  27 of 128 on node056 (pshm node  3 of 16, process  27 of 128, pid=29348)
UPCR: UPC thread  26 of 128 on node056 (pshm node  3 of 16, process  26 of 128, pid=29347)
UPCR: UPC thread  30 of 128 on node056 (pshm node  3 of 16, process  30 of 128, pid=29352)
UPCR: UPC thread  25 of 128 on node056 (pshm node  3 of 16, process  25 of 128, pid=29346)
UPCR: UPC thread  28 of 128 on node056 (pshm node  3 of 16, process  28 of 128, pid=29349)
UPCR: UPC thread  24 of 128 on node056 (pshm node  3 of 16, process  24 of 128, pid=29345)
UPCR: UPC thread  29 of 128 on node056 (pshm node  3 of 16, process  29 of 128, pid=29351)
UPCR: UPC thread   8 of 128 on node054 (pshm node  1 of 16, process   8 of 128, pid=30135)
UPCR: UPC thread 124 of 128 on node068 (pshm node 15 of 16, process 124 of 128, pid=25352)
UPCR: UPC thread 127 of 128 on node068 (pshm node 15 of 16, process 127 of 128, pid=25357)
UPCR: UPC thread 125 of 128 on node068 (pshm node 15 of 16, process 125 of 128, pid=25353)
UPCR: UPC thread 111 of 128 on node066 (pshm node 13 of 16, process 111 of 128, pid=24623)
UPCR: UPC thread 105 of 128 on node066 (pshm node 13 of 16, process 105 of 128, pid=24613)
UPCR: UPC thread 109 of 128 on node066 (pshm node 13 of 16, process 109 of 128, pid=24618)
UPCR: UPC thread 106 of 128 on node066 (pshm node 13 of 16, process 106 of 128, pid=24614)
UPCR: UPC thread 107 of 128 on node066 (pshm node 13 of 16, process 107 of 128, pid=24615)
UPCR: UPC thread 110 of 128 on node066 (pshm node 13 of 16, process 110 of 128, pid=24620)
UPCR: UPC thread  93 of 128 on node064 (pshm node 11 of 16, process  93 of 128, pid=22555)
UPCR: UPC thread  88 of 128 on node064 (pshm node 11 of 16, process  88 of 128, pid=22549)
UPCR: UPC thread  92 of 128 on node064 (pshm node 11 of 16, process  92 of 128, pid=22553)
UPCR: UPC thread  90 of 128 on node064 (pshm node 11 of 16, process  90 of 128, pid=22551)
UPCR: UPC thread  89 of 128 on node064 (pshm node 11 of 16, process  89 of 128, pid=22550)
UPCR: UPC thread  94 of 128 on node064 (pshm node 11 of 16, process  94 of 128, pid=22557)
UPCR: UPC thread  75 of 128 on node062 (pshm node  9 of 16, process  75 of 128, pid=22239)
UPCR: UPC thread  73 of 128 on node062 (pshm node  9 of 16, process  73 of 128, pid=22237)
UPCR: UPC thread  78 of 128 on node062 (pshm node  9 of 16, process  78 of 128, pid=22244)
UPCR: UPC thread  72 of 128 on node062 (pshm node  9 of 16, process  72 of 128, pid=22236)
UPCR: UPC thread  79 of 128 on node062 (pshm node  9 of 16, process  79 of 128, pid=22245)
UPCR: UPC thread  76 of 128 on node062 (pshm node  9 of 16, process  76 of 128, pid=22240)
UPCR: UPC thread  74 of 128 on node062 (pshm node  9 of 16, process  74 of 128, pid=22238)
UPCR: UPC thread  77 of 128 on node062 (pshm node  9 of 16, process  77 of 128, pid=22242)
UPCR: UPC thread  18 of 128 on node055 (pshm node  2 of 16, process  18 of 128, pid=29112)
UPCR: UPC thread  21 of 128 on node055 (pshm node  2 of 16, process  21 of 128, pid=29116)
UPCR: UPC thread  22 of 128 on node055 (pshm node  2 of 16, process  22 of 128, pid=29117)
UPCR: UPC thread  23 of 128 on node055 (pshm node  2 of 16, process  23 of 128, pid=29119)
UPCR: UPC thread  17 of 128 on node055 (pshm node  2 of 16, process  17 of 128, pid=29111)
UPCR: UPC thread  19 of 128 on node055 (pshm node  2 of 16, process  19 of 128, pid=29113)
UPCR: UPC thread  16 of 128 on node055 (pshm node  2 of 16, process  16 of 128, pid=29110)
UPCR: UPC thread  20 of 128 on node055 (pshm node  2 of 16, process  20 of 128, pid=29114)
UPCR: UPC thread  34 of 128 on node057 (pshm node  4 of 16, process  34 of 128, pid=27729)
UPCR: UPC thread  36 of 128 on node057 (pshm node  4 of 16, process  36 of 128, pid=27731)
UPCR: UPC thread  39 of 128 on node057 (pshm node  4 of 16, process  39 of 128, pid=27738)
UPCR: UPC thread  35 of 128 on node057 (pshm node  4 of 16, process  35 of 128, pid=27730)
UPCR: UPC thread  33 of 128 on node057 (pshm node  4 of 16, process  33 of 128, pid=27728)
UPCR: UPC thread  37 of 128 on node057 (pshm node  4 of 16, process  37 of 128, pid=27732)
UPCR: UPC thread  38 of 128 on node057 (pshm node  4 of 16, process  38 of 128, pid=27735)
UPCR: UPC thread  32 of 128 on node057 (pshm node  4 of 16, process  32 of 128, pid=27727)
UPCR: UPC thread 113 of 128 on node067 (pshm node 14 of 16, process 113 of 128, pid=27158)
UPCR: UPC thread 118 of 128 on node067 (pshm node 14 of 16, process 118 of 128, pid=27164)
UPCR: UPC thread 112 of 128 on node067 (pshm node 14 of 16, process 112 of 128, pid=27157)
UPCR: UPC thread 119 of 128 on node067 (pshm node 14 of 16, process 119 of 128, pid=27166)
UPCR: UPC thread 116 of 128 on node067 (pshm node 14 of 16, process 116 of 128, pid=27161)
UPCR: UPC thread 114 of 128 on node067 (pshm node 14 of 16, process 114 of 128, pid=27159)
UPCR: UPC thread 117 of 128 on node067 (pshm node 14 of 16, process 117 of 128, pid=27162)
UPCR: UPC thread 115 of 128 on node067 (pshm node 14 of 16, process 115 of 128, pid=27160)
UPCR: UPC thread  55 of 128 on node059 (pshm node  6 of 16, process  55 of 128, pid=27714)
UPCR: UPC thread  52 of 128 on node059 (pshm node  6 of 16, process  52 of 128, pid=27709)
UPCR: UPC thread  49 of 128 on node059 (pshm node  6 of 16, process  49 of 128, pid=27706)
UPCR: UPC thread  48 of 128 on node059 (pshm node  6 of 16, process  48 of 128, pid=27705)
UPCR: UPC thread  54 of 128 on node059 (pshm node  6 of 16, process  54 of 128, pid=27712)
UPCR: UPC thread  50 of 128 on node059 (pshm node  6 of 16, process  50 of 128, pid=27707)
UPCR: UPC thread  51 of 128 on node059 (pshm node  6 of 16, process  51 of 128, pid=27708)
UPCR: UPC thread  53 of 128 on node059 (pshm node  6 of 16, process  53 of 128, pid=27710)
UPCR: UPC thread 108 of 128 on node066 (pshm node 13 of 16, process 108 of 128, pid=24616)
UPCR: UPC thread 104 of 128 on node066 (pshm node 13 of 16, process 104 of 128, pid=24612)
UPCR: UPC thread  91 of 128 on node064 (pshm node 11 of 16, process  91 of 128, pid=22552)
UPCR: UPC thread  95 of 128 on node064 (pshm node 11 of 16, process  95 of 128, pid=22559)
UPCR: UPC thread  99 of 128 on node065 (pshm node 12 of 16, process  99 of 128, pid=24259)
UPCR: UPC thread 102 of 128 on node065 (pshm node 12 of 16, process 102 of 128, pid=24264)
UPCR: UPC thread 101 of 128 on node065 (pshm node 12 of 16, process 101 of 128, pid=24262)
UPCR: UPC thread  98 of 128 on node065 (pshm node 12 of 16, process  98 of 128, pid=24258)
UPCR: UPC thread 100 of 128 on node065 (pshm node 12 of 16, process 100 of 128, pid=24260)
UPCR: UPC thread  96 of 128 on node065 (pshm node 12 of 16, process  96 of 128, pid=24256)
UPCR: UPC thread 103 of 128 on node065 (pshm node 12 of 16, process 103 of 128, pid=24266)
UPCR: UPC thread  97 of 128 on node065 (pshm node 12 of 16, process  97 of 128, pid=24257)
UPCR: UPC thread  84 of 128 on node063 (pshm node 10 of 16, process  84 of 128, pid=23636)
UPCR: UPC thread  85 of 128 on node063 (pshm node 10 of 16, process  85 of 128, pid=23637)
UPCR: UPC thread  87 of 128 on node063 (pshm node 10 of 16, process  87 of 128, pid=23640)
UPCR: UPC thread  80 of 128 on node063 (pshm node 10 of 16, process  80 of 128, pid=23632)
UPCR: UPC thread  83 of 128 on node063 (pshm node 10 of 16, process  83 of 128, pid=23635)
UPCR: UPC thread  81 of 128 on node063 (pshm node 10 of 16, process  81 of 128, pid=23633)
UPCR: UPC thread  82 of 128 on node063 (pshm node 10 of 16, process  82 of 128, pid=23634)
UPCR: UPC thread  86 of 128 on node063 (pshm node 10 of 16, process  86 of 128, pid=23639)
UPCR: UPC thread  58 of 128 on node060 (pshm node  7 of 16, process  58 of 128, pid=28268)
UPCR: UPC thread  60 of 128 on node060 (pshm node  7 of 16, process  60 of 128, pid=28270)
UPCR: UPC thread  57 of 128 on node060 (pshm node  7 of 16, process  57 of 128, pid=28267)
UPCR: UPC thread  63 of 128 on node060 (pshm node  7 of 16, process  63 of 128, pid=28276)
UPCR: UPC thread  62 of 128 on node060 (pshm node  7 of 16, process  62 of 128, pid=28274)
UPCR: UPC thread  59 of 128 on node060 (pshm node  7 of 16, process  59 of 128, pid=28269)
UPCR: UPC thread  56 of 128 on node060 (pshm node  7 of 16, process  56 of 128, pid=28266)
UPCR: UPC thread  61 of 128 on node060 (pshm node  7 of 16, process  61 of 128, pid=28272)
using a cache granularity of 8
using linear probing in the BDD table
using a memoization table of 2^23 = 8388608 entries (~320 MB) per thread
using a BDD table of 2^24 = 16777216 entries (~384 MB) per thread
Initializing /home/oortwijn/distdd/models/beem/at.2.bdd!
vector size: 10
bits per integer: 8
number of BDD variables: 80
Loading initial states: 
Initial states loaded... 
Loading transition relations... 
10 integers per state, 8 bits per integer, 22 transition groups
BDD nodes:
Initial states: 80 BDD nodes
Transition 0: 163 BDD nodes
Transition 1: 48 BDD nodes
Transition 2: 79 BDD nodes
Transition 3: 79 BDD nodes
Transition 4: 89 BDD nodes
Transition 5: 120 BDD nodes
Transition 6: 48 BDD nodes
Transition 7: 48 BDD nodes
Transition 8: 48 BDD nodes
Transition 9: 48 BDD nodes
Transition 10: 72 BDD nodes
Transition 11: 72 BDD nodes
Transition 12: 70 BDD nodes
Transition 13: 48 BDD nodes
Transition 14: 83 BDD nodes
Transition 15: 141 BDD nodes
Transition 16: 48 BDD nodes
Transition 17: 75 BDD nodes
Transition 18: 84 BDD nodes
Transition 19: 48 BDD nodes
Transition 20: 155 BDD nodes
Transition 21: 48 BDD nodes
Level 1... done.
Level 2... done.
Level 3... done.
Level 4... done.
Level 5... done.
Level 6... done.
Level 7... done.
Level 8... done.
Level 9... done.
Level 10... done.
Level 11... done.
Level 12... done.
Level 13... done.
Level 14... done.
Level 15... done.
Level 16... done.
Level 17... done.
Level 18... done.
Level 19... done.
Level 20... done.
Level 21... done.
Level 22... done.
Level 23... done.
Level 24... done.
Level 25... done.
Level 26... done.
Level 27... done.
Level 28... done.
Level 29... done.
Level 30... done.
Level 31... done.
Level 32... done.
Level 33... done.
Level 34... done.
Level 35... done.
Level 36... done.
Level 37... done.
Level 38... done.
Level 39... done.
Level 40... done.
Level 41... done.
Level 42... done.
Level 43... done.
Level 44... done.
Level 45... done.
Level 46... done.
Level 47... done.
Level 48... done.
PAR Time: 0.787191
Final states: 49443 states
Final states: 11695 BDD nodes
[1467921260.117481] [node064:22507:0]         sys.c:744  MXM  WARN  Conflicting CPU frequencies detected, using: 1495.69
[1467921260.097940] [node057:27685:0]         sys.c:744  MXM  WARN  Conflicting CPU frequencies detected, using: 1868.44
[1467921260.101290] [node062:22194:0]         sys.c:744  MXM  WARN  Conflicting CPU frequencies detected, using: 2078.44
[1467921260.106296] [node067:27115:0]         sys.c:744  MXM  WARN  Conflicting CPU frequencies detected, using: 1499.91
[1467921259.750083] [node053:24103:0]         sys.c:744  MXM  WARN  Conflicting CPU frequencies detected, using: 1997.72
[1467921260.109801] [node056:29302:0]         sys.c:744  MXM  WARN  Conflicting CPU frequencies detected, using: 1497.66
[1467921260.091672] [node054:30093:0]         sys.c:744  MXM  WARN  Conflicting CPU frequencies detected, using: 1994.72
[1467921260.119647] [node061:10408:0]         sys.c:744  MXM  WARN  Conflicting CPU frequencies detected, using: 2470.41
[1467921260.106945] [node063:23590:0]         sys.c:744  MXM  WARN  Conflicting CPU frequencies detected, using: 1510.31
[1467921260.118774] [node066:24570:0]         sys.c:744  MXM  WARN  Conflicting CPU frequencies detected, using: 1796.72
[1467921260.112250] [node060:28224:0]         sys.c:744  MXM  WARN  Conflicting CPU frequencies detected, using: 1442.81
[1467921260.106714] [node068:25306:0]         sys.c:744  MXM  WARN  Conflicting CPU frequencies detected, using: 1399.97
[1467921260.116111] [node058:27311:0]         sys.c:744  MXM  WARN  Conflicting CPU frequencies detected, using: 1569.66
[1467921260.107785] [node065:24214:0]         sys.c:744  MXM  WARN  Conflicting CPU frequencies detected, using: 1408.59
[1467921260.117334] [node059:27663:0]         sys.c:744  MXM  WARN  Conflicting CPU frequencies detected, using: 2035.03
[1467921260.107588] [node055:29068:0]         sys.c:744  MXM  WARN  Conflicting CPU frequencies detected, using: 1934.34
[1467921259.730821] [node053:24059:0]         sys.c:744  MXM  WARN  Conflicting CPU frequencies detected, using: 1896.19
