performing reachability, flags: -n 32 -N 32 -shared-heap 16GB --tablesize=27 --cachesize=26  
This is upcrun, job spawner for the Berkeley UPC compiler (http://upc.lbl.gov).
upcrun version 2.22.2
Network conduits supported by this installation: smp mxm ibv
[1467921279.958378] [node008:24625:0]         sys.c:744  MXM  WARN  Conflicting CPU frequencies detected, using: 1758.66
[1467921279.968352] [node008:24625:0]         mxm.c:196  MXM  WARN  The 'ulimit -s' on the system is set to 'unlimited'. This may have negative performance implications. Please set the stack size to the default value (10240) 
[1467921280.307863] [node025:6862 :0]         sys.c:744  MXM  WARN  Conflicting CPU frequencies detected, using: 1736.53
[1467921280.313337] [node025:6862 :0]         mxm.c:196  MXM  WARN  The 'ulimit -s' on the system is set to 'unlimited'. This may have negative performance implications. Please set the stack size to the default value (10240) 
[1467921280.309567] [node057:27857:0]         sys.c:744  MXM  WARN  Conflicting CPU frequencies detected, using: 1595.81
[1467921280.315562] [node057:27857:0]         mxm.c:196  MXM  WARN  The 'ulimit -s' on the system is set to 'unlimited'. This may have negative performance implications. Please set the stack size to the default value (10240) 
[1467921280.314891] [node010:13135:0]         sys.c:744  MXM  WARN  Conflicting CPU frequencies detected, using: 2326.41
[1467921280.320969] [node010:13135:0]         mxm.c:196  MXM  WARN  The 'ulimit -s' on the system is set to 'unlimited'. This may have negative performance implications. Please set the stack size to the default value (10240) 
[1467921280.321959] [node049:5343 :0]         sys.c:744  MXM  WARN  Conflicting CPU frequencies detected, using: 1547.34
[1467921280.327491] [node049:5343 :0]         mxm.c:196  MXM  WARN  The 'ulimit -s' on the system is set to 'unlimited'. This may have negative performance implications. Please set the stack size to the default value (10240) 
[1467921280.320412] [node061:10572:0]         sys.c:744  MXM  WARN  Conflicting CPU frequencies detected, using: 1614.09
[1467921280.326539] [node061:10572:0]         mxm.c:196  MXM  WARN  The 'ulimit -s' on the system is set to 'unlimited'. This may have negative performance implications. Please set the stack size to the default value (10240) 
[1467921280.319594] [node063:23769:0]         sys.c:744  MXM  WARN  Conflicting CPU frequencies detected, using: 1393.78
[1467921280.325881] [node063:23769:0]         mxm.c:196  MXM  WARN  The 'ulimit -s' on the system is set to 'unlimited'. This may have negative performance implications. Please set the stack size to the default value (10240) 
[1467921280.322952] [node053:24295:0]         sys.c:744  MXM  WARN  Conflicting CPU frequencies detected, using: 1395.94
[1467921280.329053] [node053:24295:0]         mxm.c:196  MXM  WARN  The 'ulimit -s' on the system is set to 'unlimited'. This may have negative performance implications. Please set the stack size to the default value (10240) 
[1467921280.323740] [node051:5769 :0]         sys.c:744  MXM  WARN  Conflicting CPU frequencies detected, using: 1487.81
[1467921280.329821] [node051:5769 :0]         mxm.c:196  MXM  WARN  The 'ulimit -s' on the system is set to 'unlimited'. This may have negative performance implications. Please set the stack size to the default value (10240) 
[1467921280.324054] [node058:27478:0]         sys.c:744  MXM  WARN  Conflicting CPU frequencies detected, using: 1579.78
[1467921280.330271] [node058:27478:0]         mxm.c:196  MXM  WARN  The 'ulimit -s' on the system is set to 'unlimited'. This may have negative performance implications. Please set the stack size to the default value (10240) 
[1467921280.330132] [node048:6080 :0]         sys.c:744  MXM  WARN  Conflicting CPU frequencies detected, using: 1803.19
[1467921280.336131] [node048:6080 :0]         mxm.c:196  MXM  WARN  The 'ulimit -s' on the system is set to 'unlimited'. This may have negative performance implications. Please set the stack size to the default value (10240) 
[1467921280.324955] [node059:27830:0]         sys.c:744  MXM  WARN  Conflicting CPU frequencies detected, using: 1476.38
[1467921280.331061] [node059:27830:0]         mxm.c:196  MXM  WARN  The 'ulimit -s' on the system is set to 'unlimited'. This may have negative performance implications. Please set the stack size to the default value (10240) 
[1467921280.328459] [node050:6223 :0]         sys.c:744  MXM  WARN  Conflicting CPU frequencies detected, using: 2267.25
[1467921280.334473] [node050:6223 :0]         mxm.c:196  MXM  WARN  The 'ulimit -s' on the system is set to 'unlimited'. This may have negative performance implications. Please set the stack size to the default value (10240) 
[1467921280.331258] [node046:11528:0]         sys.c:744  MXM  WARN  Conflicting CPU frequencies detected, using: 1855.41
[1467921280.337428] [node046:11528:0]         mxm.c:196  MXM  WARN  The 'ulimit -s' on the system is set to 'unlimited'. This may have negative performance implications. Please set the stack size to the default value (10240) 
[1467921280.331515] [node060:28391:0]         sys.c:744  MXM  WARN  Conflicting CPU frequencies detected, using: 1317.94
[1467921280.337670] [node060:28391:0]         mxm.c:196  MXM  WARN  The 'ulimit -s' on the system is set to 'unlimited'. This may have negative performance implications. Please set the stack size to the default value (10240) 
[1467921280.332451] [node065:24380:0]         sys.c:744  MXM  WARN  Conflicting CPU frequencies detected, using: 1468.59
[1467921280.338636] [node065:24380:0]         mxm.c:196  MXM  WARN  The 'ulimit -s' on the system is set to 'unlimited'. This may have negative performance implications. Please set the stack size to the default value (10240) 
[1467921280.336378] [node052:4187 :0]         sys.c:744  MXM  WARN  Conflicting CPU frequencies detected, using: 1435.59
[1467921280.342453] [node052:4187 :0]         mxm.c:196  MXM  WARN  The 'ulimit -s' on the system is set to 'unlimited'. This may have negative performance implications. Please set the stack size to the default value (10240) 
[1467921280.314166] [node013:27886:0]         sys.c:744  MXM  WARN  Conflicting CPU frequencies detected, using: 2555.06
[1467921280.323177] [node013:27886:0]         mxm.c:196  MXM  WARN  The 'ulimit -s' on the system is set to 'unlimited'. This may have negative performance implications. Please set the stack size to the default value (10240) 
[1467921280.327007] [node009:18875:0]         sys.c:744  MXM  WARN  Conflicting CPU frequencies detected, using: 2600.06
[1467921280.335687] [node009:18875:0]         mxm.c:196  MXM  WARN  The 'ulimit -s' on the system is set to 'unlimited'. This may have negative performance implications. Please set the stack size to the default value (10240) 
[1467921280.319162] [node012:4739 :0]         sys.c:744  MXM  WARN  Conflicting CPU frequencies detected, using: 1936.69
[1467921280.327817] [node012:4739 :0]         mxm.c:196  MXM  WARN  The 'ulimit -s' on the system is set to 'unlimited'. This may have negative performance implications. Please set the stack size to the default value (10240) 
[1467921280.332070] [node011:13744:0]         sys.c:744  MXM  WARN  Conflicting CPU frequencies detected, using: 1896.56
[1467921280.340758] [node011:13744:0]         mxm.c:196  MXM  WARN  The 'ulimit -s' on the system is set to 'unlimited'. This may have negative performance implications. Please set the stack size to the default value (10240) 
[1467921280.321172] [node054:30270:0]         sys.c:744  MXM  WARN  Conflicting CPU frequencies detected, using: 1619.91
[1467921280.329924] [node054:30270:0]         mxm.c:196  MXM  WARN  The 'ulimit -s' on the system is set to 'unlimited'. This may have negative performance implications. Please set the stack size to the default value (10240) 
[1467921280.315399] [node014:26008:0]         sys.c:744  MXM  WARN  Conflicting CPU frequencies detected, using: 2599.88
[1467921280.321676] [node014:26008:0]         mxm.c:196  MXM  WARN  The 'ulimit -s' on the system is set to 'unlimited'. This may have negative performance implications. Please set the stack size to the default value (10240) 
[1467921280.338854] [node047:6180 :0]         sys.c:744  MXM  WARN  Conflicting CPU frequencies detected, using: 1395.75
[1467921280.344908] [node047:6180 :0]         mxm.c:196  MXM  WARN  The 'ulimit -s' on the system is set to 'unlimited'. This may have negative performance implications. Please set the stack size to the default value (10240) 
[1467921280.322149] [node015:23602:0]         sys.c:744  MXM  WARN  Conflicting CPU frequencies detected, using: 2394.28
[1467921280.330687] [node015:23602:0]         mxm.c:196  MXM  WARN  The 'ulimit -s' on the system is set to 'unlimited'. This may have negative performance implications. Please set the stack size to the default value (10240) 
[1467921280.331300] [node055:29236:0]         sys.c:744  MXM  WARN  Conflicting CPU frequencies detected, using: 1550.34
[1467921280.339973] [node055:29236:0]         mxm.c:196  MXM  WARN  The 'ulimit -s' on the system is set to 'unlimited'. This may have negative performance implications. Please set the stack size to the default value (10240) 
[1467921280.319774] [node067:27282:0]         sys.c:744  MXM  WARN  Conflicting CPU frequencies detected, using: 1478.91
[1467921280.328756] [node067:27282:0]         mxm.c:196  MXM  WARN  The 'ulimit -s' on the system is set to 'unlimited'. This may have negative performance implications. Please set the stack size to the default value (10240) 
[1467921280.321400] [node056:29467:0]         sys.c:744  MXM  WARN  Conflicting CPU frequencies detected, using: 1524.47
[1467921280.330276] [node056:29467:0]         mxm.c:196  MXM  WARN  The 'ulimit -s' on the system is set to 'unlimited'. This may have negative performance implications. Please set the stack size to the default value (10240) 
[1467921280.319000] [node068:25473:0]         sys.c:744  MXM  WARN  Conflicting CPU frequencies detected, using: 1498.03
[1467921280.327888] [node068:25473:0]         mxm.c:196  MXM  WARN  The 'ulimit -s' on the system is set to 'unlimited'. This may have negative performance implications. Please set the stack size to the default value (10240) 
[1467921280.332408] [node066:24744:0]         sys.c:744  MXM  WARN  Conflicting CPU frequencies detected, using: 1453.78
[1467921280.341276] [node066:24744:0]         mxm.c:196  MXM  WARN  The 'ulimit -s' on the system is set to 'unlimited'. This may have negative performance implications. Please set the stack size to the default value (10240) 
[1467921280.329737] [node064:22674:0]         sys.c:744  MXM  WARN  Conflicting CPU frequencies detected, using: 1480.69
[1467921280.338787] [node064:22674:0]         mxm.c:196  MXM  WARN  The 'ulimit -s' on the system is set to 'unlimited'. This may have negative performance implications. Please set the stack size to the default value (10240) 
[1467921280.330477] [node062:22359:0]         sys.c:744  MXM  WARN  Conflicting CPU frequencies detected, using: 1442.44
[1467921280.339390] [node062:22359:0]         mxm.c:196  MXM  WARN  The 'ulimit -s' on the system is set to 'unlimited'. This may have negative performance implications. Please set the stack size to the default value (10240) 
UPCR: UPC thread  0 of 32 on node008 (pshm node  0 of 32, process  0 of 32, pid=24657)
UPCR: UPC thread 29 of 32 on node066 (pshm node 29 of 32, process 29 of 32, pid=24786)
UPCR: UPC thread 25 of 32 on node062 (pshm node 25 of 32, process 25 of 32, pid=22401)
UPCR: UPC thread  1 of 32 on node009 (pshm node  1 of 32, process  1 of 32, pid=18917)
UPCR: UPC thread  2 of 32 on node010 (pshm node  2 of 32, process  2 of 32, pid=13177)
UPCR: UPC thread 27 of 32 on node064 (pshm node 27 of 32, process 27 of 32, pid=22716)
UPCR: UPC thread  4 of 32 on node012 (pshm node  4 of 32, process  4 of 32, pid=4781)
UPCR: UPC thread 21 of 32 on node058 (pshm node 21 of 32, process 21 of 32, pid=27520)
UPCR: UPC thread 31 of 32 on node068 (pshm node 31 of 32, process 31 of 32, pid=25515)
UPCR: UPC thread 10 of 32 on node047 (pshm node 10 of 32, process 10 of 32, pid=6223)
UPCR: UPC thread 20 of 32 on node057 (pshm node 20 of 32, process 20 of 32, pid=27899)
UPCR: UPC thread 19 of 32 on node056 (pshm node 19 of 32, process 19 of 32, pid=29509)
UPCR: UPC thread 30 of 32 on node067 (pshm node 30 of 32, process 30 of 32, pid=27324)
UPCR: UPC thread 28 of 32 on node065 (pshm node 28 of 32, process 28 of 32, pid=24422)
UPCR: UPC thread  7 of 32 on node015 (pshm node  7 of 32, process  7 of 32, pid=23644)
UPCR: UPC thread 13 of 32 on node050 (pshm node 13 of 32, process 13 of 32, pid=6265)
UPCR: UPC thread 15 of 32 on node052 (pshm node 15 of 32, process 15 of 32, pid=4229)
UPCR: UPC thread  3 of 32 on node011 (pshm node  3 of 32, process  3 of 32, pid=13786)
UPCR: UPC thread 12 of 32 on node049 (pshm node 12 of 32, process 12 of 32, pid=5385)
UPCR: UPC thread 14 of 32 on node051 (pshm node 14 of 32, process 14 of 32, pid=5812)
UPCR: UPC thread 11 of 32 on node048 (pshm node 11 of 32, process 11 of 32, pid=6122)
UPCR: UPC thread 22 of 32 on node059 (pshm node 22 of 32, process 22 of 32, pid=27872)
UPCR: UPC thread  9 of 32 on node046 (pshm node  9 of 32, process  9 of 32, pid=11570)
UPCR: UPC thread 24 of 32 on node061 (pshm node 24 of 32, process 24 of 32, pid=10614)
UPCR: UPC thread 18 of 32 on node055 (pshm node 18 of 32, process 18 of 32, pid=29278)
UPCR: UPC thread 23 of 32 on node060 (pshm node 23 of 32, process 23 of 32, pid=28433)
UPCR: UPC thread  8 of 32 on node025 (pshm node  8 of 32, process  8 of 32, pid=6904)
UPCR: UPC thread 26 of 32 on node063 (pshm node 26 of 32, process 26 of 32, pid=23811)
UPCR: UPC thread 16 of 32 on node053 (pshm node 16 of 32, process 16 of 32, pid=24337)
UPCR: UPC thread 17 of 32 on node054 (pshm node 17 of 32, process 17 of 32, pid=30312)
UPCR: UPC thread  6 of 32 on node014 (pshm node  6 of 32, process  6 of 32, pid=26050)
UPCR: UPC thread  5 of 32 on node013 (pshm node  5 of 32, process  5 of 32, pid=27928)
using a cache granularity of 8
using linear probing in the BDD table
using a memoization table of 2^26 = 67108864 entries (~2560 MB) per thread
using a BDD table of 2^27 = 134217728 entries (~3072 MB) per thread
Initializing /home/oortwijn/distdd/models/beem/at.2.bdd!
vector size: 10
bits per integer: 8
number of BDD variables: 80
Loading initial states: 
Initial states loaded... 
Loading transition relations... 
10 integers per state, 8 bits per integer, 22 transition groups
BDD nodes:
Initial states: 80 BDD nodes
Transition 0: 163 BDD nodes
Transition 1: 48 BDD nodes
Transition 2: 79 BDD nodes
Transition 3: 79 BDD nodes
Transition 4: 89 BDD nodes
Transition 5: 120 BDD nodes
Transition 6: 48 BDD nodes
Transition 7: 48 BDD nodes
Transition 8: 48 BDD nodes
Transition 9: 48 BDD nodes
Transition 10: 72 BDD nodes
Transition 11: 72 BDD nodes
Transition 12: 70 BDD nodes
Transition 13: 48 BDD nodes
Transition 14: 83 BDD nodes
Transition 15: 141 BDD nodes
Transition 16: 48 BDD nodes
Transition 17: 75 BDD nodes
Transition 18: 84 BDD nodes
Transition 19: 48 BDD nodes
Transition 20: 155 BDD nodes
Transition 21: 48 BDD nodes
Level 1... done.
Level 2... done.
Level 3... done.
Level 4... done.
Level 5... done.
Level 6... done.
Level 7... done.
Level 8... done.
Level 9... done.
Level 10... done.
Level 11... done.
Level 12... done.
Level 13... done.
Level 14... done.
Level 15... done.
Level 16... done.
Level 17... done.
Level 18... done.
Level 19... done.
Level 20... done.
Level 21... done.
Level 22... done.
Level 23... done.
Level 24... done.
Level 25... done.
Level 26... done.
Level 27... done.
Level 28... done.
Level 29... done.
Level 30... done.
Level 31... done.
Level 32... done.
Level 33... done.
Level 34... done.
Level 35... done.
Level 36... done.
Level 37... done.
Level 38... done.
Level 39... done.
Level 40... done.
Level 41... done.
Level 42... done.
Level 43... done.
Level 44... done.
Level 45... done.
Level 46... done.
Level 47... done.
Level 48... done.
PAR Time: 1.332218
Final states: 49443 states
Final states: 11695 BDD nodes
[1467921280.322952] [node053:24295:0]         sys.c:744  MXM  WARN  Conflicting CPU frequencies detected, using: 1395.94
[1467921280.336378] [node052:4187 :0]         sys.c:744  MXM  WARN  Conflicting CPU frequencies detected, using: 1435.59
[1467921280.309567] [node057:27857:0]         sys.c:744  MXM  WARN  Conflicting CPU frequencies detected, using: 1595.81
[1467921280.314166] [node013:27886:0]         sys.c:744  MXM  WARN  Conflicting CPU frequencies detected, using: 2555.06
[1467921280.328459] [node050:6223 :0]         sys.c:744  MXM  WARN  Conflicting CPU frequencies detected, using: 2267.25
[1467921280.321959] [node049:5343 :0]         sys.c:744  MXM  WARN  Conflicting CPU frequencies detected, using: 1547.34
[1467921280.319594] [node063:23769:0]         sys.c:744  MXM  WARN  Conflicting CPU frequencies detected, using: 1393.78
[1467921280.323740] [node051:5769 :0]         sys.c:744  MXM  WARN  Conflicting CPU frequencies detected, using: 1487.81
[1467921280.319774] [node067:27282:0]         sys.c:744  MXM  WARN  Conflicting CPU frequencies detected, using: 1478.91
[1467921280.322149] [node015:23602:0]         sys.c:744  MXM  WARN  Conflicting CPU frequencies detected, using: 2394.28
[1467921280.320412] [node061:10572:0]         sys.c:744  MXM  WARN  Conflicting CPU frequencies detected, using: 1614.09
[1467921280.321400] [node056:29467:0]         sys.c:744  MXM  WARN  Conflicting CPU frequencies detected, using: 1524.47
[1467921280.329737] [node064:22674:0]         sys.c:744  MXM  WARN  Conflicting CPU frequencies detected, using: 1480.69
[1467921280.321172] [node054:30270:0]         sys.c:744  MXM  WARN  Conflicting CPU frequencies detected, using: 1619.91
[1467921280.319000] [node068:25473:0]         sys.c:744  MXM  WARN  Conflicting CPU frequencies detected, using: 1498.03
[1467921280.330477] [node062:22359:0]         sys.c:744  MXM  WARN  Conflicting CPU frequencies detected, using: 1442.44
[1467921280.314891] [node010:13135:0]         sys.c:744  MXM  WARN  Conflicting CPU frequencies detected, using: 2326.41
[1467921279.958378] [node008:24625:0]         sys.c:744  MXM  WARN  Conflicting CPU frequencies detected, using: 1758.66
[1467921280.319162] [node012:4739 :0]         sys.c:744  MXM  WARN  Conflicting CPU frequencies detected, using: 1936.69
[1467921280.330132] [node048:6080 :0]         sys.c:744  MXM  WARN  Conflicting CPU frequencies detected, using: 1803.19
[1467921280.324955] [node059:27830:0]         sys.c:744  MXM  WARN  Conflicting CPU frequencies detected, using: 1476.38
[1467921280.332408] [node066:24744:0]         sys.c:744  MXM  WARN  Conflicting CPU frequencies detected, using: 1453.78
[1467921280.315399] [node014:26008:0]         sys.c:744  MXM  WARN  Conflicting CPU frequencies detected, using: 2599.88
[1467921280.332451] [node065:24380:0]         sys.c:744  MXM  WARN  Conflicting CPU frequencies detected, using: 1468.59
[1467921280.331300] [node055:29236:0]         sys.c:744  MXM  WARN  Conflicting CPU frequencies detected, using: 1550.34
[1467921280.338854] [node047:6180 :0]         sys.c:744  MXM  WARN  Conflicting CPU frequencies detected, using: 1395.75
[1467921280.327007] [node009:18875:0]         sys.c:744  MXM  WARN  Conflicting CPU frequencies detected, using: 2600.06
[1467921280.307863] [node025:6862 :0]         sys.c:744  MXM  WARN  Conflicting CPU frequencies detected, using: 1736.53
[1467921280.331515] [node060:28391:0]         sys.c:744  MXM  WARN  Conflicting CPU frequencies detected, using: 1317.94
[1467921280.324054] [node058:27478:0]         sys.c:744  MXM  WARN  Conflicting CPU frequencies detected, using: 1579.78
[1467921280.331258] [node046:11528:0]         sys.c:744  MXM  WARN  Conflicting CPU frequencies detected, using: 1855.41
[1467921280.332070] [node011:13744:0]         sys.c:744  MXM  WARN  Conflicting CPU frequencies detected, using: 1896.56
[1467921279.937021] [node008:24581:0]         sys.c:744  MXM  WARN  Conflicting CPU frequencies detected, using: 1698.66
