performing reachability, flags: -n 16 -N 16 -shared-heap 16GB --tablesize=27 --cachesize=26  
This is upcrun, job spawner for the Berkeley UPC compiler (http://upc.lbl.gov).
upcrun version 2.22.2
Network conduits supported by this installation: smp mxm ibv
[1467921349.936954] [node053:24682:0]         sys.c:744  MXM  WARN  Conflicting CPU frequencies detected, using: 1689.00
[1467921349.942875] [node053:24682:0]         mxm.c:196  MXM  WARN  The 'ulimit -s' on the system is set to 'unlimited'. This may have negative performance implications. Please set the stack size to the default value (10240) 
[1467921350.295142] [node060:28702:0]         sys.c:744  MXM  WARN  Conflicting CPU frequencies detected, using: 1778.53
[1467921350.301241] [node060:28702:0]         mxm.c:196  MXM  WARN  The 'ulimit -s' on the system is set to 'unlimited'. This may have negative performance implications. Please set the stack size to the default value (10240) 
[1467921350.298474] [node063:24077:0]         sys.c:744  MXM  WARN  Conflicting CPU frequencies detected, using: 1417.12
[1467921350.304496] [node063:24077:0]         mxm.c:196  MXM  WARN  The 'ulimit -s' on the system is set to 'unlimited'. This may have negative performance implications. Please set the stack size to the default value (10240) 
[1467921350.281833] [node057:28168:0]         sys.c:744  MXM  WARN  Conflicting CPU frequencies detected, using: 2599.97
[1467921350.287330] [node057:28168:0]         mxm.c:196  MXM  WARN  The 'ulimit -s' on the system is set to 'unlimited'. This may have negative performance implications. Please set the stack size to the default value (10240) 
[1467921350.294966] [node054:30580:0]         sys.c:744  MXM  WARN  Conflicting CPU frequencies detected, using: 2599.97
[1467921350.303976] [node054:30580:0]         mxm.c:196  MXM  WARN  The 'ulimit -s' on the system is set to 'unlimited'. This may have negative performance implications. Please set the stack size to the default value (10240) 
[1467921350.305162] [node056:29779:0]         sys.c:744  MXM  WARN  Conflicting CPU frequencies detected, using: 3054.94
[1467921350.313786] [node056:29779:0]         mxm.c:196  MXM  WARN  The 'ulimit -s' on the system is set to 'unlimited'. This may have negative performance implications. Please set the stack size to the default value (10240) 
[1467921350.297117] [node058:27793:0]         sys.c:744  MXM  WARN  Conflicting CPU frequencies detected, using: 2599.97
[1467921350.303478] [node058:27793:0]         mxm.c:196  MXM  WARN  The 'ulimit -s' on the system is set to 'unlimited'. This may have negative performance implications. Please set the stack size to the default value (10240) 
[1467921350.299885] [node055:29543:0]         sys.c:744  MXM  WARN  Conflicting CPU frequencies detected, using: 2599.97
[1467921350.308776] [node055:29543:0]         mxm.c:196  MXM  WARN  The 'ulimit -s' on the system is set to 'unlimited'. This may have negative performance implications. Please set the stack size to the default value (10240) 
[1467921350.298057] [node065:24687:0]         sys.c:744  MXM  WARN  Conflicting CPU frequencies detected, using: 2599.97
[1467921350.304022] [node065:24687:0]         mxm.c:196  MXM  WARN  The 'ulimit -s' on the system is set to 'unlimited'. This may have negative performance implications. Please set the stack size to the default value (10240) 
[1467921350.300250] [node061:10882:0]         sys.c:744  MXM  WARN  Conflicting CPU frequencies detected, using: 2577.84
[1467921350.306535] [node061:10882:0]         mxm.c:196  MXM  WARN  The 'ulimit -s' on the system is set to 'unlimited'. This may have negative performance implications. Please set the stack size to the default value (10240) 
[1467921350.301430] [node059:28139:0]         sys.c:744  MXM  WARN  Conflicting CPU frequencies detected, using: 2599.97
[1467921350.307254] [node059:28139:0]         mxm.c:196  MXM  WARN  The 'ulimit -s' on the system is set to 'unlimited'. This may have negative performance implications. Please set the stack size to the default value (10240) 
[1467921350.297626] [node064:22981:0]         sys.c:744  MXM  WARN  Conflicting CPU frequencies detected, using: 1437.00
[1467921350.306149] [node064:22981:0]         mxm.c:196  MXM  WARN  The 'ulimit -s' on the system is set to 'unlimited'. This may have negative performance implications. Please set the stack size to the default value (10240) 
[1467921350.308224] [node062:22669:0]         sys.c:744  MXM  WARN  Conflicting CPU frequencies detected, using: 2599.97
[1467921350.317189] [node062:22669:0]         mxm.c:196  MXM  WARN  The 'ulimit -s' on the system is set to 'unlimited'. This may have negative performance implications. Please set the stack size to the default value (10240) 
[1467921350.302758] [node068:25787:0]         sys.c:744  MXM  WARN  Conflicting CPU frequencies detected, using: 2676.47
[1467921350.311545] [node068:25787:0]         mxm.c:196  MXM  WARN  The 'ulimit -s' on the system is set to 'unlimited'. This may have negative performance implications. Please set the stack size to the default value (10240) 
[1467921350.304013] [node066:25054:0]         sys.c:744  MXM  WARN  Conflicting CPU frequencies detected, using: 2614.31
[1467921350.312703] [node066:25054:0]         mxm.c:196  MXM  WARN  The 'ulimit -s' on the system is set to 'unlimited'. This may have negative performance implications. Please set the stack size to the default value (10240) 
[1467921350.301624] [node067:27775:0]         sys.c:744  MXM  WARN  Conflicting CPU frequencies detected, using: 1488.09
[1467921350.310587] [node067:27775:0]         mxm.c:196  MXM  WARN  The 'ulimit -s' on the system is set to 'unlimited'. This may have negative performance implications. Please set the stack size to the default value (10240) 
UPCR: UPC thread  0 of 16 on node053 (pshm node  0 of 16, process  0 of 16, pid=24698)
UPCR: UPC thread  9 of 16 on node062 (pshm node  9 of 16, process  9 of 16, pid=22711)
UPCR: UPC thread 15 of 16 on node068 (pshm node 15 of 16, process 15 of 16, pid=25829)
UPCR: UPC thread 13 of 16 on node066 (pshm node 13 of 16, process 13 of 16, pid=25096)
UPCR: UPC thread 14 of 16 on node067 (pshm node 14 of 16, process 14 of 16, pid=27817)
UPCR: UPC thread  5 of 16 on node058 (pshm node  5 of 16, process  5 of 16, pid=27836)
UPCR: UPC thread  3 of 16 on node056 (pshm node  3 of 16, process  3 of 16, pid=29821)
UPCR: UPC thread  6 of 16 on node059 (pshm node  6 of 16, process  6 of 16, pid=28181)
UPCR: UPC thread  1 of 16 on node054 (pshm node  1 of 16, process  1 of 16, pid=30622)
UPCR: UPC thread  4 of 16 on node057 (pshm node  4 of 16, process  4 of 16, pid=28211)
UPCR: UPC thread  8 of 16 on node061 (pshm node  8 of 16, process  8 of 16, pid=10924)
UPCR: UPC thread 11 of 16 on node064 (pshm node 11 of 16, process 11 of 16, pid=23023)
UPCR: UPC thread  7 of 16 on node060 (pshm node  7 of 16, process  7 of 16, pid=28744)
UPCR: UPC thread 12 of 16 on node065 (pshm node 12 of 16, process 12 of 16, pid=24729)
UPCR: UPC thread 10 of 16 on node063 (pshm node 10 of 16, process 10 of 16, pid=24119)
UPCR: UPC thread  2 of 16 on node055 (pshm node  2 of 16, process  2 of 16, pid=29585)
using a cache granularity of 8
using linear probing in the BDD table
using a memoization table of 2^26 = 67108864 entries (~2560 MB) per thread
using a BDD table of 2^27 = 134217728 entries (~3072 MB) per thread
Initializing /home/oortwijn/distdd/models/beem/at.3.bdd!
vector size: 12
bits per integer: 8
number of BDD variables: 96
Loading initial states: 
Initial states loaded... 
Loading transition relations... 
12 integers per state, 8 bits per integer, 29 transition groups
BDD nodes:
Initial states: 96 BDD nodes
Transition 0: 236 BDD nodes
Transition 1: 79 BDD nodes
Transition 2: 48 BDD nodes
Transition 3: 79 BDD nodes
Transition 4: 92 BDD nodes
Transition 5: 121 BDD nodes
Transition 6: 48 BDD nodes
Transition 7: 48 BDD nodes
Transition 8: 75 BDD nodes
Transition 9: 79 BDD nodes
Transition 10: 75 BDD nodes
Transition 11: 48 BDD nodes
Transition 12: 79 BDD nodes
Transition 13: 92 BDD nodes
Transition 14: 155 BDD nodes
Transition 15: 48 BDD nodes
Transition 16: 48 BDD nodes
Transition 17: 48 BDD nodes
Transition 18: 48 BDD nodes
Transition 19: 72 BDD nodes
Transition 20: 72 BDD nodes
Transition 21: 83 BDD nodes
Transition 22: 48 BDD nodes
Transition 23: 124 BDD nodes
Transition 24: 48 BDD nodes
Transition 25: 84 BDD nodes
Transition 26: 48 BDD nodes
Transition 27: 155 BDD nodes
Transition 28: 48 BDD nodes
Level 1... done.
Level 2... done.
Level 3... done.
Level 4... done.
Level 5... done.
Level 6... done.
Level 7... done.
Level 8... done.
Level 9... done.
Level 10... done.
Level 11... done.
Level 12... done.
Level 13... done.
Level 14... done.
Level 15... done.
Level 16... done.
Level 17... done.
Level 18... done.
Level 19... done.
Level 20... done.
Level 21... done.
Level 22... done.
Level 23... done.
Level 24... done.
Level 25... done.
Level 26... done.
Level 27... done.
Level 28... done.
Level 29... done.
Level 30... done.
Level 31... done.
Level 32... done.
Level 33... done.
Level 34... done.
Level 35... done.
Level 36... done.
Level 37... done.
Level 38... done.
Level 39... done.
Level 40... done.
Level 41... done.
Level 42... done.
Level 43... done.
Level 44... done.
Level 45... done.
Level 46... done.
Level 47... done.
Level 48... done.
Level 49... done.
Level 50... done.
Level 51... done.
Level 52... done.
Level 53... done.
Level 54... done.
Level 55... done.
Level 56... done.
Level 57... done.
Level 58... done.
Level 59... done.
Level 60... done.
Level 61... done.
Level 62... done.
Level 63... done.
Level 64... done.
Level 65... done.
Level 66... done.
Level 67... done.
Level 68... done.
Level 69... done.
Level 70... done.
PAR Time: 15.509195
Final states: 1711620 states
Final states: 44043 BDD nodes
[1467921350.294966] [node054:30580:0]         sys.c:744  MXM  WARN  Conflicting CPU frequencies detected, using: 2599.97
[1467921350.297117] [node058:27793:0]         sys.c:744  MXM  WARN  Conflicting CPU frequencies detected, using: 2599.97
[1467921350.301430] [node059:28139:0]         sys.c:744  MXM  WARN  Conflicting CPU frequencies detected, using: 2599.97
[1467921350.300250] [node061:10882:0]         sys.c:744  MXM  WARN  Conflicting CPU frequencies detected, using: 2577.84
[1467921350.302758] [node068:25787:0]         sys.c:744  MXM  WARN  Conflicting CPU frequencies detected, using: 2676.47
[1467921350.301624] [node067:27775:0]         sys.c:744  MXM  WARN  Conflicting CPU frequencies detected, using: 1488.09
[1467921350.299885] [node055:29543:0]         sys.c:744  MXM  WARN  Conflicting CPU frequencies detected, using: 2599.97
[1467921350.297626] [node064:22981:0]         sys.c:744  MXM  WARN  Conflicting CPU frequencies detected, using: 1437.00
[1467921350.305162] [node056:29779:0]         sys.c:744  MXM  WARN  Conflicting CPU frequencies detected, using: 3054.94
[1467921350.304013] [node066:25054:0]         sys.c:744  MXM  WARN  Conflicting CPU frequencies detected, using: 2614.31
[1467921350.281833] [node057:28168:0]         sys.c:744  MXM  WARN  Conflicting CPU frequencies detected, using: 2599.97
[1467921350.298057] [node065:24687:0]         sys.c:744  MXM  WARN  Conflicting CPU frequencies detected, using: 2599.97
[1467921350.295142] [node060:28702:0]         sys.c:744  MXM  WARN  Conflicting CPU frequencies detected, using: 1778.53
[1467921350.308224] [node062:22669:0]         sys.c:744  MXM  WARN  Conflicting CPU frequencies detected, using: 2599.97
[1467921350.298474] [node063:24077:0]         sys.c:744  MXM  WARN  Conflicting CPU frequencies detected, using: 1417.12
[1467921349.936954] [node053:24682:0]         sys.c:744  MXM  WARN  Conflicting CPU frequencies detected, using: 1689.00
[1467921349.917609] [node053:24638:0]         sys.c:744  MXM  WARN  Conflicting CPU frequencies detected, using: 1597.97
