performing reachability, flags: -n 16 -N 8 -shared-heap 8GB --tablesize=26 --cachesize=25  
This is upcrun, job spawner for the Berkeley UPC compiler (http://upc.lbl.gov).
upcrun version 2.22.2
Network conduits supported by this installation: smp mxm ibv
[1469279340.128667] [node058:24848:0]         sys.c:744  MXM  WARN  Conflicting CPU frequencies detected, using: 2197.31
[1469279340.134771] [node058:24848:0]         mxm.c:196  MXM  WARN  The 'ulimit -s' on the system is set to 'unlimited'. This may have negative performance implications. Please set the stack size to the default value (10240) 
[1469279340.128667] [node058:24848:0]         sys.c:744  MXM  WARN  Conflicting CPU frequencies detected, using: 2197.31
[1469279340.134244] [node058:24848:0]         mxm.c:196  MXM  WARN  The 'ulimit -s' on the system is set to 'unlimited'. This may have negative performance implications. Please set the stack size to the default value (10240) 
[1469279340.483280] [node059:1069 :0]         sys.c:744  MXM  WARN  Conflicting CPU frequencies detected, using: 1799.25
[1469279340.489531] [node059:1069 :0]         mxm.c:196  MXM  WARN  The 'ulimit -s' on the system is set to 'unlimited'. This may have negative performance implications. Please set the stack size to the default value (10240) 
[1469279340.483280] [node059:1069 :0]         sys.c:744  MXM  WARN  Conflicting CPU frequencies detected, using: 1799.25
[1469279340.489253] [node059:1069 :0]         mxm.c:196  MXM  WARN  The 'ulimit -s' on the system is set to 'unlimited'. This may have negative performance implications. Please set the stack size to the default value (10240) 
[1469279340.491122] [node063:17821:0]         sys.c:744  MXM  WARN  Conflicting CPU frequencies detected, using: 1696.03
[1469279340.497449] [node063:17821:0]         mxm.c:196  MXM  WARN  The 'ulimit -s' on the system is set to 'unlimited'. This may have negative performance implications. Please set the stack size to the default value (10240) 
[1469279340.491122] [node063:17821:0]         sys.c:744  MXM  WARN  Conflicting CPU frequencies detected, using: 1696.03
[1469279340.497247] [node063:17821:0]         mxm.c:196  MXM  WARN  The 'ulimit -s' on the system is set to 'unlimited'. This may have negative performance implications. Please set the stack size to the default value (10240) 
[1469279340.491042] [node065:8673 :0]         sys.c:744  MXM  WARN  Conflicting CPU frequencies detected, using: 1794.84
[1469279340.497510] [node065:8673 :0]         mxm.c:196  MXM  WARN  The 'ulimit -s' on the system is set to 'unlimited'. This may have negative performance implications. Please set the stack size to the default value (10240) 
[1469279340.491042] [node065:8673 :0]         sys.c:744  MXM  WARN  Conflicting CPU frequencies detected, using: 1794.84
[1469279340.497243] [node065:8673 :0]         mxm.c:196  MXM  WARN  The 'ulimit -s' on the system is set to 'unlimited'. This may have negative performance implications. Please set the stack size to the default value (10240) 
[1469279340.498790] [node061:6161 :0]         sys.c:744  MXM  WARN  Conflicting CPU frequencies detected, using: 1796.34
[1469279340.505084] [node061:6161 :0]         mxm.c:196  MXM  WARN  The 'ulimit -s' on the system is set to 'unlimited'. This may have negative performance implications. Please set the stack size to the default value (10240) 
[1469279340.498790] [node061:6161 :0]         sys.c:744  MXM  WARN  Conflicting CPU frequencies detected, using: 1796.34
[1469279340.504807] [node061:6161 :0]         mxm.c:196  MXM  WARN  The 'ulimit -s' on the system is set to 'unlimited'. This may have negative performance implications. Please set the stack size to the default value (10240) 
[1469279340.488008] [node064:30894:0]         sys.c:744  MXM  WARN  Conflicting CPU frequencies detected, using: 1794.84
[1469279340.499125] [node064:30894:0]         mxm.c:196  MXM  WARN  The 'ulimit -s' on the system is set to 'unlimited'. This may have negative performance implications. Please set the stack size to the default value (10240) 
[1469279340.491616] [node062:14811:0]         sys.c:744  MXM  WARN  Conflicting CPU frequencies detected, using: 1798.97
[1469279340.503959] [node062:14811:0]         mxm.c:196  MXM  WARN  The 'ulimit -s' on the system is set to 'unlimited'. This may have negative performance implications. Please set the stack size to the default value (10240) 
[1469279340.488008] [node064:30894:0]         sys.c:744  MXM  WARN  Conflicting CPU frequencies detected, using: 1794.84
[1469279340.500130] [node064:30894:0]         mxm.c:196  MXM  WARN  The 'ulimit -s' on the system is set to 'unlimited'. This may have negative performance implications. Please set the stack size to the default value (10240) 
[1469279340.491616] [node062:14811:0]         sys.c:744  MXM  WARN  Conflicting CPU frequencies detected, using: 1798.97
[1469279340.503193] [node062:14811:0]         mxm.c:196  MXM  WARN  The 'ulimit -s' on the system is set to 'unlimited'. This may have negative performance implications. Please set the stack size to the default value (10240) 
[1469279341.495308] [node060:15787:0]         sys.c:744  MXM  WARN  Conflicting CPU frequencies detected, using: 1797.47
[1469279341.502058] [node060:15787:0]         mxm.c:196  MXM  WARN  The 'ulimit -s' on the system is set to 'unlimited'. This may have negative performance implications. Please set the stack size to the default value (10240) 
[1469279341.495308] [node060:15787:0]         sys.c:744  MXM  WARN  Conflicting CPU frequencies detected, using: 1797.47
[1469279341.501706] [node060:15787:0]         mxm.c:196  MXM  WARN  The 'ulimit -s' on the system is set to 'unlimited'. This may have negative performance implications. Please set the stack size to the default value (10240) 
UPCR: UPC thread  1 of 16 on node058 (pshm node 0 of 8, process  1 of 16, pid=24857)
UPCR: UPC thread  0 of 16 on node058 (pshm node 0 of 8, process  0 of 16, pid=24856)
UPCR: UPC thread 13 of 16 on node064 (pshm node 6 of 8, process 13 of 16, pid=30937)
UPCR: UPC thread 12 of 16 on node064 (pshm node 6 of 8, process 12 of 16, pid=30936)
UPCR: UPC thread  4 of 16 on node060 (pshm node 2 of 8, process  4 of 16, pid=15829)
UPCR: UPC thread  5 of 16 on node060 (pshm node 2 of 8, process  5 of 16, pid=15830)
UPCR: UPC thread  9 of 16 on node062 (pshm node 4 of 8, process  9 of 16, pid=14854)
UPCR: UPC thread  8 of 16 on node062 (pshm node 4 of 8, process  8 of 16, pid=14853)
UPCR: UPC thread 15 of 16 on node065 (pshm node 7 of 8, process 15 of 16, pid=8717)
UPCR: UPC thread 14 of 16 on node065 (pshm node 7 of 8, process 14 of 16, pid=8716)
UPCR: UPC thread  7 of 16 on node061 (pshm node 3 of 8, process  7 of 16, pid=6204)
UPCR: UPC thread  6 of 16 on node061 (pshm node 3 of 8, process  6 of 16, pid=6203)
UPCR: UPC thread 10 of 16 on node063 (pshm node 5 of 8, process 10 of 16, pid=17871)
UPCR: UPC thread 11 of 16 on node063 (pshm node 5 of 8, process 11 of 16, pid=17872)
UPCR: UPC thread  3 of 16 on node059 (pshm node 1 of 8, process  3 of 16, pid=1112)
UPCR: UPC thread  2 of 16 on node059 (pshm node 1 of 8, process  2 of 16, pid=1111)
using a cache granularity of 8
using linear probing in the BDD table
using a memoization table of 2^25 = 33554432 entries (~1280 MB) per thread
using a BDD table of 2^26 = 67108864 entries (~1536 MB) per thread
Initializing /home/oortwijn/distdd/models/beem/bakery.7.bdd!
vector size: 20
bits per integer: 4
number of BDD variables: 80
Loading initial states: 
Initial states loaded... 
Loading transition relations... 
20 integers per state, 4 bits per integer, 32 transition groups
BDD nodes:
Initial states: 80 BDD nodes
Transition 0: 36 BDD nodes
Transition 1: 11451 BDD nodes
Transition 2: 317 BDD nodes
Transition 3: 8636 BDD nodes
Transition 4: 4320 BDD nodes
Transition 5: 28 BDD nodes
Transition 6: 168 BDD nodes
Transition 7: 32 BDD nodes
Transition 8: 278 BDD nodes
Transition 9: 28 BDD nodes
Transition 10: 278 BDD nodes
Transition 11: 28 BDD nodes
Transition 12: 322 BDD nodes
Transition 13: 28 BDD nodes
Transition 14: 36 BDD nodes
Transition 15: 22133 BDD nodes
Transition 16: 18122 BDD nodes
Transition 17: 4208 BDD nodes
Transition 18: 126 BDD nodes
Transition 19: 32 BDD nodes
Transition 20: 36 BDD nodes
Transition 21: 23251 BDD nodes
Transition 22: 18676 BDD nodes
Transition 23: 3454 BDD nodes
Transition 24: 138 BDD nodes
Transition 25: 32 BDD nodes
Transition 26: 36 BDD nodes
Transition 27: 37856 BDD nodes
Transition 28: 34975 BDD nodes
Transition 29: 4887 BDD nodes
Transition 30: 32 BDD nodes
Transition 31: 257 BDD nodes
Level 1... done.
Level 2... done.
PAR Time: 0.206148
Final states: 0 states
Final states: 0 BDD nodes
[1469279340.491042] [node065:8673 :0]         sys.c:744  MXM  WARN  Conflicting CPU frequencies detected, using: 1794.84
[1469279340.491616] [node062:14811:0]         sys.c:744  MXM  WARN  Conflicting CPU frequencies detected, using: 1798.97
[1469279340.488008] [node064:30894:0]         sys.c:744  MXM  WARN  Conflicting CPU frequencies detected, using: 1794.84
[1469279340.483280] [node059:1069 :0]         sys.c:744  MXM  WARN  Conflicting CPU frequencies detected, using: 1799.25
[1469279340.128667] [node058:24848:0]         sys.c:744  MXM  WARN  Conflicting CPU frequencies detected, using: 2197.31
[1469279340.491122] [node063:17821:0]         sys.c:744  MXM  WARN  Conflicting CPU frequencies detected, using: 1696.03
[1469279341.495308] [node060:15787:0]         sys.c:744  MXM  WARN  Conflicting CPU frequencies detected, using: 1797.47
[1469279340.498790] [node061:6161 :0]         sys.c:744  MXM  WARN  Conflicting CPU frequencies detected, using: 1796.34
[1469279340.109698] [node058:24804:0]         sys.c:744  MXM  WARN  Conflicting CPU frequencies detected, using: 2095.97
