performing reachability, flags: -n 64 -N 32 -shared-heap 8GB --tablesize=26 --cachesize=25  
This is upcrun, job spawner for the Berkeley UPC compiler (http://upc.lbl.gov).
upcrun version 2.22.2
Network conduits supported by this installation: smp mxm ibv
[1468027349.252431] [node009:27919:0]         sys.c:744  MXM  WARN  Conflicting CPU frequencies detected, using: 1795.59
[1468027349.263843] [node009:27919:0]         mxm.c:196  MXM  WARN  The 'ulimit -s' on the system is set to 'unlimited'. This may have negative performance implications. Please set the stack size to the default value (10240) 
[1468027349.252431] [node009:27919:0]         sys.c:744  MXM  WARN  Conflicting CPU frequencies detected, using: 1795.59
[1468027349.263072] [node009:27919:0]         mxm.c:196  MXM  WARN  The 'ulimit -s' on the system is set to 'unlimited'. This may have negative performance implications. Please set the stack size to the default value (10240) 
[1468027349.604508] [node016:14842:0]         sys.c:744  MXM  WARN  Conflicting CPU frequencies detected, using: 1897.59
[1468027349.610811] [node016:14842:0]         mxm.c:196  MXM  WARN  The 'ulimit -s' on the system is set to 'unlimited'. This may have negative performance implications. Please set the stack size to the default value (10240) 
[1468027349.604508] [node016:14842:0]         sys.c:744  MXM  WARN  Conflicting CPU frequencies detected, using: 1897.59
[1468027349.610505] [node016:14842:0]         mxm.c:196  MXM  WARN  The 'ulimit -s' on the system is set to 'unlimited'. This may have negative performance implications. Please set the stack size to the default value (10240) 
[1468027349.610766] [node029:29062:0]         sys.c:744  MXM  WARN  Conflicting CPU frequencies detected, using: 1798.22
[1468027349.617220] [node029:29062:0]         mxm.c:196  MXM  WARN  The 'ulimit -s' on the system is set to 'unlimited'. This may have negative performance implications. Please set the stack size to the default value (10240) 
[1468027349.613855] [node014:29108:0]         sys.c:744  MXM  WARN  Conflicting CPU frequencies detected, using: 1394.91
[1468027349.620365] [node014:29108:0]         mxm.c:196  MXM  WARN  The 'ulimit -s' on the system is set to 'unlimited'. This may have negative performance implications. Please set the stack size to the default value (10240) 
[1468027349.606130] [node057:18526:0]         sys.c:744  MXM  WARN  Conflicting CPU frequencies detected, using: 1494.66
[1468027349.612674] [node057:18526:0]         mxm.c:196  MXM  WARN  The 'ulimit -s' on the system is set to 'unlimited'. This may have negative performance implications. Please set the stack size to the default value (10240) 
[1468027349.602136] [node010:16101:0]         sys.c:744  MXM  WARN  Conflicting CPU frequencies detected, using: 2598.75
[1468027349.608030] [node010:16101:0]         mxm.c:196  MXM  WARN  The 'ulimit -s' on the system is set to 'unlimited'. This may have negative performance implications. Please set the stack size to the default value (10240) 
[1468027349.606130] [node057:18526:0]         sys.c:744  MXM  WARN  Conflicting CPU frequencies detected, using: 1494.66
[1468027349.612485] [node057:18526:0]         mxm.c:196  MXM  WARN  The 'ulimit -s' on the system is set to 'unlimited'. This may have negative performance implications. Please set the stack size to the default value (10240) 
[1468027349.613855] [node014:29108:0]         sys.c:744  MXM  WARN  Conflicting CPU frequencies detected, using: 1394.91
[1468027349.619947] [node014:29108:0]         mxm.c:196  MXM  WARN  The 'ulimit -s' on the system is set to 'unlimited'. This may have negative performance implications. Please set the stack size to the default value (10240) 
[1468027349.610720] [node019:29216:0]         sys.c:744  MXM  WARN  Conflicting CPU frequencies detected, using: 2284.69
[1468027349.617051] [node019:29216:0]         mxm.c:196  MXM  WARN  The 'ulimit -s' on the system is set to 'unlimited'. This may have negative performance implications. Please set the stack size to the default value (10240) 
[1468027349.602136] [node010:16101:0]         sys.c:744  MXM  WARN  Conflicting CPU frequencies detected, using: 2598.75
[1468027349.608249] [node010:16101:0]         mxm.c:196  MXM  WARN  The 'ulimit -s' on the system is set to 'unlimited'. This may have negative performance implications. Please set the stack size to the default value (10240) 
[1468027349.610346] [node063:6255 :0]         sys.c:744  MXM  WARN  Conflicting CPU frequencies detected, using: 1989.75
[1468027349.616735] [node063:6255 :0]         mxm.c:196  MXM  WARN  The 'ulimit -s' on the system is set to 'unlimited'. This may have negative performance implications. Please set the stack size to the default value (10240) 
[1468027349.610346] [node063:6255 :0]         sys.c:744  MXM  WARN  Conflicting CPU frequencies detected, using: 1989.75
[1468027349.616438] [node063:6255 :0]         mxm.c:196  MXM  WARN  The 'ulimit -s' on the system is set to 'unlimited'. This may have negative performance implications. Please set the stack size to the default value (10240) 
[1468027349.610720] [node019:29216:0]         sys.c:744  MXM  WARN  Conflicting CPU frequencies detected, using: 2284.69
[1468027349.616722] [node019:29216:0]         mxm.c:196  MXM  WARN  The 'ulimit -s' on the system is set to 'unlimited'. This may have negative performance implications. Please set the stack size to the default value (10240) 
[1468027349.610766] [node029:29062:0]         sys.c:744  MXM  WARN  Conflicting CPU frequencies detected, using: 1798.22
[1468027349.616629] [node029:29062:0]         mxm.c:196  MXM  WARN  The 'ulimit -s' on the system is set to 'unlimited'. This may have negative performance implications. Please set the stack size to the default value (10240) 
[1468027349.611519] [node058:17366:0]         sys.c:744  MXM  WARN  Conflicting CPU frequencies detected, using: 1797.19
[1468027349.617813] [node058:17366:0]         mxm.c:196  MXM  WARN  The 'ulimit -s' on the system is set to 'unlimited'. This may have negative performance implications. Please set the stack size to the default value (10240) 
[1468027349.611159] [node061:28481:0]         sys.c:744  MXM  WARN  Conflicting CPU frequencies detected, using: 1797.00
[1468027349.617242] [node061:28481:0]         mxm.c:196  MXM  WARN  The 'ulimit -s' on the system is set to 'unlimited'. This may have negative performance implications. Please set the stack size to the default value (10240) 
[1468027349.611159] [node061:28481:0]         sys.c:744  MXM  WARN  Conflicting CPU frequencies detected, using: 1797.00
[1468027349.617177] [node061:28481:0]         mxm.c:196  MXM  WARN  The 'ulimit -s' on the system is set to 'unlimited'. This may have negative performance implications. Please set the stack size to the default value (10240) 
[1468027349.617009] [node065:2808 :0]         sys.c:744  MXM  WARN  Conflicting CPU frequencies detected, using: 1893.94
[1468027349.623176] [node065:2808 :0]         mxm.c:196  MXM  WARN  The 'ulimit -s' on the system is set to 'unlimited'. This may have negative performance implications. Please set the stack size to the default value (10240) 
[1468027349.611519] [node058:17366:0]         sys.c:744  MXM  WARN  Conflicting CPU frequencies detected, using: 1797.19
[1468027349.617969] [node058:17366:0]         mxm.c:196  MXM  WARN  The 'ulimit -s' on the system is set to 'unlimited'. This may have negative performance implications. Please set the stack size to the default value (10240) 
[1468027349.617009] [node065:2808 :0]         sys.c:744  MXM  WARN  Conflicting CPU frequencies detected, using: 1893.94
[1468027349.622962] [node065:2808 :0]         mxm.c:196  MXM  WARN  The 'ulimit -s' on the system is set to 'unlimited'. This may have negative performance implications. Please set the stack size to the default value (10240) 
[1468027349.617315] [node021:28796:0]         sys.c:744  MXM  WARN  Conflicting CPU frequencies detected, using: 2057.34
[1468027349.623696] [node021:28796:0]         mxm.c:196  MXM  WARN  The 'ulimit -s' on the system is set to 'unlimited'. This may have negative performance implications. Please set the stack size to the default value (10240) 
[1468027349.617315] [node021:28796:0]         sys.c:744  MXM  WARN  Conflicting CPU frequencies detected, using: 2057.34
[1468027349.623445] [node021:28796:0]         mxm.c:196  MXM  WARN  The 'ulimit -s' on the system is set to 'unlimited'. This may have negative performance implications. Please set the stack size to the default value (10240) 
[1468027349.616048] [node060:22453:0]         sys.c:744  MXM  WARN  Conflicting CPU frequencies detected, using: 1897.22
[1468027349.622458] [node060:22453:0]         mxm.c:196  MXM  WARN  The 'ulimit -s' on the system is set to 'unlimited'. This may have negative performance implications. Please set the stack size to the default value (10240) 
[1468027349.616048] [node060:22453:0]         sys.c:744  MXM  WARN  Conflicting CPU frequencies detected, using: 1897.22
[1468027349.622196] [node060:22453:0]         mxm.c:196  MXM  WARN  The 'ulimit -s' on the system is set to 'unlimited'. This may have negative performance implications. Please set the stack size to the default value (10240) 
[1468027349.619574] [node059:20981:0]         sys.c:744  MXM  WARN  Conflicting CPU frequencies detected, using: 1697.06
[1468027349.626195] [node059:20981:0]         mxm.c:196  MXM  WARN  The 'ulimit -s' on the system is set to 'unlimited'. This may have negative performance implications. Please set the stack size to the default value (10240) 
[1468027349.619574] [node059:20981:0]         sys.c:744  MXM  WARN  Conflicting CPU frequencies detected, using: 1697.06
[1468027349.625701] [node059:20981:0]         mxm.c:196  MXM  WARN  The 'ulimit -s' on the system is set to 'unlimited'. This may have negative performance implications. Please set the stack size to the default value (10240) 
[1468027349.615388] [node053:25724:0]         sys.c:744  MXM  WARN  Conflicting CPU frequencies detected, using: 1799.06
[1468027349.621874] [node053:25724:0]         mxm.c:196  MXM  WARN  The 'ulimit -s' on the system is set to 'unlimited'. This may have negative performance implications. Please set the stack size to the default value (10240) 
[1468027349.615388] [node053:25724:0]         sys.c:744  MXM  WARN  Conflicting CPU frequencies detected, using: 1799.06
[1468027349.621489] [node053:25724:0]         mxm.c:196  MXM  WARN  The 'ulimit -s' on the system is set to 'unlimited'. This may have negative performance implications. Please set the stack size to the default value (10240) 
[1468027349.617857] [node067:7270 :0]         sys.c:744  MXM  WARN  Conflicting CPU frequencies detected, using: 1796.16
[1468027349.629241] [node067:7270 :0]         mxm.c:196  MXM  WARN  The 'ulimit -s' on the system is set to 'unlimited'. This may have negative performance implications. Please set the stack size to the default value (10240) 
[1468027349.606562] [node011:30308:0]         sys.c:744  MXM  WARN  Conflicting CPU frequencies detected, using: 1596.00
[1468027349.617804] [node011:30308:0]         mxm.c:196  MXM  WARN  The 'ulimit -s' on the system is set to 'unlimited'. This may have negative performance implications. Please set the stack size to the default value (10240) 
[1468027349.606562] [node011:30308:0]         sys.c:744  MXM  WARN  Conflicting CPU frequencies detected, using: 1596.00
[1468027349.618561] [node011:30308:0]         mxm.c:196  MXM  WARN  The 'ulimit -s' on the system is set to 'unlimited'. This may have negative performance implications. Please set the stack size to the default value (10240) 
[1468027349.610566] [node023:3548 :0]         sys.c:744  MXM  WARN  Conflicting CPU frequencies detected, using: 1699.31
[1468027349.622869] [node023:3548 :0]         mxm.c:196  MXM  WARN  The 'ulimit -s' on the system is set to 'unlimited'. This may have negative performance implications. Please set the stack size to the default value (10240) 
[1468027349.612084] [node012:20097:0]         sys.c:744  MXM  WARN  Conflicting CPU frequencies detected, using: 1796.16
[1468027349.623876] [node012:20097:0]         mxm.c:196  MXM  WARN  The 'ulimit -s' on the system is set to 'unlimited'. This may have negative performance implications. Please set the stack size to the default value (10240) 
[1468027349.609999] [node066:5565 :0]         sys.c:744  MXM  WARN  Conflicting CPU frequencies detected, using: 1596.47
[1468027349.621031] [node066:5565 :0]         mxm.c:196  MXM  WARN  The 'ulimit -s' on the system is set to 'unlimited'. This may have negative performance implications. Please set the stack size to the default value (10240) 
[1468027349.607356] [node013:7018 :0]         sys.c:744  MXM  WARN  Conflicting CPU frequencies detected, using: 1698.28
[1468027349.619349] [node013:7018 :0]         mxm.c:196  MXM  WARN  The 'ulimit -s' on the system is set to 'unlimited'. This may have negative performance implications. Please set the stack size to the default value (10240) 
[1468027349.617857] [node067:7270 :0]         sys.c:744  MXM  WARN  Conflicting CPU frequencies detected, using: 1796.16
[1468027349.630004] [node067:7270 :0]         mxm.c:196  MXM  WARN  The 'ulimit -s' on the system is set to 'unlimited'. This may have negative performance implications. Please set the stack size to the default value (10240) 
[1468027349.609999] [node066:5565 :0]         sys.c:744  MXM  WARN  Conflicting CPU frequencies detected, using: 1596.47
[1468027349.621785] [node066:5565 :0]         mxm.c:196  MXM  WARN  The 'ulimit -s' on the system is set to 'unlimited'. This may have negative performance implications. Please set the stack size to the default value (10240) 
[1468027349.612534] [node015:21771:0]         sys.c:744  MXM  WARN  Conflicting CPU frequencies detected, using: 1810.88
[1468027349.623723] [node015:21771:0]         mxm.c:196  MXM  WARN  The 'ulimit -s' on the system is set to 'unlimited'. This may have negative performance implications. Please set the stack size to the default value (10240) 
[1468027349.612534] [node015:21771:0]         sys.c:744  MXM  WARN  Conflicting CPU frequencies detected, using: 1810.88
[1468027349.624521] [node015:21771:0]         mxm.c:196  MXM  WARN  The 'ulimit -s' on the system is set to 'unlimited'. This may have negative performance implications. Please set the stack size to the default value (10240) 
[1468027349.605060] [node022:27623:0]         sys.c:744  MXM  WARN  Conflicting CPU frequencies detected, using: 1895.06
[1468027349.616162] [node022:27623:0]         mxm.c:196  MXM  WARN  The 'ulimit -s' on the system is set to 'unlimited'. This may have negative performance implications. Please set the stack size to the default value (10240) 
[1468027349.605060] [node022:27623:0]         sys.c:744  MXM  WARN  Conflicting CPU frequencies detected, using: 1895.06
[1468027349.617226] [node022:27623:0]         mxm.c:196  MXM  WARN  The 'ulimit -s' on the system is set to 'unlimited'. This may have negative performance implications. Please set the stack size to the default value (10240) 
[1468027349.599395] [node017:10391:0]         sys.c:744  MXM  WARN  Conflicting CPU frequencies detected, using: 2278.31
[1468027349.610572] [node017:10391:0]         mxm.c:196  MXM  WARN  The 'ulimit -s' on the system is set to 'unlimited'. This may have negative performance implications. Please set the stack size to the default value (10240) 
[1468027349.599395] [node017:10391:0]         sys.c:744  MXM  WARN  Conflicting CPU frequencies detected, using: 2278.31
[1468027349.611290] [node017:10391:0]         mxm.c:196  MXM  WARN  The 'ulimit -s' on the system is set to 'unlimited'. This may have negative performance implications. Please set the stack size to the default value (10240) 
[1468027349.599821] [node020:15935:0]         sys.c:744  MXM  WARN  Conflicting CPU frequencies detected, using: 2412.56
[1468027349.611058] [node020:15935:0]         mxm.c:196  MXM  WARN  The 'ulimit -s' on the system is set to 'unlimited'. This may have negative performance implications. Please set the stack size to the default value (10240) 
[1468027349.599821] [node020:15935:0]         sys.c:744  MXM  WARN  Conflicting CPU frequencies detected, using: 2412.56
[1468027349.611800] [node020:15935:0]         mxm.c:196  MXM  WARN  The 'ulimit -s' on the system is set to 'unlimited'. This may have negative performance implications. Please set the stack size to the default value (10240) 
[1468027349.617308] [node054:29858:0]         sys.c:744  MXM  WARN  Conflicting CPU frequencies detected, using: 1698.00
[1468027349.629137] [node054:29858:0]         mxm.c:196  MXM  WARN  The 'ulimit -s' on the system is set to 'unlimited'. This may have negative performance implications. Please set the stack size to the default value (10240) 
[1468027349.613365] [node064:11763:0]         sys.c:744  MXM  WARN  Conflicting CPU frequencies detected, using: 1893.19
[1468027349.625024] [node064:11763:0]         mxm.c:196  MXM  WARN  The 'ulimit -s' on the system is set to 'unlimited'. This may have negative performance implications. Please set the stack size to the default value (10240) 
[1468027349.609330] [node055:23650:0]         sys.c:744  MXM  WARN  Conflicting CPU frequencies detected, using: 1299.94
[1468027349.621403] [node055:23650:0]         mxm.c:196  MXM  WARN  The 'ulimit -s' on the system is set to 'unlimited'. This may have negative performance implications. Please set the stack size to the default value (10240) 
[1468027349.609330] [node055:23650:0]         sys.c:744  MXM  WARN  Conflicting CPU frequencies detected, using: 1299.94
[1468027349.620400] [node055:23650:0]         mxm.c:196  MXM  WARN  The 'ulimit -s' on the system is set to 'unlimited'. This may have negative performance implications. Please set the stack size to the default value (10240) 
[1468027349.604431] [node068:5159 :0]         sys.c:744  MXM  WARN  Conflicting CPU frequencies detected, using: 1755.56
[1468027349.616205] [node068:5159 :0]         mxm.c:196  MXM  WARN  The 'ulimit -s' on the system is set to 'unlimited'. This may have negative performance implications. Please set the stack size to the default value (10240) 
[1468027349.604431] [node068:5159 :0]         sys.c:744  MXM  WARN  Conflicting CPU frequencies detected, using: 1755.56
[1468027349.615445] [node068:5159 :0]         mxm.c:196  MXM  WARN  The 'ulimit -s' on the system is set to 'unlimited'. This may have negative performance implications. Please set the stack size to the default value (10240) 
[1468027349.615287] [node056:21757:0]         sys.c:744  MXM  WARN  Conflicting CPU frequencies detected, using: 1794.84
[1468027349.626792] [node056:21757:0]         mxm.c:196  MXM  WARN  The 'ulimit -s' on the system is set to 'unlimited'. This may have negative performance implications. Please set the stack size to the default value (10240) 
[1468027349.615287] [node056:21757:0]         sys.c:744  MXM  WARN  Conflicting CPU frequencies detected, using: 1794.84
[1468027349.627563] [node056:21757:0]         mxm.c:196  MXM  WARN  The 'ulimit -s' on the system is set to 'unlimited'. This may have negative performance implications. Please set the stack size to the default value (10240) 
[1468027349.619705] [node018:379  :0]         sys.c:744  MXM  WARN  Conflicting CPU frequencies detected, using: 1799.25
[1468027349.631807] [node018:379  :0]         mxm.c:196  MXM  WARN  The 'ulimit -s' on the system is set to 'unlimited'. This may have negative performance implications. Please set the stack size to the default value (10240) 
[1468027349.616157] [node062:31798:0]         sys.c:744  MXM  WARN  Conflicting CPU frequencies detected, using: 1799.34
[1468027349.628055] [node062:31798:0]         mxm.c:196  MXM  WARN  The 'ulimit -s' on the system is set to 'unlimited'. This may have negative performance implications. Please set the stack size to the default value (10240) 
[1468027349.612084] [node012:20097:0]         sys.c:744  MXM  WARN  Conflicting CPU frequencies detected, using: 1796.16
[1468027349.623107] [node012:20097:0]         mxm.c:196  MXM  WARN  The 'ulimit -s' on the system is set to 'unlimited'. This may have negative performance implications. Please set the stack size to the default value (10240) 
[1468027349.619705] [node018:379  :0]         sys.c:744  MXM  WARN  Conflicting CPU frequencies detected, using: 1799.25
[1468027349.630822] [node018:379  :0]         mxm.c:196  MXM  WARN  The 'ulimit -s' on the system is set to 'unlimited'. This may have negative performance implications. Please set the stack size to the default value (10240) 
[1468027349.613365] [node064:11763:0]         sys.c:744  MXM  WARN  Conflicting CPU frequencies detected, using: 1893.19
[1468027349.624285] [node064:11763:0]         mxm.c:196  MXM  WARN  The 'ulimit -s' on the system is set to 'unlimited'. This may have negative performance implications. Please set the stack size to the default value (10240) 
[1468027349.607356] [node013:7018 :0]         sys.c:744  MXM  WARN  Conflicting CPU frequencies detected, using: 1698.28
[1468027349.618599] [node013:7018 :0]         mxm.c:196  MXM  WARN  The 'ulimit -s' on the system is set to 'unlimited'. This may have negative performance implications. Please set the stack size to the default value (10240) 
[1468027349.617308] [node054:29858:0]         sys.c:744  MXM  WARN  Conflicting CPU frequencies detected, using: 1698.00
[1468027349.628183] [node054:29858:0]         mxm.c:196  MXM  WARN  The 'ulimit -s' on the system is set to 'unlimited'. This may have negative performance implications. Please set the stack size to the default value (10240) 
[1468027349.610566] [node023:3548 :0]         sys.c:744  MXM  WARN  Conflicting CPU frequencies detected, using: 1699.31
[1468027349.621868] [node023:3548 :0]         mxm.c:196  MXM  WARN  The 'ulimit -s' on the system is set to 'unlimited'. This may have negative performance implications. Please set the stack size to the default value (10240) 
[1468027349.616157] [node062:31798:0]         sys.c:744  MXM  WARN  Conflicting CPU frequencies detected, using: 1799.34
[1468027349.627109] [node062:31798:0]         mxm.c:196  MXM  WARN  The 'ulimit -s' on the system is set to 'unlimited'. This may have negative performance implications. Please set the stack size to the default value (10240) 
UPCR: UPC thread  0 of 64 on node009 (pshm node  0 of 32, process  0 of 64, pid=27951)
UPCR: UPC thread  1 of 64 on node009 (pshm node  0 of 32, process  1 of 64, pid=27952)
UPCR: UPC thread  5 of 64 on node011 (pshm node  2 of 32, process  5 of 64, pid=30351)
UPCR: UPC thread  4 of 64 on node011 (pshm node  2 of 32, process  4 of 64, pid=30350)
UPCR: UPC thread 54 of 64 on node064 (pshm node 27 of 32, process 54 of 64, pid=11805)
UPCR: UPC thread 55 of 64 on node064 (pshm node 27 of 32, process 55 of 64, pid=11806)
UPCR: UPC thread  7 of 64 on node012 (pshm node  3 of 32, process  7 of 64, pid=20140)
UPCR: UPC thread  6 of 64 on node012 (pshm node  3 of 32, process  6 of 64, pid=20139)
UPCR: UPC thread 37 of 64 on node055 (pshm node 18 of 32, process 37 of 64, pid=23693)
UPCR: UPC thread 36 of 64 on node055 (pshm node 18 of 32, process 36 of 64, pid=23692)
UPCR: UPC thread 21 of 64 on node019 (pshm node 10 of 32, process 21 of 64, pid=29259)
UPCR: UPC thread 20 of 64 on node019 (pshm node 10 of 32, process 20 of 64, pid=29258)
UPCR: UPC thread 29 of 64 on node023 (pshm node 14 of 32, process 29 of 64, pid=3591)
UPCR: UPC thread 28 of 64 on node023 (pshm node 14 of 32, process 28 of 64, pid=3590)
UPCR: UPC thread 27 of 64 on node022 (pshm node 13 of 32, process 27 of 64, pid=27666)
UPCR: UPC thread 26 of 64 on node022 (pshm node 13 of 32, process 26 of 64, pid=27665)
UPCR: UPC thread 39 of 64 on node056 (pshm node 19 of 32, process 39 of 64, pid=21802)
UPCR: UPC thread 38 of 64 on node056 (pshm node 19 of 32, process 38 of 64, pid=21801)
UPCR: UPC thread 61 of 64 on node067 (pshm node 30 of 32, process 61 of 64, pid=7313)
UPCR: UPC thread 60 of 64 on node067 (pshm node 30 of 32, process 60 of 64, pid=7312)
UPCR: UPC thread 51 of 64 on node062 (pshm node 25 of 32, process 51 of 64, pid=31841)
UPCR: UPC thread 50 of 64 on node062 (pshm node 25 of 32, process 50 of 64, pid=31840)
UPCR: UPC thread 19 of 64 on node018 (pshm node  9 of 32, process 19 of 64, pid=439)
UPCR: UPC thread 18 of 64 on node018 (pshm node  9 of 32, process 18 of 64, pid=437)
UPCR: UPC thread 59 of 64 on node066 (pshm node 29 of 32, process 59 of 64, pid=5608)
UPCR: UPC thread 58 of 64 on node066 (pshm node 29 of 32, process 58 of 64, pid=5607)
UPCR: UPC thread 53 of 64 on node063 (pshm node 26 of 32, process 53 of 64, pid=6298)
UPCR: UPC thread 52 of 64 on node063 (pshm node 26 of 32, process 52 of 64, pid=6297)
UPCR: UPC thread 45 of 64 on node059 (pshm node 22 of 32, process 45 of 64, pid=21024)
UPCR: UPC thread 44 of 64 on node059 (pshm node 22 of 32, process 44 of 64, pid=21023)
UPCR: UPC thread 25 of 64 on node021 (pshm node 12 of 32, process 25 of 64, pid=28839)
UPCR: UPC thread 24 of 64 on node021 (pshm node 12 of 32, process 24 of 64, pid=28838)
UPCR: UPC thread 31 of 64 on node029 (pshm node 15 of 32, process 31 of 64, pid=29105)
UPCR: UPC thread 30 of 64 on node029 (pshm node 15 of 32, process 30 of 64, pid=29104)
UPCR: UPC thread 40 of 64 on node057 (pshm node 20 of 32, process 40 of 64, pid=18568)
UPCR: UPC thread 41 of 64 on node057 (pshm node 20 of 32, process 41 of 64, pid=18569)
UPCR: UPC thread 48 of 64 on node061 (pshm node 24 of 32, process 48 of 64, pid=28523)
UPCR: UPC thread 49 of 64 on node061 (pshm node 24 of 32, process 49 of 64, pid=28524)
UPCR: UPC thread 42 of 64 on node058 (pshm node 21 of 32, process 42 of 64, pid=17408)
UPCR: UPC thread 43 of 64 on node058 (pshm node 21 of 32, process 43 of 64, pid=17409)
UPCR: UPC thread 33 of 64 on node053 (pshm node 16 of 32, process 33 of 64, pid=25767)
UPCR: UPC thread 32 of 64 on node053 (pshm node 16 of 32, process 32 of 64, pid=25766)
UPCR: UPC thread 35 of 64 on node054 (pshm node 17 of 32, process 35 of 64, pid=29901)
UPCR: UPC thread 34 of 64 on node054 (pshm node 17 of 32, process 34 of 64, pid=29900)
UPCR: UPC thread 11 of 64 on node014 (pshm node  5 of 32, process 11 of 64, pid=29151)
UPCR: UPC thread 10 of 64 on node014 (pshm node  5 of 32, process 10 of 64, pid=29150)
UPCR: UPC thread 15 of 64 on node016 (pshm node  7 of 32, process 15 of 64, pid=14885)
UPCR: UPC thread 14 of 64 on node016 (pshm node  7 of 32, process 14 of 64, pid=14884)
UPCR: UPC thread  9 of 64 on node013 (pshm node  4 of 32, process  9 of 64, pid=7061)
UPCR: UPC thread  8 of 64 on node013 (pshm node  4 of 32, process  8 of 64, pid=7060)
UPCR: UPC thread 17 of 64 on node017 (pshm node  8 of 32, process 17 of 64, pid=10434)
UPCR: UPC thread 16 of 64 on node017 (pshm node  8 of 32, process 16 of 64, pid=10433)
UPCR: UPC thread 57 of 64 on node065 (pshm node 28 of 32, process 57 of 64, pid=2851)
UPCR: UPC thread 56 of 64 on node065 (pshm node 28 of 32, process 56 of 64, pid=2850)
UPCR: UPC thread 22 of 64 on node020 (pshm node 11 of 32, process 22 of 64, pid=15977)
UPCR: UPC thread 23 of 64 on node020 (pshm node 11 of 32, process 23 of 64, pid=15978)
UPCR: UPC thread  3 of 64 on node010 (pshm node  1 of 32, process  3 of 64, pid=16144)
UPCR: UPC thread  2 of 64 on node010 (pshm node  1 of 32, process  2 of 64, pid=16143)
UPCR: UPC thread 47 of 64 on node060 (pshm node 23 of 32, process 47 of 64, pid=22496)
UPCR: UPC thread 46 of 64 on node060 (pshm node 23 of 32, process 46 of 64, pid=22495)
UPCR: UPC thread 13 of 64 on node015 (pshm node  6 of 32, process 13 of 64, pid=21814)
UPCR: UPC thread 12 of 64 on node015 (pshm node  6 of 32, process 12 of 64, pid=21813)
UPCR: UPC thread 63 of 64 on node068 (pshm node 31 of 32, process 63 of 64, pid=5202)
UPCR: UPC thread 62 of 64 on node068 (pshm node 31 of 32, process 62 of 64, pid=5201)
using a cache granularity of 8
using linear probing in the BDD table
using a memoization table of 2^25 = 33554432 entries (~1280 MB) per thread
using a BDD table of 2^26 = 67108864 entries (~1536 MB) per thread
Initializing /home/oortwijn/distdd/models/beem/bakery.4.bdd!
vector size: 15
bits per integer: 3
number of BDD variables: 45
Loading initial states: 
Initial states loaded... 
Loading transition relations... 
15 integers per state, 3 bits per integer, 24 transition groups
BDD nodes:
Initial states: 45 BDD nodes
Transition 0: 31 BDD nodes
Transition 1: 656 BDD nodes
Transition 2: 135 BDD nodes
Transition 3: 323 BDD nodes
Transition 4: 305 BDD nodes
Transition 5: 25 BDD nodes
Transition 6: 93 BDD nodes
Transition 7: 28 BDD nodes
Transition 8: 137 BDD nodes
Transition 9: 25 BDD nodes
Transition 10: 122 BDD nodes
Transition 11: 25 BDD nodes
Transition 12: 31 BDD nodes
Transition 13: 1033 BDD nodes
Transition 14: 923 BDD nodes
Transition 15: 384 BDD nodes
Transition 16: 74 BDD nodes
Transition 17: 28 BDD nodes
Transition 18: 31 BDD nodes
Transition 19: 820 BDD nodes
Transition 20: 761 BDD nodes
Transition 21: 340 BDD nodes
Transition 22: 106 BDD nodes
Transition 23: 28 BDD nodes
Level 1... done.
Level 2... done.
PAR Time: 0.007106
Final states: 35184372088832 states
Final states: 0 BDD nodes
[1468027349.617308] [node054:29858:0]         sys.c:744  MXM  WARN  Conflicting CPU frequencies detected, using: 1698.00
[1468027349.610766] [node029:29062:0]         sys.c:744  MXM  WARN  Conflicting CPU frequencies detected, using: 1798.22
[1468027349.617009] [node065:2808 :0]         sys.c:744  MXM  WARN  Conflicting CPU frequencies detected, using: 1893.94
[1468027349.599395] [node017:10391:0]         sys.c:744  MXM  WARN  Conflicting CPU frequencies detected, using: 2278.31
[1468027349.613365] [node064:11763:0]         sys.c:744  MXM  WARN  Conflicting CPU frequencies detected, using: 1893.19
[1468027349.615287] [node056:21757:0]         sys.c:744  MXM  WARN  Conflicting CPU frequencies detected, using: 1794.84
[1468027349.617857] [node067:7270 :0]         sys.c:744  MXM  WARN  Conflicting CPU frequencies detected, using: 1796.16
[1468027349.604431] [node068:5159 :0]         sys.c:744  MXM  WARN  Conflicting CPU frequencies detected, using: 1755.56
[1468027349.609330] [node055:23650:0]         sys.c:744  MXM  WARN  Conflicting CPU frequencies detected, using: 1299.94
[1468027349.611159] [node061:28481:0]         sys.c:744  MXM  WARN  Conflicting CPU frequencies detected, using: 1797.00
[1468027349.616157] [node062:31798:0]         sys.c:744  MXM  WARN  Conflicting CPU frequencies detected, using: 1799.34
[1468027349.606130] [node057:18526:0]         sys.c:744  MXM  WARN  Conflicting CPU frequencies detected, using: 1494.66
[1468027349.616048] [node060:22453:0]         sys.c:744  MXM  WARN  Conflicting CPU frequencies detected, using: 1897.22
[1468027349.612534] [node015:21771:0]         sys.c:744  MXM  WARN  Conflicting CPU frequencies detected, using: 1810.88
[1468027349.619705] [node018:379  :0]         sys.c:744  MXM  WARN  Conflicting CPU frequencies detected, using: 1799.25
[1468027349.609999] [node066:5565 :0]         sys.c:744  MXM  WARN  Conflicting CPU frequencies detected, using: 1596.47
[1468027349.612084] [node012:20097:0]         sys.c:744  MXM  WARN  Conflicting CPU frequencies detected, using: 1796.16
[1468027349.605060] [node022:27623:0]         sys.c:744  MXM  WARN  Conflicting CPU frequencies detected, using: 1895.06
[1468027349.610346] [node063:6255 :0]         sys.c:744  MXM  WARN  Conflicting CPU frequencies detected, using: 1989.75
[1468027349.611519] [node058:17366:0]         sys.c:744  MXM  WARN  Conflicting CPU frequencies detected, using: 1797.19
[1468027349.599821] [node020:15935:0]         sys.c:744  MXM  WARN  Conflicting CPU frequencies detected, using: 2412.56
[1468027349.613855] [node014:29108:0]         sys.c:744  MXM  WARN  Conflicting CPU frequencies detected, using: 1394.91
[1468027349.252431] [node009:27919:0]         sys.c:744  MXM  WARN  Conflicting CPU frequencies detected, using: 1795.59
[1468027349.619574] [node059:20981:0]         sys.c:744  MXM  WARN  Conflicting CPU frequencies detected, using: 1697.06
[1468027349.610566] [node023:3548 :0]         sys.c:744  MXM  WARN  Conflicting CPU frequencies detected, using: 1699.31
[1468027349.615388] [node053:25724:0]         sys.c:744  MXM  WARN  Conflicting CPU frequencies detected, using: 1799.06
[1468027349.602136] [node010:16101:0]         sys.c:744  MXM  WARN  Conflicting CPU frequencies detected, using: 2598.75
[1468027349.617315] [node021:28796:0]         sys.c:744  MXM  WARN  Conflicting CPU frequencies detected, using: 2057.34
[1468027349.607356] [node013:7018 :0]         sys.c:744  MXM  WARN  Conflicting CPU frequencies detected, using: 1698.28
[1468027349.604508] [node016:14842:0]         sys.c:744  MXM  WARN  Conflicting CPU frequencies detected, using: 1897.59
[1468027349.610720] [node019:29216:0]         sys.c:744  MXM  WARN  Conflicting CPU frequencies detected, using: 2284.69
[1468027349.606562] [node011:30308:0]         sys.c:744  MXM  WARN  Conflicting CPU frequencies detected, using: 1596.00
[1468027349.227403] [node009:27875:0]         sys.c:744  MXM  WARN  Conflicting CPU frequencies detected, using: 1596.84
