performing reachability, flags: -n 8 -N 1 -shared-heap 2GB --tablesize=24 --cachesize=23 --quadratic-probing--chunk-size=8 
This is upcrun, job spawner for the Berkeley UPC compiler (http://upc.lbl.gov).
upcrun version 2.22.2
Network conduits supported by this installation: smp mxm ibv
[1468074547.351971] [node010:25714:0]         sys.c:744  MXM  WARN  Conflicting CPU frequencies detected, using: 1499.25
[1468074547.359974] [node010:25714:0]         mxm.c:196  MXM  WARN  The 'ulimit -s' on the system is set to 'unlimited'. This may have negative performance implications. Please set the stack size to the default value (10240) 
[1468074547.351971] [node010:25714:0]         sys.c:744  MXM  WARN  Conflicting CPU frequencies detected, using: 1499.25
[1468074547.358223] [node010:25714:0]         mxm.c:196  MXM  WARN  The 'ulimit -s' on the system is set to 'unlimited'. This may have negative performance implications. Please set the stack size to the default value (10240) 
[1468074547.351971] [node010:25714:0]         sys.c:744  MXM  WARN  Conflicting CPU frequencies detected, using: 1499.25
[1468074547.358932] [node010:25714:0]         mxm.c:196  MXM  WARN  The 'ulimit -s' on the system is set to 'unlimited'. This may have negative performance implications. Please set the stack size to the default value (10240) 
[1468074547.351971] [node010:25714:0]         sys.c:744  MXM  WARN  Conflicting CPU frequencies detected, using: 1499.25
[1468074547.360851] [node010:25714:0]         mxm.c:196  MXM  WARN  The 'ulimit -s' on the system is set to 'unlimited'. This may have negative performance implications. Please set the stack size to the default value (10240) 
[1468074547.351971] [node010:25714:0]         sys.c:744  MXM  WARN  Conflicting CPU frequencies detected, using: 1499.25
[1468074547.359483] [node010:25714:0]         mxm.c:196  MXM  WARN  The 'ulimit -s' on the system is set to 'unlimited'. This may have negative performance implications. Please set the stack size to the default value (10240) 
[1468074547.351971] [node010:25714:0]         sys.c:744  MXM  WARN  Conflicting CPU frequencies detected, using: 1499.25
[1468074547.359143] [node010:25714:0]         mxm.c:196  MXM  WARN  The 'ulimit -s' on the system is set to 'unlimited'. This may have negative performance implications. Please set the stack size to the default value (10240) 
[1468074547.351971] [node010:25714:0]         sys.c:744  MXM  WARN  Conflicting CPU frequencies detected, using: 1499.25
[1468074547.360055] [node010:25714:0]         mxm.c:196  MXM  WARN  The 'ulimit -s' on the system is set to 'unlimited'. This may have negative performance implications. Please set the stack size to the default value (10240) 
[1468074547.351971] [node010:25714:0]         sys.c:744  MXM  WARN  Conflicting CPU frequencies detected, using: 1499.25
[1468074547.359868] [node010:25714:0]         mxm.c:196  MXM  WARN  The 'ulimit -s' on the system is set to 'unlimited'. This may have negative performance implications. Please set the stack size to the default value (10240) 
UPCR: UPC thread 0 of 8 on node010 (pshm node 0 of 1, process 0 of 8, pid=25715)
UPCR: UPC thread 3 of 8 on node010 (pshm node 0 of 1, process 3 of 8, pid=25718)
UPCR: UPC thread 5 of 8 on node010 (pshm node 0 of 1, process 5 of 8, pid=25720)
UPCR: UPC thread 6 of 8 on node010 (pshm node 0 of 1, process 6 of 8, pid=25721)
UPCR: UPC thread 2 of 8 on node010 (pshm node 0 of 1, process 2 of 8, pid=25717)
UPCR: UPC thread 4 of 8 on node010 (pshm node 0 of 1, process 4 of 8, pid=25719)
UPCR: UPC thread 1 of 8 on node010 (pshm node 0 of 1, process 1 of 8, pid=25716)
UPCR: UPC thread 7 of 8 on node010 (pshm node 0 of 1, process 7 of 8, pid=25723)
using a cache granularity of 8
using linear probing in the BDD table
using a memoization table of 2^23 = 8388608 entries (~320 MB) per thread
using a BDD table of 2^24 = 16777216 entries (~384 MB) per thread
Initializing /home/oortwijn/distdd/models/beem/bakery.6.bdd!
vector size: 20
bits per integer: 3
number of BDD variables: 60
Loading initial states: 
Initial states loaded... 
Loading transition relations... 
20 integers per state, 3 bits per integer, 32 transition groups
BDD nodes:
Initial states: 60 BDD nodes
Transition 0: 31 BDD nodes
Transition 1: 1067 BDD nodes
Transition 2: 118 BDD nodes
Transition 3: 578 BDD nodes
Transition 4: 633 BDD nodes
Transition 5: 25 BDD nodes
Transition 6: 132 BDD nodes
Transition 7: 28 BDD nodes
Transition 8: 107 BDD nodes
Transition 9: 25 BDD nodes
Transition 10: 107 BDD nodes
Transition 11: 25 BDD nodes
Transition 12: 119 BDD nodes
Transition 13: 25 BDD nodes
Transition 14: 31 BDD nodes
Transition 15: 2933 BDD nodes
Transition 16: 2541 BDD nodes
Transition 17: 603 BDD nodes
Transition 18: 100 BDD nodes
Transition 19: 28 BDD nodes
Transition 20: 31 BDD nodes
Transition 21: 2773 BDD nodes
Transition 22: 2172 BDD nodes
Transition 23: 637 BDD nodes
Transition 24: 108 BDD nodes
Transition 25: 28 BDD nodes
Transition 26: 31 BDD nodes
Transition 27: 4191 BDD nodes
Transition 28: 3121 BDD nodes
Transition 29: 1358 BDD nodes
Transition 30: 28 BDD nodes
Transition 31: 195 BDD nodes
Level 1... done.
Level 2... done.
PAR Time: 0.011053
Final states: 1152921504606846976 states
Final states: 0 BDD nodes
[1468074547.351971] [node010:25714:0]         sys.c:744  MXM  WARN  Conflicting CPU frequencies detected, using: 1499.25
[1468074547.332863] [node010:25670:0]         sys.c:744  MXM  WARN  Conflicting CPU frequencies detected, using: 1499.25
