performing reachability, flags: -n 8 -N 8 -shared-heap 16GB --tablesize=27 --cachesize=26  
This is upcrun, job spawner for the Berkeley UPC compiler (http://upc.lbl.gov).
upcrun version 2.22.2
Network conduits supported by this installation: smp mxm ibv
[1467985741.569296] [node012:17463:0]         sys.c:744  MXM  WARN  Conflicting CPU frequencies detected, using: 2197.78
[1467985741.577652] [node012:17463:0]         mxm.c:196  MXM  WARN  The 'ulimit -s' on the system is set to 'unlimited'. This may have negative performance implications. Please set the stack size to the default value (10240) 
[1467985741.923452] [node017:15998:0]         sys.c:744  MXM  WARN  Conflicting CPU frequencies detected, using: 1395.66
[1467985741.932616] [node017:15998:0]         mxm.c:196  MXM  WARN  The 'ulimit -s' on the system is set to 'unlimited'. This may have negative performance implications. Please set the stack size to the default value (10240) 
[1467985741.921854] [node013:5815 :0]         sys.c:744  MXM  WARN  Conflicting CPU frequencies detected, using: 2268.75
[1467985741.930887] [node013:5815 :0]         mxm.c:196  MXM  WARN  The 'ulimit -s' on the system is set to 'unlimited'. This may have negative performance implications. Please set the stack size to the default value (10240) 
[1467985741.926080] [node014:29846:0]         sys.c:744  MXM  WARN  Conflicting CPU frequencies detected, using: 1899.75
[1467985741.932328] [node014:29846:0]         mxm.c:196  MXM  WARN  The 'ulimit -s' on the system is set to 'unlimited'. This may have negative performance implications. Please set the stack size to the default value (10240) 
[1467985741.896104] [node015:25530:0]         sys.c:744  MXM  WARN  Conflicting CPU frequencies detected, using: 2398.22
[1467985741.904821] [node015:25530:0]         mxm.c:196  MXM  WARN  The 'ulimit -s' on the system is set to 'unlimited'. This may have negative performance implications. Please set the stack size to the default value (10240) 
[1467985741.924754] [node018:8398 :0]         sys.c:744  MXM  WARN  Conflicting CPU frequencies detected, using: 1563.38
[1467985741.933522] [node018:8398 :0]         mxm.c:196  MXM  WARN  The 'ulimit -s' on the system is set to 'unlimited'. This may have negative performance implications. Please set the stack size to the default value (10240) 
[1467985741.923978] [node016:18631:0]         sys.c:744  MXM  WARN  Conflicting CPU frequencies detected, using: 1663.12
[1467985741.930225] [node016:18631:0]         mxm.c:196  MXM  WARN  The 'ulimit -s' on the system is set to 'unlimited'. This may have negative performance implications. Please set the stack size to the default value (10240) 
[1467985741.933312] [node019:3308 :0]         sys.c:744  MXM  WARN  Conflicting CPU frequencies detected, using: 1733.81
[1467985741.939487] [node019:3308 :0]         mxm.c:196  MXM  WARN  The 'ulimit -s' on the system is set to 'unlimited'. This may have negative performance implications. Please set the stack size to the default value (10240) 
UPCR: UPC thread 0 of 8 on node012 (pshm node 0 of 8, process 0 of 8, pid=17471)
UPCR: UPC thread 3 of 8 on node015 (pshm node 3 of 8, process 3 of 8, pid=25572)
UPCR: UPC thread 2 of 8 on node014 (pshm node 2 of 8, process 2 of 8, pid=29888)
UPCR: UPC thread 7 of 8 on node019 (pshm node 7 of 8, process 7 of 8, pid=3350)
UPCR: UPC thread 1 of 8 on node013 (pshm node 1 of 8, process 1 of 8, pid=5857)
UPCR: UPC thread 6 of 8 on node018 (pshm node 6 of 8, process 6 of 8, pid=8440)
UPCR: UPC thread 5 of 8 on node017 (pshm node 5 of 8, process 5 of 8, pid=16040)
UPCR: UPC thread 4 of 8 on node016 (pshm node 4 of 8, process 4 of 8, pid=18675)
using a cache granularity of 8
using linear probing in the BDD table
using a memoization table of 2^26 = 67108864 entries (~2560 MB) per thread
using a BDD table of 2^27 = 134217728 entries (~3072 MB) per thread
Initializing /home/oortwijn/distdd/models/beem/blocks.2.bdd!
vector size: 14
bits per integer: 8
number of BDD variables: 112
Loading initial states: 
Initial states loaded... 
Loading transition relations... 
14 integers per state, 8 bits per integer, 20 transition groups
BDD nodes:
Initial states: 112 BDD nodes
Transition 0: 2052 BDD nodes
Transition 1: 3292 BDD nodes
Transition 2: 2162 BDD nodes
Transition 3: 2362 BDD nodes
Transition 4: 1948 BDD nodes
Transition 5: 1996 BDD nodes
Transition 6: 2846 BDD nodes
Transition 7: 614 BDD nodes
Transition 8: 72 BDD nodes
Transition 9: 614 BDD nodes
Transition 10: 72 BDD nodes
Transition 11: 598 BDD nodes
Transition 12: 72 BDD nodes
Transition 13: 582 BDD nodes
Transition 14: 72 BDD nodes
Transition 15: 566 BDD nodes
Transition 16: 72 BDD nodes
Transition 17: 2441 BDD nodes
Transition 18: 72 BDD nodes
Transition 19: 0 BDD nodes
Level 1... done.
Level 2... done.
Level 3... done.
Level 4... done.
Level 5... done.
Level 6... done.
Level 7... done.
Level 8... done.
Level 9... done.
Level 10... done.
Level 11... done.
Level 12... done.
Level 13... done.
Level 14... done.
Level 15... done.
Level 16... done.
Level 17... done.
Level 18... done.
Level 19... done.
PAR Time: 1.518941
Final states: 7057 states
Final states: 16239 BDD nodes
[1467985741.923452] [node017:15998:0]         sys.c:744  MXM  WARN  Conflicting CPU frequencies detected, using: 1395.66
[1467985741.896104] [node015:25530:0]         sys.c:744  MXM  WARN  Conflicting CPU frequencies detected, using: 2398.22
[1467985741.924754] [node018:8398 :0]         sys.c:744  MXM  WARN  Conflicting CPU frequencies detected, using: 1563.38
[1467985741.926080] [node014:29846:0]         sys.c:744  MXM  WARN  Conflicting CPU frequencies detected, using: 1899.75
[1467985741.921854] [node013:5815 :0]         sys.c:744  MXM  WARN  Conflicting CPU frequencies detected, using: 2268.75
[1467985741.569296] [node012:17463:0]         sys.c:744  MXM  WARN  Conflicting CPU frequencies detected, using: 2197.78
[1467985741.923978] [node016:18631:0]         sys.c:744  MXM  WARN  Conflicting CPU frequencies detected, using: 1663.12
[1467985741.933312] [node019:3308 :0]         sys.c:744  MXM  WARN  Conflicting CPU frequencies detected, using: 1733.81
[1467985741.550742] [node012:17419:0]         sys.c:744  MXM  WARN  Conflicting CPU frequencies detected, using: 2098.50
