performing reachability, flags: -n 32 -N 2 -shared-heap 1GB --tablesize=23 --cachesize=22  
This is upcrun, job spawner for the Berkeley UPC compiler (http://upc.lbl.gov).
upcrun version 2.22.2
Network conduits supported by this installation: smp mxm ibv
[1467898128.856768] [node010:13464:0]         sys.c:744  MXM  WARN  Conflicting CPU frequencies detected, using: 1495.88
[1467898128.864768] [node010:13464:0]         mxm.c:196  MXM  WARN  The 'ulimit -s' on the system is set to 'unlimited'. This may have negative performance implications. Please set the stack size to the default value (10240) 
[1467898128.856768] [node010:13464:0]         sys.c:744  MXM  WARN  Conflicting CPU frequencies detected, using: 1495.88
[1467898128.865401] [node010:13464:0]         mxm.c:196  MXM  WARN  The 'ulimit -s' on the system is set to 'unlimited'. This may have negative performance implications. Please set the stack size to the default value (10240) 
[1467898128.856768] [node010:13464:0]         sys.c:744  MXM  WARN  Conflicting CPU frequencies detected, using: 1495.88
[1467898128.864421] [node010:13464:0]         mxm.c:196  MXM  WARN  The 'ulimit -s' on the system is set to 'unlimited'. This may have negative performance implications. Please set the stack size to the default value (10240) 
[1467898128.856768] [node010:13464:0]         sys.c:744  MXM  WARN  Conflicting CPU frequencies detected, using: 1495.88
[1467898128.865999] [node010:13464:0]         mxm.c:196  MXM  WARN  The 'ulimit -s' on the system is set to 'unlimited'. This may have negative performance implications. Please set the stack size to the default value (10240) 
[1467898128.856768] [node010:13464:0]         sys.c:744  MXM  WARN  Conflicting CPU frequencies detected, using: 1495.88
[1467898128.867702] [node010:13464:0]         mxm.c:196  MXM  WARN  The 'ulimit -s' on the system is set to 'unlimited'. This may have negative performance implications. Please set the stack size to the default value (10240) 
[1467898128.856768] [node010:13464:0]         sys.c:744  MXM  WARN  Conflicting CPU frequencies detected, using: 1495.88
[1467898128.863720] [node010:13464:0]         mxm.c:196  MXM  WARN  The 'ulimit -s' on the system is set to 'unlimited'. This may have negative performance implications. Please set the stack size to the default value (10240) 
[1467898128.856768] [node010:13464:0]         sys.c:744  MXM  WARN  Conflicting CPU frequencies detected, using: 1495.88
[1467898128.867823] [node010:13464:0]         mxm.c:196  MXM  WARN  The 'ulimit -s' on the system is set to 'unlimited'. This may have negative performance implications. Please set the stack size to the default value (10240) 
[1467898128.856768] [node010:13464:0]         sys.c:744  MXM  WARN  Conflicting CPU frequencies detected, using: 1495.88
[1467898128.868692] [node010:13464:0]         mxm.c:196  MXM  WARN  The 'ulimit -s' on the system is set to 'unlimited'. This may have negative performance implications. Please set the stack size to the default value (10240) 
[1467898128.856768] [node010:13464:0]         sys.c:744  MXM  WARN  Conflicting CPU frequencies detected, using: 1495.88
[1467898128.867455] [node010:13464:0]         mxm.c:196  MXM  WARN  The 'ulimit -s' on the system is set to 'unlimited'. This may have negative performance implications. Please set the stack size to the default value (10240) 
[1467898128.856768] [node010:13464:0]         sys.c:744  MXM  WARN  Conflicting CPU frequencies detected, using: 1495.88
[1467898128.868851] [node010:13464:0]         mxm.c:196  MXM  WARN  The 'ulimit -s' on the system is set to 'unlimited'. This may have negative performance implications. Please set the stack size to the default value (10240) 
[1467898128.856768] [node010:13464:0]         sys.c:744  MXM  WARN  Conflicting CPU frequencies detected, using: 1495.88
[1467898128.866572] [node010:13464:0]         mxm.c:196  MXM  WARN  The 'ulimit -s' on the system is set to 'unlimited'. This may have negative performance implications. Please set the stack size to the default value (10240) 
[1467898128.856768] [node010:13464:0]         sys.c:744  MXM  WARN  Conflicting CPU frequencies detected, using: 1495.88
[1467898128.868101] [node010:13464:0]         mxm.c:196  MXM  WARN  The 'ulimit -s' on the system is set to 'unlimited'. This may have negative performance implications. Please set the stack size to the default value (10240) 
[1467898129.195701] [node011:17675:0]         sys.c:744  MXM  WARN  Conflicting CPU frequencies detected, using: 2199.84
[1467898128.856768] [node010:13464:0]         sys.c:744  MXM  WARN  Conflicting CPU frequencies detected, using: 1495.88
[1467898128.868243] [node010:13464:0]         mxm.c:196  MXM  WARN  The 'ulimit -s' on the system is set to 'unlimited'. This may have negative performance implications. Please set the stack size to the default value (10240) 
[1467898129.195701] [node011:17675:0]         sys.c:744  MXM  WARN  Conflicting CPU frequencies detected, using: 2199.84
[1467898129.195701] [node011:17675:0]         sys.c:744  MXM  WARN  Conflicting CPU frequencies detected, using: 2199.84
[1467898129.195701] [node011:17675:0]         sys.c:744  MXM  WARN  Conflicting CPU frequencies detected, using: 2199.84
[1467898129.195701] [node011:17675:0]         sys.c:744  MXM  WARN  Conflicting CPU frequencies detected, using: 2199.84
[1467898129.195701] [node011:17675:0]         sys.c:744  MXM  WARN  Conflicting CPU frequencies detected, using: 2199.84
[1467898129.195701] [node011:17675:0]         sys.c:744  MXM  WARN  Conflicting CPU frequencies detected, using: 2199.84
[1467898129.195701] [node011:17675:0]         sys.c:744  MXM  WARN  Conflicting CPU frequencies detected, using: 2199.84
[1467898129.195701] [node011:17675:0]         sys.c:744  MXM  WARN  Conflicting CPU frequencies detected, using: 2199.84
[1467898129.195701] [node011:17675:0]         sys.c:744  MXM  WARN  Conflicting CPU frequencies detected, using: 2199.84
[1467898129.195701] [node011:17675:0]         sys.c:744  MXM  WARN  Conflicting CPU frequencies detected, using: 2199.84
[1467898129.195701] [node011:17675:0]         sys.c:744  MXM  WARN  Conflicting CPU frequencies detected, using: 2199.84
[1467898129.195701] [node011:17675:0]         sys.c:744  MXM  WARN  Conflicting CPU frequencies detected, using: 2199.84
[1467898128.856768] [node010:13464:0]         sys.c:744  MXM  WARN  Conflicting CPU frequencies detected, using: 1495.88
[1467898128.865844] [node010:13464:0]         mxm.c:196  MXM  WARN  The 'ulimit -s' on the system is set to 'unlimited'. This may have negative performance implications. Please set the stack size to the default value (10240) 
[1467898128.856768] [node010:13464:0]         sys.c:744  MXM  WARN  Conflicting CPU frequencies detected, using: 1495.88
[1467898128.867594] [node010:13464:0]         mxm.c:196  MXM  WARN  The 'ulimit -s' on the system is set to 'unlimited'. This may have negative performance implications. Please set the stack size to the default value (10240) 
[1467898128.856768] [node010:13464:0]         sys.c:744  MXM  WARN  Conflicting CPU frequencies detected, using: 1495.88
[1467898128.863442] [node010:13464:0]         mxm.c:196  MXM  WARN  The 'ulimit -s' on the system is set to 'unlimited'. This may have negative performance implications. Please set the stack size to the default value (10240) 
[1467898129.259665] [node011:17675:0]         mxm.c:196  MXM  WARN  The 'ulimit -s' on the system is set to 'unlimited'. This may have negative performance implications. Please set the stack size to the default value (10240) 
[1467898129.195701] [node011:17675:0]         sys.c:744  MXM  WARN  Conflicting CPU frequencies detected, using: 2199.84
[1467898129.236033] [node011:17675:0]         mxm.c:196  MXM  WARN  The 'ulimit -s' on the system is set to 'unlimited'. This may have negative performance implications. Please set the stack size to the default value (10240) 
[1467898129.266272] [node011:17675:0]         mxm.c:196  MXM  WARN  The 'ulimit -s' on the system is set to 'unlimited'. This may have negative performance implications. Please set the stack size to the default value (10240) 
[1467898129.291306] [node011:17675:0]         mxm.c:196  MXM  WARN  The 'ulimit -s' on the system is set to 'unlimited'. This may have negative performance implications. Please set the stack size to the default value (10240) 
[1467898129.258886] [node011:17675:0]         mxm.c:196  MXM  WARN  The 'ulimit -s' on the system is set to 'unlimited'. This may have negative performance implications. Please set the stack size to the default value (10240) 
[1467898129.257214] [node011:17675:0]         mxm.c:196  MXM  WARN  The 'ulimit -s' on the system is set to 'unlimited'. This may have negative performance implications. Please set the stack size to the default value (10240) 
[1467898129.256288] [node011:17675:0]         mxm.c:196  MXM  WARN  The 'ulimit -s' on the system is set to 'unlimited'. This may have negative performance implications. Please set the stack size to the default value (10240) 
[1467898129.271373] [node011:17675:0]         mxm.c:196  MXM  WARN  The 'ulimit -s' on the system is set to 'unlimited'. This may have negative performance implications. Please set the stack size to the default value (10240) 
[1467898129.254569] [node011:17675:0]         mxm.c:196  MXM  WARN  The 'ulimit -s' on the system is set to 'unlimited'. This may have negative performance implications. Please set the stack size to the default value (10240) 
[1467898129.253582] [node011:17675:0]         mxm.c:196  MXM  WARN  The 'ulimit -s' on the system is set to 'unlimited'. This may have negative performance implications. Please set the stack size to the default value (10240) 
[1467898129.254718] [node011:17675:0]         mxm.c:196  MXM  WARN  The 'ulimit -s' on the system is set to 'unlimited'. This may have negative performance implications. Please set the stack size to the default value (10240) 
[1467898129.260450] [node011:17675:0]         mxm.c:196  MXM  WARN  The 'ulimit -s' on the system is set to 'unlimited'. This may have negative performance implications. Please set the stack size to the default value (10240) 
[1467898129.262915] [node011:17675:0]         mxm.c:196  MXM  WARN  The 'ulimit -s' on the system is set to 'unlimited'. This may have negative performance implications. Please set the stack size to the default value (10240) 
[1467898129.293189] [node011:17675:0]         mxm.c:196  MXM  WARN  The 'ulimit -s' on the system is set to 'unlimited'. This may have negative performance implications. Please set the stack size to the default value (10240) 
[1467898129.195701] [node011:17675:0]         sys.c:744  MXM  WARN  Conflicting CPU frequencies detected, using: 2199.84
[1467898129.240071] [node011:17675:0]         mxm.c:196  MXM  WARN  The 'ulimit -s' on the system is set to 'unlimited'. This may have negative performance implications. Please set the stack size to the default value (10240) 
[1467898129.195701] [node011:17675:0]         sys.c:744  MXM  WARN  Conflicting CPU frequencies detected, using: 2199.84
[1467898129.238565] [node011:17675:0]         mxm.c:196  MXM  WARN  The 'ulimit -s' on the system is set to 'unlimited'. This may have negative performance implications. Please set the stack size to the default value (10240) 
UPCR: UPC thread  5 of 32 on node010 (pshm node 0 of 2, process  5 of 32, pid=13471)
UPCR: UPC thread  9 of 32 on node010 (pshm node 0 of 2, process  9 of 32, pid=13479)
UPCR: UPC thread  3 of 32 on node010 (pshm node 0 of 2, process  3 of 32, pid=13469)
UPCR: UPC thread  8 of 32 on node010 (pshm node 0 of 2, process  8 of 32, pid=13477)
UPCR: UPC thread  1 of 32 on node010 (pshm node 0 of 2, process  1 of 32, pid=13467)
UPCR: UPC thread 14 of 32 on node010 (pshm node 0 of 2, process 14 of 32, pid=13489)
UPCR: UPC thread 11 of 32 on node010 (pshm node 0 of 2, process 11 of 32, pid=13483)
UPCR: UPC thread  7 of 32 on node010 (pshm node 0 of 2, process  7 of 32, pid=13474)
UPCR: UPC thread  4 of 32 on node010 (pshm node 0 of 2, process  4 of 32, pid=13470)
UPCR: UPC thread 15 of 32 on node010 (pshm node 0 of 2, process 15 of 32, pid=13492)
UPCR: UPC thread 10 of 32 on node010 (pshm node 0 of 2, process 10 of 32, pid=13481)
UPCR: UPC thread 13 of 32 on node010 (pshm node 0 of 2, process 13 of 32, pid=13487)
UPCR: UPC thread  0 of 32 on node010 (pshm node 0 of 2, process  0 of 32, pid=13466)
UPCR: UPC thread  2 of 32 on node010 (pshm node 0 of 2, process  2 of 32, pid=13468)
UPCR: UPC thread  6 of 32 on node010 (pshm node 0 of 2, process  6 of 32, pid=13473)
UPCR: UPC thread 12 of 32 on node010 (pshm node 0 of 2, process 12 of 32, pid=13485)
UPCR: UPC thread 24 of 32 on node011 (pshm node 1 of 2, process 24 of 32, pid=17727)
UPCR: UPC thread 22 of 32 on node011 (pshm node 1 of 2, process 22 of 32, pid=17724)
UPCR: UPC thread 30 of 32 on node011 (pshm node 1 of 2, process 30 of 32, pid=17740)
UPCR: UPC thread 25 of 32 on node011 (pshm node 1 of 2, process 25 of 32, pid=17730)
UPCR: UPC thread 18 of 32 on node011 (pshm node 1 of 2, process 18 of 32, pid=17719)
UPCR: UPC thread 17 of 32 on node011 (pshm node 1 of 2, process 17 of 32, pid=17718)
UPCR: UPC thread 29 of 32 on node011 (pshm node 1 of 2, process 29 of 32, pid=17738)
UPCR: UPC thread 27 of 32 on node011 (pshm node 1 of 2, process 27 of 32, pid=17734)
UPCR: UPC thread 28 of 32 on node011 (pshm node 1 of 2, process 28 of 32, pid=17736)
UPCR: UPC thread 26 of 32 on node011 (pshm node 1 of 2, process 26 of 32, pid=17733)
UPCR: UPC thread 20 of 32 on node011 (pshm node 1 of 2, process 20 of 32, pid=17721)
UPCR: UPC thread 16 of 32 on node011 (pshm node 1 of 2, process 16 of 32, pid=17717)
UPCR: UPC thread 19 of 32 on node011 (pshm node 1 of 2, process 19 of 32, pid=17720)
UPCR: UPC thread 31 of 32 on node011 (pshm node 1 of 2, process 31 of 32, pid=17742)
UPCR: UPC thread 21 of 32 on node011 (pshm node 1 of 2, process 21 of 32, pid=17722)
UPCR: UPC thread 23 of 32 on node011 (pshm node 1 of 2, process 23 of 32, pid=17726)
using a cache granularity of 8
using linear probing in the BDD table
using a memoization table of 2^23 = 8388608 entries (~320 MB) per thread
using a BDD table of 2^23 = 8388608 entries (~192 MB) per thread
Initializing /home/oortwijn/distdd/models/beem/bridge.2.bdd!
vector size: 12
bits per integer: 8
number of BDD variables: 96
Loading initial states: 
Initial states loaded... 
Loading transition relations... 
12 integers per state, 8 bits per integer, 61 transition groups
BDD nodes:
Initial states: 96 BDD nodes
Transition 0: 184 BDD nodes
Transition 1: 95 BDD nodes
Transition 2: 949 BDD nodes
Transition 3: 96 BDD nodes
Transition 4: 155 BDD nodes
Transition 5: 160 BDD nodes
Transition 6: 72 BDD nodes
Transition 7: 355 BDD nodes
Transition 8: 72 BDD nodes
Transition 9: 131 BDD nodes
Transition 10: 153 BDD nodes
Transition 11: 95 BDD nodes
Transition 12: 687 BDD nodes
Transition 13: 96 BDD nodes
Transition 14: 157 BDD nodes
Transition 15: 129 BDD nodes
Transition 16: 72 BDD nodes
Transition 17: 254 BDD nodes
Transition 18: 72 BDD nodes
Transition 19: 133 BDD nodes
Transition 20: 118 BDD nodes
Transition 21: 95 BDD nodes
Transition 22: 480 BDD nodes
Transition 23: 96 BDD nodes
Transition 24: 122 BDD nodes
Transition 25: 94 BDD nodes
Transition 26: 72 BDD nodes
Transition 27: 154 BDD nodes
Transition 28: 72 BDD nodes
Transition 29: 98 BDD nodes
Transition 30: 218 BDD nodes
Transition 31: 215 BDD nodes
Transition 32: 118 BDD nodes
Transition 33: 95 BDD nodes
Transition 34: 95 BDD nodes
Transition 35: 95 BDD nodes
Transition 36: 1496 BDD nodes
Transition 37: 1809 BDD nodes
Transition 38: 480 BDD nodes
Transition 39: 96 BDD nodes
Transition 40: 96 BDD nodes
Transition 41: 96 BDD nodes
Transition 42: 149 BDD nodes
Transition 43: 119 BDD nodes
Transition 44: 122 BDD nodes
Transition 45: 194 BDD nodes
Transition 46: 191 BDD nodes
Transition 47: 94 BDD nodes
Transition 48: 72 BDD nodes
Transition 49: 72 BDD nodes
Transition 50: 72 BDD nodes
Transition 51: 504 BDD nodes
Transition 52: 622 BDD nodes
Transition 53: 154 BDD nodes
Transition 54: 72 BDD nodes
Transition 55: 72 BDD nodes
Transition 56: 72 BDD nodes
Transition 57: 125 BDD nodes
Transition 58: 95 BDD nodes
Transition 59: 98 BDD nodes
Transition 60: 32 BDD nodes
Level 1... done.
PAR Time: 0.008861
Final states: 9223372036854775808 states
Final states: 96 BDD nodes
[1467898128.856768] [node010:13464:0]         sys.c:744  MXM  WARN  Conflicting CPU frequencies detected, using: 1495.88
[1467898129.195701] [node011:17675:0]         sys.c:744  MXM  WARN  Conflicting CPU frequencies detected, using: 2199.84
[1467898128.838205] [node010:13420:0]         sys.c:744  MXM  WARN  Conflicting CPU frequencies detected, using: 1495.88
