performing reachability, flags: -n 32 -N 32 -shared-heap 16GB --tablesize=27 --cachesize=26  
This is upcrun, job spawner for the Berkeley UPC compiler (http://upc.lbl.gov).
upcrun version 2.22.2
Network conduits supported by this installation: smp mxm ibv
[1468028522.653253] [node009:1313 :0]         sys.c:744  MXM  WARN  Conflicting CPU frequencies detected, using: 2073.94
[1468028522.663439] [node009:1313 :0]         mxm.c:196  MXM  WARN  The 'ulimit -s' on the system is set to 'unlimited'. This may have negative performance implications. Please set the stack size to the default value (10240) 
[1468028523.020734] [node053:1436 :0]         sys.c:744  MXM  WARN  Conflicting CPU frequencies detected, using: 1993.59
[1468028523.026942] [node053:1436 :0]         mxm.c:196  MXM  WARN  The 'ulimit -s' on the system is set to 'unlimited'. This may have negative performance implications. Please set the stack size to the default value (10240) 
[1468028523.019941] [node065:8968 :0]         sys.c:744  MXM  WARN  Conflicting CPU frequencies detected, using: 1591.88
[1468028523.025803] [node065:8968 :0]         mxm.c:196  MXM  WARN  The 'ulimit -s' on the system is set to 'unlimited'. This may have negative performance implications. Please set the stack size to the default value (10240) 
[1468028523.021921] [node029:32247:0]         sys.c:744  MXM  WARN  Conflicting CPU frequencies detected, using: 1919.62
[1468028523.027956] [node029:32247:0]         mxm.c:196  MXM  WARN  The 'ulimit -s' on the system is set to 'unlimited'. This may have negative performance implications. Please set the stack size to the default value (10240) 
[1468028523.022671] [node059:27332:0]         sys.c:744  MXM  WARN  Conflicting CPU frequencies detected, using: 1583.25
[1468028523.028673] [node059:27332:0]         mxm.c:196  MXM  WARN  The 'ulimit -s' on the system is set to 'unlimited'. This may have negative performance implications. Please set the stack size to the default value (10240) 
[1468028523.023608] [node057:24558:0]         sys.c:744  MXM  WARN  Conflicting CPU frequencies detected, using: 1498.59
[1468028523.029535] [node057:24558:0]         mxm.c:196  MXM  WARN  The 'ulimit -s' on the system is set to 'unlimited'. This may have negative performance implications. Please set the stack size to the default value (10240) 
[1468028523.020747] [node058:23831:0]         sys.c:744  MXM  WARN  Conflicting CPU frequencies detected, using: 1579.31
[1468028523.026735] [node058:23831:0]         mxm.c:196  MXM  WARN  The 'ulimit -s' on the system is set to 'unlimited'. This may have negative performance implications. Please set the stack size to the default value (10240) 
[1468028523.026930] [node016:18079:0]         sys.c:744  MXM  WARN  Conflicting CPU frequencies detected, using: 1479.84
[1468028523.033129] [node016:18079:0]         mxm.c:196  MXM  WARN  The 'ulimit -s' on the system is set to 'unlimited'. This may have negative performance implications. Please set the stack size to the default value (10240) 
[1468028523.027722] [node060:28714:0]         sys.c:744  MXM  WARN  Conflicting CPU frequencies detected, using: 1407.75
[1468028523.033891] [node060:28714:0]         mxm.c:196  MXM  WARN  The 'ulimit -s' on the system is set to 'unlimited'. This may have negative performance implications. Please set the stack size to the default value (10240) 
[1468028523.026428] [node061:2237 :0]         sys.c:744  MXM  WARN  Conflicting CPU frequencies detected, using: 1696.69
[1468028523.032537] [node061:2237 :0]         mxm.c:196  MXM  WARN  The 'ulimit -s' on the system is set to 'unlimited'. This may have negative performance implications. Please set the stack size to the default value (10240) 
[1468028523.028938] [node019:32478:0]         sys.c:744  MXM  WARN  Conflicting CPU frequencies detected, using: 1894.59
[1468028523.035075] [node019:32478:0]         mxm.c:196  MXM  WARN  The 'ulimit -s' on the system is set to 'unlimited'. This may have negative performance implications. Please set the stack size to the default value (10240) 
[1468028523.029831] [node063:12381:0]         sys.c:744  MXM  WARN  Conflicting CPU frequencies detected, using: 1477.31
[1468028523.035835] [node063:12381:0]         mxm.c:196  MXM  WARN  The 'ulimit -s' on the system is set to 'unlimited'. This may have negative performance implications. Please set the stack size to the default value (10240) 
[1468028523.032598] [node010:19287:0]         sys.c:744  MXM  WARN  Conflicting CPU frequencies detected, using: 1797.00
[1468028523.038677] [node010:19287:0]         mxm.c:196  MXM  WARN  The 'ulimit -s' on the system is set to 'unlimited'. This may have negative performance implications. Please set the stack size to the default value (10240) 
[1468028523.035012] [node014:32376:0]         sys.c:744  MXM  WARN  Conflicting CPU frequencies detected, using: 1499.91
[1468028523.041042] [node014:32376:0]         mxm.c:196  MXM  WARN  The 'ulimit -s' on the system is set to 'unlimited'. This may have negative performance implications. Please set the stack size to the default value (10240) 
[1468028523.023948] [node018:3825 :0]         sys.c:744  MXM  WARN  Conflicting CPU frequencies detected, using: 2599.97
[1468028523.031303] [node018:3825 :0]         mxm.c:196  MXM  WARN  The 'ulimit -s' on the system is set to 'unlimited'. This may have negative performance implications. Please set the stack size to the default value (10240) 
[1468028523.020767] [node011:1125 :0]         sys.c:744  MXM  WARN  Conflicting CPU frequencies detected, using: 2599.88
[1468028523.029669] [node011:1125 :0]         mxm.c:196  MXM  WARN  The 'ulimit -s' on the system is set to 'unlimited'. This may have negative performance implications. Please set the stack size to the default value (10240) 
[1468028523.000910] [node013:10307:0]         sys.c:744  MXM  WARN  Conflicting CPU frequencies detected, using: 2291.62
[1468028523.009630] [node013:10307:0]         mxm.c:196  MXM  WARN  The 'ulimit -s' on the system is set to 'unlimited'. This may have negative performance implications. Please set the stack size to the default value (10240) 
[1468028523.028705] [node022:30869:0]         sys.c:744  MXM  WARN  Conflicting CPU frequencies detected, using: 3103.12
[1468028523.037369] [node022:30869:0]         mxm.c:196  MXM  WARN  The 'ulimit -s' on the system is set to 'unlimited'. This may have negative performance implications. Please set the stack size to the default value (10240) 
[1468028523.020001] [node023:6792 :0]         sys.c:744  MXM  WARN  Conflicting CPU frequencies detected, using: 3006.47
[1468028523.028550] [node023:6792 :0]         mxm.c:196  MXM  WARN  The 'ulimit -s' on the system is set to 'unlimited'. This may have negative performance implications. Please set the stack size to the default value (10240) 
[1468028523.016585] [node015:25003:0]         sys.c:744  MXM  WARN  Conflicting CPU frequencies detected, using: 1475.44
[1468028523.025536] [node015:25003:0]         mxm.c:196  MXM  WARN  The 'ulimit -s' on the system is set to 'unlimited'. This may have negative performance implications. Please set the stack size to the default value (10240) 
[1468028523.026595] [node017:13668:0]         sys.c:744  MXM  WARN  Conflicting CPU frequencies detected, using: 1394.44
[1468028523.035882] [node017:13668:0]         mxm.c:196  MXM  WARN  The 'ulimit -s' on the system is set to 'unlimited'. This may have negative performance implications. Please set the stack size to the default value (10240) 
[1468028523.016545] [node055:30207:0]         sys.c:744  MXM  WARN  Conflicting CPU frequencies detected, using: 1458.09
[1468028523.025095] [node055:30207:0]         mxm.c:196  MXM  WARN  The 'ulimit -s' on the system is set to 'unlimited'. This may have negative performance implications. Please set the stack size to the default value (10240) 
[1468028523.020012] [node012:23377:0]         sys.c:744  MXM  WARN  Conflicting CPU frequencies detected, using: 2599.97
[1468028523.028643] [node012:23377:0]         mxm.c:196  MXM  WARN  The 'ulimit -s' on the system is set to 'unlimited'. This may have negative performance implications. Please set the stack size to the default value (10240) 
[1468028523.023991] [node020:19122:0]         sys.c:744  MXM  WARN  Conflicting CPU frequencies detected, using: 1696.97
[1468028523.032658] [node020:19122:0]         mxm.c:196  MXM  WARN  The 'ulimit -s' on the system is set to 'unlimited'. This may have negative performance implications. Please set the stack size to the default value (10240) 
[1468028523.022481] [node067:13327:0]         sys.c:744  MXM  WARN  Conflicting CPU frequencies detected, using: 1983.19
[1468028523.031257] [node067:13327:0]         mxm.c:196  MXM  WARN  The 'ulimit -s' on the system is set to 'unlimited'. This may have negative performance implications. Please set the stack size to the default value (10240) 
[1468028523.008346] [node021:31982:0]         sys.c:744  MXM  WARN  Conflicting CPU frequencies detected, using: 2502.28
[1468028523.014256] [node021:31982:0]         mxm.c:196  MXM  WARN  The 'ulimit -s' on the system is set to 'unlimited'. This may have negative performance implications. Please set the stack size to the default value (10240) 
[1468028523.020602] [node068:11840:0]         sys.c:744  MXM  WARN  Conflicting CPU frequencies detected, using: 1399.22
[1468028523.029759] [node068:11840:0]         mxm.c:196  MXM  WARN  The 'ulimit -s' on the system is set to 'unlimited'. This may have negative performance implications. Please set the stack size to the default value (10240) 
[1468028523.005978] [node054:3914 :0]         sys.c:744  MXM  WARN  Conflicting CPU frequencies detected, using: 1485.56
[1468028523.014774] [node054:3914 :0]         mxm.c:196  MXM  WARN  The 'ulimit -s' on the system is set to 'unlimited'. This may have negative performance implications. Please set the stack size to the default value (10240) 
[1468028523.030906] [node056:27890:0]         sys.c:744  MXM  WARN  Conflicting CPU frequencies detected, using: 1698.66
[1468028523.039829] [node056:27890:0]         mxm.c:196  MXM  WARN  The 'ulimit -s' on the system is set to 'unlimited'. This may have negative performance implications. Please set the stack size to the default value (10240) 
[1468028523.032640] [node062:5679 :0]         sys.c:744  MXM  WARN  Conflicting CPU frequencies detected, using: 1795.59
[1468028523.041375] [node062:5679 :0]         mxm.c:196  MXM  WARN  The 'ulimit -s' on the system is set to 'unlimited'. This may have negative performance implications. Please set the stack size to the default value (10240) 
[1468028523.027625] [node064:18047:0]         sys.c:744  MXM  WARN  Conflicting CPU frequencies detected, using: 1797.28
[1468028523.036544] [node064:18047:0]         mxm.c:196  MXM  WARN  The 'ulimit -s' on the system is set to 'unlimited'. This may have negative performance implications. Please set the stack size to the default value (10240) 
[1468028523.030622] [node066:11609:0]         sys.c:744  MXM  WARN  Conflicting CPU frequencies detected, using: 1696.41
[1468028523.039608] [node066:11609:0]         mxm.c:196  MXM  WARN  The 'ulimit -s' on the system is set to 'unlimited'. This may have negative performance implications. Please set the stack size to the default value (10240) 
UPCR: UPC thread  0 of 32 on node009 (pshm node  0 of 32, process  0 of 32, pid=1345)
UPCR: UPC thread 31 of 32 on node068 (pshm node 31 of 32, process 31 of 32, pid=11882)
UPCR: UPC thread  4 of 32 on node013 (pshm node  4 of 32, process  4 of 32, pid=10349)
UPCR: UPC thread  6 of 32 on node015 (pshm node  6 of 32, process  6 of 32, pid=25045)
UPCR: UPC thread  1 of 32 on node010 (pshm node  1 of 32, process  1 of 32, pid=19329)
UPCR: UPC thread 11 of 32 on node020 (pshm node 11 of 32, process 11 of 32, pid=19164)
UPCR: UPC thread 12 of 32 on node021 (pshm node 12 of 32, process 12 of 32, pid=32024)
UPCR: UPC thread  2 of 32 on node011 (pshm node  2 of 32, process  2 of 32, pid=1168)
UPCR: UPC thread 16 of 32 on node053 (pshm node 16 of 32, process 16 of 32, pid=1478)
UPCR: UPC thread 27 of 32 on node064 (pshm node 27 of 32, process 27 of 32, pid=18089)
UPCR: UPC thread 26 of 32 on node063 (pshm node 26 of 32, process 26 of 32, pid=12423)
UPCR: UPC thread  7 of 32 on node016 (pshm node  7 of 32, process  7 of 32, pid=18121)
UPCR: UPC thread 10 of 32 on node019 (pshm node 10 of 32, process 10 of 32, pid=32520)
UPCR: UPC thread 15 of 32 on node029 (pshm node 15 of 32, process 15 of 32, pid=32289)
UPCR: UPC thread  3 of 32 on node012 (pshm node  3 of 32, process  3 of 32, pid=23419)
UPCR: UPC thread 28 of 32 on node065 (pshm node 28 of 32, process 28 of 32, pid=9010)
UPCR: UPC thread 13 of 32 on node022 (pshm node 13 of 32, process 13 of 32, pid=30911)
UPCR: UPC thread 24 of 32 on node061 (pshm node 24 of 32, process 24 of 32, pid=2279)
UPCR: UPC thread 30 of 32 on node067 (pshm node 30 of 32, process 30 of 32, pid=13369)
UPCR: UPC thread 20 of 32 on node057 (pshm node 20 of 32, process 20 of 32, pid=24600)
UPCR: UPC thread 29 of 32 on node066 (pshm node 29 of 32, process 29 of 32, pid=11651)
UPCR: UPC thread 17 of 32 on node054 (pshm node 17 of 32, process 17 of 32, pid=3956)
UPCR: UPC thread  9 of 32 on node018 (pshm node  9 of 32, process  9 of 32, pid=3867)
UPCR: UPC thread 18 of 32 on node055 (pshm node 18 of 32, process 18 of 32, pid=30249)
UPCR: UPC thread  8 of 32 on node017 (pshm node  8 of 32, process  8 of 32, pid=13710)
UPCR: UPC thread 14 of 32 on node023 (pshm node 14 of 32, process 14 of 32, pid=6834)
UPCR: UPC thread 21 of 32 on node058 (pshm node 21 of 32, process 21 of 32, pid=23873)
UPCR: UPC thread 23 of 32 on node060 (pshm node 23 of 32, process 23 of 32, pid=28756)
UPCR: UPC thread 25 of 32 on node062 (pshm node 25 of 32, process 25 of 32, pid=5721)
UPCR: UPC thread 19 of 32 on node056 (pshm node 19 of 32, process 19 of 32, pid=27932)
UPCR: UPC thread  5 of 32 on node014 (pshm node  5 of 32, process  5 of 32, pid=32418)
UPCR: UPC thread 22 of 32 on node059 (pshm node 22 of 32, process 22 of 32, pid=27374)
using a cache granularity of 8
using linear probing in the BDD table
using a memoization table of 2^26 = 67108864 entries (~2560 MB) per thread
using a BDD table of 2^27 = 134217728 entries (~3072 MB) per thread
Initializing /home/oortwijn/distdd/models/beem/bridge.3.bdd!
vector size: 14
bits per integer: 8
number of BDD variables: 112
Loading initial states: 
Initial states loaded... 
Loading transition relations... 
14 integers per state, 8 bits per integer, 81 transition groups
BDD nodes:
Initial states: 112 BDD nodes
Transition 0: 255 BDD nodes
Transition 1: 233 BDD nodes
Transition 2: 94 BDD nodes
Transition 3: 72 BDD nodes
Transition 4: 1512 BDD nodes
Transition 5: 97 BDD nodes
Transition 6: 604 BDD nodes
Transition 7: 72 BDD nodes
Transition 8: 161 BDD nodes
Transition 9: 139 BDD nodes
Transition 10: 225 BDD nodes
Transition 11: 203 BDD nodes
Transition 12: 94 BDD nodes
Transition 13: 72 BDD nodes
Transition 14: 1242 BDD nodes
Transition 15: 97 BDD nodes
Transition 16: 496 BDD nodes
Transition 17: 72 BDD nodes
Transition 18: 165 BDD nodes
Transition 19: 143 BDD nodes
Transition 20: 194 BDD nodes
Transition 21: 172 BDD nodes
Transition 22: 94 BDD nodes
Transition 23: 72 BDD nodes
Transition 24: 940 BDD nodes
Transition 25: 97 BDD nodes
Transition 26: 397 BDD nodes
Transition 27: 72 BDD nodes
Transition 28: 159 BDD nodes
Transition 29: 137 BDD nodes
Transition 30: 194 BDD nodes
Transition 31: 172 BDD nodes
Transition 32: 94 BDD nodes
Transition 33: 72 BDD nodes
Transition 34: 940 BDD nodes
Transition 35: 97 BDD nodes
Transition 36: 397 BDD nodes
Transition 37: 72 BDD nodes
Transition 38: 159 BDD nodes
Transition 39: 137 BDD nodes
Transition 40: 153 BDD nodes
Transition 41: 131 BDD nodes
Transition 42: 94 BDD nodes
Transition 43: 72 BDD nodes
Transition 44: 649 BDD nodes
Transition 45: 97 BDD nodes
Transition 46: 281 BDD nodes
Transition 47: 72 BDD nodes
Transition 48: 163 BDD nodes
Transition 49: 141 BDD nodes
Transition 50: 288 BDD nodes
Transition 51: 285 BDD nodes
Transition 52: 122 BDD nodes
Transition 53: 266 BDD nodes
Transition 54: 263 BDD nodes
Transition 55: 100 BDD nodes
Transition 56: 94 BDD nodes
Transition 57: 94 BDD nodes
Transition 58: 94 BDD nodes
Transition 59: 72 BDD nodes
Transition 60: 72 BDD nodes
Transition 61: 72 BDD nodes
Transition 62: 1836 BDD nodes
Transition 63: 2112 BDD nodes
Transition 64: 367 BDD nodes
Transition 65: 97 BDD nodes
Transition 66: 97 BDD nodes
Transition 67: 97 BDD nodes
Transition 68: 712 BDD nodes
Transition 69: 808 BDD nodes
Transition 70: 170 BDD nodes
Transition 71: 72 BDD nodes
Transition 72: 72 BDD nodes
Transition 73: 72 BDD nodes
Transition 74: 155 BDD nodes
Transition 75: 125 BDD nodes
Transition 76: 127 BDD nodes
Transition 77: 133 BDD nodes
Transition 78: 103 BDD nodes
Transition 79: 105 BDD nodes
Transition 80: 32 BDD nodes
Level 1... done.
PAR Time: 0.021799
Final states: 9223372036854775808 states
Final states: 112 BDD nodes
[1468028523.027625] [node064:18047:0]         sys.c:744  MXM  WARN  Conflicting CPU frequencies detected, using: 1797.28
[1468028523.020602] [node068:11840:0]         sys.c:744  MXM  WARN  Conflicting CPU frequencies detected, using: 1399.22
[1468028523.032640] [node062:5679 :0]         sys.c:744  MXM  WARN  Conflicting CPU frequencies detected, using: 1795.59
[1468028523.026428] [node061:2237 :0]         sys.c:744  MXM  WARN  Conflicting CPU frequencies detected, using: 1696.69
[1468028523.030906] [node056:27890:0]         sys.c:744  MXM  WARN  Conflicting CPU frequencies detected, using: 1698.66
[1468028523.022481] [node067:13327:0]         sys.c:744  MXM  WARN  Conflicting CPU frequencies detected, using: 1983.19
[1468028523.030622] [node066:11609:0]         sys.c:744  MXM  WARN  Conflicting CPU frequencies detected, using: 1696.41
[1468028523.008346] [node021:31982:0]         sys.c:744  MXM  WARN  Conflicting CPU frequencies detected, using: 2502.28
[1468028523.021921] [node029:32247:0]         sys.c:744  MXM  WARN  Conflicting CPU frequencies detected, using: 1919.62
[1468028523.027722] [node060:28714:0]         sys.c:744  MXM  WARN  Conflicting CPU frequencies detected, using: 1407.75
[1468028523.016545] [node055:30207:0]         sys.c:744  MXM  WARN  Conflicting CPU frequencies detected, using: 1458.09
[1468028523.020747] [node058:23831:0]         sys.c:744  MXM  WARN  Conflicting CPU frequencies detected, using: 1579.31
[1468028523.026595] [node017:13668:0]         sys.c:744  MXM  WARN  Conflicting CPU frequencies detected, using: 1394.44
[1468028523.016585] [node015:25003:0]         sys.c:744  MXM  WARN  Conflicting CPU frequencies detected, using: 1475.44
[1468028523.032598] [node010:19287:0]         sys.c:744  MXM  WARN  Conflicting CPU frequencies detected, using: 1797.00
[1468028523.023608] [node057:24558:0]         sys.c:744  MXM  WARN  Conflicting CPU frequencies detected, using: 1498.59
[1468028523.019941] [node065:8968 :0]         sys.c:744  MXM  WARN  Conflicting CPU frequencies detected, using: 1591.88
[1468028523.022671] [node059:27332:0]         sys.c:744  MXM  WARN  Conflicting CPU frequencies detected, using: 1583.25
[1468028523.005978] [node054:3914 :0]         sys.c:744  MXM  WARN  Conflicting CPU frequencies detected, using: 1485.56
[1468028522.653253] [node009:1313 :0]         sys.c:744  MXM  WARN  Conflicting CPU frequencies detected, using: 2073.94
[1468028523.020001] [node023:6792 :0]         sys.c:744  MXM  WARN  Conflicting CPU frequencies detected, using: 3006.47
[1468028523.029831] [node063:12381:0]         sys.c:744  MXM  WARN  Conflicting CPU frequencies detected, using: 1477.31
[1468028523.020734] [node053:1436 :0]         sys.c:744  MXM  WARN  Conflicting CPU frequencies detected, using: 1993.59
[1468028523.020012] [node012:23377:0]         sys.c:744  MXM  WARN  Conflicting CPU frequencies detected, using: 2599.97
[1468028523.023991] [node020:19122:0]         sys.c:744  MXM  WARN  Conflicting CPU frequencies detected, using: 1696.97
[1468028523.028938] [node019:32478:0]         sys.c:744  MXM  WARN  Conflicting CPU frequencies detected, using: 1894.59
[1468028523.035012] [node014:32376:0]         sys.c:744  MXM  WARN  Conflicting CPU frequencies detected, using: 1499.91
[1468028523.000910] [node013:10307:0]         sys.c:744  MXM  WARN  Conflicting CPU frequencies detected, using: 2291.62
[1468028523.023948] [node018:3825 :0]         sys.c:744  MXM  WARN  Conflicting CPU frequencies detected, using: 2599.97
[1468028523.028705] [node022:30869:0]         sys.c:744  MXM  WARN  Conflicting CPU frequencies detected, using: 3103.12
[1468028523.026930] [node016:18079:0]         sys.c:744  MXM  WARN  Conflicting CPU frequencies detected, using: 1479.84
[1468028523.020767] [node011:1125 :0]         sys.c:744  MXM  WARN  Conflicting CPU frequencies detected, using: 2599.88
[1468028522.631661] [node009:1269 :0]         sys.c:744  MXM  WARN  Conflicting CPU frequencies detected, using: 1997.62
