performing reachability, flags: -n 64 -N 32 -shared-heap 8GB --tablesize=26 --cachesize=25  
This is upcrun, job spawner for the Berkeley UPC compiler (http://upc.lbl.gov).
upcrun version 2.22.2
Network conduits supported by this installation: smp mxm ibv
[1468174377.159852] [node030:5026 :0]         sys.c:744  MXM  WARN  Conflicting CPU frequencies detected, using: 2298.66
[1468174377.173292] [node030:5026 :0]         mxm.c:196  MXM  WARN  The 'ulimit -s' on the system is set to 'unlimited'. This may have negative performance implications. Please set the stack size to the default value (10240) 
[1468174377.159852] [node030:5026 :0]         sys.c:744  MXM  WARN  Conflicting CPU frequencies detected, using: 2298.66
[1468174377.171293] [node030:5026 :0]         mxm.c:196  MXM  WARN  The 'ulimit -s' on the system is set to 'unlimited'. This may have negative performance implications. Please set the stack size to the default value (10240) 
[1468174377.516240] [node059:2956 :0]         sys.c:744  MXM  WARN  Conflicting CPU frequencies detected, using: 1894.97
[1468174377.522645] [node059:2956 :0]         mxm.c:196  MXM  WARN  The 'ulimit -s' on the system is set to 'unlimited'. This may have negative performance implications. Please set the stack size to the default value (10240) 
[1468174377.514971] [node035:32090:0]         sys.c:744  MXM  WARN  Conflicting CPU frequencies detected, using: 1795.03
[1468174377.521372] [node035:32090:0]         mxm.c:196  MXM  WARN  The 'ulimit -s' on the system is set to 'unlimited'. This may have negative performance implications. Please set the stack size to the default value (10240) 
[1468174377.514971] [node035:32090:0]         sys.c:744  MXM  WARN  Conflicting CPU frequencies detected, using: 1795.03
[1468174377.521157] [node035:32090:0]         mxm.c:196  MXM  WARN  The 'ulimit -s' on the system is set to 'unlimited'. This may have negative performance implications. Please set the stack size to the default value (10240) 
[1468174377.516240] [node059:2956 :0]         sys.c:744  MXM  WARN  Conflicting CPU frequencies detected, using: 1894.97
[1468174377.522128] [node059:2956 :0]         mxm.c:196  MXM  WARN  The 'ulimit -s' on the system is set to 'unlimited'. This may have negative performance implications. Please set the stack size to the default value (10240) 
[1468174377.517235] [node057:5638 :0]         sys.c:744  MXM  WARN  Conflicting CPU frequencies detected, using: 1697.34
[1468174377.523690] [node057:5638 :0]         mxm.c:196  MXM  WARN  The 'ulimit -s' on the system is set to 'unlimited'. This may have negative performance implications. Please set the stack size to the default value (10240) 
[1468174377.517235] [node057:5638 :0]         sys.c:744  MXM  WARN  Conflicting CPU frequencies detected, using: 1697.34
[1468174377.523858] [node057:5638 :0]         mxm.c:196  MXM  WARN  The 'ulimit -s' on the system is set to 'unlimited'. This may have negative performance implications. Please set the stack size to the default value (10240) 
[1468174377.521489] [node060:5833 :0]         sys.c:744  MXM  WARN  Conflicting CPU frequencies detected, using: 2099.72
[1468174377.527957] [node060:5833 :0]         mxm.c:196  MXM  WARN  The 'ulimit -s' on the system is set to 'unlimited'. This may have negative performance implications. Please set the stack size to the default value (10240) 
[1468174377.520588] [node061:18355:0]         sys.c:744  MXM  WARN  Conflicting CPU frequencies detected, using: 1741.78
[1468174377.526829] [node061:18355:0]         mxm.c:196  MXM  WARN  The 'ulimit -s' on the system is set to 'unlimited'. This may have negative performance implications. Please set the stack size to the default value (10240) 
[1468174377.520588] [node061:18355:0]         sys.c:744  MXM  WARN  Conflicting CPU frequencies detected, using: 1741.78
[1468174377.526907] [node061:18355:0]         mxm.c:196  MXM  WARN  The 'ulimit -s' on the system is set to 'unlimited'. This may have negative performance implications. Please set the stack size to the default value (10240) 
[1468174377.521489] [node060:5833 :0]         sys.c:744  MXM  WARN  Conflicting CPU frequencies detected, using: 2099.72
[1468174377.527762] [node060:5833 :0]         mxm.c:196  MXM  WARN  The 'ulimit -s' on the system is set to 'unlimited'. This may have negative performance implications. Please set the stack size to the default value (10240) 
[1468174377.522004] [node058:1112 :0]         sys.c:744  MXM  WARN  Conflicting CPU frequencies detected, using: 1883.06
[1468174377.528277] [node058:1112 :0]         mxm.c:196  MXM  WARN  The 'ulimit -s' on the system is set to 'unlimited'. This may have negative performance implications. Please set the stack size to the default value (10240) 
[1468174377.522004] [node058:1112 :0]         sys.c:744  MXM  WARN  Conflicting CPU frequencies detected, using: 1883.06
[1468174377.528470] [node058:1112 :0]         mxm.c:196  MXM  WARN  The 'ulimit -s' on the system is set to 'unlimited'. This may have negative performance implications. Please set the stack size to the default value (10240) 
[1468174377.530049] [node036:10413:0]         sys.c:744  MXM  WARN  Conflicting CPU frequencies detected, using: 1797.75
[1468174377.536674] [node036:10413:0]         mxm.c:196  MXM  WARN  The 'ulimit -s' on the system is set to 'unlimited'. This may have negative performance implications. Please set the stack size to the default value (10240) 
[1468174377.530796] [node037:16411:0]         sys.c:744  MXM  WARN  Conflicting CPU frequencies detected, using: 2100.00
[1468174377.537393] [node037:16411:0]         mxm.c:196  MXM  WARN  The 'ulimit -s' on the system is set to 'unlimited'. This may have negative performance implications. Please set the stack size to the default value (10240) 
[1468174377.530049] [node036:10413:0]         sys.c:744  MXM  WARN  Conflicting CPU frequencies detected, using: 1797.75
[1468174377.536334] [node036:10413:0]         mxm.c:196  MXM  WARN  The 'ulimit -s' on the system is set to 'unlimited'. This may have negative performance implications. Please set the stack size to the default value (10240) 
[1468174377.530796] [node037:16411:0]         sys.c:744  MXM  WARN  Conflicting CPU frequencies detected, using: 2100.00
[1468174377.536994] [node037:16411:0]         mxm.c:196  MXM  WARN  The 'ulimit -s' on the system is set to 'unlimited'. This may have negative performance implications. Please set the stack size to the default value (10240) 
[1468174377.538230] [node063:19186:0]         sys.c:744  MXM  WARN  Conflicting CPU frequencies detected, using: 1493.06
[1468174377.544652] [node063:19186:0]         mxm.c:196  MXM  WARN  The 'ulimit -s' on the system is set to 'unlimited'. This may have negative performance implications. Please set the stack size to the default value (10240) 
[1468174377.538230] [node063:19186:0]         sys.c:744  MXM  WARN  Conflicting CPU frequencies detected, using: 1493.06
[1468174377.544795] [node063:19186:0]         mxm.c:196  MXM  WARN  The 'ulimit -s' on the system is set to 'unlimited'. This may have negative performance implications. Please set the stack size to the default value (10240) 
[1468174377.533101] [node053:27536:0]         sys.c:744  MXM  WARN  Conflicting CPU frequencies detected, using: 1698.84
[1468174377.539380] [node053:27536:0]         mxm.c:196  MXM  WARN  The 'ulimit -s' on the system is set to 'unlimited'. This may have negative performance implications. Please set the stack size to the default value (10240) 
[1468174377.533101] [node053:27536:0]         sys.c:744  MXM  WARN  Conflicting CPU frequencies detected, using: 1698.84
[1468174377.539486] [node053:27536:0]         mxm.c:196  MXM  WARN  The 'ulimit -s' on the system is set to 'unlimited'. This may have negative performance implications. Please set the stack size to the default value (10240) 
[1468174377.539006] [node065:11261:0]         sys.c:744  MXM  WARN  Conflicting CPU frequencies detected, using: 1395.75
[1468174377.545501] [node065:11261:0]         mxm.c:196  MXM  WARN  The 'ulimit -s' on the system is set to 'unlimited'. This may have negative performance implications. Please set the stack size to the default value (10240) 
[1468174377.539006] [node065:11261:0]         sys.c:744  MXM  WARN  Conflicting CPU frequencies detected, using: 1395.75
[1468174377.545243] [node065:11261:0]         mxm.c:196  MXM  WARN  The 'ulimit -s' on the system is set to 'unlimited'. This may have negative performance implications. Please set the stack size to the default value (10240) 
[1468174377.522578] [node033:29343:0]         sys.c:744  MXM  WARN  Conflicting CPU frequencies detected, using: 1798.22
[1468174377.534078] [node033:29343:0]         mxm.c:196  MXM  WARN  The 'ulimit -s' on the system is set to 'unlimited'. This may have negative performance implications. Please set the stack size to the default value (10240) 
[1468174377.522578] [node033:29343:0]         sys.c:744  MXM  WARN  Conflicting CPU frequencies detected, using: 1798.22
[1468174377.534845] [node033:29343:0]         mxm.c:196  MXM  WARN  The 'ulimit -s' on the system is set to 'unlimited'. This may have negative performance implications. Please set the stack size to the default value (10240) 
[1468174377.525636] [node040:11186:0]         sys.c:744  MXM  WARN  Conflicting CPU frequencies detected, using: 1798.41
[1468174377.537043] [node040:11186:0]         mxm.c:196  MXM  WARN  The 'ulimit -s' on the system is set to 'unlimited'. This may have negative performance implications. Please set the stack size to the default value (10240) 
[1468174377.525636] [node040:11186:0]         sys.c:744  MXM  WARN  Conflicting CPU frequencies detected, using: 1798.41
[1468174377.538168] [node040:11186:0]         mxm.c:196  MXM  WARN  The 'ulimit -s' on the system is set to 'unlimited'. This may have negative performance implications. Please set the stack size to the default value (10240) 
[1468174377.525965] [node034:11071:0]         sys.c:744  MXM  WARN  Conflicting CPU frequencies detected, using: 1794.84
[1468174377.537547] [node034:11071:0]         mxm.c:196  MXM  WARN  The 'ulimit -s' on the system is set to 'unlimited'. This may have negative performance implications. Please set the stack size to the default value (10240) 
[1468174377.525965] [node034:11071:0]         sys.c:744  MXM  WARN  Conflicting CPU frequencies detected, using: 1794.84
[1468174377.536828] [node034:11071:0]         mxm.c:196  MXM  WARN  The 'ulimit -s' on the system is set to 'unlimited'. This may have negative performance implications. Please set the stack size to the default value (10240) 
[1468174377.525864] [node031:15553:0]         sys.c:744  MXM  WARN  Conflicting CPU frequencies detected, using: 1899.56
[1468174377.538005] [node031:15553:0]         mxm.c:196  MXM  WARN  The 'ulimit -s' on the system is set to 'unlimited'. This may have negative performance implications. Please set the stack size to the default value (10240) 
[1468174377.529297] [node044:30374:0]         sys.c:744  MXM  WARN  Conflicting CPU frequencies detected, using: 1390.22
[1468174377.541126] [node044:30374:0]         mxm.c:196  MXM  WARN  The 'ulimit -s' on the system is set to 'unlimited'. This may have negative performance implications. Please set the stack size to the default value (10240) 
[1468174377.539775] [node038:16148:0]         sys.c:744  MXM  WARN  Conflicting CPU frequencies detected, using: 2170.78
[1468174377.551177] [node038:16148:0]         mxm.c:196  MXM  WARN  The 'ulimit -s' on the system is set to 'unlimited'. This may have negative performance implications. Please set the stack size to the default value (10240) 
[1468174377.539775] [node038:16148:0]         sys.c:744  MXM  WARN  Conflicting CPU frequencies detected, using: 2170.78
[1468174377.551947] [node038:16148:0]         mxm.c:196  MXM  WARN  The 'ulimit -s' on the system is set to 'unlimited'. This may have negative performance implications. Please set the stack size to the default value (10240) 
[1468174377.539497] [node041:5179 :0]         sys.c:744  MXM  WARN  Conflicting CPU frequencies detected, using: 1797.66
[1468174377.550824] [node041:5179 :0]         mxm.c:196  MXM  WARN  The 'ulimit -s' on the system is set to 'unlimited'. This may have negative performance implications. Please set the stack size to the default value (10240) 
[1468174377.539497] [node041:5179 :0]         sys.c:744  MXM  WARN  Conflicting CPU frequencies detected, using: 1797.66
[1468174377.551579] [node041:5179 :0]         mxm.c:196  MXM  WARN  The 'ulimit -s' on the system is set to 'unlimited'. This may have negative performance implications. Please set the stack size to the default value (10240) 
[1468174377.538759] [node062:17249:0]         sys.c:744  MXM  WARN  Conflicting CPU frequencies detected, using: 1698.28
[1468174377.550086] [node062:17249:0]         mxm.c:196  MXM  WARN  The 'ulimit -s' on the system is set to 'unlimited'. This may have negative performance implications. Please set the stack size to the default value (10240) 
[1468174377.538759] [node062:17249:0]         sys.c:744  MXM  WARN  Conflicting CPU frequencies detected, using: 1698.28
[1468174377.550828] [node062:17249:0]         mxm.c:196  MXM  WARN  The 'ulimit -s' on the system is set to 'unlimited'. This may have negative performance implications. Please set the stack size to the default value (10240) 
[1468174377.522149] [node056:8671 :0]         sys.c:744  MXM  WARN  Conflicting CPU frequencies detected, using: 1837.41
[1468174377.533453] [node056:8671 :0]         mxm.c:196  MXM  WARN  The 'ulimit -s' on the system is set to 'unlimited'. This may have negative performance implications. Please set the stack size to the default value (10240) 
[1468174377.522149] [node056:8671 :0]         sys.c:744  MXM  WARN  Conflicting CPU frequencies detected, using: 1837.41
[1468174377.534213] [node056:8671 :0]         mxm.c:196  MXM  WARN  The 'ulimit -s' on the system is set to 'unlimited'. This may have negative performance implications. Please set the stack size to the default value (10240) 
[1468174377.538123] [node042:6729 :0]         sys.c:744  MXM  WARN  Conflicting CPU frequencies detected, using: 1799.16
[1468174377.549363] [node042:6729 :0]         mxm.c:196  MXM  WARN  The 'ulimit -s' on the system is set to 'unlimited'. This may have negative performance implications. Please set the stack size to the default value (10240) 
[1468174377.538123] [node042:6729 :0]         sys.c:744  MXM  WARN  Conflicting CPU frequencies detected, using: 1799.16
[1468174377.550327] [node042:6729 :0]         mxm.c:196  MXM  WARN  The 'ulimit -s' on the system is set to 'unlimited'. This may have negative performance implications. Please set the stack size to the default value (10240) 
[1468174377.539223] [node043:31835:0]         sys.c:744  MXM  WARN  Conflicting CPU frequencies detected, using: 1698.00
[1468174377.550515] [node043:31835:0]         mxm.c:196  MXM  WARN  The 'ulimit -s' on the system is set to 'unlimited'. This may have negative performance implications. Please set the stack size to the default value (10240) 
[1468174377.539223] [node043:31835:0]         sys.c:744  MXM  WARN  Conflicting CPU frequencies detected, using: 1698.00
[1468174377.551492] [node043:31835:0]         mxm.c:196  MXM  WARN  The 'ulimit -s' on the system is set to 'unlimited'. This may have negative performance implications. Please set the stack size to the default value (10240) 
[1468174377.520514] [node054:16414:0]         sys.c:744  MXM  WARN  Conflicting CPU frequencies detected, using: 1966.31
[1468174377.532492] [node054:16414:0]         mxm.c:196  MXM  WARN  The 'ulimit -s' on the system is set to 'unlimited'. This may have negative performance implications. Please set the stack size to the default value (10240) 
[1468174377.528869] [node055:9983 :0]         sys.c:744  MXM  WARN  Conflicting CPU frequencies detected, using: 1717.41
[1468174377.539939] [node055:9983 :0]         mxm.c:196  MXM  WARN  The 'ulimit -s' on the system is set to 'unlimited'. This may have negative performance implications. Please set the stack size to the default value (10240) 
[1468174377.528869] [node055:9983 :0]         sys.c:744  MXM  WARN  Conflicting CPU frequencies detected, using: 1717.41
[1468174377.540705] [node055:9983 :0]         mxm.c:196  MXM  WARN  The 'ulimit -s' on the system is set to 'unlimited'. This may have negative performance implications. Please set the stack size to the default value (10240) 
[1468174377.523360] [node066:13399:0]         sys.c:744  MXM  WARN  Conflicting CPU frequencies detected, using: 2178.75
[1468174377.534673] [node066:13399:0]         mxm.c:196  MXM  WARN  The 'ulimit -s' on the system is set to 'unlimited'. This may have negative performance implications. Please set the stack size to the default value (10240) 
[1468174377.523360] [node066:13399:0]         sys.c:744  MXM  WARN  Conflicting CPU frequencies detected, using: 2178.75
[1468174377.535450] [node066:13399:0]         mxm.c:196  MXM  WARN  The 'ulimit -s' on the system is set to 'unlimited'. This may have negative performance implications. Please set the stack size to the default value (10240) 
[1468174377.537953] [node045:7316 :0]         sys.c:744  MXM  WARN  Conflicting CPU frequencies detected, using: 1794.84
[1468174377.550178] [node045:7316 :0]         mxm.c:196  MXM  WARN  The 'ulimit -s' on the system is set to 'unlimited'. This may have negative performance implications. Please set the stack size to the default value (10240) 
[1468174377.521238] [node068:32200:0]         sys.c:744  MXM  WARN  Conflicting CPU frequencies detected, using: 1680.38
[1468174377.532661] [node068:32200:0]         mxm.c:196  MXM  WARN  The 'ulimit -s' on the system is set to 'unlimited'. This may have negative performance implications. Please set the stack size to the default value (10240) 
[1468174377.521238] [node068:32200:0]         sys.c:744  MXM  WARN  Conflicting CPU frequencies detected, using: 1680.38
[1468174377.533450] [node068:32200:0]         mxm.c:196  MXM  WARN  The 'ulimit -s' on the system is set to 'unlimited'. This may have negative performance implications. Please set the stack size to the default value (10240) 
[1468174377.528274] [node064:19740:0]         sys.c:744  MXM  WARN  Conflicting CPU frequencies detected, using: 1896.84
[1468174377.540248] [node064:19740:0]         mxm.c:196  MXM  WARN  The 'ulimit -s' on the system is set to 'unlimited'. This may have negative performance implications. Please set the stack size to the default value (10240) 
[1468174377.529787] [node067:8637 :0]         sys.c:744  MXM  WARN  Conflicting CPU frequencies detected, using: 1898.72
[1468174377.542081] [node067:8637 :0]         mxm.c:196  MXM  WARN  The 'ulimit -s' on the system is set to 'unlimited'. This may have negative performance implications. Please set the stack size to the default value (10240) 
[1468174377.529990] [node032:11700:0]         sys.c:744  MXM  WARN  Conflicting CPU frequencies detected, using: 1698.47
[1468174377.542081] [node032:11700:0]         mxm.c:196  MXM  WARN  The 'ulimit -s' on the system is set to 'unlimited'. This may have negative performance implications. Please set the stack size to the default value (10240) 
[1468174377.526127] [node039:10973:0]         sys.c:744  MXM  WARN  Conflicting CPU frequencies detected, using: 1797.19
[1468174377.538107] [node039:10973:0]         mxm.c:196  MXM  WARN  The 'ulimit -s' on the system is set to 'unlimited'. This may have negative performance implications. Please set the stack size to the default value (10240) 
[1468174377.525864] [node031:15553:0]         sys.c:744  MXM  WARN  Conflicting CPU frequencies detected, using: 1899.56
[1468174377.537250] [node031:15553:0]         mxm.c:196  MXM  WARN  The 'ulimit -s' on the system is set to 'unlimited'. This may have negative performance implications. Please set the stack size to the default value (10240) 
[1468174377.529297] [node044:30374:0]         sys.c:744  MXM  WARN  Conflicting CPU frequencies detected, using: 1390.22
[1468174377.540444] [node044:30374:0]         mxm.c:196  MXM  WARN  The 'ulimit -s' on the system is set to 'unlimited'. This may have negative performance implications. Please set the stack size to the default value (10240) 
[1468174377.520514] [node054:16414:0]         sys.c:744  MXM  WARN  Conflicting CPU frequencies detected, using: 1966.31
[1468174377.531728] [node054:16414:0]         mxm.c:196  MXM  WARN  The 'ulimit -s' on the system is set to 'unlimited'. This may have negative performance implications. Please set the stack size to the default value (10240) 
[1468174377.528274] [node064:19740:0]         sys.c:744  MXM  WARN  Conflicting CPU frequencies detected, using: 1896.84
[1468174377.539478] [node064:19740:0]         mxm.c:196  MXM  WARN  The 'ulimit -s' on the system is set to 'unlimited'. This may have negative performance implications. Please set the stack size to the default value (10240) 
[1468174377.537953] [node045:7316 :0]         sys.c:744  MXM  WARN  Conflicting CPU frequencies detected, using: 1794.84
[1468174377.549401] [node045:7316 :0]         mxm.c:196  MXM  WARN  The 'ulimit -s' on the system is set to 'unlimited'. This may have negative performance implications. Please set the stack size to the default value (10240) 
[1468174377.529787] [node067:8637 :0]         sys.c:744  MXM  WARN  Conflicting CPU frequencies detected, using: 1898.72
[1468174377.541356] [node067:8637 :0]         mxm.c:196  MXM  WARN  The 'ulimit -s' on the system is set to 'unlimited'. This may have negative performance implications. Please set the stack size to the default value (10240) 
[1468174377.529990] [node032:11700:0]         sys.c:744  MXM  WARN  Conflicting CPU frequencies detected, using: 1698.47
[1468174377.541120] [node032:11700:0]         mxm.c:196  MXM  WARN  The 'ulimit -s' on the system is set to 'unlimited'. This may have negative performance implications. Please set the stack size to the default value (10240) 
[1468174377.526127] [node039:10973:0]         sys.c:744  MXM  WARN  Conflicting CPU frequencies detected, using: 1797.19
[1468174377.537338] [node039:10973:0]         mxm.c:196  MXM  WARN  The 'ulimit -s' on the system is set to 'unlimited'. This may have negative performance implications. Please set the stack size to the default value (10240) 
UPCR: UPC thread  0 of 64 on node030 (pshm node  0 of 32, process  0 of 64, pid=5058)
UPCR: UPC thread  1 of 64 on node030 (pshm node  0 of 32, process  1 of 64, pid=5059)
UPCR: UPC thread 55 of 64 on node064 (pshm node 27 of 32, process 55 of 64, pid=19783)
UPCR: UPC thread 54 of 64 on node064 (pshm node 27 of 32, process 54 of 64, pid=19782)
UPCR: UPC thread 17 of 64 on node038 (pshm node  8 of 32, process 17 of 64, pid=16191)
UPCR: UPC thread 16 of 64 on node038 (pshm node  8 of 32, process 16 of 64, pid=16190)
UPCR: UPC thread  9 of 64 on node034 (pshm node  4 of 32, process  9 of 64, pid=11114)
UPCR: UPC thread  8 of 64 on node034 (pshm node  4 of 32, process  8 of 64, pid=11113)
UPCR: UPC thread 59 of 64 on node066 (pshm node 29 of 32, process 59 of 64, pid=13442)
UPCR: UPC thread 58 of 64 on node066 (pshm node 29 of 32, process 58 of 64, pid=13441)
UPCR: UPC thread 47 of 64 on node060 (pshm node 23 of 32, process 47 of 64, pid=5876)
UPCR: UPC thread 46 of 64 on node060 (pshm node 23 of 32, process 46 of 64, pid=5875)
UPCR: UPC thread  7 of 64 on node033 (pshm node  3 of 32, process  7 of 64, pid=29386)
UPCR: UPC thread  6 of 64 on node033 (pshm node  3 of 32, process  6 of 64, pid=29385)
UPCR: UPC thread 21 of 64 on node040 (pshm node 10 of 32, process 21 of 64, pid=11229)
UPCR: UPC thread 20 of 64 on node040 (pshm node 10 of 32, process 20 of 64, pid=11228)
UPCR: UPC thread  2 of 64 on node031 (pshm node  1 of 32, process  2 of 64, pid=15595)
UPCR: UPC thread  3 of 64 on node031 (pshm node  1 of 32, process  3 of 64, pid=15596)
UPCR: UPC thread 14 of 64 on node037 (pshm node  7 of 32, process 14 of 64, pid=16453)
UPCR: UPC thread 15 of 64 on node037 (pshm node  7 of 32, process 15 of 64, pid=16454)
UPCR: UPC thread 35 of 64 on node054 (pshm node 17 of 32, process 35 of 64, pid=16457)
UPCR: UPC thread 34 of 64 on node054 (pshm node 17 of 32, process 34 of 64, pid=16456)
UPCR: UPC thread 63 of 64 on node068 (pshm node 31 of 32, process 63 of 64, pid=32243)
UPCR: UPC thread 62 of 64 on node068 (pshm node 31 of 32, process 62 of 64, pid=32242)
UPCR: UPC thread 11 of 64 on node035 (pshm node  5 of 32, process 11 of 64, pid=32133)
UPCR: UPC thread 10 of 64 on node035 (pshm node  5 of 32, process 10 of 64, pid=32132)
UPCR: UPC thread 45 of 64 on node059 (pshm node 22 of 32, process 45 of 64, pid=3000)
UPCR: UPC thread 44 of 64 on node059 (pshm node 22 of 32, process 44 of 64, pid=2999)
UPCR: UPC thread 26 of 64 on node043 (pshm node 13 of 32, process 26 of 64, pid=31878)
UPCR: UPC thread 27 of 64 on node043 (pshm node 13 of 32, process 27 of 64, pid=31879)
UPCR: UPC thread 37 of 64 on node055 (pshm node 18 of 32, process 37 of 64, pid=10026)
UPCR: UPC thread 36 of 64 on node055 (pshm node 18 of 32, process 36 of 64, pid=10025)
UPCR: UPC thread 39 of 64 on node056 (pshm node 19 of 32, process 39 of 64, pid=8714)
UPCR: UPC thread 38 of 64 on node056 (pshm node 19 of 32, process 38 of 64, pid=8713)
UPCR: UPC thread 29 of 64 on node044 (pshm node 14 of 32, process 29 of 64, pid=30417)
UPCR: UPC thread 28 of 64 on node044 (pshm node 14 of 32, process 28 of 64, pid=30416)
UPCR: UPC thread 33 of 64 on node053 (pshm node 16 of 32, process 33 of 64, pid=27579)
UPCR: UPC thread 32 of 64 on node053 (pshm node 16 of 32, process 32 of 64, pid=27578)
UPCR: UPC thread 52 of 64 on node063 (pshm node 26 of 32, process 52 of 64, pid=19228)
UPCR: UPC thread 53 of 64 on node063 (pshm node 26 of 32, process 53 of 64, pid=19229)
UPCR: UPC thread 40 of 64 on node057 (pshm node 20 of 32, process 40 of 64, pid=5680)
UPCR: UPC thread 41 of 64 on node057 (pshm node 20 of 32, process 41 of 64, pid=5681)
UPCR: UPC thread 23 of 64 on node041 (pshm node 11 of 32, process 23 of 64, pid=5222)
UPCR: UPC thread 22 of 64 on node041 (pshm node 11 of 32, process 22 of 64, pid=5221)
UPCR: UPC thread 25 of 64 on node042 (pshm node 12 of 32, process 25 of 64, pid=6772)
UPCR: UPC thread 24 of 64 on node042 (pshm node 12 of 32, process 24 of 64, pid=6771)
UPCR: UPC thread 31 of 64 on node045 (pshm node 15 of 32, process 31 of 64, pid=7359)
UPCR: UPC thread 30 of 64 on node045 (pshm node 15 of 32, process 30 of 64, pid=7358)
UPCR: UPC thread 13 of 64 on node036 (pshm node  6 of 32, process 13 of 64, pid=10456)
UPCR: UPC thread 12 of 64 on node036 (pshm node  6 of 32, process 12 of 64, pid=10455)
UPCR: UPC thread 19 of 64 on node039 (pshm node  9 of 32, process 19 of 64, pid=11016)
UPCR: UPC thread 18 of 64 on node039 (pshm node  9 of 32, process 18 of 64, pid=11015)
UPCR: UPC thread  4 of 64 on node032 (pshm node  2 of 32, process  4 of 64, pid=11742)
UPCR: UPC thread  5 of 64 on node032 (pshm node  2 of 32, process  5 of 64, pid=11743)
UPCR: UPC thread 60 of 64 on node067 (pshm node 30 of 32, process 60 of 64, pid=8679)
UPCR: UPC thread 61 of 64 on node067 (pshm node 30 of 32, process 61 of 64, pid=8680)
UPCR: UPC thread 51 of 64 on node062 (pshm node 25 of 32, process 51 of 64, pid=17292)
UPCR: UPC thread 50 of 64 on node062 (pshm node 25 of 32, process 50 of 64, pid=17291)
UPCR: UPC thread 49 of 64 on node061 (pshm node 24 of 32, process 49 of 64, pid=18398)
UPCR: UPC thread 48 of 64 on node061 (pshm node 24 of 32, process 48 of 64, pid=18397)
UPCR: UPC thread 43 of 64 on node058 (pshm node 21 of 32, process 43 of 64, pid=1156)
UPCR: UPC thread 42 of 64 on node058 (pshm node 21 of 32, process 42 of 64, pid=1155)
UPCR: UPC thread 56 of 64 on node065 (pshm node 28 of 32, process 56 of 64, pid=11303)
UPCR: UPC thread 57 of 64 on node065 (pshm node 28 of 32, process 57 of 64, pid=11304)
using a cache granularity of 8
using linear probing in the BDD table
using a memoization table of 2^25 = 33554432 entries (~1280 MB) per thread
using a BDD table of 2^26 = 67108864 entries (~1536 MB) per thread
Initializing /home/oortwijn/distdd/models/beem/brp.2.bdd!
vector size: 18
bits per integer: 3
number of BDD variables: 54
Loading initial states: 
Initial states loaded... 
Loading transition relations... 
18 integers per state, 3 bits per integer, 24 transition groups
BDD nodes:
Initial states: 54 BDD nodes
Transition 0: 115 BDD nodes
Transition 1: 25 BDD nodes
Transition 2: 55 BDD nodes
Transition 3: 60 BDD nodes
Transition 4: 29 BDD nodes
Transition 5: 43 BDD nodes
Transition 6: 45 BDD nodes
Transition 7: 116 BDD nodes
Transition 8: 31 BDD nodes
Transition 9: 55 BDD nodes
Transition 10: 36 BDD nodes
Transition 11: 159 BDD nodes
Transition 12: 35 BDD nodes
Transition 13: 42 BDD nodes
Transition 14: 55 BDD nodes
Transition 15: 27 BDD nodes
Transition 16: 30 BDD nodes
Transition 17: 42 BDD nodes
Transition 18: 35 BDD nodes
Transition 19: 34 BDD nodes
Transition 20: 42 BDD nodes
Transition 21: 25 BDD nodes
Transition 22: 139 BDD nodes
Transition 23: 34 BDD nodes
Level 1... done.
Level 2... done.
Level 3... done.
Level 4... done.
Level 5... done.
Level 6... done.
Level 7... done.
Level 8... done.
Level 9... done.
Level 10... done.
Level 11... done.
Level 12... done.
Level 13... done.
Level 14... done.
Level 15... done.
Level 16... done.
Level 17... done.
Level 18... done.
Level 19... done.
Level 20... done.
Level 21... done.
Level 22... done.
Level 23... done.
Level 24... done.
Level 25... done.
Level 26... done.
Level 27... done.
Level 28... done.
Level 29... done.
Level 30... done.
Level 31... done.
Level 32... done.
Level 33... done.
Level 34... done.
Level 35... done.
Level 36... done.
Level 37... done.
Level 38... done.
Level 39... done.
Level 40... done.
Level 41... done.
Level 42... done.
Level 43... done.
Level 44... done.
Level 45... done.
Level 46... done.
Level 47... done.
Level 48... done.
Level 49... done.
Level 50... done.
Level 51... done.
Level 52... done.
Level 53... done.
Level 54... done.
Level 55... done.
Level 56... done.
Level 57... done.
Level 58... done.
Level 59... done.
Level 60... done.
Level 61... done.
Level 62... done.
Level 63... done.
Level 64... done.
Level 65... done.
Level 66... done.
Level 67... done.
Level 68... done.
Level 69... done.
Level 70... done.
Level 71... done.
Level 72... done.
Level 73... done.
Level 74... done.
Level 75... done.
Level 76... done.
Level 77... done.
Level 78... done.
Level 79... done.
Level 80... done.
Level 81... done.
Level 82... done.
Level 83... done.
Level 84... done.
Level 85... done.
Level 86... done.
Level 87... done.
Level 88... done.
Level 89... done.
Level 90... done.
Level 91... done.
Level 92... done.
Level 93... done.
Level 94... done.
Level 95... done.
Level 96... done.
Level 97... done.
Level 98... done.
Level 99... done.
Level 100... done.
Level 101... done.
Level 102... done.
Level 103... done.
Level 104... done.
Level 105... done.
Level 106... done.
Level 107... done.
Level 108... done.
Level 109... done.
Level 110... done.
Level 111... done.
Level 112... done.
Level 113... done.
Level 114... done.
Level 115... done.
Level 116... done.
Level 117... done.
Level 118... done.
Level 119... done.
PAR Time: 0.935183
Final states: 29188 states
Final states: 2827 BDD nodes
[1468174377.525864] [node031:15553:0]         sys.c:744  MXM  WARN  Conflicting CPU frequencies detected, using: 1899.56
[1468174377.539497] [node041:5179 :0]         sys.c:744  MXM  WARN  Conflicting CPU frequencies detected, using: 1797.66
[1468174377.529297] [node044:30374:0]         sys.c:744  MXM  WARN  Conflicting CPU frequencies detected, using: 1390.22
[1468174377.538759] [node062:17249:0]         sys.c:744  MXM  WARN  Conflicting CPU frequencies detected, using: 1698.28
[1468174377.526127] [node039:10973:0]         sys.c:744  MXM  WARN  Conflicting CPU frequencies detected, using: 1797.19
[1468174377.528274] [node064:19740:0]         sys.c:744  MXM  WARN  Conflicting CPU frequencies detected, using: 1896.84
[1468174377.530049] [node036:10413:0]         sys.c:744  MXM  WARN  Conflicting CPU frequencies detected, using: 1797.75
[1468174377.525636] [node040:11186:0]         sys.c:744  MXM  WARN  Conflicting CPU frequencies detected, using: 1798.41
[1468174377.533101] [node053:27536:0]         sys.c:744  MXM  WARN  Conflicting CPU frequencies detected, using: 1698.84
[1468174377.520514] [node054:16414:0]         sys.c:744  MXM  WARN  Conflicting CPU frequencies detected, using: 1966.31
[1468174377.522149] [node056:8671 :0]         sys.c:744  MXM  WARN  Conflicting CPU frequencies detected, using: 1837.41
[1468174377.539775] [node038:16148:0]         sys.c:744  MXM  WARN  Conflicting CPU frequencies detected, using: 2170.78
[1468174377.538230] [node063:19186:0]         sys.c:744  MXM  WARN  Conflicting CPU frequencies detected, using: 1493.06
[1468174377.528869] [node055:9983 :0]         sys.c:744  MXM  WARN  Conflicting CPU frequencies detected, using: 1717.41
[1468174377.537953] [node045:7316 :0]         sys.c:744  MXM  WARN  Conflicting CPU frequencies detected, using: 1794.84
[1468174377.525965] [node034:11071:0]         sys.c:744  MXM  WARN  Conflicting CPU frequencies detected, using: 1794.84
[1468174377.516240] [node059:2956 :0]         sys.c:744  MXM  WARN  Conflicting CPU frequencies detected, using: 1894.97
[1468174377.539223] [node043:31835:0]         sys.c:744  MXM  WARN  Conflicting CPU frequencies detected, using: 1698.00
[1468174377.520588] [node061:18355:0]         sys.c:744  MXM  WARN  Conflicting CPU frequencies detected, using: 1741.78
[1468174377.522578] [node033:29343:0]         sys.c:744  MXM  WARN  Conflicting CPU frequencies detected, using: 1798.22
[1468174377.522004] [node058:1112 :0]         sys.c:744  MXM  WARN  Conflicting CPU frequencies detected, using: 1883.06
[1468174377.529787] [node067:8637 :0]         sys.c:744  MXM  WARN  Conflicting CPU frequencies detected, using: 1898.72
[1468174377.539006] [node065:11261:0]         sys.c:744  MXM  WARN  Conflicting CPU frequencies detected, using: 1395.75
[1468174377.521489] [node060:5833 :0]         sys.c:744  MXM  WARN  Conflicting CPU frequencies detected, using: 2099.72
[1468174377.521238] [node068:32200:0]         sys.c:744  MXM  WARN  Conflicting CPU frequencies detected, using: 1680.38
[1468174377.159852] [node030:5026 :0]         sys.c:744  MXM  WARN  Conflicting CPU frequencies detected, using: 2298.66
[1468174377.530796] [node037:16411:0]         sys.c:744  MXM  WARN  Conflicting CPU frequencies detected, using: 2100.00
[1468174377.517235] [node057:5638 :0]         sys.c:744  MXM  WARN  Conflicting CPU frequencies detected, using: 1697.34
[1468174377.514971] [node035:32090:0]         sys.c:744  MXM  WARN  Conflicting CPU frequencies detected, using: 1795.03
[1468174377.538123] [node042:6729 :0]         sys.c:744  MXM  WARN  Conflicting CPU frequencies detected, using: 1799.16
[1468174377.529990] [node032:11700:0]         sys.c:744  MXM  WARN  Conflicting CPU frequencies detected, using: 1698.47
[1468174377.523360] [node066:13399:0]         sys.c:744  MXM  WARN  Conflicting CPU frequencies detected, using: 2178.75
[1468174377.140003] [node030:4982 :0]         sys.c:744  MXM  WARN  Conflicting CPU frequencies detected, using: 2195.53
