performing reachability, flags: -n 32 -N 16 -shared-heap 8GB --tablesize=26 --cachesize=25  
This is upcrun, job spawner for the Berkeley UPC compiler (http://upc.lbl.gov).
upcrun version 2.22.2
Network conduits supported by this installation: smp mxm ibv
[1467925990.452849] [node008:16469:0]         sys.c:744  MXM  WARN  Conflicting CPU frequencies detected, using: 1599.28
[1467925990.464079] [node008:16469:0]         mxm.c:196  MXM  WARN  The 'ulimit -s' on the system is set to 'unlimited'. This may have negative performance implications. Please set the stack size to the default value (10240) 
[1467925990.452849] [node008:16469:0]         sys.c:744  MXM  WARN  Conflicting CPU frequencies detected, using: 1599.28
[1467925990.463296] [node008:16469:0]         mxm.c:196  MXM  WARN  The 'ulimit -s' on the system is set to 'unlimited'. This may have negative performance implications. Please set the stack size to the default value (10240) 
[1467925990.810676] [node016:27166:0]         sys.c:744  MXM  WARN  Conflicting CPU frequencies detected, using: 1492.41
[1467925990.816907] [node016:27166:0]         mxm.c:196  MXM  WARN  The 'ulimit -s' on the system is set to 'unlimited'. This may have negative performance implications. Please set the stack size to the default value (10240) 
[1467925990.808538] [node010:27297:0]         sys.c:744  MXM  WARN  Conflicting CPU frequencies detected, using: 2598.84
[1467925990.814155] [node010:27297:0]         mxm.c:196  MXM  WARN  The 'ulimit -s' on the system is set to 'unlimited'. This may have negative performance implications. Please set the stack size to the default value (10240) 
[1467925990.808538] [node010:27297:0]         sys.c:744  MXM  WARN  Conflicting CPU frequencies detected, using: 2598.84
[1467925990.814429] [node010:27297:0]         mxm.c:196  MXM  WARN  The 'ulimit -s' on the system is set to 'unlimited'. This may have negative performance implications. Please set the stack size to the default value (10240) 
[1467925990.816130] [node019:21168:0]         sys.c:744  MXM  WARN  Conflicting CPU frequencies detected, using: 1887.19
[1467925990.822440] [node019:21168:0]         mxm.c:196  MXM  WARN  The 'ulimit -s' on the system is set to 'unlimited'. This may have negative performance implications. Please set the stack size to the default value (10240) 
[1467925990.816130] [node019:21168:0]         sys.c:744  MXM  WARN  Conflicting CPU frequencies detected, using: 1887.19
[1467925990.821918] [node019:21168:0]         mxm.c:196  MXM  WARN  The 'ulimit -s' on the system is set to 'unlimited'. This may have negative performance implications. Please set the stack size to the default value (10240) 
[1467925990.810676] [node016:27166:0]         sys.c:744  MXM  WARN  Conflicting CPU frequencies detected, using: 1492.41
[1467925990.816488] [node016:27166:0]         mxm.c:196  MXM  WARN  The 'ulimit -s' on the system is set to 'unlimited'. This may have negative performance implications. Please set the stack size to the default value (10240) 
[1467925990.810786] [node014:7886 :0]         sys.c:744  MXM  WARN  Conflicting CPU frequencies detected, using: 1499.81
[1467925990.817412] [node014:7886 :0]         mxm.c:196  MXM  WARN  The 'ulimit -s' on the system is set to 'unlimited'. This may have negative performance implications. Please set the stack size to the default value (10240) 
[1467925990.810786] [node014:7886 :0]         sys.c:744  MXM  WARN  Conflicting CPU frequencies detected, using: 1499.81
[1467925990.817028] [node014:7886 :0]         mxm.c:196  MXM  WARN  The 'ulimit -s' on the system is set to 'unlimited'. This may have negative performance implications. Please set the stack size to the default value (10240) 
[1467925990.818596] [node021:25179:0]         sys.c:744  MXM  WARN  Conflicting CPU frequencies detected, using: 1603.50
[1467925990.825112] [node021:25179:0]         mxm.c:196  MXM  WARN  The 'ulimit -s' on the system is set to 'unlimited'. This may have negative performance implications. Please set the stack size to the default value (10240) 
[1467925990.818596] [node021:25179:0]         sys.c:744  MXM  WARN  Conflicting CPU frequencies detected, using: 1603.50
[1467925990.825024] [node021:25179:0]         mxm.c:196  MXM  WARN  The 'ulimit -s' on the system is set to 'unlimited'. This may have negative performance implications. Please set the stack size to the default value (10240) 
[1467925990.813120] [node012:18926:0]         sys.c:744  MXM  WARN  Conflicting CPU frequencies detected, using: 2782.50
[1467925990.823968] [node012:18926:0]         mxm.c:196  MXM  WARN  The 'ulimit -s' on the system is set to 'unlimited'. This may have negative performance implications. Please set the stack size to the default value (10240) 
[1467925990.800975] [node017:27566:0]         sys.c:744  MXM  WARN  Conflicting CPU frequencies detected, using: 2173.69
[1467925990.812855] [node017:27566:0]         mxm.c:196  MXM  WARN  The 'ulimit -s' on the system is set to 'unlimited'. This may have negative performance implications. Please set the stack size to the default value (10240) 
[1467925990.813120] [node012:18926:0]         sys.c:744  MXM  WARN  Conflicting CPU frequencies detected, using: 2782.50
[1467925990.824931] [node012:18926:0]         mxm.c:196  MXM  WARN  The 'ulimit -s' on the system is set to 'unlimited'. This may have negative performance implications. Please set the stack size to the default value (10240) 
[1467925990.806781] [node023:25160:0]         sys.c:744  MXM  WARN  Conflicting CPU frequencies detected, using: 2123.62
[1467925990.818679] [node023:25160:0]         mxm.c:196  MXM  WARN  The 'ulimit -s' on the system is set to 'unlimited'. This may have negative performance implications. Please set the stack size to the default value (10240) 
[1467925990.824445] [node011:27912:0]         sys.c:744  MXM  WARN  Conflicting CPU frequencies detected, using: 1796.62
[1467925990.836418] [node011:27912:0]         mxm.c:196  MXM  WARN  The 'ulimit -s' on the system is set to 'unlimited'. This may have negative performance implications. Please set the stack size to the default value (10240) 
[1467925990.809560] [node015:5484 :0]         sys.c:744  MXM  WARN  Conflicting CPU frequencies detected, using: 1923.66
[1467925990.821552] [node015:5484 :0]         mxm.c:196  MXM  WARN  The 'ulimit -s' on the system is set to 'unlimited'. This may have negative performance implications. Please set the stack size to the default value (10240) 
[1467925990.816035] [node022:21948:0]         sys.c:744  MXM  WARN  Conflicting CPU frequencies detected, using: 2616.09
[1467925990.827078] [node022:21948:0]         mxm.c:196  MXM  WARN  The 'ulimit -s' on the system is set to 'unlimited'. This may have negative performance implications. Please set the stack size to the default value (10240) 
[1467925990.816035] [node022:21948:0]         sys.c:744  MXM  WARN  Conflicting CPU frequencies detected, using: 2616.09
[1467925990.828107] [node022:21948:0]         mxm.c:196  MXM  WARN  The 'ulimit -s' on the system is set to 'unlimited'. This may have negative performance implications. Please set the stack size to the default value (10240) 
[1467925990.816941] [node009:604  :0]         sys.c:744  MXM  WARN  Conflicting CPU frequencies detected, using: 2052.84
[1467925990.829038] [node009:604  :0]         mxm.c:196  MXM  WARN  The 'ulimit -s' on the system is set to 'unlimited'. This may have negative performance implications. Please set the stack size to the default value (10240) 
[1467925990.820417] [node018:24431:0]         sys.c:744  MXM  WARN  Conflicting CPU frequencies detected, using: 1500.09
[1467925990.831672] [node018:24431:0]         mxm.c:196  MXM  WARN  The 'ulimit -s' on the system is set to 'unlimited'. This may have negative performance implications. Please set the stack size to the default value (10240) 
[1467925990.810115] [node020:9809 :0]         sys.c:744  MXM  WARN  Conflicting CPU frequencies detected, using: 1795.69
[1467925990.821956] [node020:9809 :0]         mxm.c:196  MXM  WARN  The 'ulimit -s' on the system is set to 'unlimited'. This may have negative performance implications. Please set the stack size to the default value (10240) 
[1467925990.810115] [node020:9809 :0]         sys.c:744  MXM  WARN  Conflicting CPU frequencies detected, using: 1795.69
[1467925990.821196] [node020:9809 :0]         mxm.c:196  MXM  WARN  The 'ulimit -s' on the system is set to 'unlimited'. This may have negative performance implications. Please set the stack size to the default value (10240) 
[1467925990.801572] [node013:9822 :0]         sys.c:744  MXM  WARN  Conflicting CPU frequencies detected, using: 1570.22
[1467925990.813857] [node013:9822 :0]         mxm.c:196  MXM  WARN  The 'ulimit -s' on the system is set to 'unlimited'. This may have negative performance implications. Please set the stack size to the default value (10240) 
[1467925990.800975] [node017:27566:0]         sys.c:744  MXM  WARN  Conflicting CPU frequencies detected, using: 2173.69
[1467925990.811894] [node017:27566:0]         mxm.c:196  MXM  WARN  The 'ulimit -s' on the system is set to 'unlimited'. This may have negative performance implications. Please set the stack size to the default value (10240) 
[1467925990.809560] [node015:5484 :0]         sys.c:744  MXM  WARN  Conflicting CPU frequencies detected, using: 1923.66
[1467925990.820806] [node015:5484 :0]         mxm.c:196  MXM  WARN  The 'ulimit -s' on the system is set to 'unlimited'. This may have negative performance implications. Please set the stack size to the default value (10240) 
[1467925990.824445] [node011:27912:0]         sys.c:744  MXM  WARN  Conflicting CPU frequencies detected, using: 1796.62
[1467925990.835625] [node011:27912:0]         mxm.c:196  MXM  WARN  The 'ulimit -s' on the system is set to 'unlimited'. This may have negative performance implications. Please set the stack size to the default value (10240) 
[1467925990.801572] [node013:9822 :0]         sys.c:744  MXM  WARN  Conflicting CPU frequencies detected, using: 1570.22
[1467925990.812889] [node013:9822 :0]         mxm.c:196  MXM  WARN  The 'ulimit -s' on the system is set to 'unlimited'. This may have negative performance implications. Please set the stack size to the default value (10240) 
[1467925990.806781] [node023:25160:0]         sys.c:744  MXM  WARN  Conflicting CPU frequencies detected, using: 2123.62
[1467925990.817903] [node023:25160:0]         mxm.c:196  MXM  WARN  The 'ulimit -s' on the system is set to 'unlimited'. This may have negative performance implications. Please set the stack size to the default value (10240) 
[1467925990.816941] [node009:604  :0]         sys.c:744  MXM  WARN  Conflicting CPU frequencies detected, using: 2052.84
[1467925990.828248] [node009:604  :0]         mxm.c:196  MXM  WARN  The 'ulimit -s' on the system is set to 'unlimited'. This may have negative performance implications. Please set the stack size to the default value (10240) 
[1467925990.820417] [node018:24431:0]         sys.c:744  MXM  WARN  Conflicting CPU frequencies detected, using: 1500.09
[1467925990.832454] [node018:24431:0]         mxm.c:196  MXM  WARN  The 'ulimit -s' on the system is set to 'unlimited'. This may have negative performance implications. Please set the stack size to the default value (10240) 
UPCR: UPC thread  1 of 32 on node008 (pshm node  0 of 16, process  1 of 32, pid=16486)
UPCR: UPC thread  0 of 32 on node008 (pshm node  0 of 16, process  0 of 32, pid=16485)
UPCR: UPC thread 31 of 32 on node023 (pshm node 15 of 16, process 31 of 32, pid=25203)
UPCR: UPC thread 30 of 32 on node023 (pshm node 15 of 16, process 30 of 32, pid=25202)
UPCR: UPC thread 11 of 32 on node013 (pshm node  5 of 16, process 11 of 32, pid=9865)
UPCR: UPC thread 10 of 32 on node013 (pshm node  5 of 16, process 10 of 32, pid=9864)
UPCR: UPC thread  7 of 32 on node011 (pshm node  3 of 16, process  7 of 32, pid=27956)
UPCR: UPC thread  6 of 32 on node011 (pshm node  3 of 16, process  6 of 32, pid=27955)
UPCR: UPC thread 13 of 32 on node014 (pshm node  6 of 16, process 13 of 32, pid=7929)
UPCR: UPC thread 12 of 32 on node014 (pshm node  6 of 16, process 12 of 32, pid=7928)
UPCR: UPC thread 17 of 32 on node016 (pshm node  8 of 16, process 17 of 32, pid=27209)
UPCR: UPC thread 16 of 32 on node016 (pshm node  8 of 16, process 16 of 32, pid=27208)
UPCR: UPC thread 19 of 32 on node017 (pshm node  9 of 16, process 19 of 32, pid=27609)
UPCR: UPC thread 18 of 32 on node017 (pshm node  9 of 16, process 18 of 32, pid=27608)
UPCR: UPC thread 15 of 32 on node015 (pshm node  7 of 16, process 15 of 32, pid=5527)
UPCR: UPC thread 14 of 32 on node015 (pshm node  7 of 16, process 14 of 32, pid=5526)
UPCR: UPC thread 25 of 32 on node020 (pshm node 12 of 16, process 25 of 32, pid=9852)
UPCR: UPC thread 24 of 32 on node020 (pshm node 12 of 16, process 24 of 32, pid=9851)
UPCR: UPC thread 27 of 32 on node021 (pshm node 13 of 16, process 27 of 32, pid=25222)
UPCR: UPC thread 26 of 32 on node021 (pshm node 13 of 16, process 26 of 32, pid=25221)
UPCR: UPC thread 29 of 32 on node022 (pshm node 14 of 16, process 29 of 32, pid=21991)
UPCR: UPC thread 28 of 32 on node022 (pshm node 14 of 16, process 28 of 32, pid=21990)
UPCR: UPC thread  9 of 32 on node012 (pshm node  4 of 16, process  9 of 32, pid=18969)
UPCR: UPC thread  8 of 32 on node012 (pshm node  4 of 16, process  8 of 32, pid=18968)
UPCR: UPC thread 22 of 32 on node019 (pshm node 11 of 16, process 22 of 32, pid=21210)
UPCR: UPC thread 23 of 32 on node019 (pshm node 11 of 16, process 23 of 32, pid=21211)
UPCR: UPC thread  5 of 32 on node010 (pshm node  2 of 16, process  5 of 32, pid=27340)
UPCR: UPC thread  4 of 32 on node010 (pshm node  2 of 16, process  4 of 32, pid=27339)
UPCR: UPC thread  3 of 32 on node009 (pshm node  1 of 16, process  3 of 32, pid=647)
UPCR: UPC thread  2 of 32 on node009 (pshm node  1 of 16, process  2 of 32, pid=646)
UPCR: UPC thread 21 of 32 on node018 (pshm node 10 of 16, process 21 of 32, pid=24474)
UPCR: UPC thread 20 of 32 on node018 (pshm node 10 of 16, process 20 of 32, pid=24473)
using a cache granularity of 8
using linear probing in the BDD table
using a memoization table of 2^25 = 33554432 entries (~1280 MB) per thread
using a BDD table of 2^26 = 67108864 entries (~1536 MB) per thread
Initializing /home/oortwijn/distdd/models/beem/brp2.3.bdd!
vector size: 19
bits per integer: 5
number of BDD variables: 95
Loading initial states: 
Initial states loaded... 
Loading transition relations... 
19 integers per state, 5 bits per integer, 26 transition groups
BDD nodes:
Initial states: 95 BDD nodes
Transition 0: 7507 BDD nodes
Transition 1: 111 BDD nodes
Transition 2: 58 BDD nodes
Transition 3: 94 BDD nodes
Transition 4: 57 BDD nodes
Transition 5: 0 BDD nodes
Transition 6: 57 BDD nodes
Transition 7: 330 BDD nodes
Transition 8: 630 BDD nodes
Transition 9: 78 BDD nodes
Transition 10: 0 BDD nodes
Transition 11: 47 BDD nodes
Transition 12: 93 BDD nodes
Transition 13: 39 BDD nodes
Transition 14: 200 BDD nodes
Transition 15: 162 BDD nodes
Transition 16: 0 BDD nodes
Transition 17: 0 BDD nodes
Transition 18: 39 BDD nodes
Transition 19: 41 BDD nodes
Transition 20: 31 BDD nodes
Transition 21: 46 BDD nodes
Transition 22: 90 BDD nodes
Transition 23: 39 BDD nodes
Transition 24: 46 BDD nodes
Transition 25: 32 BDD nodes
Level 1... done.
Level 2... done.
Level 3... done.
Level 4... done.
Level 5... done.
Level 6... done.
Level 7... done.
Level 8... done.
Level 9... done.
Level 10... done.
Level 11... done.
Level 12... done.
Level 13... done.
Level 14... done.
Level 15... done.
Level 16... done.
Level 17... done.
Level 18... done.
Level 19... done.
Level 20... done.
Level 21... done.
Level 22... done.
Level 23... done.
Level 24... done.
Level 25... done.
Level 26... done.
Level 27... done.
Level 28... done.
Level 29... done.
Level 30... done.
Level 31... done.
Level 32... done.
Level 33... done.
Level 34... done.
Level 35... done.
Level 36... done.
Level 37... done.
Level 38... done.
Level 39... done.
Level 40... done.
Level 41... done.
Level 42... done.
Level 43... done.
Level 44... done.
Level 45... done.
Level 46... done.
Level 47... done.
Level 48... done.
Level 49... done.
Level 50... done.
Level 51... done.
Level 52... done.
Level 53... done.
Level 54... done.
Level 55... done.
Level 56... done.
Level 57... done.
Level 58... done.
Level 59... done.
Level 60... done.
Level 61... done.
Level 62... done.
Level 63... done.
Level 64... done.
Level 65... done.
Level 66... done.
Level 67... done.
Level 68... done.
Level 69... done.
Level 70... done.
Level 71... done.
Level 72... done.
Level 73... done.
Level 74... done.
Level 75... done.
Level 76... done.
Level 77... done.
Level 78... done.
Level 79... done.
Level 80... done.
Level 81... done.
Level 82... done.
Level 83... done.
Level 84... done.
Level 85... done.
Level 86... done.
Level 87... done.
Level 88... done.
Level 89... done.
Level 90... done.
Level 91... done.
Level 92... done.
Level 93... done.
Level 94... done.
Level 95... done.
Level 96... done.
Level 97... done.
Level 98... done.
Level 99... done.
Level 100... done.
Level 101... done.
Level 102... done.
Level 103... done.
Level 104... done.
Level 105... done.
Level 106... done.
Level 107... done.
Level 108... done.
Level 109... done.
Level 110... done.
Level 111... done.
Level 112... done.
Level 113... done.
Level 114... done.
Level 115... done.
Level 116... done.
Level 117... done.
Level 118... done.
Level 119... done.
Level 120... done.
Level 121... done.
Level 122... done.
Level 123... done.
Level 124... done.
Level 125... done.
Level 126... done.
Level 127... done.
Level 128... done.
Level 129... done.
Level 130... done.
Level 131... done.
Level 132... done.
Level 133... done.
Level 134... done.
Level 135... done.
Level 136... done.
Level 137... done.
Level 138... done.
Level 139... done.
Level 140... done.
Level 141... done.
Level 142... done.
Level 143... done.
Level 144... done.
Level 145... done.
Level 146... done.
Level 147... done.
Level 148... done.
Level 149... done.
Level 150... done.
Level 151... done.
Level 152... done.
Level 153... done.
Level 154... done.
Level 155... done.
Level 156... done.
Level 157... done.
Level 158... done.
Level 159... done.
Level 160... done.
Level 161... done.
Level 162... done.
Level 163... done.
Level 164... done.
Level 165... done.
Level 166... done.
Level 167... done.
PAR Time: 1.840477
Final states: 40184 states
Final states: 43105 BDD nodes
[1467925990.800975] [node017:27566:0]         sys.c:744  MXM  WARN  Conflicting CPU frequencies detected, using: 2173.69
[1467925990.808538] [node010:27297:0]         sys.c:744  MXM  WARN  Conflicting CPU frequencies detected, using: 2598.84
[1467925990.806781] [node023:25160:0]         sys.c:744  MXM  WARN  Conflicting CPU frequencies detected, using: 2123.62
[1467925990.816130] [node019:21168:0]         sys.c:744  MXM  WARN  Conflicting CPU frequencies detected, using: 1887.19
[1467925990.813120] [node012:18926:0]         sys.c:744  MXM  WARN  Conflicting CPU frequencies detected, using: 2782.50
[1467925990.810676] [node016:27166:0]         sys.c:744  MXM  WARN  Conflicting CPU frequencies detected, using: 1492.41
[1467925990.809560] [node015:5484 :0]         sys.c:744  MXM  WARN  Conflicting CPU frequencies detected, using: 1923.66
[1467925990.816941] [node009:604  :0]         sys.c:744  MXM  WARN  Conflicting CPU frequencies detected, using: 2052.84
[1467925990.801572] [node013:9822 :0]         sys.c:744  MXM  WARN  Conflicting CPU frequencies detected, using: 1570.22
[1467925990.810786] [node014:7886 :0]         sys.c:744  MXM  WARN  Conflicting CPU frequencies detected, using: 1499.81
[1467925990.818596] [node021:25179:0]         sys.c:744  MXM  WARN  Conflicting CPU frequencies detected, using: 1603.50
[1467925990.810115] [node020:9809 :0]         sys.c:744  MXM  WARN  Conflicting CPU frequencies detected, using: 1795.69
[1467925990.452849] [node008:16469:0]         sys.c:744  MXM  WARN  Conflicting CPU frequencies detected, using: 1599.28
[1467925990.820417] [node018:24431:0]         sys.c:744  MXM  WARN  Conflicting CPU frequencies detected, using: 1500.09
[1467925990.816035] [node022:21948:0]         sys.c:744  MXM  WARN  Conflicting CPU frequencies detected, using: 2616.09
[1467925990.824445] [node011:27912:0]         sys.c:744  MXM  WARN  Conflicting CPU frequencies detected, using: 1796.62
[1467925990.433821] [node008:16425:0]         sys.c:744  MXM  WARN  Conflicting CPU frequencies detected, using: 1599.28
