performing reachability, flags: -n 128 -N 16 -shared-heap 2GB --tablesize=24 --cachesize=23  
This is upcrun, job spawner for the Berkeley UPC compiler (http://upc.lbl.gov).
upcrun version 2.22.2
Network conduits supported by this installation: smp mxm ibv
[1468029264.552380] [node053:6219 :0]         sys.c:744  MXM  WARN  Conflicting CPU frequencies detected, using: 2099.16
[1468029264.561564] [node053:6219 :0]         mxm.c:196  MXM  WARN  The 'ulimit -s' on the system is set to 'unlimited'. This may have negative performance implications. Please set the stack size to the default value (10240) 
[1468029264.552380] [node053:6219 :0]         sys.c:744  MXM  WARN  Conflicting CPU frequencies detected, using: 2099.16
[1468029264.560307] [node053:6219 :0]         mxm.c:196  MXM  WARN  The 'ulimit -s' on the system is set to 'unlimited'. This may have negative performance implications. Please set the stack size to the default value (10240) 
[1468029264.552380] [node053:6219 :0]         sys.c:744  MXM  WARN  Conflicting CPU frequencies detected, using: 2099.16
[1468029264.560432] [node053:6219 :0]         mxm.c:196  MXM  WARN  The 'ulimit -s' on the system is set to 'unlimited'. This may have negative performance implications. Please set the stack size to the default value (10240) 
[1468029264.552380] [node053:6219 :0]         sys.c:744  MXM  WARN  Conflicting CPU frequencies detected, using: 2099.16
[1468029264.560842] [node053:6219 :0]         mxm.c:196  MXM  WARN  The 'ulimit -s' on the system is set to 'unlimited'. This may have negative performance implications. Please set the stack size to the default value (10240) 
[1468029264.552380] [node053:6219 :0]         sys.c:744  MXM  WARN  Conflicting CPU frequencies detected, using: 2099.16
[1468029264.561037] [node053:6219 :0]         mxm.c:196  MXM  WARN  The 'ulimit -s' on the system is set to 'unlimited'. This may have negative performance implications. Please set the stack size to the default value (10240) 
[1468029264.552380] [node053:6219 :0]         sys.c:744  MXM  WARN  Conflicting CPU frequencies detected, using: 2099.16
[1468029264.559923] [node053:6219 :0]         mxm.c:196  MXM  WARN  The 'ulimit -s' on the system is set to 'unlimited'. This may have negative performance implications. Please set the stack size to the default value (10240) 
[1468029264.552380] [node053:6219 :0]         sys.c:744  MXM  WARN  Conflicting CPU frequencies detected, using: 2099.16
[1468029264.561237] [node053:6219 :0]         mxm.c:196  MXM  WARN  The 'ulimit -s' on the system is set to 'unlimited'. This may have negative performance implications. Please set the stack size to the default value (10240) 
[1468029264.552380] [node053:6219 :0]         sys.c:744  MXM  WARN  Conflicting CPU frequencies detected, using: 2099.16
[1468029264.560892] [node053:6219 :0]         mxm.c:196  MXM  WARN  The 'ulimit -s' on the system is set to 'unlimited'. This may have negative performance implications. Please set the stack size to the default value (10240) 
[1468029264.912680] [node068:15519:0]         sys.c:744  MXM  WARN  Conflicting CPU frequencies detected, using: 1404.47
[1468029264.947836] [node068:15519:0]         mxm.c:196  MXM  WARN  The 'ulimit -s' on the system is set to 'unlimited'. This may have negative performance implications. Please set the stack size to the default value (10240) 
[1468029264.912680] [node068:15519:0]         sys.c:744  MXM  WARN  Conflicting CPU frequencies detected, using: 1404.47
[1468029264.948525] [node068:15519:0]         mxm.c:196  MXM  WARN  The 'ulimit -s' on the system is set to 'unlimited'. This may have negative performance implications. Please set the stack size to the default value (10240) 
[1468029264.912680] [node068:15519:0]         sys.c:744  MXM  WARN  Conflicting CPU frequencies detected, using: 1404.47
[1468029264.911489] [node062:9181 :0]         sys.c:744  MXM  WARN  Conflicting CPU frequencies detected, using: 1709.91
[1468029264.914843] [node056:31623:0]         sys.c:744  MXM  WARN  Conflicting CPU frequencies detected, using: 1494.19
[1468029264.916875] [node064:21543:0]         sys.c:744  MXM  WARN  Conflicting CPU frequencies detected, using: 1694.81
[1468029264.916875] [node064:21543:0]         sys.c:744  MXM  WARN  Conflicting CPU frequencies detected, using: 1694.81
[1468029264.913599] [node063:16129:0]         sys.c:744  MXM  WARN  Conflicting CPU frequencies detected, using: 1486.59
[1468029264.921010] [node063:16129:0]         mxm.c:196  MXM  WARN  The 'ulimit -s' on the system is set to 'unlimited'. This may have negative performance implications. Please set the stack size to the default value (10240) 
[1468029264.913599] [node063:16129:0]         sys.c:744  MXM  WARN  Conflicting CPU frequencies detected, using: 1486.59
[1468029264.920529] [node063:16129:0]         mxm.c:196  MXM  WARN  The 'ulimit -s' on the system is set to 'unlimited'. This may have negative performance implications. Please set the stack size to the default value (10240) 
[1468029264.913599] [node063:16129:0]         sys.c:744  MXM  WARN  Conflicting CPU frequencies detected, using: 1486.59
[1468029264.921288] [node063:16129:0]         mxm.c:196  MXM  WARN  The 'ulimit -s' on the system is set to 'unlimited'. This may have negative performance implications. Please set the stack size to the default value (10240) 
[1468029264.907856] [node060:32215:0]         sys.c:744  MXM  WARN  Conflicting CPU frequencies detected, using: 1549.12
[1468029264.917016] [node060:32215:0]         mxm.c:196  MXM  WARN  The 'ulimit -s' on the system is set to 'unlimited'. This may have negative performance implications. Please set the stack size to the default value (10240) 
[1468029264.907876] [node061:5879 :0]         sys.c:744  MXM  WARN  Conflicting CPU frequencies detected, using: 1368.00
[1468029264.916507] [node061:5879 :0]         mxm.c:196  MXM  WARN  The 'ulimit -s' on the system is set to 'unlimited'. This may have negative performance implications. Please set the stack size to the default value (10240) 
[1468029264.907876] [node061:5879 :0]         sys.c:744  MXM  WARN  Conflicting CPU frequencies detected, using: 1368.00
[1468029264.916434] [node061:5879 :0]         mxm.c:196  MXM  WARN  The 'ulimit -s' on the system is set to 'unlimited'. This may have negative performance implications. Please set the stack size to the default value (10240) 
[1468029264.907876] [node061:5879 :0]         sys.c:744  MXM  WARN  Conflicting CPU frequencies detected, using: 1368.00
[1468029264.915395] [node061:5879 :0]         mxm.c:196  MXM  WARN  The 'ulimit -s' on the system is set to 'unlimited'. This may have negative performance implications. Please set the stack size to the default value (10240) 
[1468029264.907856] [node060:32215:0]         sys.c:744  MXM  WARN  Conflicting CPU frequencies detected, using: 1549.12
[1468029264.915222] [node060:32215:0]         mxm.c:196  MXM  WARN  The 'ulimit -s' on the system is set to 'unlimited'. This may have negative performance implications. Please set the stack size to the default value (10240) 
[1468029264.907876] [node061:5879 :0]         sys.c:744  MXM  WARN  Conflicting CPU frequencies detected, using: 1368.00
[1468029264.914246] [node061:5879 :0]         mxm.c:196  MXM  WARN  The 'ulimit -s' on the system is set to 'unlimited'. This may have negative performance implications. Please set the stack size to the default value (10240) 
[1468029264.907876] [node061:5879 :0]         sys.c:744  MXM  WARN  Conflicting CPU frequencies detected, using: 1368.00
[1468029264.914787] [node061:5879 :0]         mxm.c:196  MXM  WARN  The 'ulimit -s' on the system is set to 'unlimited'. This may have negative performance implications. Please set the stack size to the default value (10240) 
[1468029264.907876] [node061:5879 :0]         sys.c:744  MXM  WARN  Conflicting CPU frequencies detected, using: 1368.00
[1468029264.916246] [node061:5879 :0]         mxm.c:196  MXM  WARN  The 'ulimit -s' on the system is set to 'unlimited'. This may have negative performance implications. Please set the stack size to the default value (10240) 
[1468029264.907876] [node061:5879 :0]         sys.c:744  MXM  WARN  Conflicting CPU frequencies detected, using: 1368.00
[1468029264.914934] [node061:5879 :0]         mxm.c:196  MXM  WARN  The 'ulimit -s' on the system is set to 'unlimited'. This may have negative performance implications. Please set the stack size to the default value (10240) 
[1468029264.907876] [node061:5879 :0]         sys.c:744  MXM  WARN  Conflicting CPU frequencies detected, using: 1368.00
[1468029264.916352] [node061:5879 :0]         mxm.c:196  MXM  WARN  The 'ulimit -s' on the system is set to 'unlimited'. This may have negative performance implications. Please set the stack size to the default value (10240) 
[1468029264.907856] [node060:32215:0]         sys.c:744  MXM  WARN  Conflicting CPU frequencies detected, using: 1549.12
[1468029264.915851] [node060:32215:0]         mxm.c:196  MXM  WARN  The 'ulimit -s' on the system is set to 'unlimited'. This may have negative performance implications. Please set the stack size to the default value (10240) 
[1468029264.907856] [node060:32215:0]         sys.c:744  MXM  WARN  Conflicting CPU frequencies detected, using: 1549.12
[1468029264.914449] [node060:32215:0]         mxm.c:196  MXM  WARN  The 'ulimit -s' on the system is set to 'unlimited'. This may have negative performance implications. Please set the stack size to the default value (10240) 
[1468029264.906895] [node059:30830:0]         sys.c:744  MXM  WARN  Conflicting CPU frequencies detected, using: 1455.75
[1468029264.916001] [node059:30830:0]         mxm.c:196  MXM  WARN  The 'ulimit -s' on the system is set to 'unlimited'. This may have negative performance implications. Please set the stack size to the default value (10240) 
[1468029264.911002] [node057:28101:0]         sys.c:744  MXM  WARN  Conflicting CPU frequencies detected, using: 1492.88
[1468029264.918077] [node057:28101:0]         mxm.c:196  MXM  WARN  The 'ulimit -s' on the system is set to 'unlimited'. This may have negative performance implications. Please set the stack size to the default value (10240) 
[1468029264.911002] [node057:28101:0]         sys.c:744  MXM  WARN  Conflicting CPU frequencies detected, using: 1492.88
[1468029264.918659] [node057:28101:0]         mxm.c:196  MXM  WARN  The 'ulimit -s' on the system is set to 'unlimited'. This may have negative performance implications. Please set the stack size to the default value (10240) 
[1468029264.911002] [node057:28101:0]         sys.c:744  MXM  WARN  Conflicting CPU frequencies detected, using: 1492.88
[1468029264.919493] [node057:28101:0]         mxm.c:196  MXM  WARN  The 'ulimit -s' on the system is set to 'unlimited'. This may have negative performance implications. Please set the stack size to the default value (10240) 
[1468029264.906895] [node059:30830:0]         sys.c:744  MXM  WARN  Conflicting CPU frequencies detected, using: 1455.75
[1468029264.914136] [node059:30830:0]         mxm.c:196  MXM  WARN  The 'ulimit -s' on the system is set to 'unlimited'. This may have negative performance implications. Please set the stack size to the default value (10240) 
[1468029264.906895] [node059:30830:0]         sys.c:744  MXM  WARN  Conflicting CPU frequencies detected, using: 1455.75
[1468029264.915874] [node059:30830:0]         mxm.c:196  MXM  WARN  The 'ulimit -s' on the system is set to 'unlimited'. This may have negative performance implications. Please set the stack size to the default value (10240) 
[1468029264.911132] [node065:12688:0]         sys.c:744  MXM  WARN  Conflicting CPU frequencies detected, using: 1884.38
[1468029264.919399] [node065:12688:0]         mxm.c:196  MXM  WARN  The 'ulimit -s' on the system is set to 'unlimited'. This may have negative performance implications. Please set the stack size to the default value (10240) 
[1468029264.911132] [node065:12688:0]         sys.c:744  MXM  WARN  Conflicting CPU frequencies detected, using: 1884.38
[1468029264.918632] [node065:12688:0]         mxm.c:196  MXM  WARN  The 'ulimit -s' on the system is set to 'unlimited'. This may have negative performance implications. Please set the stack size to the default value (10240) 
[1468029264.911132] [node065:12688:0]         sys.c:744  MXM  WARN  Conflicting CPU frequencies detected, using: 1884.38
[1468029264.920344] [node065:12688:0]         mxm.c:196  MXM  WARN  The 'ulimit -s' on the system is set to 'unlimited'. This may have negative performance implications. Please set the stack size to the default value (10240) 
[1468029264.911132] [node065:12688:0]         sys.c:744  MXM  WARN  Conflicting CPU frequencies detected, using: 1884.38
[1468029264.919937] [node065:12688:0]         mxm.c:196  MXM  WARN  The 'ulimit -s' on the system is set to 'unlimited'. This may have negative performance implications. Please set the stack size to the default value (10240) 
[1468029264.911002] [node057:28101:0]         sys.c:744  MXM  WARN  Conflicting CPU frequencies detected, using: 1492.88
[1468029264.918516] [node057:28101:0]         mxm.c:196  MXM  WARN  The 'ulimit -s' on the system is set to 'unlimited'. This may have negative performance implications. Please set the stack size to the default value (10240) 
[1468029264.911002] [node057:28101:0]         sys.c:744  MXM  WARN  Conflicting CPU frequencies detected, using: 1492.88
[1468029264.917985] [node057:28101:0]         mxm.c:196  MXM  WARN  The 'ulimit -s' on the system is set to 'unlimited'. This may have negative performance implications. Please set the stack size to the default value (10240) 
[1468029264.911002] [node057:28101:0]         sys.c:744  MXM  WARN  Conflicting CPU frequencies detected, using: 1492.88
[1468029264.919334] [node057:28101:0]         mxm.c:196  MXM  WARN  The 'ulimit -s' on the system is set to 'unlimited'. This may have negative performance implications. Please set the stack size to the default value (10240) 
[1468029264.906895] [node059:30830:0]         sys.c:744  MXM  WARN  Conflicting CPU frequencies detected, using: 1455.75
[1468029264.915104] [node059:30830:0]         mxm.c:196  MXM  WARN  The 'ulimit -s' on the system is set to 'unlimited'. This may have negative performance implications. Please set the stack size to the default value (10240) 
[1468029264.906895] [node059:30830:0]         sys.c:744  MXM  WARN  Conflicting CPU frequencies detected, using: 1455.75
[1468029264.915747] [node059:30830:0]         mxm.c:196  MXM  WARN  The 'ulimit -s' on the system is set to 'unlimited'. This may have negative performance implications. Please set the stack size to the default value (10240) 
[1468029264.911132] [node065:12688:0]         sys.c:744  MXM  WARN  Conflicting CPU frequencies detected, using: 1884.38
[1468029264.920072] [node065:12688:0]         mxm.c:196  MXM  WARN  The 'ulimit -s' on the system is set to 'unlimited'. This may have negative performance implications. Please set the stack size to the default value (10240) 
[1468029264.911132] [node065:12688:0]         sys.c:744  MXM  WARN  Conflicting CPU frequencies detected, using: 1884.38
[1468029264.918356] [node065:12688:0]         mxm.c:196  MXM  WARN  The 'ulimit -s' on the system is set to 'unlimited'. This may have negative performance implications. Please set the stack size to the default value (10240) 
[1468029264.907856] [node060:32215:0]         sys.c:744  MXM  WARN  Conflicting CPU frequencies detected, using: 1549.12
[1468029264.915976] [node060:32215:0]         mxm.c:196  MXM  WARN  The 'ulimit -s' on the system is set to 'unlimited'. This may have negative performance implications. Please set the stack size to the default value (10240) 
[1468029264.911132] [node065:12688:0]         sys.c:744  MXM  WARN  Conflicting CPU frequencies detected, using: 1884.38
[1468029264.919201] [node065:12688:0]         mxm.c:196  MXM  WARN  The 'ulimit -s' on the system is set to 'unlimited'. This may have negative performance implications. Please set the stack size to the default value (10240) 
[1468029264.907856] [node060:32215:0]         sys.c:744  MXM  WARN  Conflicting CPU frequencies detected, using: 1549.12
[1468029264.916348] [node060:32215:0]         mxm.c:196  MXM  WARN  The 'ulimit -s' on the system is set to 'unlimited'. This may have negative performance implications. Please set the stack size to the default value (10240) 
[1468029264.916561] [node058:27465:0]         sys.c:744  MXM  WARN  Conflicting CPU frequencies detected, using: 1491.09
[1468029264.922801] [node058:27465:0]         mxm.c:196  MXM  WARN  The 'ulimit -s' on the system is set to 'unlimited'. This may have negative performance implications. Please set the stack size to the default value (10240) 
[1468029264.916561] [node058:27465:0]         sys.c:744  MXM  WARN  Conflicting CPU frequencies detected, using: 1491.09
[1468029264.925573] [node058:27465:0]         mxm.c:196  MXM  WARN  The 'ulimit -s' on the system is set to 'unlimited'. This may have negative performance implications. Please set the stack size to the default value (10240) 
[1468029264.911132] [node065:12688:0]         sys.c:744  MXM  WARN  Conflicting CPU frequencies detected, using: 1884.38
[1468029264.919004] [node065:12688:0]         mxm.c:196  MXM  WARN  The 'ulimit -s' on the system is set to 'unlimited'. This may have negative performance implications. Please set the stack size to the default value (10240) 
[1468029264.907856] [node060:32215:0]         sys.c:744  MXM  WARN  Conflicting CPU frequencies detected, using: 1549.12
[1468029264.916899] [node060:32215:0]         mxm.c:196  MXM  WARN  The 'ulimit -s' on the system is set to 'unlimited'. This may have negative performance implications. Please set the stack size to the default value (10240) 
[1468029264.906895] [node059:30830:0]         sys.c:744  MXM  WARN  Conflicting CPU frequencies detected, using: 1455.75
[1468029264.915605] [node059:30830:0]         mxm.c:196  MXM  WARN  The 'ulimit -s' on the system is set to 'unlimited'. This may have negative performance implications. Please set the stack size to the default value (10240) 
[1468029264.906895] [node059:30830:0]         sys.c:744  MXM  WARN  Conflicting CPU frequencies detected, using: 1455.75
[1468029264.915219] [node059:30830:0]         mxm.c:196  MXM  WARN  The 'ulimit -s' on the system is set to 'unlimited'. This may have negative performance implications. Please set the stack size to the default value (10240) 
[1468029264.916561] [node058:27465:0]         sys.c:744  MXM  WARN  Conflicting CPU frequencies detected, using: 1491.09
[1468029264.925054] [node058:27465:0]         mxm.c:196  MXM  WARN  The 'ulimit -s' on the system is set to 'unlimited'. This may have negative performance implications. Please set the stack size to the default value (10240) 
[1468029264.916561] [node058:27465:0]         sys.c:744  MXM  WARN  Conflicting CPU frequencies detected, using: 1491.09
[1468029264.925472] [node058:27465:0]         mxm.c:196  MXM  WARN  The 'ulimit -s' on the system is set to 'unlimited'. This may have negative performance implications. Please set the stack size to the default value (10240) 
[1468029264.916561] [node058:27465:0]         sys.c:744  MXM  WARN  Conflicting CPU frequencies detected, using: 1491.09
[1468029264.924506] [node058:27465:0]         mxm.c:196  MXM  WARN  The 'ulimit -s' on the system is set to 'unlimited'. This may have negative performance implications. Please set the stack size to the default value (10240) 
[1468029264.916561] [node058:27465:0]         sys.c:744  MXM  WARN  Conflicting CPU frequencies detected, using: 1491.09
[1468029264.924597] [node058:27465:0]         mxm.c:196  MXM  WARN  The 'ulimit -s' on the system is set to 'unlimited'. This may have negative performance implications. Please set the stack size to the default value (10240) 
[1468029264.907856] [node060:32215:0]         sys.c:744  MXM  WARN  Conflicting CPU frequencies detected, using: 1549.12
[1468029264.916649] [node060:32215:0]         mxm.c:196  MXM  WARN  The 'ulimit -s' on the system is set to 'unlimited'. This may have negative performance implications. Please set the stack size to the default value (10240) 
[1468029264.906895] [node059:30830:0]         sys.c:744  MXM  WARN  Conflicting CPU frequencies detected, using: 1455.75
[1468029264.916105] [node059:30830:0]         mxm.c:196  MXM  WARN  The 'ulimit -s' on the system is set to 'unlimited'. This may have negative performance implications. Please set the stack size to the default value (10240) 
[1468029264.913599] [node063:16129:0]         sys.c:744  MXM  WARN  Conflicting CPU frequencies detected, using: 1486.59
[1468029264.919518] [node063:16129:0]         mxm.c:196  MXM  WARN  The 'ulimit -s' on the system is set to 'unlimited'. This may have negative performance implications. Please set the stack size to the default value (10240) 
[1468029264.913599] [node063:16129:0]         sys.c:744  MXM  WARN  Conflicting CPU frequencies detected, using: 1486.59
[1468029264.922578] [node063:16129:0]         mxm.c:196  MXM  WARN  The 'ulimit -s' on the system is set to 'unlimited'. This may have negative performance implications. Please set the stack size to the default value (10240) 
[1468029264.913599] [node063:16129:0]         sys.c:744  MXM  WARN  Conflicting CPU frequencies detected, using: 1486.59
[1468029264.922757] [node063:16129:0]         mxm.c:196  MXM  WARN  The 'ulimit -s' on the system is set to 'unlimited'. This may have negative performance implications. Please set the stack size to the default value (10240) 
[1468029264.916561] [node058:27465:0]         sys.c:744  MXM  WARN  Conflicting CPU frequencies detected, using: 1491.09
[1468029264.925397] [node058:27465:0]         mxm.c:196  MXM  WARN  The 'ulimit -s' on the system is set to 'unlimited'. This may have negative performance implications. Please set the stack size to the default value (10240) 
[1468029264.913599] [node063:16129:0]         sys.c:744  MXM  WARN  Conflicting CPU frequencies detected, using: 1486.59
[1468029264.921817] [node063:16129:0]         mxm.c:196  MXM  WARN  The 'ulimit -s' on the system is set to 'unlimited'. This may have negative performance implications. Please set the stack size to the default value (10240) 
[1468029264.913599] [node063:16129:0]         sys.c:744  MXM  WARN  Conflicting CPU frequencies detected, using: 1486.59
[1468029264.922379] [node063:16129:0]         mxm.c:196  MXM  WARN  The 'ulimit -s' on the system is set to 'unlimited'. This may have negative performance implications. Please set the stack size to the default value (10240) 
[1468029264.916561] [node058:27465:0]         sys.c:744  MXM  WARN  Conflicting CPU frequencies detected, using: 1491.09
[1468029264.926071] [node058:27465:0]         mxm.c:196  MXM  WARN  The 'ulimit -s' on the system is set to 'unlimited'. This may have negative performance implications. Please set the stack size to the default value (10240) 
[1468029264.911002] [node057:28101:0]         sys.c:744  MXM  WARN  Conflicting CPU frequencies detected, using: 1492.88
[1468029264.920333] [node057:28101:0]         mxm.c:196  MXM  WARN  The 'ulimit -s' on the system is set to 'unlimited'. This may have negative performance implications. Please set the stack size to the default value (10240) 
[1468029264.911002] [node057:28101:0]         sys.c:744  MXM  WARN  Conflicting CPU frequencies detected, using: 1492.88
[1468029264.918857] [node057:28101:0]         mxm.c:196  MXM  WARN  The 'ulimit -s' on the system is set to 'unlimited'. This may have negative performance implications. Please set the stack size to the default value (10240) 
[1468029264.916875] [node064:21543:0]         sys.c:744  MXM  WARN  Conflicting CPU frequencies detected, using: 1694.81
[1468029264.932962] [node064:21543:0]         mxm.c:196  MXM  WARN  The 'ulimit -s' on the system is set to 'unlimited'. This may have negative performance implications. Please set the stack size to the default value (10240) 
[1468029264.912680] [node068:15519:0]         sys.c:744  MXM  WARN  Conflicting CPU frequencies detected, using: 1404.47
[1468029264.940366] [node068:15519:0]         mxm.c:196  MXM  WARN  The 'ulimit -s' on the system is set to 'unlimited'. This may have negative performance implications. Please set the stack size to the default value (10240) 
[1468029264.911489] [node062:9181 :0]         sys.c:744  MXM  WARN  Conflicting CPU frequencies detected, using: 1709.91
[1468029264.937227] [node062:9181 :0]         mxm.c:196  MXM  WARN  The 'ulimit -s' on the system is set to 'unlimited'. This may have negative performance implications. Please set the stack size to the default value (10240) 
[1468029264.906579] [node054:7419 :0]         sys.c:744  MXM  WARN  Conflicting CPU frequencies detected, using: 1823.81
[1468029264.944451] [node054:7419 :0]         mxm.c:196  MXM  WARN  The 'ulimit -s' on the system is set to 'unlimited'. This may have negative performance implications. Please set the stack size to the default value (10240) 
[1468029264.906579] [node054:7419 :0]         sys.c:744  MXM  WARN  Conflicting CPU frequencies detected, using: 1823.81
[1468029264.933913] [node054:7419 :0]         mxm.c:196  MXM  WARN  The 'ulimit -s' on the system is set to 'unlimited'. This may have negative performance implications. Please set the stack size to the default value (10240) 
[1468029264.960697] [node064:21543:0]         mxm.c:196  MXM  WARN  The 'ulimit -s' on the system is set to 'unlimited'. This may have negative performance implications. Please set the stack size to the default value (10240) 
[1468029264.906579] [node054:7419 :0]         sys.c:744  MXM  WARN  Conflicting CPU frequencies detected, using: 1823.81
[1468029264.934632] [node054:7419 :0]         mxm.c:196  MXM  WARN  The 'ulimit -s' on the system is set to 'unlimited'. This may have negative performance implications. Please set the stack size to the default value (10240) 
[1468029264.916875] [node064:21543:0]         sys.c:744  MXM  WARN  Conflicting CPU frequencies detected, using: 1694.81
[1468029264.942599] [node064:21543:0]         mxm.c:196  MXM  WARN  The 'ulimit -s' on the system is set to 'unlimited'. This may have negative performance implications. Please set the stack size to the default value (10240) 
[1468029264.916875] [node064:21543:0]         sys.c:744  MXM  WARN  Conflicting CPU frequencies detected, using: 1694.81
[1468029264.948979] [node064:21543:0]         mxm.c:196  MXM  WARN  The 'ulimit -s' on the system is set to 'unlimited'. This may have negative performance implications. Please set the stack size to the default value (10240) 
[1468029264.912680] [node068:15519:0]         sys.c:744  MXM  WARN  Conflicting CPU frequencies detected, using: 1404.47
[1468029264.937373] [node068:15519:0]         mxm.c:196  MXM  WARN  The 'ulimit -s' on the system is set to 'unlimited'. This may have negative performance implications. Please set the stack size to the default value (10240) 
[1468029264.906579] [node054:7419 :0]         sys.c:744  MXM  WARN  Conflicting CPU frequencies detected, using: 1823.81
[1468029264.939460] [node054:7419 :0]         mxm.c:196  MXM  WARN  The 'ulimit -s' on the system is set to 'unlimited'. This may have negative performance implications. Please set the stack size to the default value (10240) 
[1468029264.913292] [node067:17070:0]         sys.c:744  MXM  WARN  Conflicting CPU frequencies detected, using: 1693.88
[1468029264.943672] [node067:17070:0]         mxm.c:196  MXM  WARN  The 'ulimit -s' on the system is set to 'unlimited'. This may have negative performance implications. Please set the stack size to the default value (10240) 
[1468029264.913292] [node067:17070:0]         sys.c:744  MXM  WARN  Conflicting CPU frequencies detected, using: 1693.88
[1468029264.946923] [node067:17070:0]         mxm.c:196  MXM  WARN  The 'ulimit -s' on the system is set to 'unlimited'. This may have negative performance implications. Please set the stack size to the default value (10240) 
[1468029264.916875] [node064:21543:0]         sys.c:744  MXM  WARN  Conflicting CPU frequencies detected, using: 1694.81
[1468029264.954064] [node064:21543:0]         mxm.c:196  MXM  WARN  The 'ulimit -s' on the system is set to 'unlimited'. This may have negative performance implications. Please set the stack size to the default value (10240) 
[1468029264.913292] [node067:17070:0]         sys.c:744  MXM  WARN  Conflicting CPU frequencies detected, using: 1693.88
[1468029264.945956] [node067:17070:0]         mxm.c:196  MXM  WARN  The 'ulimit -s' on the system is set to 'unlimited'. This may have negative performance implications. Please set the stack size to the default value (10240) 
[1468029264.914843] [node056:31623:0]         sys.c:744  MXM  WARN  Conflicting CPU frequencies detected, using: 1494.19
[1468029264.945866] [node056:31623:0]         mxm.c:196  MXM  WARN  The 'ulimit -s' on the system is set to 'unlimited'. This may have negative performance implications. Please set the stack size to the default value (10240) 
[1468029264.913292] [node067:17070:0]         sys.c:744  MXM  WARN  Conflicting CPU frequencies detected, using: 1693.88
[1468029264.948403] [node067:17070:0]         mxm.c:196  MXM  WARN  The 'ulimit -s' on the system is set to 'unlimited'. This may have negative performance implications. Please set the stack size to the default value (10240) 
[1468029264.911489] [node062:9181 :0]         sys.c:744  MXM  WARN  Conflicting CPU frequencies detected, using: 1709.91
[1468029264.942742] [node062:9181 :0]         mxm.c:196  MXM  WARN  The 'ulimit -s' on the system is set to 'unlimited'. This may have negative performance implications. Please set the stack size to the default value (10240) 
[1468029264.912680] [node068:15519:0]         sys.c:744  MXM  WARN  Conflicting CPU frequencies detected, using: 1404.47
[1468029264.942149] [node068:15519:0]         mxm.c:196  MXM  WARN  The 'ulimit -s' on the system is set to 'unlimited'. This may have negative performance implications. Please set the stack size to the default value (10240) 
[1468029264.912680] [node068:15519:0]         sys.c:744  MXM  WARN  Conflicting CPU frequencies detected, using: 1404.47
[1468029264.944417] [node068:15519:0]         mxm.c:196  MXM  WARN  The 'ulimit -s' on the system is set to 'unlimited'. This may have negative performance implications. Please set the stack size to the default value (10240) 
[1468029264.913292] [node067:17070:0]         sys.c:744  MXM  WARN  Conflicting CPU frequencies detected, using: 1693.88
[1468029264.944447] [node067:17070:0]         mxm.c:196  MXM  WARN  The 'ulimit -s' on the system is set to 'unlimited'. This may have negative performance implications. Please set the stack size to the default value (10240) 
[1468029264.950979] [node062:9181 :0]         mxm.c:196  MXM  WARN  The 'ulimit -s' on the system is set to 'unlimited'. This may have negative performance implications. Please set the stack size to the default value (10240) 
[1468029264.916875] [node064:21543:0]         sys.c:744  MXM  WARN  Conflicting CPU frequencies detected, using: 1694.81
[1468029264.954847] [node064:21543:0]         mxm.c:196  MXM  WARN  The 'ulimit -s' on the system is set to 'unlimited'. This may have negative performance implications. Please set the stack size to the default value (10240) 
[1468029264.949339] [node068:15519:0]         mxm.c:196  MXM  WARN  The 'ulimit -s' on the system is set to 'unlimited'. This may have negative performance implications. Please set the stack size to the default value (10240) 
[1468029264.916875] [node064:21543:0]         sys.c:744  MXM  WARN  Conflicting CPU frequencies detected, using: 1694.81
[1468029264.935249] [node064:21543:0]         mxm.c:196  MXM  WARN  The 'ulimit -s' on the system is set to 'unlimited'. This may have negative performance implications. Please set the stack size to the default value (10240) 
[1468029264.914843] [node056:31623:0]         sys.c:744  MXM  WARN  Conflicting CPU frequencies detected, using: 1494.19
[1468029264.936595] [node056:31623:0]         mxm.c:196  MXM  WARN  The 'ulimit -s' on the system is set to 'unlimited'. This may have negative performance implications. Please set the stack size to the default value (10240) 
[1468029264.914843] [node056:31623:0]         sys.c:744  MXM  WARN  Conflicting CPU frequencies detected, using: 1494.19
[1468029264.948539] [node056:31623:0]         mxm.c:196  MXM  WARN  The 'ulimit -s' on the system is set to 'unlimited'. This may have negative performance implications. Please set the stack size to the default value (10240) 
[1468029264.959204] [node064:21543:0]         mxm.c:196  MXM  WARN  The 'ulimit -s' on the system is set to 'unlimited'. This may have negative performance implications. Please set the stack size to the default value (10240) 
[1468029264.914843] [node056:31623:0]         sys.c:744  MXM  WARN  Conflicting CPU frequencies detected, using: 1494.19
[1468029264.945121] [node056:31623:0]         mxm.c:196  MXM  WARN  The 'ulimit -s' on the system is set to 'unlimited'. This may have negative performance implications. Please set the stack size to the default value (10240) 
[1468029264.913247] [node055:1310 :0]         sys.c:744  MXM  WARN  Conflicting CPU frequencies detected, using: 2520.00
[1468029264.939948] [node055:1310 :0]         mxm.c:196  MXM  WARN  The 'ulimit -s' on the system is set to 'unlimited'. This may have negative performance implications. Please set the stack size to the default value (10240) 
[1468029264.913247] [node055:1310 :0]         sys.c:744  MXM  WARN  Conflicting CPU frequencies detected, using: 2520.00
[1468029264.942273] [node055:1310 :0]         mxm.c:196  MXM  WARN  The 'ulimit -s' on the system is set to 'unlimited'. This may have negative performance implications. Please set the stack size to the default value (10240) 
[1468029264.913247] [node055:1310 :0]         sys.c:744  MXM  WARN  Conflicting CPU frequencies detected, using: 2520.00
[1468029264.940764] [node055:1310 :0]         mxm.c:196  MXM  WARN  The 'ulimit -s' on the system is set to 'unlimited'. This may have negative performance implications. Please set the stack size to the default value (10240) 
[1468029264.913247] [node055:1310 :0]         sys.c:744  MXM  WARN  Conflicting CPU frequencies detected, using: 2520.00
[1468029264.941481] [node055:1310 :0]         mxm.c:196  MXM  WARN  The 'ulimit -s' on the system is set to 'unlimited'. This may have negative performance implications. Please set the stack size to the default value (10240) 
[1468029264.913292] [node067:17070:0]         sys.c:744  MXM  WARN  Conflicting CPU frequencies detected, using: 1693.88
[1468029264.942161] [node067:17070:0]         mxm.c:196  MXM  WARN  The 'ulimit -s' on the system is set to 'unlimited'. This may have negative performance implications. Please set the stack size to the default value (10240) 
[1468029264.914843] [node056:31623:0]         sys.c:744  MXM  WARN  Conflicting CPU frequencies detected, using: 1494.19
[1468029264.938067] [node056:31623:0]         mxm.c:196  MXM  WARN  The 'ulimit -s' on the system is set to 'unlimited'. This may have negative performance implications. Please set the stack size to the default value (10240) 
[1468029264.914843] [node056:31623:0]         sys.c:744  MXM  WARN  Conflicting CPU frequencies detected, using: 1494.19
[1468029264.946802] [node056:31623:0]         mxm.c:196  MXM  WARN  The 'ulimit -s' on the system is set to 'unlimited'. This may have negative performance implications. Please set the stack size to the default value (10240) 
[1468029264.957293] [node056:31623:0]         mxm.c:196  MXM  WARN  The 'ulimit -s' on the system is set to 'unlimited'. This may have negative performance implications. Please set the stack size to the default value (10240) 
[1468029264.914843] [node056:31623:0]         sys.c:744  MXM  WARN  Conflicting CPU frequencies detected, using: 1494.19
[1468029264.949255] [node056:31623:0]         mxm.c:196  MXM  WARN  The 'ulimit -s' on the system is set to 'unlimited'. This may have negative performance implications. Please set the stack size to the default value (10240) 
[1468029264.913247] [node055:1310 :0]         sys.c:744  MXM  WARN  Conflicting CPU frequencies detected, using: 2520.00
[1468029264.949635] [node055:1310 :0]         mxm.c:196  MXM  WARN  The 'ulimit -s' on the system is set to 'unlimited'. This may have negative performance implications. Please set the stack size to the default value (10240) 
[1468029264.913247] [node055:1310 :0]         sys.c:744  MXM  WARN  Conflicting CPU frequencies detected, using: 2520.00
[1468029264.951285] [node055:1310 :0]         mxm.c:196  MXM  WARN  The 'ulimit -s' on the system is set to 'unlimited'. This may have negative performance implications. Please set the stack size to the default value (10240) 
[1468029264.913292] [node067:17070:0]         sys.c:744  MXM  WARN  Conflicting CPU frequencies detected, using: 1693.88
[1468029264.950082] [node067:17070:0]         mxm.c:196  MXM  WARN  The 'ulimit -s' on the system is set to 'unlimited'. This may have negative performance implications. Please set the stack size to the default value (10240) 
[1468029264.913292] [node067:17070:0]         sys.c:744  MXM  WARN  Conflicting CPU frequencies detected, using: 1693.88
[1468029264.941158] [node067:17070:0]         mxm.c:196  MXM  WARN  The 'ulimit -s' on the system is set to 'unlimited'. This may have negative performance implications. Please set the stack size to the default value (10240) 
[1468029264.906579] [node054:7419 :0]         sys.c:744  MXM  WARN  Conflicting CPU frequencies detected, using: 1823.81
[1468029264.936405] [node054:7419 :0]         mxm.c:196  MXM  WARN  The 'ulimit -s' on the system is set to 'unlimited'. This may have negative performance implications. Please set the stack size to the default value (10240) 
[1468029264.906579] [node054:7419 :0]         sys.c:744  MXM  WARN  Conflicting CPU frequencies detected, using: 1823.81
[1468029264.937926] [node054:7419 :0]         mxm.c:196  MXM  WARN  The 'ulimit -s' on the system is set to 'unlimited'. This may have negative performance implications. Please set the stack size to the default value (10240) 
[1468029264.906579] [node054:7419 :0]         sys.c:744  MXM  WARN  Conflicting CPU frequencies detected, using: 1823.81
[1468029264.941902] [node054:7419 :0]         mxm.c:196  MXM  WARN  The 'ulimit -s' on the system is set to 'unlimited'. This may have negative performance implications. Please set the stack size to the default value (10240) 
[1468029264.913247] [node055:1310 :0]         sys.c:744  MXM  WARN  Conflicting CPU frequencies detected, using: 2520.00
[1468029264.948692] [node055:1310 :0]         mxm.c:196  MXM  WARN  The 'ulimit -s' on the system is set to 'unlimited'. This may have negative performance implications. Please set the stack size to the default value (10240) 
[1468029264.913247] [node055:1310 :0]         sys.c:744  MXM  WARN  Conflicting CPU frequencies detected, using: 2520.00
[1468029264.938898] [node055:1310 :0]         mxm.c:196  MXM  WARN  The 'ulimit -s' on the system is set to 'unlimited'. This may have negative performance implications. Please set the stack size to the default value (10240) 
[1468029264.915862] [node066:15155:0]         sys.c:744  MXM  WARN  Conflicting CPU frequencies detected, using: 2538.56
[1468029264.958752] [node066:15155:0]         mxm.c:196  MXM  WARN  The 'ulimit -s' on the system is set to 'unlimited'. This may have negative performance implications. Please set the stack size to the default value (10240) 
[1468029264.915862] [node066:15155:0]         sys.c:744  MXM  WARN  Conflicting CPU frequencies detected, using: 2538.56
[1468029264.947517] [node066:15155:0]         mxm.c:196  MXM  WARN  The 'ulimit -s' on the system is set to 'unlimited'. This may have negative performance implications. Please set the stack size to the default value (10240) 
[1468029264.915862] [node066:15155:0]         sys.c:744  MXM  WARN  Conflicting CPU frequencies detected, using: 2538.56
[1468029264.936472] [node066:15155:0]         mxm.c:196  MXM  WARN  The 'ulimit -s' on the system is set to 'unlimited'. This may have negative performance implications. Please set the stack size to the default value (10240) 
[1468029264.915862] [node066:15155:0]         sys.c:744  MXM  WARN  Conflicting CPU frequencies detected, using: 2538.56
[1468029264.942692] [node066:15155:0]         mxm.c:196  MXM  WARN  The 'ulimit -s' on the system is set to 'unlimited'. This may have negative performance implications. Please set the stack size to the default value (10240) 
[1468029264.915862] [node066:15155:0]         sys.c:744  MXM  WARN  Conflicting CPU frequencies detected, using: 2538.56
[1468029264.945957] [node066:15155:0]         mxm.c:196  MXM  WARN  The 'ulimit -s' on the system is set to 'unlimited'. This may have negative performance implications. Please set the stack size to the default value (10240) 
[1468029264.915862] [node066:15155:0]         sys.c:744  MXM  WARN  Conflicting CPU frequencies detected, using: 2538.56
[1468029264.948283] [node066:15155:0]         mxm.c:196  MXM  WARN  The 'ulimit -s' on the system is set to 'unlimited'. This may have negative performance implications. Please set the stack size to the default value (10240) 
[1468029264.915862] [node066:15155:0]         sys.c:744  MXM  WARN  Conflicting CPU frequencies detected, using: 2538.56
[1468029264.953538] [node066:15155:0]         mxm.c:196  MXM  WARN  The 'ulimit -s' on the system is set to 'unlimited'. This may have negative performance implications. Please set the stack size to the default value (10240) 
[1468029264.906579] [node054:7419 :0]         sys.c:744  MXM  WARN  Conflicting CPU frequencies detected, using: 1823.81
[1468029264.941203] [node054:7419 :0]         mxm.c:196  MXM  WARN  The 'ulimit -s' on the system is set to 'unlimited'. This may have negative performance implications. Please set the stack size to the default value (10240) 
[1468029264.915862] [node066:15155:0]         sys.c:744  MXM  WARN  Conflicting CPU frequencies detected, using: 2538.56
[1468029264.946708] [node066:15155:0]         mxm.c:196  MXM  WARN  The 'ulimit -s' on the system is set to 'unlimited'. This may have negative performance implications. Please set the stack size to the default value (10240) 
[1468029264.911489] [node062:9181 :0]         sys.c:744  MXM  WARN  Conflicting CPU frequencies detected, using: 1709.91
[1468029264.945795] [node062:9181 :0]         mxm.c:196  MXM  WARN  The 'ulimit -s' on the system is set to 'unlimited'. This may have negative performance implications. Please set the stack size to the default value (10240) 
[1468029264.911489] [node062:9181 :0]         sys.c:744  MXM  WARN  Conflicting CPU frequencies detected, using: 1709.91
[1468029264.944227] [node062:9181 :0]         mxm.c:196  MXM  WARN  The 'ulimit -s' on the system is set to 'unlimited'. This may have negative performance implications. Please set the stack size to the default value (10240) 
[1468029264.911489] [node062:9181 :0]         sys.c:744  MXM  WARN  Conflicting CPU frequencies detected, using: 1709.91
[1468029264.940246] [node062:9181 :0]         mxm.c:196  MXM  WARN  The 'ulimit -s' on the system is set to 'unlimited'. This may have negative performance implications. Please set the stack size to the default value (10240) 
[1468029264.911489] [node062:9181 :0]         sys.c:744  MXM  WARN  Conflicting CPU frequencies detected, using: 1709.91
[1468029264.937988] [node062:9181 :0]         mxm.c:196  MXM  WARN  The 'ulimit -s' on the system is set to 'unlimited'. This may have negative performance implications. Please set the stack size to the default value (10240) 
[1468029264.911489] [node062:9181 :0]         sys.c:744  MXM  WARN  Conflicting CPU frequencies detected, using: 1709.91
[1468029264.945024] [node062:9181 :0]         mxm.c:196  MXM  WARN  The 'ulimit -s' on the system is set to 'unlimited'. This may have negative performance implications. Please set the stack size to the default value (10240) 
[1468029264.912680] [node068:15519:0]         sys.c:744  MXM  WARN  Conflicting CPU frequencies detected, using: 1404.47
[1468029264.943669] [node068:15519:0]         mxm.c:196  MXM  WARN  The 'ulimit -s' on the system is set to 'unlimited'. This may have negative performance implications. Please set the stack size to the default value (10240) 
UPCR: UPC thread   4 of 128 on node053 (pshm node  0 of 16, process   4 of 128, pid=6239)
UPCR: UPC thread   2 of 128 on node053 (pshm node  0 of 16, process   2 of 128, pid=6237)
UPCR: UPC thread   3 of 128 on node053 (pshm node  0 of 16, process   3 of 128, pid=6238)
UPCR: UPC thread   0 of 128 on node053 (pshm node  0 of 16, process   0 of 128, pid=6235)
UPCR: UPC thread   1 of 128 on node053 (pshm node  0 of 16, process   1 of 128, pid=6236)
UPCR: UPC thread   7 of 128 on node053 (pshm node  0 of 16, process   7 of 128, pid=6245)
UPCR: UPC thread   6 of 128 on node053 (pshm node  0 of 16, process   6 of 128, pid=6243)
UPCR: UPC thread   5 of 128 on node053 (pshm node  0 of 16, process   5 of 128, pid=6240)
UPCR: UPC thread  42 of 128 on node058 (pshm node  5 of 16, process  42 of 128, pid=27509)
UPCR: UPC thread  41 of 128 on node058 (pshm node  5 of 16, process  41 of 128, pid=27508)
UPCR: UPC thread  43 of 128 on node058 (pshm node  5 of 16, process  43 of 128, pid=27510)
UPCR: UPC thread 104 of 128 on node066 (pshm node 13 of 16, process 104 of 128, pid=15197)
UPCR: UPC thread 111 of 128 on node066 (pshm node 13 of 16, process 111 of 128, pid=15207)
UPCR: UPC thread 106 of 128 on node066 (pshm node 13 of 16, process 106 of 128, pid=15199)
UPCR: UPC thread 107 of 128 on node066 (pshm node 13 of 16, process 107 of 128, pid=15200)
UPCR: UPC thread 108 of 128 on node066 (pshm node 13 of 16, process 108 of 128, pid=15201)
UPCR: UPC thread 110 of 128 on node066 (pshm node 13 of 16, process 110 of 128, pid=15205)
UPCR: UPC thread 109 of 128 on node066 (pshm node 13 of 16, process 109 of 128, pid=15203)
UPCR: UPC thread 105 of 128 on node066 (pshm node 13 of 16, process 105 of 128, pid=15198)
UPCR: UPC thread  23 of 128 on node055 (pshm node  2 of 16, process  23 of 128, pid=1362)
UPCR: UPC thread  17 of 128 on node055 (pshm node  2 of 16, process  17 of 128, pid=1354)
UPCR: UPC thread  21 of 128 on node055 (pshm node  2 of 16, process  21 of 128, pid=1358)
UPCR: UPC thread  18 of 128 on node055 (pshm node  2 of 16, process  18 of 128, pid=1355)
UPCR: UPC thread  19 of 128 on node055 (pshm node  2 of 16, process  19 of 128, pid=1356)
UPCR: UPC thread  22 of 128 on node055 (pshm node  2 of 16, process  22 of 128, pid=1360)
UPCR: UPC thread  20 of 128 on node055 (pshm node  2 of 16, process  20 of 128, pid=1357)
UPCR: UPC thread  16 of 128 on node055 (pshm node  2 of 16, process  16 of 128, pid=1352)
UPCR: UPC thread  45 of 128 on node058 (pshm node  5 of 16, process  45 of 128, pid=27513)
UPCR: UPC thread  44 of 128 on node058 (pshm node  5 of 16, process  44 of 128, pid=27511)
UPCR: UPC thread  46 of 128 on node058 (pshm node  5 of 16, process  46 of 128, pid=27514)
UPCR: UPC thread  40 of 128 on node058 (pshm node  5 of 16, process  40 of 128, pid=27507)
UPCR: UPC thread  47 of 128 on node058 (pshm node  5 of 16, process  47 of 128, pid=27517)
UPCR: UPC thread  52 of 128 on node059 (pshm node  6 of 16, process  52 of 128, pid=30876)
UPCR: UPC thread  54 of 128 on node059 (pshm node  6 of 16, process  54 of 128, pid=30879)
UPCR: UPC thread  51 of 128 on node059 (pshm node  6 of 16, process  51 of 128, pid=30875)
UPCR: UPC thread  50 of 128 on node059 (pshm node  6 of 16, process  50 of 128, pid=30874)
UPCR: UPC thread  53 of 128 on node059 (pshm node  6 of 16, process  53 of 128, pid=30878)
UPCR: UPC thread  55 of 128 on node059 (pshm node  6 of 16, process  55 of 128, pid=30882)
UPCR: UPC thread  95 of 128 on node064 (pshm node 11 of 16, process  95 of 128, pid=21595)
UPCR: UPC thread  93 of 128 on node064 (pshm node 11 of 16, process  93 of 128, pid=21591)
UPCR: UPC thread  94 of 128 on node064 (pshm node 11 of 16, process  94 of 128, pid=21593)
UPCR: UPC thread  90 of 128 on node064 (pshm node 11 of 16, process  90 of 128, pid=21587)
UPCR: UPC thread  91 of 128 on node064 (pshm node 11 of 16, process  91 of 128, pid=21588)
UPCR: UPC thread  88 of 128 on node064 (pshm node 11 of 16, process  88 of 128, pid=21585)
UPCR: UPC thread  33 of 128 on node057 (pshm node  4 of 16, process  33 of 128, pid=28144)
UPCR: UPC thread  36 of 128 on node057 (pshm node  4 of 16, process  36 of 128, pid=28147)
UPCR: UPC thread  34 of 128 on node057 (pshm node  4 of 16, process  34 of 128, pid=28145)
UPCR: UPC thread  35 of 128 on node057 (pshm node  4 of 16, process  35 of 128, pid=28146)
UPCR: UPC thread  38 of 128 on node057 (pshm node  4 of 16, process  38 of 128, pid=28150)
UPCR: UPC thread  39 of 128 on node057 (pshm node  4 of 16, process  39 of 128, pid=28153)
UPCR: UPC thread  37 of 128 on node057 (pshm node  4 of 16, process  37 of 128, pid=28149)
UPCR: UPC thread  32 of 128 on node057 (pshm node  4 of 16, process  32 of 128, pid=28143)
UPCR: UPC thread 117 of 128 on node067 (pshm node 14 of 16, process 117 of 128, pid=17118)
UPCR: UPC thread 118 of 128 on node067 (pshm node 14 of 16, process 118 of 128, pid=17119)
UPCR: UPC thread 114 of 128 on node067 (pshm node 14 of 16, process 114 of 128, pid=17114)
UPCR: UPC thread 115 of 128 on node067 (pshm node 14 of 16, process 115 of 128, pid=17115)
UPCR: UPC thread 119 of 128 on node067 (pshm node 14 of 16, process 119 of 128, pid=17122)
UPCR: UPC thread 113 of 128 on node067 (pshm node 14 of 16, process 113 of 128, pid=17113)
UPCR: UPC thread 116 of 128 on node067 (pshm node 14 of 16, process 116 of 128, pid=17116)
UPCR: UPC thread 112 of 128 on node067 (pshm node 14 of 16, process 112 of 128, pid=17112)
UPCR: UPC thread  26 of 128 on node056 (pshm node  3 of 16, process  26 of 128, pid=31667)
UPCR: UPC thread  27 of 128 on node056 (pshm node  3 of 16, process  27 of 128, pid=31668)
UPCR: UPC thread  28 of 128 on node056 (pshm node  3 of 16, process  28 of 128, pid=31669)
UPCR: UPC thread  29 of 128 on node056 (pshm node  3 of 16, process  29 of 128, pid=31670)
UPCR: UPC thread  31 of 128 on node056 (pshm node  3 of 16, process  31 of 128, pid=31674)
UPCR: UPC thread  25 of 128 on node056 (pshm node  3 of 16, process  25 of 128, pid=31666)
UPCR: UPC thread  30 of 128 on node056 (pshm node  3 of 16, process  30 of 128, pid=31672)
UPCR: UPC thread  24 of 128 on node056 (pshm node  3 of 16, process  24 of 128, pid=31665)
UPCR: UPC thread 125 of 128 on node068 (pshm node 15 of 16, process 125 of 128, pid=15567)
UPCR: UPC thread 122 of 128 on node068 (pshm node 15 of 16, process 122 of 128, pid=15563)
UPCR: UPC thread 124 of 128 on node068 (pshm node 15 of 16, process 124 of 128, pid=15565)
UPCR: UPC thread 123 of 128 on node068 (pshm node 15 of 16, process 123 of 128, pid=15564)
UPCR: UPC thread 127 of 128 on node068 (pshm node 15 of 16, process 127 of 128, pid=15571)
UPCR: UPC thread 126 of 128 on node068 (pshm node 15 of 16, process 126 of 128, pid=15568)
UPCR: UPC thread 121 of 128 on node068 (pshm node 15 of 16, process 121 of 128, pid=15562)
UPCR: UPC thread 120 of 128 on node068 (pshm node 15 of 16, process 120 of 128, pid=15561)
UPCR: UPC thread  49 of 128 on node059 (pshm node  6 of 16, process  49 of 128, pid=30873)
UPCR: UPC thread  48 of 128 on node059 (pshm node  6 of 16, process  48 of 128, pid=30872)
UPCR: UPC thread  83 of 128 on node063 (pshm node 10 of 16, process  83 of 128, pid=16174)
UPCR: UPC thread  84 of 128 on node063 (pshm node 10 of 16, process  84 of 128, pid=16175)
UPCR: UPC thread  86 of 128 on node063 (pshm node 10 of 16, process  86 of 128, pid=16178)
UPCR: UPC thread  85 of 128 on node063 (pshm node 10 of 16, process  85 of 128, pid=16177)
UPCR: UPC thread  87 of 128 on node063 (pshm node 10 of 16, process  87 of 128, pid=16180)
UPCR: UPC thread  82 of 128 on node063 (pshm node 10 of 16, process  82 of 128, pid=16173)
UPCR: UPC thread  80 of 128 on node063 (pshm node 10 of 16, process  80 of 128, pid=16171)
UPCR: UPC thread  81 of 128 on node063 (pshm node 10 of 16, process  81 of 128, pid=16172)
UPCR: UPC thread  96 of 128 on node065 (pshm node 12 of 16, process  96 of 128, pid=12730)
UPCR: UPC thread  97 of 128 on node065 (pshm node 12 of 16, process  97 of 128, pid=12731)
UPCR: UPC thread 100 of 128 on node065 (pshm node 12 of 16, process 100 of 128, pid=12734)
UPCR: UPC thread 103 of 128 on node065 (pshm node 12 of 16, process 103 of 128, pid=12739)
UPCR: UPC thread 101 of 128 on node065 (pshm node 12 of 16, process 101 of 128, pid=12736)
UPCR: UPC thread  98 of 128 on node065 (pshm node 12 of 16, process  98 of 128, pid=12732)
UPCR: UPC thread 102 of 128 on node065 (pshm node 12 of 16, process 102 of 128, pid=12738)
UPCR: UPC thread  99 of 128 on node065 (pshm node 12 of 16, process  99 of 128, pid=12733)
UPCR: UPC thread  92 of 128 on node064 (pshm node 11 of 16, process  92 of 128, pid=21589)
UPCR: UPC thread  89 of 128 on node064 (pshm node 11 of 16, process  89 of 128, pid=21586)
UPCR: UPC thread  14 of 128 on node054 (pshm node  1 of 16, process  14 of 128, pid=7469)
UPCR: UPC thread  13 of 128 on node054 (pshm node  1 of 16, process  13 of 128, pid=7466)
UPCR: UPC thread  10 of 128 on node054 (pshm node  1 of 16, process  10 of 128, pid=7463)
UPCR: UPC thread   9 of 128 on node054 (pshm node  1 of 16, process   9 of 128, pid=7462)
UPCR: UPC thread  15 of 128 on node054 (pshm node  1 of 16, process  15 of 128, pid=7471)
UPCR: UPC thread  11 of 128 on node054 (pshm node  1 of 16, process  11 of 128, pid=7464)
UPCR: UPC thread  12 of 128 on node054 (pshm node  1 of 16, process  12 of 128, pid=7465)
UPCR: UPC thread   8 of 128 on node054 (pshm node  1 of 16, process   8 of 128, pid=7461)
UPCR: UPC thread  64 of 128 on node061 (pshm node  8 of 16, process  64 of 128, pid=5921)
UPCR: UPC thread  71 of 128 on node061 (pshm node  8 of 16, process  71 of 128, pid=5931)
UPCR: UPC thread  66 of 128 on node061 (pshm node  8 of 16, process  66 of 128, pid=5923)
UPCR: UPC thread  68 of 128 on node061 (pshm node  8 of 16, process  68 of 128, pid=5925)
UPCR: UPC thread  70 of 128 on node061 (pshm node  8 of 16, process  70 of 128, pid=5929)
UPCR: UPC thread  69 of 128 on node061 (pshm node  8 of 16, process  69 of 128, pid=5927)
UPCR: UPC thread  67 of 128 on node061 (pshm node  8 of 16, process  67 of 128, pid=5924)
UPCR: UPC thread  65 of 128 on node061 (pshm node  8 of 16, process  65 of 128, pid=5922)
UPCR: UPC thread  60 of 128 on node060 (pshm node  7 of 16, process  60 of 128, pid=32261)
UPCR: UPC thread  63 of 128 on node060 (pshm node  7 of 16, process  63 of 128, pid=32267)
UPCR: UPC thread  61 of 128 on node060 (pshm node  7 of 16, process  61 of 128, pid=32263)
UPCR: UPC thread  62 of 128 on node060 (pshm node  7 of 16, process  62 of 128, pid=32265)
UPCR: UPC thread  57 of 128 on node060 (pshm node  7 of 16, process  57 of 128, pid=32258)
UPCR: UPC thread  58 of 128 on node060 (pshm node  7 of 16, process  58 of 128, pid=32259)
UPCR: UPC thread  56 of 128 on node060 (pshm node  7 of 16, process  56 of 128, pid=32257)
UPCR: UPC thread  59 of 128 on node060 (pshm node  7 of 16, process  59 of 128, pid=32260)
UPCR: UPC thread  75 of 128 on node062 (pshm node  9 of 16, process  75 of 128, pid=9226)
UPCR: UPC thread  76 of 128 on node062 (pshm node  9 of 16, process  76 of 128, pid=9227)
UPCR: UPC thread  73 of 128 on node062 (pshm node  9 of 16, process  73 of 128, pid=9224)
UPCR: UPC thread  77 of 128 on node062 (pshm node  9 of 16, process  77 of 128, pid=9229)
UPCR: UPC thread  79 of 128 on node062 (pshm node  9 of 16, process  79 of 128, pid=9233)
UPCR: UPC thread  78 of 128 on node062 (pshm node  9 of 16, process  78 of 128, pid=9230)
UPCR: UPC thread  72 of 128 on node062 (pshm node  9 of 16, process  72 of 128, pid=9223)
UPCR: UPC thread  74 of 128 on node062 (pshm node  9 of 16, process  74 of 128, pid=9225)
using a cache granularity of 8
using linear probing in the BDD table
using a memoization table of 2^23 = 8388608 entries (~320 MB) per thread
using a BDD table of 2^24 = 16777216 entries (~384 MB) per thread
Initializing /home/oortwijn/distdd/models/beem/brp2.5.bdd!
vector size: 19
bits per integer: 7
number of BDD variables: 133
Loading initial states: 
Initial states loaded... 
Loading transition relations... 
19 integers per state, 7 bits per integer, 26 transition groups
BDD nodes:
Initial states: 133 BDD nodes
Transition 0: 28445 BDD nodes
Transition 1: 149 BDD nodes
Transition 2: 74 BDD nodes
Transition 3: 126 BDD nodes
Transition 4: 73 BDD nodes
Transition 5: 0 BDD nodes
Transition 6: 71 BDD nodes
Transition 7: 452 BDD nodes
Transition 8: 918 BDD nodes
Transition 9: 100 BDD nodes
Transition 10: 0 BDD nodes
Transition 11: 59 BDD nodes
Transition 12: 121 BDD nodes
Transition 13: 47 BDD nodes
Transition 14: 275 BDD nodes
Transition 15: 220 BDD nodes
Transition 16: 0 BDD nodes
Transition 17: 0 BDD nodes
Transition 18: 47 BDD nodes
Transition 19: 51 BDD nodes
Transition 20: 37 BDD nodes
Transition 21: 58 BDD nodes
Transition 22: 118 BDD nodes
Transition 23: 47 BDD nodes
Transition 24: 58 BDD nodes
Transition 25: 38 BDD nodes
Level 1... done.
Level 2... done.
Level 3... done.
Level 4... done.
Level 5... done.
Level 6... done.
Level 7... done.
Level 8... done.
Level 9... done.
Level 10... done.
Level 11... done.
Level 12... done.
Level 13... done.
Level 14... done.
Level 15... done.
Level 16... done.
Level 17... done.
Level 18... done.
Level 19... done.
Level 20... done.
Level 21... done.
Level 22... done.
Level 23... done.
Level 24... done.
Level 25... done.
Level 26... done.
Level 27... done.
Level 28... done.
Level 29... done.
Level 30... done.
Level 31... done.
Level 32... done.
Level 33... done.
Level 34... done.
Level 35... done.
Level 36... done.
Level 37... done.
Level 38... done.
Level 39... done.
Level 40... done.
Level 41... done.
Level 42... done.
Level 43... done.
Level 44... done.
Level 45... done.
Level 46... done.
Level 47... done.
Level 48... done.
Level 49... done.
Level 50... done.
Level 51... done.
Level 52... done.
Level 53... done.
Level 54... done.
Level 55... done.
Level 56... done.
Level 57... done.
Level 58... done.
Level 59... done.
Level 60... done.
Level 61... done.
Level 62... done.
Level 63... done.
Level 64... done.
Level 65... done.
Level 66... done.
Level 67... done.
Level 68... done.
Level 69... done.
Level 70... done.
Level 71... done.
Level 72... done.
Level 73... done.
Level 74... done.
Level 75... done.
Level 76... done.
Level 77... done.
Level 78... done.
Level 79... done.
Level 80... done.
Level 81... done.
Level 82... done.
Level 83... done.
Level 84... done.
Level 85... done.
Level 86... done.
Level 87... done.
Level 88... done.
Level 89... done.
Level 90... done.
Level 91... done.
Level 92... done.
Level 93... done.
Level 94... done.
Level 95... done.
Level 96... done.
Level 97... done.
Level 98... done.
Level 99... done.
Level 100... done.
Level 101... done.
Level 102... done.
Level 103... done.
Level 104... done.
Level 105... done.
Level 106... done.
Level 107... done.
Level 108... done.
Level 109... done.
Level 110... done.
Level 111... done.
Level 112... done.
Level 113... done.
Level 114... done.
Level 115... done.
Level 116... done.
Level 117... done.
Level 118... done.
Level 119... done.
Level 120... done.
Level 121... done.
Level 122... done.
Level 123... done.
Level 124... done.
Level 125... done.
Level 126... done.
Level 127... done.
Level 128... done.
Level 129... done.
Level 130... done.
Level 131... done.
Level 132... done.
Level 133... done.
Level 134... done.
Level 135... done.
Level 136... done.
Level 137... done.
Level 138... done.
Level 139... done.
Level 140... done.
Level 141... done.
Level 142... done.
Level 143... done.
Level 144... done.
Level 145... done.
Level 146... done.
Level 147... done.
Level 148... done.
Level 149... done.
Level 150... done.
Level 151... done.
Level 152... done.
Level 153... done.
Level 154... done.
Level 155... done.
Level 156... done.
Level 157... done.
Level 158... done.
Level 159... done.
Level 160... done.
Level 161... done.
Level 162... done.
Level 163... done.
Level 164... done.
Level 165... done.
Level 166... done.
Level 167... done.
Level 168... done.
Level 169... done.
Level 170... done.
Level 171... done.
Level 172... done.
Level 173... done.
Level 174... done.
Level 175... done.
Level 176... done.
Level 177... done.
Level 178... done.
Level 179... done.
Level 180... done.
Level 181... done.
Level 182... done.
Level 183... done.
Level 184... done.
Level 185... done.
Level 186... done.
Level 187... done.
Level 188... done.
Level 189... done.
Level 190... done.
Level 191... done.
Level 192... done.
Level 193... done.
Level 194... done.
Level 195... done.
Level 196... done.
Level 197... done.
Level 198... done.
Level 199... done.
Level 200... done.
Level 201... done.
Level 202... done.
Level 203... done.
Level 204... done.
Level 205... done.
Level 206... done.
Level 207... done.
Level 208... done.
Level 209... done.
Level 210... done.
Level 211... done.
Level 212... done.
Level 213... done.
Level 214... done.
Level 215... done.
Level 216... done.
Level 217... done.
Level 218... done.
Level 219... done.
Level 220... done.
Level 221... done.
Level 222... done.
Level 223... done.
Level 224... done.
Level 225... done.
Level 226... done.
Level 227... done.
Level 228... done.
Level 229... done.
Level 230... done.
Level 231... done.
Level 232... done.
Level 233... done.
Level 234... done.
Level 235... done.
Level 236... done.
Level 237... done.
Level 238... done.
Level 239... done.
Level 240... done.
Level 241... done.
Level 242... done.
Level 243... done.
Level 244... done.
Level 245... done.
Level 246... done.
Level 247... done.
Level 248... done.
Level 249... done.
Level 250... done.
Level 251... done.
Level 252... done.
Level 253... done.
Level 254... done.
Level 255... done.
Level 256... done.
Level 257... done.
Level 258... done.
Level 259... done.
Level 260... done.
Level 261... done.
Level 262... done.
Level 263... done.
Level 264... done.
Level 265... done.
Level 266... done.
Level 267... done.
Level 268... done.
Level 269... done.
Level 270... done.
Level 271... done.
Level 272... done.
Level 273... done.
Level 274... done.
Level 275... done.
Level 276... done.
Level 277... done.
Level 278... done.
Level 279... done.
Level 280... done.
Level 281... done.
Level 282... done.
Level 283... done.
Level 284... done.
Level 285... done.
Level 286... done.
Level 287... done.
Level 288... done.
Level 289... done.
PAR Time: 4.531665
Final states: 298111 states
Final states: 190390 BDD nodes
[1468029264.916875] [node064:21543:0]         sys.c:744  MXM  WARN  Conflicting CPU frequencies detected, using: 1694.81
[1468029264.911132] [node065:12688:0]         sys.c:744  MXM  WARN  Conflicting CPU frequencies detected, using: 1884.38
[1468029264.906579] [node054:7419 :0]         sys.c:744  MXM  WARN  Conflicting CPU frequencies detected, using: 1823.81
[1468029264.916561] [node058:27465:0]         sys.c:744  MXM  WARN  Conflicting CPU frequencies detected, using: 1491.09
[1468029264.911489] [node062:9181 :0]         sys.c:744  MXM  WARN  Conflicting CPU frequencies detected, using: 1709.91
[1468029264.907876] [node061:5879 :0]         sys.c:744  MXM  WARN  Conflicting CPU frequencies detected, using: 1368.00
[1468029264.911002] [node057:28101:0]         sys.c:744  MXM  WARN  Conflicting CPU frequencies detected, using: 1492.88
[1468029264.912680] [node068:15519:0]         sys.c:744  MXM  WARN  Conflicting CPU frequencies detected, using: 1404.47
[1468029264.913292] [node067:17070:0]         sys.c:744  MXM  WARN  Conflicting CPU frequencies detected, using: 1693.88
[1468029264.913247] [node055:1310 :0]         sys.c:744  MXM  WARN  Conflicting CPU frequencies detected, using: 2520.00
[1468029264.914843] [node056:31623:0]         sys.c:744  MXM  WARN  Conflicting CPU frequencies detected, using: 1494.19
[1468029264.915862] [node066:15155:0]         sys.c:744  MXM  WARN  Conflicting CPU frequencies detected, using: 2538.56
[1468029264.552380] [node053:6219 :0]         sys.c:744  MXM  WARN  Conflicting CPU frequencies detected, using: 2099.16
[1468029264.913599] [node063:16129:0]         sys.c:744  MXM  WARN  Conflicting CPU frequencies detected, using: 1486.59
[1468029264.906895] [node059:30830:0]         sys.c:744  MXM  WARN  Conflicting CPU frequencies detected, using: 1455.75
[1468029264.907856] [node060:32215:0]         sys.c:744  MXM  WARN  Conflicting CPU frequencies detected, using: 1549.12
[1468029264.533047] [node053:6175 :0]         sys.c:744  MXM  WARN  Conflicting CPU frequencies detected, using: 2099.16
