performing reachability, flags: -n 16 -N 16 -shared-heap 16GB --tablesize=27 --cachesize=26  
This is upcrun, job spawner for the Berkeley UPC compiler (http://upc.lbl.gov).
upcrun version 2.22.2
Network conduits supported by this installation: smp mxm ibv
[1468176447.146156] [node053:911  :0]         sys.c:744  MXM  WARN  Conflicting CPU frequencies detected, using: 2297.16
[1468176447.151834] [node053:911  :0]         mxm.c:196  MXM  WARN  The 'ulimit -s' on the system is set to 'unlimited'. This may have negative performance implications. Please set the stack size to the default value (10240) 
[1468176447.489299] [node057:9983 :0]         sys.c:744  MXM  WARN  Conflicting CPU frequencies detected, using: 2068.50
[1468176447.495326] [node057:9983 :0]         mxm.c:196  MXM  WARN  The 'ulimit -s' on the system is set to 'unlimited'. This may have negative performance implications. Please set the stack size to the default value (10240) 
[1468176447.504521] [node065:15630:0]         sys.c:744  MXM  WARN  Conflicting CPU frequencies detected, using: 1902.38
[1468176447.510566] [node065:15630:0]         mxm.c:196  MXM  WARN  The 'ulimit -s' on the system is set to 'unlimited'. This may have negative performance implications. Please set the stack size to the default value (10240) 
[1468176447.508344] [node061:22717:0]         sys.c:744  MXM  WARN  Conflicting CPU frequencies detected, using: 1925.62
[1468176447.514165] [node061:22717:0]         mxm.c:196  MXM  WARN  The 'ulimit -s' on the system is set to 'unlimited'. This may have negative performance implications. Please set the stack size to the default value (10240) 
[1468176447.501859] [node056:13073:0]         sys.c:744  MXM  WARN  Conflicting CPU frequencies detected, using: 1835.91
[1468176447.510728] [node056:13073:0]         mxm.c:196  MXM  WARN  The 'ulimit -s' on the system is set to 'unlimited'. This may have negative performance implications. Please set the stack size to the default value (10240) 
[1468176447.497930] [node054:20965:0]         sys.c:744  MXM  WARN  Conflicting CPU frequencies detected, using: 2520.66
[1468176447.506789] [node054:20965:0]         mxm.c:196  MXM  WARN  The 'ulimit -s' on the system is set to 'unlimited'. This may have negative performance implications. Please set the stack size to the default value (10240) 
[1468176447.511452] [node058:5609 :0]         sys.c:744  MXM  WARN  Conflicting CPU frequencies detected, using: 2428.03
[1468176447.517828] [node058:5609 :0]         mxm.c:196  MXM  WARN  The 'ulimit -s' on the system is set to 'unlimited'. This may have negative performance implications. Please set the stack size to the default value (10240) 
[1468176447.511374] [node063:23562:0]         sys.c:744  MXM  WARN  Conflicting CPU frequencies detected, using: 2599.88
[1468176447.517570] [node063:23562:0]         mxm.c:196  MXM  WARN  The 'ulimit -s' on the system is set to 'unlimited'. This may have negative performance implications. Please set the stack size to the default value (10240) 
[1468176447.517097] [node064:24087:0]         sys.c:744  MXM  WARN  Conflicting CPU frequencies detected, using: 2769.47
[1468176447.525889] [node064:24087:0]         mxm.c:196  MXM  WARN  The 'ulimit -s' on the system is set to 'unlimited'. This may have negative performance implications. Please set the stack size to the default value (10240) 
[1468176447.477887] [node060:10228:0]         sys.c:744  MXM  WARN  Conflicting CPU frequencies detected, using: 2754.56
[1468176447.484237] [node060:10228:0]         mxm.c:196  MXM  WARN  The 'ulimit -s' on the system is set to 'unlimited'. This may have negative performance implications. Please set the stack size to the default value (10240) 
[1468176447.506613] [node055:14389:0]         sys.c:744  MXM  WARN  Conflicting CPU frequencies detected, using: 2883.00
[1468176447.515527] [node055:14389:0]         mxm.c:196  MXM  WARN  The 'ulimit -s' on the system is set to 'unlimited'. This may have negative performance implications. Please set the stack size to the default value (10240) 
[1468176447.503094] [node062:21601:0]         sys.c:744  MXM  WARN  Conflicting CPU frequencies detected, using: 1894.97
[1468176447.511956] [node062:21601:0]         mxm.c:196  MXM  WARN  The 'ulimit -s' on the system is set to 'unlimited'. This may have negative performance implications. Please set the stack size to the default value (10240) 
[1468176447.503746] [node067:13125:0]         sys.c:744  MXM  WARN  Conflicting CPU frequencies detected, using: 1395.28
[1468176447.513084] [node067:13125:0]         mxm.c:196  MXM  WARN  The 'ulimit -s' on the system is set to 'unlimited'. This may have negative performance implications. Please set the stack size to the default value (10240) 
[1468176447.499931] [node068:4488 :0]         sys.c:744  MXM  WARN  Conflicting CPU frequencies detected, using: 1996.69
[1468176447.509160] [node068:4488 :0]         mxm.c:196  MXM  WARN  The 'ulimit -s' on the system is set to 'unlimited'. This may have negative performance implications. Please set the stack size to the default value (10240) 
[1468176447.509003] [node059:7364 :0]         sys.c:744  MXM  WARN  Conflicting CPU frequencies detected, using: 2403.00
[1468176447.514868] [node059:7364 :0]         mxm.c:196  MXM  WARN  The 'ulimit -s' on the system is set to 'unlimited'. This may have negative performance implications. Please set the stack size to the default value (10240) 
[1468176447.518684] [node066:17924:0]         sys.c:744  MXM  WARN  Conflicting CPU frequencies detected, using: 2822.16
[1468176447.527607] [node066:17924:0]         mxm.c:196  MXM  WARN  The 'ulimit -s' on the system is set to 'unlimited'. This may have negative performance implications. Please set the stack size to the default value (10240) 
UPCR: UPC thread  0 of 16 on node053 (pshm node  0 of 16, process  0 of 16, pid=928)
UPCR: UPC thread 11 of 16 on node064 (pshm node 11 of 16, process 11 of 16, pid=24129)
UPCR: UPC thread  3 of 16 on node056 (pshm node  3 of 16, process  3 of 16, pid=13115)
UPCR: UPC thread  6 of 16 on node059 (pshm node  6 of 16, process  6 of 16, pid=7406)
UPCR: UPC thread  2 of 16 on node055 (pshm node  2 of 16, process  2 of 16, pid=14431)
UPCR: UPC thread  7 of 16 on node060 (pshm node  7 of 16, process  7 of 16, pid=10270)
UPCR: UPC thread  9 of 16 on node062 (pshm node  9 of 16, process  9 of 16, pid=21643)
UPCR: UPC thread 15 of 16 on node068 (pshm node 15 of 16, process 15 of 16, pid=4530)
UPCR: UPC thread 10 of 16 on node063 (pshm node 10 of 16, process 10 of 16, pid=23604)
UPCR: UPC thread  1 of 16 on node054 (pshm node  1 of 16, process  1 of 16, pid=21007)
UPCR: UPC thread 12 of 16 on node065 (pshm node 12 of 16, process 12 of 16, pid=15672)
UPCR: UPC thread 14 of 16 on node067 (pshm node 14 of 16, process 14 of 16, pid=13167)
UPCR: UPC thread 13 of 16 on node066 (pshm node 13 of 16, process 13 of 16, pid=17966)
UPCR: UPC thread  4 of 16 on node057 (pshm node  4 of 16, process  4 of 16, pid=10025)
UPCR: UPC thread  8 of 16 on node061 (pshm node  8 of 16, process  8 of 16, pid=22759)
UPCR: UPC thread  5 of 16 on node058 (pshm node  5 of 16, process  5 of 16, pid=5651)
using a cache granularity of 8
using linear probing in the BDD table
using a memoization table of 2^26 = 67108864 entries (~2560 MB) per thread
using a BDD table of 2^27 = 134217728 entries (~3072 MB) per thread
Initializing /home/oortwijn/distdd/models/beem/cambridge.3.bdd!
vector size: 20
bits per integer: 16
number of BDD variables: 320
Loading initial states: 
Initial states loaded... 
Loading transition relations... 
20 integers per state, 16 bits per integer, 18 transition groups
BDD nodes:
Initial states: 320 BDD nodes
Transition 0: 4208 BDD nodes
Transition 1: 3915 BDD nodes
Transition 2: 7092 BDD nodes
Transition 3: 647 BDD nodes
Transition 4: 630 BDD nodes
Transition 5: 269 BDD nodes
Transition 6: 243 BDD nodes
Transition 7: 617 BDD nodes
Transition 8: 209 BDD nodes
Transition 9: 726 BDD nodes
Transition 10: 2357 BDD nodes
Transition 11: 2565 BDD nodes
Transition 12: 713 BDD nodes
Transition 13: 259 BDD nodes
Transition 14: 2840 BDD nodes
Transition 15: 243 BDD nodes
Transition 16: 215 BDD nodes
Transition 17: 215 BDD nodes
Level 1... done.
Level 2... done.
Level 3... done.
Level 4... done.
Level 5... done.
Level 6... done.
Level 7... done.
Level 8... done.
Level 9... done.
Level 10... done.
Level 11... done.
Level 12... done.
Level 13... done.
Level 14... done.
Level 15... done.
Level 16... done.
Level 17... done.
Level 18... done.
Level 19... done.
Level 20... done.
Level 21... done.
Level 22... done.
Level 23... done.
Level 24... done.
Level 25... done.
Level 26... done.
Level 27... done.
Level 28... done.
Level 29... done.
Level 30... done.
Level 31... done.
Level 32... done.
Level 33... done.
Level 34... done.
Level 35... done.
Level 36... done.
Level 37... done.
Level 38... done.
Level 39... done.
Level 40... done.
Level 41... done.
Level 42... done.
Level 43... done.
Level 44... done.
Level 45... done.
Level 46... done.
Level 47... done.
Level 48... done.
Level 49... done.
Level 50... done.
Level 51... done.
Level 52... done.
Level 53... done.
Level 54... done.
Level 55... done.
Level 56... done.
Level 57... done.
Level 58... done.
Level 59... done.
Level 60... done.
Level 61... done.
Level 62... done.
PAR Time: 4.191495
Final states: 18138 states
Final states: 42205 BDD nodes
[1468176447.517097] [node064:24087:0]         sys.c:744  MXM  WARN  Conflicting CPU frequencies detected, using: 2769.47
[1468176447.503094] [node062:21601:0]         sys.c:744  MXM  WARN  Conflicting CPU frequencies detected, using: 1894.97
[1468176447.499931] [node068:4488 :0]         sys.c:744  MXM  WARN  Conflicting CPU frequencies detected, using: 1996.69
[1468176447.503746] [node067:13125:0]         sys.c:744  MXM  WARN  Conflicting CPU frequencies detected, using: 1395.28
[1468176447.477887] [node060:10228:0]         sys.c:744  MXM  WARN  Conflicting CPU frequencies detected, using: 2754.56
[1468176447.508344] [node061:22717:0]         sys.c:744  MXM  WARN  Conflicting CPU frequencies detected, using: 1925.62
[1468176447.511452] [node058:5609 :0]         sys.c:744  MXM  WARN  Conflicting CPU frequencies detected, using: 2428.03
[1468176447.509003] [node059:7364 :0]         sys.c:744  MXM  WARN  Conflicting CPU frequencies detected, using: 2403.00
[1468176447.489299] [node057:9983 :0]         sys.c:744  MXM  WARN  Conflicting CPU frequencies detected, using: 2068.50
[1468176447.511374] [node063:23562:0]         sys.c:744  MXM  WARN  Conflicting CPU frequencies detected, using: 2599.88
[1468176447.497930] [node054:20965:0]         sys.c:744  MXM  WARN  Conflicting CPU frequencies detected, using: 2520.66
[1468176447.501859] [node056:13073:0]         sys.c:744  MXM  WARN  Conflicting CPU frequencies detected, using: 1835.91
[1468176447.504521] [node065:15630:0]         sys.c:744  MXM  WARN  Conflicting CPU frequencies detected, using: 1902.38
[1468176447.518684] [node066:17924:0]         sys.c:744  MXM  WARN  Conflicting CPU frequencies detected, using: 2822.16
[1468176447.506613] [node055:14389:0]         sys.c:744  MXM  WARN  Conflicting CPU frequencies detected, using: 2883.00
[1468176447.146156] [node053:911  :0]         sys.c:744  MXM  WARN  Conflicting CPU frequencies detected, using: 2297.16
[1468176447.126615] [node053:862  :0]         sys.c:744  MXM  WARN  Conflicting CPU frequencies detected, using: 2774.44
