performing reachability, flags: -n 32 -N 16 -shared-heap 8GB --tablesize=26 --cachesize=25  
This is upcrun, job spawner for the Berkeley UPC compiler (http://upc.lbl.gov).
upcrun version 2.22.2
Network conduits supported by this installation: smp mxm ibv
[1468034675.343243] [node053:19756:0]         sys.c:744  MXM  WARN  Conflicting CPU frequencies detected, using: 2009.91
[1468034675.358783] [node053:19756:0]         mxm.c:196  MXM  WARN  The 'ulimit -s' on the system is set to 'unlimited'. This may have negative performance implications. Please set the stack size to the default value (10240) 
[1468034675.343243] [node053:19756:0]         sys.c:744  MXM  WARN  Conflicting CPU frequencies detected, using: 2009.91
[1468034675.358617] [node053:19756:0]         mxm.c:196  MXM  WARN  The 'ulimit -s' on the system is set to 'unlimited'. This may have negative performance implications. Please set the stack size to the default value (10240) 
[1468034675.711972] [node060:10743:0]         sys.c:744  MXM  WARN  Conflicting CPU frequencies detected, using: 1857.09
[1468034675.718243] [node060:10743:0]         mxm.c:196  MXM  WARN  The 'ulimit -s' on the system is set to 'unlimited'. This may have negative performance implications. Please set the stack size to the default value (10240) 
[1468034675.711972] [node060:10743:0]         sys.c:744  MXM  WARN  Conflicting CPU frequencies detected, using: 1857.09
[1468034675.718079] [node060:10743:0]         mxm.c:196  MXM  WARN  The 'ulimit -s' on the system is set to 'unlimited'. This may have negative performance implications. Please set the stack size to the default value (10240) 
[1468034675.713305] [node059:9021 :0]         sys.c:744  MXM  WARN  Conflicting CPU frequencies detected, using: 1905.38
[1468034675.719506] [node059:9021 :0]         mxm.c:196  MXM  WARN  The 'ulimit -s' on the system is set to 'unlimited'. This may have negative performance implications. Please set the stack size to the default value (10240) 
[1468034675.713305] [node059:9021 :0]         sys.c:744  MXM  WARN  Conflicting CPU frequencies detected, using: 1905.38
[1468034675.719772] [node059:9021 :0]         mxm.c:196  MXM  WARN  The 'ulimit -s' on the system is set to 'unlimited'. This may have negative performance implications. Please set the stack size to the default value (10240) 
[1468034675.713907] [node065:23203:0]         sys.c:744  MXM  WARN  Conflicting CPU frequencies detected, using: 1798.31
[1468034675.720002] [node065:23203:0]         mxm.c:196  MXM  WARN  The 'ulimit -s' on the system is set to 'unlimited'. This may have negative performance implications. Please set the stack size to the default value (10240) 
[1468034675.713907] [node065:23203:0]         sys.c:744  MXM  WARN  Conflicting CPU frequencies detected, using: 1798.31
[1468034675.720237] [node065:23203:0]         mxm.c:196  MXM  WARN  The 'ulimit -s' on the system is set to 'unlimited'. This may have negative performance implications. Please set the stack size to the default value (10240) 
[1468034675.710558] [node058:5819 :0]         sys.c:744  MXM  WARN  Conflicting CPU frequencies detected, using: 1898.25
[1468034675.717221] [node058:5819 :0]         mxm.c:196  MXM  WARN  The 'ulimit -s' on the system is set to 'unlimited'. This may have negative performance implications. Please set the stack size to the default value (10240) 
[1468034675.715430] [node057:6472 :0]         sys.c:744  MXM  WARN  Conflicting CPU frequencies detected, using: 1831.78
[1468034675.721811] [node057:6472 :0]         mxm.c:196  MXM  WARN  The 'ulimit -s' on the system is set to 'unlimited'. This may have negative performance implications. Please set the stack size to the default value (10240) 
[1468034675.710558] [node058:5819 :0]         sys.c:744  MXM  WARN  Conflicting CPU frequencies detected, using: 1898.25
[1468034675.716864] [node058:5819 :0]         mxm.c:196  MXM  WARN  The 'ulimit -s' on the system is set to 'unlimited'. This may have negative performance implications. Please set the stack size to the default value (10240) 
[1468034675.715430] [node057:6472 :0]         sys.c:744  MXM  WARN  Conflicting CPU frequencies detected, using: 1831.78
[1468034675.721496] [node057:6472 :0]         mxm.c:196  MXM  WARN  The 'ulimit -s' on the system is set to 'unlimited'. This may have negative performance implications. Please set the stack size to the default value (10240) 
[1468034675.717333] [node063:26686:0]         sys.c:744  MXM  WARN  Conflicting CPU frequencies detected, using: 2852.53
[1468034675.723792] [node063:26686:0]         mxm.c:196  MXM  WARN  The 'ulimit -s' on the system is set to 'unlimited'. This may have negative performance implications. Please set the stack size to the default value (10240) 
[1468034675.717333] [node063:26686:0]         sys.c:744  MXM  WARN  Conflicting CPU frequencies detected, using: 2852.53
[1468034675.723435] [node063:26686:0]         mxm.c:196  MXM  WARN  The 'ulimit -s' on the system is set to 'unlimited'. This may have negative performance implications. Please set the stack size to the default value (10240) 
[1468034675.720126] [node061:16630:0]         sys.c:744  MXM  WARN  Conflicting CPU frequencies detected, using: 1721.62
[1468034675.726085] [node061:16630:0]         mxm.c:196  MXM  WARN  The 'ulimit -s' on the system is set to 'unlimited'. This may have negative performance implications. Please set the stack size to the default value (10240) 
[1468034675.720126] [node061:16630:0]         sys.c:744  MXM  WARN  Conflicting CPU frequencies detected, using: 1721.62
[1468034675.726284] [node061:16630:0]         mxm.c:196  MXM  WARN  The 'ulimit -s' on the system is set to 'unlimited'. This may have negative performance implications. Please set the stack size to the default value (10240) 
[1468034675.712790] [node054:18096:0]         sys.c:744  MXM  WARN  Conflicting CPU frequencies detected, using: 2000.06
[1468034675.724040] [node054:18096:0]         mxm.c:196  MXM  WARN  The 'ulimit -s' on the system is set to 'unlimited'. This may have negative performance implications. Please set the stack size to the default value (10240) 
[1468034675.712790] [node054:18096:0]         sys.c:744  MXM  WARN  Conflicting CPU frequencies detected, using: 2000.06
[1468034675.724827] [node054:18096:0]         mxm.c:196  MXM  WARN  The 'ulimit -s' on the system is set to 'unlimited'. This may have negative performance implications. Please set the stack size to the default value (10240) 
[1468034675.717920] [node056:9985 :0]         sys.c:744  MXM  WARN  Conflicting CPU frequencies detected, using: 3188.91
[1468034675.729129] [node056:9985 :0]         mxm.c:196  MXM  WARN  The 'ulimit -s' on the system is set to 'unlimited'. This may have negative performance implications. Please set the stack size to the default value (10240) 
[1468034675.717920] [node056:9985 :0]         sys.c:744  MXM  WARN  Conflicting CPU frequencies detected, using: 3188.91
[1468034675.729877] [node056:9985 :0]         mxm.c:196  MXM  WARN  The 'ulimit -s' on the system is set to 'unlimited'. This may have negative performance implications. Please set the stack size to the default value (10240) 
[1468034675.712926] [node064:32188:0]         sys.c:744  MXM  WARN  Conflicting CPU frequencies detected, using: 2038.59
[1468034675.723947] [node064:32188:0]         mxm.c:196  MXM  WARN  The 'ulimit -s' on the system is set to 'unlimited'. This may have negative performance implications. Please set the stack size to the default value (10240) 
[1468034675.712926] [node064:32188:0]         sys.c:744  MXM  WARN  Conflicting CPU frequencies detected, using: 2038.59
[1468034675.724733] [node064:32188:0]         mxm.c:196  MXM  WARN  The 'ulimit -s' on the system is set to 'unlimited'. This may have negative performance implications. Please set the stack size to the default value (10240) 
[1468034675.696754] [node055:12160:0]         sys.c:744  MXM  WARN  Conflicting CPU frequencies detected, using: 2094.84
[1468034675.708970] [node055:12160:0]         mxm.c:196  MXM  WARN  The 'ulimit -s' on the system is set to 'unlimited'. This may have negative performance implications. Please set the stack size to the default value (10240) 
[1468034675.720186] [node067:27755:0]         sys.c:744  MXM  WARN  Conflicting CPU frequencies detected, using: 1895.91
[1468034675.731275] [node067:27755:0]         mxm.c:196  MXM  WARN  The 'ulimit -s' on the system is set to 'unlimited'. This may have negative performance implications. Please set the stack size to the default value (10240) 
[1468034675.720186] [node067:27755:0]         sys.c:744  MXM  WARN  Conflicting CPU frequencies detected, using: 1895.91
[1468034675.732055] [node067:27755:0]         mxm.c:196  MXM  WARN  The 'ulimit -s' on the system is set to 'unlimited'. This may have negative performance implications. Please set the stack size to the default value (10240) 
[1468034675.719376] [node068:26344:0]         sys.c:744  MXM  WARN  Conflicting CPU frequencies detected, using: 1971.66
[1468034675.730400] [node068:26344:0]         mxm.c:196  MXM  WARN  The 'ulimit -s' on the system is set to 'unlimited'. This may have negative performance implications. Please set the stack size to the default value (10240) 
[1468034675.723301] [node066:25674:0]         sys.c:744  MXM  WARN  Conflicting CPU frequencies detected, using: 2767.31
[1468034675.735210] [node066:25674:0]         mxm.c:196  MXM  WARN  The 'ulimit -s' on the system is set to 'unlimited'. This may have negative performance implications. Please set the stack size to the default value (10240) 
[1468034675.723306] [node062:19695:0]         sys.c:744  MXM  WARN  Conflicting CPU frequencies detected, using: 1410.66
[1468034675.735226] [node062:19695:0]         mxm.c:196  MXM  WARN  The 'ulimit -s' on the system is set to 'unlimited'. This may have negative performance implications. Please set the stack size to the default value (10240) 
[1468034675.719376] [node068:26344:0]         sys.c:744  MXM  WARN  Conflicting CPU frequencies detected, using: 1971.66
[1468034675.731336] [node068:26344:0]         mxm.c:196  MXM  WARN  The 'ulimit -s' on the system is set to 'unlimited'. This may have negative performance implications. Please set the stack size to the default value (10240) 
[1468034675.696754] [node055:12160:0]         sys.c:744  MXM  WARN  Conflicting CPU frequencies detected, using: 2094.84
[1468034675.708277] [node055:12160:0]         mxm.c:196  MXM  WARN  The 'ulimit -s' on the system is set to 'unlimited'. This may have negative performance implications. Please set the stack size to the default value (10240) 
[1468034675.723306] [node062:19695:0]         sys.c:744  MXM  WARN  Conflicting CPU frequencies detected, using: 1410.66
[1468034675.734447] [node062:19695:0]         mxm.c:196  MXM  WARN  The 'ulimit -s' on the system is set to 'unlimited'. This may have negative performance implications. Please set the stack size to the default value (10240) 
[1468034675.723301] [node066:25674:0]         sys.c:744  MXM  WARN  Conflicting CPU frequencies detected, using: 2767.31
[1468034675.734390] [node066:25674:0]         mxm.c:196  MXM  WARN  The 'ulimit -s' on the system is set to 'unlimited'. This may have negative performance implications. Please set the stack size to the default value (10240) 
UPCR: UPC thread  1 of 32 on node053 (pshm node  0 of 16, process  1 of 32, pid=19773)
UPCR: UPC thread  0 of 32 on node053 (pshm node  0 of 16, process  0 of 32, pid=19772)
UPCR: UPC thread 31 of 32 on node068 (pshm node 15 of 16, process 31 of 32, pid=26387)
UPCR: UPC thread 30 of 32 on node068 (pshm node 15 of 16, process 30 of 32, pid=26386)
UPCR: UPC thread 27 of 32 on node066 (pshm node 13 of 16, process 27 of 32, pid=25717)
UPCR: UPC thread 26 of 32 on node066 (pshm node 13 of 16, process 26 of 32, pid=25716)
UPCR: UPC thread  5 of 32 on node055 (pshm node  2 of 16, process  5 of 32, pid=12203)
UPCR: UPC thread  4 of 32 on node055 (pshm node  2 of 16, process  4 of 32, pid=12202)
UPCR: UPC thread  2 of 32 on node054 (pshm node  1 of 16, process  2 of 32, pid=18138)
UPCR: UPC thread  3 of 32 on node054 (pshm node  1 of 16, process  3 of 32, pid=18139)
UPCR: UPC thread  9 of 32 on node057 (pshm node  4 of 16, process  9 of 32, pid=6515)
UPCR: UPC thread  8 of 32 on node057 (pshm node  4 of 16, process  8 of 32, pid=6514)
UPCR: UPC thread 19 of 32 on node062 (pshm node  9 of 16, process 19 of 32, pid=19738)
UPCR: UPC thread 18 of 32 on node062 (pshm node  9 of 16, process 18 of 32, pid=19737)
UPCR: UPC thread  7 of 32 on node056 (pshm node  3 of 16, process  7 of 32, pid=10028)
UPCR: UPC thread  6 of 32 on node056 (pshm node  3 of 16, process  6 of 32, pid=10027)
UPCR: UPC thread 24 of 32 on node065 (pshm node 12 of 16, process 24 of 32, pid=23245)
UPCR: UPC thread 25 of 32 on node065 (pshm node 12 of 16, process 25 of 32, pid=23246)
UPCR: UPC thread 17 of 32 on node061 (pshm node  8 of 16, process 17 of 32, pid=16673)
UPCR: UPC thread 16 of 32 on node061 (pshm node  8 of 16, process 16 of 32, pid=16672)
UPCR: UPC thread 29 of 32 on node067 (pshm node 14 of 16, process 29 of 32, pid=27798)
UPCR: UPC thread 28 of 32 on node067 (pshm node 14 of 16, process 28 of 32, pid=27797)
UPCR: UPC thread 20 of 32 on node063 (pshm node 10 of 16, process 20 of 32, pid=26728)
UPCR: UPC thread 21 of 32 on node063 (pshm node 10 of 16, process 21 of 32, pid=26729)
UPCR: UPC thread 13 of 32 on node059 (pshm node  6 of 16, process 13 of 32, pid=9064)
UPCR: UPC thread 12 of 32 on node059 (pshm node  6 of 16, process 12 of 32, pid=9063)
UPCR: UPC thread 10 of 32 on node058 (pshm node  5 of 16, process 10 of 32, pid=5861)
UPCR: UPC thread 11 of 32 on node058 (pshm node  5 of 16, process 11 of 32, pid=5862)
UPCR: UPC thread 14 of 32 on node060 (pshm node  7 of 16, process 14 of 32, pid=10785)
UPCR: UPC thread 15 of 32 on node060 (pshm node  7 of 16, process 15 of 32, pid=10786)
UPCR: UPC thread 23 of 32 on node064 (pshm node 11 of 16, process 23 of 32, pid=32231)
UPCR: UPC thread 22 of 32 on node064 (pshm node 11 of 16, process 22 of 32, pid=32230)
using a cache granularity of 8
using linear probing in the BDD table
using a memoization table of 2^25 = 33554432 entries (~1280 MB) per thread
using a BDD table of 2^26 = 67108864 entries (~1536 MB) per thread
Initializing /home/oortwijn/distdd/models/beem/collision.5.bdd!
vector size: 22
bits per integer: 9
number of BDD variables: 198
Loading initial states: 
Initial states loaded... 
Loading transition relations... 
22 integers per state, 9 bits per integer, 30 transition groups
BDD nodes:
Initial states: 198 BDD nodes
Transition 0: 223 BDD nodes
Transition 1: 96 BDD nodes
Transition 2: 165 BDD nodes
Transition 3: 79 BDD nodes
Transition 4: 76 BDD nodes
Transition 5: 52 BDD nodes
Transition 6: 216 BDD nodes
Transition 7: 80 BDD nodes
Transition 8: 105 BDD nodes
Transition 9: 220 BDD nodes
Transition 10: 80 BDD nodes
Transition 11: 80 BDD nodes
Transition 12: 79 BDD nodes
Transition 13: 105 BDD nodes
Transition 14: 80 BDD nodes
Transition 15: 80 BDD nodes
Transition 16: 428 BDD nodes
Transition 17: 432 BDD nodes
Transition 18: 43 BDD nodes
Transition 19: 141 BDD nodes
Transition 20: 52 BDD nodes
Transition 21: 76 BDD nodes
Transition 22: 79 BDD nodes
Transition 23: 112 BDD nodes
Transition 24: 76 BDD nodes
Transition 25: 79 BDD nodes
Transition 26: 112 BDD nodes
Transition 27: 52 BDD nodes
Transition 28: 52 BDD nodes
Transition 29: 52 BDD nodes
Level 1... done.
Level 2... done.
Level 3... done.
Level 4... done.
Level 5... done.
Level 6... done.
Level 7... done.
Level 8... done.
Level 9... done.
Level 10... done.
Level 11... done.
Level 12... done.
Level 13... done.
Level 14... done.
Level 15... done.
Level 16... done.
Level 17... done.
Level 18... done.
Level 19... done.
Level 20... done.
Level 21... done.
Level 22... done.
Level 23... done.
Level 24... done.
Level 25... done.
Level 26... done.
Level 27... done.
Level 28... done.
Level 29... done.
Level 30... done.
Level 31... done.
Level 32... done.
Level 33... done.
Level 34... done.
Level 35... done.
Level 36... done.
Level 37... done.
Level 38... done.
Level 39... done.
Level 40... done.
Level 41... done.
Level 42... done.
Level 43... done.
Level 44... done.
Level 45... done.
Level 46... done.
Level 47... done.
Level 48... done.
Level 49... done.
Level 50... done.
Level 51... done.
Level 52... done.
Level 53... done.
Level 54... done.
Level 55... done.
Level 56... done.
Level 57... done.
Level 58... done.
Level 59... done.
Level 60... done.
Level 61... done.
Level 62... done.
Level 63... done.
Level 64... done.
Level 65... done.
Level 66... done.
Level 67... done.
Level 68... done.
Level 69... done.
Level 70... done.
Level 71... done.
Level 72... done.
Level 73... done.
Level 74... done.
Level 75... done.
Level 76... done.
Level 77... done.
Level 78... done.
Level 79... done.
Level 80... done.
Level 81... done.
Level 82... done.
Level 83... done.
Level 84... done.
Level 85... done.
Level 86... done.
Level 87... done.
Level 88... done.
Level 89... done.
Level 90... done.
Level 91... done.
Level 92... done.
Level 93... done.
Level 94... done.
Level 95... done.
Level 96... done.
Level 97... done.
Level 98... done.
Level 99... done.
Level 100... done.
Level 101... done.
Level 102... done.
Level 103... done.
Level 104... done.
Level 105... done.
Level 106... done.
Level 107... done.
Level 108... done.
Level 109... done.
Level 110... done.
Level 111... done.
Level 112... done.
Level 113... done.
Level 114... done.
Level 115... done.
Level 116... done.
Level 117... done.
Level 118... done.
Level 119... done.
Level 120... done.
Level 121... done.
Level 122... done.
Level 123... done.
Level 124... done.
Level 125... done.
Level 126... done.
Level 127... done.
Level 128... done.
Level 129... done.
Level 130... done.
Level 131... done.
Level 132... done.
Level 133... done.
Level 134... done.
Level 135... done.
Level 136... done.
Level 137... done.
Level 138... done.
Level 139... done.
Level 140... done.
Level 141... done.
Level 142... done.
Level 143... done.
Level 144... done.
Level 145... done.
Level 146... done.
Level 147... done.
Level 148... done.
Level 149... done.
Level 150... done.
Level 151... done.
Level 152... done.
Level 153... done.
Level 154... done.
Level 155... done.
Level 156... done.
Level 157... done.
Level 158... done.
Level 159... done.
Level 160... done.
Level 161... done.
Level 162... done.
Level 163... done.
Level 164... done.
Level 165... done.
Level 166... done.
Level 167... done.
Level 168... done.
Level 169... done.
Level 170... done.
Level 171... done.
Level 172... done.
Level 173... done.
Level 174... done.
Level 175... done.
Level 176... done.
Level 177... done.
Level 178... done.
Level 179... done.
Level 180... done.
Level 181... done.
PAR Time: 537.172822
Final states: 431965993 states
Final states: 29080 BDD nodes
[1468034675.720126] [node061:16630:0]         sys.c:744  MXM  WARN  Conflicting CPU frequencies detected, using: 1721.62
[1468034675.710558] [node058:5819 :0]         sys.c:744  MXM  WARN  Conflicting CPU frequencies detected, using: 1898.25
[1468034675.717333] [node063:26686:0]         sys.c:744  MXM  WARN  Conflicting CPU frequencies detected, using: 2852.53
[1468034675.723306] [node062:19695:0]         sys.c:744  MXM  WARN  Conflicting CPU frequencies detected, using: 1410.66
[1468034675.712790] [node054:18096:0]         sys.c:744  MXM  WARN  Conflicting CPU frequencies detected, using: 2000.06
[1468034675.715430] [node057:6472 :0]         sys.c:744  MXM  WARN  Conflicting CPU frequencies detected, using: 1831.78
[1468034675.717920] [node056:9985 :0]         sys.c:744  MXM  WARN  Conflicting CPU frequencies detected, using: 3188.91
[1468034675.696754] [node055:12160:0]         sys.c:744  MXM  WARN  Conflicting CPU frequencies detected, using: 2094.84
[1468034675.713305] [node059:9021 :0]         sys.c:744  MXM  WARN  Conflicting CPU frequencies detected, using: 1905.38
[1468034675.343243] [node053:19756:0]         sys.c:744  MXM  WARN  Conflicting CPU frequencies detected, using: 2009.91
[1468034675.711972] [node060:10743:0]         sys.c:744  MXM  WARN  Conflicting CPU frequencies detected, using: 1857.09
[1468034675.713907] [node065:23203:0]         sys.c:744  MXM  WARN  Conflicting CPU frequencies detected, using: 1798.31
[1468034675.723301] [node066:25674:0]         sys.c:744  MXM  WARN  Conflicting CPU frequencies detected, using: 2767.31
[1468034675.712926] [node064:32188:0]         sys.c:744  MXM  WARN  Conflicting CPU frequencies detected, using: 2038.59
[1468034675.719376] [node068:26344:0]         sys.c:744  MXM  WARN  Conflicting CPU frequencies detected, using: 1971.66
[1468034675.720186] [node067:27755:0]         sys.c:744  MXM  WARN  Conflicting CPU frequencies detected, using: 1895.91
[1468034675.323584] [node053:19712:0]         sys.c:744  MXM  WARN  Conflicting CPU frequencies detected, using: 2287.50
