performing reachability, flags: -n 16 -N 8 -shared-heap 8GB --tablesize=26 --cachesize=25  
This is upcrun, job spawner for the Berkeley UPC compiler (http://upc.lbl.gov).
upcrun version 2.22.2
Network conduits supported by this installation: smp mxm ibv
[1467899846.620405] [node016:5665 :0]         sys.c:744  MXM  WARN  Conflicting CPU frequencies detected, using: 1894.97
[1467899846.626098] [node016:5665 :0]         mxm.c:196  MXM  WARN  The 'ulimit -s' on the system is set to 'unlimited'. This may have negative performance implications. Please set the stack size to the default value (10240) 
[1467899846.620405] [node016:5665 :0]         sys.c:744  MXM  WARN  Conflicting CPU frequencies detected, using: 1894.97
[1467899846.626001] [node016:5665 :0]         mxm.c:196  MXM  WARN  The 'ulimit -s' on the system is set to 'unlimited'. This may have negative performance implications. Please set the stack size to the default value (10240) 
[1467899846.980298] [node021:3213 :0]         sys.c:744  MXM  WARN  Conflicting CPU frequencies detected, using: 1481.91
[1467899846.986813] [node021:3213 :0]         mxm.c:196  MXM  WARN  The 'ulimit -s' on the system is set to 'unlimited'. This may have negative performance implications. Please set the stack size to the default value (10240) 
[1467899846.980298] [node021:3213 :0]         sys.c:744  MXM  WARN  Conflicting CPU frequencies detected, using: 1481.91
[1467899846.986465] [node021:3213 :0]         mxm.c:196  MXM  WARN  The 'ulimit -s' on the system is set to 'unlimited'. This may have negative performance implications. Please set the stack size to the default value (10240) 
[1467899846.984727] [node019:6006 :0]         sys.c:744  MXM  WARN  Conflicting CPU frequencies detected, using: 2488.03
[1467899846.991067] [node019:6006 :0]         mxm.c:196  MXM  WARN  The 'ulimit -s' on the system is set to 'unlimited'. This may have negative performance implications. Please set the stack size to the default value (10240) 
[1467899846.984727] [node019:6006 :0]         sys.c:744  MXM  WARN  Conflicting CPU frequencies detected, using: 2488.03
[1467899846.990686] [node019:6006 :0]         mxm.c:196  MXM  WARN  The 'ulimit -s' on the system is set to 'unlimited'. This may have negative performance implications. Please set the stack size to the default value (10240) 
[1467899846.974734] [node017:5816 :0]         sys.c:744  MXM  WARN  Conflicting CPU frequencies detected, using: 1869.00
[1467899846.985606] [node017:5816 :0]         mxm.c:196  MXM  WARN  The 'ulimit -s' on the system is set to 'unlimited'. This may have negative performance implications. Please set the stack size to the default value (10240) 
[1467899846.974734] [node017:5816 :0]         sys.c:744  MXM  WARN  Conflicting CPU frequencies detected, using: 1869.00
[1467899846.986359] [node017:5816 :0]         mxm.c:196  MXM  WARN  The 'ulimit -s' on the system is set to 'unlimited'. This may have negative performance implications. Please set the stack size to the default value (10240) 
[1467899846.985302] [node022:32011:0]         sys.c:744  MXM  WARN  Conflicting CPU frequencies detected, using: 2454.56
[1467899846.997169] [node022:32011:0]         mxm.c:196  MXM  WARN  The 'ulimit -s' on the system is set to 'unlimited'. This may have negative performance implications. Please set the stack size to the default value (10240) 
[1467899846.986622] [node020:2256 :0]         sys.c:744  MXM  WARN  Conflicting CPU frequencies detected, using: 1535.72
[1467899846.997920] [node020:2256 :0]         mxm.c:196  MXM  WARN  The 'ulimit -s' on the system is set to 'unlimited'. This may have negative performance implications. Please set the stack size to the default value (10240) 
[1467899846.979242] [node018:2605 :0]         sys.c:744  MXM  WARN  Conflicting CPU frequencies detected, using: 1419.28
[1467899846.990814] [node018:2605 :0]         mxm.c:196  MXM  WARN  The 'ulimit -s' on the system is set to 'unlimited'. This may have negative performance implications. Please set the stack size to the default value (10240) 
[1467899846.979242] [node018:2605 :0]         sys.c:744  MXM  WARN  Conflicting CPU frequencies detected, using: 1419.28
[1467899846.991576] [node018:2605 :0]         mxm.c:196  MXM  WARN  The 'ulimit -s' on the system is set to 'unlimited'. This may have negative performance implications. Please set the stack size to the default value (10240) 
[1467899846.986622] [node020:2256 :0]         sys.c:744  MXM  WARN  Conflicting CPU frequencies detected, using: 1535.72
[1467899846.998657] [node020:2256 :0]         mxm.c:196  MXM  WARN  The 'ulimit -s' on the system is set to 'unlimited'. This may have negative performance implications. Please set the stack size to the default value (10240) 
[1467899846.982622] [node023:3212 :0]         sys.c:744  MXM  WARN  Conflicting CPU frequencies detected, using: 1448.16
[1467899846.994553] [node023:3212 :0]         mxm.c:196  MXM  WARN  The 'ulimit -s' on the system is set to 'unlimited'. This may have negative performance implications. Please set the stack size to the default value (10240) 
[1467899846.985302] [node022:32011:0]         sys.c:744  MXM  WARN  Conflicting CPU frequencies detected, using: 2454.56
[1467899846.996400] [node022:32011:0]         mxm.c:196  MXM  WARN  The 'ulimit -s' on the system is set to 'unlimited'. This may have negative performance implications. Please set the stack size to the default value (10240) 
[1467899846.982622] [node023:3212 :0]         sys.c:744  MXM  WARN  Conflicting CPU frequencies detected, using: 1448.16
[1467899846.993802] [node023:3212 :0]         mxm.c:196  MXM  WARN  The 'ulimit -s' on the system is set to 'unlimited'. This may have negative performance implications. Please set the stack size to the default value (10240) 
UPCR: UPC thread  1 of 16 on node016 (pshm node 0 of 8, process  1 of 16, pid=5674)
UPCR: UPC thread  0 of 16 on node016 (pshm node 0 of 8, process  0 of 16, pid=5673)
UPCR: UPC thread  5 of 16 on node018 (pshm node 2 of 8, process  5 of 16, pid=2648)
UPCR: UPC thread  4 of 16 on node018 (pshm node 2 of 8, process  4 of 16, pid=2647)
UPCR: UPC thread  9 of 16 on node020 (pshm node 4 of 8, process  9 of 16, pid=2303)
UPCR: UPC thread  8 of 16 on node020 (pshm node 4 of 8, process  8 of 16, pid=2302)
UPCR: UPC thread  7 of 16 on node019 (pshm node 3 of 8, process  7 of 16, pid=6050)
UPCR: UPC thread  6 of 16 on node019 (pshm node 3 of 8, process  6 of 16, pid=6049)
UPCR: UPC thread 15 of 16 on node023 (pshm node 7 of 8, process 15 of 16, pid=3255)
UPCR: UPC thread 14 of 16 on node023 (pshm node 7 of 8, process 14 of 16, pid=3254)
UPCR: UPC thread 13 of 16 on node022 (pshm node 6 of 8, process 13 of 16, pid=32054)
UPCR: UPC thread 12 of 16 on node022 (pshm node 6 of 8, process 12 of 16, pid=32053)
UPCR: UPC thread 11 of 16 on node021 (pshm node 5 of 8, process 11 of 16, pid=3256)
UPCR: UPC thread 10 of 16 on node021 (pshm node 5 of 8, process 10 of 16, pid=3255)
UPCR: UPC thread  2 of 16 on node017 (pshm node 1 of 8, process  2 of 16, pid=5858)
UPCR: UPC thread  3 of 16 on node017 (pshm node 1 of 8, process  3 of 16, pid=5859)
using a cache granularity of 8
using linear probing in the BDD table
using a memoization table of 2^25 = 33554432 entries (~1280 MB) per thread
using a BDD table of 2^26 = 67108864 entries (~1536 MB) per thread
Initializing /home/oortwijn/distdd/models/beem/collision.1.bdd!
vector size: 14
bits per integer: 8
number of BDD variables: 112
Loading initial states: 
Initial states loaded... 
Loading transition relations... 
14 integers per state, 8 bits per integer, 18 transition groups
BDD nodes:
Initial states: 112 BDD nodes
Transition 0: 127 BDD nodes
Transition 1: 99 BDD nodes
Transition 2: 97 BDD nodes
Transition 3: 124 BDD nodes
Transition 4: 70 BDD nodes
Transition 5: 71 BDD nodes
Transition 6: 72 BDD nodes
Transition 7: 63 BDD nodes
Transition 8: 71 BDD nodes
Transition 9: 223 BDD nodes
Transition 10: 98 BDD nodes
Transition 11: 40 BDD nodes
Transition 12: 48 BDD nodes
Transition 13: 70 BDD nodes
Transition 14: 72 BDD nodes
Transition 15: 65 BDD nodes
Transition 16: 48 BDD nodes
Transition 17: 48 BDD nodes
Level 1... done.
Level 2... done.
Level 3... done.
Level 4... done.
Level 5... done.
Level 6... done.
Level 7... done.
Level 8... done.
Level 9... done.
Level 10... done.
Level 11... done.
Level 12... done.
Level 13... done.
Level 14... done.
Level 15... done.
Level 16... done.
Level 17... done.
Level 18... done.
Level 19... done.
Level 20... done.
Level 21... done.
Level 22... done.
Level 23... done.
Level 24... done.
Level 25... done.
Level 26... done.
Level 27... done.
Level 28... done.
Level 29... done.
Level 30... done.
Level 31... done.
Level 32... done.
Level 33... done.
Level 34... done.
Level 35... done.
Level 36... done.
Level 37... done.
Level 38... done.
Level 39... done.
Level 40... done.
Level 41... done.
Level 42... done.
Level 43... done.
Level 44... done.
Level 45... done.
Level 46... done.
Level 47... done.
Level 48... done.
Level 49... done.
Level 50... done.
Level 51... done.
Level 52... done.
Level 53... done.
Level 54... done.
Level 55... done.
Level 56... done.
Level 57... done.
PAR Time: 0.919222
Final states: 5593 states
Final states: 1338 BDD nodes
[1467899846.984727] [node019:6006 :0]         sys.c:744  MXM  WARN  Conflicting CPU frequencies detected, using: 2488.03
[1467899846.979242] [node018:2605 :0]         sys.c:744  MXM  WARN  Conflicting CPU frequencies detected, using: 1419.28
[1467899846.985302] [node022:32011:0]         sys.c:744  MXM  WARN  Conflicting CPU frequencies detected, using: 2454.56
[1467899846.982622] [node023:3212 :0]         sys.c:744  MXM  WARN  Conflicting CPU frequencies detected, using: 1448.16
[1467899846.620405] [node016:5665 :0]         sys.c:744  MXM  WARN  Conflicting CPU frequencies detected, using: 1894.97
[1467899846.980298] [node021:3213 :0]         sys.c:744  MXM  WARN  Conflicting CPU frequencies detected, using: 1481.91
[1467899846.986622] [node020:2256 :0]         sys.c:744  MXM  WARN  Conflicting CPU frequencies detected, using: 1535.72
[1467899846.974734] [node017:5816 :0]         sys.c:744  MXM  WARN  Conflicting CPU frequencies detected, using: 1869.00
[1467899846.601877] [node016:5621 :0]         sys.c:744  MXM  WARN  Conflicting CPU frequencies detected, using: 1894.97
