performing reachability, flags: -n 64 -N 32 -shared-heap 8GB --tablesize=26 --cachesize=25  
This is upcrun, job spawner for the Berkeley UPC compiler (http://upc.lbl.gov).
upcrun version 2.22.2
Network conduits supported by this installation: smp mxm ibv
[1468038244.393396] [node009:24072:0]         sys.c:744  MXM  WARN  Conflicting CPU frequencies detected, using: 1975.59
[1468038244.405921] [node009:24072:0]         mxm.c:196  MXM  WARN  The 'ulimit -s' on the system is set to 'unlimited'. This may have negative performance implications. Please set the stack size to the default value (10240) 
[1468038244.393396] [node009:24072:0]         sys.c:744  MXM  WARN  Conflicting CPU frequencies detected, using: 1975.59
[1468038244.406670] [node009:24072:0]         mxm.c:196  MXM  WARN  The 'ulimit -s' on the system is set to 'unlimited'. This may have negative performance implications. Please set the stack size to the default value (10240) 
[1468038244.751180] [node053:32245:0]         sys.c:744  MXM  WARN  Conflicting CPU frequencies detected, using: 1496.34
[1468038244.757222] [node053:32245:0]         mxm.c:196  MXM  WARN  The 'ulimit -s' on the system is set to 'unlimited'. This may have negative performance implications. Please set the stack size to the default value (10240) 
[1468038244.750731] [node019:13651:0]         sys.c:744  MXM  WARN  Conflicting CPU frequencies detected, using: 1797.47
[1468038244.756832] [node019:13651:0]         mxm.c:196  MXM  WARN  The 'ulimit -s' on the system is set to 'unlimited'. This may have negative performance implications. Please set the stack size to the default value (10240) 
[1468038244.751180] [node053:32245:0]         sys.c:744  MXM  WARN  Conflicting CPU frequencies detected, using: 1496.34
[1468038244.757560] [node053:32245:0]         mxm.c:196  MXM  WARN  The 'ulimit -s' on the system is set to 'unlimited'. This may have negative performance implications. Please set the stack size to the default value (10240) 
[1468038244.750731] [node019:13651:0]         sys.c:744  MXM  WARN  Conflicting CPU frequencies detected, using: 1797.47
[1468038244.756907] [node019:13651:0]         mxm.c:196  MXM  WARN  The 'ulimit -s' on the system is set to 'unlimited'. This may have negative performance implications. Please set the stack size to the default value (10240) 
[1468038244.753030] [node010:308  :0]         sys.c:744  MXM  WARN  Conflicting CPU frequencies detected, using: 1399.97
[1468038244.759409] [node010:308  :0]         mxm.c:196  MXM  WARN  The 'ulimit -s' on the system is set to 'unlimited'. This may have negative performance implications. Please set the stack size to the default value (10240) 
[1468038244.753030] [node010:308  :0]         sys.c:744  MXM  WARN  Conflicting CPU frequencies detected, using: 1399.97
[1468038244.758895] [node010:308  :0]         mxm.c:196  MXM  WARN  The 'ulimit -s' on the system is set to 'unlimited'. This may have negative performance implications. Please set the stack size to the default value (10240) 
[1468038244.756335] [node016:31547:0]         sys.c:744  MXM  WARN  Conflicting CPU frequencies detected, using: 1500.09
[1468038244.762756] [node016:31547:0]         mxm.c:196  MXM  WARN  The 'ulimit -s' on the system is set to 'unlimited'. This may have negative performance implications. Please set the stack size to the default value (10240) 
[1468038244.752939] [node058:15461:0]         sys.c:744  MXM  WARN  Conflicting CPU frequencies detected, using: 1398.66
[1468038244.759342] [node058:15461:0]         mxm.c:196  MXM  WARN  The 'ulimit -s' on the system is set to 'unlimited'. This may have negative performance implications. Please set the stack size to the default value (10240) 
[1468038244.756335] [node016:31547:0]         sys.c:744  MXM  WARN  Conflicting CPU frequencies detected, using: 1500.09
[1468038244.762440] [node016:31547:0]         mxm.c:196  MXM  WARN  The 'ulimit -s' on the system is set to 'unlimited'. This may have negative performance implications. Please set the stack size to the default value (10240) 
[1468038244.755483] [node021:13231:0]         sys.c:744  MXM  WARN  Conflicting CPU frequencies detected, using: 1585.31
[1468038244.761676] [node021:13231:0]         mxm.c:196  MXM  WARN  The 'ulimit -s' on the system is set to 'unlimited'. This may have negative performance implications. Please set the stack size to the default value (10240) 
[1468038244.756333] [node063:4302 :0]         sys.c:744  MXM  WARN  Conflicting CPU frequencies detected, using: 1486.41
[1468038244.762823] [node063:4302 :0]         mxm.c:196  MXM  WARN  The 'ulimit -s' on the system is set to 'unlimited'. This may have negative performance implications. Please set the stack size to the default value (10240) 
[1468038244.756333] [node063:4302 :0]         sys.c:744  MXM  WARN  Conflicting CPU frequencies detected, using: 1486.41
[1468038244.762497] [node063:4302 :0]         mxm.c:196  MXM  WARN  The 'ulimit -s' on the system is set to 'unlimited'. This may have negative performance implications. Please set the stack size to the default value (10240) 
[1468038244.752939] [node058:15461:0]         sys.c:744  MXM  WARN  Conflicting CPU frequencies detected, using: 1398.66
[1468038244.758984] [node058:15461:0]         mxm.c:196  MXM  WARN  The 'ulimit -s' on the system is set to 'unlimited'. This may have negative performance implications. Please set the stack size to the default value (10240) 
[1468038244.769887] [node057:16098:0]         sys.c:744  MXM  WARN  Conflicting CPU frequencies detected, using: 1353.28
[1468038244.776152] [node057:16098:0]         mxm.c:196  MXM  WARN  The 'ulimit -s' on the system is set to 'unlimited'. This may have negative performance implications. Please set the stack size to the default value (10240) 
[1468038244.755483] [node021:13231:0]         sys.c:744  MXM  WARN  Conflicting CPU frequencies detected, using: 1585.31
[1468038244.761591] [node021:13231:0]         mxm.c:196  MXM  WARN  The 'ulimit -s' on the system is set to 'unlimited'. This may have negative performance implications. Please set the stack size to the default value (10240) 
[1468038244.769887] [node057:16098:0]         sys.c:744  MXM  WARN  Conflicting CPU frequencies detected, using: 1353.28
[1468038244.775832] [node057:16098:0]         mxm.c:196  MXM  WARN  The 'ulimit -s' on the system is set to 'unlimited'. This may have negative performance implications. Please set the stack size to the default value (10240) 
[1468038244.757985] [node029:13451:0]         sys.c:744  MXM  WARN  Conflicting CPU frequencies detected, using: 1627.88
[1468038244.763965] [node029:13451:0]         mxm.c:196  MXM  WARN  The 'ulimit -s' on the system is set to 'unlimited'. This may have negative performance implications. Please set the stack size to the default value (10240) 
[1468038244.763216] [node059:18681:0]         sys.c:744  MXM  WARN  Conflicting CPU frequencies detected, using: 1588.50
[1468038244.769964] [node059:18681:0]         mxm.c:196  MXM  WARN  The 'ulimit -s' on the system is set to 'unlimited'. This may have negative performance implications. Please set the stack size to the default value (10240) 
[1468038244.757985] [node029:13451:0]         sys.c:744  MXM  WARN  Conflicting CPU frequencies detected, using: 1627.88
[1468038244.764248] [node029:13451:0]         mxm.c:196  MXM  WARN  The 'ulimit -s' on the system is set to 'unlimited'. This may have negative performance implications. Please set the stack size to the default value (10240) 
[1468038244.758848] [node061:26255:0]         sys.c:744  MXM  WARN  Conflicting CPU frequencies detected, using: 1614.00
[1468038244.764462] [node061:26255:0]         mxm.c:196  MXM  WARN  The 'ulimit -s' on the system is set to 'unlimited'. This may have negative performance implications. Please set the stack size to the default value (10240) 
[1468038244.758848] [node061:26255:0]         sys.c:744  MXM  WARN  Conflicting CPU frequencies detected, using: 1614.00
[1468038244.764916] [node061:26255:0]         mxm.c:196  MXM  WARN  The 'ulimit -s' on the system is set to 'unlimited'. This may have negative performance implications. Please set the stack size to the default value (10240) 
[1468038244.763216] [node059:18681:0]         sys.c:744  MXM  WARN  Conflicting CPU frequencies detected, using: 1588.50
[1468038244.769524] [node059:18681:0]         mxm.c:196  MXM  WARN  The 'ulimit -s' on the system is set to 'unlimited'. This may have negative performance implications. Please set the stack size to the default value (10240) 
[1468038244.764015] [node060:20710:0]         sys.c:744  MXM  WARN  Conflicting CPU frequencies detected, using: 1897.12
[1468038244.770240] [node060:20710:0]         mxm.c:196  MXM  WARN  The 'ulimit -s' on the system is set to 'unlimited'. This may have negative performance implications. Please set the stack size to the default value (10240) 
[1468038244.763392] [node065:368  :0]         sys.c:744  MXM  WARN  Conflicting CPU frequencies detected, using: 1894.88
[1468038244.769777] [node065:368  :0]         mxm.c:196  MXM  WARN  The 'ulimit -s' on the system is set to 'unlimited'. This may have negative performance implications. Please set the stack size to the default value (10240) 
[1468038244.763392] [node065:368  :0]         sys.c:744  MXM  WARN  Conflicting CPU frequencies detected, using: 1894.88
[1468038244.769492] [node065:368  :0]         mxm.c:196  MXM  WARN  The 'ulimit -s' on the system is set to 'unlimited'. This may have negative performance implications. Please set the stack size to the default value (10240) 
[1468038244.764015] [node060:20710:0]         sys.c:744  MXM  WARN  Conflicting CPU frequencies detected, using: 1897.12
[1468038244.770419] [node060:20710:0]         mxm.c:196  MXM  WARN  The 'ulimit -s' on the system is set to 'unlimited'. This may have negative performance implications. Please set the stack size to the default value (10240) 
[1468038244.765523] [node014:13534:0]         sys.c:744  MXM  WARN  Conflicting CPU frequencies detected, using: 1899.66
[1468038244.771610] [node014:13534:0]         mxm.c:196  MXM  WARN  The 'ulimit -s' on the system is set to 'unlimited'. This may have negative performance implications. Please set the stack size to the default value (10240) 
[1468038244.765523] [node014:13534:0]         sys.c:744  MXM  WARN  Conflicting CPU frequencies detected, using: 1899.66
[1468038244.771971] [node014:13534:0]         mxm.c:196  MXM  WARN  The 'ulimit -s' on the system is set to 'unlimited'. This may have negative performance implications. Please set the stack size to the default value (10240) 
[1468038244.765514] [node011:14737:0]         sys.c:744  MXM  WARN  Conflicting CPU frequencies detected, using: 1587.47
[1468038244.776858] [node011:14737:0]         mxm.c:196  MXM  WARN  The 'ulimit -s' on the system is set to 'unlimited'. This may have negative performance implications. Please set the stack size to the default value (10240) 
[1468038244.765514] [node011:14737:0]         sys.c:744  MXM  WARN  Conflicting CPU frequencies detected, using: 1587.47
[1468038244.777618] [node011:14737:0]         mxm.c:196  MXM  WARN  The 'ulimit -s' on the system is set to 'unlimited'. This may have negative performance implications. Please set the stack size to the default value (10240) 
[1468038244.760127] [node055:21822:0]         sys.c:744  MXM  WARN  Conflicting CPU frequencies detected, using: 1761.56
[1468038244.771055] [node055:21822:0]         mxm.c:196  MXM  WARN  The 'ulimit -s' on the system is set to 'unlimited'. This may have negative performance implications. Please set the stack size to the default value (10240) 
[1468038244.760127] [node055:21822:0]         sys.c:744  MXM  WARN  Conflicting CPU frequencies detected, using: 1761.56
[1468038244.771794] [node055:21822:0]         mxm.c:196  MXM  WARN  The 'ulimit -s' on the system is set to 'unlimited'. This may have negative performance implications. Please set the stack size to the default value (10240) 
[1468038244.745487] [node015:6180 :0]         sys.c:744  MXM  WARN  Conflicting CPU frequencies detected, using: 1385.34
[1468038244.757511] [node015:6180 :0]         mxm.c:196  MXM  WARN  The 'ulimit -s' on the system is set to 'unlimited'. This may have negative performance implications. Please set the stack size to the default value (10240) 
[1468038244.752025] [node013:23794:0]         sys.c:744  MXM  WARN  Conflicting CPU frequencies detected, using: 1445.81
[1468038244.763809] [node013:23794:0]         mxm.c:196  MXM  WARN  The 'ulimit -s' on the system is set to 'unlimited'. This may have negative performance implications. Please set the stack size to the default value (10240) 
[1468038244.762073] [node054:27939:0]         sys.c:744  MXM  WARN  Conflicting CPU frequencies detected, using: 1586.06
[1468038244.772635] [node054:27939:0]         mxm.c:196  MXM  WARN  The 'ulimit -s' on the system is set to 'unlimited'. This may have negative performance implications. Please set the stack size to the default value (10240) 
[1468038244.753439] [node023:20254:0]         sys.c:744  MXM  WARN  Conflicting CPU frequencies detected, using: 1894.88
[1468038244.764488] [node023:20254:0]         mxm.c:196  MXM  WARN  The 'ulimit -s' on the system is set to 'unlimited'. This may have negative performance implications. Please set the stack size to the default value (10240) 
[1468038244.741707] [node012:4554 :0]         sys.c:744  MXM  WARN  Conflicting CPU frequencies detected, using: 2147.62
[1468038244.753082] [node012:4554 :0]         mxm.c:196  MXM  WARN  The 'ulimit -s' on the system is set to 'unlimited'. This may have negative performance implications. Please set the stack size to the default value (10240) 
[1468038244.741707] [node012:4554 :0]         sys.c:744  MXM  WARN  Conflicting CPU frequencies detected, using: 2147.62
[1468038244.753867] [node012:4554 :0]         mxm.c:196  MXM  WARN  The 'ulimit -s' on the system is set to 'unlimited'. This may have negative performance implications. Please set the stack size to the default value (10240) 
[1468038244.746257] [node020:32676:0]         sys.c:744  MXM  WARN  Conflicting CPU frequencies detected, using: 1399.12
[1468038244.757854] [node020:32676:0]         mxm.c:196  MXM  WARN  The 'ulimit -s' on the system is set to 'unlimited'. This may have negative performance implications. Please set the stack size to the default value (10240) 
[1468038244.753774] [node018:17252:0]         sys.c:744  MXM  WARN  Conflicting CPU frequencies detected, using: 1534.97
[1468038244.765301] [node018:17252:0]         mxm.c:196  MXM  WARN  The 'ulimit -s' on the system is set to 'unlimited'. This may have negative performance implications. Please set the stack size to the default value (10240) 
[1468038244.768122] [node022:12024:0]         sys.c:744  MXM  WARN  Conflicting CPU frequencies detected, using: 1797.84
[1468038244.779960] [node022:12024:0]         mxm.c:196  MXM  WARN  The 'ulimit -s' on the system is set to 'unlimited'. This may have negative performance implications. Please set the stack size to the default value (10240) 
[1468038244.753439] [node023:20254:0]         sys.c:744  MXM  WARN  Conflicting CPU frequencies detected, using: 1894.88
[1468038244.765283] [node023:20254:0]         mxm.c:196  MXM  WARN  The 'ulimit -s' on the system is set to 'unlimited'. This may have negative performance implications. Please set the stack size to the default value (10240) 
[1468038244.762073] [node054:27939:0]         sys.c:744  MXM  WARN  Conflicting CPU frequencies detected, using: 1586.06
[1468038244.774898] [node054:27939:0]         mxm.c:196  MXM  WARN  The 'ulimit -s' on the system is set to 'unlimited'. This may have negative performance implications. Please set the stack size to the default value (10240) 
[1468038244.762915] [node017:27140:0]         sys.c:744  MXM  WARN  Conflicting CPU frequencies detected, using: 2876.06
[1468038244.774747] [node017:27140:0]         mxm.c:196  MXM  WARN  The 'ulimit -s' on the system is set to 'unlimited'. This may have negative performance implications. Please set the stack size to the default value (10240) 
[1468038244.750893] [node056:19606:0]         sys.c:744  MXM  WARN  Conflicting CPU frequencies detected, using: 1500.09
[1468038244.762604] [node056:19606:0]         mxm.c:196  MXM  WARN  The 'ulimit -s' on the system is set to 'unlimited'. This may have negative performance implications. Please set the stack size to the default value (10240) 
[1468038244.763849] [node067:5806 :0]         sys.c:744  MXM  WARN  Conflicting CPU frequencies detected, using: 2133.00
[1468038244.774980] [node067:5806 :0]         mxm.c:196  MXM  WARN  The 'ulimit -s' on the system is set to 'unlimited'. This may have negative performance implications. Please set the stack size to the default value (10240) 
[1468038244.763849] [node067:5806 :0]         sys.c:744  MXM  WARN  Conflicting CPU frequencies detected, using: 2133.00
[1468038244.775954] [node067:5806 :0]         mxm.c:196  MXM  WARN  The 'ulimit -s' on the system is set to 'unlimited'. This may have negative performance implications. Please set the stack size to the default value (10240) 
[1468038244.762101] [node068:3830 :0]         sys.c:744  MXM  WARN  Conflicting CPU frequencies detected, using: 1393.22
[1468038244.773386] [node068:3830 :0]         mxm.c:196  MXM  WARN  The 'ulimit -s' on the system is set to 'unlimited'. This may have negative performance implications. Please set the stack size to the default value (10240) 
[1468038244.762101] [node068:3830 :0]         sys.c:744  MXM  WARN  Conflicting CPU frequencies detected, using: 1393.22
[1468038244.774177] [node068:3830 :0]         mxm.c:196  MXM  WARN  The 'ulimit -s' on the system is set to 'unlimited'. This may have negative performance implications. Please set the stack size to the default value (10240) 
[1468038244.759141] [node062:29743:0]         sys.c:744  MXM  WARN  Conflicting CPU frequencies detected, using: 1395.19
[1468038244.771153] [node062:29743:0]         mxm.c:196  MXM  WARN  The 'ulimit -s' on the system is set to 'unlimited'. This may have negative performance implications. Please set the stack size to the default value (10240) 
[1468038244.775975] [node066:3122 :0]         sys.c:744  MXM  WARN  Conflicting CPU frequencies detected, using: 1696.41
[1468038244.787295] [node066:3122 :0]         mxm.c:196  MXM  WARN  The 'ulimit -s' on the system is set to 'unlimited'. This may have negative performance implications. Please set the stack size to the default value (10240) 
[1468038244.775975] [node066:3122 :0]         sys.c:744  MXM  WARN  Conflicting CPU frequencies detected, using: 1696.41
[1468038244.788011] [node066:3122 :0]         mxm.c:196  MXM  WARN  The 'ulimit -s' on the system is set to 'unlimited'. This may have negative performance implications. Please set the stack size to the default value (10240) 
[1468038244.766222] [node064:9489 :0]         sys.c:744  MXM  WARN  Conflicting CPU frequencies detected, using: 1568.53
[1468038244.777470] [node064:9489 :0]         mxm.c:196  MXM  WARN  The 'ulimit -s' on the system is set to 'unlimited'. This may have negative performance implications. Please set the stack size to the default value (10240) 
[1468038244.766222] [node064:9489 :0]         sys.c:744  MXM  WARN  Conflicting CPU frequencies detected, using: 1568.53
[1468038244.778203] [node064:9489 :0]         mxm.c:196  MXM  WARN  The 'ulimit -s' on the system is set to 'unlimited'. This may have negative performance implications. Please set the stack size to the default value (10240) 
[1468038244.752025] [node013:23794:0]         sys.c:744  MXM  WARN  Conflicting CPU frequencies detected, using: 1445.81
[1468038244.763031] [node013:23794:0]         mxm.c:196  MXM  WARN  The 'ulimit -s' on the system is set to 'unlimited'. This may have negative performance implications. Please set the stack size to the default value (10240) 
[1468038244.745487] [node015:6180 :0]         sys.c:744  MXM  WARN  Conflicting CPU frequencies detected, using: 1385.34
[1468038244.756783] [node015:6180 :0]         mxm.c:196  MXM  WARN  The 'ulimit -s' on the system is set to 'unlimited'. This may have negative performance implications. Please set the stack size to the default value (10240) 
[1468038244.762915] [node017:27140:0]         sys.c:744  MXM  WARN  Conflicting CPU frequencies detected, using: 2876.06
[1468038244.773981] [node017:27140:0]         mxm.c:196  MXM  WARN  The 'ulimit -s' on the system is set to 'unlimited'. This may have negative performance implications. Please set the stack size to the default value (10240) 
[1468038244.753774] [node018:17252:0]         sys.c:744  MXM  WARN  Conflicting CPU frequencies detected, using: 1534.97
[1468038244.764552] [node018:17252:0]         mxm.c:196  MXM  WARN  The 'ulimit -s' on the system is set to 'unlimited'. This may have negative performance implications. Please set the stack size to the default value (10240) 
[1468038244.746257] [node020:32676:0]         sys.c:744  MXM  WARN  Conflicting CPU frequencies detected, using: 1399.12
[1468038244.757107] [node020:32676:0]         mxm.c:196  MXM  WARN  The 'ulimit -s' on the system is set to 'unlimited'. This may have negative performance implications. Please set the stack size to the default value (10240) 
[1468038244.750893] [node056:19606:0]         sys.c:744  MXM  WARN  Conflicting CPU frequencies detected, using: 1500.09
[1468038244.761820] [node056:19606:0]         mxm.c:196  MXM  WARN  The 'ulimit -s' on the system is set to 'unlimited'. This may have negative performance implications. Please set the stack size to the default value (10240) 
[1468038244.759141] [node062:29743:0]         sys.c:744  MXM  WARN  Conflicting CPU frequencies detected, using: 1395.19
[1468038244.770364] [node062:29743:0]         mxm.c:196  MXM  WARN  The 'ulimit -s' on the system is set to 'unlimited'. This may have negative performance implications. Please set the stack size to the default value (10240) 
[1468038244.768122] [node022:12024:0]         sys.c:744  MXM  WARN  Conflicting CPU frequencies detected, using: 1797.84
[1468038244.779173] [node022:12024:0]         mxm.c:196  MXM  WARN  The 'ulimit -s' on the system is set to 'unlimited'. This may have negative performance implications. Please set the stack size to the default value (10240) 
UPCR: UPC thread  0 of 64 on node009 (pshm node  0 of 32, process  0 of 64, pid=24105)
UPCR: UPC thread  1 of 64 on node009 (pshm node  0 of 32, process  1 of 64, pid=24106)
UPCR: UPC thread  4 of 64 on node011 (pshm node  2 of 32, process  4 of 64, pid=14779)
UPCR: UPC thread  5 of 64 on node011 (pshm node  2 of 32, process  5 of 64, pid=14780)
UPCR: UPC thread 32 of 64 on node053 (pshm node 16 of 32, process 32 of 64, pid=32287)
UPCR: UPC thread 33 of 64 on node053 (pshm node 16 of 32, process 33 of 64, pid=32288)
UPCR: UPC thread 27 of 64 on node022 (pshm node 13 of 32, process 27 of 64, pid=12067)
UPCR: UPC thread 26 of 64 on node022 (pshm node 13 of 32, process 26 of 64, pid=12066)
UPCR: UPC thread  9 of 64 on node013 (pshm node  4 of 32, process  9 of 64, pid=23837)
UPCR: UPC thread  8 of 64 on node013 (pshm node  4 of 32, process  8 of 64, pid=23836)
UPCR: UPC thread 14 of 64 on node016 (pshm node  7 of 32, process 14 of 64, pid=31589)
UPCR: UPC thread 15 of 64 on node016 (pshm node  7 of 32, process 15 of 64, pid=31590)
UPCR: UPC thread 41 of 64 on node057 (pshm node 20 of 32, process 41 of 64, pid=16141)
UPCR: UPC thread 40 of 64 on node057 (pshm node 20 of 32, process 40 of 64, pid=16140)
UPCR: UPC thread 45 of 64 on node059 (pshm node 22 of 32, process 45 of 64, pid=18724)
UPCR: UPC thread 44 of 64 on node059 (pshm node 22 of 32, process 44 of 64, pid=18723)
UPCR: UPC thread 48 of 64 on node061 (pshm node 24 of 32, process 48 of 64, pid=26297)
UPCR: UPC thread 49 of 64 on node061 (pshm node 24 of 32, process 49 of 64, pid=26298)
UPCR: UPC thread 57 of 64 on node065 (pshm node 28 of 32, process 57 of 64, pid=427)
UPCR: UPC thread 56 of 64 on node065 (pshm node 28 of 32, process 56 of 64, pid=426)
UPCR: UPC thread 29 of 64 on node023 (pshm node 14 of 32, process 29 of 64, pid=20297)
UPCR: UPC thread 28 of 64 on node023 (pshm node 14 of 32, process 28 of 64, pid=20296)
UPCR: UPC thread 17 of 64 on node017 (pshm node  8 of 32, process 17 of 64, pid=27183)
UPCR: UPC thread 16 of 64 on node017 (pshm node  8 of 32, process 16 of 64, pid=27182)
UPCR: UPC thread  7 of 64 on node012 (pshm node  3 of 32, process  7 of 64, pid=4597)
UPCR: UPC thread  6 of 64 on node012 (pshm node  3 of 32, process  6 of 64, pid=4596)
UPCR: UPC thread 13 of 64 on node015 (pshm node  6 of 32, process 13 of 64, pid=6223)
UPCR: UPC thread 12 of 64 on node015 (pshm node  6 of 32, process 12 of 64, pid=6222)
UPCR: UPC thread 39 of 64 on node056 (pshm node 19 of 32, process 39 of 64, pid=19649)
UPCR: UPC thread 38 of 64 on node056 (pshm node 19 of 32, process 38 of 64, pid=19648)
UPCR: UPC thread 10 of 64 on node014 (pshm node  5 of 32, process 10 of 64, pid=13577)
UPCR: UPC thread 11 of 64 on node014 (pshm node  5 of 32, process 11 of 64, pid=13578)
UPCR: UPC thread 52 of 64 on node063 (pshm node 26 of 32, process 52 of 64, pid=4344)
UPCR: UPC thread 53 of 64 on node063 (pshm node 26 of 32, process 53 of 64, pid=4345)
UPCR: UPC thread 59 of 64 on node066 (pshm node 29 of 32, process 59 of 64, pid=3172)
UPCR: UPC thread 58 of 64 on node066 (pshm node 29 of 32, process 58 of 64, pid=3171)
UPCR: UPC thread 47 of 64 on node060 (pshm node 23 of 32, process 47 of 64, pid=20753)
UPCR: UPC thread 46 of 64 on node060 (pshm node 23 of 32, process 46 of 64, pid=20752)
UPCR: UPC thread 54 of 64 on node064 (pshm node 27 of 32, process 54 of 64, pid=9531)
UPCR: UPC thread 55 of 64 on node064 (pshm node 27 of 32, process 55 of 64, pid=9532)
UPCR: UPC thread 37 of 64 on node055 (pshm node 18 of 32, process 37 of 64, pid=21865)
UPCR: UPC thread 36 of 64 on node055 (pshm node 18 of 32, process 36 of 64, pid=21864)
UPCR: UPC thread 51 of 64 on node062 (pshm node 25 of 32, process 51 of 64, pid=29786)
UPCR: UPC thread 50 of 64 on node062 (pshm node 25 of 32, process 50 of 64, pid=29785)
UPCR: UPC thread 63 of 64 on node068 (pshm node 31 of 32, process 63 of 64, pid=3873)
UPCR: UPC thread 62 of 64 on node068 (pshm node 31 of 32, process 62 of 64, pid=3872)
UPCR: UPC thread 24 of 64 on node021 (pshm node 12 of 32, process 24 of 64, pid=13273)
UPCR: UPC thread 25 of 64 on node021 (pshm node 12 of 32, process 25 of 64, pid=13274)
UPCR: UPC thread  3 of 64 on node010 (pshm node  1 of 32, process  3 of 64, pid=352)
UPCR: UPC thread  2 of 64 on node010 (pshm node  1 of 32, process  2 of 64, pid=351)
UPCR: UPC thread 21 of 64 on node019 (pshm node 10 of 32, process 21 of 64, pid=13695)
UPCR: UPC thread 20 of 64 on node019 (pshm node 10 of 32, process 20 of 64, pid=13694)
UPCR: UPC thread 19 of 64 on node018 (pshm node  9 of 32, process 19 of 64, pid=17295)
UPCR: UPC thread 18 of 64 on node018 (pshm node  9 of 32, process 18 of 64, pid=17294)
UPCR: UPC thread 42 of 64 on node058 (pshm node 21 of 32, process 42 of 64, pid=15503)
UPCR: UPC thread 43 of 64 on node058 (pshm node 21 of 32, process 43 of 64, pid=15504)
UPCR: UPC thread 35 of 64 on node054 (pshm node 17 of 32, process 35 of 64, pid=27982)
UPCR: UPC thread 34 of 64 on node054 (pshm node 17 of 32, process 34 of 64, pid=27981)
UPCR: UPC thread 31 of 64 on node029 (pshm node 15 of 32, process 31 of 64, pid=13494)
UPCR: UPC thread 30 of 64 on node029 (pshm node 15 of 32, process 30 of 64, pid=13493)
UPCR: UPC thread 23 of 64 on node020 (pshm node 11 of 32, process 23 of 64, pid=32719)
UPCR: UPC thread 22 of 64 on node020 (pshm node 11 of 32, process 22 of 64, pid=32718)
UPCR: UPC thread 61 of 64 on node067 (pshm node 30 of 32, process 61 of 64, pid=5849)
UPCR: UPC thread 60 of 64 on node067 (pshm node 30 of 32, process 60 of 64, pid=5848)
using a cache granularity of 8
using linear probing in the BDD table
using a memoization table of 2^25 = 33554432 entries (~1280 MB) per thread
using a BDD table of 2^26 = 67108864 entries (~1536 MB) per thread
Initializing /home/oortwijn/distdd/models/beem/elevator_planning.1.bdd!
vector size: 27
bits per integer: 8
number of BDD variables: 216
Loading initial states: 
Initial states loaded... 
Loading transition relations... 
27 integers per state, 8 bits per integer, 7 transition groups
BDD nodes:
Initial states: 216 BDD nodes
Transition 0: 575 BDD nodes
Transition 1: 543 BDD nodes
Transition 2: 543 BDD nodes
Transition 3: 668 BDD nodes
Transition 4: 668 BDD nodes
Transition 5: 40 BDD nodes
Transition 6: 112 BDD nodes
Level 1... done.
Level 2... done.
Level 3... done.
Level 4... done.
Level 5... done.
Level 6... done.
Level 7... done.
Level 8... done.
Level 9... done.
Level 10... done.
Level 11... done.
Level 12... done.
Level 13... done.
Level 14... done.
Level 15... done.
Level 16... done.
Level 17... done.
Level 18... done.
Level 19... done.
Level 20... done.
Level 21... done.
PAR Time: 0.297207
Final states: 362086400 states
Final states: 1188 BDD nodes
[1468038244.762073] [node054:27939:0]         sys.c:744  MXM  WARN  Conflicting CPU frequencies detected, using: 1586.06
[1468038244.758848] [node061:26255:0]         sys.c:744  MXM  WARN  Conflicting CPU frequencies detected, using: 1614.00
[1468038244.763849] [node067:5806 :0]         sys.c:744  MXM  WARN  Conflicting CPU frequencies detected, using: 2133.00
[1468038244.752939] [node058:15461:0]         sys.c:744  MXM  WARN  Conflicting CPU frequencies detected, using: 1398.66
[1468038244.762101] [node068:3830 :0]         sys.c:744  MXM  WARN  Conflicting CPU frequencies detected, using: 1393.22
[1468038244.760127] [node055:21822:0]         sys.c:744  MXM  WARN  Conflicting CPU frequencies detected, using: 1761.56
[1468038244.775975] [node066:3122 :0]         sys.c:744  MXM  WARN  Conflicting CPU frequencies detected, using: 1696.41
[1468038244.762915] [node017:27140:0]         sys.c:744  MXM  WARN  Conflicting CPU frequencies detected, using: 2876.06
[1468038244.745487] [node015:6180 :0]         sys.c:744  MXM  WARN  Conflicting CPU frequencies detected, using: 1385.34
[1468038244.769887] [node057:16098:0]         sys.c:744  MXM  WARN  Conflicting CPU frequencies detected, using: 1353.28
[1468038244.756333] [node063:4302 :0]         sys.c:744  MXM  WARN  Conflicting CPU frequencies detected, using: 1486.41
[1468038244.753774] [node018:17252:0]         sys.c:744  MXM  WARN  Conflicting CPU frequencies detected, using: 1534.97
[1468038244.750893] [node056:19606:0]         sys.c:744  MXM  WARN  Conflicting CPU frequencies detected, using: 1500.09
[1468038244.759141] [node062:29743:0]         sys.c:744  MXM  WARN  Conflicting CPU frequencies detected, using: 1395.19
[1468038244.751180] [node053:32245:0]         sys.c:744  MXM  WARN  Conflicting CPU frequencies detected, using: 1496.34
[1468038244.766222] [node064:9489 :0]         sys.c:744  MXM  WARN  Conflicting CPU frequencies detected, using: 1568.53
[1468038244.757985] [node029:13451:0]         sys.c:744  MXM  WARN  Conflicting CPU frequencies detected, using: 1627.88
[1468038244.763216] [node059:18681:0]         sys.c:744  MXM  WARN  Conflicting CPU frequencies detected, using: 1588.50
[1468038244.763392] [node065:368  :0]         sys.c:744  MXM  WARN  Conflicting CPU frequencies detected, using: 1894.88
[1468038244.764015] [node060:20710:0]         sys.c:744  MXM  WARN  Conflicting CPU frequencies detected, using: 1897.12
[1468038244.741707] [node012:4554 :0]         sys.c:744  MXM  WARN  Conflicting CPU frequencies detected, using: 2147.62
[1468038244.753030] [node010:308  :0]         sys.c:744  MXM  WARN  Conflicting CPU frequencies detected, using: 1399.97
[1468038244.753439] [node023:20254:0]         sys.c:744  MXM  WARN  Conflicting CPU frequencies detected, using: 1894.88
[1468038244.746257] [node020:32676:0]         sys.c:744  MXM  WARN  Conflicting CPU frequencies detected, using: 1399.12
[1468038244.755483] [node021:13231:0]         sys.c:744  MXM  WARN  Conflicting CPU frequencies detected, using: 1585.31
[1468038244.393396] [node009:24072:0]         sys.c:744  MXM  WARN  Conflicting CPU frequencies detected, using: 1975.59
[1468038244.765523] [node014:13534:0]         sys.c:744  MXM  WARN  Conflicting CPU frequencies detected, using: 1899.66
[1468038244.768122] [node022:12024:0]         sys.c:744  MXM  WARN  Conflicting CPU frequencies detected, using: 1797.84
[1468038244.765514] [node011:14737:0]         sys.c:744  MXM  WARN  Conflicting CPU frequencies detected, using: 1587.47
[1468038244.750731] [node019:13651:0]         sys.c:744  MXM  WARN  Conflicting CPU frequencies detected, using: 1797.47
[1468038244.756335] [node016:31547:0]         sys.c:744  MXM  WARN  Conflicting CPU frequencies detected, using: 1500.09
[1468038244.752025] [node013:23794:0]         sys.c:744  MXM  WARN  Conflicting CPU frequencies detected, using: 1445.81
[1468038244.372577] [node009:24028:0]         sys.c:744  MXM  WARN  Conflicting CPU frequencies detected, using: 1897.22
