performing reachability, flags: -n 16 -N 1 -shared-heap 1GB --tablesize=23 --cachesize=22 --quadratic-probing--chunk-size=8 
This is upcrun, job spawner for the Berkeley UPC compiler (http://upc.lbl.gov).
upcrun version 2.22.2
Network conduits supported by this installation: smp mxm ibv
[1467993724.100138] [node063:14305:0]         sys.c:744  MXM  WARN  Conflicting CPU frequencies detected, using: 1641.19
[1467993724.113069] [node063:14305:0]         mxm.c:196  MXM  WARN  The 'ulimit -s' on the system is set to 'unlimited'. This may have negative performance implications. Please set the stack size to the default value (10240) 
[1467993724.100138] [node063:14305:0]         sys.c:744  MXM  WARN  Conflicting CPU frequencies detected, using: 1641.19
[1467993724.109262] [node063:14305:0]         mxm.c:196  MXM  WARN  The 'ulimit -s' on the system is set to 'unlimited'. This may have negative performance implications. Please set the stack size to the default value (10240) 
[1467993724.100138] [node063:14305:0]         sys.c:744  MXM  WARN  Conflicting CPU frequencies detected, using: 1641.19
[1467993724.105985] [node063:14305:0]         mxm.c:196  MXM  WARN  The 'ulimit -s' on the system is set to 'unlimited'. This may have negative performance implications. Please set the stack size to the default value (10240) 
[1467993724.100138] [node063:14305:0]         sys.c:744  MXM  WARN  Conflicting CPU frequencies detected, using: 1641.19
[1467993724.112837] [node063:14305:0]         mxm.c:196  MXM  WARN  The 'ulimit -s' on the system is set to 'unlimited'. This may have negative performance implications. Please set the stack size to the default value (10240) 
[1467993724.100138] [node063:14305:0]         sys.c:744  MXM  WARN  Conflicting CPU frequencies detected, using: 1641.19
[1467993724.110450] [node063:14305:0]         mxm.c:196  MXM  WARN  The 'ulimit -s' on the system is set to 'unlimited'. This may have negative performance implications. Please set the stack size to the default value (10240) 
[1467993724.100138] [node063:14305:0]         sys.c:744  MXM  WARN  Conflicting CPU frequencies detected, using: 1641.19
[1467993724.111116] [node063:14305:0]         mxm.c:196  MXM  WARN  The 'ulimit -s' on the system is set to 'unlimited'. This may have negative performance implications. Please set the stack size to the default value (10240) 
[1467993724.100138] [node063:14305:0]         sys.c:744  MXM  WARN  Conflicting CPU frequencies detected, using: 1641.19
[1467993724.112968] [node063:14305:0]         mxm.c:196  MXM  WARN  The 'ulimit -s' on the system is set to 'unlimited'. This may have negative performance implications. Please set the stack size to the default value (10240) 
[1467993724.100138] [node063:14305:0]         sys.c:744  MXM  WARN  Conflicting CPU frequencies detected, using: 1641.19
[1467993724.108592] [node063:14305:0]         mxm.c:196  MXM  WARN  The 'ulimit -s' on the system is set to 'unlimited'. This may have negative performance implications. Please set the stack size to the default value (10240) 
[1467993724.100138] [node063:14305:0]         sys.c:744  MXM  WARN  Conflicting CPU frequencies detected, using: 1641.19
[1467993724.111348] [node063:14305:0]         mxm.c:196  MXM  WARN  The 'ulimit -s' on the system is set to 'unlimited'. This may have negative performance implications. Please set the stack size to the default value (10240) 
[1467993724.100138] [node063:14305:0]         sys.c:744  MXM  WARN  Conflicting CPU frequencies detected, using: 1641.19
[1467993724.107176] [node063:14305:0]         mxm.c:196  MXM  WARN  The 'ulimit -s' on the system is set to 'unlimited'. This may have negative performance implications. Please set the stack size to the default value (10240) 
[1467993724.100138] [node063:14305:0]         sys.c:744  MXM  WARN  Conflicting CPU frequencies detected, using: 1641.19
[1467993724.111514] [node063:14305:0]         mxm.c:196  MXM  WARN  The 'ulimit -s' on the system is set to 'unlimited'. This may have negative performance implications. Please set the stack size to the default value (10240) 
[1467993724.100138] [node063:14305:0]         sys.c:744  MXM  WARN  Conflicting CPU frequencies detected, using: 1641.19
[1467993724.111922] [node063:14305:0]         mxm.c:196  MXM  WARN  The 'ulimit -s' on the system is set to 'unlimited'. This may have negative performance implications. Please set the stack size to the default value (10240) 
[1467993724.100138] [node063:14305:0]         sys.c:744  MXM  WARN  Conflicting CPU frequencies detected, using: 1641.19
[1467993724.109860] [node063:14305:0]         mxm.c:196  MXM  WARN  The 'ulimit -s' on the system is set to 'unlimited'. This may have negative performance implications. Please set the stack size to the default value (10240) 
[1467993724.100138] [node063:14305:0]         sys.c:744  MXM  WARN  Conflicting CPU frequencies detected, using: 1641.19
[1467993724.107595] [node063:14305:0]         mxm.c:196  MXM  WARN  The 'ulimit -s' on the system is set to 'unlimited'. This may have negative performance implications. Please set the stack size to the default value (10240) 
[1467993724.100138] [node063:14305:0]         sys.c:744  MXM  WARN  Conflicting CPU frequencies detected, using: 1641.19
[1467993724.110930] [node063:14305:0]         mxm.c:196  MXM  WARN  The 'ulimit -s' on the system is set to 'unlimited'. This may have negative performance implications. Please set the stack size to the default value (10240) 
[1467993724.100138] [node063:14305:0]         sys.c:744  MXM  WARN  Conflicting CPU frequencies detected, using: 1641.19
[1467993724.112406] [node063:14305:0]         mxm.c:196  MXM  WARN  The 'ulimit -s' on the system is set to 'unlimited'. This may have negative performance implications. Please set the stack size to the default value (10240) 
UPCR: UPC thread  2 of 16 on node063 (pshm node 0 of 1, process  2 of 16, pid=14308)
UPCR: UPC thread  3 of 16 on node063 (pshm node 0 of 1, process  3 of 16, pid=14309)
UPCR: UPC thread  7 of 16 on node063 (pshm node 0 of 1, process  7 of 16, pid=14315)
UPCR: UPC thread 10 of 16 on node063 (pshm node 0 of 1, process 10 of 16, pid=14322)
UPCR: UPC thread  1 of 16 on node063 (pshm node 0 of 1, process  1 of 16, pid=14307)
UPCR: UPC thread 14 of 16 on node063 (pshm node 0 of 1, process 14 of 16, pid=14329)
UPCR: UPC thread 12 of 16 on node063 (pshm node 0 of 1, process 12 of 16, pid=14325)
UPCR: UPC thread  4 of 16 on node063 (pshm node 0 of 1, process  4 of 16, pid=14310)
UPCR: UPC thread 13 of 16 on node063 (pshm node 0 of 1, process 13 of 16, pid=14327)
UPCR: UPC thread 11 of 16 on node063 (pshm node 0 of 1, process 11 of 16, pid=14324)
UPCR: UPC thread  6 of 16 on node063 (pshm node 0 of 1, process  6 of 16, pid=14312)
UPCR: UPC thread  9 of 16 on node063 (pshm node 0 of 1, process  9 of 16, pid=14319)
UPCR: UPC thread 15 of 16 on node063 (pshm node 0 of 1, process 15 of 16, pid=14331)
UPCR: UPC thread  0 of 16 on node063 (pshm node 0 of 1, process  0 of 16, pid=14306)
UPCR: UPC thread  5 of 16 on node063 (pshm node 0 of 1, process  5 of 16, pid=14311)
UPCR: UPC thread  8 of 16 on node063 (pshm node 0 of 1, process  8 of 16, pid=14317)
using a cache granularity of 8
using linear probing in the BDD table
using a memoization table of 2^23 = 8388608 entries (~320 MB) per thread
using a BDD table of 2^23 = 8388608 entries (~192 MB) per thread
Initializing /home/oortwijn/distdd/models/beem/elevator2.3.bdd!
vector size: 20
bits per integer: 16
number of BDD variables: 320
Loading initial states: 
Initial states loaded... 
Loading transition relations... 
20 integers per state, 16 bits per integer, 22 transition groups
BDD nodes:
Initial states: 320 BDD nodes
Transition 0: 1559 BDD nodes
Transition 1: 5220 BDD nodes
Transition 2: 80 BDD nodes
Transition 3: 862 BDD nodes
Transition 4: 64 BDD nodes
Transition 5: 277 BDD nodes
Transition 6: 5188 BDD nodes
Transition 7: 207 BDD nodes
Transition 8: 3870 BDD nodes
Transition 9: 80 BDD nodes
Transition 10: 80 BDD nodes
Transition 11: 80 BDD nodes
Transition 12: 80 BDD nodes
Transition 13: 80 BDD nodes
Transition 14: 80 BDD nodes
Transition 15: 80 BDD nodes
Transition 16: 80 BDD nodes
Transition 17: 80 BDD nodes
Transition 18: 80 BDD nodes
Transition 19: 80 BDD nodes
Transition 20: 80 BDD nodes
Transition 21: 80 BDD nodes
Level 1... done.
Level 2... done.
PAR Time: 0.011671
Final states: 0 states
Final states: 0 BDD nodes
[1467993724.100138] [node063:14305:0]         sys.c:744  MXM  WARN  Conflicting CPU frequencies detected, using: 1641.19
[1467993724.082384] [node063:14261:0]         sys.c:744  MXM  WARN  Conflicting CPU frequencies detected, using: 1641.19
