performing reachability, flags: -n 16 -N 8 -shared-heap 8GB --tablesize=26 --cachesize=25  
This is upcrun, job spawner for the Berkeley UPC compiler (http://upc.lbl.gov).
upcrun version 2.22.2
Network conduits supported by this installation: smp mxm ibv
[1468083170.513749] [node012:6328 :0]         sys.c:744  MXM  WARN  Conflicting CPU frequencies detected, using: 1683.38
[1468083170.525046] [node012:6328 :0]         mxm.c:196  MXM  WARN  The 'ulimit -s' on the system is set to 'unlimited'. This may have negative performance implications. Please set the stack size to the default value (10240) 
[1468083170.513749] [node012:6328 :0]         sys.c:744  MXM  WARN  Conflicting CPU frequencies detected, using: 1683.38
[1468083170.524355] [node012:6328 :0]         mxm.c:196  MXM  WARN  The 'ulimit -s' on the system is set to 'unlimited'. This may have negative performance implications. Please set the stack size to the default value (10240) 
[1468083170.874316] [node019:24920:0]         sys.c:744  MXM  WARN  Conflicting CPU frequencies detected, using: 1694.91
[1468083170.880793] [node019:24920:0]         mxm.c:196  MXM  WARN  The 'ulimit -s' on the system is set to 'unlimited'. This may have negative performance implications. Please set the stack size to the default value (10240) 
[1468083170.874316] [node019:24920:0]         sys.c:744  MXM  WARN  Conflicting CPU frequencies detected, using: 1694.91
[1468083170.880505] [node019:24920:0]         mxm.c:196  MXM  WARN  The 'ulimit -s' on the system is set to 'unlimited'. This may have negative performance implications. Please set the stack size to the default value (10240) 
[1468083170.875483] [node016:20829:0]         sys.c:744  MXM  WARN  Conflicting CPU frequencies detected, using: 1796.25
[1468083170.881674] [node016:20829:0]         mxm.c:196  MXM  WARN  The 'ulimit -s' on the system is set to 'unlimited'. This may have negative performance implications. Please set the stack size to the default value (10240) 
[1468083170.875483] [node016:20829:0]         sys.c:744  MXM  WARN  Conflicting CPU frequencies detected, using: 1796.25
[1468083170.881936] [node016:20829:0]         mxm.c:196  MXM  WARN  The 'ulimit -s' on the system is set to 'unlimited'. This may have negative performance implications. Please set the stack size to the default value (10240) 
[1468083170.871708] [node014:32006:0]         sys.c:744  MXM  WARN  Conflicting CPU frequencies detected, using: 1795.50
[1468083170.877620] [node014:32006:0]         mxm.c:196  MXM  WARN  The 'ulimit -s' on the system is set to 'unlimited'. This may have negative performance implications. Please set the stack size to the default value (10240) 
[1468083170.871708] [node014:32006:0]         sys.c:744  MXM  WARN  Conflicting CPU frequencies detected, using: 1795.50
[1468083170.878106] [node014:32006:0]         mxm.c:196  MXM  WARN  The 'ulimit -s' on the system is set to 'unlimited'. This may have negative performance implications. Please set the stack size to the default value (10240) 
[1468083170.871088] [node013:19088:0]         sys.c:744  MXM  WARN  Conflicting CPU frequencies detected, using: 1695.94
[1468083170.883109] [node013:19088:0]         mxm.c:196  MXM  WARN  The 'ulimit -s' on the system is set to 'unlimited'. This may have negative performance implications. Please set the stack size to the default value (10240) 
[1468083170.863813] [node015:22339:0]         sys.c:744  MXM  WARN  Conflicting CPU frequencies detected, using: 1480.78
[1468083170.874952] [node015:22339:0]         mxm.c:196  MXM  WARN  The 'ulimit -s' on the system is set to 'unlimited'. This may have negative performance implications. Please set the stack size to the default value (10240) 
[1468083170.863813] [node015:22339:0]         sys.c:744  MXM  WARN  Conflicting CPU frequencies detected, using: 1480.78
[1468083170.875935] [node015:22339:0]         mxm.c:196  MXM  WARN  The 'ulimit -s' on the system is set to 'unlimited'. This may have negative performance implications. Please set the stack size to the default value (10240) 
[1468083170.868991] [node018:1230 :0]         sys.c:744  MXM  WARN  Conflicting CPU frequencies detected, using: 1566.09
[1468083170.879847] [node018:1230 :0]         mxm.c:196  MXM  WARN  The 'ulimit -s' on the system is set to 'unlimited'. This may have negative performance implications. Please set the stack size to the default value (10240) 
[1468083170.868991] [node018:1230 :0]         sys.c:744  MXM  WARN  Conflicting CPU frequencies detected, using: 1566.09
[1468083170.880627] [node018:1230 :0]         mxm.c:196  MXM  WARN  The 'ulimit -s' on the system is set to 'unlimited'. This may have negative performance implications. Please set the stack size to the default value (10240) 
[1468083170.868980] [node017:12321:0]         sys.c:744  MXM  WARN  Conflicting CPU frequencies detected, using: 1897.22
[1468083170.880631] [node017:12321:0]         mxm.c:196  MXM  WARN  The 'ulimit -s' on the system is set to 'unlimited'. This may have negative performance implications. Please set the stack size to the default value (10240) 
[1468083170.871088] [node013:19088:0]         sys.c:744  MXM  WARN  Conflicting CPU frequencies detected, using: 1695.94
[1468083170.882332] [node013:19088:0]         mxm.c:196  MXM  WARN  The 'ulimit -s' on the system is set to 'unlimited'. This may have negative performance implications. Please set the stack size to the default value (10240) 
[1468083170.868980] [node017:12321:0]         sys.c:744  MXM  WARN  Conflicting CPU frequencies detected, using: 1897.22
[1468083170.879850] [node017:12321:0]         mxm.c:196  MXM  WARN  The 'ulimit -s' on the system is set to 'unlimited'. This may have negative performance implications. Please set the stack size to the default value (10240) 
UPCR: UPC thread  0 of 16 on node012 (pshm node 0 of 8, process  0 of 16, pid=6336)
UPCR: UPC thread  1 of 16 on node012 (pshm node 0 of 8, process  1 of 16, pid=6337)
UPCR: UPC thread 13 of 16 on node018 (pshm node 6 of 8, process 13 of 16, pid=1276)
UPCR: UPC thread 12 of 16 on node018 (pshm node 6 of 8, process 12 of 16, pid=1275)
UPCR: UPC thread  5 of 16 on node014 (pshm node 2 of 8, process  5 of 16, pid=32049)
UPCR: UPC thread  4 of 16 on node014 (pshm node 2 of 8, process  4 of 16, pid=32048)
UPCR: UPC thread  3 of 16 on node013 (pshm node 1 of 8, process  3 of 16, pid=19131)
UPCR: UPC thread  2 of 16 on node013 (pshm node 1 of 8, process  2 of 16, pid=19130)
UPCR: UPC thread 15 of 16 on node019 (pshm node 7 of 8, process 15 of 16, pid=24963)
UPCR: UPC thread 14 of 16 on node019 (pshm node 7 of 8, process 14 of 16, pid=24962)
UPCR: UPC thread  7 of 16 on node015 (pshm node 3 of 8, process  7 of 16, pid=22382)
UPCR: UPC thread  6 of 16 on node015 (pshm node 3 of 8, process  6 of 16, pid=22381)
UPCR: UPC thread 11 of 16 on node017 (pshm node 5 of 8, process 11 of 16, pid=12364)
UPCR: UPC thread 10 of 16 on node017 (pshm node 5 of 8, process 10 of 16, pid=12363)
UPCR: UPC thread  9 of 16 on node016 (pshm node 4 of 8, process  9 of 16, pid=20872)
UPCR: UPC thread  8 of 16 on node016 (pshm node 4 of 8, process  8 of 16, pid=20871)
using a cache granularity of 8
using linear probing in the BDD table
using a memoization table of 2^25 = 33554432 entries (~1280 MB) per thread
using a BDD table of 2^26 = 67108864 entries (~1536 MB) per thread
Initializing /home/oortwijn/distdd/models/beem/elevator2.1.bdd!
vector size: 11
bits per integer: 16
number of BDD variables: 176
Loading initial states: 
Initial states loaded... 
Loading transition relations... 
11 integers per state, 16 bits per integer, 13 transition groups
BDD nodes:
Initial states: 176 BDD nodes
Transition 0: 434 BDD nodes
Transition 1: 738 BDD nodes
Transition 2: 80 BDD nodes
Transition 3: 305 BDD nodes
Transition 4: 64 BDD nodes
Transition 5: 1025 BDD nodes
Transition 6: 272 BDD nodes
Transition 7: 207 BDD nodes
Transition 8: 603 BDD nodes
Transition 9: 80 BDD nodes
Transition 10: 80 BDD nodes
Transition 11: 80 BDD nodes
Transition 12: 80 BDD nodes
Level 1... done.
Level 2... done.
PAR Time: 0.011027
Final states: 0 states
Final states: 0 BDD nodes
[1468083170.863813] [node015:22339:0]         sys.c:744  MXM  WARN  Conflicting CPU frequencies detected, using: 1480.78
[1468083170.868991] [node018:1230 :0]         sys.c:744  MXM  WARN  Conflicting CPU frequencies detected, using: 1566.09
[1468083170.868980] [node017:12321:0]         sys.c:744  MXM  WARN  Conflicting CPU frequencies detected, using: 1897.22
[1468083170.513749] [node012:6328 :0]         sys.c:744  MXM  WARN  Conflicting CPU frequencies detected, using: 1683.38
[1468083170.871088] [node013:19088:0]         sys.c:744  MXM  WARN  Conflicting CPU frequencies detected, using: 1695.94
[1468083170.871708] [node014:32006:0]         sys.c:744  MXM  WARN  Conflicting CPU frequencies detected, using: 1795.50
[1468083170.875483] [node016:20829:0]         sys.c:744  MXM  WARN  Conflicting CPU frequencies detected, using: 1796.25
[1468083170.874316] [node019:24920:0]         sys.c:744  MXM  WARN  Conflicting CPU frequencies detected, using: 1694.91
[1468083170.494537] [node012:6284 :0]         sys.c:744  MXM  WARN  Conflicting CPU frequencies detected, using: 1596.47
