performing reachability, flags: -n 2 -N 1 -shared-heap 8GB --tablesize=26 --cachesize=25 --quadratic-probing--chunk-size=8 
This is upcrun, job spawner for the Berkeley UPC compiler (http://upc.lbl.gov).
upcrun version 2.22.2
Network conduits supported by this installation: smp mxm ibv
[1467904918.386665] [node020:8842 :0]         sys.c:744  MXM  WARN  Conflicting CPU frequencies detected, using: 1896.66
[1467904918.398594] [node020:8842 :0]         mxm.c:196  MXM  WARN  The 'ulimit -s' on the system is set to 'unlimited'. This may have negative performance implications. Please set the stack size to the default value (10240) 
[1467904918.386665] [node020:8842 :0]         sys.c:744  MXM  WARN  Conflicting CPU frequencies detected, using: 1896.66
[1467904918.397812] [node020:8842 :0]         mxm.c:196  MXM  WARN  The 'ulimit -s' on the system is set to 'unlimited'. This may have negative performance implications. Please set the stack size to the default value (10240) 
UPCR: UPC thread 1 of 2 on node020 (pshm node 0 of 1, process 1 of 2, pid=8844)
UPCR: UPC thread 0 of 2 on node020 (pshm node 0 of 1, process 0 of 2, pid=8843)
using a cache granularity of 8
using linear probing in the BDD table
using a memoization table of 2^25 = 33554432 entries (~1280 MB) per thread
using a BDD table of 2^26 = 67108864 entries (~1536 MB) per thread
Initializing /home/oortwijn/distdd/models/beem/elevator_planning.1.bdd!
vector size: 27
bits per integer: 8
number of BDD variables: 216
Loading initial states: 
Initial states loaded... 
Loading transition relations... 
27 integers per state, 8 bits per integer, 7 transition groups
BDD nodes:
Initial states: 216 BDD nodes
Transition 0: 575 BDD nodes
Transition 1: 543 BDD nodes
Transition 2: 543 BDD nodes
Transition 3: 668 BDD nodes
Transition 4: 668 BDD nodes
Transition 5: 40 BDD nodes
Transition 6: 112 BDD nodes
Level 1... done.
Level 2... done.
Level 3... done.
Level 4... done.
Level 5... done.
Level 6... done.
Level 7... done.
Level 8... done.
Level 9... done.
Level 10... done.
Level 11... done.
Level 12... done.
Level 13... done.
Level 14... done.
Level 15... done.
Level 16... done.
Level 17... done.
Level 18... done.
Level 19... done.
Level 20... done.
Level 21... done.
PAR Time: 0.469609
Final states: 362086400 states
Final states: 1188 BDD nodes
[1467904918.386665] [node020:8842 :0]         sys.c:744  MXM  WARN  Conflicting CPU frequencies detected, using: 1896.66
[1467904918.368354] [node020:8798 :0]         sys.c:744  MXM  WARN  Conflicting CPU frequencies detected, using: 1896.66
