performing reachability, flags: -n 2 -N 1 -shared-heap 8GB --tablesize=26 --cachesize=25 --quadratic-probing--chunk-size=8 
This is upcrun, job spawner for the Berkeley UPC compiler (http://upc.lbl.gov).
upcrun version 2.22.2
Network conduits supported by this installation: smp mxm ibv
[1467904797.096427] [node020:7945 :0]         sys.c:744  MXM  WARN  Conflicting CPU frequencies detected, using: 1598.91
[1467904797.107873] [node020:7945 :0]         mxm.c:196  MXM  WARN  The 'ulimit -s' on the system is set to 'unlimited'. This may have negative performance implications. Please set the stack size to the default value (10240) 
[1467904797.096427] [node020:7945 :0]         sys.c:744  MXM  WARN  Conflicting CPU frequencies detected, using: 1598.91
[1467904797.106923] [node020:7945 :0]         mxm.c:196  MXM  WARN  The 'ulimit -s' on the system is set to 'unlimited'. This may have negative performance implications. Please set the stack size to the default value (10240) 
UPCR: UPC thread 1 of 2 on node020 (pshm node 0 of 1, process 1 of 2, pid=7947)
UPCR: UPC thread 0 of 2 on node020 (pshm node 0 of 1, process 0 of 2, pid=7946)
using a cache granularity of 8
using linear probing in the BDD table
using a memoization table of 2^25 = 33554432 entries (~1280 MB) per thread
using a BDD table of 2^26 = 67108864 entries (~1536 MB) per thread
Initializing /home/oortwijn/distdd/models/beem/elevator.2.bdd!
vector size: 24
bits per integer: 2
number of BDD variables: 48
Loading initial states: 
Initial states loaded... 
Loading transition relations... 
24 integers per state, 2 bits per integer, 21 transition groups
BDD nodes:
Initial states: 48 BDD nodes
Transition 0: 93 BDD nodes
Transition 1: 43 BDD nodes
Transition 2: 59 BDD nodes
Transition 3: 93 BDD nodes
Transition 4: 43 BDD nodes
Transition 5: 59 BDD nodes
Transition 6: 85 BDD nodes
Transition 7: 69 BDD nodes
Transition 8: 69 BDD nodes
Transition 9: 69 BDD nodes
Transition 10: 61 BDD nodes
Transition 11: 79 BDD nodes
Transition 12: 74 BDD nodes
Transition 13: 79 BDD nodes
Transition 14: 42 BDD nodes
Transition 15: 70 BDD nodes
Transition 16: 117 BDD nodes
Transition 17: 31 BDD nodes
Transition 18: 31 BDD nodes
Transition 19: 31 BDD nodes
Transition 20: 31 BDD nodes
Level 1... done.
Level 2... done.
PAR Time: 0.003432
Final states: 281474976710656 states
Final states: 0 BDD nodes
[1467904797.096427] [node020:7945 :0]         sys.c:744  MXM  WARN  Conflicting CPU frequencies detected, using: 1598.91
[1467904797.079459] [node020:7901 :0]         sys.c:744  MXM  WARN  Conflicting CPU frequencies detected, using: 1598.91
