performing reachability, flags: -n 16 -N 16 -shared-heap 16GB --tablesize=27 --cachesize=26  
This is upcrun, job spawner for the Berkeley UPC compiler (http://upc.lbl.gov).
upcrun version 2.22.2
Network conduits supported by this installation: smp mxm ibv
[1468185330.873859] [node008:1252 :0]         sys.c:744  MXM  WARN  Conflicting CPU frequencies detected, using: 2591.53
[1468185330.882499] [node008:1252 :0]         mxm.c:196  MXM  WARN  The 'ulimit -s' on the system is set to 'unlimited'. This may have negative performance implications. Please set the stack size to the default value (10240) 
[1468185331.228117] [node010:12889:0]         sys.c:744  MXM  WARN  Conflicting CPU frequencies detected, using: 1508.06
[1468185331.234250] [node010:12889:0]         mxm.c:196  MXM  WARN  The 'ulimit -s' on the system is set to 'unlimited'. This may have negative performance implications. Please set the stack size to the default value (10240) 
[1468185331.228988] [node021:18191:0]         sys.c:744  MXM  WARN  Conflicting CPU frequencies detected, using: 1984.50
[1468185331.234771] [node021:18191:0]         mxm.c:196  MXM  WARN  The 'ulimit -s' on the system is set to 'unlimited'. This may have negative performance implications. Please set the stack size to the default value (10240) 
[1468185331.229815] [node009:11802:0]         sys.c:744  MXM  WARN  Conflicting CPU frequencies detected, using: 2130.47
[1468185331.238440] [node009:11802:0]         mxm.c:196  MXM  WARN  The 'ulimit -s' on the system is set to 'unlimited'. This may have negative performance implications. Please set the stack size to the default value (10240) 
[1468185331.237378] [node022:23219:0]         sys.c:744  MXM  WARN  Conflicting CPU frequencies detected, using: 2271.09
[1468185331.246246] [node022:23219:0]         mxm.c:196  MXM  WARN  The 'ulimit -s' on the system is set to 'unlimited'. This may have negative performance implications. Please set the stack size to the default value (10240) 
[1468185331.236639] [node016:24575:0]         sys.c:744  MXM  WARN  Conflicting CPU frequencies detected, using: 2728.78
[1468185331.242835] [node016:24575:0]         mxm.c:196  MXM  WARN  The 'ulimit -s' on the system is set to 'unlimited'. This may have negative performance implications. Please set the stack size to the default value (10240) 
[1468185331.226852] [node012:4063 :0]         sys.c:744  MXM  WARN  Conflicting CPU frequencies detected, using: 2600.06
[1468185331.235631] [node012:4063 :0]         mxm.c:196  MXM  WARN  The 'ulimit -s' on the system is set to 'unlimited'. This may have negative performance implications. Please set the stack size to the default value (10240) 
[1468185331.232440] [node011:30298:0]         sys.c:744  MXM  WARN  Conflicting CPU frequencies detected, using: 2571.38
[1468185331.241162] [node011:30298:0]         mxm.c:196  MXM  WARN  The 'ulimit -s' on the system is set to 'unlimited'. This may have negative performance implications. Please set the stack size to the default value (10240) 
[1468185331.234311] [node014:8122 :0]         sys.c:744  MXM  WARN  Conflicting CPU frequencies detected, using: 2599.97
[1468185331.240480] [node014:8122 :0]         mxm.c:196  MXM  WARN  The 'ulimit -s' on the system is set to 'unlimited'. This may have negative performance implications. Please set the stack size to the default value (10240) 
[1468185331.230783] [node018:29802:0]         sys.c:744  MXM  WARN  Conflicting CPU frequencies detected, using: 2599.97
[1468185331.239376] [node018:29802:0]         mxm.c:196  MXM  WARN  The 'ulimit -s' on the system is set to 'unlimited'. This may have negative performance implications. Please set the stack size to the default value (10240) 
[1468185331.232946] [node020:29697:0]         sys.c:744  MXM  WARN  Conflicting CPU frequencies detected, using: 2599.97
[1468185331.241980] [node020:29697:0]         mxm.c:196  MXM  WARN  The 'ulimit -s' on the system is set to 'unlimited'. This may have negative performance implications. Please set the stack size to the default value (10240) 
[1468185331.237955] [node017:11264:0]         sys.c:744  MXM  WARN  Conflicting CPU frequencies detected, using: 2712.28
[1468185331.246588] [node017:11264:0]         mxm.c:196  MXM  WARN  The 'ulimit -s' on the system is set to 'unlimited'. This may have negative performance implications. Please set the stack size to the default value (10240) 
[1468185331.222619] [node013:24720:0]         sys.c:744  MXM  WARN  Conflicting CPU frequencies detected, using: 1795.78
[1468185331.231392] [node013:24720:0]         mxm.c:196  MXM  WARN  The 'ulimit -s' on the system is set to 'unlimited'. This may have negative performance implications. Please set the stack size to the default value (10240) 
[1468185331.240050] [node019:20319:0]         sys.c:744  MXM  WARN  Conflicting CPU frequencies detected, using: 1793.44
[1468185331.246107] [node019:20319:0]         mxm.c:196  MXM  WARN  The 'ulimit -s' on the system is set to 'unlimited'. This may have negative performance implications. Please set the stack size to the default value (10240) 
[1468185331.232085] [node015:22066:0]         sys.c:744  MXM  WARN  Conflicting CPU frequencies detected, using: 2519.62
[1468185331.240962] [node015:22066:0]         mxm.c:196  MXM  WARN  The 'ulimit -s' on the system is set to 'unlimited'. This may have negative performance implications. Please set the stack size to the default value (10240) 
[1468185331.237504] [node023:18450:0]         sys.c:744  MXM  WARN  Conflicting CPU frequencies detected, using: 1797.56
[1468185331.246250] [node023:18450:0]         mxm.c:196  MXM  WARN  The 'ulimit -s' on the system is set to 'unlimited'. This may have negative performance implications. Please set the stack size to the default value (10240) 
UPCR: UPC thread  0 of 16 on node008 (pshm node  0 of 16, process  0 of 16, pid=1275)
UPCR: UPC thread 12 of 16 on node020 (pshm node 12 of 16, process 12 of 16, pid=29739)
UPCR: UPC thread 13 of 16 on node021 (pshm node 13 of 16, process 13 of 16, pid=18233)
UPCR: UPC thread 14 of 16 on node022 (pshm node 14 of 16, process 14 of 16, pid=23261)
UPCR: UPC thread  9 of 16 on node017 (pshm node  9 of 16, process  9 of 16, pid=11306)
UPCR: UPC thread  8 of 16 on node016 (pshm node  8 of 16, process  8 of 16, pid=24617)
UPCR: UPC thread  7 of 16 on node015 (pshm node  7 of 16, process  7 of 16, pid=22108)
UPCR: UPC thread  2 of 16 on node010 (pshm node  2 of 16, process  2 of 16, pid=12931)
UPCR: UPC thread 11 of 16 on node019 (pshm node 11 of 16, process 11 of 16, pid=20361)
UPCR: UPC thread 10 of 16 on node018 (pshm node 10 of 16, process 10 of 16, pid=29845)
UPCR: UPC thread  5 of 16 on node013 (pshm node  5 of 16, process  5 of 16, pid=24762)
UPCR: UPC thread  6 of 16 on node014 (pshm node  6 of 16, process  6 of 16, pid=8164)
UPCR: UPC thread  1 of 16 on node009 (pshm node  1 of 16, process  1 of 16, pid=11844)
UPCR: UPC thread 15 of 16 on node023 (pshm node 15 of 16, process 15 of 16, pid=18492)
UPCR: UPC thread  3 of 16 on node011 (pshm node  3 of 16, process  3 of 16, pid=30340)
UPCR: UPC thread  4 of 16 on node012 (pshm node  4 of 16, process  4 of 16, pid=4105)
using a cache granularity of 8
using linear probing in the BDD table
using a memoization table of 2^26 = 67108864 entries (~2560 MB) per thread
using a BDD table of 2^27 = 134217728 entries (~3072 MB) per thread
Initializing /home/oortwijn/distdd/models/beem/elevator_planning.3.bdd!
vector size: 23
bits per integer: 8
number of BDD variables: 184
Loading initial states: 
Initial states loaded... 
Loading transition relations... 
23 integers per state, 8 bits per integer, 6 transition groups
BDD nodes:
Initial states: 184 BDD nodes
Transition 0: 706 BDD nodes
Transition 1: 706 BDD nodes
Transition 2: 706 BDD nodes
Transition 3: 706 BDD nodes
Transition 4: 37 BDD nodes
Transition 5: 96 BDD nodes
Level 1... done.
Level 2... done.
Level 3... done.
Level 4... done.
Level 5... done.
Level 6... done.
Level 7... done.
Level 8... done.
Level 9... done.
Level 10... done.
Level 11... done.
Level 12... done.
Level 13... done.
Level 14... done.
Level 15... done.
Level 16... done.
Level 17... done.
Level 18... done.
PAR Time: 0.621548
Final states: 429981696 states
Final states: 871 BDD nodes
[1468185331.232946] [node020:29697:0]         sys.c:744  MXM  WARN  Conflicting CPU frequencies detected, using: 2599.97
[1468185331.222619] [node013:24720:0]         sys.c:744  MXM  WARN  Conflicting CPU frequencies detected, using: 1795.78
[1468185331.234311] [node014:8122 :0]         sys.c:744  MXM  WARN  Conflicting CPU frequencies detected, using: 2599.97
[1468185331.230783] [node018:29802:0]         sys.c:744  MXM  WARN  Conflicting CPU frequencies detected, using: 2599.97
[1468185331.232085] [node015:22066:0]         sys.c:744  MXM  WARN  Conflicting CPU frequencies detected, using: 2519.62
[1468185331.237504] [node023:18450:0]         sys.c:744  MXM  WARN  Conflicting CPU frequencies detected, using: 1797.56
[1468185331.228988] [node021:18191:0]         sys.c:744  MXM  WARN  Conflicting CPU frequencies detected, using: 1984.50
[1468185331.237378] [node022:23219:0]         sys.c:744  MXM  WARN  Conflicting CPU frequencies detected, using: 2271.09
[1468185330.873859] [node008:1252 :0]         sys.c:744  MXM  WARN  Conflicting CPU frequencies detected, using: 2591.53
[1468185331.236639] [node016:24575:0]         sys.c:744  MXM  WARN  Conflicting CPU frequencies detected, using: 2728.78
[1468185331.237955] [node017:11264:0]         sys.c:744  MXM  WARN  Conflicting CPU frequencies detected, using: 2712.28
[1468185331.226852] [node012:4063 :0]         sys.c:744  MXM  WARN  Conflicting CPU frequencies detected, using: 2600.06
[1468185331.240050] [node019:20319:0]         sys.c:744  MXM  WARN  Conflicting CPU frequencies detected, using: 1793.44
[1468185331.229815] [node009:11802:0]         sys.c:744  MXM  WARN  Conflicting CPU frequencies detected, using: 2130.47
[1468185331.228117] [node010:12889:0]         sys.c:744  MXM  WARN  Conflicting CPU frequencies detected, using: 1508.06
[1468185331.232440] [node011:30298:0]         sys.c:744  MXM  WARN  Conflicting CPU frequencies detected, using: 2571.38
[1468185330.854764] [node008:1207 :0]         sys.c:744  MXM  WARN  Conflicting CPU frequencies detected, using: 2591.53
