performing reachability, flags: -n 64 -N 32 -shared-heap 8GB --tablesize=26 --cachesize=25  
This is upcrun, job spawner for the Berkeley UPC compiler (http://upc.lbl.gov).
upcrun version 2.22.2
Network conduits supported by this installation: smp mxm ibv
[1468185833.647922] [node008:6269 :0]         sys.c:744  MXM  WARN  Conflicting CPU frequencies detected, using: 1597.50
[1468185833.660964] [node008:6269 :0]         mxm.c:196  MXM  WARN  The 'ulimit -s' on the system is set to 'unlimited'. This may have negative performance implications. Please set the stack size to the default value (10240) 
[1468185833.647922] [node008:6269 :0]         sys.c:744  MXM  WARN  Conflicting CPU frequencies detected, using: 1597.50
[1468185833.658727] [node008:6269 :0]         mxm.c:196  MXM  WARN  The 'ulimit -s' on the system is set to 'unlimited'. This may have negative performance implications. Please set the stack size to the default value (10240) 
[1468185834.005698] [node019:23122:0]         sys.c:744  MXM  WARN  Conflicting CPU frequencies detected, using: 1488.75
[1468185834.011957] [node019:23122:0]         mxm.c:196  MXM  WARN  The 'ulimit -s' on the system is set to 'unlimited'. This may have negative performance implications. Please set the stack size to the default value (10240) 
[1468185834.005698] [node019:23122:0]         sys.c:744  MXM  WARN  Conflicting CPU frequencies detected, using: 1488.75
[1468185834.012236] [node019:23122:0]         mxm.c:196  MXM  WARN  The 'ulimit -s' on the system is set to 'unlimited'. This may have negative performance implications. Please set the stack size to the default value (10240) 
[1468185834.013599] [node016:27371:0]         sys.c:744  MXM  WARN  Conflicting CPU frequencies detected, using: 1558.97
[1468185834.020161] [node016:27371:0]         mxm.c:196  MXM  WARN  The 'ulimit -s' on the system is set to 'unlimited'. This may have negative performance implications. Please set the stack size to the default value (10240) 
[1468185834.009950] [node021:20995:0]         sys.c:744  MXM  WARN  Conflicting CPU frequencies detected, using: 1468.59
[1468185834.016292] [node021:20995:0]         mxm.c:196  MXM  WARN  The 'ulimit -s' on the system is set to 'unlimited'. This may have negative performance implications. Please set the stack size to the default value (10240) 
[1468185834.013599] [node016:27371:0]         sys.c:744  MXM  WARN  Conflicting CPU frequencies detected, using: 1558.97
[1468185834.019579] [node016:27371:0]         mxm.c:196  MXM  WARN  The 'ulimit -s' on the system is set to 'unlimited'. This may have negative performance implications. Please set the stack size to the default value (10240) 
[1468185834.007550] [node057:27253:0]         sys.c:744  MXM  WARN  Conflicting CPU frequencies detected, using: 2737.31
[1468185834.014130] [node057:27253:0]         mxm.c:196  MXM  WARN  The 'ulimit -s' on the system is set to 'unlimited'. This may have negative performance implications. Please set the stack size to the default value (10240) 
[1468185834.009950] [node021:20995:0]         sys.c:744  MXM  WARN  Conflicting CPU frequencies detected, using: 1468.59
[1468185834.015942] [node021:20995:0]         mxm.c:196  MXM  WARN  The 'ulimit -s' on the system is set to 'unlimited'. This may have negative performance implications. Please set the stack size to the default value (10240) 
[1468185834.007550] [node057:27253:0]         sys.c:744  MXM  WARN  Conflicting CPU frequencies detected, using: 2737.31
[1468185834.013556] [node057:27253:0]         mxm.c:196  MXM  WARN  The 'ulimit -s' on the system is set to 'unlimited'. This may have negative performance implications. Please set the stack size to the default value (10240) 
[1468185834.011029] [node063:8912 :0]         sys.c:744  MXM  WARN  Conflicting CPU frequencies detected, using: 1750.22
[1468185834.017063] [node063:8912 :0]         mxm.c:196  MXM  WARN  The 'ulimit -s' on the system is set to 'unlimited'. This may have negative performance implications. Please set the stack size to the default value (10240) 
[1468185834.008130] [node060:27857:0]         sys.c:744  MXM  WARN  Conflicting CPU frequencies detected, using: 1489.69
[1468185834.014588] [node060:27857:0]         mxm.c:196  MXM  WARN  The 'ulimit -s' on the system is set to 'unlimited'. This may have negative performance implications. Please set the stack size to the default value (10240) 
[1468185834.008130] [node060:27857:0]         sys.c:744  MXM  WARN  Conflicting CPU frequencies detected, using: 1489.69
[1468185834.014345] [node060:27857:0]         mxm.c:196  MXM  WARN  The 'ulimit -s' on the system is set to 'unlimited'. This may have negative performance implications. Please set the stack size to the default value (10240) 
[1468185834.015620] [node065:837  :0]         sys.c:744  MXM  WARN  Conflicting CPU frequencies detected, using: 1378.41
[1468185834.022500] [node065:837  :0]         mxm.c:196  MXM  WARN  The 'ulimit -s' on the system is set to 'unlimited'. This may have negative performance implications. Please set the stack size to the default value (10240) 
[1468185834.008631] [node061:7867 :0]         sys.c:744  MXM  WARN  Conflicting CPU frequencies detected, using: 1995.19
[1468185834.015113] [node061:7867 :0]         mxm.c:196  MXM  WARN  The 'ulimit -s' on the system is set to 'unlimited'. This may have negative performance implications. Please set the stack size to the default value (10240) 
[1468185834.015620] [node065:837  :0]         sys.c:744  MXM  WARN  Conflicting CPU frequencies detected, using: 1378.41
[1468185834.022587] [node065:837  :0]         mxm.c:196  MXM  WARN  The 'ulimit -s' on the system is set to 'unlimited'. This may have negative performance implications. Please set the stack size to the default value (10240) 
[1468185834.007306] [node058:23570:0]         sys.c:744  MXM  WARN  Conflicting CPU frequencies detected, using: 1667.72
[1468185834.013358] [node058:23570:0]         mxm.c:196  MXM  WARN  The 'ulimit -s' on the system is set to 'unlimited'. This may have negative performance implications. Please set the stack size to the default value (10240) 
[1468185834.007306] [node058:23570:0]         sys.c:744  MXM  WARN  Conflicting CPU frequencies detected, using: 1667.72
[1468185834.013686] [node058:23570:0]         mxm.c:196  MXM  WARN  The 'ulimit -s' on the system is set to 'unlimited'. This may have negative performance implications. Please set the stack size to the default value (10240) 
[1468185834.008631] [node061:7867 :0]         sys.c:744  MXM  WARN  Conflicting CPU frequencies detected, using: 1995.19
[1468185834.014991] [node061:7867 :0]         mxm.c:196  MXM  WARN  The 'ulimit -s' on the system is set to 'unlimited'. This may have negative performance implications. Please set the stack size to the default value (10240) 
[1468185834.011029] [node063:8912 :0]         sys.c:744  MXM  WARN  Conflicting CPU frequencies detected, using: 1750.22
[1468185834.017173] [node063:8912 :0]         mxm.c:196  MXM  WARN  The 'ulimit -s' on the system is set to 'unlimited'. This may have negative performance implications. Please set the stack size to the default value (10240) 
[1468185834.013418] [node053:22467:0]         sys.c:744  MXM  WARN  Conflicting CPU frequencies detected, using: 2725.03
[1468185834.019359] [node053:22467:0]         mxm.c:196  MXM  WARN  The 'ulimit -s' on the system is set to 'unlimited'. This may have negative performance implications. Please set the stack size to the default value (10240) 
[1468185834.013418] [node053:22467:0]         sys.c:744  MXM  WARN  Conflicting CPU frequencies detected, using: 2725.03
[1468185834.019731] [node053:22467:0]         mxm.c:196  MXM  WARN  The 'ulimit -s' on the system is set to 'unlimited'. This may have negative performance implications. Please set the stack size to the default value (10240) 
[1468185834.020363] [node014:10919:0]         sys.c:744  MXM  WARN  Conflicting CPU frequencies detected, using: 1592.72
[1468185834.026215] [node014:10919:0]         mxm.c:196  MXM  WARN  The 'ulimit -s' on the system is set to 'unlimited'. This may have negative performance implications. Please set the stack size to the default value (10240) 
[1468185834.020363] [node014:10919:0]         sys.c:744  MXM  WARN  Conflicting CPU frequencies detected, using: 1592.72
[1468185834.026498] [node014:10919:0]         mxm.c:196  MXM  WARN  The 'ulimit -s' on the system is set to 'unlimited'. This may have negative performance implications. Please set the stack size to the default value (10240) 
[1468185834.022955] [node010:15697:0]         sys.c:744  MXM  WARN  Conflicting CPU frequencies detected, using: 1799.44
[1468185834.029429] [node010:15697:0]         mxm.c:196  MXM  WARN  The 'ulimit -s' on the system is set to 'unlimited'. This may have negative performance implications. Please set the stack size to the default value (10240) 
[1468185834.022955] [node010:15697:0]         sys.c:744  MXM  WARN  Conflicting CPU frequencies detected, using: 1799.44
[1468185834.029177] [node010:15697:0]         mxm.c:196  MXM  WARN  The 'ulimit -s' on the system is set to 'unlimited'. This may have negative performance implications. Please set the stack size to the default value (10240) 
[1468185834.022583] [node059:24727:0]         sys.c:744  MXM  WARN  Conflicting CPU frequencies detected, using: 3167.72
[1468185834.029771] [node059:24727:0]         mxm.c:196  MXM  WARN  The 'ulimit -s' on the system is set to 'unlimited'. This may have negative performance implications. Please set the stack size to the default value (10240) 
[1468185834.022583] [node059:24727:0]         sys.c:744  MXM  WARN  Conflicting CPU frequencies detected, using: 3167.72
[1468185834.029272] [node059:24727:0]         mxm.c:196  MXM  WARN  The 'ulimit -s' on the system is set to 'unlimited'. This may have negative performance implications. Please set the stack size to the default value (10240) 
[1468185834.003890] [node011:687  :0]         sys.c:744  MXM  WARN  Conflicting CPU frequencies detected, using: 1509.66
[1468185834.015229] [node011:687  :0]         mxm.c:196  MXM  WARN  The 'ulimit -s' on the system is set to 'unlimited'. This may have negative performance implications. Please set the stack size to the default value (10240) 
[1468185834.017028] [node013:27524:0]         sys.c:744  MXM  WARN  Conflicting CPU frequencies detected, using: 1354.12
[1468185834.028812] [node013:27524:0]         mxm.c:196  MXM  WARN  The 'ulimit -s' on the system is set to 'unlimited'. This may have negative performance implications. Please set the stack size to the default value (10240) 
[1468185833.990717] [node020:32509:0]         sys.c:744  MXM  WARN  Conflicting CPU frequencies detected, using: 1588.59
[1468185834.002364] [node020:32509:0]         mxm.c:196  MXM  WARN  The 'ulimit -s' on the system is set to 'unlimited'. This may have negative performance implications. Please set the stack size to the default value (10240) 
[1468185834.015234] [node022:26030:0]         sys.c:744  MXM  WARN  Conflicting CPU frequencies detected, using: 1399.12
[1468185834.026543] [node022:26030:0]         mxm.c:196  MXM  WARN  The 'ulimit -s' on the system is set to 'unlimited'. This may have negative performance implications. Please set the stack size to the default value (10240) 
[1468185834.015234] [node022:26030:0]         sys.c:744  MXM  WARN  Conflicting CPU frequencies detected, using: 1399.12
[1468185834.027271] [node022:26030:0]         mxm.c:196  MXM  WARN  The 'ulimit -s' on the system is set to 'unlimited'. This may have negative performance implications. Please set the stack size to the default value (10240) 
[1468185834.003890] [node011:687  :0]         sys.c:744  MXM  WARN  Conflicting CPU frequencies detected, using: 1509.66
[1468185834.016238] [node011:687  :0]         mxm.c:196  MXM  WARN  The 'ulimit -s' on the system is set to 'unlimited'. This may have negative performance implications. Please set the stack size to the default value (10240) 
[1468185834.010878] [node015:24878:0]         sys.c:744  MXM  WARN  Conflicting CPU frequencies detected, using: 1398.38
[1468185834.022213] [node015:24878:0]         mxm.c:196  MXM  WARN  The 'ulimit -s' on the system is set to 'unlimited'. This may have negative performance implications. Please set the stack size to the default value (10240) 
[1468185834.002332] [node009:14614:0]         sys.c:744  MXM  WARN  Conflicting CPU frequencies detected, using: 1694.91
[1468185834.014722] [node009:14614:0]         mxm.c:196  MXM  WARN  The 'ulimit -s' on the system is set to 'unlimited'. This may have negative performance implications. Please set the stack size to the default value (10240) 
[1468185834.010878] [node015:24878:0]         sys.c:744  MXM  WARN  Conflicting CPU frequencies detected, using: 1398.38
[1468185834.022983] [node015:24878:0]         mxm.c:196  MXM  WARN  The 'ulimit -s' on the system is set to 'unlimited'. This may have negative performance implications. Please set the stack size to the default value (10240) 
[1468185834.009257] [node023:21260:0]         sys.c:744  MXM  WARN  Conflicting CPU frequencies detected, using: 1474.03
[1468185834.019901] [node023:21260:0]         mxm.c:196  MXM  WARN  The 'ulimit -s' on the system is set to 'unlimited'. This may have negative performance implications. Please set the stack size to the default value (10240) 
[1468185834.009257] [node023:21260:0]         sys.c:744  MXM  WARN  Conflicting CPU frequencies detected, using: 1474.03
[1468185834.020892] [node023:21260:0]         mxm.c:196  MXM  WARN  The 'ulimit -s' on the system is set to 'unlimited'. This may have negative performance implications. Please set the stack size to the default value (10240) 
[1468185834.014303] [node054:6213 :0]         sys.c:744  MXM  WARN  Conflicting CPU frequencies detected, using: 2723.06
[1468185834.025205] [node054:6213 :0]         mxm.c:196  MXM  WARN  The 'ulimit -s' on the system is set to 'unlimited'. This may have negative performance implications. Please set the stack size to the default value (10240) 
[1468185834.014303] [node054:6213 :0]         sys.c:744  MXM  WARN  Conflicting CPU frequencies detected, using: 2723.06
[1468185834.025953] [node054:6213 :0]         mxm.c:196  MXM  WARN  The 'ulimit -s' on the system is set to 'unlimited'. This may have negative performance implications. Please set the stack size to the default value (10240) 
[1468185834.017772] [node068:21716:0]         sys.c:744  MXM  WARN  Conflicting CPU frequencies detected, using: 1518.00
[1468185834.028868] [node068:21716:0]         mxm.c:196  MXM  WARN  The 'ulimit -s' on the system is set to 'unlimited'. This may have negative performance implications. Please set the stack size to the default value (10240) 
[1468185834.003898] [node018:32610:0]         sys.c:744  MXM  WARN  Conflicting CPU frequencies detected, using: 1995.19
[1468185834.014963] [node018:32610:0]         mxm.c:196  MXM  WARN  The 'ulimit -s' on the system is set to 'unlimited'. This may have negative performance implications. Please set the stack size to the default value (10240) 
[1468185834.003898] [node018:32610:0]         sys.c:744  MXM  WARN  Conflicting CPU frequencies detected, using: 1995.19
[1468185834.015727] [node018:32610:0]         mxm.c:196  MXM  WARN  The 'ulimit -s' on the system is set to 'unlimited'. This may have negative performance implications. Please set the stack size to the default value (10240) 
[1468185834.006668] [node055:31778:0]         sys.c:744  MXM  WARN  Conflicting CPU frequencies detected, using: 1393.59
[1468185834.018523] [node055:31778:0]         mxm.c:196  MXM  WARN  The 'ulimit -s' on the system is set to 'unlimited'. This may have negative performance implications. Please set the stack size to the default value (10240) 
[1468185834.008806] [node012:6882 :0]         sys.c:744  MXM  WARN  Conflicting CPU frequencies detected, using: 1596.09
[1468185834.020903] [node012:6882 :0]         mxm.c:196  MXM  WARN  The 'ulimit -s' on the system is set to 'unlimited'. This may have negative performance implications. Please set the stack size to the default value (10240) 
[1468185834.017772] [node068:21716:0]         sys.c:744  MXM  WARN  Conflicting CPU frequencies detected, using: 1518.00
[1468185834.029641] [node068:21716:0]         mxm.c:196  MXM  WARN  The 'ulimit -s' on the system is set to 'unlimited'. This may have negative performance implications. Please set the stack size to the default value (10240) 
[1468185834.018334] [node017:14073:0]         sys.c:744  MXM  WARN  Conflicting CPU frequencies detected, using: 1637.91
[1468185834.029437] [node017:14073:0]         mxm.c:196  MXM  WARN  The 'ulimit -s' on the system is set to 'unlimited'. This may have negative performance implications. Please set the stack size to the default value (10240) 
[1468185834.018334] [node017:14073:0]         sys.c:744  MXM  WARN  Conflicting CPU frequencies detected, using: 1637.91
[1468185834.030235] [node017:14073:0]         mxm.c:196  MXM  WARN  The 'ulimit -s' on the system is set to 'unlimited'. This may have negative performance implications. Please set the stack size to the default value (10240) 
[1468185834.006447] [node056:30676:0]         sys.c:744  MXM  WARN  Conflicting CPU frequencies detected, using: 1468.41
[1468185834.018273] [node056:30676:0]         mxm.c:196  MXM  WARN  The 'ulimit -s' on the system is set to 'unlimited'. This may have negative performance implications. Please set the stack size to the default value (10240) 
[1468185834.006447] [node056:30676:0]         sys.c:744  MXM  WARN  Conflicting CPU frequencies detected, using: 1468.41
[1468185834.017566] [node056:30676:0]         mxm.c:196  MXM  WARN  The 'ulimit -s' on the system is set to 'unlimited'. This may have negative performance implications. Please set the stack size to the default value (10240) 
[1468185834.015608] [node062:6501 :0]         sys.c:744  MXM  WARN  Conflicting CPU frequencies detected, using: 2742.94
[1468185834.026955] [node062:6501 :0]         mxm.c:196  MXM  WARN  The 'ulimit -s' on the system is set to 'unlimited'. This may have negative performance implications. Please set the stack size to the default value (10240) 
[1468185834.015608] [node062:6501 :0]         sys.c:744  MXM  WARN  Conflicting CPU frequencies detected, using: 2742.94
[1468185834.027690] [node062:6501 :0]         mxm.c:196  MXM  WARN  The 'ulimit -s' on the system is set to 'unlimited'. This may have negative performance implications. Please set the stack size to the default value (10240) 
[1468185834.018453] [node067:31424:0]         sys.c:744  MXM  WARN  Conflicting CPU frequencies detected, using: 2599.22
[1468185834.029604] [node067:31424:0]         mxm.c:196  MXM  WARN  The 'ulimit -s' on the system is set to 'unlimited'. This may have negative performance implications. Please set the stack size to the default value (10240) 
[1468185834.018453] [node067:31424:0]         sys.c:744  MXM  WARN  Conflicting CPU frequencies detected, using: 2599.22
[1468185834.030366] [node067:31424:0]         mxm.c:196  MXM  WARN  The 'ulimit -s' on the system is set to 'unlimited'. This may have negative performance implications. Please set the stack size to the default value (10240) 
[1468185834.016653] [node064:8949 :0]         sys.c:744  MXM  WARN  Conflicting CPU frequencies detected, using: 1588.59
[1468185834.028843] [node064:8949 :0]         mxm.c:196  MXM  WARN  The 'ulimit -s' on the system is set to 'unlimited'. This may have negative performance implications. Please set the stack size to the default value (10240) 
[1468185834.024653] [node066:3002 :0]         sys.c:744  MXM  WARN  Conflicting CPU frequencies detected, using: 1489.88
[1468185834.036455] [node066:3002 :0]         mxm.c:196  MXM  WARN  The 'ulimit -s' on the system is set to 'unlimited'. This may have negative performance implications. Please set the stack size to the default value (10240) 
[1468185834.017028] [node013:27524:0]         sys.c:744  MXM  WARN  Conflicting CPU frequencies detected, using: 1354.12
[1468185834.028016] [node013:27524:0]         mxm.c:196  MXM  WARN  The 'ulimit -s' on the system is set to 'unlimited'. This may have negative performance implications. Please set the stack size to the default value (10240) 
[1468185834.002332] [node009:14614:0]         sys.c:744  MXM  WARN  Conflicting CPU frequencies detected, using: 1694.91
[1468185834.013953] [node009:14614:0]         mxm.c:196  MXM  WARN  The 'ulimit -s' on the system is set to 'unlimited'. This may have negative performance implications. Please set the stack size to the default value (10240) 
[1468185833.990717] [node020:32509:0]         sys.c:744  MXM  WARN  Conflicting CPU frequencies detected, using: 1588.59
[1468185834.001626] [node020:32509:0]         mxm.c:196  MXM  WARN  The 'ulimit -s' on the system is set to 'unlimited'. This may have negative performance implications. Please set the stack size to the default value (10240) 
[1468185834.006668] [node055:31778:0]         sys.c:744  MXM  WARN  Conflicting CPU frequencies detected, using: 1393.59
[1468185834.017746] [node055:31778:0]         mxm.c:196  MXM  WARN  The 'ulimit -s' on the system is set to 'unlimited'. This may have negative performance implications. Please set the stack size to the default value (10240) 
[1468185834.008806] [node012:6882 :0]         sys.c:744  MXM  WARN  Conflicting CPU frequencies detected, using: 1596.09
[1468185834.020111] [node012:6882 :0]         mxm.c:196  MXM  WARN  The 'ulimit -s' on the system is set to 'unlimited'. This may have negative performance implications. Please set the stack size to the default value (10240) 
[1468185834.016653] [node064:8949 :0]         sys.c:744  MXM  WARN  Conflicting CPU frequencies detected, using: 1588.59
[1468185834.027847] [node064:8949 :0]         mxm.c:196  MXM  WARN  The 'ulimit -s' on the system is set to 'unlimited'. This may have negative performance implications. Please set the stack size to the default value (10240) 
[1468185834.024653] [node066:3002 :0]         sys.c:744  MXM  WARN  Conflicting CPU frequencies detected, using: 1489.88
[1468185834.035720] [node066:3002 :0]         mxm.c:196  MXM  WARN  The 'ulimit -s' on the system is set to 'unlimited'. This may have negative performance implications. Please set the stack size to the default value (10240) 
UPCR: UPC thread  0 of 64 on node008 (pshm node  0 of 32, process  0 of 64, pid=6301)
UPCR: UPC thread  1 of 64 on node008 (pshm node  0 of 32, process  1 of 64, pid=6302)
UPCR: UPC thread 11 of 64 on node013 (pshm node  5 of 32, process 11 of 64, pid=27567)
UPCR: UPC thread 10 of 64 on node013 (pshm node  5 of 32, process 10 of 64, pid=27566)
UPCR: UPC thread 45 of 64 on node059 (pshm node 22 of 32, process 45 of 64, pid=24770)
UPCR: UPC thread 44 of 64 on node059 (pshm node 22 of 32, process 44 of 64, pid=24769)
UPCR: UPC thread 55 of 64 on node064 (pshm node 27 of 32, process 55 of 64, pid=8992)
UPCR: UPC thread 54 of 64 on node064 (pshm node 27 of 32, process 54 of 64, pid=8991)
UPCR: UPC thread 42 of 64 on node058 (pshm node 21 of 32, process 42 of 64, pid=23612)
UPCR: UPC thread 43 of 64 on node058 (pshm node 21 of 32, process 43 of 64, pid=23613)
UPCR: UPC thread 63 of 64 on node068 (pshm node 31 of 32, process 63 of 64, pid=21759)
UPCR: UPC thread 62 of 64 on node068 (pshm node 31 of 32, process 62 of 64, pid=21758)
UPCR: UPC thread 51 of 64 on node062 (pshm node 25 of 32, process 51 of 64, pid=6544)
UPCR: UPC thread 50 of 64 on node062 (pshm node 25 of 32, process 50 of 64, pid=6543)
UPCR: UPC thread 14 of 64 on node015 (pshm node  7 of 32, process 14 of 64, pid=24920)
UPCR: UPC thread 15 of 64 on node015 (pshm node  7 of 32, process 15 of 64, pid=24921)
UPCR: UPC thread 13 of 64 on node014 (pshm node  6 of 32, process 13 of 64, pid=10962)
UPCR: UPC thread 12 of 64 on node014 (pshm node  6 of 32, process 12 of 64, pid=10961)
UPCR: UPC thread 47 of 64 on node060 (pshm node 23 of 32, process 47 of 64, pid=27900)
UPCR: UPC thread 46 of 64 on node060 (pshm node 23 of 32, process 46 of 64, pid=27899)
UPCR: UPC thread  6 of 64 on node011 (pshm node  3 of 32, process  6 of 64, pid=731)
UPCR: UPC thread  7 of 64 on node011 (pshm node  3 of 32, process  7 of 64, pid=732)
UPCR: UPC thread 17 of 64 on node016 (pshm node  8 of 32, process 17 of 64, pid=27414)
UPCR: UPC thread 16 of 64 on node016 (pshm node  8 of 32, process 16 of 64, pid=27413)
UPCR: UPC thread 49 of 64 on node061 (pshm node 24 of 32, process 49 of 64, pid=7910)
UPCR: UPC thread 48 of 64 on node061 (pshm node 24 of 32, process 48 of 64, pid=7909)
UPCR: UPC thread  5 of 64 on node010 (pshm node  2 of 32, process  5 of 64, pid=15740)
UPCR: UPC thread  4 of 64 on node010 (pshm node  2 of 32, process  4 of 64, pid=15739)
UPCR: UPC thread  3 of 64 on node009 (pshm node  1 of 32, process  3 of 64, pid=14657)
UPCR: UPC thread  2 of 64 on node009 (pshm node  1 of 32, process  2 of 64, pid=14656)
UPCR: UPC thread  9 of 64 on node012 (pshm node  4 of 32, process  9 of 64, pid=6925)
UPCR: UPC thread  8 of 64 on node012 (pshm node  4 of 32, process  8 of 64, pid=6924)
UPCR: UPC thread 19 of 64 on node017 (pshm node  9 of 32, process 19 of 64, pid=14116)
UPCR: UPC thread 18 of 64 on node017 (pshm node  9 of 32, process 18 of 64, pid=14115)
UPCR: UPC thread 25 of 64 on node020 (pshm node 12 of 32, process 25 of 64, pid=32552)
UPCR: UPC thread 24 of 64 on node020 (pshm node 12 of 32, process 24 of 64, pid=32551)
UPCR: UPC thread 59 of 64 on node066 (pshm node 29 of 32, process 59 of 64, pid=3059)
UPCR: UPC thread 58 of 64 on node066 (pshm node 29 of 32, process 58 of 64, pid=3058)
UPCR: UPC thread 39 of 64 on node056 (pshm node 19 of 32, process 39 of 64, pid=30719)
UPCR: UPC thread 38 of 64 on node056 (pshm node 19 of 32, process 38 of 64, pid=30718)
UPCR: UPC thread 37 of 64 on node055 (pshm node 18 of 32, process 37 of 64, pid=31821)
UPCR: UPC thread 36 of 64 on node055 (pshm node 18 of 32, process 36 of 64, pid=31820)
UPCR: UPC thread 21 of 64 on node018 (pshm node 10 of 32, process 21 of 64, pid=32653)
UPCR: UPC thread 20 of 64 on node018 (pshm node 10 of 32, process 20 of 64, pid=32652)
UPCR: UPC thread 29 of 64 on node022 (pshm node 14 of 32, process 29 of 64, pid=26073)
UPCR: UPC thread 28 of 64 on node022 (pshm node 14 of 32, process 28 of 64, pid=26072)
UPCR: UPC thread 35 of 64 on node054 (pshm node 17 of 32, process 35 of 64, pid=6256)
UPCR: UPC thread 34 of 64 on node054 (pshm node 17 of 32, process 34 of 64, pid=6255)
UPCR: UPC thread 31 of 64 on node023 (pshm node 15 of 32, process 31 of 64, pid=21303)
UPCR: UPC thread 30 of 64 on node023 (pshm node 15 of 32, process 30 of 64, pid=21302)
UPCR: UPC thread 53 of 64 on node063 (pshm node 26 of 32, process 53 of 64, pid=8955)
UPCR: UPC thread 52 of 64 on node063 (pshm node 26 of 32, process 52 of 64, pid=8954)
UPCR: UPC thread 57 of 64 on node065 (pshm node 28 of 32, process 57 of 64, pid=886)
UPCR: UPC thread 56 of 64 on node065 (pshm node 28 of 32, process 56 of 64, pid=885)
UPCR: UPC thread 40 of 64 on node057 (pshm node 20 of 32, process 40 of 64, pid=27295)
UPCR: UPC thread 41 of 64 on node057 (pshm node 20 of 32, process 41 of 64, pid=27296)
UPCR: UPC thread 61 of 64 on node067 (pshm node 30 of 32, process 61 of 64, pid=31467)
UPCR: UPC thread 60 of 64 on node067 (pshm node 30 of 32, process 60 of 64, pid=31466)
UPCR: UPC thread 27 of 64 on node021 (pshm node 13 of 32, process 27 of 64, pid=21038)
UPCR: UPC thread 26 of 64 on node021 (pshm node 13 of 32, process 26 of 64, pid=21037)
UPCR: UPC thread 23 of 64 on node019 (pshm node 11 of 32, process 23 of 64, pid=23165)
UPCR: UPC thread 22 of 64 on node019 (pshm node 11 of 32, process 22 of 64, pid=23164)
UPCR: UPC thread 33 of 64 on node053 (pshm node 16 of 32, process 33 of 64, pid=22512)
UPCR: UPC thread 32 of 64 on node053 (pshm node 16 of 32, process 32 of 64, pid=22511)
using a cache granularity of 8
using linear probing in the BDD table
using a memoization table of 2^25 = 33554432 entries (~1280 MB) per thread
using a BDD table of 2^26 = 67108864 entries (~1536 MB) per thread
Initializing /home/oortwijn/distdd/models/beem/exit.5.bdd!
vector size: 30
bits per integer: 4
number of BDD variables: 120
Loading initial states: 
Initial states loaded... 
Loading transition relations... 
30 integers per state, 4 bits per integer, 70 transition groups
BDD nodes:
Initial states: 120 BDD nodes
Transition 0: 51 BDD nodes
Transition 1: 0 BDD nodes
Transition 2: 0 BDD nodes
Transition 3: 0 BDD nodes
Transition 4: 0 BDD nodes
Transition 5: 0 BDD nodes
Transition 6: 0 BDD nodes
Transition 7: 0 BDD nodes
Transition 8: 0 BDD nodes
Transition 9: 0 BDD nodes
Transition 10: 84 BDD nodes
Transition 11: 84 BDD nodes
Transition 12: 84 BDD nodes
Transition 13: 0 BDD nodes
Transition 14: 0 BDD nodes
Transition 15: 0 BDD nodes
Transition 16: 0 BDD nodes
Transition 17: 0 BDD nodes
Transition 18: 0 BDD nodes
Transition 19: 0 BDD nodes
Transition 20: 0 BDD nodes
Transition 21: 0 BDD nodes
Transition 22: 80 BDD nodes
Transition 23: 77 BDD nodes
Transition 24: 77 BDD nodes
Transition 25: 62 BDD nodes
Transition 26: 62 BDD nodes
Transition 27: 62 BDD nodes
Transition 28: 62 BDD nodes
Transition 29: 81 BDD nodes
Transition 30: 89 BDD nodes
Transition 31: 62 BDD nodes
Transition 32: 62 BDD nodes
Transition 33: 62 BDD nodes
Transition 34: 69 BDD nodes
Transition 35: 0 BDD nodes
Transition 36: 89 BDD nodes
Transition 37: 86 BDD nodes
Transition 38: 77 BDD nodes
Transition 39: 0 BDD nodes
Transition 40: 0 BDD nodes
Transition 41: 0 BDD nodes
Transition 42: 0 BDD nodes
Transition 43: 0 BDD nodes
Transition 44: 55 BDD nodes
Transition 45: 0 BDD nodes
Transition 46: 69 BDD nodes
Transition 47: 0 BDD nodes
Transition 48: 89 BDD nodes
Transition 49: 82 BDD nodes
Transition 50: 80 BDD nodes
Transition 51: 69 BDD nodes
Transition 52: 0 BDD nodes
Transition 53: 89 BDD nodes
Transition 54: 90 BDD nodes
Transition 55: 80 BDD nodes
Transition 56: 0 BDD nodes
Transition 57: 0 BDD nodes
Transition 58: 0 BDD nodes
Transition 59: 0 BDD nodes
Transition 60: 0 BDD nodes
Transition 61: 0 BDD nodes
Transition 62: 55 BDD nodes
Transition 63: 0 BDD nodes
Transition 64: 0 BDD nodes
Transition 65: 0 BDD nodes
Transition 66: 0 BDD nodes
Transition 67: 0 BDD nodes
Transition 68: 0 BDD nodes
Transition 69: 55 BDD nodes
Level 1... done.
Level 2... done.
Level 3... done.
Level 4... done.
Level 5... done.
Level 6... done.
Level 7... done.
Level 8... done.
Level 9... done.
Level 10... done.
Level 11... done.
Level 12... done.
Level 13... done.
Level 14... done.
Level 15... done.
Level 16... done.
Level 17... done.
Level 18... done.
Level 19... done.
Level 20... done.
Level 21... done.
Level 22... done.
Level 23... done.
Level 24... done.
Level 25... done.
Level 26... done.
PAR Time: 1.323111
Final states: 833226 states
Final states: 9970 BDD nodes
[1468185833.647922] [node008:6269 :0]         sys.c:744  MXM  WARN  Conflicting CPU frequencies detected, using: 1597.50
[1468185834.011029] [node063:8912 :0]         sys.c:744  MXM  WARN  Conflicting CPU frequencies detected, using: 1750.22
[1468185834.013418] [node053:22467:0]         sys.c:744  MXM  WARN  Conflicting CPU frequencies detected, using: 2725.03
[1468185833.990717] [node020:32509:0]         sys.c:744  MXM  WARN  Conflicting CPU frequencies detected, using: 1588.59
[1468185834.009950] [node021:20995:0]         sys.c:744  MXM  WARN  Conflicting CPU frequencies detected, using: 1468.59
[1468185834.017772] [node068:21716:0]         sys.c:744  MXM  WARN  Conflicting CPU frequencies detected, using: 1518.00
[1468185834.016653] [node064:8949 :0]         sys.c:744  MXM  WARN  Conflicting CPU frequencies detected, using: 1588.59
[1468185834.007306] [node058:23570:0]         sys.c:744  MXM  WARN  Conflicting CPU frequencies detected, using: 1667.72
[1468185834.022583] [node059:24727:0]         sys.c:744  MXM  WARN  Conflicting CPU frequencies detected, using: 3167.72
[1468185834.006668] [node055:31778:0]         sys.c:744  MXM  WARN  Conflicting CPU frequencies detected, using: 1393.59
[1468185834.018334] [node017:14073:0]         sys.c:744  MXM  WARN  Conflicting CPU frequencies detected, using: 1637.91
[1468185834.017028] [node013:27524:0]         sys.c:744  MXM  WARN  Conflicting CPU frequencies detected, using: 1354.12
[1468185834.009257] [node023:21260:0]         sys.c:744  MXM  WARN  Conflicting CPU frequencies detected, using: 1474.03
[1468185834.005698] [node019:23122:0]         sys.c:744  MXM  WARN  Conflicting CPU frequencies detected, using: 1488.75
[1468185834.018453] [node067:31424:0]         sys.c:744  MXM  WARN  Conflicting CPU frequencies detected, using: 2599.22
[1468185834.003898] [node018:32610:0]         sys.c:744  MXM  WARN  Conflicting CPU frequencies detected, using: 1995.19
[1468185834.020363] [node014:10919:0]         sys.c:744  MXM  WARN  Conflicting CPU frequencies detected, using: 1592.72
[1468185834.008631] [node061:7867 :0]         sys.c:744  MXM  WARN  Conflicting CPU frequencies detected, using: 1995.19
[1468185834.010878] [node015:24878:0]         sys.c:744  MXM  WARN  Conflicting CPU frequencies detected, using: 1398.38
[1468185834.008130] [node060:27857:0]         sys.c:744  MXM  WARN  Conflicting CPU frequencies detected, using: 1489.69
[1468185834.015608] [node062:6501 :0]         sys.c:744  MXM  WARN  Conflicting CPU frequencies detected, using: 2742.94
[1468185834.015234] [node022:26030:0]         sys.c:744  MXM  WARN  Conflicting CPU frequencies detected, using: 1399.12
[1468185834.007550] [node057:27253:0]         sys.c:744  MXM  WARN  Conflicting CPU frequencies detected, using: 2737.31
[1468185834.008806] [node012:6882 :0]         sys.c:744  MXM  WARN  Conflicting CPU frequencies detected, using: 1596.09
[1468185834.002332] [node009:14614:0]         sys.c:744  MXM  WARN  Conflicting CPU frequencies detected, using: 1694.91
[1468185834.006447] [node056:30676:0]         sys.c:744  MXM  WARN  Conflicting CPU frequencies detected, using: 1468.41
[1468185834.013599] [node016:27371:0]         sys.c:744  MXM  WARN  Conflicting CPU frequencies detected, using: 1558.97
[1468185834.022955] [node010:15697:0]         sys.c:744  MXM  WARN  Conflicting CPU frequencies detected, using: 1799.44
[1468185834.015620] [node065:837  :0]         sys.c:744  MXM  WARN  Conflicting CPU frequencies detected, using: 1378.41
[1468185834.024653] [node066:3002 :0]         sys.c:744  MXM  WARN  Conflicting CPU frequencies detected, using: 1489.88
[1468185834.014303] [node054:6213 :0]         sys.c:744  MXM  WARN  Conflicting CPU frequencies detected, using: 2723.06
[1468185834.003890] [node011:687  :0]         sys.c:744  MXM  WARN  Conflicting CPU frequencies detected, using: 1509.66
[1468185833.626537] [node008:6225 :0]         sys.c:744  MXM  WARN  Conflicting CPU frequencies detected, using: 1497.38
