performing reachability, flags: -n 32 -N 16 -shared-heap 8GB --tablesize=26 --cachesize=25  
This is upcrun, job spawner for the Berkeley UPC compiler (http://upc.lbl.gov).
upcrun version 2.22.2
Network conduits supported by this installation: smp mxm ibv
[1469763449.260314] [node008:27968:0]         sys.c:744  MXM  WARN  Conflicting CPU frequencies detected, using: 1593.47
[1469763449.271180] [node008:27968:0]         mxm.c:196  MXM  WARN  The 'ulimit -s' on the system is set to 'unlimited'. This may have negative performance implications. Please set the stack size to the default value (10240) 
[1469763449.260314] [node008:27968:0]         sys.c:744  MXM  WARN  Conflicting CPU frequencies detected, using: 1593.47
[1469763449.271930] [node008:27968:0]         mxm.c:196  MXM  WARN  The 'ulimit -s' on the system is set to 'unlimited'. This may have negative performance implications. Please set the stack size to the default value (10240) 
[1469763449.625101] [node019:8496 :0]         sys.c:744  MXM  WARN  Conflicting CPU frequencies detected, using: 2099.06
[1469763449.631108] [node019:8496 :0]         mxm.c:196  MXM  WARN  The 'ulimit -s' on the system is set to 'unlimited'. This may have negative performance implications. Please set the stack size to the default value (10240) 
[1469763449.625101] [node019:8496 :0]         sys.c:744  MXM  WARN  Conflicting CPU frequencies detected, using: 2099.06
[1469763449.630680] [node019:8496 :0]         mxm.c:196  MXM  WARN  The 'ulimit -s' on the system is set to 'unlimited'. This may have negative performance implications. Please set the stack size to the default value (10240) 
[1469763449.638897] [node014:29369:0]         sys.c:744  MXM  WARN  Conflicting CPU frequencies detected, using: 1698.84
[1469763449.644828] [node014:29369:0]         mxm.c:196  MXM  WARN  The 'ulimit -s' on the system is set to 'unlimited'. This may have negative performance implications. Please set the stack size to the default value (10240) 
[1469763449.638897] [node014:29369:0]         sys.c:744  MXM  WARN  Conflicting CPU frequencies detected, using: 1698.84
[1469763449.645443] [node014:29369:0]         mxm.c:196  MXM  WARN  The 'ulimit -s' on the system is set to 'unlimited'. This may have negative performance implications. Please set the stack size to the default value (10240) 
[1469763449.635151] [node016:1131 :0]         sys.c:744  MXM  WARN  Conflicting CPU frequencies detected, using: 1896.66
[1469763449.641728] [node016:1131 :0]         mxm.c:196  MXM  WARN  The 'ulimit -s' on the system is set to 'unlimited'. This may have negative performance implications. Please set the stack size to the default value (10240) 
[1469763449.635151] [node016:1131 :0]         sys.c:744  MXM  WARN  Conflicting CPU frequencies detected, using: 1896.66
[1469763449.641288] [node016:1131 :0]         mxm.c:196  MXM  WARN  The 'ulimit -s' on the system is set to 'unlimited'. This may have negative performance implications. Please set the stack size to the default value (10240) 
[1469763449.639010] [node021:27781:0]         sys.c:744  MXM  WARN  Conflicting CPU frequencies detected, using: 1990.88
[1469763449.645545] [node021:27781:0]         mxm.c:196  MXM  WARN  The 'ulimit -s' on the system is set to 'unlimited'. This may have negative performance implications. Please set the stack size to the default value (10240) 
[1469763449.639010] [node021:27781:0]         sys.c:744  MXM  WARN  Conflicting CPU frequencies detected, using: 1990.88
[1469763449.645295] [node021:27781:0]         mxm.c:196  MXM  WARN  The 'ulimit -s' on the system is set to 'unlimited'. This may have negative performance implications. Please set the stack size to the default value (10240) 
[1469763449.642162] [node010:31072:0]         sys.c:744  MXM  WARN  Conflicting CPU frequencies detected, using: 3191.25
[1469763449.648610] [node010:31072:0]         mxm.c:196  MXM  WARN  The 'ulimit -s' on the system is set to 'unlimited'. This may have negative performance implications. Please set the stack size to the default value (10240) 
[1469763449.641600] [node011:11162:0]         sys.c:744  MXM  WARN  Conflicting CPU frequencies detected, using: 3076.78
[1469763449.653593] [node011:11162:0]         mxm.c:196  MXM  WARN  The 'ulimit -s' on the system is set to 'unlimited'. This may have negative performance implications. Please set the stack size to the default value (10240) 
[1469763449.642206] [node012:25435:0]         sys.c:744  MXM  WARN  Conflicting CPU frequencies detected, using: 1839.09
[1469763449.653465] [node012:25435:0]         mxm.c:196  MXM  WARN  The 'ulimit -s' on the system is set to 'unlimited'. This may have negative performance implications. Please set the stack size to the default value (10240) 
[1469763449.644064] [node023:29530:0]         sys.c:744  MXM  WARN  Conflicting CPU frequencies detected, using: 3119.44
[1469763449.655215] [node023:29530:0]         mxm.c:196  MXM  WARN  The 'ulimit -s' on the system is set to 'unlimited'. This may have negative performance implications. Please set the stack size to the default value (10240) 
[1469763449.642206] [node012:25435:0]         sys.c:744  MXM  WARN  Conflicting CPU frequencies detected, using: 1839.09
[1469763449.654211] [node012:25435:0]         mxm.c:196  MXM  WARN  The 'ulimit -s' on the system is set to 'unlimited'. This may have negative performance implications. Please set the stack size to the default value (10240) 
[1469763449.625548] [node009:22291:0]         sys.c:744  MXM  WARN  Conflicting CPU frequencies detected, using: 2171.25
[1469763449.636533] [node009:22291:0]         mxm.c:196  MXM  WARN  The 'ulimit -s' on the system is set to 'unlimited'. This may have negative performance implications. Please set the stack size to the default value (10240) 
[1469763449.625548] [node009:22291:0]         sys.c:744  MXM  WARN  Conflicting CPU frequencies detected, using: 2171.25
[1469763449.637291] [node009:22291:0]         mxm.c:196  MXM  WARN  The 'ulimit -s' on the system is set to 'unlimited'. This may have negative performance implications. Please set the stack size to the default value (10240) 
[1469763449.644205] [node017:19727:0]         sys.c:744  MXM  WARN  Conflicting CPU frequencies detected, using: 2563.88
[1469763449.656078] [node017:19727:0]         mxm.c:196  MXM  WARN  The 'ulimit -s' on the system is set to 'unlimited'. This may have negative performance implications. Please set the stack size to the default value (10240) 
[1469763449.644064] [node023:29530:0]         sys.c:744  MXM  WARN  Conflicting CPU frequencies detected, using: 3119.44
[1469763449.655914] [node023:29530:0]         mxm.c:196  MXM  WARN  The 'ulimit -s' on the system is set to 'unlimited'. This may have negative performance implications. Please set the stack size to the default value (10240) 
[1469763449.640755] [node015:21762:0]         sys.c:744  MXM  WARN  Conflicting CPU frequencies detected, using: 1798.88
[1469763449.652383] [node015:21762:0]         mxm.c:196  MXM  WARN  The 'ulimit -s' on the system is set to 'unlimited'. This may have negative performance implications. Please set the stack size to the default value (10240) 
[1469763449.642326] [node018:18046:0]         sys.c:744  MXM  WARN  Conflicting CPU frequencies detected, using: 1796.72
[1469763449.654125] [node018:18046:0]         mxm.c:196  MXM  WARN  The 'ulimit -s' on the system is set to 'unlimited'. This may have negative performance implications. Please set the stack size to the default value (10240) 
[1469763449.636917] [node022:20281:0]         sys.c:744  MXM  WARN  Conflicting CPU frequencies detected, using: 1999.88
[1469763449.648371] [node022:20281:0]         mxm.c:196  MXM  WARN  The 'ulimit -s' on the system is set to 'unlimited'. This may have negative performance implications. Please set the stack size to the default value (10240) 
[1469763449.636917] [node022:20281:0]         sys.c:744  MXM  WARN  Conflicting CPU frequencies detected, using: 1999.88
[1469763449.649133] [node022:20281:0]         mxm.c:196  MXM  WARN  The 'ulimit -s' on the system is set to 'unlimited'. This may have negative performance implications. Please set the stack size to the default value (10240) 
[1469763449.625454] [node020:26409:0]         sys.c:744  MXM  WARN  Conflicting CPU frequencies detected, using: 2400.00
[1469763449.637028] [node020:26409:0]         mxm.c:196  MXM  WARN  The 'ulimit -s' on the system is set to 'unlimited'. This may have negative performance implications. Please set the stack size to the default value (10240) 
[1469763449.625454] [node020:26409:0]         sys.c:744  MXM  WARN  Conflicting CPU frequencies detected, using: 2400.00
[1469763449.637784] [node020:26409:0]         mxm.c:196  MXM  WARN  The 'ulimit -s' on the system is set to 'unlimited'. This may have negative performance implications. Please set the stack size to the default value (10240) 
[1469763449.631012] [node013:26869:0]         sys.c:744  MXM  WARN  Conflicting CPU frequencies detected, using: 2173.59
[1469763449.642070] [node013:26869:0]         mxm.c:196  MXM  WARN  The 'ulimit -s' on the system is set to 'unlimited'. This may have negative performance implications. Please set the stack size to the default value (10240) 
[1469763449.631012] [node013:26869:0]         sys.c:744  MXM  WARN  Conflicting CPU frequencies detected, using: 2173.59
[1469763449.643041] [node013:26869:0]         mxm.c:196  MXM  WARN  The 'ulimit -s' on the system is set to 'unlimited'. This may have negative performance implications. Please set the stack size to the default value (10240) 
[1469763449.641600] [node011:11162:0]         sys.c:744  MXM  WARN  Conflicting CPU frequencies detected, using: 3076.78
[1469763449.652800] [node011:11162:0]         mxm.c:196  MXM  WARN  The 'ulimit -s' on the system is set to 'unlimited'. This may have negative performance implications. Please set the stack size to the default value (10240) 
[1469763449.644205] [node017:19727:0]         sys.c:744  MXM  WARN  Conflicting CPU frequencies detected, using: 2563.88
[1469763449.655287] [node017:19727:0]         mxm.c:196  MXM  WARN  The 'ulimit -s' on the system is set to 'unlimited'. This may have negative performance implications. Please set the stack size to the default value (10240) 
[1469763449.642162] [node010:31072:0]         sys.c:744  MXM  WARN  Conflicting CPU frequencies detected, using: 3191.25
[1469763449.648374] [node010:31072:0]         mxm.c:196  MXM  WARN  The 'ulimit -s' on the system is set to 'unlimited'. This may have negative performance implications. Please set the stack size to the default value (10240) 
[1469763449.640755] [node015:21762:0]         sys.c:744  MXM  WARN  Conflicting CPU frequencies detected, using: 1798.88
[1469763449.651567] [node015:21762:0]         mxm.c:196  MXM  WARN  The 'ulimit -s' on the system is set to 'unlimited'. This may have negative performance implications. Please set the stack size to the default value (10240) 
[1469763449.642326] [node018:18046:0]         sys.c:744  MXM  WARN  Conflicting CPU frequencies detected, using: 1796.72
[1469763449.653334] [node018:18046:0]         mxm.c:196  MXM  WARN  The 'ulimit -s' on the system is set to 'unlimited'. This may have negative performance implications. Please set the stack size to the default value (10240) 
UPCR: UPC thread  0 of 32 on node008 (pshm node  0 of 16, process  0 of 32, pid=27984)
UPCR: UPC thread  1 of 32 on node008 (pshm node  0 of 16, process  1 of 32, pid=27985)
UPCR: UPC thread  7 of 32 on node011 (pshm node  3 of 16, process  7 of 32, pid=11205)
UPCR: UPC thread  6 of 32 on node011 (pshm node  3 of 16, process  6 of 32, pid=11204)
UPCR: UPC thread  9 of 32 on node012 (pshm node  4 of 16, process  9 of 32, pid=25478)
UPCR: UPC thread  8 of 32 on node012 (pshm node  4 of 16, process  8 of 32, pid=25477)
UPCR: UPC thread  5 of 32 on node010 (pshm node  2 of 16, process  5 of 32, pid=31115)
UPCR: UPC thread  4 of 32 on node010 (pshm node  2 of 16, process  4 of 32, pid=31114)
UPCR: UPC thread 24 of 32 on node020 (pshm node 12 of 16, process 24 of 32, pid=26451)
UPCR: UPC thread 25 of 32 on node020 (pshm node 12 of 16, process 25 of 32, pid=26452)
UPCR: UPC thread 13 of 32 on node014 (pshm node  6 of 16, process 13 of 32, pid=29413)
UPCR: UPC thread 12 of 32 on node014 (pshm node  6 of 16, process 12 of 32, pid=29412)
UPCR: UPC thread 21 of 32 on node018 (pshm node 10 of 16, process 21 of 32, pid=18089)
UPCR: UPC thread 20 of 32 on node018 (pshm node 10 of 16, process 20 of 32, pid=18088)
UPCR: UPC thread 19 of 32 on node017 (pshm node  9 of 16, process 19 of 32, pid=19770)
UPCR: UPC thread 18 of 32 on node017 (pshm node  9 of 16, process 18 of 32, pid=19769)
UPCR: UPC thread 15 of 32 on node015 (pshm node  7 of 16, process 15 of 32, pid=21805)
UPCR: UPC thread 14 of 32 on node015 (pshm node  7 of 16, process 14 of 32, pid=21804)
UPCR: UPC thread 28 of 32 on node022 (pshm node 14 of 16, process 28 of 32, pid=20323)
UPCR: UPC thread 29 of 32 on node022 (pshm node 14 of 16, process 29 of 32, pid=20324)
UPCR: UPC thread 11 of 32 on node013 (pshm node  5 of 16, process 11 of 32, pid=26912)
UPCR: UPC thread 10 of 32 on node013 (pshm node  5 of 16, process 10 of 32, pid=26911)
UPCR: UPC thread 22 of 32 on node019 (pshm node 11 of 16, process 22 of 32, pid=8538)
UPCR: UPC thread 23 of 32 on node019 (pshm node 11 of 16, process 23 of 32, pid=8539)
UPCR: UPC thread  3 of 32 on node009 (pshm node  1 of 16, process  3 of 32, pid=22334)
UPCR: UPC thread  2 of 32 on node009 (pshm node  1 of 16, process  2 of 32, pid=22333)
UPCR: UPC thread 17 of 32 on node016 (pshm node  8 of 16, process 17 of 32, pid=1174)
UPCR: UPC thread 16 of 32 on node016 (pshm node  8 of 16, process 16 of 32, pid=1173)
UPCR: UPC thread 31 of 32 on node023 (pshm node 15 of 16, process 31 of 32, pid=29573)
UPCR: UPC thread 30 of 32 on node023 (pshm node 15 of 16, process 30 of 32, pid=29572)
UPCR: UPC thread 27 of 32 on node021 (pshm node 13 of 16, process 27 of 32, pid=27824)
UPCR: UPC thread 26 of 32 on node021 (pshm node 13 of 16, process 26 of 32, pid=27823)
using a cache granularity of 8
using linear probing in the BDD table
using a memoization table of 2^25 = 33554432 entries (~1280 MB) per thread
using a BDD table of 2^26 = 67108864 entries (~1536 MB) per thread
Initializing /home/oortwijn/distdd/models/beem/exit.4.bdd!
vector size: 28
bits per integer: 5
number of BDD variables: 140
Loading initial states: 
Initial states loaded... 
Loading transition relations... 
28 integers per state, 5 bits per integer, 47 transition groups
BDD nodes:
Initial states: 140 BDD nodes
Transition 0: 59 BDD nodes
Transition 1: 117 BDD nodes
Transition 2: 117 BDD nodes
Transition 3: 146 BDD nodes
Transition 4: 146 BDD nodes
Transition 5: 102 BDD nodes
Transition 6: 102 BDD nodes
Transition 7: 192 BDD nodes
Transition 8: 187 BDD nodes
Transition 9: 112 BDD nodes
Transition 10: 112 BDD nodes
Transition 11: 86 BDD nodes
Transition 12: 86 BDD nodes
Transition 13: 93 BDD nodes
Transition 14: 90 BDD nodes
Transition 15: 74 BDD nodes
Transition 16: 74 BDD nodes
Transition 17: 71 BDD nodes
Transition 18: 103 BDD nodes
Transition 19: 74 BDD nodes
Transition 20: 74 BDD nodes
Transition 21: 127 BDD nodes
Transition 22: 144 BDD nodes
Transition 23: 144 BDD nodes
Transition 24: 167 BDD nodes
Transition 25: 174 BDD nodes
Transition 26: 82 BDD nodes
Transition 27: 55 BDD nodes
Transition 28: 51 BDD nodes
Transition 29: 55 BDD nodes
Transition 30: 51 BDD nodes
Transition 31: 48 BDD nodes
Transition 32: 56 BDD nodes
Transition 33: 63 BDD nodes
Transition 34: 127 BDD nodes
Transition 35: 144 BDD nodes
Transition 36: 144 BDD nodes
Transition 37: 172 BDD nodes
Transition 38: 179 BDD nodes
Transition 39: 96 BDD nodes
Transition 40: 55 BDD nodes
Transition 41: 51 BDD nodes
Transition 42: 55 BDD nodes
Transition 43: 51 BDD nodes
Transition 44: 48 BDD nodes
Transition 45: 56 BDD nodes
Transition 46: 63 BDD nodes
Level 1... done.
Level 2... done.
Level 3... done.
Level 4... done.
Level 5... done.
Level 6... done.
Level 7... done.
Level 8... done.
Level 9... done.
Level 10... done.
Level 11... done.
Level 12... done.
Level 13... done.
Level 14... done.
Level 15... done.
Level 16... done.
Level 17... done.
Level 18... done.
Level 19... done.
Level 20... done.
Level 21... done.
Level 22... done.
Level 23... done.
Level 24... done.
Level 25... done.
Level 26... done.
Level 27... done.
Level 28... done.
Level 29... done.
Level 30... done.
Level 31... done.
Level 32... done.
Level 33... done.
Level 34... done.
Level 35... done.
Level 36... done.
Level 37... done.
Level 38... done.
Level 39... done.
Level 40... done.
Level 41... done.
Level 42... done.
Level 43... done.
Level 44... done.
Level 45... done.
Level 46... done.
Level 47... done.
Level 48... done.
Level 49... done.
Level 50... done.
Level 51... done.
Level 52... done.
Level 53... done.
Level 54... done.
Level 55... done.
Level 56... done.
Level 57... done.
Level 58... done.
Level 59... done.
Level 60... done.
Level 61... done.
Level 62... done.
Level 63... done.
Level 64... done.
Level 65... done.
Level 66... done.
Level 67... done.
Level 68... done.
Level 69... done.
Level 70... done.
PAR Time: 213.156627
Final states: 419862130 states
Final states: 748412 BDD nodes
[1469763449.636917] [node022:20281:0]         sys.c:744  MXM  WARN  Conflicting CPU frequencies detected, using: 1999.88
[1469763449.642326] [node018:18046:0]         sys.c:744  MXM  WARN  Conflicting CPU frequencies detected, using: 1796.72
[1469763449.644205] [node017:19727:0]         sys.c:744  MXM  WARN  Conflicting CPU frequencies detected, using: 2563.88
[1469763449.644064] [node023:29530:0]         sys.c:744  MXM  WARN  Conflicting CPU frequencies detected, using: 3119.44
[1469763449.625454] [node020:26409:0]         sys.c:744  MXM  WARN  Conflicting CPU frequencies detected, using: 2400.00
[1469763449.635151] [node016:1131 :0]         sys.c:744  MXM  WARN  Conflicting CPU frequencies detected, using: 1896.66
[1469763449.625101] [node019:8496 :0]         sys.c:744  MXM  WARN  Conflicting CPU frequencies detected, using: 2099.06
[1469763449.642206] [node012:25435:0]         sys.c:744  MXM  WARN  Conflicting CPU frequencies detected, using: 1839.09
[1469763449.638897] [node014:29369:0]         sys.c:744  MXM  WARN  Conflicting CPU frequencies detected, using: 1698.84
[1469763449.260314] [node008:27968:0]         sys.c:744  MXM  WARN  Conflicting CPU frequencies detected, using: 1593.47
[1469763449.641600] [node011:11162:0]         sys.c:744  MXM  WARN  Conflicting CPU frequencies detected, using: 3076.78
[1469763449.631012] [node013:26869:0]         sys.c:744  MXM  WARN  Conflicting CPU frequencies detected, using: 2173.59
[1469763449.642162] [node010:31072:0]         sys.c:744  MXM  WARN  Conflicting CPU frequencies detected, using: 3191.25
[1469763449.640755] [node015:21762:0]         sys.c:744  MXM  WARN  Conflicting CPU frequencies detected, using: 1798.88
[1469763449.639010] [node021:27781:0]         sys.c:744  MXM  WARN  Conflicting CPU frequencies detected, using: 1990.88
[1469763449.625548] [node009:22291:0]         sys.c:744  MXM  WARN  Conflicting CPU frequencies detected, using: 2171.25
[1469763449.240959] [node008:27924:0]         sys.c:744  MXM  WARN  Conflicting CPU frequencies detected, using: 1498.97
