performing reachability, flags: -n 32 -N 16 -shared-heap 8GB --tablesize=26 --cachesize=25  
This is upcrun, job spawner for the Berkeley UPC compiler (http://upc.lbl.gov).
upcrun version 2.22.2
Network conduits supported by this installation: smp mxm ibv
[1467935981.207178] [node008:23663:0]         sys.c:744  MXM  WARN  Conflicting CPU frequencies detected, using: 1594.69
[1467935981.218620] [node008:23663:0]         mxm.c:196  MXM  WARN  The 'ulimit -s' on the system is set to 'unlimited'. This may have negative performance implications. Please set the stack size to the default value (10240) 
[1467935981.207178] [node008:23663:0]         sys.c:744  MXM  WARN  Conflicting CPU frequencies detected, using: 1594.69
[1467935981.217978] [node008:23663:0]         mxm.c:196  MXM  WARN  The 'ulimit -s' on the system is set to 'unlimited'. This may have negative performance implications. Please set the stack size to the default value (10240) 
[1467935981.562647] [node016:18387:0]         sys.c:744  MXM  WARN  Conflicting CPU frequencies detected, using: 2600.44
[1467935981.569298] [node016:18387:0]         mxm.c:196  MXM  WARN  The 'ulimit -s' on the system is set to 'unlimited'. This may have negative performance implications. Please set the stack size to the default value (10240) 
[1467935981.562647] [node016:18387:0]         sys.c:744  MXM  WARN  Conflicting CPU frequencies detected, using: 2600.44
[1467935981.568546] [node016:18387:0]         mxm.c:196  MXM  WARN  The 'ulimit -s' on the system is set to 'unlimited'. This may have negative performance implications. Please set the stack size to the default value (10240) 
[1467935981.560168] [node010:18508:0]         sys.c:744  MXM  WARN  Conflicting CPU frequencies detected, using: 2189.81
[1467935981.566427] [node010:18508:0]         mxm.c:196  MXM  WARN  The 'ulimit -s' on the system is set to 'unlimited'. This may have negative performance implications. Please set the stack size to the default value (10240) 
[1467935981.560168] [node010:18508:0]         sys.c:744  MXM  WARN  Conflicting CPU frequencies detected, using: 2189.81
[1467935981.565995] [node010:18508:0]         mxm.c:196  MXM  WARN  The 'ulimit -s' on the system is set to 'unlimited'. This may have negative performance implications. Please set the stack size to the default value (10240) 
[1467935981.567727] [node021:16411:0]         sys.c:744  MXM  WARN  Conflicting CPU frequencies detected, using: 1503.38
[1467935981.574134] [node021:16411:0]         mxm.c:196  MXM  WARN  The 'ulimit -s' on the system is set to 'unlimited'. This may have negative performance implications. Please set the stack size to the default value (10240) 
[1467935981.567727] [node021:16411:0]         sys.c:744  MXM  WARN  Conflicting CPU frequencies detected, using: 1503.38
[1467935981.573927] [node021:16411:0]         mxm.c:196  MXM  WARN  The 'ulimit -s' on the system is set to 'unlimited'. This may have negative performance implications. Please set the stack size to the default value (10240) 
[1467935981.573650] [node014:31348:0]         sys.c:744  MXM  WARN  Conflicting CPU frequencies detected, using: 1331.72
[1467935981.580346] [node014:31348:0]         mxm.c:196  MXM  WARN  The 'ulimit -s' on the system is set to 'unlimited'. This may have negative performance implications. Please set the stack size to the default value (10240) 
[1467935981.573650] [node014:31348:0]         sys.c:744  MXM  WARN  Conflicting CPU frequencies detected, using: 1331.72
[1467935981.579907] [node014:31348:0]         mxm.c:196  MXM  WARN  The 'ulimit -s' on the system is set to 'unlimited'. This may have negative performance implications. Please set the stack size to the default value (10240) 
[1467935981.569225] [node019:12385:0]         sys.c:744  MXM  WARN  Conflicting CPU frequencies detected, using: 1896.38
[1467935981.575703] [node019:12385:0]         mxm.c:196  MXM  WARN  The 'ulimit -s' on the system is set to 'unlimited'. This may have negative performance implications. Please set the stack size to the default value (10240) 
[1467935981.569225] [node019:12385:0]         sys.c:744  MXM  WARN  Conflicting CPU frequencies detected, using: 1896.38
[1467935981.575370] [node019:12385:0]         mxm.c:196  MXM  WARN  The 'ulimit -s' on the system is set to 'unlimited'. This may have negative performance implications. Please set the stack size to the default value (10240) 
[1467935981.575475] [node009:24236:0]         sys.c:744  MXM  WARN  Conflicting CPU frequencies detected, using: 1400.16
[1467935981.586854] [node009:24236:0]         mxm.c:196  MXM  WARN  The 'ulimit -s' on the system is set to 'unlimited'. This may have negative performance implications. Please set the stack size to the default value (10240) 
[1467935981.575475] [node009:24236:0]         sys.c:744  MXM  WARN  Conflicting CPU frequencies detected, using: 1400.16
[1467935981.587613] [node009:24236:0]         mxm.c:196  MXM  WARN  The 'ulimit -s' on the system is set to 'unlimited'. This may have negative performance implications. Please set the stack size to the default value (10240) 
[1467935981.572588] [node015:28957:0]         sys.c:744  MXM  WARN  Conflicting CPU frequencies detected, using: 1697.34
[1467935981.583658] [node015:28957:0]         mxm.c:196  MXM  WARN  The 'ulimit -s' on the system is set to 'unlimited'. This may have negative performance implications. Please set the stack size to the default value (10240) 
[1467935981.572588] [node015:28957:0]         sys.c:744  MXM  WARN  Conflicting CPU frequencies detected, using: 1697.34
[1467935981.584415] [node015:28957:0]         mxm.c:196  MXM  WARN  The 'ulimit -s' on the system is set to 'unlimited'. This may have negative performance implications. Please set the stack size to the default value (10240) 
[1467935981.560819] [node013:927  :0]         sys.c:744  MXM  WARN  Conflicting CPU frequencies detected, using: 1498.69
[1467935981.572488] [node013:927  :0]         mxm.c:196  MXM  WARN  The 'ulimit -s' on the system is set to 'unlimited'. This may have negative performance implications. Please set the stack size to the default value (10240) 
[1467935981.558578] [node020:922  :0]         sys.c:744  MXM  WARN  Conflicting CPU frequencies detected, using: 2851.78
[1467935981.570456] [node020:922  :0]         mxm.c:196  MXM  WARN  The 'ulimit -s' on the system is set to 'unlimited'. This may have negative performance implications. Please set the stack size to the default value (10240) 
[1467935981.564866] [node023:16383:0]         sys.c:744  MXM  WARN  Conflicting CPU frequencies detected, using: 1486.78
[1467935981.576938] [node023:16383:0]         mxm.c:196  MXM  WARN  The 'ulimit -s' on the system is set to 'unlimited'. This may have negative performance implications. Please set the stack size to the default value (10240) 
[1467935981.570952] [node012:10165:0]         sys.c:744  MXM  WARN  Conflicting CPU frequencies detected, using: 1894.88
[1467935981.582309] [node012:10165:0]         mxm.c:196  MXM  WARN  The 'ulimit -s' on the system is set to 'unlimited'. This may have negative performance implications. Please set the stack size to the default value (10240) 
[1467935981.570952] [node012:10165:0]         sys.c:744  MXM  WARN  Conflicting CPU frequencies detected, using: 1894.88
[1467935981.583041] [node012:10165:0]         mxm.c:196  MXM  WARN  The 'ulimit -s' on the system is set to 'unlimited'. This may have negative performance implications. Please set the stack size to the default value (10240) 
[1467935981.571016] [node017:18815:0]         sys.c:744  MXM  WARN  Conflicting CPU frequencies detected, using: 1497.94
[1467935981.582050] [node017:18815:0]         mxm.c:196  MXM  WARN  The 'ulimit -s' on the system is set to 'unlimited'. This may have negative performance implications. Please set the stack size to the default value (10240) 
[1467935981.571016] [node017:18815:0]         sys.c:744  MXM  WARN  Conflicting CPU frequencies detected, using: 1497.94
[1467935981.582759] [node017:18815:0]         mxm.c:196  MXM  WARN  The 'ulimit -s' on the system is set to 'unlimited'. This may have negative performance implications. Please set the stack size to the default value (10240) 
[1467935981.573271] [node011:19133:0]         sys.c:744  MXM  WARN  Conflicting CPU frequencies detected, using: 1486.59
[1467935981.585099] [node011:19133:0]         mxm.c:196  MXM  WARN  The 'ulimit -s' on the system is set to 'unlimited'. This may have negative performance implications. Please set the stack size to the default value (10240) 
[1467935981.576819] [node022:13138:0]         sys.c:744  MXM  WARN  Conflicting CPU frequencies detected, using: 1343.62
[1467935981.587788] [node022:13138:0]         mxm.c:196  MXM  WARN  The 'ulimit -s' on the system is set to 'unlimited'. This may have negative performance implications. Please set the stack size to the default value (10240) 
[1467935981.576819] [node022:13138:0]         sys.c:744  MXM  WARN  Conflicting CPU frequencies detected, using: 1343.62
[1467935981.588540] [node022:13138:0]         mxm.c:196  MXM  WARN  The 'ulimit -s' on the system is set to 'unlimited'. This may have negative performance implications. Please set the stack size to the default value (10240) 
[1467935981.537419] [node018:15609:0]         sys.c:744  MXM  WARN  Conflicting CPU frequencies detected, using: 2767.22
[1467935981.548382] [node018:15609:0]         mxm.c:196  MXM  WARN  The 'ulimit -s' on the system is set to 'unlimited'. This may have negative performance implications. Please set the stack size to the default value (10240) 
[1467935981.560819] [node013:927  :0]         sys.c:744  MXM  WARN  Conflicting CPU frequencies detected, using: 1498.69
[1467935981.571736] [node013:927  :0]         mxm.c:196  MXM  WARN  The 'ulimit -s' on the system is set to 'unlimited'. This may have negative performance implications. Please set the stack size to the default value (10240) 
[1467935981.573271] [node011:19133:0]         sys.c:744  MXM  WARN  Conflicting CPU frequencies detected, using: 1486.59
[1467935981.584324] [node011:19133:0]         mxm.c:196  MXM  WARN  The 'ulimit -s' on the system is set to 'unlimited'. This may have negative performance implications. Please set the stack size to the default value (10240) 
[1467935981.558578] [node020:922  :0]         sys.c:744  MXM  WARN  Conflicting CPU frequencies detected, using: 2851.78
[1467935981.569667] [node020:922  :0]         mxm.c:196  MXM  WARN  The 'ulimit -s' on the system is set to 'unlimited'. This may have negative performance implications. Please set the stack size to the default value (10240) 
[1467935981.564866] [node023:16383:0]         sys.c:744  MXM  WARN  Conflicting CPU frequencies detected, using: 1486.78
[1467935981.576206] [node023:16383:0]         mxm.c:196  MXM  WARN  The 'ulimit -s' on the system is set to 'unlimited'. This may have negative performance implications. Please set the stack size to the default value (10240) 
[1467935981.537419] [node018:15609:0]         sys.c:744  MXM  WARN  Conflicting CPU frequencies detected, using: 2767.22
[1467935981.547469] [node018:15609:0]         mxm.c:196  MXM  WARN  The 'ulimit -s' on the system is set to 'unlimited'. This may have negative performance implications. Please set the stack size to the default value (10240) 
UPCR: UPC thread  0 of 32 on node008 (pshm node  0 of 16, process  0 of 32, pid=23679)
UPCR: UPC thread  1 of 32 on node008 (pshm node  0 of 16, process  1 of 32, pid=23680)
UPCR: UPC thread 31 of 32 on node023 (pshm node 15 of 16, process 31 of 32, pid=16426)
UPCR: UPC thread 30 of 32 on node023 (pshm node 15 of 16, process 30 of 32, pid=16425)
UPCR: UPC thread 14 of 32 on node015 (pshm node  7 of 16, process 14 of 32, pid=28999)
UPCR: UPC thread 15 of 32 on node015 (pshm node  7 of 16, process 15 of 32, pid=29000)
UPCR: UPC thread 11 of 32 on node013 (pshm node  5 of 16, process 11 of 32, pid=970)
UPCR: UPC thread 10 of 32 on node013 (pshm node  5 of 16, process 10 of 32, pid=969)
UPCR: UPC thread 25 of 32 on node020 (pshm node 12 of 16, process 25 of 32, pid=965)
UPCR: UPC thread 24 of 32 on node020 (pshm node 12 of 16, process 24 of 32, pid=964)
UPCR: UPC thread  4 of 32 on node010 (pshm node  2 of 16, process  4 of 32, pid=18559)
UPCR: UPC thread  5 of 32 on node010 (pshm node  2 of 16, process  5 of 32, pid=18560)
UPCR: UPC thread 21 of 32 on node018 (pshm node 10 of 16, process 21 of 32, pid=15652)
UPCR: UPC thread 20 of 32 on node018 (pshm node 10 of 16, process 20 of 32, pid=15651)
UPCR: UPC thread 13 of 32 on node014 (pshm node  6 of 16, process 13 of 32, pid=31391)
UPCR: UPC thread 12 of 32 on node014 (pshm node  6 of 16, process 12 of 32, pid=31390)
UPCR: UPC thread 29 of 32 on node022 (pshm node 14 of 16, process 29 of 32, pid=13181)
UPCR: UPC thread 28 of 32 on node022 (pshm node 14 of 16, process 28 of 32, pid=13180)
UPCR: UPC thread 17 of 32 on node016 (pshm node  8 of 16, process 17 of 32, pid=18430)
UPCR: UPC thread 16 of 32 on node016 (pshm node  8 of 16, process 16 of 32, pid=18429)
UPCR: UPC thread 23 of 32 on node019 (pshm node 11 of 16, process 23 of 32, pid=12428)
UPCR: UPC thread 22 of 32 on node019 (pshm node 11 of 16, process 22 of 32, pid=12427)
UPCR: UPC thread  7 of 32 on node011 (pshm node  3 of 16, process  7 of 32, pid=19176)
UPCR: UPC thread  6 of 32 on node011 (pshm node  3 of 16, process  6 of 32, pid=19175)
UPCR: UPC thread  2 of 32 on node009 (pshm node  1 of 16, process  2 of 32, pid=24278)
UPCR: UPC thread  3 of 32 on node009 (pshm node  1 of 16, process  3 of 32, pid=24279)
UPCR: UPC thread 19 of 32 on node017 (pshm node  9 of 16, process 19 of 32, pid=18858)
UPCR: UPC thread 18 of 32 on node017 (pshm node  9 of 16, process 18 of 32, pid=18857)
UPCR: UPC thread  9 of 32 on node012 (pshm node  4 of 16, process  9 of 32, pid=10208)
UPCR: UPC thread  8 of 32 on node012 (pshm node  4 of 16, process  8 of 32, pid=10207)
UPCR: UPC thread 26 of 32 on node021 (pshm node 13 of 16, process 26 of 32, pid=16453)
UPCR: UPC thread 27 of 32 on node021 (pshm node 13 of 16, process 27 of 32, pid=16454)
using a cache granularity of 8
using linear probing in the BDD table
using a memoization table of 2^25 = 33554432 entries (~1280 MB) per thread
using a BDD table of 2^26 = 67108864 entries (~1536 MB) per thread
Initializing /home/oortwijn/distdd/models/beem/exit.2.bdd!
vector size: 28
bits per integer: 4
number of BDD variables: 112
Loading initial states: 
Initial states loaded... 
Loading transition relations... 
28 integers per state, 4 bits per integer, 47 transition groups
BDD nodes:
Initial states: 112 BDD nodes
Transition 0: 47 BDD nodes
Transition 1: 0 BDD nodes
Transition 2: 0 BDD nodes
Transition 3: 62 BDD nodes
Transition 4: 62 BDD nodes
Transition 5: 0 BDD nodes
Transition 6: 0 BDD nodes
Transition 7: 91 BDD nodes
Transition 8: 83 BDD nodes
Transition 9: 0 BDD nodes
Transition 10: 0 BDD nodes
Transition 11: 0 BDD nodes
Transition 12: 0 BDD nodes
Transition 13: 79 BDD nodes
Transition 14: 76 BDD nodes
Transition 15: 64 BDD nodes
Transition 16: 64 BDD nodes
Transition 17: 61 BDD nodes
Transition 18: 87 BDD nodes
Transition 19: 64 BDD nodes
Transition 20: 64 BDD nodes
Transition 21: 0 BDD nodes
Transition 22: 0 BDD nodes
Transition 23: 0 BDD nodes
Transition 24: 82 BDD nodes
Transition 25: 87 BDD nodes
Transition 26: 70 BDD nodes
Transition 27: 0 BDD nodes
Transition 28: 0 BDD nodes
Transition 29: 0 BDD nodes
Transition 30: 0 BDD nodes
Transition 31: 0 BDD nodes
Transition 32: 0 BDD nodes
Transition 33: 55 BDD nodes
Transition 34: 0 BDD nodes
Transition 35: 0 BDD nodes
Transition 36: 0 BDD nodes
Transition 37: 85 BDD nodes
Transition 38: 90 BDD nodes
Transition 39: 82 BDD nodes
Transition 40: 0 BDD nodes
Transition 41: 0 BDD nodes
Transition 42: 0 BDD nodes
Transition 43: 0 BDD nodes
Transition 44: 0 BDD nodes
Transition 45: 0 BDD nodes
Transition 46: 55 BDD nodes
Level 1... done.
Level 2... done.
Level 3... done.
Level 4... done.
Level 5... done.
Level 6... done.
Level 7... done.
Level 8... done.
Level 9... done.
Level 10... done.
Level 11... done.
Level 12... done.
Level 13... done.
Level 14... done.
Level 15... done.
Level 16... done.
Level 17... done.
Level 18... done.
Level 19... done.
Level 20... done.
Level 21... done.
PAR Time: 0.377584
Final states: 33670 states
Final states: 4737 BDD nodes
[1467935981.537419] [node018:15609:0]         sys.c:744  MXM  WARN  Conflicting CPU frequencies detected, using: 2767.22
[1467935981.572588] [node015:28957:0]         sys.c:744  MXM  WARN  Conflicting CPU frequencies detected, using: 1697.34
[1467935981.576819] [node022:13138:0]         sys.c:744  MXM  WARN  Conflicting CPU frequencies detected, using: 1343.62
[1467935981.564866] [node023:16383:0]         sys.c:744  MXM  WARN  Conflicting CPU frequencies detected, using: 1486.78
[1467935981.562647] [node016:18387:0]         sys.c:744  MXM  WARN  Conflicting CPU frequencies detected, using: 2600.44
[1467935981.558578] [node020:922  :0]         sys.c:744  MXM  WARN  Conflicting CPU frequencies detected, using: 2851.78
[1467935981.570952] [node012:10165:0]         sys.c:744  MXM  WARN  Conflicting CPU frequencies detected, using: 1894.88
[1467935981.575475] [node009:24236:0]         sys.c:744  MXM  WARN  Conflicting CPU frequencies detected, using: 1400.16
[1467935981.569225] [node019:12385:0]         sys.c:744  MXM  WARN  Conflicting CPU frequencies detected, using: 1896.38
[1467935981.571016] [node017:18815:0]         sys.c:744  MXM  WARN  Conflicting CPU frequencies detected, using: 1497.94
[1467935981.560819] [node013:927  :0]         sys.c:744  MXM  WARN  Conflicting CPU frequencies detected, using: 1498.69
[1467935981.567727] [node021:16411:0]         sys.c:744  MXM  WARN  Conflicting CPU frequencies detected, using: 1503.38
[1467935981.573650] [node014:31348:0]         sys.c:744  MXM  WARN  Conflicting CPU frequencies detected, using: 1331.72
[1467935981.560168] [node010:18508:0]         sys.c:744  MXM  WARN  Conflicting CPU frequencies detected, using: 2189.81
[1467935981.207178] [node008:23663:0]         sys.c:744  MXM  WARN  Conflicting CPU frequencies detected, using: 1594.69
[1467935981.573271] [node011:19133:0]         sys.c:744  MXM  WARN  Conflicting CPU frequencies detected, using: 1486.59
[1467935981.187873] [node008:23619:0]         sys.c:744  MXM  WARN  Conflicting CPU frequencies detected, using: 1498.03
