performing reachability, flags: -n 64 -N 8 -shared-heap 2GB --tablesize=24 --cachesize=23  
This is upcrun, job spawner for the Berkeley UPC compiler (http://upc.lbl.gov).
upcrun version 2.22.2
Network conduits supported by this installation: smp mxm ibv
[1467905560.616789] [node061:24187:0]         sys.c:744  MXM  WARN  Conflicting CPU frequencies detected, using: 1598.53
[1467905560.623836] [node061:24187:0]         mxm.c:196  MXM  WARN  The 'ulimit -s' on the system is set to 'unlimited'. This may have negative performance implications. Please set the stack size to the default value (10240) 
[1467905560.616789] [node061:24187:0]         sys.c:744  MXM  WARN  Conflicting CPU frequencies detected, using: 1598.53
[1467905560.625758] [node061:24187:0]         mxm.c:196  MXM  WARN  The 'ulimit -s' on the system is set to 'unlimited'. This may have negative performance implications. Please set the stack size to the default value (10240) 
[1467905560.616789] [node061:24187:0]         sys.c:744  MXM  WARN  Conflicting CPU frequencies detected, using: 1598.53
[1467905560.627721] [node061:24187:0]         mxm.c:196  MXM  WARN  The 'ulimit -s' on the system is set to 'unlimited'. This may have negative performance implications. Please set the stack size to the default value (10240) 
[1467905560.616789] [node061:24187:0]         sys.c:744  MXM  WARN  Conflicting CPU frequencies detected, using: 1598.53
[1467905560.626709] [node061:24187:0]         mxm.c:196  MXM  WARN  The 'ulimit -s' on the system is set to 'unlimited'. This may have negative performance implications. Please set the stack size to the default value (10240) 
[1467905560.616789] [node061:24187:0]         sys.c:744  MXM  WARN  Conflicting CPU frequencies detected, using: 1598.53
[1467905560.624154] [node061:24187:0]         mxm.c:196  MXM  WARN  The 'ulimit -s' on the system is set to 'unlimited'. This may have negative performance implications. Please set the stack size to the default value (10240) 
[1467905560.616789] [node061:24187:0]         sys.c:744  MXM  WARN  Conflicting CPU frequencies detected, using: 1598.53
[1467905560.625367] [node061:24187:0]         mxm.c:196  MXM  WARN  The 'ulimit -s' on the system is set to 'unlimited'. This may have negative performance implications. Please set the stack size to the default value (10240) 
[1467905560.616789] [node061:24187:0]         sys.c:744  MXM  WARN  Conflicting CPU frequencies detected, using: 1598.53
[1467905560.627047] [node061:24187:0]         mxm.c:196  MXM  WARN  The 'ulimit -s' on the system is set to 'unlimited'. This may have negative performance implications. Please set the stack size to the default value (10240) 
[1467905560.616789] [node061:24187:0]         sys.c:744  MXM  WARN  Conflicting CPU frequencies detected, using: 1598.53
[1467905560.623490] [node061:24187:0]         mxm.c:196  MXM  WARN  The 'ulimit -s' on the system is set to 'unlimited'. This may have negative performance implications. Please set the stack size to the default value (10240) 
[1467905560.972897] [node068:9124 :0]         sys.c:744  MXM  WARN  Conflicting CPU frequencies detected, using: 1599.94
[1467905561.010004] [node068:9124 :0]         mxm.c:196  MXM  WARN  The 'ulimit -s' on the system is set to 'unlimited'. This may have negative performance implications. Please set the stack size to the default value (10240) 
[1467905560.981259] [node067:10777:0]         sys.c:744  MXM  WARN  Conflicting CPU frequencies detected, using: 1796.25
[1467905560.984340] [node066:8239 :0]         sys.c:744  MXM  WARN  Conflicting CPU frequencies detected, using: 1897.97
[1467905560.978208] [node063:7289 :0]         sys.c:744  MXM  WARN  Conflicting CPU frequencies detected, using: 1892.34
[1467905560.985127] [node063:7289 :0]         mxm.c:196  MXM  WARN  The 'ulimit -s' on the system is set to 'unlimited'. This may have negative performance implications. Please set the stack size to the default value (10240) 
[1467905560.978208] [node063:7289 :0]         sys.c:744  MXM  WARN  Conflicting CPU frequencies detected, using: 1892.34
[1467905560.986910] [node063:7289 :0]         mxm.c:196  MXM  WARN  The 'ulimit -s' on the system is set to 'unlimited'. This may have negative performance implications. Please set the stack size to the default value (10240) 
[1467905560.978208] [node063:7289 :0]         sys.c:744  MXM  WARN  Conflicting CPU frequencies detected, using: 1892.34
[1467905560.986680] [node063:7289 :0]         mxm.c:196  MXM  WARN  The 'ulimit -s' on the system is set to 'unlimited'. This may have negative performance implications. Please set the stack size to the default value (10240) 
[1467905560.978208] [node063:7289 :0]         sys.c:744  MXM  WARN  Conflicting CPU frequencies detected, using: 1892.34
[1467905560.986561] [node063:7289 :0]         mxm.c:196  MXM  WARN  The 'ulimit -s' on the system is set to 'unlimited'. This may have negative performance implications. Please set the stack size to the default value (10240) 
[1467905560.978208] [node063:7289 :0]         sys.c:744  MXM  WARN  Conflicting CPU frequencies detected, using: 1892.34
[1467905560.986021] [node063:7289 :0]         mxm.c:196  MXM  WARN  The 'ulimit -s' on the system is set to 'unlimited'. This may have negative performance implications. Please set the stack size to the default value (10240) 
[1467905560.978208] [node063:7289 :0]         sys.c:744  MXM  WARN  Conflicting CPU frequencies detected, using: 1892.34
[1467905560.985906] [node063:7289 :0]         mxm.c:196  MXM  WARN  The 'ulimit -s' on the system is set to 'unlimited'. This may have negative performance implications. Please set the stack size to the default value (10240) 
[1467905560.978208] [node063:7289 :0]         sys.c:744  MXM  WARN  Conflicting CPU frequencies detected, using: 1892.34
[1467905560.986777] [node063:7289 :0]         mxm.c:196  MXM  WARN  The 'ulimit -s' on the system is set to 'unlimited'. This may have negative performance implications. Please set the stack size to the default value (10240) 
[1467905560.978208] [node063:7289 :0]         sys.c:744  MXM  WARN  Conflicting CPU frequencies detected, using: 1892.34
[1467905560.985875] [node063:7289 :0]         mxm.c:196  MXM  WARN  The 'ulimit -s' on the system is set to 'unlimited'. This may have negative performance implications. Please set the stack size to the default value (10240) 
[1467905560.984998] [node065:8014 :0]         sys.c:744  MXM  WARN  Conflicting CPU frequencies detected, using: 1913.53
[1467905560.993907] [node065:8014 :0]         mxm.c:196  MXM  WARN  The 'ulimit -s' on the system is set to 'unlimited'. This may have negative performance implications. Please set the stack size to the default value (10240) 
[1467905560.984998] [node065:8014 :0]         sys.c:744  MXM  WARN  Conflicting CPU frequencies detected, using: 1913.53
[1467905560.993023] [node065:8014 :0]         mxm.c:196  MXM  WARN  The 'ulimit -s' on the system is set to 'unlimited'. This may have negative performance implications. Please set the stack size to the default value (10240) 
[1467905560.984998] [node065:8014 :0]         sys.c:744  MXM  WARN  Conflicting CPU frequencies detected, using: 1913.53
[1467905560.993452] [node065:8014 :0]         mxm.c:196  MXM  WARN  The 'ulimit -s' on the system is set to 'unlimited'. This may have negative performance implications. Please set the stack size to the default value (10240) 
[1467905560.984998] [node065:8014 :0]         sys.c:744  MXM  WARN  Conflicting CPU frequencies detected, using: 1913.53
[1467905560.992578] [node065:8014 :0]         mxm.c:196  MXM  WARN  The 'ulimit -s' on the system is set to 'unlimited'. This may have negative performance implications. Please set the stack size to the default value (10240) 
[1467905560.984998] [node065:8014 :0]         sys.c:744  MXM  WARN  Conflicting CPU frequencies detected, using: 1913.53
[1467905560.994024] [node065:8014 :0]         mxm.c:196  MXM  WARN  The 'ulimit -s' on the system is set to 'unlimited'. This may have negative performance implications. Please set the stack size to the default value (10240) 
[1467905560.984998] [node065:8014 :0]         sys.c:744  MXM  WARN  Conflicting CPU frequencies detected, using: 1913.53
[1467905560.992149] [node065:8014 :0]         mxm.c:196  MXM  WARN  The 'ulimit -s' on the system is set to 'unlimited'. This may have negative performance implications. Please set the stack size to the default value (10240) 
[1467905560.984998] [node065:8014 :0]         sys.c:744  MXM  WARN  Conflicting CPU frequencies detected, using: 1913.53
[1467905560.994894] [node065:8014 :0]         mxm.c:196  MXM  WARN  The 'ulimit -s' on the system is set to 'unlimited'. This may have negative performance implications. Please set the stack size to the default value (10240) 
[1467905560.984998] [node065:8014 :0]         sys.c:744  MXM  WARN  Conflicting CPU frequencies detected, using: 1913.53
[1467905560.994769] [node065:8014 :0]         mxm.c:196  MXM  WARN  The 'ulimit -s' on the system is set to 'unlimited'. This may have negative performance implications. Please set the stack size to the default value (10240) 
[1467905560.968591] [node064:5960 :0]         sys.c:744  MXM  WARN  Conflicting CPU frequencies detected, using: 1996.97
[1467905561.000337] [node064:5960 :0]         mxm.c:196  MXM  WARN  The 'ulimit -s' on the system is set to 'unlimited'. This may have negative performance implications. Please set the stack size to the default value (10240) 
[1467905560.979555] [node062:5997 :0]         sys.c:744  MXM  WARN  Conflicting CPU frequencies detected, using: 1898.25
[1467905561.001194] [node062:5997 :0]         mxm.c:196  MXM  WARN  The 'ulimit -s' on the system is set to 'unlimited'. This may have negative performance implications. Please set the stack size to the default value (10240) 
[1467905560.979555] [node062:5997 :0]         sys.c:744  MXM  WARN  Conflicting CPU frequencies detected, using: 1898.25
[1467905561.011682] [node062:5997 :0]         mxm.c:196  MXM  WARN  The 'ulimit -s' on the system is set to 'unlimited'. This may have negative performance implications. Please set the stack size to the default value (10240) 
[1467905560.981259] [node067:10777:0]         sys.c:744  MXM  WARN  Conflicting CPU frequencies detected, using: 1796.25
[1467905561.007325] [node067:10777:0]         mxm.c:196  MXM  WARN  The 'ulimit -s' on the system is set to 'unlimited'. This may have negative performance implications. Please set the stack size to the default value (10240) 
[1467905560.972897] [node068:9124 :0]         sys.c:744  MXM  WARN  Conflicting CPU frequencies detected, using: 1599.94
[1467905560.998838] [node068:9124 :0]         mxm.c:196  MXM  WARN  The 'ulimit -s' on the system is set to 'unlimited'. This may have negative performance implications. Please set the stack size to the default value (10240) 
[1467905560.968591] [node064:5960 :0]         sys.c:744  MXM  WARN  Conflicting CPU frequencies detected, using: 1996.97
[1467905560.995429] [node064:5960 :0]         mxm.c:196  MXM  WARN  The 'ulimit -s' on the system is set to 'unlimited'. This may have negative performance implications. Please set the stack size to the default value (10240) 
[1467905561.028133] [node066:8239 :0]         mxm.c:196  MXM  WARN  The 'ulimit -s' on the system is set to 'unlimited'. This may have negative performance implications. Please set the stack size to the default value (10240) 
[1467905560.979555] [node062:5997 :0]         sys.c:744  MXM  WARN  Conflicting CPU frequencies detected, using: 1898.25
[1467905561.015906] [node062:5997 :0]         mxm.c:196  MXM  WARN  The 'ulimit -s' on the system is set to 'unlimited'. This may have negative performance implications. Please set the stack size to the default value (10240) 
[1467905560.968591] [node064:5960 :0]         sys.c:744  MXM  WARN  Conflicting CPU frequencies detected, using: 1996.97
[1467905561.006296] [node064:5960 :0]         mxm.c:196  MXM  WARN  The 'ulimit -s' on the system is set to 'unlimited'. This may have negative performance implications. Please set the stack size to the default value (10240) 
[1467905560.968591] [node064:5960 :0]         sys.c:744  MXM  WARN  Conflicting CPU frequencies detected, using: 1996.97
[1467905560.998805] [node064:5960 :0]         mxm.c:196  MXM  WARN  The 'ulimit -s' on the system is set to 'unlimited'. This may have negative performance implications. Please set the stack size to the default value (10240) 
[1467905560.979555] [node062:5997 :0]         sys.c:744  MXM  WARN  Conflicting CPU frequencies detected, using: 1898.25
[1467905561.017900] [node062:5997 :0]         mxm.c:196  MXM  WARN  The 'ulimit -s' on the system is set to 'unlimited'. This may have negative performance implications. Please set the stack size to the default value (10240) 
[1467905560.968591] [node064:5960 :0]         sys.c:744  MXM  WARN  Conflicting CPU frequencies detected, using: 1996.97
[1467905561.008673] [node064:5960 :0]         mxm.c:196  MXM  WARN  The 'ulimit -s' on the system is set to 'unlimited'. This may have negative performance implications. Please set the stack size to the default value (10240) 
[1467905560.979555] [node062:5997 :0]         sys.c:744  MXM  WARN  Conflicting CPU frequencies detected, using: 1898.25
[1467905561.020996] [node062:5997 :0]         mxm.c:196  MXM  WARN  The 'ulimit -s' on the system is set to 'unlimited'. This may have negative performance implications. Please set the stack size to the default value (10240) 
[1467905560.979555] [node062:5997 :0]         sys.c:744  MXM  WARN  Conflicting CPU frequencies detected, using: 1898.25
[1467905561.013298] [node062:5997 :0]         mxm.c:196  MXM  WARN  The 'ulimit -s' on the system is set to 'unlimited'. This may have negative performance implications. Please set the stack size to the default value (10240) 
[1467905560.968591] [node064:5960 :0]         sys.c:744  MXM  WARN  Conflicting CPU frequencies detected, using: 1996.97
[1467905560.988415] [node064:5960 :0]         mxm.c:196  MXM  WARN  The 'ulimit -s' on the system is set to 'unlimited'. This may have negative performance implications. Please set the stack size to the default value (10240) 
[1467905560.968591] [node064:5960 :0]         sys.c:744  MXM  WARN  Conflicting CPU frequencies detected, using: 1996.97
[1467905561.007062] [node064:5960 :0]         mxm.c:196  MXM  WARN  The 'ulimit -s' on the system is set to 'unlimited'. This may have negative performance implications. Please set the stack size to the default value (10240) 
[1467905560.968591] [node064:5960 :0]         sys.c:744  MXM  WARN  Conflicting CPU frequencies detected, using: 1996.97
[1467905560.993097] [node064:5960 :0]         mxm.c:196  MXM  WARN  The 'ulimit -s' on the system is set to 'unlimited'. This may have negative performance implications. Please set the stack size to the default value (10240) 
[1467905560.981259] [node067:10777:0]         sys.c:744  MXM  WARN  Conflicting CPU frequencies detected, using: 1796.25
[1467905561.005784] [node067:10777:0]         mxm.c:196  MXM  WARN  The 'ulimit -s' on the system is set to 'unlimited'. This may have negative performance implications. Please set the stack size to the default value (10240) 
[1467905560.981259] [node067:10777:0]         sys.c:744  MXM  WARN  Conflicting CPU frequencies detected, using: 1796.25
[1467905561.018809] [node067:10777:0]         mxm.c:196  MXM  WARN  The 'ulimit -s' on the system is set to 'unlimited'. This may have negative performance implications. Please set the stack size to the default value (10240) 
[1467905560.984340] [node066:8239 :0]         sys.c:744  MXM  WARN  Conflicting CPU frequencies detected, using: 1897.97
[1467905561.016881] [node066:8239 :0]         mxm.c:196  MXM  WARN  The 'ulimit -s' on the system is set to 'unlimited'. This may have negative performance implications. Please set the stack size to the default value (10240) 
[1467905560.984340] [node066:8239 :0]         sys.c:744  MXM  WARN  Conflicting CPU frequencies detected, using: 1897.97
[1467905561.008847] [node066:8239 :0]         mxm.c:196  MXM  WARN  The 'ulimit -s' on the system is set to 'unlimited'. This may have negative performance implications. Please set the stack size to the default value (10240) 
[1467905560.984340] [node066:8239 :0]         sys.c:744  MXM  WARN  Conflicting CPU frequencies detected, using: 1897.97
[1467905561.006578] [node066:8239 :0]         mxm.c:196  MXM  WARN  The 'ulimit -s' on the system is set to 'unlimited'. This may have negative performance implications. Please set the stack size to the default value (10240) 
[1467905560.984340] [node066:8239 :0]         sys.c:744  MXM  WARN  Conflicting CPU frequencies detected, using: 1897.97
[1467905561.020177] [node066:8239 :0]         mxm.c:196  MXM  WARN  The 'ulimit -s' on the system is set to 'unlimited'. This may have negative performance implications. Please set the stack size to the default value (10240) 
[1467905560.981259] [node067:10777:0]         sys.c:744  MXM  WARN  Conflicting CPU frequencies detected, using: 1796.25
[1467905561.012081] [node067:10777:0]         mxm.c:196  MXM  WARN  The 'ulimit -s' on the system is set to 'unlimited'. This may have negative performance implications. Please set the stack size to the default value (10240) 
[1467905560.981259] [node067:10777:0]         sys.c:744  MXM  WARN  Conflicting CPU frequencies detected, using: 1796.25
[1467905561.006582] [node067:10777:0]         mxm.c:196  MXM  WARN  The 'ulimit -s' on the system is set to 'unlimited'. This may have negative performance implications. Please set the stack size to the default value (10240) 
[1467905560.981259] [node067:10777:0]         sys.c:744  MXM  WARN  Conflicting CPU frequencies detected, using: 1796.25
[1467905561.004283] [node067:10777:0]         mxm.c:196  MXM  WARN  The 'ulimit -s' on the system is set to 'unlimited'. This may have negative performance implications. Please set the stack size to the default value (10240) 
[1467905560.984340] [node066:8239 :0]         sys.c:744  MXM  WARN  Conflicting CPU frequencies detected, using: 1897.97
[1467905561.013623] [node066:8239 :0]         mxm.c:196  MXM  WARN  The 'ulimit -s' on the system is set to 'unlimited'. This may have negative performance implications. Please set the stack size to the default value (10240) 
[1467905560.984340] [node066:8239 :0]         sys.c:744  MXM  WARN  Conflicting CPU frequencies detected, using: 1897.97
[1467905561.016065] [node066:8239 :0]         mxm.c:196  MXM  WARN  The 'ulimit -s' on the system is set to 'unlimited'. This may have negative performance implications. Please set the stack size to the default value (10240) 
[1467905560.984340] [node066:8239 :0]         sys.c:744  MXM  WARN  Conflicting CPU frequencies detected, using: 1897.97
[1467905561.023048] [node066:8239 :0]         mxm.c:196  MXM  WARN  The 'ulimit -s' on the system is set to 'unlimited'. This may have negative performance implications. Please set the stack size to the default value (10240) 
[1467905560.972897] [node068:9124 :0]         sys.c:744  MXM  WARN  Conflicting CPU frequencies detected, using: 1599.94
[1467905561.007547] [node068:9124 :0]         mxm.c:196  MXM  WARN  The 'ulimit -s' on the system is set to 'unlimited'. This may have negative performance implications. Please set the stack size to the default value (10240) 
[1467905560.972897] [node068:9124 :0]         sys.c:744  MXM  WARN  Conflicting CPU frequencies detected, using: 1599.94
[1467905561.005094] [node068:9124 :0]         mxm.c:196  MXM  WARN  The 'ulimit -s' on the system is set to 'unlimited'. This may have negative performance implications. Please set the stack size to the default value (10240) 
[1467905560.972897] [node068:9124 :0]         sys.c:744  MXM  WARN  Conflicting CPU frequencies detected, using: 1599.94
[1467905561.009244] [node068:9124 :0]         mxm.c:196  MXM  WARN  The 'ulimit -s' on the system is set to 'unlimited'. This may have negative performance implications. Please set the stack size to the default value (10240) 
[1467905560.972897] [node068:9124 :0]         sys.c:744  MXM  WARN  Conflicting CPU frequencies detected, using: 1599.94
[1467905561.005849] [node068:9124 :0]         mxm.c:196  MXM  WARN  The 'ulimit -s' on the system is set to 'unlimited'. This may have negative performance implications. Please set the stack size to the default value (10240) 
[1467905560.972897] [node068:9124 :0]         sys.c:744  MXM  WARN  Conflicting CPU frequencies detected, using: 1599.94
[1467905561.002811] [node068:9124 :0]         mxm.c:196  MXM  WARN  The 'ulimit -s' on the system is set to 'unlimited'. This may have negative performance implications. Please set the stack size to the default value (10240) 
[1467905560.972897] [node068:9124 :0]         sys.c:744  MXM  WARN  Conflicting CPU frequencies detected, using: 1599.94
[1467905561.004349] [node068:9124 :0]         mxm.c:196  MXM  WARN  The 'ulimit -s' on the system is set to 'unlimited'. This may have negative performance implications. Please set the stack size to the default value (10240) 
[1467905560.979555] [node062:5997 :0]         sys.c:744  MXM  WARN  Conflicting CPU frequencies detected, using: 1898.25
[1467905561.009147] [node062:5997 :0]         mxm.c:196  MXM  WARN  The 'ulimit -s' on the system is set to 'unlimited'. This may have negative performance implications. Please set the stack size to the default value (10240) 
[1467905560.981259] [node067:10777:0]         sys.c:744  MXM  WARN  Conflicting CPU frequencies detected, using: 1796.25
[1467905561.011342] [node067:10777:0]         mxm.c:196  MXM  WARN  The 'ulimit -s' on the system is set to 'unlimited'. This may have negative performance implications. Please set the stack size to the default value (10240) 
[1467905561.026116] [node067:10777:0]         mxm.c:196  MXM  WARN  The 'ulimit -s' on the system is set to 'unlimited'. This may have negative performance implications. Please set the stack size to the default value (10240) 
[1467905560.979555] [node062:5997 :0]         sys.c:744  MXM  WARN  Conflicting CPU frequencies detected, using: 1898.25
[1467905560.999481] [node062:5997 :0]         mxm.c:196  MXM  WARN  The 'ulimit -s' on the system is set to 'unlimited'. This may have negative performance implications. Please set the stack size to the default value (10240) 
UPCR: UPC thread  4 of 64 on node061 (pshm node 0 of 8, process  4 of 64, pid=24199)
UPCR: UPC thread  0 of 64 on node061 (pshm node 0 of 8, process  0 of 64, pid=24195)
UPCR: UPC thread  2 of 64 on node061 (pshm node 0 of 8, process  2 of 64, pid=24197)
UPCR: UPC thread  6 of 64 on node061 (pshm node 0 of 8, process  6 of 64, pid=24201)
UPCR: UPC thread  1 of 64 on node061 (pshm node 0 of 8, process  1 of 64, pid=24196)
UPCR: UPC thread  5 of 64 on node061 (pshm node 0 of 8, process  5 of 64, pid=24200)
UPCR: UPC thread  3 of 64 on node061 (pshm node 0 of 8, process  3 of 64, pid=24198)
UPCR: UPC thread  7 of 64 on node061 (pshm node 0 of 8, process  7 of 64, pid=24204)
UPCR: UPC thread 26 of 64 on node064 (pshm node 3 of 8, process 26 of 64, pid=6004)
UPCR: UPC thread 31 of 64 on node064 (pshm node 3 of 8, process 31 of 64, pid=6012)
UPCR: UPC thread 29 of 64 on node064 (pshm node 3 of 8, process 29 of 64, pid=6008)
UPCR: UPC thread 30 of 64 on node064 (pshm node 3 of 8, process 30 of 64, pid=6010)
UPCR: UPC thread 57 of 64 on node068 (pshm node 7 of 8, process 57 of 64, pid=9167)
UPCR: UPC thread 61 of 64 on node068 (pshm node 7 of 8, process 61 of 64, pid=9171)
UPCR: UPC thread 62 of 64 on node068 (pshm node 7 of 8, process 62 of 64, pid=9173)
UPCR: UPC thread 58 of 64 on node068 (pshm node 7 of 8, process 58 of 64, pid=9168)
UPCR: UPC thread 59 of 64 on node068 (pshm node 7 of 8, process 59 of 64, pid=9169)
UPCR: UPC thread 56 of 64 on node068 (pshm node 7 of 8, process 56 of 64, pid=9166)
UPCR: UPC thread 60 of 64 on node068 (pshm node 7 of 8, process 60 of 64, pid=9170)
UPCR: UPC thread 63 of 64 on node068 (pshm node 7 of 8, process 63 of 64, pid=9175)
UPCR: UPC thread 27 of 64 on node064 (pshm node 3 of 8, process 27 of 64, pid=6005)
UPCR: UPC thread 25 of 64 on node064 (pshm node 3 of 8, process 25 of 64, pid=6003)
UPCR: UPC thread 24 of 64 on node064 (pshm node 3 of 8, process 24 of 64, pid=6002)
UPCR: UPC thread 28 of 64 on node064 (pshm node 3 of 8, process 28 of 64, pid=6006)
UPCR: UPC thread 11 of 64 on node062 (pshm node 1 of 8, process 11 of 64, pid=6042)
UPCR: UPC thread 15 of 64 on node062 (pshm node 1 of 8, process 15 of 64, pid=6048)
UPCR: UPC thread  8 of 64 on node062 (pshm node 1 of 8, process  8 of 64, pid=6039)
UPCR: UPC thread 12 of 64 on node062 (pshm node 1 of 8, process 12 of 64, pid=6043)
UPCR: UPC thread 13 of 64 on node062 (pshm node 1 of 8, process 13 of 64, pid=6044)
UPCR: UPC thread 14 of 64 on node062 (pshm node 1 of 8, process 14 of 64, pid=6047)
UPCR: UPC thread  9 of 64 on node062 (pshm node 1 of 8, process  9 of 64, pid=6040)
UPCR: UPC thread 10 of 64 on node062 (pshm node 1 of 8, process 10 of 64, pid=6041)
UPCR: UPC thread 22 of 64 on node063 (pshm node 2 of 8, process 22 of 64, pid=7338)
UPCR: UPC thread 18 of 64 on node063 (pshm node 2 of 8, process 18 of 64, pid=7333)
UPCR: UPC thread 20 of 64 on node063 (pshm node 2 of 8, process 20 of 64, pid=7335)
UPCR: UPC thread 21 of 64 on node063 (pshm node 2 of 8, process 21 of 64, pid=7336)
UPCR: UPC thread 17 of 64 on node063 (pshm node 2 of 8, process 17 of 64, pid=7332)
UPCR: UPC thread 16 of 64 on node063 (pshm node 2 of 8, process 16 of 64, pid=7331)
UPCR: UPC thread 23 of 64 on node063 (pshm node 2 of 8, process 23 of 64, pid=7340)
UPCR: UPC thread 19 of 64 on node063 (pshm node 2 of 8, process 19 of 64, pid=7334)
UPCR: UPC thread 54 of 64 on node067 (pshm node 6 of 8, process 54 of 64, pid=10826)
UPCR: UPC thread 51 of 64 on node067 (pshm node 6 of 8, process 51 of 64, pid=10822)
UPCR: UPC thread 52 of 64 on node067 (pshm node 6 of 8, process 52 of 64, pid=10823)
UPCR: UPC thread 49 of 64 on node067 (pshm node 6 of 8, process 49 of 64, pid=10820)
UPCR: UPC thread 48 of 64 on node067 (pshm node 6 of 8, process 48 of 64, pid=10819)
UPCR: UPC thread 53 of 64 on node067 (pshm node 6 of 8, process 53 of 64, pid=10825)
UPCR: UPC thread 50 of 64 on node067 (pshm node 6 of 8, process 50 of 64, pid=10821)
UPCR: UPC thread 55 of 64 on node067 (pshm node 6 of 8, process 55 of 64, pid=10829)
UPCR: UPC thread 42 of 64 on node066 (pshm node 5 of 8, process 42 of 64, pid=8283)
UPCR: UPC thread 43 of 64 on node066 (pshm node 5 of 8, process 43 of 64, pid=8284)
UPCR: UPC thread 44 of 64 on node066 (pshm node 5 of 8, process 44 of 64, pid=8285)
UPCR: UPC thread 40 of 64 on node066 (pshm node 5 of 8, process 40 of 64, pid=8281)
UPCR: UPC thread 46 of 64 on node066 (pshm node 5 of 8, process 46 of 64, pid=8290)
UPCR: UPC thread 47 of 64 on node066 (pshm node 5 of 8, process 47 of 64, pid=8291)
UPCR: UPC thread 41 of 64 on node066 (pshm node 5 of 8, process 41 of 64, pid=8282)
UPCR: UPC thread 45 of 64 on node066 (pshm node 5 of 8, process 45 of 64, pid=8287)
UPCR: UPC thread 34 of 64 on node065 (pshm node 4 of 8, process 34 of 64, pid=8058)
UPCR: UPC thread 35 of 64 on node065 (pshm node 4 of 8, process 35 of 64, pid=8059)
UPCR: UPC thread 39 of 64 on node065 (pshm node 4 of 8, process 39 of 64, pid=8066)
UPCR: UPC thread 32 of 64 on node065 (pshm node 4 of 8, process 32 of 64, pid=8056)
UPCR: UPC thread 37 of 64 on node065 (pshm node 4 of 8, process 37 of 64, pid=8061)
UPCR: UPC thread 36 of 64 on node065 (pshm node 4 of 8, process 36 of 64, pid=8060)
UPCR: UPC thread 38 of 64 on node065 (pshm node 4 of 8, process 38 of 64, pid=8063)
UPCR: UPC thread 33 of 64 on node065 (pshm node 4 of 8, process 33 of 64, pid=8057)
using a cache granularity of 8
using linear probing in the BDD table
using a memoization table of 2^23 = 8388608 entries (~320 MB) per thread
using a BDD table of 2^24 = 16777216 entries (~384 MB) per thread
Initializing /home/oortwijn/distdd/models/beem/exit.3.bdd!
vector size: 28
bits per integer: 4
number of BDD variables: 112
Loading initial states: 
Initial states loaded... 
Loading transition relations... 
28 integers per state, 4 bits per integer, 47 transition groups
BDD nodes:
Initial states: 112 BDD nodes
Transition 0: 52 BDD nodes
Transition 1: 0 BDD nodes
Transition 2: 0 BDD nodes
Transition 3: 87 BDD nodes
Transition 4: 87 BDD nodes
Transition 5: 70 BDD nodes
Transition 6: 70 BDD nodes
Transition 7: 121 BDD nodes
Transition 8: 116 BDD nodes
Transition 9: 0 BDD nodes
Transition 10: 0 BDD nodes
Transition 11: 74 BDD nodes
Transition 12: 74 BDD nodes
Transition 13: 79 BDD nodes
Transition 14: 76 BDD nodes
Transition 15: 64 BDD nodes
Transition 16: 64 BDD nodes
Transition 17: 61 BDD nodes
Transition 18: 87 BDD nodes
Transition 19: 64 BDD nodes
Transition 20: 64 BDD nodes
Transition 21: 70 BDD nodes
Transition 22: 85 BDD nodes
Transition 23: 85 BDD nodes
Transition 24: 107 BDD nodes
Transition 25: 112 BDD nodes
Transition 26: 70 BDD nodes
Transition 27: 45 BDD nodes
Transition 28: 0 BDD nodes
Transition 29: 45 BDD nodes
Transition 30: 0 BDD nodes
Transition 31: 0 BDD nodes
Transition 32: 0 BDD nodes
Transition 33: 55 BDD nodes
Transition 34: 70 BDD nodes
Transition 35: 85 BDD nodes
Transition 36: 85 BDD nodes
Transition 37: 110 BDD nodes
Transition 38: 115 BDD nodes
Transition 39: 82 BDD nodes
Transition 40: 45 BDD nodes
Transition 41: 0 BDD nodes
Transition 42: 45 BDD nodes
Transition 43: 0 BDD nodes
Transition 44: 0 BDD nodes
Transition 45: 0 BDD nodes
Transition 46: 55 BDD nodes
Level 1... done.
Level 2... done.
Level 3... done.
Level 4... done.
Level 5... done.
Level 6... done.
Level 7... done.
Level 8... done.
Level 9... done.
Level 10... done.
Level 11... done.
Level 12... done.
Level 13... done.
Level 14... done.
Level 15... done.
Level 16... done.
Level 17... done.
Level 18... done.
Level 19... done.
Level 20... done.
Level 21... done.
Level 22... done.
Level 23... done.
Level 24... done.
Level 25... done.
Level 26... done.
Level 27... done.
Level 28... done.
Level 29... done.
Level 30... done.
Level 31... done.
Level 32... done.
Level 33... done.
PAR Time: 2.985687
Final states: 2356294 states
Final states: 33243 BDD nodes
[1467905560.968591] [node064:5960 :0]         sys.c:744  MXM  WARN  Conflicting CPU frequencies detected, using: 1996.97
[1467905560.984998] [node065:8014 :0]         sys.c:744  MXM  WARN  Conflicting CPU frequencies detected, using: 1913.53
[1467905560.616789] [node061:24187:0]         sys.c:744  MXM  WARN  Conflicting CPU frequencies detected, using: 1598.53
[1467905560.972897] [node068:9124 :0]         sys.c:744  MXM  WARN  Conflicting CPU frequencies detected, using: 1599.94
[1467905560.981259] [node067:10777:0]         sys.c:744  MXM  WARN  Conflicting CPU frequencies detected, using: 1796.25
[1467905560.979555] [node062:5997 :0]         sys.c:744  MXM  WARN  Conflicting CPU frequencies detected, using: 1898.25
[1467905560.984340] [node066:8239 :0]         sys.c:744  MXM  WARN  Conflicting CPU frequencies detected, using: 1897.97
[1467905560.978208] [node063:7289 :0]         sys.c:744  MXM  WARN  Conflicting CPU frequencies detected, using: 1892.34
[1467905560.597851] [node061:24143:0]         sys.c:744  MXM  WARN  Conflicting CPU frequencies detected, using: 1758.38
