performing reachability, flags: -n 2 -N 1 -shared-heap 8GB --tablesize=26 --cachesize=25 --quadratic-probing--chunk-size=8 
This is upcrun, job spawner for the Berkeley UPC compiler (http://upc.lbl.gov).
upcrun version 2.22.2
Network conduits supported by this installation: smp mxm ibv
[1469340457.753327] [node056:31954:0]         sys.c:744  MXM  WARN  Conflicting CPU frequencies detected, using: 2516.34
[1469340457.765235] [node056:31954:0]         mxm.c:196  MXM  WARN  The 'ulimit -s' on the system is set to 'unlimited'. This may have negative performance implications. Please set the stack size to the default value (10240) 
[1469340457.753327] [node056:31954:0]         sys.c:744  MXM  WARN  Conflicting CPU frequencies detected, using: 2516.34
[1469340457.764480] [node056:31954:0]         mxm.c:196  MXM  WARN  The 'ulimit -s' on the system is set to 'unlimited'. This may have negative performance implications. Please set the stack size to the default value (10240) 
UPCR: UPC thread 0 of 2 on node056 (pshm node 0 of 1, process 0 of 2, pid=31955)
UPCR: UPC thread 1 of 2 on node056 (pshm node 0 of 1, process 1 of 2, pid=31956)
using a cache granularity of 8
using linear probing in the BDD table
using a memoization table of 2^25 = 33554432 entries (~1280 MB) per thread
using a BDD table of 2^26 = 67108864 entries (~1536 MB) per thread
Initializing /home/oortwijn/distdd/models/beem/exit.4.bdd!
vector size: 28
bits per integer: 5
number of BDD variables: 140
Loading initial states: 
Initial states loaded... 
Loading transition relations... 
28 integers per state, 5 bits per integer, 47 transition groups
BDD nodes:
Initial states: 140 BDD nodes
Transition 0: 59 BDD nodes
Transition 1: 117 BDD nodes
Transition 2: 117 BDD nodes
Transition 3: 146 BDD nodes
Transition 4: 146 BDD nodes
Transition 5: 102 BDD nodes
Transition 6: 102 BDD nodes
Transition 7: 192 BDD nodes
Transition 8: 187 BDD nodes
Transition 9: 112 BDD nodes
Transition 10: 112 BDD nodes
Transition 11: 86 BDD nodes
Transition 12: 86 BDD nodes
Transition 13: 93 BDD nodes
Transition 14: 90 BDD nodes
Transition 15: 74 BDD nodes
Transition 16: 74 BDD nodes
Transition 17: 71 BDD nodes
Transition 18: 103 BDD nodes
Transition 19: 74 BDD nodes
Transition 20: 74 BDD nodes
Transition 21: 127 BDD nodes
Transition 22: 144 BDD nodes
Transition 23: 144 BDD nodes
Transition 24: 167 BDD nodes
Transition 25: 174 BDD nodes
Transition 26: 82 BDD nodes
Transition 27: 55 BDD nodes
Transition 28: 51 BDD nodes
Transition 29: 55 BDD nodes
Transition 30: 51 BDD nodes
Transition 31: 48 BDD nodes
Transition 32: 56 BDD nodes
Transition 33: 63 BDD nodes
Transition 34: 127 BDD nodes
Transition 35: 144 BDD nodes
Transition 36: 144 BDD nodes
Transition 37: 172 BDD nodes
Transition 38: 179 BDD nodes
Transition 39: 96 BDD nodes
Transition 40: 55 BDD nodes
Transition 41: 51 BDD nodes
Transition 42: 55 BDD nodes
Transition 43: 51 BDD nodes
Transition 44: 48 BDD nodes
Transition 45: 56 BDD nodes
Transition 46: 63 BDD nodes
Level 1... done.
Level 2... done.
Level 3... done.
Level 4... done.
Level 5... done.
Level 6... done.
Level 7... done.
Level 8... done.
Level 9... done.
Level 10... done.
Level 11... done.
Level 12... done.
Level 13... done.
Level 14... done.
Level 15... done.
Level 16... done.
Level 17... done.
Level 18... done.
Level 19... done.
Level 20... done.
Level 21... done.
Level 22... done.
Level 23... done.
Level 24... done.
Level 25... done.
Level 26... done.
Level 27... done.
Level 28... done.
Level 29... done.
Level 30... done.
Level 31... done.
Level 32... done.
Level 33... done.
Level 34... done.
Level 35... done.
Level 36... done.
Level 37... done.
Level 38... done.
Level 39... done.
Level 40... done.
Level 41... done.
Level 42... done.
Level 43... 1/2 - error: hash table full, load-factor~0.918056, chunk-size=8, attempts=512, inserted=61609690.000000
[1469340457.753327] [node056:31954:0]         sys.c:744  MXM  WARN  Conflicting CPU frequencies detected, using: 2516.34
[1469340457.734823] [node056:31910:0]         sys.c:744  MXM  WARN  Conflicting CPU frequencies detected, using: 2516.34
