performing reachability, flags: -n 32 -N 32 -shared-heap 16GB --tablesize=27 --cachesize=26  
This is upcrun, job spawner for the Berkeley UPC compiler (http://upc.lbl.gov).
upcrun version 2.22.2
Network conduits supported by this installation: smp mxm ibv
[1468039797.839624] [node009:29958:0]         sys.c:744  MXM  WARN  Conflicting CPU frequencies detected, using: 2189.62
[1468039797.849648] [node009:29958:0]         mxm.c:196  MXM  WARN  The 'ulimit -s' on the system is set to 'unlimited'. This may have negative performance implications. Please set the stack size to the default value (10240) 
[1468039798.187819] [node061:32530:0]         sys.c:744  MXM  WARN  Conflicting CPU frequencies detected, using: 2350.41
[1468039798.193522] [node061:32530:0]         mxm.c:196  MXM  WARN  The 'ulimit -s' on the system is set to 'unlimited'. This may have negative performance implications. Please set the stack size to the default value (10240) 
[1468039798.192089] [node010:3843 :0]         sys.c:744  MXM  WARN  Conflicting CPU frequencies detected, using: 1574.53
[1468039798.198152] [node010:3843 :0]         mxm.c:196  MXM  WARN  The 'ulimit -s' on the system is set to 'unlimited'. This may have negative performance implications. Please set the stack size to the default value (10240) 
[1468039798.198908] [node021:16589:0]         sys.c:744  MXM  WARN  Conflicting CPU frequencies detected, using: 1707.19
[1468039798.204871] [node021:16589:0]         mxm.c:196  MXM  WARN  The 'ulimit -s' on the system is set to 'unlimited'. This may have negative performance implications. Please set the stack size to the default value (10240) 
[1468039798.197697] [node016:2565 :0]         sys.c:744  MXM  WARN  Conflicting CPU frequencies detected, using: 1487.81
[1468039798.203779] [node016:2565 :0]         mxm.c:196  MXM  WARN  The 'ulimit -s' on the system is set to 'unlimited'. This may have negative performance implications. Please set the stack size to the default value (10240) 
[1468039798.202370] [node059:24931:0]         sys.c:744  MXM  WARN  Conflicting CPU frequencies detected, using: 2280.75
[1468039798.208548] [node059:24931:0]         mxm.c:196  MXM  WARN  The 'ulimit -s' on the system is set to 'unlimited'. This may have negative performance implications. Please set the stack size to the default value (10240) 
[1468039798.202404] [node019:17005:0]         sys.c:744  MXM  WARN  Conflicting CPU frequencies detected, using: 2053.50
[1468039798.208516] [node019:17005:0]         mxm.c:196  MXM  WARN  The 'ulimit -s' on the system is set to 'unlimited'. This may have negative performance implications. Please set the stack size to the default value (10240) 
[1468039798.207399] [node065:6984 :0]         sys.c:744  MXM  WARN  Conflicting CPU frequencies detected, using: 1588.59
[1468039798.213500] [node065:6984 :0]         mxm.c:196  MXM  WARN  The 'ulimit -s' on the system is set to 'unlimited'. This may have negative performance implications. Please set the stack size to the default value (10240) 
[1468039798.209843] [node029:16806:0]         sys.c:744  MXM  WARN  Conflicting CPU frequencies detected, using: 1399.59
[1468039798.215442] [node029:16806:0]         mxm.c:196  MXM  WARN  The 'ulimit -s' on the system is set to 'unlimited'. This may have negative performance implications. Please set the stack size to the default value (10240) 
[1468039798.208376] [node063:10556:0]         sys.c:744  MXM  WARN  Conflicting CPU frequencies detected, using: 1485.56
[1468039798.214535] [node063:10556:0]         mxm.c:196  MXM  WARN  The 'ulimit -s' on the system is set to 'unlimited'. This may have negative performance implications. Please set the stack size to the default value (10240) 
[1468039798.208953] [node058:21689:0]         sys.c:744  MXM  WARN  Conflicting CPU frequencies detected, using: 1784.16
[1468039798.215070] [node058:21689:0]         mxm.c:196  MXM  WARN  The 'ulimit -s' on the system is set to 'unlimited'. This may have negative performance implications. Please set the stack size to the default value (10240) 
[1468039798.214542] [node014:16881:0]         sys.c:744  MXM  WARN  Conflicting CPU frequencies detected, using: 1904.53
[1468039798.220578] [node014:16881:0]         mxm.c:196  MXM  WARN  The 'ulimit -s' on the system is set to 'unlimited'. This may have negative performance implications. Please set the stack size to the default value (10240) 
[1468039798.212862] [node057:22677:0]         sys.c:744  MXM  WARN  Conflicting CPU frequencies detected, using: 1717.59
[1468039798.218763] [node057:22677:0]         mxm.c:196  MXM  WARN  The 'ulimit -s' on the system is set to 'unlimited'. This may have negative performance implications. Please set the stack size to the default value (10240) 
[1468039798.208695] [node022:15377:0]         sys.c:744  MXM  WARN  Conflicting CPU frequencies detected, using: 1880.44
[1468039798.217640] [node022:15377:0]         mxm.c:196  MXM  WARN  The 'ulimit -s' on the system is set to 'unlimited'. This may have negative performance implications. Please set the stack size to the default value (10240) 
[1468039798.213490] [node017:30495:0]         sys.c:744  MXM  WARN  Conflicting CPU frequencies detected, using: 1996.22
[1468039798.222457] [node017:30495:0]         mxm.c:196  MXM  WARN  The 'ulimit -s' on the system is set to 'unlimited'. This may have negative performance implications. Please set the stack size to the default value (10240) 
[1468039798.193427] [node012:7908 :0]         sys.c:744  MXM  WARN  Conflicting CPU frequencies detected, using: 1984.41
[1468039798.201732] [node012:7908 :0]         mxm.c:196  MXM  WARN  The 'ulimit -s' on the system is set to 'unlimited'. This may have negative performance implications. Please set the stack size to the default value (10240) 
[1468039798.206784] [node011:18090:0]         sys.c:744  MXM  WARN  Conflicting CPU frequencies detected, using: 2654.16
[1468039798.215783] [node011:18090:0]         mxm.c:196  MXM  WARN  The 'ulimit -s' on the system is set to 'unlimited'. This may have negative performance implications. Please set the stack size to the default value (10240) 
[1468039798.203264] [node020:3752 :0]         sys.c:744  MXM  WARN  Conflicting CPU frequencies detected, using: 1914.38
[1468039798.212223] [node020:3752 :0]         mxm.c:196  MXM  WARN  The 'ulimit -s' on the system is set to 'unlimited'. This may have negative performance implications. Please set the stack size to the default value (10240) 
[1468039798.193826] [node056:26056:0]         sys.c:744  MXM  WARN  Conflicting CPU frequencies detected, using: 1588.88
[1468039798.202134] [node056:26056:0]         mxm.c:196  MXM  WARN  The 'ulimit -s' on the system is set to 'unlimited'. This may have negative performance implications. Please set the stack size to the default value (10240) 
[1468039798.199669] [node013:27149:0]         sys.c:744  MXM  WARN  Conflicting CPU frequencies detected, using: 2765.44
[1468039798.208329] [node013:27149:0]         mxm.c:196  MXM  WARN  The 'ulimit -s' on the system is set to 'unlimited'. This may have negative performance implications. Please set the stack size to the default value (10240) 
[1468039798.213286] [node015:9530 :0]         sys.c:744  MXM  WARN  Conflicting CPU frequencies detected, using: 1890.94
[1468039798.222205] [node015:9530 :0]         mxm.c:196  MXM  WARN  The 'ulimit -s' on the system is set to 'unlimited'. This may have negative performance implications. Please set the stack size to the default value (10240) 
[1468039798.197635] [node023:23604:0]         sys.c:744  MXM  WARN  Conflicting CPU frequencies detected, using: 2842.41
[1468039798.206319] [node023:23604:0]         mxm.c:196  MXM  WARN  The 'ulimit -s' on the system is set to 'unlimited'. This may have negative performance implications. Please set the stack size to the default value (10240) 
[1468039798.196982] [node053:8193 :0]         sys.c:744  MXM  WARN  Conflicting CPU frequencies detected, using: 2599.97
[1468039798.203124] [node053:8193 :0]         mxm.c:196  MXM  WARN  The 'ulimit -s' on the system is set to 'unlimited'. This may have negative performance implications. Please set the stack size to the default value (10240) 
[1468039798.203295] [node066:9400 :0]         sys.c:744  MXM  WARN  Conflicting CPU frequencies detected, using: 1702.41
[1468039798.212133] [node066:9400 :0]         mxm.c:196  MXM  WARN  The 'ulimit -s' on the system is set to 'unlimited'. This may have negative performance implications. Please set the stack size to the default value (10240) 
[1468039798.195510] [node018:20596:0]         sys.c:744  MXM  WARN  Conflicting CPU frequencies detected, using: 2656.50
[1468039798.204114] [node018:20596:0]         mxm.c:196  MXM  WARN  The 'ulimit -s' on the system is set to 'unlimited'. This may have negative performance implications. Please set the stack size to the default value (10240) 
[1468039798.197967] [node054:1887 :0]         sys.c:744  MXM  WARN  Conflicting CPU frequencies detected, using: 1560.56
[1468039798.206455] [node054:1887 :0]         mxm.c:196  MXM  WARN  The 'ulimit -s' on the system is set to 'unlimited'. This may have negative performance implications. Please set the stack size to the default value (10240) 
[1468039798.205755] [node060:27196:0]         sys.c:744  MXM  WARN  Conflicting CPU frequencies detected, using: 2600.53
[1468039798.211850] [node060:27196:0]         mxm.c:196  MXM  WARN  The 'ulimit -s' on the system is set to 'unlimited'. This may have negative performance implications. Please set the stack size to the default value (10240) 
[1468039798.202809] [node062:3710 :0]         sys.c:744  MXM  WARN  Conflicting CPU frequencies detected, using: 2098.31
[1468039798.211684] [node062:3710 :0]         mxm.c:196  MXM  WARN  The 'ulimit -s' on the system is set to 'unlimited'. This may have negative performance implications. Please set the stack size to the default value (10240) 
[1468039798.212095] [node067:12301:0]         sys.c:744  MXM  WARN  Conflicting CPU frequencies detected, using: 1497.94
[1468039798.220803] [node067:12301:0]         mxm.c:196  MXM  WARN  The 'ulimit -s' on the system is set to 'unlimited'. This may have negative performance implications. Please set the stack size to the default value (10240) 
[1468039798.208468] [node064:15779:0]         sys.c:744  MXM  WARN  Conflicting CPU frequencies detected, using: 1686.66
[1468039798.216738] [node064:15779:0]         mxm.c:196  MXM  WARN  The 'ulimit -s' on the system is set to 'unlimited'. This may have negative performance implications. Please set the stack size to the default value (10240) 
[1468039798.203885] [node055:28260:0]         sys.c:744  MXM  WARN  Conflicting CPU frequencies detected, using: 1999.22
[1468039798.212707] [node055:28260:0]         mxm.c:196  MXM  WARN  The 'ulimit -s' on the system is set to 'unlimited'. This may have negative performance implications. Please set the stack size to the default value (10240) 
[1468039798.215427] [node068:10273:0]         sys.c:744  MXM  WARN  Conflicting CPU frequencies detected, using: 1693.31
[1468039798.224252] [node068:10273:0]         mxm.c:196  MXM  WARN  The 'ulimit -s' on the system is set to 'unlimited'. This may have negative performance implications. Please set the stack size to the default value (10240) 
UPCR: UPC thread  0 of 32 on node009 (pshm node  0 of 32, process  0 of 32, pid=29990)
UPCR: UPC thread 14 of 32 on node023 (pshm node 14 of 32, process 14 of 32, pid=23646)
UPCR: UPC thread 19 of 32 on node056 (pshm node 19 of 32, process 19 of 32, pid=26098)
UPCR: UPC thread  2 of 32 on node011 (pshm node  2 of 32, process  2 of 32, pid=18132)
UPCR: UPC thread  3 of 32 on node012 (pshm node  3 of 32, process  3 of 32, pid=7950)
UPCR: UPC thread 15 of 32 on node029 (pshm node 15 of 32, process 15 of 32, pid=16848)
UPCR: UPC thread  7 of 32 on node016 (pshm node  7 of 32, process  7 of 32, pid=2607)
UPCR: UPC thread 23 of 32 on node060 (pshm node 23 of 32, process 23 of 32, pid=27238)
UPCR: UPC thread  4 of 32 on node013 (pshm node  4 of 32, process  4 of 32, pid=27191)
UPCR: UPC thread 30 of 32 on node067 (pshm node 30 of 32, process 30 of 32, pid=12344)
UPCR: UPC thread 17 of 32 on node054 (pshm node 17 of 32, process 17 of 32, pid=1935)
UPCR: UPC thread 13 of 32 on node022 (pshm node 13 of 32, process 13 of 32, pid=15419)
UPCR: UPC thread 12 of 32 on node021 (pshm node 12 of 32, process 12 of 32, pid=16631)
UPCR: UPC thread  6 of 32 on node015 (pshm node  6 of 32, process  6 of 32, pid=9572)
UPCR: UPC thread 25 of 32 on node062 (pshm node 25 of 32, process 25 of 32, pid=3752)
UPCR: UPC thread 29 of 32 on node066 (pshm node 29 of 32, process 29 of 32, pid=9442)
UPCR: UPC thread 21 of 32 on node058 (pshm node 21 of 32, process 21 of 32, pid=21731)
UPCR: UPC thread 26 of 32 on node063 (pshm node 26 of 32, process 26 of 32, pid=10598)
UPCR: UPC thread  5 of 32 on node014 (pshm node  5 of 32, process  5 of 32, pid=16926)
UPCR: UPC thread  1 of 32 on node010 (pshm node  1 of 32, process  1 of 32, pid=3885)
UPCR: UPC thread 31 of 32 on node068 (pshm node 31 of 32, process 31 of 32, pid=10315)
UPCR: UPC thread  9 of 32 on node018 (pshm node  9 of 32, process  9 of 32, pid=20638)
UPCR: UPC thread 24 of 32 on node061 (pshm node 24 of 32, process 24 of 32, pid=32572)
UPCR: UPC thread 28 of 32 on node065 (pshm node 28 of 32, process 28 of 32, pid=7026)
UPCR: UPC thread 27 of 32 on node064 (pshm node 27 of 32, process 27 of 32, pid=15821)
UPCR: UPC thread 11 of 32 on node020 (pshm node 11 of 32, process 11 of 32, pid=3794)
UPCR: UPC thread  8 of 32 on node017 (pshm node  8 of 32, process  8 of 32, pid=30537)
UPCR: UPC thread 16 of 32 on node053 (pshm node 16 of 32, process 16 of 32, pid=8235)
UPCR: UPC thread 18 of 32 on node055 (pshm node 18 of 32, process 18 of 32, pid=28303)
UPCR: UPC thread 20 of 32 on node057 (pshm node 20 of 32, process 20 of 32, pid=22719)
UPCR: UPC thread 10 of 32 on node019 (pshm node 10 of 32, process 10 of 32, pid=17047)
UPCR: UPC thread 22 of 32 on node059 (pshm node 22 of 32, process 22 of 32, pid=24973)
using a cache granularity of 8
using linear probing in the BDD table
using a memoization table of 2^26 = 67108864 entries (~2560 MB) per thread
using a BDD table of 2^27 = 134217728 entries (~3072 MB) per thread
Initializing /home/oortwijn/distdd/models/beem/extinction.4.bdd!
vector size: 49
bits per integer: 8
number of BDD variables: 392
Loading initial states: 
Initial states loaded... 
Loading transition relations... 
49 integers per state, 8 bits per integer, 92 transition groups
BDD nodes:
Initial states: 392 BDD nodes
Transition 0: 77 BDD nodes
Transition 1: 0 BDD nodes
Transition 2: 85 BDD nodes
Transition 3: 719 BDD nodes
Transition 4: 164 BDD nodes
Transition 5: 0 BDD nodes
Transition 6: 238 BDD nodes
Transition 7: 0 BDD nodes
Transition 8: 270 BDD nodes
Transition 9: 180 BDD nodes
Transition 10: 56 BDD nodes
Transition 11: 56 BDD nodes
Transition 12: 0 BDD nodes
Transition 13: 0 BDD nodes
Transition 14: 0 BDD nodes
Transition 15: 80 BDD nodes
Transition 16: 0 BDD nodes
Transition 17: 76 BDD nodes
Transition 18: 0 BDD nodes
Transition 19: 48 BDD nodes
Transition 20: 53 BDD nodes
Transition 21: 61 BDD nodes
Transition 22: 97 BDD nodes
Transition 23: 88 BDD nodes
Transition 24: 95 BDD nodes
Transition 25: 145 BDD nodes
Transition 26: 161 BDD nodes
Transition 27: 161 BDD nodes
Transition 28: 0 BDD nodes
Transition 29: 238 BDD nodes
Transition 30: 162 BDD nodes
Transition 31: 145 BDD nodes
Transition 32: 0 BDD nodes
Transition 33: 0 BDD nodes
Transition 34: 733 BDD nodes
Transition 35: 177 BDD nodes
Transition 36: 177 BDD nodes
Transition 37: 161 BDD nodes
Transition 38: 0 BDD nodes
Transition 39: 56 BDD nodes
Transition 40: 108 BDD nodes
Transition 41: 0 BDD nodes
Transition 42: 0 BDD nodes
Transition 43: 0 BDD nodes
Transition 44: 0 BDD nodes
Transition 45: 48 BDD nodes
Transition 46: 52 BDD nodes
Transition 47: 64 BDD nodes
Transition 48: 89 BDD nodes
Transition 49: 51 BDD nodes
Transition 50: 79 BDD nodes
Transition 51: 145 BDD nodes
Transition 52: 162 BDD nodes
Transition 53: 238 BDD nodes
Transition 54: 0 BDD nodes
Transition 55: 0 BDD nodes
Transition 56: 770 BDD nodes
Transition 57: 0 BDD nodes
Transition 58: 331 BDD nodes
Transition 59: 177 BDD nodes
Transition 60: 161 BDD nodes
Transition 61: 0 BDD nodes
Transition 62: 0 BDD nodes
Transition 63: 0 BDD nodes
Transition 64: 111 BDD nodes
Transition 65: 121 BDD nodes
Transition 66: 178 BDD nodes
Transition 67: 266 BDD nodes
Transition 68: 112 BDD nodes
Transition 69: 0 BDD nodes
Transition 70: 56 BDD nodes
Transition 71: 122 BDD nodes
Transition 72: 0 BDD nodes
Transition 73: 64 BDD nodes
Transition 74: 86 BDD nodes
Transition 75: 51 BDD nodes
Transition 76: 117 BDD nodes
Transition 77: 51 BDD nodes
Transition 78: 52 BDD nodes
Transition 79: 300 BDD nodes
Transition 80: 0 BDD nodes
Transition 81: 72 BDD nodes
Transition 82: 136 BDD nodes
Transition 83: 0 BDD nodes
Transition 84: 56 BDD nodes
Transition 85: 0 BDD nodes
Transition 86: 0 BDD nodes
Transition 87: 0 BDD nodes
Transition 88: 64 BDD nodes
Transition 89: 70 BDD nodes
Transition 90: 0 BDD nodes
Transition 91: 52 BDD nodes
Level 1... done.
Level 2... done.
Level 3... done.
Level 4... done.
Level 5... done.
Level 6... done.
Level 7... done.
Level 8... done.
Level 9... done.
Level 10... done.
Level 11... done.
Level 12... done.
Level 13... done.
Level 14... done.
Level 15... done.
Level 16... done.
Level 17... done.
Level 18... done.
Level 19... done.
Level 20... done.
Level 21... done.
Level 22... done.
Level 23... done.
Level 24... done.
Level 25... done.
Level 26... done.
Level 27... done.
Level 28... done.
Level 29... done.
Level 30... done.
Level 31... done.
Level 32... done.
Level 33... done.
Level 34... done.
Level 35... done.
Level 36... done.
Level 37... done.
Level 38... done.
Level 39... done.
Level 40... done.
Level 41... done.
Level 42... done.
Level 43... done.
Level 44... done.
Level 45... done.
Level 46... done.
Level 47... done.
Level 48... done.
Level 49... done.
Level 50... done.
Level 51... done.
Level 52... done.
Level 53... done.
Level 54... done.
Level 55... done.
Level 56... done.
Level 57... done.
Level 58... done.
Level 59... done.
Level 60... done.
Level 61... done.
Level 62... done.
Level 63... done.
Level 64... done.
Level 65... done.
Level 66... done.
Level 67... done.
Level 68... done.
Level 69... done.
Level 70... done.
Level 71... done.
Level 72... done.
Level 73... done.
Level 74... done.
Level 75... done.
Level 76... done.
Level 77... done.
Level 78... done.
Level 79... done.
Level 80... done.
Level 81... done.
Level 82... done.
Level 83... done.
Level 84... done.
Level 85... done.
Level 86... done.
Level 87... done.
Level 88... done.
Level 89... done.
Level 90... done.
Level 91... done.
Level 92... done.
Level 93... done.
Level 94... done.
Level 95... done.
Level 96... done.
Level 97... done.
Level 98... done.
Level 99... done.
Level 100... done.
Level 101... done.
Level 102... done.
Level 103... done.
Level 104... done.
Level 105... done.
Level 106... done.
Level 107... done.
Level 108... done.
Level 109... done.
Level 110... done.
Level 111... done.
Level 112... done.
Level 113... done.
Level 114... done.
Level 115... done.
Level 116... done.
Level 117... done.
Level 118... done.
Level 119... done.
Level 120... done.
Level 121... done.
Level 122... done.
Level 123... done.
Level 124... done.
Level 125... done.
Level 126... done.
Level 127... done.
Level 128... done.
Level 129... done.
Level 130... done.
Level 131... done.
Level 132... done.
Level 133... done.
Level 134... done.
Level 135... done.
Level 136... done.
Level 137... done.
Level 138... done.
Level 139... done.
Level 140... done.
Level 141... done.
Level 142... done.
Level 143... done.
PAR Time: 18.760193
Final states: 2001372 states
Final states: 39489 BDD nodes
[1468039798.209843] [node029:16806:0]         sys.c:744  MXM  WARN  Conflicting CPU frequencies detected, using: 1399.59
[1468039798.187819] [node061:32530:0]         sys.c:744  MXM  WARN  Conflicting CPU frequencies detected, using: 2350.41
[1468039797.839624] [node009:29958:0]         sys.c:744  MXM  WARN  Conflicting CPU frequencies detected, using: 2189.62
[1468039798.197967] [node054:1887 :0]         sys.c:744  MXM  WARN  Conflicting CPU frequencies detected, using: 1560.56
[1468039798.213490] [node017:30495:0]         sys.c:744  MXM  WARN  Conflicting CPU frequencies detected, using: 1996.22
[1468039798.196982] [node053:8193 :0]         sys.c:744  MXM  WARN  Conflicting CPU frequencies detected, using: 2599.97
[1468039798.208376] [node063:10556:0]         sys.c:744  MXM  WARN  Conflicting CPU frequencies detected, using: 1485.56
[1468039798.212862] [node057:22677:0]         sys.c:744  MXM  WARN  Conflicting CPU frequencies detected, using: 1717.59
[1468039798.202809] [node062:3710 :0]         sys.c:744  MXM  WARN  Conflicting CPU frequencies detected, using: 2098.31
[1468039798.193826] [node056:26056:0]         sys.c:744  MXM  WARN  Conflicting CPU frequencies detected, using: 1588.88
[1468039798.212095] [node067:12301:0]         sys.c:744  MXM  WARN  Conflicting CPU frequencies detected, using: 1497.94
[1468039798.214542] [node014:16881:0]         sys.c:744  MXM  WARN  Conflicting CPU frequencies detected, using: 1904.53
[1468039798.203885] [node055:28260:0]         sys.c:744  MXM  WARN  Conflicting CPU frequencies detected, using: 1999.22
[1468039798.208953] [node058:21689:0]         sys.c:744  MXM  WARN  Conflicting CPU frequencies detected, using: 1784.16
[1468039798.208468] [node064:15779:0]         sys.c:744  MXM  WARN  Conflicting CPU frequencies detected, using: 1686.66
[1468039798.213286] [node015:9530 :0]         sys.c:744  MXM  WARN  Conflicting CPU frequencies detected, using: 1890.94
[1468039798.203264] [node020:3752 :0]         sys.c:744  MXM  WARN  Conflicting CPU frequencies detected, using: 1914.38
[1468039798.202404] [node019:17005:0]         sys.c:744  MXM  WARN  Conflicting CPU frequencies detected, using: 2053.50
[1468039798.195510] [node018:20596:0]         sys.c:744  MXM  WARN  Conflicting CPU frequencies detected, using: 2656.50
[1468039798.198908] [node021:16589:0]         sys.c:744  MXM  WARN  Conflicting CPU frequencies detected, using: 1707.19
[1468039798.202370] [node059:24931:0]         sys.c:744  MXM  WARN  Conflicting CPU frequencies detected, using: 2280.75
[1468039798.197635] [node023:23604:0]         sys.c:744  MXM  WARN  Conflicting CPU frequencies detected, using: 2842.41
[1468039798.207399] [node065:6984 :0]         sys.c:744  MXM  WARN  Conflicting CPU frequencies detected, using: 1588.59
[1468039798.199669] [node013:27149:0]         sys.c:744  MXM  WARN  Conflicting CPU frequencies detected, using: 2765.44
[1468039798.215427] [node068:10273:0]         sys.c:744  MXM  WARN  Conflicting CPU frequencies detected, using: 1693.31
[1468039798.205755] [node060:27196:0]         sys.c:744  MXM  WARN  Conflicting CPU frequencies detected, using: 2600.53
[1468039798.192089] [node010:3843 :0]         sys.c:744  MXM  WARN  Conflicting CPU frequencies detected, using: 1574.53
[1468039798.193427] [node012:7908 :0]         sys.c:744  MXM  WARN  Conflicting CPU frequencies detected, using: 1984.41
[1468039798.206784] [node011:18090:0]         sys.c:744  MXM  WARN  Conflicting CPU frequencies detected, using: 2654.16
[1468039798.197697] [node016:2565 :0]         sys.c:744  MXM  WARN  Conflicting CPU frequencies detected, using: 1487.81
[1468039798.208695] [node022:15377:0]         sys.c:744  MXM  WARN  Conflicting CPU frequencies detected, using: 1880.44
[1468039798.203295] [node066:9400 :0]         sys.c:744  MXM  WARN  Conflicting CPU frequencies detected, using: 1702.41
[1468039797.818835] [node009:29914:0]         sys.c:744  MXM  WARN  Conflicting CPU frequencies detected, using: 2294.81
