performing reachability, flags: -n 32 -N 32 -shared-heap 16GB --tablesize=27 --cachesize=26  
This is upcrun, job spawner for the Berkeley UPC compiler (http://upc.lbl.gov).
upcrun version 2.22.2
Network conduits supported by this installation: smp mxm ibv
[1468186905.615302] [node008:13771:0]         sys.c:744  MXM  WARN  Conflicting CPU frequencies detected, using: 2092.31
[1468186905.625624] [node008:13771:0]         mxm.c:196  MXM  WARN  The 'ulimit -s' on the system is set to 'unlimited'. This may have negative performance implications. Please set the stack size to the default value (10240) 
[1468186905.963944] [node053:24830:0]         sys.c:744  MXM  WARN  Conflicting CPU frequencies detected, using: 1635.94
[1468186905.970244] [node053:24830:0]         mxm.c:196  MXM  WARN  The 'ulimit -s' on the system is set to 'unlimited'. This may have negative performance implications. Please set the stack size to the default value (10240) 
[1468186905.962054] [node016:31744:0]         sys.c:744  MXM  WARN  Conflicting CPU frequencies detected, using: 1842.47
[1468186905.968405] [node016:31744:0]         mxm.c:196  MXM  WARN  The 'ulimit -s' on the system is set to 'unlimited'. This may have negative performance implications. Please set the stack size to the default value (10240) 
[1468186905.967814] [node065:3350 :0]         sys.c:744  MXM  WARN  Conflicting CPU frequencies detected, using: 2226.47
[1468186905.973847] [node065:3350 :0]         mxm.c:196  MXM  WARN  The 'ulimit -s' on the system is set to 'unlimited'. This may have negative performance implications. Please set the stack size to the default value (10240) 
[1468186905.974768] [node010:20076:0]         sys.c:744  MXM  WARN  Conflicting CPU frequencies detected, using: 2371.69
[1468186905.980829] [node010:20076:0]         mxm.c:196  MXM  WARN  The 'ulimit -s' on the system is set to 'unlimited'. This may have negative performance implications. Please set the stack size to the default value (10240) 
[1468186905.976730] [node019:27508:0]         sys.c:744  MXM  WARN  Conflicting CPU frequencies detected, using: 1521.28
[1468186905.982370] [node019:27508:0]         mxm.c:196  MXM  WARN  The 'ulimit -s' on the system is set to 'unlimited'. This may have negative performance implications. Please set the stack size to the default value (10240) 
[1468186905.976880] [node061:10258:0]         sys.c:744  MXM  WARN  Conflicting CPU frequencies detected, using: 1897.88
[1468186905.983110] [node061:10258:0]         mxm.c:196  MXM  WARN  The 'ulimit -s' on the system is set to 'unlimited'. This may have negative performance implications. Please set the stack size to the default value (10240) 
[1468186905.980811] [node059:27100:0]         sys.c:744  MXM  WARN  Conflicting CPU frequencies detected, using: 1981.59
[1468186905.987206] [node059:27100:0]         mxm.c:196  MXM  WARN  The 'ulimit -s' on the system is set to 'unlimited'. This may have negative performance implications. Please set the stack size to the default value (10240) 
[1468186905.981912] [node021:25382:0]         sys.c:744  MXM  WARN  Conflicting CPU frequencies detected, using: 1620.75
[1468186905.987749] [node021:25382:0]         mxm.c:196  MXM  WARN  The 'ulimit -s' on the system is set to 'unlimited'. This may have negative performance implications. Please set the stack size to the default value (10240) 
[1468186905.966993] [node018:4693 :0]         sys.c:744  MXM  WARN  Conflicting CPU frequencies detected, using: 2239.78
[1468186905.975481] [node018:4693 :0]         mxm.c:196  MXM  WARN  The 'ulimit -s' on the system is set to 'unlimited'. This may have negative performance implications. Please set the stack size to the default value (10240) 
[1468186905.970106] [node014:15296:0]         sys.c:744  MXM  WARN  Conflicting CPU frequencies detected, using: 2599.88
[1468186905.976241] [node014:15296:0]         mxm.c:196  MXM  WARN  The 'ulimit -s' on the system is set to 'unlimited'. This may have negative performance implications. Please set the stack size to the default value (10240) 
[1468186905.967061] [node009:18987:0]         sys.c:744  MXM  WARN  Conflicting CPU frequencies detected, using: 1698.09
[1468186905.975774] [node009:18987:0]         mxm.c:196  MXM  WARN  The 'ulimit -s' on the system is set to 'unlimited'. This may have negative performance implications. Please set the stack size to the default value (10240) 
[1468186905.979171] [node011:5204 :0]         sys.c:744  MXM  WARN  Conflicting CPU frequencies detected, using: 1610.81
[1468186905.988177] [node011:5204 :0]         mxm.c:196  MXM  WARN  The 'ulimit -s' on the system is set to 'unlimited'. This may have negative performance implications. Please set the stack size to the default value (10240) 
[1468186905.974086] [node015:29245:0]         sys.c:744  MXM  WARN  Conflicting CPU frequencies detected, using: 1815.19
[1468186905.982935] [node015:29245:0]         mxm.c:196  MXM  WARN  The 'ulimit -s' on the system is set to 'unlimited'. This may have negative performance implications. Please set the stack size to the default value (10240) 
[1468186905.970011] [node054:8595 :0]         sys.c:744  MXM  WARN  Conflicting CPU frequencies detected, using: 1989.84
[1468186905.978957] [node054:8595 :0]         mxm.c:196  MXM  WARN  The 'ulimit -s' on the system is set to 'unlimited'. This may have negative performance implications. Please set the stack size to the default value (10240) 
[1468186905.976062] [node057:30030:0]         sys.c:744  MXM  WARN  Conflicting CPU frequencies detected, using: 2584.12
[1468186905.982339] [node057:30030:0]         mxm.c:196  MXM  WARN  The 'ulimit -s' on the system is set to 'unlimited'. This may have negative performance implications. Please set the stack size to the default value (10240) 
[1468186905.978710] [node013:31902:0]         sys.c:744  MXM  WARN  Conflicting CPU frequencies detected, using: 1509.00
[1468186905.986802] [node013:31902:0]         mxm.c:196  MXM  WARN  The 'ulimit -s' on the system is set to 'unlimited'. This may have negative performance implications. Please set the stack size to the default value (10240) 
[1468186905.980652] [node012:11251:0]         sys.c:744  MXM  WARN  Conflicting CPU frequencies detected, using: 1389.38
[1468186905.989571] [node012:11251:0]         mxm.c:196  MXM  WARN  The 'ulimit -s' on the system is set to 'unlimited'. This may have negative performance implications. Please set the stack size to the default value (10240) 
[1468186905.984940] [node017:18447:0]         sys.c:744  MXM  WARN  Conflicting CPU frequencies detected, using: 1647.75
[1468186905.993955] [node017:18447:0]         mxm.c:196  MXM  WARN  The 'ulimit -s' on the system is set to 'unlimited'. This may have negative performance implications. Please set the stack size to the default value (10240) 
[1468186905.982543] [node055:1946 :0]         sys.c:744  MXM  WARN  Conflicting CPU frequencies detected, using: 1898.62
[1468186905.991250] [node055:1946 :0]         mxm.c:196  MXM  WARN  The 'ulimit -s' on the system is set to 'unlimited'. This may have negative performance implications. Please set the stack size to the default value (10240) 
[1468186905.979361] [node020:4605 :0]         sys.c:744  MXM  WARN  Conflicting CPU frequencies detected, using: 1696.78
[1468186905.988046] [node020:4605 :0]         mxm.c:196  MXM  WARN  The 'ulimit -s' on the system is set to 'unlimited'. This may have negative performance implications. Please set the stack size to the default value (10240) 
[1468186905.976145] [node063:11598:0]         sys.c:744  MXM  WARN  Conflicting CPU frequencies detected, using: 2599.97
[1468186905.982376] [node063:11598:0]         mxm.c:196  MXM  WARN  The 'ulimit -s' on the system is set to 'unlimited'. This may have negative performance implications. Please set the stack size to the default value (10240) 
[1468186905.975043] [node023:25633:0]         sys.c:744  MXM  WARN  Conflicting CPU frequencies detected, using: 2079.66
[1468186905.983756] [node023:25633:0]         mxm.c:196  MXM  WARN  The 'ulimit -s' on the system is set to 'unlimited'. This may have negative performance implications. Please set the stack size to the default value (10240) 
[1468186905.984720] [node058:25941:0]         sys.c:744  MXM  WARN  Conflicting CPU frequencies detected, using: 2545.97
[1468186905.991328] [node058:25941:0]         mxm.c:196  MXM  WARN  The 'ulimit -s' on the system is set to 'unlimited'. This may have negative performance implications. Please set the stack size to the default value (10240) 
[1468186905.979993] [node060:30221:0]         sys.c:744  MXM  WARN  Conflicting CPU frequencies detected, using: 2408.62
[1468186905.986647] [node060:30221:0]         mxm.c:196  MXM  WARN  The 'ulimit -s' on the system is set to 'unlimited'. This may have negative performance implications. Please set the stack size to the default value (10240) 
[1468186905.975951] [node068:24066:0]         sys.c:744  MXM  WARN  Conflicting CPU frequencies detected, using: 2383.03
[1468186905.984804] [node068:24066:0]         mxm.c:196  MXM  WARN  The 'ulimit -s' on the system is set to 'unlimited'. This may have negative performance implications. Please set the stack size to the default value (10240) 
[1468186905.980864] [node022:30390:0]         sys.c:744  MXM  WARN  Conflicting CPU frequencies detected, using: 2100.00
[1468186905.989430] [node022:30390:0]         mxm.c:196  MXM  WARN  The 'ulimit -s' on the system is set to 'unlimited'. This may have negative performance implications. Please set the stack size to the default value (10240) 
[1468186905.973513] [node064:11352:0]         sys.c:744  MXM  WARN  Conflicting CPU frequencies detected, using: 2134.88
[1468186905.982325] [node064:11352:0]         mxm.c:196  MXM  WARN  The 'ulimit -s' on the system is set to 'unlimited'. This may have negative performance implications. Please set the stack size to the default value (10240) 
[1468186905.970500] [node056:828  :0]         sys.c:744  MXM  WARN  Conflicting CPU frequencies detected, using: 1899.75
[1468186905.979620] [node056:828  :0]         mxm.c:196  MXM  WARN  The 'ulimit -s' on the system is set to 'unlimited'. This may have negative performance implications. Please set the stack size to the default value (10240) 
[1468186905.978845] [node062:8881 :0]         sys.c:744  MXM  WARN  Conflicting CPU frequencies detected, using: 1494.56
[1468186905.987557] [node062:8881 :0]         mxm.c:196  MXM  WARN  The 'ulimit -s' on the system is set to 'unlimited'. This may have negative performance implications. Please set the stack size to the default value (10240) 
[1468186905.972162] [node067:1567 :0]         sys.c:744  MXM  WARN  Conflicting CPU frequencies detected, using: 1996.97
[1468186905.983483] [node067:1567 :0]         mxm.c:196  MXM  WARN  The 'ulimit -s' on the system is set to 'unlimited'. This may have negative performance implications. Please set the stack size to the default value (10240) 
[1468186905.975463] [node066:5417 :0]         sys.c:744  MXM  WARN  Conflicting CPU frequencies detected, using: 1919.44
[1468186905.984179] [node066:5417 :0]         mxm.c:196  MXM  WARN  The 'ulimit -s' on the system is set to 'unlimited'. This may have negative performance implications. Please set the stack size to the default value (10240) 
UPCR: UPC thread  0 of 32 on node008 (pshm node  0 of 32, process  0 of 32, pid=13803)
UPCR: UPC thread 12 of 32 on node020 (pshm node 12 of 32, process 12 of 32, pid=4647)
UPCR: UPC thread 11 of 32 on node019 (pshm node 11 of 32, process 11 of 32, pid=27550)
UPCR: UPC thread 27 of 32 on node064 (pshm node 27 of 32, process 27 of 32, pid=11394)
UPCR: UPC thread 23 of 32 on node060 (pshm node 23 of 32, process 23 of 32, pid=30263)
UPCR: UPC thread 13 of 32 on node021 (pshm node 13 of 32, process 13 of 32, pid=25424)
UPCR: UPC thread  5 of 32 on node013 (pshm node  5 of 32, process  5 of 32, pid=31944)
UPCR: UPC thread 16 of 32 on node053 (pshm node 16 of 32, process 16 of 32, pid=24872)
UPCR: UPC thread 29 of 32 on node066 (pshm node 29 of 32, process 29 of 32, pid=5459)
UPCR: UPC thread 14 of 32 on node022 (pshm node 14 of 32, process 14 of 32, pid=30432)
UPCR: UPC thread 17 of 32 on node054 (pshm node 17 of 32, process 17 of 32, pid=8637)
UPCR: UPC thread 30 of 32 on node067 (pshm node 30 of 32, process 30 of 32, pid=1609)
UPCR: UPC thread 18 of 32 on node055 (pshm node 18 of 32, process 18 of 32, pid=1988)
UPCR: UPC thread  7 of 32 on node015 (pshm node  7 of 32, process  7 of 32, pid=29287)
UPCR: UPC thread 21 of 32 on node058 (pshm node 21 of 32, process 21 of 32, pid=25983)
UPCR: UPC thread 20 of 32 on node057 (pshm node 20 of 32, process 20 of 32, pid=30072)
UPCR: UPC thread 31 of 32 on node068 (pshm node 31 of 32, process 31 of 32, pid=24108)
UPCR: UPC thread 15 of 32 on node023 (pshm node 15 of 32, process 15 of 32, pid=25675)
UPCR: UPC thread 28 of 32 on node065 (pshm node 28 of 32, process 28 of 32, pid=3392)
UPCR: UPC thread  3 of 32 on node011 (pshm node  3 of 32, process  3 of 32, pid=5246)
UPCR: UPC thread  6 of 32 on node014 (pshm node  6 of 32, process  6 of 32, pid=15338)
UPCR: UPC thread 19 of 32 on node056 (pshm node 19 of 32, process 19 of 32, pid=870)
UPCR: UPC thread  4 of 32 on node012 (pshm node  4 of 32, process  4 of 32, pid=11293)
UPCR: UPC thread 25 of 32 on node062 (pshm node 25 of 32, process 25 of 32, pid=8923)
UPCR: UPC thread 26 of 32 on node063 (pshm node 26 of 32, process 26 of 32, pid=11640)
UPCR: UPC thread  1 of 32 on node009 (pshm node  1 of 32, process  1 of 32, pid=19029)
UPCR: UPC thread  2 of 32 on node010 (pshm node  2 of 32, process  2 of 32, pid=20118)
UPCR: UPC thread 10 of 32 on node018 (pshm node 10 of 32, process 10 of 32, pid=4735)
UPCR: UPC thread  9 of 32 on node017 (pshm node  9 of 32, process  9 of 32, pid=18497)
UPCR: UPC thread 22 of 32 on node059 (pshm node 22 of 32, process 22 of 32, pid=27142)
UPCR: UPC thread 24 of 32 on node061 (pshm node 24 of 32, process 24 of 32, pid=10300)
UPCR: UPC thread  8 of 32 on node016 (pshm node  8 of 32, process  8 of 32, pid=31786)
using a cache granularity of 8
using linear probing in the BDD table
using a memoization table of 2^26 = 67108864 entries (~2560 MB) per thread
using a BDD table of 2^27 = 134217728 entries (~3072 MB) per thread
Initializing /home/oortwijn/distdd/models/beem/firewire_link.4.bdd!
vector size: 48
bits per integer: 16
number of BDD variables: 768
Loading initial states: 
Initial states loaded... 
Loading transition relations... 
48 integers per state, 16 bits per integer, 211 transition groups
BDD nodes:
Initial states: 768 BDD nodes
Transition 0: 96 BDD nodes
Transition 1: 0 BDD nodes
Transition 2: 0 BDD nodes
Transition 3: 0 BDD nodes
Transition 4: 0 BDD nodes
Transition 5: 0 BDD nodes
Transition 6: 0 BDD nodes
Transition 7: 144 BDD nodes
Transition 8: 128 BDD nodes
Transition 9: 0 BDD nodes
Transition 10: 128 BDD nodes
Transition 11: 0 BDD nodes
Transition 12: 112 BDD nodes
Transition 13: 48 BDD nodes
Transition 14: 0 BDD nodes
Transition 15: 0 BDD nodes
Transition 16: 0 BDD nodes
Transition 17: 0 BDD nodes
Transition 18: 0 BDD nodes
Transition 19: 0 BDD nodes
Transition 20: 0 BDD nodes
Transition 21: 0 BDD nodes
Transition 22: 0 BDD nodes
Transition 23: 0 BDD nodes
Transition 24: 0 BDD nodes
Transition 25: 0 BDD nodes
Transition 26: 0 BDD nodes
Transition 27: 0 BDD nodes
Transition 28: 0 BDD nodes
Transition 29: 0 BDD nodes
Transition 30: 0 BDD nodes
Transition 31: 128 BDD nodes
Transition 32: 0 BDD nodes
Transition 33: 0 BDD nodes
Transition 34: 240 BDD nodes
Transition 35: 684 BDD nodes
Transition 36: 135 BDD nodes
Transition 37: 0 BDD nodes
Transition 38: 167 BDD nodes
Transition 39: 0 BDD nodes
Transition 40: 0 BDD nodes
Transition 41: 0 BDD nodes
Transition 42: 0 BDD nodes
Transition 43: 0 BDD nodes
Transition 44: 0 BDD nodes
Transition 45: 0 BDD nodes
Transition 46: 0 BDD nodes
Transition 47: 112 BDD nodes
Transition 48: 0 BDD nodes
Transition 49: 0 BDD nodes
Transition 50: 229 BDD nodes
Transition 51: 0 BDD nodes
Transition 52: 0 BDD nodes
Transition 53: 0 BDD nodes
Transition 54: 176 BDD nodes
Transition 55: 0 BDD nodes
Transition 56: 0 BDD nodes
Transition 57: 0 BDD nodes
Transition 58: 0 BDD nodes
Transition 59: 0 BDD nodes
Transition 60: 116 BDD nodes
Transition 61: 0 BDD nodes
Transition 62: 0 BDD nodes
Transition 63: 80 BDD nodes
Transition 64: 222 BDD nodes
Transition 65: 0 BDD nodes
Transition 66: 745 BDD nodes
Transition 67: 0 BDD nodes
Transition 68: 0 BDD nodes
Transition 69: 0 BDD nodes
Transition 70: 0 BDD nodes
Transition 71: 96 BDD nodes
Transition 72: 229 BDD nodes
Transition 73: 368 BDD nodes
Transition 74: 368 BDD nodes
Transition 75: 537 BDD nodes
Transition 76: 665 BDD nodes
Transition 77: 144 BDD nodes
Transition 78: 0 BDD nodes
Transition 79: 144 BDD nodes
Transition 80: 0 BDD nodes
Transition 81: 0 BDD nodes
Transition 82: 0 BDD nodes
Transition 83: 0 BDD nodes
Transition 84: 0 BDD nodes
Transition 85: 272 BDD nodes
Transition 86: 370 BDD nodes
Transition 87: 0 BDD nodes
Transition 88: 0 BDD nodes
Transition 89: 0 BDD nodes
Transition 90: 0 BDD nodes
Transition 91: 0 BDD nodes
Transition 92: 112 BDD nodes
Transition 93: 0 BDD nodes
Transition 94: 160 BDD nodes
Transition 95: 160 BDD nodes
Transition 96: 0 BDD nodes
Transition 97: 998 BDD nodes
Transition 98: 271 BDD nodes
Transition 99: 0 BDD nodes
Transition 100: 220 BDD nodes
Transition 101: 0 BDD nodes
Transition 102: 256 BDD nodes
Transition 103: 387 BDD nodes
Transition 104: 0 BDD nodes
Transition 105: 0 BDD nodes
Transition 106: 0 BDD nodes
Transition 107: 0 BDD nodes
Transition 108: 0 BDD nodes
Transition 109: 257 BDD nodes
Transition 110: 160 BDD nodes
Transition 111: 0 BDD nodes
Transition 112: 0 BDD nodes
Transition 113: 144 BDD nodes
Transition 114: 117 BDD nodes
Transition 115: 1370 BDD nodes
Transition 116: 382 BDD nodes
Transition 117: 0 BDD nodes
Transition 118: 213 BDD nodes
Transition 119: 387 BDD nodes
Transition 120: 257 BDD nodes
Transition 121: 0 BDD nodes
Transition 122: 0 BDD nodes
Transition 123: 0 BDD nodes
Transition 124: 0 BDD nodes
Transition 125: 0 BDD nodes
Transition 126: 0 BDD nodes
Transition 127: 0 BDD nodes
Transition 128: 0 BDD nodes
Transition 129: 0 BDD nodes
Transition 130: 0 BDD nodes
Transition 131: 144 BDD nodes
Transition 132: 0 BDD nodes
Transition 133: 368 BDD nodes
Transition 134: 146 BDD nodes
Transition 135: 288 BDD nodes
Transition 136: 128 BDD nodes
Transition 137: 0 BDD nodes
Transition 138: 0 BDD nodes
Transition 139: 225 BDD nodes
Transition 140: 160 BDD nodes
Transition 141: 0 BDD nodes
Transition 142: 0 BDD nodes
Transition 143: 0 BDD nodes
Transition 144: 257 BDD nodes
Transition 145: 0 BDD nodes
Transition 146: 0 BDD nodes
Transition 147: 160 BDD nodes
Transition 148: 0 BDD nodes
Transition 149: 117 BDD nodes
Transition 150: 0 BDD nodes
Transition 151: 0 BDD nodes
Transition 152: 257 BDD nodes
Transition 153: 0 BDD nodes
Transition 154: 0 BDD nodes
Transition 155: 160 BDD nodes
Transition 156: 0 BDD nodes
Transition 157: 0 BDD nodes
Transition 158: 0 BDD nodes
Transition 159: 0 BDD nodes
Transition 160: 0 BDD nodes
Transition 161: 0 BDD nodes
Transition 162: 0 BDD nodes
Transition 163: 181 BDD nodes
Transition 164: 136 BDD nodes
Transition 165: 144 BDD nodes
Transition 166: 86 BDD nodes
Transition 167: 0 BDD nodes
Transition 168: 96 BDD nodes
Transition 169: 0 BDD nodes
Transition 170: 0 BDD nodes
Transition 171: 0 BDD nodes
Transition 172: 79 BDD nodes
Transition 173: 0 BDD nodes
Transition 174: 0 BDD nodes
Transition 175: 0 BDD nodes
Transition 176: 0 BDD nodes
Transition 177: 0 BDD nodes
Transition 178: 0 BDD nodes
Transition 179: 177 BDD nodes
Transition 180: 112 BDD nodes
Transition 181: 81 BDD nodes
Transition 182: 0 BDD nodes
Transition 183: 0 BDD nodes
Transition 184: 330 BDD nodes
Transition 185: 0 BDD nodes
Transition 186: 0 BDD nodes
Transition 187: 0 BDD nodes
Transition 188: 0 BDD nodes
Transition 189: 0 BDD nodes
Transition 190: 0 BDD nodes
Transition 191: 0 BDD nodes
Transition 192: 79 BDD nodes
Transition 193: 0 BDD nodes
Transition 194: 0 BDD nodes
Transition 195: 0 BDD nodes
Transition 196: 0 BDD nodes
Transition 197: 0 BDD nodes
Transition 198: 0 BDD nodes
Transition 199: 0 BDD nodes
Transition 200: 0 BDD nodes
Transition 201: 0 BDD nodes
Transition 202: 277 BDD nodes
Transition 203: 0 BDD nodes
Transition 204: 0 BDD nodes
Transition 205: 0 BDD nodes
Transition 206: 48 BDD nodes
Transition 207: 0 BDD nodes
Transition 208: 0 BDD nodes
Transition 209: 0 BDD nodes
Transition 210: 0 BDD nodes
Level 1... done.
Level 2... done.
Level 3... done.
Level 4... done.
Level 5... done.
Level 6... done.
Level 7... done.
Level 8... done.
Level 9... done.
Level 10... done.
Level 11... done.
Level 12... done.
Level 13... done.
Level 14... done.
Level 15... done.
Level 16... done.
Level 17... done.
Level 18... done.
Level 19... done.
Level 20... done.
Level 21... done.
Level 22... done.
Level 23... done.
Level 24... done.
Level 25... done.
Level 26... done.
Level 27... done.
Level 28... done.
Level 29... done.
Level 30... done.
Level 31... done.
Level 32... done.
Level 33... done.
Level 34... done.
Level 35... done.
Level 36... done.
Level 37... done.
Level 38... done.
Level 39... done.
Level 40... done.
Level 41... done.
Level 42... done.
Level 43... done.
Level 44... done.
Level 45... done.
Level 46... done.
Level 47... done.
Level 48... done.
Level 49... done.
Level 50... done.
Level 51... done.
Level 52... done.
Level 53... done.
Level 54... done.
Level 55... done.
Level 56... done.
Level 57... done.
Level 58... done.
Level 59... done.
Level 60... done.
Level 61... done.
Level 62... done.
Level 63... done.
Level 64... done.
Level 65... done.
Level 66... done.
Level 67... done.
Level 68... done.
Level 69... done.
Level 70... done.
Level 71... done.
Level 72... done.
Level 73... done.
Level 74... done.
Level 75... done.
Level 76... done.
Level 77... done.
Level 78... done.
Level 79... done.
Level 80... done.
Level 81... done.
Level 82... done.
Level 83... done.
Level 84... done.
Level 85... done.
Level 86... done.
Level 87... done.
Level 88... done.
Level 89... done.
Level 90... done.
Level 91... done.
Level 92... done.
PAR Time: 5.348228
Final states: 24330 states
Final states: 34769 BDD nodes
[1468186905.973513] [node064:11352:0]         sys.c:744  MXM  WARN  Conflicting CPU frequencies detected, using: 2134.88
[1468186905.984720] [node058:25941:0]         sys.c:744  MXM  WARN  Conflicting CPU frequencies detected, using: 2545.97
[1468186905.975043] [node023:25633:0]         sys.c:744  MXM  WARN  Conflicting CPU frequencies detected, using: 2079.66
[1468186905.970011] [node054:8595 :0]         sys.c:744  MXM  WARN  Conflicting CPU frequencies detected, using: 1989.84
[1468186905.975951] [node068:24066:0]         sys.c:744  MXM  WARN  Conflicting CPU frequencies detected, using: 2383.03
[1468186905.979993] [node060:30221:0]         sys.c:744  MXM  WARN  Conflicting CPU frequencies detected, using: 2408.62
[1468186905.976880] [node061:10258:0]         sys.c:744  MXM  WARN  Conflicting CPU frequencies detected, using: 1897.88
[1468186905.976062] [node057:30030:0]         sys.c:744  MXM  WARN  Conflicting CPU frequencies detected, using: 2584.12
[1468186905.979361] [node020:4605 :0]         sys.c:744  MXM  WARN  Conflicting CPU frequencies detected, using: 1696.78
[1468186905.966993] [node018:4693 :0]         sys.c:744  MXM  WARN  Conflicting CPU frequencies detected, using: 2239.78
[1468186905.970500] [node056:828  :0]         sys.c:744  MXM  WARN  Conflicting CPU frequencies detected, using: 1899.75
[1468186905.975463] [node066:5417 :0]         sys.c:744  MXM  WARN  Conflicting CPU frequencies detected, using: 1919.44
[1468186905.978845] [node062:8881 :0]         sys.c:744  MXM  WARN  Conflicting CPU frequencies detected, using: 1494.56
[1468186905.982543] [node055:1946 :0]         sys.c:744  MXM  WARN  Conflicting CPU frequencies detected, using: 1898.62
[1468186905.978710] [node013:31902:0]         sys.c:744  MXM  WARN  Conflicting CPU frequencies detected, using: 1509.00
[1468186905.972162] [node067:1567 :0]         sys.c:744  MXM  WARN  Conflicting CPU frequencies detected, using: 1996.97
[1468186905.976145] [node063:11598:0]         sys.c:744  MXM  WARN  Conflicting CPU frequencies detected, using: 2599.97
[1468186905.967814] [node065:3350 :0]         sys.c:744  MXM  WARN  Conflicting CPU frequencies detected, using: 2226.47
[1468186905.963944] [node053:24830:0]         sys.c:744  MXM  WARN  Conflicting CPU frequencies detected, using: 1635.94
[1468186905.984940] [node017:18447:0]         sys.c:744  MXM  WARN  Conflicting CPU frequencies detected, using: 1647.75
[1468186905.980864] [node022:30390:0]         sys.c:744  MXM  WARN  Conflicting CPU frequencies detected, using: 2100.00
[1468186905.976730] [node019:27508:0]         sys.c:744  MXM  WARN  Conflicting CPU frequencies detected, using: 1521.28
[1468186905.615302] [node008:13771:0]         sys.c:744  MXM  WARN  Conflicting CPU frequencies detected, using: 2092.31
[1468186905.980811] [node059:27100:0]         sys.c:744  MXM  WARN  Conflicting CPU frequencies detected, using: 1981.59
[1468186905.962054] [node016:31744:0]         sys.c:744  MXM  WARN  Conflicting CPU frequencies detected, using: 1842.47
[1468186905.981912] [node021:25382:0]         sys.c:744  MXM  WARN  Conflicting CPU frequencies detected, using: 1620.75
[1468186905.974768] [node010:20076:0]         sys.c:744  MXM  WARN  Conflicting CPU frequencies detected, using: 2371.69
[1468186905.974086] [node015:29245:0]         sys.c:744  MXM  WARN  Conflicting CPU frequencies detected, using: 1815.19
[1468186905.967061] [node009:18987:0]         sys.c:744  MXM  WARN  Conflicting CPU frequencies detected, using: 1698.09
[1468186905.980652] [node012:11251:0]         sys.c:744  MXM  WARN  Conflicting CPU frequencies detected, using: 1389.38
[1468186905.970106] [node014:15296:0]         sys.c:744  MXM  WARN  Conflicting CPU frequencies detected, using: 2599.88
[1468186905.979171] [node011:5204 :0]         sys.c:744  MXM  WARN  Conflicting CPU frequencies detected, using: 1610.81
[1468186905.593720] [node008:13727:0]         sys.c:744  MXM  WARN  Conflicting CPU frequencies detected, using: 2097.47
