performing reachability, flags: -n 32 -N 16 -shared-heap 8GB --tablesize=26 --cachesize=25  
This is upcrun, job spawner for the Berkeley UPC compiler (http://upc.lbl.gov).
upcrun version 2.22.2
Network conduits supported by this installation: smp mxm ibv
[1467939469.781116] [node008:12269:0]         sys.c:744  MXM  WARN  Conflicting CPU frequencies detected, using: 2099.06
[1467939469.791933] [node008:12269:0]         mxm.c:196  MXM  WARN  The 'ulimit -s' on the system is set to 'unlimited'. This may have negative performance implications. Please set the stack size to the default value (10240) 
[1467939469.781116] [node008:12269:0]         sys.c:744  MXM  WARN  Conflicting CPU frequencies detected, using: 2099.06
[1467939469.792673] [node008:12269:0]         mxm.c:196  MXM  WARN  The 'ulimit -s' on the system is set to 'unlimited'. This may have negative performance implications. Please set the stack size to the default value (10240) 
[1467939470.136376] [node021:28621:0]         sys.c:744  MXM  WARN  Conflicting CPU frequencies detected, using: 1358.91
[1467939470.142888] [node021:28621:0]         mxm.c:196  MXM  WARN  The 'ulimit -s' on the system is set to 'unlimited'. This may have negative performance implications. Please set the stack size to the default value (10240) 
[1467939470.136376] [node021:28621:0]         sys.c:744  MXM  WARN  Conflicting CPU frequencies detected, using: 1358.91
[1467939470.142565] [node021:28621:0]         mxm.c:196  MXM  WARN  The 'ulimit -s' on the system is set to 'unlimited'. This may have negative performance implications. Please set the stack size to the default value (10240) 
[1467939470.139234] [node019:24589:0]         sys.c:744  MXM  WARN  Conflicting CPU frequencies detected, using: 1398.28
[1467939470.145900] [node019:24589:0]         mxm.c:196  MXM  WARN  The 'ulimit -s' on the system is set to 'unlimited'. This may have negative performance implications. Please set the stack size to the default value (10240) 
[1467939470.139234] [node019:24589:0]         sys.c:744  MXM  WARN  Conflicting CPU frequencies detected, using: 1398.28
[1467939470.145773] [node019:24589:0]         mxm.c:196  MXM  WARN  The 'ulimit -s' on the system is set to 'unlimited'. This may have negative performance implications. Please set the stack size to the default value (10240) 
[1467939470.138313] [node010:30719:0]         sys.c:744  MXM  WARN  Conflicting CPU frequencies detected, using: 1492.88
[1467939470.144449] [node010:30719:0]         mxm.c:196  MXM  WARN  The 'ulimit -s' on the system is set to 'unlimited'. This may have negative performance implications. Please set the stack size to the default value (10240) 
[1467939470.138313] [node010:30719:0]         sys.c:744  MXM  WARN  Conflicting CPU frequencies detected, using: 1492.88
[1467939470.144664] [node010:30719:0]         mxm.c:196  MXM  WARN  The 'ulimit -s' on the system is set to 'unlimited'. This may have negative performance implications. Please set the stack size to the default value (10240) 
[1467939470.142247] [node016:30597:0]         sys.c:744  MXM  WARN  Conflicting CPU frequencies detected, using: 2599.78
[1467939470.148378] [node016:30597:0]         mxm.c:196  MXM  WARN  The 'ulimit -s' on the system is set to 'unlimited'. This may have negative performance implications. Please set the stack size to the default value (10240) 
[1467939470.142247] [node016:30597:0]         sys.c:744  MXM  WARN  Conflicting CPU frequencies detected, using: 2599.78
[1467939470.148731] [node016:30597:0]         mxm.c:196  MXM  WARN  The 'ulimit -s' on the system is set to 'unlimited'. This may have negative performance implications. Please set the stack size to the default value (10240) 
[1467939470.145301] [node014:11262:0]         sys.c:744  MXM  WARN  Conflicting CPU frequencies detected, using: 1589.62
[1467939470.151817] [node014:11262:0]         mxm.c:196  MXM  WARN  The 'ulimit -s' on the system is set to 'unlimited'. This may have negative performance implications. Please set the stack size to the default value (10240) 
[1467939470.145301] [node014:11262:0]         sys.c:744  MXM  WARN  Conflicting CPU frequencies detected, using: 1589.62
[1467939470.151491] [node014:11262:0]         mxm.c:196  MXM  WARN  The 'ulimit -s' on the system is set to 'unlimited'. This may have negative performance implications. Please set the stack size to the default value (10240) 
[1467939470.144273] [node012:22354:0]         sys.c:744  MXM  WARN  Conflicting CPU frequencies detected, using: 2599.69
[1467939470.155258] [node012:22354:0]         mxm.c:196  MXM  WARN  The 'ulimit -s' on the system is set to 'unlimited'. This may have negative performance implications. Please set the stack size to the default value (10240) 
[1467939470.144273] [node012:22354:0]         sys.c:744  MXM  WARN  Conflicting CPU frequencies detected, using: 2599.69
[1467939470.156261] [node012:22354:0]         mxm.c:196  MXM  WARN  The 'ulimit -s' on the system is set to 'unlimited'. This may have negative performance implications. Please set the stack size to the default value (10240) 
[1467939470.149494] [node009:4171 :0]         sys.c:744  MXM  WARN  Conflicting CPU frequencies detected, using: 1490.62
[1467939470.160649] [node009:4171 :0]         mxm.c:196  MXM  WARN  The 'ulimit -s' on the system is set to 'unlimited'. This may have negative performance implications. Please set the stack size to the default value (10240) 
[1467939470.149494] [node009:4171 :0]         sys.c:744  MXM  WARN  Conflicting CPU frequencies detected, using: 1490.62
[1467939470.161417] [node009:4171 :0]         mxm.c:196  MXM  WARN  The 'ulimit -s' on the system is set to 'unlimited'. This may have negative performance implications. Please set the stack size to the default value (10240) 
[1467939470.152392] [node023:28594:0]         sys.c:744  MXM  WARN  Conflicting CPU frequencies detected, using: 1407.09
[1467939470.163488] [node023:28594:0]         mxm.c:196  MXM  WARN  The 'ulimit -s' on the system is set to 'unlimited'. This may have negative performance implications. Please set the stack size to the default value (10240) 
[1467939470.143100] [node015:8867 :0]         sys.c:744  MXM  WARN  Conflicting CPU frequencies detected, using: 2592.75
[1467939470.155086] [node015:8867 :0]         mxm.c:196  MXM  WARN  The 'ulimit -s' on the system is set to 'unlimited'. This may have negative performance implications. Please set the stack size to the default value (10240) 
[1467939470.137312] [node018:27803:0]         sys.c:744  MXM  WARN  Conflicting CPU frequencies detected, using: 2606.44
[1467939470.148562] [node018:27803:0]         mxm.c:196  MXM  WARN  The 'ulimit -s' on the system is set to 'unlimited'. This may have negative performance implications. Please set the stack size to the default value (10240) 
[1467939470.137312] [node018:27803:0]         sys.c:744  MXM  WARN  Conflicting CPU frequencies detected, using: 2606.44
[1467939470.149363] [node018:27803:0]         mxm.c:196  MXM  WARN  The 'ulimit -s' on the system is set to 'unlimited'. This may have negative performance implications. Please set the stack size to the default value (10240) 
[1467939470.132371] [node013:13286:0]         sys.c:744  MXM  WARN  Conflicting CPU frequencies detected, using: 1495.97
[1467939470.143586] [node013:13286:0]         mxm.c:196  MXM  WARN  The 'ulimit -s' on the system is set to 'unlimited'. This may have negative performance implications. Please set the stack size to the default value (10240) 
[1467939470.132371] [node013:13286:0]         sys.c:744  MXM  WARN  Conflicting CPU frequencies detected, using: 1495.97
[1467939470.144348] [node013:13286:0]         mxm.c:196  MXM  WARN  The 'ulimit -s' on the system is set to 'unlimited'. This may have negative performance implications. Please set the stack size to the default value (10240) 
[1467939470.147576] [node022:25324:0]         sys.c:744  MXM  WARN  Conflicting CPU frequencies detected, using: 2102.06
[1467939470.159833] [node022:25324:0]         mxm.c:196  MXM  WARN  The 'ulimit -s' on the system is set to 'unlimited'. This may have negative performance implications. Please set the stack size to the default value (10240) 
[1467939470.142827] [node011:31329:0]         sys.c:744  MXM  WARN  Conflicting CPU frequencies detected, using: 1513.59
[1467939470.154780] [node011:31329:0]         mxm.c:196  MXM  WARN  The 'ulimit -s' on the system is set to 'unlimited'. This may have negative performance implications. Please set the stack size to the default value (10240) 
[1467939470.152392] [node023:28594:0]         sys.c:744  MXM  WARN  Conflicting CPU frequencies detected, using: 1407.09
[1467939470.164256] [node023:28594:0]         mxm.c:196  MXM  WARN  The 'ulimit -s' on the system is set to 'unlimited'. This may have negative performance implications. Please set the stack size to the default value (10240) 
[1467939470.131119] [node017:31022:0]         sys.c:744  MXM  WARN  Conflicting CPU frequencies detected, using: 1299.94
[1467939470.143327] [node017:31022:0]         mxm.c:196  MXM  WARN  The 'ulimit -s' on the system is set to 'unlimited'. This may have negative performance implications. Please set the stack size to the default value (10240) 
[1467939470.131119] [node017:31022:0]         sys.c:744  MXM  WARN  Conflicting CPU frequencies detected, using: 1299.94
[1467939470.142552] [node017:31022:0]         mxm.c:196  MXM  WARN  The 'ulimit -s' on the system is set to 'unlimited'. This may have negative performance implications. Please set the stack size to the default value (10240) 
[1467939470.136685] [node020:13284:0]         sys.c:744  MXM  WARN  Conflicting CPU frequencies detected, using: 1581.94
[1467939470.148561] [node020:13284:0]         mxm.c:196  MXM  WARN  The 'ulimit -s' on the system is set to 'unlimited'. This may have negative performance implications. Please set the stack size to the default value (10240) 
[1467939470.143100] [node015:8867 :0]         sys.c:744  MXM  WARN  Conflicting CPU frequencies detected, using: 2592.75
[1467939470.154023] [node015:8867 :0]         mxm.c:196  MXM  WARN  The 'ulimit -s' on the system is set to 'unlimited'. This may have negative performance implications. Please set the stack size to the default value (10240) 
[1467939470.147576] [node022:25324:0]         sys.c:744  MXM  WARN  Conflicting CPU frequencies detected, using: 2102.06
[1467939470.158850] [node022:25324:0]         mxm.c:196  MXM  WARN  The 'ulimit -s' on the system is set to 'unlimited'. This may have negative performance implications. Please set the stack size to the default value (10240) 
[1467939470.142827] [node011:31329:0]         sys.c:744  MXM  WARN  Conflicting CPU frequencies detected, using: 1513.59
[1467939470.154008] [node011:31329:0]         mxm.c:196  MXM  WARN  The 'ulimit -s' on the system is set to 'unlimited'. This may have negative performance implications. Please set the stack size to the default value (10240) 
[1467939470.136685] [node020:13284:0]         sys.c:744  MXM  WARN  Conflicting CPU frequencies detected, using: 1581.94
[1467939470.147779] [node020:13284:0]         mxm.c:196  MXM  WARN  The 'ulimit -s' on the system is set to 'unlimited'. This may have negative performance implications. Please set the stack size to the default value (10240) 
UPCR: UPC thread  0 of 32 on node008 (pshm node  0 of 16, process  0 of 32, pid=12285)
UPCR: UPC thread  1 of 32 on node008 (pshm node  0 of 16, process  1 of 32, pid=12286)
UPCR: UPC thread  3 of 32 on node009 (pshm node  1 of 16, process  3 of 32, pid=4214)
UPCR: UPC thread  2 of 32 on node009 (pshm node  1 of 16, process  2 of 32, pid=4213)
UPCR: UPC thread  7 of 32 on node011 (pshm node  3 of 16, process  7 of 32, pid=31372)
UPCR: UPC thread  6 of 32 on node011 (pshm node  3 of 16, process  6 of 32, pid=31371)
UPCR: UPC thread 15 of 32 on node015 (pshm node  7 of 16, process 15 of 32, pid=8910)
UPCR: UPC thread 14 of 32 on node015 (pshm node  7 of 16, process 14 of 32, pid=8909)
UPCR: UPC thread 23 of 32 on node019 (pshm node 11 of 16, process 23 of 32, pid=24632)
UPCR: UPC thread 22 of 32 on node019 (pshm node 11 of 16, process 22 of 32, pid=24631)
UPCR: UPC thread  8 of 32 on node012 (pshm node  4 of 16, process  8 of 32, pid=22396)
UPCR: UPC thread  9 of 32 on node012 (pshm node  4 of 16, process  9 of 32, pid=22397)
UPCR: UPC thread 27 of 32 on node021 (pshm node 13 of 16, process 27 of 32, pid=28664)
UPCR: UPC thread 26 of 32 on node021 (pshm node 13 of 16, process 26 of 32, pid=28663)
UPCR: UPC thread 21 of 32 on node018 (pshm node 10 of 16, process 21 of 32, pid=27846)
UPCR: UPC thread 20 of 32 on node018 (pshm node 10 of 16, process 20 of 32, pid=27845)
UPCR: UPC thread  5 of 32 on node010 (pshm node  2 of 16, process  5 of 32, pid=30762)
UPCR: UPC thread  4 of 32 on node010 (pshm node  2 of 16, process  4 of 32, pid=30761)
UPCR: UPC thread 29 of 32 on node022 (pshm node 14 of 16, process 29 of 32, pid=25367)
UPCR: UPC thread 28 of 32 on node022 (pshm node 14 of 16, process 28 of 32, pid=25366)
UPCR: UPC thread 17 of 32 on node016 (pshm node  8 of 16, process 17 of 32, pid=30640)
UPCR: UPC thread 16 of 32 on node016 (pshm node  8 of 16, process 16 of 32, pid=30639)
UPCR: UPC thread 12 of 32 on node014 (pshm node  6 of 16, process 12 of 32, pid=11304)
UPCR: UPC thread 13 of 32 on node014 (pshm node  6 of 16, process 13 of 32, pid=11305)
UPCR: UPC thread 19 of 32 on node017 (pshm node  9 of 16, process 19 of 32, pid=31065)
UPCR: UPC thread 18 of 32 on node017 (pshm node  9 of 16, process 18 of 32, pid=31064)
UPCR: UPC thread 11 of 32 on node013 (pshm node  5 of 16, process 11 of 32, pid=13329)
UPCR: UPC thread 10 of 32 on node013 (pshm node  5 of 16, process 10 of 32, pid=13328)
UPCR: UPC thread 25 of 32 on node020 (pshm node 12 of 16, process 25 of 32, pid=13327)
UPCR: UPC thread 24 of 32 on node020 (pshm node 12 of 16, process 24 of 32, pid=13326)
UPCR: UPC thread 31 of 32 on node023 (pshm node 15 of 16, process 31 of 32, pid=28637)
UPCR: UPC thread 30 of 32 on node023 (pshm node 15 of 16, process 30 of 32, pid=28636)
using a cache granularity of 8
using linear probing in the BDD table
using a memoization table of 2^25 = 33554432 entries (~1280 MB) per thread
using a BDD table of 2^26 = 67108864 entries (~1536 MB) per thread
Initializing /home/oortwijn/distdd/models/beem/fischer.4.bdd!
vector size: 16
bits per integer: 8
number of BDD variables: 128
Loading initial states: 
Initial states loaded... 
Loading transition relations... 
16 integers per state, 8 bits per integer, 36 transition groups
BDD nodes:
Initial states: 128 BDD nodes
Transition 0: 263 BDD nodes
Transition 1: 48 BDD nodes
Transition 2: 48 BDD nodes
Transition 3: 56 BDD nodes
Transition 4: 40 BDD nodes
Transition 5: 87 BDD nodes
Transition 6: 48 BDD nodes
Transition 7: 56 BDD nodes
Transition 8: 48 BDD nodes
Transition 9: 40 BDD nodes
Transition 10: 87 BDD nodes
Transition 11: 48 BDD nodes
Transition 12: 48 BDD nodes
Transition 13: 56 BDD nodes
Transition 14: 40 BDD nodes
Transition 15: 87 BDD nodes
Transition 16: 48 BDD nodes
Transition 17: 40 BDD nodes
Transition 18: 48 BDD nodes
Transition 19: 40 BDD nodes
Transition 20: 48 BDD nodes
Transition 21: 40 BDD nodes
Transition 22: 48 BDD nodes
Transition 23: 40 BDD nodes
Transition 24: 56 BDD nodes
Transition 25: 48 BDD nodes
Transition 26: 87 BDD nodes
Transition 27: 48 BDD nodes
Transition 28: 56 BDD nodes
Transition 29: 87 BDD nodes
Transition 30: 56 BDD nodes
Transition 31: 48 BDD nodes
Transition 32: 87 BDD nodes
Transition 33: 56 BDD nodes
Transition 34: 48 BDD nodes
Transition 35: 103 BDD nodes
Level 1... done.
Level 2... done.
Level 3... done.
Level 4... done.
Level 5... done.
Level 6... done.
Level 7... done.
Level 8... done.
Level 9... done.
Level 10... done.
Level 11... done.
Level 12... done.
Level 13... done.
Level 14... done.
Level 15... done.
Level 16... done.
Level 17... done.
Level 18... done.
Level 19... done.
Level 20... done.
Level 21... done.
Level 22... done.
Level 23... done.
Level 24... done.
Level 25... done.
Level 26... done.
Level 27... done.
Level 28... done.
Level 29... done.
Level 30... done.
PAR Time: 2.150602
Final states: 1272254 states
Final states: 15480 BDD nodes
[1467939470.143100] [node015:8867 :0]         sys.c:744  MXM  WARN  Conflicting CPU frequencies detected, using: 2592.75
[1467939470.149494] [node009:4171 :0]         sys.c:744  MXM  WARN  Conflicting CPU frequencies detected, using: 1490.62
[1467939470.136685] [node020:13284:0]         sys.c:744  MXM  WARN  Conflicting CPU frequencies detected, using: 1581.94
[1467939470.131119] [node017:31022:0]         sys.c:744  MXM  WARN  Conflicting CPU frequencies detected, using: 1299.94
[1467939470.142247] [node016:30597:0]         sys.c:744  MXM  WARN  Conflicting CPU frequencies detected, using: 2599.78
[1467939470.152392] [node023:28594:0]         sys.c:744  MXM  WARN  Conflicting CPU frequencies detected, using: 1407.09
[1467939470.136376] [node021:28621:0]         sys.c:744  MXM  WARN  Conflicting CPU frequencies detected, using: 1358.91
[1467939470.137312] [node018:27803:0]         sys.c:744  MXM  WARN  Conflicting CPU frequencies detected, using: 2606.44
[1467939470.144273] [node012:22354:0]         sys.c:744  MXM  WARN  Conflicting CPU frequencies detected, using: 2599.69
[1467939470.147576] [node022:25324:0]         sys.c:744  MXM  WARN  Conflicting CPU frequencies detected, using: 2102.06
[1467939469.781116] [node008:12269:0]         sys.c:744  MXM  WARN  Conflicting CPU frequencies detected, using: 2099.06
[1467939470.145301] [node014:11262:0]         sys.c:744  MXM  WARN  Conflicting CPU frequencies detected, using: 1589.62
[1467939470.132371] [node013:13286:0]         sys.c:744  MXM  WARN  Conflicting CPU frequencies detected, using: 1495.97
[1467939470.139234] [node019:24589:0]         sys.c:744  MXM  WARN  Conflicting CPU frequencies detected, using: 1398.28
[1467939470.142827] [node011:31329:0]         sys.c:744  MXM  WARN  Conflicting CPU frequencies detected, using: 1513.59
[1467939470.138313] [node010:30719:0]         sys.c:744  MXM  WARN  Conflicting CPU frequencies detected, using: 1492.88
[1467939469.761569] [node008:12225:0]         sys.c:744  MXM  WARN  Conflicting CPU frequencies detected, using: 2099.06
