performing reachability, flags: -n 8 -N 1 -shared-heap 2GB --tablesize=24 --cachesize=23 --quadratic-probing--chunk-size=8 
This is upcrun, job spawner for the Berkeley UPC compiler (http://upc.lbl.gov).
upcrun version 2.22.2
Network conduits supported by this installation: smp mxm ibv
[1467907247.299496] [node019:21517:0]         sys.c:744  MXM  WARN  Conflicting CPU frequencies detected, using: 2400.00
[1467907247.306625] [node019:21517:0]         mxm.c:196  MXM  WARN  The 'ulimit -s' on the system is set to 'unlimited'. This may have negative performance implications. Please set the stack size to the default value (10240) 
[1467907247.299496] [node019:21517:0]         sys.c:744  MXM  WARN  Conflicting CPU frequencies detected, using: 2400.00
[1467907247.307276] [node019:21517:0]         mxm.c:196  MXM  WARN  The 'ulimit -s' on the system is set to 'unlimited'. This may have negative performance implications. Please set the stack size to the default value (10240) 
[1467907247.299496] [node019:21517:0]         sys.c:744  MXM  WARN  Conflicting CPU frequencies detected, using: 2400.00
[1467907247.306197] [node019:21517:0]         mxm.c:196  MXM  WARN  The 'ulimit -s' on the system is set to 'unlimited'. This may have negative performance implications. Please set the stack size to the default value (10240) 
[1467907247.299496] [node019:21517:0]         sys.c:744  MXM  WARN  Conflicting CPU frequencies detected, using: 2400.00
[1467907247.305329] [node019:21517:0]         mxm.c:196  MXM  WARN  The 'ulimit -s' on the system is set to 'unlimited'. This may have negative performance implications. Please set the stack size to the default value (10240) 
[1467907247.299496] [node019:21517:0]         sys.c:744  MXM  WARN  Conflicting CPU frequencies detected, using: 2400.00
[1467907247.306859] [node019:21517:0]         mxm.c:196  MXM  WARN  The 'ulimit -s' on the system is set to 'unlimited'. This may have negative performance implications. Please set the stack size to the default value (10240) 
[1467907247.299496] [node019:21517:0]         sys.c:744  MXM  WARN  Conflicting CPU frequencies detected, using: 2400.00
[1467907247.307436] [node019:21517:0]         mxm.c:196  MXM  WARN  The 'ulimit -s' on the system is set to 'unlimited'. This may have negative performance implications. Please set the stack size to the default value (10240) 
[1467907247.299496] [node019:21517:0]         sys.c:744  MXM  WARN  Conflicting CPU frequencies detected, using: 2400.00
[1467907247.308265] [node019:21517:0]         mxm.c:196  MXM  WARN  The 'ulimit -s' on the system is set to 'unlimited'. This may have negative performance implications. Please set the stack size to the default value (10240) 
[1467907247.299496] [node019:21517:0]         sys.c:744  MXM  WARN  Conflicting CPU frequencies detected, using: 2400.00
[1467907247.307534] [node019:21517:0]         mxm.c:196  MXM  WARN  The 'ulimit -s' on the system is set to 'unlimited'. This may have negative performance implications. Please set the stack size to the default value (10240) 
UPCR: UPC thread 3 of 8 on node019 (pshm node 0 of 1, process 3 of 8, pid=21521)
UPCR: UPC thread 7 of 8 on node019 (pshm node 0 of 1, process 7 of 8, pid=21526)
UPCR: UPC thread 4 of 8 on node019 (pshm node 0 of 1, process 4 of 8, pid=21522)
UPCR: UPC thread 5 of 8 on node019 (pshm node 0 of 1, process 5 of 8, pid=21523)
UPCR: UPC thread 1 of 8 on node019 (pshm node 0 of 1, process 1 of 8, pid=21519)
UPCR: UPC thread 6 of 8 on node019 (pshm node 0 of 1, process 6 of 8, pid=21524)
UPCR: UPC thread 2 of 8 on node019 (pshm node 0 of 1, process 2 of 8, pid=21520)
UPCR: UPC thread 0 of 8 on node019 (pshm node 0 of 1, process 0 of 8, pid=21518)
using a cache granularity of 8
using linear probing in the BDD table
using a memoization table of 2^23 = 8388608 entries (~320 MB) per thread
using a BDD table of 2^24 = 16777216 entries (~384 MB) per thread
Initializing /home/oortwijn/distdd/models/beem/fischer.1.bdd!
vector size: 8
bits per integer: 8
number of BDD variables: 64
Loading initial states: 
Initial states loaded... 
Loading transition relations... 
8 integers per state, 8 bits per integer, 16 transition groups
BDD nodes:
Initial states: 64 BDD nodes
Transition 0: 131 BDD nodes
Transition 1: 48 BDD nodes
Transition 2: 48 BDD nodes
Transition 3: 56 BDD nodes
Transition 4: 40 BDD nodes
Transition 5: 84 BDD nodes
Transition 6: 48 BDD nodes
Transition 7: 40 BDD nodes
Transition 8: 48 BDD nodes
Transition 9: 40 BDD nodes
Transition 10: 56 BDD nodes
Transition 11: 48 BDD nodes
Transition 12: 84 BDD nodes
Transition 13: 56 BDD nodes
Transition 14: 48 BDD nodes
Transition 15: 100 BDD nodes
Level 1... done.
Level 2... done.
Level 3... done.
Level 4... done.
Level 5... done.
Level 6... done.
Level 7... done.
Level 8... done.
Level 9... done.
Level 10... done.
Level 11... done.
Level 12... done.
Level 13... done.
Level 14... done.
Level 15... done.
Level 16... done.
Level 17... done.
Level 18... done.
PAR Time: 0.056605
Final states: 634 states
Final states: 1051 BDD nodes
[1467907247.299496] [node019:21517:0]         sys.c:744  MXM  WARN  Conflicting CPU frequencies detected, using: 2400.00
[1467907247.280796] [node019:21473:0]         sys.c:744  MXM  WARN  Conflicting CPU frequencies detected, using: 2400.00
