performing reachability, flags: -n 16 -N 2 -shared-heap 2GB --tablesize=24 --cachesize=23  
This is upcrun, job spawner for the Berkeley UPC compiler (http://upc.lbl.gov).
upcrun version 2.22.2
Network conduits supported by this installation: smp mxm ibv
[1467907328.564234] [node010:29253:0]         sys.c:744  MXM  WARN  Conflicting CPU frequencies detected, using: 1495.12
[1467907328.572553] [node010:29253:0]         mxm.c:196  MXM  WARN  The 'ulimit -s' on the system is set to 'unlimited'. This may have negative performance implications. Please set the stack size to the default value (10240) 
[1467907328.564234] [node010:29253:0]         sys.c:744  MXM  WARN  Conflicting CPU frequencies detected, using: 1495.12
[1467907328.571823] [node010:29253:0]         mxm.c:196  MXM  WARN  The 'ulimit -s' on the system is set to 'unlimited'. This may have negative performance implications. Please set the stack size to the default value (10240) 
[1467907328.564234] [node010:29253:0]         sys.c:744  MXM  WARN  Conflicting CPU frequencies detected, using: 1495.12
[1467907328.571271] [node010:29253:0]         mxm.c:196  MXM  WARN  The 'ulimit -s' on the system is set to 'unlimited'. This may have negative performance implications. Please set the stack size to the default value (10240) 
[1467907328.564234] [node010:29253:0]         sys.c:744  MXM  WARN  Conflicting CPU frequencies detected, using: 1495.12
[1467907328.571920] [node010:29253:0]         mxm.c:196  MXM  WARN  The 'ulimit -s' on the system is set to 'unlimited'. This may have negative performance implications. Please set the stack size to the default value (10240) 
[1467907328.564234] [node010:29253:0]         sys.c:744  MXM  WARN  Conflicting CPU frequencies detected, using: 1495.12
[1467907328.571092] [node010:29253:0]         mxm.c:196  MXM  WARN  The 'ulimit -s' on the system is set to 'unlimited'. This may have negative performance implications. Please set the stack size to the default value (10240) 
[1467907328.564234] [node010:29253:0]         sys.c:744  MXM  WARN  Conflicting CPU frequencies detected, using: 1495.12
[1467907328.572158] [node010:29253:0]         mxm.c:196  MXM  WARN  The 'ulimit -s' on the system is set to 'unlimited'. This may have negative performance implications. Please set the stack size to the default value (10240) 
[1467907328.564234] [node010:29253:0]         sys.c:744  MXM  WARN  Conflicting CPU frequencies detected, using: 1495.12
[1467907328.572310] [node010:29253:0]         mxm.c:196  MXM  WARN  The 'ulimit -s' on the system is set to 'unlimited'. This may have negative performance implications. Please set the stack size to the default value (10240) 
[1467907328.564234] [node010:29253:0]         sys.c:744  MXM  WARN  Conflicting CPU frequencies detected, using: 1495.12
[1467907328.571428] [node010:29253:0]         mxm.c:196  MXM  WARN  The 'ulimit -s' on the system is set to 'unlimited'. This may have negative performance implications. Please set the stack size to the default value (10240) 
[1467907328.932155] [node011:31356:0]         sys.c:744  MXM  WARN  Conflicting CPU frequencies detected, using: 1796.16
[1467907328.954403] [node011:31356:0]         mxm.c:196  MXM  WARN  The 'ulimit -s' on the system is set to 'unlimited'. This may have negative performance implications. Please set the stack size to the default value (10240) 
[1467907328.932155] [node011:31356:0]         sys.c:744  MXM  WARN  Conflicting CPU frequencies detected, using: 1796.16
[1467907328.968137] [node011:31356:0]         mxm.c:196  MXM  WARN  The 'ulimit -s' on the system is set to 'unlimited'. This may have negative performance implications. Please set the stack size to the default value (10240) 
[1467907328.932155] [node011:31356:0]         sys.c:744  MXM  WARN  Conflicting CPU frequencies detected, using: 1796.16
[1467907328.963893] [node011:31356:0]         mxm.c:196  MXM  WARN  The 'ulimit -s' on the system is set to 'unlimited'. This may have negative performance implications. Please set the stack size to the default value (10240) 
[1467907328.932155] [node011:31356:0]         sys.c:744  MXM  WARN  Conflicting CPU frequencies detected, using: 1796.16
[1467907328.970006] [node011:31356:0]         mxm.c:196  MXM  WARN  The 'ulimit -s' on the system is set to 'unlimited'. This may have negative performance implications. Please set the stack size to the default value (10240) 
[1467907328.932155] [node011:31356:0]         sys.c:744  MXM  WARN  Conflicting CPU frequencies detected, using: 1796.16
[1467907328.959150] [node011:31356:0]         mxm.c:196  MXM  WARN  The 'ulimit -s' on the system is set to 'unlimited'. This may have negative performance implications. Please set the stack size to the default value (10240) 
[1467907328.932155] [node011:31356:0]         sys.c:744  MXM  WARN  Conflicting CPU frequencies detected, using: 1796.16
[1467907328.964946] [node011:31356:0]         mxm.c:196  MXM  WARN  The 'ulimit -s' on the system is set to 'unlimited'. This may have negative performance implications. Please set the stack size to the default value (10240) 
[1467907328.932155] [node011:31356:0]         sys.c:744  MXM  WARN  Conflicting CPU frequencies detected, using: 1796.16
[1467907328.966434] [node011:31356:0]         mxm.c:196  MXM  WARN  The 'ulimit -s' on the system is set to 'unlimited'. This may have negative performance implications. Please set the stack size to the default value (10240) 
[1467907328.932155] [node011:31356:0]         sys.c:744  MXM  WARN  Conflicting CPU frequencies detected, using: 1796.16
[1467907328.961590] [node011:31356:0]         mxm.c:196  MXM  WARN  The 'ulimit -s' on the system is set to 'unlimited'. This may have negative performance implications. Please set the stack size to the default value (10240) 
UPCR: UPC thread  5 of 16 on node010 (pshm node 0 of 2, process  5 of 16, pid=29260)
UPCR: UPC thread  1 of 16 on node010 (pshm node 0 of 2, process  1 of 16, pid=29256)
UPCR: UPC thread  0 of 16 on node010 (pshm node 0 of 2, process  0 of 16, pid=29255)
UPCR: UPC thread  3 of 16 on node010 (pshm node 0 of 2, process  3 of 16, pid=29258)
UPCR: UPC thread  6 of 16 on node010 (pshm node 0 of 2, process  6 of 16, pid=29261)
UPCR: UPC thread  2 of 16 on node010 (pshm node 0 of 2, process  2 of 16, pid=29257)
UPCR: UPC thread  4 of 16 on node010 (pshm node 0 of 2, process  4 of 16, pid=29259)
UPCR: UPC thread  7 of 16 on node010 (pshm node 0 of 2, process  7 of 16, pid=29263)
UPCR: UPC thread 14 of 16 on node011 (pshm node 1 of 2, process 14 of 16, pid=31406)
UPCR: UPC thread 13 of 16 on node011 (pshm node 1 of 2, process 13 of 16, pid=31404)
UPCR: UPC thread  8 of 16 on node011 (pshm node 1 of 2, process  8 of 16, pid=31398)
UPCR: UPC thread 10 of 16 on node011 (pshm node 1 of 2, process 10 of 16, pid=31400)
UPCR: UPC thread  9 of 16 on node011 (pshm node 1 of 2, process  9 of 16, pid=31399)
UPCR: UPC thread 11 of 16 on node011 (pshm node 1 of 2, process 11 of 16, pid=31401)
UPCR: UPC thread 12 of 16 on node011 (pshm node 1 of 2, process 12 of 16, pid=31402)
UPCR: UPC thread 15 of 16 on node011 (pshm node 1 of 2, process 15 of 16, pid=31408)
using a cache granularity of 8
using linear probing in the BDD table
using a memoization table of 2^23 = 8388608 entries (~320 MB) per thread
using a BDD table of 2^24 = 16777216 entries (~384 MB) per thread
Initializing /home/oortwijn/distdd/models/beem/fischer.2.bdd!
vector size: 10
bits per integer: 8
number of BDD variables: 80
Loading initial states: 
Initial states loaded... 
Loading transition relations... 
10 integers per state, 8 bits per integer, 21 transition groups
BDD nodes:
Initial states: 80 BDD nodes
Transition 0: 164 BDD nodes
Transition 1: 48 BDD nodes
Transition 2: 56 BDD nodes
Transition 3: 48 BDD nodes
Transition 4: 40 BDD nodes
Transition 5: 86 BDD nodes
Transition 6: 48 BDD nodes
Transition 7: 56 BDD nodes
Transition 8: 48 BDD nodes
Transition 9: 40 BDD nodes
Transition 10: 87 BDD nodes
Transition 11: 48 BDD nodes
Transition 12: 40 BDD nodes
Transition 13: 48 BDD nodes
Transition 14: 40 BDD nodes
Transition 15: 48 BDD nodes
Transition 16: 56 BDD nodes
Transition 17: 88 BDD nodes
Transition 18: 56 BDD nodes
Transition 19: 48 BDD nodes
Transition 20: 103 BDD nodes
Level 1... done.
Level 2... done.
Level 3... done.
Level 4... done.
Level 5... done.
Level 6... done.
Level 7... done.
Level 8... done.
Level 9... done.
Level 10... done.
Level 11... done.
Level 12... done.
Level 13... done.
Level 14... done.
Level 15... done.
Level 16... done.
Level 17... done.
Level 18... done.
Level 19... done.
Level 20... done.
Level 21... done.
Level 22... done.
Level 23... done.
Level 24... done.
Level 25... done.
Level 26... done.
Level 27... done.
Level 28... done.
Level 29... done.
Level 30... done.
Level 31... done.
Level 32... done.
Level 33... done.
Level 34... done.
Level 35... done.
Level 36... done.
Level 37... done.
Level 38... done.
Level 39... done.
Level 40... done.
Level 41... done.
Level 42... done.
Level 43... done.
Level 44... done.
Level 45... done.
Level 46... done.
Level 47... done.
Level 48... done.
Level 49... done.
Level 50... done.
PAR Time: 0.798472
Final states: 21733 states
Final states: 2439 BDD nodes
[1467907328.564234] [node010:29253:0]         sys.c:744  MXM  WARN  Conflicting CPU frequencies detected, using: 1495.12
[1467907328.932155] [node011:31356:0]         sys.c:744  MXM  WARN  Conflicting CPU frequencies detected, using: 1796.16
[1467907328.545671] [node010:29209:0]         sys.c:744  MXM  WARN  Conflicting CPU frequencies detected, using: 1495.12
