performing reachability, flags: -n 32 -N 16 -shared-heap 8GB --tablesize=26 --cachesize=25  
This is upcrun, job spawner for the Berkeley UPC compiler (http://upc.lbl.gov).
upcrun version 2.22.2
Network conduits supported by this installation: smp mxm ibv
[1467939109.016367] [node008:9081 :0]         sys.c:744  MXM  WARN  Conflicting CPU frequencies detected, using: 1695.19
[1467939109.027491] [node008:9081 :0]         mxm.c:196  MXM  WARN  The 'ulimit -s' on the system is set to 'unlimited'. This may have negative performance implications. Please set the stack size to the default value (10240) 
[1467939109.016367] [node008:9081 :0]         sys.c:744  MXM  WARN  Conflicting CPU frequencies detected, using: 1695.19
[1467939109.028243] [node008:9081 :0]         mxm.c:196  MXM  WARN  The 'ulimit -s' on the system is set to 'unlimited'. This may have negative performance implications. Please set the stack size to the default value (10240) 
[1467939109.385894] [node019:22775:0]         sys.c:744  MXM  WARN  Conflicting CPU frequencies detected, using: 1482.28
[1467939109.392406] [node019:22775:0]         mxm.c:196  MXM  WARN  The 'ulimit -s' on the system is set to 'unlimited'. This may have negative performance implications. Please set the stack size to the default value (10240) 
[1467939109.385894] [node019:22775:0]         sys.c:744  MXM  WARN  Conflicting CPU frequencies detected, using: 1482.28
[1467939109.391926] [node019:22775:0]         mxm.c:196  MXM  WARN  The 'ulimit -s' on the system is set to 'unlimited'. This may have negative performance implications. Please set the stack size to the default value (10240) 
[1467939109.377211] [node016:28773:0]         sys.c:744  MXM  WARN  Conflicting CPU frequencies detected, using: 1797.94
[1467939109.383636] [node016:28773:0]         mxm.c:196  MXM  WARN  The 'ulimit -s' on the system is set to 'unlimited'. This may have negative performance implications. Please set the stack size to the default value (10240) 
[1467939109.383420] [node021:26797:0]         sys.c:744  MXM  WARN  Conflicting CPU frequencies detected, using: 2521.78
[1467939109.389219] [node021:26797:0]         mxm.c:196  MXM  WARN  The 'ulimit -s' on the system is set to 'unlimited'. This may have negative performance implications. Please set the stack size to the default value (10240) 
[1467939109.383420] [node021:26797:0]         sys.c:744  MXM  WARN  Conflicting CPU frequencies detected, using: 2521.78
[1467939109.389563] [node021:26797:0]         mxm.c:196  MXM  WARN  The 'ulimit -s' on the system is set to 'unlimited'. This may have negative performance implications. Please set the stack size to the default value (10240) 
[1467939109.377211] [node016:28773:0]         sys.c:744  MXM  WARN  Conflicting CPU frequencies detected, using: 1797.94
[1467939109.382967] [node016:28773:0]         mxm.c:196  MXM  WARN  The 'ulimit -s' on the system is set to 'unlimited'. This may have negative performance implications. Please set the stack size to the default value (10240) 
[1467939109.381109] [node010:28901:0]         sys.c:744  MXM  WARN  Conflicting CPU frequencies detected, using: 2596.41
[1467939109.387192] [node010:28901:0]         mxm.c:196  MXM  WARN  The 'ulimit -s' on the system is set to 'unlimited'. This may have negative performance implications. Please set the stack size to the default value (10240) 
[1467939109.381109] [node010:28901:0]         sys.c:744  MXM  WARN  Conflicting CPU frequencies detected, using: 2596.41
[1467939109.386899] [node010:28901:0]         mxm.c:196  MXM  WARN  The 'ulimit -s' on the system is set to 'unlimited'. This may have negative performance implications. Please set the stack size to the default value (10240) 
[1467939109.386358] [node014:9444 :0]         sys.c:744  MXM  WARN  Conflicting CPU frequencies detected, using: 1502.81
[1467939109.393071] [node014:9444 :0]         mxm.c:196  MXM  WARN  The 'ulimit -s' on the system is set to 'unlimited'. This may have negative performance implications. Please set the stack size to the default value (10240) 
[1467939109.386358] [node014:9444 :0]         sys.c:744  MXM  WARN  Conflicting CPU frequencies detected, using: 1502.81
[1467939109.393603] [node014:9444 :0]         mxm.c:196  MXM  WARN  The 'ulimit -s' on the system is set to 'unlimited'. This may have negative performance implications. Please set the stack size to the default value (10240) 
[1467939109.372415] [node009:2269 :0]         sys.c:744  MXM  WARN  Conflicting CPU frequencies detected, using: 1894.41
[1467939109.383866] [node009:2269 :0]         mxm.c:196  MXM  WARN  The 'ulimit -s' on the system is set to 'unlimited'. This may have negative performance implications. Please set the stack size to the default value (10240) 
[1467939109.372415] [node009:2269 :0]         sys.c:744  MXM  WARN  Conflicting CPU frequencies detected, using: 1894.41
[1467939109.384646] [node009:2269 :0]         mxm.c:196  MXM  WARN  The 'ulimit -s' on the system is set to 'unlimited'. This may have negative performance implications. Please set the stack size to the default value (10240) 
[1467939109.375529] [node017:29197:0]         sys.c:744  MXM  WARN  Conflicting CPU frequencies detected, using: 2669.06
[1467939109.386555] [node017:29197:0]         mxm.c:196  MXM  WARN  The 'ulimit -s' on the system is set to 'unlimited'. This may have negative performance implications. Please set the stack size to the default value (10240) 
[1467939109.375176] [node012:20537:0]         sys.c:744  MXM  WARN  Conflicting CPU frequencies detected, using: 1388.81
[1467939109.386911] [node012:20537:0]         mxm.c:196  MXM  WARN  The 'ulimit -s' on the system is set to 'unlimited'. This may have negative performance implications. Please set the stack size to the default value (10240) 
[1467939109.375529] [node017:29197:0]         sys.c:744  MXM  WARN  Conflicting CPU frequencies detected, using: 2669.06
[1467939109.387304] [node017:29197:0]         mxm.c:196  MXM  WARN  The 'ulimit -s' on the system is set to 'unlimited'. This may have negative performance implications. Please set the stack size to the default value (10240) 
[1467939109.385595] [node011:29505:0]         sys.c:744  MXM  WARN  Conflicting CPU frequencies detected, using: 1896.28
[1467939109.397439] [node011:29505:0]         mxm.c:196  MXM  WARN  The 'ulimit -s' on the system is set to 'unlimited'. This may have negative performance implications. Please set the stack size to the default value (10240) 
[1467939109.379942] [node015:7045 :0]         sys.c:744  MXM  WARN  Conflicting CPU frequencies detected, using: 1991.44
[1467939109.392145] [node015:7045 :0]         mxm.c:196  MXM  WARN  The 'ulimit -s' on the system is set to 'unlimited'. This may have negative performance implications. Please set the stack size to the default value (10240) 
[1467939109.387196] [node022:23500:0]         sys.c:744  MXM  WARN  Conflicting CPU frequencies detected, using: 1973.25
[1467939109.399111] [node022:23500:0]         mxm.c:196  MXM  WARN  The 'ulimit -s' on the system is set to 'unlimited'. This may have negative performance implications. Please set the stack size to the default value (10240) 
[1467939109.390364] [node023:26775:0]         sys.c:744  MXM  WARN  Conflicting CPU frequencies detected, using: 1697.25
[1467939109.401527] [node023:26775:0]         mxm.c:196  MXM  WARN  The 'ulimit -s' on the system is set to 'unlimited'. This may have negative performance implications. Please set the stack size to the default value (10240) 
[1467939109.390364] [node023:26775:0]         sys.c:744  MXM  WARN  Conflicting CPU frequencies detected, using: 1697.25
[1467939109.402293] [node023:26775:0]         mxm.c:196  MXM  WARN  The 'ulimit -s' on the system is set to 'unlimited'. This may have negative performance implications. Please set the stack size to the default value (10240) 
[1467939109.381831] [node020:11466:0]         sys.c:744  MXM  WARN  Conflicting CPU frequencies detected, using: 2599.97
[1467939109.394126] [node020:11466:0]         mxm.c:196  MXM  WARN  The 'ulimit -s' on the system is set to 'unlimited'. This may have negative performance implications. Please set the stack size to the default value (10240) 
[1467939109.370939] [node013:11459:0]         sys.c:744  MXM  WARN  Conflicting CPU frequencies detected, using: 1434.75
[1467939109.382820] [node013:11459:0]         mxm.c:196  MXM  WARN  The 'ulimit -s' on the system is set to 'unlimited'. This may have negative performance implications. Please set the stack size to the default value (10240) 
[1467939109.370985] [node018:25979:0]         sys.c:744  MXM  WARN  Conflicting CPU frequencies detected, using: 1944.38
[1467939109.382021] [node018:25979:0]         mxm.c:196  MXM  WARN  The 'ulimit -s' on the system is set to 'unlimited'. This may have negative performance implications. Please set the stack size to the default value (10240) 
[1467939109.370939] [node013:11459:0]         sys.c:744  MXM  WARN  Conflicting CPU frequencies detected, using: 1434.75
[1467939109.382037] [node013:11459:0]         mxm.c:196  MXM  WARN  The 'ulimit -s' on the system is set to 'unlimited'. This may have negative performance implications. Please set the stack size to the default value (10240) 
[1467939109.375176] [node012:20537:0]         sys.c:744  MXM  WARN  Conflicting CPU frequencies detected, using: 1388.81
[1467939109.386114] [node012:20537:0]         mxm.c:196  MXM  WARN  The 'ulimit -s' on the system is set to 'unlimited'. This may have negative performance implications. Please set the stack size to the default value (10240) 
[1467939109.387196] [node022:23500:0]         sys.c:744  MXM  WARN  Conflicting CPU frequencies detected, using: 1973.25
[1467939109.398328] [node022:23500:0]         mxm.c:196  MXM  WARN  The 'ulimit -s' on the system is set to 'unlimited'. This may have negative performance implications. Please set the stack size to the default value (10240) 
[1467939109.385595] [node011:29505:0]         sys.c:744  MXM  WARN  Conflicting CPU frequencies detected, using: 1896.28
[1467939109.396673] [node011:29505:0]         mxm.c:196  MXM  WARN  The 'ulimit -s' on the system is set to 'unlimited'. This may have negative performance implications. Please set the stack size to the default value (10240) 
[1467939109.370985] [node018:25979:0]         sys.c:744  MXM  WARN  Conflicting CPU frequencies detected, using: 1944.38
[1467939109.381326] [node018:25979:0]         mxm.c:196  MXM  WARN  The 'ulimit -s' on the system is set to 'unlimited'. This may have negative performance implications. Please set the stack size to the default value (10240) 
[1467939109.381831] [node020:11466:0]         sys.c:744  MXM  WARN  Conflicting CPU frequencies detected, using: 2599.97
[1467939109.393377] [node020:11466:0]         mxm.c:196  MXM  WARN  The 'ulimit -s' on the system is set to 'unlimited'. This may have negative performance implications. Please set the stack size to the default value (10240) 
[1467939109.379942] [node015:7045 :0]         sys.c:744  MXM  WARN  Conflicting CPU frequencies detected, using: 1991.44
[1467939109.391402] [node015:7045 :0]         mxm.c:196  MXM  WARN  The 'ulimit -s' on the system is set to 'unlimited'. This may have negative performance implications. Please set the stack size to the default value (10240) 
UPCR: UPC thread  1 of 32 on node008 (pshm node  0 of 16, process  1 of 32, pid=9098)
UPCR: UPC thread  0 of 32 on node008 (pshm node  0 of 16, process  0 of 32, pid=9097)
UPCR: UPC thread 11 of 32 on node013 (pshm node  5 of 16, process 11 of 32, pid=11502)
UPCR: UPC thread 10 of 32 on node013 (pshm node  5 of 16, process 10 of 32, pid=11501)
UPCR: UPC thread  9 of 32 on node012 (pshm node  4 of 16, process  9 of 32, pid=20580)
UPCR: UPC thread  8 of 32 on node012 (pshm node  4 of 16, process  8 of 32, pid=20579)
UPCR: UPC thread 25 of 32 on node020 (pshm node 12 of 16, process 25 of 32, pid=11509)
UPCR: UPC thread 24 of 32 on node020 (pshm node 12 of 16, process 24 of 32, pid=11508)
UPCR: UPC thread 31 of 32 on node023 (pshm node 15 of 16, process 31 of 32, pid=26819)
UPCR: UPC thread 30 of 32 on node023 (pshm node 15 of 16, process 30 of 32, pid=26818)
UPCR: UPC thread  4 of 32 on node010 (pshm node  2 of 16, process  4 of 32, pid=28943)
UPCR: UPC thread  5 of 32 on node010 (pshm node  2 of 16, process  5 of 32, pid=28944)
UPCR: UPC thread 15 of 32 on node015 (pshm node  7 of 16, process 15 of 32, pid=7088)
UPCR: UPC thread 14 of 32 on node015 (pshm node  7 of 16, process 14 of 32, pid=7087)
UPCR: UPC thread 12 of 32 on node014 (pshm node  6 of 16, process 12 of 32, pid=9486)
UPCR: UPC thread 13 of 32 on node014 (pshm node  6 of 16, process 13 of 32, pid=9487)
UPCR: UPC thread  7 of 32 on node011 (pshm node  3 of 16, process  7 of 32, pid=29548)
UPCR: UPC thread  6 of 32 on node011 (pshm node  3 of 16, process  6 of 32, pid=29547)
UPCR: UPC thread 29 of 32 on node022 (pshm node 14 of 16, process 29 of 32, pid=23543)
UPCR: UPC thread 28 of 32 on node022 (pshm node 14 of 16, process 28 of 32, pid=23542)
UPCR: UPC thread 26 of 32 on node021 (pshm node 13 of 16, process 26 of 32, pid=26839)
UPCR: UPC thread 27 of 32 on node021 (pshm node 13 of 16, process 27 of 32, pid=26840)
UPCR: UPC thread 19 of 32 on node017 (pshm node  9 of 16, process 19 of 32, pid=29240)
UPCR: UPC thread 18 of 32 on node017 (pshm node  9 of 16, process 18 of 32, pid=29239)
UPCR: UPC thread 21 of 32 on node018 (pshm node 10 of 16, process 21 of 32, pid=26022)
UPCR: UPC thread 20 of 32 on node018 (pshm node 10 of 16, process 20 of 32, pid=26021)
UPCR: UPC thread 16 of 32 on node016 (pshm node  8 of 16, process 16 of 32, pid=28815)
UPCR: UPC thread 17 of 32 on node016 (pshm node  8 of 16, process 17 of 32, pid=28816)
UPCR: UPC thread 23 of 32 on node019 (pshm node 11 of 16, process 23 of 32, pid=22818)
UPCR: UPC thread 22 of 32 on node019 (pshm node 11 of 16, process 22 of 32, pid=22817)
UPCR: UPC thread  2 of 32 on node009 (pshm node  1 of 16, process  2 of 32, pid=2317)
UPCR: UPC thread  3 of 32 on node009 (pshm node  1 of 16, process  3 of 32, pid=2318)
using a cache granularity of 8
using linear probing in the BDD table
using a memoization table of 2^25 = 33554432 entries (~1280 MB) per thread
using a BDD table of 2^26 = 67108864 entries (~1536 MB) per thread
Initializing /home/oortwijn/distdd/models/beem/fischer.1.bdd!
vector size: 8
bits per integer: 8
number of BDD variables: 64
Loading initial states: 
Initial states loaded... 
Loading transition relations... 
8 integers per state, 8 bits per integer, 16 transition groups
BDD nodes:
Initial states: 64 BDD nodes
Transition 0: 131 BDD nodes
Transition 1: 48 BDD nodes
Transition 2: 48 BDD nodes
Transition 3: 56 BDD nodes
Transition 4: 40 BDD nodes
Transition 5: 84 BDD nodes
Transition 6: 48 BDD nodes
Transition 7: 40 BDD nodes
Transition 8: 48 BDD nodes
Transition 9: 40 BDD nodes
Transition 10: 56 BDD nodes
Transition 11: 48 BDD nodes
Transition 12: 84 BDD nodes
Transition 13: 56 BDD nodes
Transition 14: 48 BDD nodes
Transition 15: 100 BDD nodes
Level 1... done.
Level 2... done.
Level 3... done.
Level 4... done.
Level 5... done.
Level 6... done.
Level 7... done.
Level 8... done.
Level 9... done.
Level 10... done.
Level 11... done.
Level 12... done.
Level 13... done.
Level 14... done.
Level 15... done.
Level 16... done.
Level 17... done.
Level 18... done.
PAR Time: 0.121782
Final states: 634 states
Final states: 1051 BDD nodes
[1467939109.390364] [node023:26775:0]         sys.c:744  MXM  WARN  Conflicting CPU frequencies detected, using: 1697.25
[1467939109.375176] [node012:20537:0]         sys.c:744  MXM  WARN  Conflicting CPU frequencies detected, using: 1388.81
[1467939109.372415] [node009:2269 :0]         sys.c:744  MXM  WARN  Conflicting CPU frequencies detected, using: 1894.41
[1467939109.379942] [node015:7045 :0]         sys.c:744  MXM  WARN  Conflicting CPU frequencies detected, using: 1991.44
[1467939109.381831] [node020:11466:0]         sys.c:744  MXM  WARN  Conflicting CPU frequencies detected, using: 2599.97
[1467939109.370985] [node018:25979:0]         sys.c:744  MXM  WARN  Conflicting CPU frequencies detected, using: 1944.38
[1467939109.387196] [node022:23500:0]         sys.c:744  MXM  WARN  Conflicting CPU frequencies detected, using: 1973.25
[1467939109.016367] [node008:9081 :0]         sys.c:744  MXM  WARN  Conflicting CPU frequencies detected, using: 1695.19
[1467939109.375529] [node017:29197:0]         sys.c:744  MXM  WARN  Conflicting CPU frequencies detected, using: 2669.06
[1467939109.370939] [node013:11459:0]         sys.c:744  MXM  WARN  Conflicting CPU frequencies detected, using: 1434.75
[1467939109.386358] [node014:9444 :0]         sys.c:744  MXM  WARN  Conflicting CPU frequencies detected, using: 1502.81
[1467939109.385894] [node019:22775:0]         sys.c:744  MXM  WARN  Conflicting CPU frequencies detected, using: 1482.28
[1467939109.381109] [node010:28901:0]         sys.c:744  MXM  WARN  Conflicting CPU frequencies detected, using: 2596.41
[1467939109.377211] [node016:28773:0]         sys.c:744  MXM  WARN  Conflicting CPU frequencies detected, using: 1797.94
[1467939109.383420] [node021:26797:0]         sys.c:744  MXM  WARN  Conflicting CPU frequencies detected, using: 2521.78
[1467939109.385595] [node011:29505:0]         sys.c:744  MXM  WARN  Conflicting CPU frequencies detected, using: 1896.28
[1467939108.996382] [node008:9037 :0]         sys.c:744  MXM  WARN  Conflicting CPU frequencies detected, using: 1795.12
