performing reachability, flags: -n 32 -N 32 -shared-heap 16GB --tablesize=27 --cachesize=26  
This is upcrun, job spawner for the Berkeley UPC compiler (http://upc.lbl.gov).
upcrun version 2.22.2
Network conduits supported by this installation: smp mxm ibv
[1467940181.910056] [node008:16042:0]         sys.c:744  MXM  WARN  Conflicting CPU frequencies detected, using: 2062.50
[1467940181.919561] [node008:16042:0]         mxm.c:196  MXM  WARN  The 'ulimit -s' on the system is set to 'unlimited'. This may have negative performance implications. Please set the stack size to the default value (10240) 
[1467940182.259937] [node058:26580:0]         sys.c:744  MXM  WARN  Conflicting CPU frequencies detected, using: 2399.91
[1467940182.266278] [node058:26580:0]         mxm.c:196  MXM  WARN  The 'ulimit -s' on the system is set to 'unlimited'. This may have negative performance implications. Please set the stack size to the default value (10240) 
[1467940182.278481] [node021:30868:0]         sys.c:744  MXM  WARN  Conflicting CPU frequencies detected, using: 2035.03
[1467940182.284591] [node021:30868:0]         mxm.c:196  MXM  WARN  The 'ulimit -s' on the system is set to 'unlimited'. This may have negative performance implications. Please set the stack size to the default value (10240) 
[1467940182.279753] [node065:23215:0]         sys.c:744  MXM  WARN  Conflicting CPU frequencies detected, using: 2396.06
[1467940182.285553] [node065:23215:0]         mxm.c:196  MXM  WARN  The 'ulimit -s' on the system is set to 'unlimited'. This may have negative performance implications. Please set the stack size to the default value (10240) 
[1467940182.278311] [node061:8896 :0]         sys.c:744  MXM  WARN  Conflicting CPU frequencies detected, using: 1993.59
[1467940182.284212] [node061:8896 :0]         mxm.c:196  MXM  WARN  The 'ulimit -s' on the system is set to 'unlimited'. This may have negative performance implications. Please set the stack size to the default value (10240) 
[1467940182.278490] [node010:543  :0]         sys.c:744  MXM  WARN  Conflicting CPU frequencies detected, using: 1899.28
[1467940182.284542] [node010:543  :0]         mxm.c:196  MXM  WARN  The 'ulimit -s' on the system is set to 'unlimited'. This may have negative performance implications. Please set the stack size to the default value (10240) 
[1467940182.283553] [node014:13509:0]         sys.c:744  MXM  WARN  Conflicting CPU frequencies detected, using: 1997.72
[1467940182.289686] [node014:13509:0]         mxm.c:196  MXM  WARN  The 'ulimit -s' on the system is set to 'unlimited'. This may have negative performance implications. Please set the stack size to the default value (10240) 
[1467940182.286422] [node059:26561:0]         sys.c:744  MXM  WARN  Conflicting CPU frequencies detected, using: 1896.75
[1467940182.292645] [node059:26561:0]         mxm.c:196  MXM  WARN  The 'ulimit -s' on the system is set to 'unlimited'. This may have negative performance implications. Please set the stack size to the default value (10240) 
[1467940182.287603] [node060:27567:0]         sys.c:744  MXM  WARN  Conflicting CPU frequencies detected, using: 1446.09
[1467940182.293819] [node060:27567:0]         mxm.c:196  MXM  WARN  The 'ulimit -s' on the system is set to 'unlimited'. This may have negative performance implications. Please set the stack size to the default value (10240) 
[1467940182.291567] [node063:22320:0]         sys.c:744  MXM  WARN  Conflicting CPU frequencies detected, using: 1890.47
[1467940182.297768] [node063:22320:0]         mxm.c:196  MXM  WARN  The 'ulimit -s' on the system is set to 'unlimited'. This may have negative performance implications. Please set the stack size to the default value (10240) 
[1467940182.291663] [node057:27513:0]         sys.c:744  MXM  WARN  Conflicting CPU frequencies detected, using: 1795.69
[1467940182.297570] [node057:27513:0]         mxm.c:196  MXM  WARN  The 'ulimit -s' on the system is set to 'unlimited'. This may have negative performance implications. Please set the stack size to the default value (10240) 
[1467940182.293953] [node019:26831:0]         sys.c:744  MXM  WARN  Conflicting CPU frequencies detected, using: 1799.06
[1467940182.300103] [node019:26831:0]         mxm.c:196  MXM  WARN  The 'ulimit -s' on the system is set to 'unlimited'. This may have negative performance implications. Please set the stack size to the default value (10240) 
[1467940182.292260] [node053:24355:0]         sys.c:744  MXM  WARN  Conflicting CPU frequencies detected, using: 1394.91
[1467940182.298386] [node053:24355:0]         mxm.c:196  MXM  WARN  The 'ulimit -s' on the system is set to 'unlimited'. This may have negative performance implications. Please set the stack size to the default value (10240) 
[1467940182.288832] [node022:27567:0]         sys.c:744  MXM  WARN  Conflicting CPU frequencies detected, using: 1897.69
[1467940182.297348] [node022:27567:0]         mxm.c:196  MXM  WARN  The 'ulimit -s' on the system is set to 'unlimited'. This may have negative performance implications. Please set the stack size to the default value (10240) 
[1467940182.279999] [node012:24596:0]         sys.c:744  MXM  WARN  Conflicting CPU frequencies detected, using: 2288.53
[1467940182.288771] [node012:24596:0]         mxm.c:196  MXM  WARN  The 'ulimit -s' on the system is set to 'unlimited'. This may have negative performance implications. Please set the stack size to the default value (10240) 
[1467940182.295377] [node062:20960:0]         sys.c:744  MXM  WARN  Conflicting CPU frequencies detected, using: 1898.16
[1467940182.304128] [node062:20960:0]         mxm.c:196  MXM  WARN  The 'ulimit -s' on the system is set to 'unlimited'. This may have negative performance implications. Please set the stack size to the default value (10240) 
[1467940182.277020] [node016:377  :0]         sys.c:744  MXM  WARN  Conflicting CPU frequencies detected, using: 2600.44
[1467940182.283023] [node016:377  :0]         mxm.c:196  MXM  WARN  The 'ulimit -s' on the system is set to 'unlimited'. This may have negative performance implications. Please set the stack size to the default value (10240) 
[1467940182.275515] [node013:15532:0]         sys.c:744  MXM  WARN  Conflicting CPU frequencies detected, using: 2599.97
[1467940182.284342] [node013:15532:0]         mxm.c:196  MXM  WARN  The 'ulimit -s' on the system is set to 'unlimited'. This may have negative performance implications. Please set the stack size to the default value (10240) 
[1467940182.284603] [node017:851  :0]         sys.c:744  MXM  WARN  Conflicting CPU frequencies detected, using: 3090.84
[1467940182.293205] [node017:851  :0]         mxm.c:196  MXM  WARN  The 'ulimit -s' on the system is set to 'unlimited'. This may have negative performance implications. Please set the stack size to the default value (10240) 
[1467940182.272453] [node009:6403 :0]         sys.c:744  MXM  WARN  Conflicting CPU frequencies detected, using: 1895.81
[1467940182.281534] [node009:6403 :0]         mxm.c:196  MXM  WARN  The 'ulimit -s' on the system is set to 'unlimited'. This may have negative performance implications. Please set the stack size to the default value (10240) 
[1467940182.277694] [node011:1164 :0]         sys.c:744  MXM  WARN  Conflicting CPU frequencies detected, using: 2400.75
[1467940182.286470] [node011:1164 :0]         mxm.c:196  MXM  WARN  The 'ulimit -s' on the system is set to 'unlimited'. This may have negative performance implications. Please set the stack size to the default value (10240) 
[1467940182.277808] [node015:11111:0]         sys.c:744  MXM  WARN  Conflicting CPU frequencies detected, using: 1866.94
[1467940182.286801] [node015:11111:0]         mxm.c:196  MXM  WARN  The 'ulimit -s' on the system is set to 'unlimited'. This may have negative performance implications. Please set the stack size to the default value (10240) 
[1467940182.289963] [node018:30032:0]         sys.c:744  MXM  WARN  Conflicting CPU frequencies detected, using: 1813.22
[1467940182.298942] [node018:30032:0]         mxm.c:196  MXM  WARN  The 'ulimit -s' on the system is set to 'unlimited'. This may have negative performance implications. Please set the stack size to the default value (10240) 
[1467940182.283923] [node023:30838:0]         sys.c:744  MXM  WARN  Conflicting CPU frequencies detected, using: 2099.81
[1467940182.292599] [node023:30838:0]         mxm.c:196  MXM  WARN  The 'ulimit -s' on the system is set to 'unlimited'. This may have negative performance implications. Please set the stack size to the default value (10240) 
[1467940182.288795] [node054:29179:0]         sys.c:744  MXM  WARN  Conflicting CPU frequencies detected, using: 1507.41
[1467940182.297616] [node054:29179:0]         mxm.c:196  MXM  WARN  The 'ulimit -s' on the system is set to 'unlimited'. This may have negative performance implications. Please set the stack size to the default value (10240) 
[1467940182.283190] [node020:15527:0]         sys.c:744  MXM  WARN  Conflicting CPU frequencies detected, using: 1980.56
[1467940182.292320] [node020:15527:0]         mxm.c:196  MXM  WARN  The 'ulimit -s' on the system is set to 'unlimited'. This may have negative performance implications. Please set the stack size to the default value (10240) 
[1467940182.295202] [node068:25585:0]         sys.c:744  MXM  WARN  Conflicting CPU frequencies detected, using: 1401.09
[1467940182.304164] [node068:25585:0]         mxm.c:196  MXM  WARN  The 'ulimit -s' on the system is set to 'unlimited'. This may have negative performance implications. Please set the stack size to the default value (10240) 
[1467940182.287774] [node056:28190:0]         sys.c:744  MXM  WARN  Conflicting CPU frequencies detected, using: 1798.03
[1467940182.296411] [node056:28190:0]         mxm.c:196  MXM  WARN  The 'ulimit -s' on the system is set to 'unlimited'. This may have negative performance implications. Please set the stack size to the default value (10240) 
[1467940182.294748] [node066:23642:0]         sys.c:744  MXM  WARN  Conflicting CPU frequencies detected, using: 1898.72
[1467940182.303778] [node066:23642:0]         mxm.c:196  MXM  WARN  The 'ulimit -s' on the system is set to 'unlimited'. This may have negative performance implications. Please set the stack size to the default value (10240) 
[1467940182.272862] [node055:27624:0]         sys.c:744  MXM  WARN  Conflicting CPU frequencies detected, using: 2400.00
[1467940182.282115] [node055:27624:0]         mxm.c:196  MXM  WARN  The 'ulimit -s' on the system is set to 'unlimited'. This may have negative performance implications. Please set the stack size to the default value (10240) 
[1467940182.286258] [node064:22566:0]         sys.c:744  MXM  WARN  Conflicting CPU frequencies detected, using: 1799.44
[1467940182.294923] [node064:22566:0]         mxm.c:196  MXM  WARN  The 'ulimit -s' on the system is set to 'unlimited'. This may have negative performance implications. Please set the stack size to the default value (10240) 
[1467940182.281662] [node067:27836:0]         sys.c:744  MXM  WARN  Conflicting CPU frequencies detected, using: 1998.28
[1467940182.290810] [node067:27836:0]         mxm.c:196  MXM  WARN  The 'ulimit -s' on the system is set to 'unlimited'. This may have negative performance implications. Please set the stack size to the default value (10240) 
UPCR: UPC thread  0 of 32 on node008 (pshm node  0 of 32, process  0 of 32, pid=16074)
UPCR: UPC thread 21 of 32 on node058 (pshm node 21 of 32, process 21 of 32, pid=26622)
UPCR: UPC thread 25 of 32 on node062 (pshm node 25 of 32, process 25 of 32, pid=21002)
UPCR: UPC thread  9 of 32 on node017 (pshm node  9 of 32, process  9 of 32, pid=896)
UPCR: UPC thread 15 of 32 on node023 (pshm node 15 of 32, process 15 of 32, pid=30881)
UPCR: UPC thread 29 of 32 on node066 (pshm node 29 of 32, process 29 of 32, pid=23684)
UPCR: UPC thread 13 of 32 on node021 (pshm node 13 of 32, process 13 of 32, pid=30910)
UPCR: UPC thread  8 of 32 on node016 (pshm node  8 of 32, process  8 of 32, pid=437)
UPCR: UPC thread 11 of 32 on node019 (pshm node 11 of 32, process 11 of 32, pid=26873)
UPCR: UPC thread  2 of 32 on node010 (pshm node  2 of 32, process  2 of 32, pid=585)
UPCR: UPC thread  7 of 32 on node015 (pshm node  7 of 32, process  7 of 32, pid=11153)
UPCR: UPC thread  3 of 32 on node011 (pshm node  3 of 32, process  3 of 32, pid=1206)
UPCR: UPC thread 30 of 32 on node067 (pshm node 30 of 32, process 30 of 32, pid=27878)
UPCR: UPC thread 31 of 32 on node068 (pshm node 31 of 32, process 31 of 32, pid=25627)
UPCR: UPC thread  4 of 32 on node012 (pshm node  4 of 32, process  4 of 32, pid=24638)
UPCR: UPC thread 10 of 32 on node018 (pshm node 10 of 32, process 10 of 32, pid=30074)
UPCR: UPC thread 27 of 32 on node064 (pshm node 27 of 32, process 27 of 32, pid=22608)
UPCR: UPC thread 17 of 32 on node054 (pshm node 17 of 32, process 17 of 32, pid=29221)
UPCR: UPC thread  6 of 32 on node014 (pshm node  6 of 32, process  6 of 32, pid=13551)
UPCR: UPC thread  1 of 32 on node009 (pshm node  1 of 32, process  1 of 32, pid=6445)
UPCR: UPC thread 16 of 32 on node053 (pshm node 16 of 32, process 16 of 32, pid=24397)
UPCR: UPC thread 18 of 32 on node055 (pshm node 18 of 32, process 18 of 32, pid=27666)
UPCR: UPC thread 28 of 32 on node065 (pshm node 28 of 32, process 28 of 32, pid=23257)
UPCR: UPC thread  5 of 32 on node013 (pshm node  5 of 32, process  5 of 32, pid=15574)
UPCR: UPC thread 20 of 32 on node057 (pshm node 20 of 32, process 20 of 32, pid=27555)
UPCR: UPC thread 19 of 32 on node056 (pshm node 19 of 32, process 19 of 32, pid=28232)
UPCR: UPC thread 22 of 32 on node059 (pshm node 22 of 32, process 22 of 32, pid=26603)
UPCR: UPC thread 23 of 32 on node060 (pshm node 23 of 32, process 23 of 32, pid=27609)
UPCR: UPC thread 24 of 32 on node061 (pshm node 24 of 32, process 24 of 32, pid=8938)
UPCR: UPC thread 14 of 32 on node022 (pshm node 14 of 32, process 14 of 32, pid=27609)
UPCR: UPC thread 12 of 32 on node020 (pshm node 12 of 32, process 12 of 32, pid=15569)
UPCR: UPC thread 26 of 32 on node063 (pshm node 26 of 32, process 26 of 32, pid=22362)
using a cache granularity of 8
using linear probing in the BDD table
using a memoization table of 2^26 = 67108864 entries (~2560 MB) per thread
using a BDD table of 2^27 = 134217728 entries (~3072 MB) per thread
Initializing /home/oortwijn/distdd/models/beem/fischer.7.bdd!
vector size: 18
bits per integer: 8
number of BDD variables: 144
Loading initial states: 
Initial states loaded... 
Loading transition relations... 
18 integers per state, 8 bits per integer, 41 transition groups
BDD nodes:
Initial states: 144 BDD nodes
Transition 0: 296 BDD nodes
Transition 1: 48 BDD nodes
Transition 2: 56 BDD nodes
Transition 3: 48 BDD nodes
Transition 4: 40 BDD nodes
Transition 5: 91 BDD nodes
Transition 6: 48 BDD nodes
Transition 7: 48 BDD nodes
Transition 8: 56 BDD nodes
Transition 9: 40 BDD nodes
Transition 10: 92 BDD nodes
Transition 11: 48 BDD nodes
Transition 12: 56 BDD nodes
Transition 13: 48 BDD nodes
Transition 14: 40 BDD nodes
Transition 15: 92 BDD nodes
Transition 16: 48 BDD nodes
Transition 17: 56 BDD nodes
Transition 18: 48 BDD nodes
Transition 19: 40 BDD nodes
Transition 20: 90 BDD nodes
Transition 21: 48 BDD nodes
Transition 22: 40 BDD nodes
Transition 23: 48 BDD nodes
Transition 24: 40 BDD nodes
Transition 25: 48 BDD nodes
Transition 26: 40 BDD nodes
Transition 27: 48 BDD nodes
Transition 28: 40 BDD nodes
Transition 29: 48 BDD nodes
Transition 30: 56 BDD nodes
Transition 31: 93 BDD nodes
Transition 32: 56 BDD nodes
Transition 33: 48 BDD nodes
Transition 34: 93 BDD nodes
Transition 35: 56 BDD nodes
Transition 36: 48 BDD nodes
Transition 37: 93 BDD nodes
Transition 38: 48 BDD nodes
Transition 39: 56 BDD nodes
Transition 40: 106 BDD nodes
Level 1... done.
Level 2... done.
Level 3... done.
Level 4... done.
Level 5... done.
Level 6... done.
Level 7... done.
Level 8... done.
Level 9... done.
Level 10... done.
Level 11... done.
Level 12... done.
Level 13... done.
Level 14... done.
Level 15... done.
Level 16... done.
Level 17... done.
Level 18... done.
Level 19... done.
Level 20... done.
Level 21... done.
Level 22... done.
Level 23... done.
Level 24... done.
Level 25... done.
Level 26... done.
Level 27... done.
Level 28... done.
Level 29... done.
Level 30... done.
Level 31... done.
Level 32... done.
Level 33... done.
Level 34... done.
Level 35... done.
Level 36... done.
Level 37... done.
Level 38... done.
Level 39... done.
Level 40... done.
Level 41... done.
Level 42... done.
Level 43... done.
Level 44... done.
Level 45... done.
Level 46... done.
Level 47... done.
Level 48... done.
Level 49... done.
Level 50... done.
Level 51... done.
Level 52... done.
Level 53... done.
Level 54... done.
Level 55... done.
Level 56... done.
Level 57... done.
Level 58... done.
Level 59... done.
Level 60... done.
Level 61... done.
Level 62... done.
Level 63... done.
Level 64... done.
Level 65... done.
Level 66... done.
Level 67... done.
Level 68... done.
Level 69... done.
Level 70... done.
Level 71... done.
Level 72... done.
Level 73... done.
Level 74... done.
Level 75... done.
Level 76... done.
Level 77... done.
Level 78... done.
Level 79... done.
Level 80... done.
Level 81... done.
Level 82... done.
Level 83... done.
Level 84... done.
Level 85... done.
Level 86... done.
Level 87... done.
Level 88... done.
Level 89... done.
Level 90... done.
Level 91... done.
Level 92... done.
Level 93... done.
Level 94... done.
Level 95... done.
Level 96... done.
Level 97... done.
Level 98... done.
Level 99... done.
Level 100... done.
Level 101... done.
Level 102... done.
Level 103... done.
Level 104... done.
Level 105... done.
Level 106... done.
Level 107... done.
Level 108... done.
Level 109... done.
Level 110... done.
PAR Time: 57.975683
Final states: 386297005 states
Final states: 31620 BDD nodes
[1467940182.279753] [node065:23215:0]         sys.c:744  MXM  WARN  Conflicting CPU frequencies detected, using: 2396.06
[1467940182.291663] [node057:27513:0]         sys.c:744  MXM  WARN  Conflicting CPU frequencies detected, using: 1795.69
[1467940182.288795] [node054:29179:0]         sys.c:744  MXM  WARN  Conflicting CPU frequencies detected, using: 1507.41
[1467940182.289963] [node018:30032:0]         sys.c:744  MXM  WARN  Conflicting CPU frequencies detected, using: 1813.22
[1467940182.277808] [node015:11111:0]         sys.c:744  MXM  WARN  Conflicting CPU frequencies detected, using: 1866.94
[1467940182.272862] [node055:27624:0]         sys.c:744  MXM  WARN  Conflicting CPU frequencies detected, using: 2400.00
[1467940182.278311] [node061:8896 :0]         sys.c:744  MXM  WARN  Conflicting CPU frequencies detected, using: 1993.59
[1467940182.283190] [node020:15527:0]         sys.c:744  MXM  WARN  Conflicting CPU frequencies detected, using: 1980.56
[1467940182.287774] [node056:28190:0]         sys.c:744  MXM  WARN  Conflicting CPU frequencies detected, using: 1798.03
[1467940182.272453] [node009:6403 :0]         sys.c:744  MXM  WARN  Conflicting CPU frequencies detected, using: 1895.81
[1467940182.295202] [node068:25585:0]         sys.c:744  MXM  WARN  Conflicting CPU frequencies detected, using: 1401.09
[1467940182.283923] [node023:30838:0]         sys.c:744  MXM  WARN  Conflicting CPU frequencies detected, using: 2099.81
[1467940182.278490] [node010:543  :0]         sys.c:744  MXM  WARN  Conflicting CPU frequencies detected, using: 1899.28
[1467940182.293953] [node019:26831:0]         sys.c:744  MXM  WARN  Conflicting CPU frequencies detected, using: 1799.06
[1467940182.283553] [node014:13509:0]         sys.c:744  MXM  WARN  Conflicting CPU frequencies detected, using: 1997.72
[1467940182.284603] [node017:851  :0]         sys.c:744  MXM  WARN  Conflicting CPU frequencies detected, using: 3090.84
[1467940182.277020] [node016:377  :0]         sys.c:744  MXM  WARN  Conflicting CPU frequencies detected, using: 2600.44
[1467940182.292260] [node053:24355:0]         sys.c:744  MXM  WARN  Conflicting CPU frequencies detected, using: 1394.91
[1467940182.291567] [node063:22320:0]         sys.c:744  MXM  WARN  Conflicting CPU frequencies detected, using: 1890.47
[1467940182.286258] [node064:22566:0]         sys.c:744  MXM  WARN  Conflicting CPU frequencies detected, using: 1799.44
[1467940182.295377] [node062:20960:0]         sys.c:744  MXM  WARN  Conflicting CPU frequencies detected, using: 1898.16
[1467940182.278481] [node021:30868:0]         sys.c:744  MXM  WARN  Conflicting CPU frequencies detected, using: 2035.03
[1467940182.287603] [node060:27567:0]         sys.c:744  MXM  WARN  Conflicting CPU frequencies detected, using: 1446.09
[1467940182.259937] [node058:26580:0]         sys.c:744  MXM  WARN  Conflicting CPU frequencies detected, using: 2399.91
[1467940182.286422] [node059:26561:0]         sys.c:744  MXM  WARN  Conflicting CPU frequencies detected, using: 1896.75
[1467940182.277694] [node011:1164 :0]         sys.c:744  MXM  WARN  Conflicting CPU frequencies detected, using: 2400.75
[1467940182.288832] [node022:27567:0]         sys.c:744  MXM  WARN  Conflicting CPU frequencies detected, using: 1897.69
[1467940182.279999] [node012:24596:0]         sys.c:744  MXM  WARN  Conflicting CPU frequencies detected, using: 2288.53
[1467940182.275515] [node013:15532:0]         sys.c:744  MXM  WARN  Conflicting CPU frequencies detected, using: 2599.97
[1467940181.910056] [node008:16042:0]         sys.c:744  MXM  WARN  Conflicting CPU frequencies detected, using: 2062.50
[1467940182.281662] [node067:27836:0]         sys.c:744  MXM  WARN  Conflicting CPU frequencies detected, using: 1998.28
[1467940182.294748] [node066:23642:0]         sys.c:744  MXM  WARN  Conflicting CPU frequencies detected, using: 1898.72
[1467940181.888209] [node008:15998:0]         sys.c:744  MXM  WARN  Conflicting CPU frequencies detected, using: 2599.97
