performing reachability, flags: -n 8 -N 8 -shared-heap 16GB --tablesize=27 --cachesize=26  
This is upcrun, job spawner for the Berkeley UPC compiler (http://upc.lbl.gov).
upcrun version 2.22.2
Network conduits supported by this installation: smp mxm ibv
[1467907980.469464] [node053:5107 :0]         sys.c:744  MXM  WARN  Conflicting CPU frequencies detected, using: 1698.28
[1467907980.474715] [node053:5107 :0]         mxm.c:196  MXM  WARN  The 'ulimit -s' on the system is set to 'unlimited'. This may have negative performance implications. Please set the stack size to the default value (10240) 
[1467907980.830137] [node057:12615:0]         sys.c:744  MXM  WARN  Conflicting CPU frequencies detected, using: 1895.44
[1467907980.836305] [node057:12615:0]         mxm.c:196  MXM  WARN  The 'ulimit -s' on the system is set to 'unlimited'. This may have negative performance implications. Please set the stack size to the default value (10240) 
[1467907980.829997] [node054:15385:0]         sys.c:744  MXM  WARN  Conflicting CPU frequencies detected, using: 1998.38
[1467907980.839227] [node054:15385:0]         mxm.c:196  MXM  WARN  The 'ulimit -s' on the system is set to 'unlimited'. This may have negative performance implications. Please set the stack size to the default value (10240) 
[1467907980.834599] [node056:14751:0]         sys.c:744  MXM  WARN  Conflicting CPU frequencies detected, using: 1694.91
[1467907980.843665] [node056:14751:0]         mxm.c:196  MXM  WARN  The 'ulimit -s' on the system is set to 'unlimited'. This may have negative performance implications. Please set the stack size to the default value (10240) 
[1467907980.829860] [node058:12749:0]         sys.c:744  MXM  WARN  Conflicting CPU frequencies detected, using: 1489.31
[1467907980.836249] [node058:12749:0]         mxm.c:196  MXM  WARN  The 'ulimit -s' on the system is set to 'unlimited'. This may have negative performance implications. Please set the stack size to the default value (10240) 
[1467907980.829065] [node055:14521:0]         sys.c:744  MXM  WARN  Conflicting CPU frequencies detected, using: 1895.81
[1467907980.838211] [node055:14521:0]         mxm.c:196  MXM  WARN  The 'ulimit -s' on the system is set to 'unlimited'. This may have negative performance implications. Please set the stack size to the default value (10240) 
[1467907980.834084] [node059:12923:0]         sys.c:744  MXM  WARN  Conflicting CPU frequencies detected, using: 1896.84
[1467907980.840159] [node059:12923:0]         mxm.c:196  MXM  WARN  The 'ulimit -s' on the system is set to 'unlimited'. This may have negative performance implications. Please set the stack size to the default value (10240) 
[1467907980.835606] [node060:13633:0]         sys.c:744  MXM  WARN  Conflicting CPU frequencies detected, using: 1895.91
[1467907980.841790] [node060:13633:0]         mxm.c:196  MXM  WARN  The 'ulimit -s' on the system is set to 'unlimited'. This may have negative performance implications. Please set the stack size to the default value (10240) 
UPCR: UPC thread 0 of 8 on node053 (pshm node 0 of 8, process 0 of 8, pid=5115)
UPCR: UPC thread 2 of 8 on node055 (pshm node 2 of 8, process 2 of 8, pid=14563)
UPCR: UPC thread 6 of 8 on node059 (pshm node 6 of 8, process 6 of 8, pid=12973)
UPCR: UPC thread 5 of 8 on node058 (pshm node 5 of 8, process 5 of 8, pid=12791)
UPCR: UPC thread 3 of 8 on node056 (pshm node 3 of 8, process 3 of 8, pid=14793)
UPCR: UPC thread 7 of 8 on node060 (pshm node 7 of 8, process 7 of 8, pid=13675)
UPCR: UPC thread 1 of 8 on node054 (pshm node 1 of 8, process 1 of 8, pid=15427)
UPCR: UPC thread 4 of 8 on node057 (pshm node 4 of 8, process 4 of 8, pid=12657)
using a cache granularity of 8
using linear probing in the BDD table
using a memoization table of 2^26 = 67108864 entries (~2560 MB) per thread
using a BDD table of 2^27 = 134217728 entries (~3072 MB) per thread
Initializing /home/oortwijn/distdd/models/beem/fischer.7.bdd!
vector size: 18
bits per integer: 8
number of BDD variables: 144
Loading initial states: 
Initial states loaded... 
Loading transition relations... 
18 integers per state, 8 bits per integer, 41 transition groups
BDD nodes:
Initial states: 144 BDD nodes
Transition 0: 296 BDD nodes
Transition 1: 48 BDD nodes
Transition 2: 56 BDD nodes
Transition 3: 48 BDD nodes
Transition 4: 40 BDD nodes
Transition 5: 91 BDD nodes
Transition 6: 48 BDD nodes
Transition 7: 48 BDD nodes
Transition 8: 56 BDD nodes
Transition 9: 40 BDD nodes
Transition 10: 92 BDD nodes
Transition 11: 48 BDD nodes
Transition 12: 56 BDD nodes
Transition 13: 48 BDD nodes
Transition 14: 40 BDD nodes
Transition 15: 92 BDD nodes
Transition 16: 48 BDD nodes
Transition 17: 56 BDD nodes
Transition 18: 48 BDD nodes
Transition 19: 40 BDD nodes
Transition 20: 90 BDD nodes
Transition 21: 48 BDD nodes
Transition 22: 40 BDD nodes
Transition 23: 48 BDD nodes
Transition 24: 40 BDD nodes
Transition 25: 48 BDD nodes
Transition 26: 40 BDD nodes
Transition 27: 48 BDD nodes
Transition 28: 40 BDD nodes
Transition 29: 48 BDD nodes
Transition 30: 56 BDD nodes
Transition 31: 93 BDD nodes
Transition 32: 56 BDD nodes
Transition 33: 48 BDD nodes
Transition 34: 93 BDD nodes
Transition 35: 56 BDD nodes
Transition 36: 48 BDD nodes
Transition 37: 93 BDD nodes
Transition 38: 48 BDD nodes
Transition 39: 56 BDD nodes
Transition 40: 106 BDD nodes
Level 1... done.
Level 2... done.
Level 3... done.
Level 4... done.
Level 5... done.
Level 6... done.
Level 7... done.
Level 8... done.
Level 9... done.
Level 10... done.
Level 11... done.
Level 12... done.
Level 13... done.
Level 14... done.
Level 15... done.
Level 16... done.
Level 17... done.
Level 18... done.
Level 19... done.
Level 20... done.
Level 21... done.
Level 22... done.
Level 23... done.
Level 24... done.
Level 25... done.
Level 26... done.
Level 27... done.
Level 28... done.
Level 29... done.
Level 30... done.
Level 31... done.
Level 32... done.
Level 33... done.
Level 34... done.
Level 35... done.
Level 36... done.
Level 37... done.
Level 38... done.
Level 39... done.
Level 40... done.
Level 41... done.
Level 42... done.
Level 43... done.
Level 44... done.
Level 45... done.
Level 46... done.
Level 47... done.
Level 48... done.
Level 49... done.
Level 50... done.
Level 51... done.
Level 52... done.
Level 53... done.
Level 54... done.
Level 55... done.
Level 56... done.
Level 57... done.
Level 58... done.
Level 59... done.
Level 60... done.
Level 61... done.
Level 62... done.
Level 63... done.
Level 64... done.
Level 65... done.
Level 66... done.
Level 67... done.
Level 68... done.
Level 69... done.
Level 70... done.
Level 71... done.
Level 72... done.
Level 73... done.
Level 74... done.
Level 75... done.
Level 76... done.
Level 77... done.
Level 78... done.
Level 79... done.
Level 80... done.
Level 81... done.
Level 82... done.
Level 83... done.
Level 84... done.
Level 85... done.
Level 86... done.
Level 87... done.
Level 88... done.
Level 89... done.
Level 90... done.
Level 91... done.
Level 92... done.
Level 93... done.
Level 94... done.
Level 95... done.
Level 96... done.
Level 97... done.
Level 98... done.
Level 99... done.
Level 100... done.
Level 101... done.
Level 102... done.
Level 103... done.
Level 104... done.
Level 105... done.
Level 106... done.
Level 107... done.
Level 108... done.
Level 109... done.
Level 110... done.
PAR Time: 134.434461
Final states: 386297005 states
Final states: 31620 BDD nodes
[1467907980.830137] [node057:12615:0]         sys.c:744  MXM  WARN  Conflicting CPU frequencies detected, using: 1895.44
[1467907980.829860] [node058:12749:0]         sys.c:744  MXM  WARN  Conflicting CPU frequencies detected, using: 1489.31
[1467907980.829997] [node054:15385:0]         sys.c:744  MXM  WARN  Conflicting CPU frequencies detected, using: 1998.38
[1467907980.834084] [node059:12923:0]         sys.c:744  MXM  WARN  Conflicting CPU frequencies detected, using: 1896.84
[1467907980.829065] [node055:14521:0]         sys.c:744  MXM  WARN  Conflicting CPU frequencies detected, using: 1895.81
[1467907980.469464] [node053:5107 :0]         sys.c:744  MXM  WARN  Conflicting CPU frequencies detected, using: 1698.28
[1467907980.835606] [node060:13633:0]         sys.c:744  MXM  WARN  Conflicting CPU frequencies detected, using: 1895.91
[1467907980.834599] [node056:14751:0]         sys.c:744  MXM  WARN  Conflicting CPU frequencies detected, using: 1694.91
[1467907980.450413] [node053:5063 :0]         sys.c:744  MXM  WARN  Conflicting CPU frequencies detected, using: 1698.28
