performing reachability, flags: -n 2 -N 2 -shared-heap 16GB --tablesize=27 --cachesize=26  
This is upcrun, job spawner for the Berkeley UPC compiler (http://upc.lbl.gov).
upcrun version 2.22.2
Network conduits supported by this installation: smp mxm ibv
[1467908171.865468] [node019:24936:0]         sys.c:744  MXM  WARN  Conflicting CPU frequencies detected, using: 1797.84
[1467908171.870944] [node019:24936:0]         mxm.c:196  MXM  WARN  The 'ulimit -s' on the system is set to 'unlimited'. This may have negative performance implications. Please set the stack size to the default value (10240) 
[1467908172.215768] [node020:16838:0]         sys.c:744  MXM  WARN  Conflicting CPU frequencies detected, using: 1675.03
[1467908172.224734] [node020:16838:0]         mxm.c:196  MXM  WARN  The 'ulimit -s' on the system is set to 'unlimited'. This may have negative performance implications. Please set the stack size to the default value (10240) 
UPCR: UPC thread 0 of 2 on node019 (pshm node 0 of 2, process 0 of 2, pid=24938)
UPCR: UPC thread 1 of 2 on node020 (pshm node 1 of 2, process 1 of 2, pid=16880)
using a cache granularity of 8
using linear probing in the BDD table
using a memoization table of 2^26 = 67108864 entries (~2560 MB) per thread
using a BDD table of 2^27 = 134217728 entries (~3072 MB) per thread
Initializing /home/oortwijn/distdd/models/beem/frogs.2.bdd!
vector size: 20
bits per integer: 3
number of BDD variables: 60
Loading initial states: 
Initial states loaded... 
Loading transition relations... 
20 integers per state, 3 bits per integer, 5 transition groups
BDD nodes:
Initial states: 60 BDD nodes
Transition 0: 106 BDD nodes
Transition 1: 19789 BDD nodes
Transition 2: 20747 BDD nodes
Transition 3: 19921 BDD nodes
Transition 4: 21021 BDD nodes
Level 1... done.
Level 2... done.
Level 3... done.
Level 4... done.
Level 5... done.
Level 6... done.
Level 7... done.
Level 8... done.
Level 9... done.
Level 10... done.
Level 11... done.
Level 12... done.
Level 13... done.
Level 14... done.
Level 15... done.
Level 16... done.
Level 17... done.
Level 18... done.
Level 19... done.
Level 20... done.
Level 21... done.
Level 22... done.
Level 23... done.
Level 24... done.
PAR Time: 2.586511
Final states: 18207 states
Final states: 11636 BDD nodes
[1467908171.865468] [node019:24936:0]         sys.c:744  MXM  WARN  Conflicting CPU frequencies detected, using: 1797.84
[1467908172.215768] [node020:16838:0]         sys.c:744  MXM  WARN  Conflicting CPU frequencies detected, using: 1675.03
[1467908171.847218] [node019:24892:0]         sys.c:744  MXM  WARN  Conflicting CPU frequencies detected, using: 1797.84
