performing reachability, flags: -n 32 -N 16 -shared-heap 8GB --tablesize=26 --cachesize=25  
This is upcrun, job spawner for the Berkeley UPC compiler (http://upc.lbl.gov).
upcrun version 2.22.2
Network conduits supported by this installation: smp mxm ibv
[1468043306.693298] [node053:22268:0]         sys.c:744  MXM  WARN  Conflicting CPU frequencies detected, using: 2197.31
[1468043306.698997] [node053:22268:0]         mxm.c:196  MXM  WARN  The 'ulimit -s' on the system is set to 'unlimited'. This may have negative performance implications. Please set the stack size to the default value (10240) 
[1468043306.693298] [node053:22268:0]         sys.c:744  MXM  WARN  Conflicting CPU frequencies detected, using: 2197.31
[1468043306.699328] [node053:22268:0]         mxm.c:196  MXM  WARN  The 'ulimit -s' on the system is set to 'unlimited'. This may have negative performance implications. Please set the stack size to the default value (10240) 
[1468043307.052831] [node063:21426:0]         sys.c:744  MXM  WARN  Conflicting CPU frequencies detected, using: 1538.34
[1468043307.059314] [node063:21426:0]         mxm.c:196  MXM  WARN  The 'ulimit -s' on the system is set to 'unlimited'. This may have negative performance implications. Please set the stack size to the default value (10240) 
[1468043307.052831] [node063:21426:0]         sys.c:744  MXM  WARN  Conflicting CPU frequencies detected, using: 1538.34
[1468043307.058987] [node063:21426:0]         mxm.c:196  MXM  WARN  The 'ulimit -s' on the system is set to 'unlimited'. This may have negative performance implications. Please set the stack size to the default value (10240) 
[1468043307.049984] [node057:1668 :0]         sys.c:744  MXM  WARN  Conflicting CPU frequencies detected, using: 1417.69
[1468043307.056172] [node057:1668 :0]         mxm.c:196  MXM  WARN  The 'ulimit -s' on the system is set to 'unlimited'. This may have negative performance implications. Please set the stack size to the default value (10240) 
[1468043307.046739] [node061:11220:0]         sys.c:744  MXM  WARN  Conflicting CPU frequencies detected, using: 1494.47
[1468043307.052886] [node061:11220:0]         mxm.c:196  MXM  WARN  The 'ulimit -s' on the system is set to 'unlimited'. This may have negative performance implications. Please set the stack size to the default value (10240) 
[1468043307.046739] [node061:11220:0]         sys.c:744  MXM  WARN  Conflicting CPU frequencies detected, using: 1494.47
[1468043307.053040] [node061:11220:0]         mxm.c:196  MXM  WARN  The 'ulimit -s' on the system is set to 'unlimited'. This may have negative performance implications. Please set the stack size to the default value (10240) 
[1468043307.049984] [node057:1668 :0]         sys.c:744  MXM  WARN  Conflicting CPU frequencies detected, using: 1417.69
[1468043307.055504] [node057:1668 :0]         mxm.c:196  MXM  WARN  The 'ulimit -s' on the system is set to 'unlimited'. This may have negative performance implications. Please set the stack size to the default value (10240) 
[1468043307.055052] [node060:5704 :0]         sys.c:744  MXM  WARN  Conflicting CPU frequencies detected, using: 1794.84
[1468043307.061199] [node060:5704 :0]         mxm.c:196  MXM  WARN  The 'ulimit -s' on the system is set to 'unlimited'. This may have negative performance implications. Please set the stack size to the default value (10240) 
[1468043307.047946] [node058:32615:0]         sys.c:744  MXM  WARN  Conflicting CPU frequencies detected, using: 1487.72
[1468043307.054541] [node058:32615:0]         mxm.c:196  MXM  WARN  The 'ulimit -s' on the system is set to 'unlimited'. This may have negative performance implications. Please set the stack size to the default value (10240) 
[1468043307.047946] [node058:32615:0]         sys.c:744  MXM  WARN  Conflicting CPU frequencies detected, using: 1487.72
[1468043307.054300] [node058:32615:0]         mxm.c:196  MXM  WARN  The 'ulimit -s' on the system is set to 'unlimited'. This may have negative performance implications. Please set the stack size to the default value (10240) 
[1468043307.055052] [node060:5704 :0]         sys.c:744  MXM  WARN  Conflicting CPU frequencies detected, using: 1794.84
[1468043307.061399] [node060:5704 :0]         mxm.c:196  MXM  WARN  The 'ulimit -s' on the system is set to 'unlimited'. This may have negative performance implications. Please set the stack size to the default value (10240) 
[1468043307.054675] [node065:17785:0]         sys.c:744  MXM  WARN  Conflicting CPU frequencies detected, using: 1894.88
[1468043307.061251] [node065:17785:0]         mxm.c:196  MXM  WARN  The 'ulimit -s' on the system is set to 'unlimited'. This may have negative performance implications. Please set the stack size to the default value (10240) 
[1468043307.054675] [node065:17785:0]         sys.c:744  MXM  WARN  Conflicting CPU frequencies detected, using: 1894.88
[1468043307.060821] [node065:17785:0]         mxm.c:196  MXM  WARN  The 'ulimit -s' on the system is set to 'unlimited'. This may have negative performance implications. Please set the stack size to the default value (10240) 
[1468043307.060312] [node059:3557 :0]         sys.c:744  MXM  WARN  Conflicting CPU frequencies detected, using: 1696.41
[1468043307.066733] [node059:3557 :0]         mxm.c:196  MXM  WARN  The 'ulimit -s' on the system is set to 'unlimited'. This may have negative performance implications. Please set the stack size to the default value (10240) 
[1468043307.060312] [node059:3557 :0]         sys.c:744  MXM  WARN  Conflicting CPU frequencies detected, using: 1696.41
[1468043307.066337] [node059:3557 :0]         mxm.c:196  MXM  WARN  The 'ulimit -s' on the system is set to 'unlimited'. This may have negative performance implications. Please set the stack size to the default value (10240) 
[1468043307.054437] [node055:6800 :0]         sys.c:744  MXM  WARN  Conflicting CPU frequencies detected, using: 1592.53
[1468043307.065564] [node055:6800 :0]         mxm.c:196  MXM  WARN  The 'ulimit -s' on the system is set to 'unlimited'. This may have negative performance implications. Please set the stack size to the default value (10240) 
[1468043307.054437] [node055:6800 :0]         sys.c:744  MXM  WARN  Conflicting CPU frequencies detected, using: 1592.53
[1468043307.066549] [node055:6800 :0]         mxm.c:196  MXM  WARN  The 'ulimit -s' on the system is set to 'unlimited'. This may have negative performance implications. Please set the stack size to the default value (10240) 
[1468043307.052887] [node062:14511:0]         sys.c:744  MXM  WARN  Conflicting CPU frequencies detected, using: 1399.97
[1468043307.064115] [node062:14511:0]         mxm.c:196  MXM  WARN  The 'ulimit -s' on the system is set to 'unlimited'. This may have negative performance implications. Please set the stack size to the default value (10240) 
[1468043307.052887] [node062:14511:0]         sys.c:744  MXM  WARN  Conflicting CPU frequencies detected, using: 1399.97
[1468043307.064893] [node062:14511:0]         mxm.c:196  MXM  WARN  The 'ulimit -s' on the system is set to 'unlimited'. This may have negative performance implications. Please set the stack size to the default value (10240) 
[1468043307.052777] [node064:26565:0]         sys.c:744  MXM  WARN  Conflicting CPU frequencies detected, using: 1571.81
[1468043307.064338] [node064:26565:0]         mxm.c:196  MXM  WARN  The 'ulimit -s' on the system is set to 'unlimited'. This may have negative performance implications. Please set the stack size to the default value (10240) 
[1468043307.052777] [node064:26565:0]         sys.c:744  MXM  WARN  Conflicting CPU frequencies detected, using: 1571.81
[1468043307.065088] [node064:26565:0]         mxm.c:196  MXM  WARN  The 'ulimit -s' on the system is set to 'unlimited'. This may have negative performance implications. Please set the stack size to the default value (10240) 
[1468043307.053731] [node068:21272:0]         sys.c:744  MXM  WARN  Conflicting CPU frequencies detected, using: 1568.25
[1468043307.064442] [node068:21272:0]         mxm.c:196  MXM  WARN  The 'ulimit -s' on the system is set to 'unlimited'. This may have negative performance implications. Please set the stack size to the default value (10240) 
[1468043307.053731] [node068:21272:0]         sys.c:744  MXM  WARN  Conflicting CPU frequencies detected, using: 1568.25
[1468043307.065201] [node068:21272:0]         mxm.c:196  MXM  WARN  The 'ulimit -s' on the system is set to 'unlimited'. This may have negative performance implications. Please set the stack size to the default value (10240) 
[1468043307.059119] [node056:4922 :0]         sys.c:744  MXM  WARN  Conflicting CPU frequencies detected, using: 1696.50
[1468043307.071394] [node056:4922 :0]         mxm.c:196  MXM  WARN  The 'ulimit -s' on the system is set to 'unlimited'. This may have negative performance implications. Please set the stack size to the default value (10240) 
[1468043307.066025] [node066:20186:0]         sys.c:744  MXM  WARN  Conflicting CPU frequencies detected, using: 2418.94
[1468043307.077413] [node066:20186:0]         mxm.c:196  MXM  WARN  The 'ulimit -s' on the system is set to 'unlimited'. This may have negative performance implications. Please set the stack size to the default value (10240) 
[1468043307.066025] [node066:20186:0]         sys.c:744  MXM  WARN  Conflicting CPU frequencies detected, using: 2418.94
[1468043307.078207] [node066:20186:0]         mxm.c:196  MXM  WARN  The 'ulimit -s' on the system is set to 'unlimited'. This may have negative performance implications. Please set the stack size to the default value (10240) 
[1468043307.049595] [node054:13187:0]         sys.c:744  MXM  WARN  Conflicting CPU frequencies detected, using: 1486.22
[1468043307.061345] [node054:13187:0]         mxm.c:196  MXM  WARN  The 'ulimit -s' on the system is set to 'unlimited'. This may have negative performance implications. Please set the stack size to the default value (10240) 
[1468043307.049595] [node054:13187:0]         sys.c:744  MXM  WARN  Conflicting CPU frequencies detected, using: 1486.22
[1468043307.060525] [node054:13187:0]         mxm.c:196  MXM  WARN  The 'ulimit -s' on the system is set to 'unlimited'. This may have negative performance implications. Please set the stack size to the default value (10240) 
[1468043307.055807] [node067:24024:0]         sys.c:744  MXM  WARN  Conflicting CPU frequencies detected, using: 2784.19
[1468043307.066749] [node067:24024:0]         mxm.c:196  MXM  WARN  The 'ulimit -s' on the system is set to 'unlimited'. This may have negative performance implications. Please set the stack size to the default value (10240) 
[1468043307.055807] [node067:24024:0]         sys.c:744  MXM  WARN  Conflicting CPU frequencies detected, using: 2784.19
[1468043307.067529] [node067:24024:0]         mxm.c:196  MXM  WARN  The 'ulimit -s' on the system is set to 'unlimited'. This may have negative performance implications. Please set the stack size to the default value (10240) 
[1468043307.059119] [node056:4922 :0]         sys.c:744  MXM  WARN  Conflicting CPU frequencies detected, using: 1696.50
[1468043307.070624] [node056:4922 :0]         mxm.c:196  MXM  WARN  The 'ulimit -s' on the system is set to 'unlimited'. This may have negative performance implications. Please set the stack size to the default value (10240) 
UPCR: UPC thread  1 of 32 on node053 (pshm node  0 of 16, process  1 of 32, pid=22285)
UPCR: UPC thread  0 of 32 on node053 (pshm node  0 of 16, process  0 of 32, pid=22284)
UPCR: UPC thread 29 of 32 on node067 (pshm node 14 of 16, process 29 of 32, pid=24067)
UPCR: UPC thread 28 of 32 on node067 (pshm node 14 of 16, process 28 of 32, pid=24066)
UPCR: UPC thread 31 of 32 on node068 (pshm node 15 of 16, process 31 of 32, pid=21315)
UPCR: UPC thread 30 of 32 on node068 (pshm node 15 of 16, process 30 of 32, pid=21314)
UPCR: UPC thread 25 of 32 on node065 (pshm node 12 of 16, process 25 of 32, pid=17828)
UPCR: UPC thread 24 of 32 on node065 (pshm node 12 of 16, process 24 of 32, pid=17827)
UPCR: UPC thread  3 of 32 on node054 (pshm node  1 of 16, process  3 of 32, pid=13230)
UPCR: UPC thread  2 of 32 on node054 (pshm node  1 of 16, process  2 of 32, pid=13229)
UPCR: UPC thread 15 of 32 on node060 (pshm node  7 of 16, process 15 of 32, pid=5747)
UPCR: UPC thread 14 of 32 on node060 (pshm node  7 of 16, process 14 of 32, pid=5746)
UPCR: UPC thread 27 of 32 on node066 (pshm node 13 of 16, process 27 of 32, pid=20230)
UPCR: UPC thread 26 of 32 on node066 (pshm node 13 of 16, process 26 of 32, pid=20229)
UPCR: UPC thread 19 of 32 on node062 (pshm node  9 of 16, process 19 of 32, pid=14554)
UPCR: UPC thread 18 of 32 on node062 (pshm node  9 of 16, process 18 of 32, pid=14553)
UPCR: UPC thread 21 of 32 on node063 (pshm node 10 of 16, process 21 of 32, pid=21469)
UPCR: UPC thread 20 of 32 on node063 (pshm node 10 of 16, process 20 of 32, pid=21468)
UPCR: UPC thread 16 of 32 on node061 (pshm node  8 of 16, process 16 of 32, pid=11262)
UPCR: UPC thread 17 of 32 on node061 (pshm node  8 of 16, process 17 of 32, pid=11263)
UPCR: UPC thread  5 of 32 on node055 (pshm node  2 of 16, process  5 of 32, pid=6844)
UPCR: UPC thread  4 of 32 on node055 (pshm node  2 of 16, process  4 of 32, pid=6842)
UPCR: UPC thread  9 of 32 on node057 (pshm node  4 of 16, process  9 of 32, pid=1711)
UPCR: UPC thread  8 of 32 on node057 (pshm node  4 of 16, process  8 of 32, pid=1710)
UPCR: UPC thread  7 of 32 on node056 (pshm node  3 of 16, process  7 of 32, pid=4965)
UPCR: UPC thread  6 of 32 on node056 (pshm node  3 of 16, process  6 of 32, pid=4964)
UPCR: UPC thread 11 of 32 on node058 (pshm node  5 of 16, process 11 of 32, pid=32658)
UPCR: UPC thread 10 of 32 on node058 (pshm node  5 of 16, process 10 of 32, pid=32657)
UPCR: UPC thread 23 of 32 on node064 (pshm node 11 of 16, process 23 of 32, pid=26608)
UPCR: UPC thread 22 of 32 on node064 (pshm node 11 of 16, process 22 of 32, pid=26607)
UPCR: UPC thread 12 of 32 on node059 (pshm node  6 of 16, process 12 of 32, pid=3599)
UPCR: UPC thread 13 of 32 on node059 (pshm node  6 of 16, process 13 of 32, pid=3600)
using a cache granularity of 8
using linear probing in the BDD table
using a memoization table of 2^25 = 33554432 entries (~1280 MB) per thread
using a BDD table of 2^26 = 67108864 entries (~1536 MB) per thread
Initializing /home/oortwijn/distdd/models/beem/frogs.1.bdd!
vector size: 22
bits per integer: 5
number of BDD variables: 110
Loading initial states: 
Initial states loaded... 
Loading transition relations... 
22 integers per state, 5 bits per integer, 5 transition groups
BDD nodes:
Initial states: 110 BDD nodes
Transition 0: 186 BDD nodes
Transition 1: 20341 BDD nodes
Transition 2: 0 BDD nodes
Transition 3: 20224 BDD nodes
Transition 4: 0 BDD nodes
Level 1... done.
Level 2... done.
Level 3... done.
Level 4... done.
Level 5... done.
Level 6... done.
Level 7... done.
Level 8... done.
Level 9... done.
Level 10... done.
Level 11... done.
Level 12... done.
Level 13... done.
Level 14... done.
Level 15... done.
Level 16... done.
Level 17... done.
Level 18... done.
Level 19... done.
Level 20... done.
Level 21... done.
Level 22... done.
Level 23... done.
Level 24... done.
Level 25... done.
Level 26... done.
Level 27... done.
Level 28... done.
Level 29... done.
Level 30... done.
Level 31... done.
Level 32... done.
Level 33... done.
Level 34... done.
Level 35... done.
Level 36... done.
Level 37... done.
Level 38... done.
Level 39... done.
Level 40... done.
Level 41... done.
Level 42... done.
Level 43... done.
Level 44... done.
Level 45... done.
Level 46... done.
Level 47... done.
Level 48... done.
Level 49... done.
Level 50... done.
Level 51... done.
Level 52... done.
Level 53... done.
Level 54... done.
Level 55... done.
Level 56... done.
Level 57... done.
Level 58... done.
Level 59... done.
Level 60... done.
Level 61... done.
Level 62... done.
Level 63... done.
Level 64... done.
Level 65... done.
Level 66... done.
Level 67... done.
Level 68... done.
Level 69... done.
Level 70... done.
Level 71... done.
Level 72... done.
Level 73... done.
Level 74... done.
Level 75... done.
Level 76... done.
Level 77... done.
Level 78... done.
Level 79... done.
Level 80... done.
Level 81... done.
Level 82... done.
PAR Time: 0.689694
Final states: 5094 states
Final states: 10503 BDD nodes
[1468043307.055807] [node067:24024:0]         sys.c:744  MXM  WARN  Conflicting CPU frequencies detected, using: 2784.19
[1468043307.052777] [node064:26565:0]         sys.c:744  MXM  WARN  Conflicting CPU frequencies detected, using: 1571.81
[1468043307.053731] [node068:21272:0]         sys.c:744  MXM  WARN  Conflicting CPU frequencies detected, using: 1568.25
[1468043306.693298] [node053:22268:0]         sys.c:744  MXM  WARN  Conflicting CPU frequencies detected, using: 2197.31
[1468043307.054437] [node055:6800 :0]         sys.c:744  MXM  WARN  Conflicting CPU frequencies detected, using: 1592.53
[1468043307.059119] [node056:4922 :0]         sys.c:744  MXM  WARN  Conflicting CPU frequencies detected, using: 1696.50
[1468043307.047946] [node058:32615:0]         sys.c:744  MXM  WARN  Conflicting CPU frequencies detected, using: 1487.72
[1468043307.049595] [node054:13187:0]         sys.c:744  MXM  WARN  Conflicting CPU frequencies detected, using: 1486.22
[1468043307.049984] [node057:1668 :0]         sys.c:744  MXM  WARN  Conflicting CPU frequencies detected, using: 1417.69
[1468043307.052887] [node062:14511:0]         sys.c:744  MXM  WARN  Conflicting CPU frequencies detected, using: 1399.97
[1468043307.054675] [node065:17785:0]         sys.c:744  MXM  WARN  Conflicting CPU frequencies detected, using: 1894.88
[1468043307.046739] [node061:11220:0]         sys.c:744  MXM  WARN  Conflicting CPU frequencies detected, using: 1494.47
[1468043307.060312] [node059:3557 :0]         sys.c:744  MXM  WARN  Conflicting CPU frequencies detected, using: 1696.41
[1468043307.066025] [node066:20186:0]         sys.c:744  MXM  WARN  Conflicting CPU frequencies detected, using: 2418.94
[1468043307.052831] [node063:21426:0]         sys.c:744  MXM  WARN  Conflicting CPU frequencies detected, using: 1538.34
[1468043307.055052] [node060:5704 :0]         sys.c:744  MXM  WARN  Conflicting CPU frequencies detected, using: 1794.84
[1468043306.673894] [node053:22224:0]         sys.c:744  MXM  WARN  Conflicting CPU frequencies detected, using: 2097.09
