performing reachability, flags: -n 32 -N 32 -shared-heap 16GB --tablesize=27 --cachesize=26  
This is upcrun, job spawner for the Berkeley UPC compiler (http://upc.lbl.gov).
upcrun version 2.22.2
Network conduits supported by this installation: smp mxm ibv
[1468190052.125978] [node008:30366:0]         sys.c:744  MXM  WARN  Conflicting CPU frequencies detected, using: 1515.56
[1468190052.135423] [node008:30366:0]         mxm.c:196  MXM  WARN  The 'ulimit -s' on the system is set to 'unlimited'. This may have negative performance implications. Please set the stack size to the default value (10240) 
[1468190052.476801] [node063:17290:0]         sys.c:744  MXM  WARN  Conflicting CPU frequencies detected, using: 2131.59
[1468190052.483464] [node063:17290:0]         mxm.c:196  MXM  WARN  The 'ulimit -s' on the system is set to 'unlimited'. This may have negative performance implications. Please set the stack size to the default value (10240) 
[1468190052.487031] [node053:30428:0]         sys.c:744  MXM  WARN  Conflicting CPU frequencies detected, using: 2091.84
[1468190052.493298] [node053:30428:0]         mxm.c:196  MXM  WARN  The 'ulimit -s' on the system is set to 'unlimited'. This may have negative performance implications. Please set the stack size to the default value (10240) 
[1468190052.483772] [node010:29836:0]         sys.c:744  MXM  WARN  Conflicting CPU frequencies detected, using: 1595.44
[1468190052.490054] [node010:29836:0]         mxm.c:196  MXM  WARN  The 'ulimit -s' on the system is set to 'unlimited'. This may have negative performance implications. Please set the stack size to the default value (10240) 
[1468190052.487053] [node019:4963 :0]         sys.c:744  MXM  WARN  Conflicting CPU frequencies detected, using: 1472.34
[1468190052.493021] [node019:4963 :0]         mxm.c:196  MXM  WARN  The 'ulimit -s' on the system is set to 'unlimited'. This may have negative performance implications. Please set the stack size to the default value (10240) 
[1468190052.491595] [node014:25057:0]         sys.c:744  MXM  WARN  Conflicting CPU frequencies detected, using: 1356.38
[1468190052.497570] [node014:25057:0]         mxm.c:196  MXM  WARN  The 'ulimit -s' on the system is set to 'unlimited'. This may have negative performance implications. Please set the stack size to the default value (10240) 
[1468190052.495602] [node021:2818 :0]         sys.c:744  MXM  WARN  Conflicting CPU frequencies detected, using: 1823.25
[1468190052.501377] [node021:2818 :0]         mxm.c:196  MXM  WARN  The 'ulimit -s' on the system is set to 'unlimited'. This may have negative performance implications. Please set the stack size to the default value (10240) 
[1468190052.501294] [node058:31648:0]         sys.c:744  MXM  WARN  Conflicting CPU frequencies detected, using: 2140.78
[1468190052.507822] [node058:31648:0]         mxm.c:196  MXM  WARN  The 'ulimit -s' on the system is set to 'unlimited'. This may have negative performance implications. Please set the stack size to the default value (10240) 
[1468190052.501094] [node057:3173 :0]         sys.c:744  MXM  WARN  Conflicting CPU frequencies detected, using: 2290.41
[1468190052.507591] [node057:3173 :0]         mxm.c:196  MXM  WARN  The 'ulimit -s' on the system is set to 'unlimited'. This may have negative performance implications. Please set the stack size to the default value (10240) 
[1468190052.502053] [node060:3413 :0]         sys.c:744  MXM  WARN  Conflicting CPU frequencies detected, using: 1550.91
[1468190052.508484] [node060:3413 :0]         mxm.c:196  MXM  WARN  The 'ulimit -s' on the system is set to 'unlimited'. This may have negative performance implications. Please set the stack size to the default value (10240) 
[1468190052.509945] [node066:11012:0]         sys.c:744  MXM  WARN  Conflicting CPU frequencies detected, using: 1798.41
[1468190052.518898] [node066:11012:0]         mxm.c:196  MXM  WARN  The 'ulimit -s' on the system is set to 'unlimited'. This may have negative performance implications. Please set the stack size to the default value (10240) 
[1468190052.485694] [node016:9232 :0]         sys.c:744  MXM  WARN  Conflicting CPU frequencies detected, using: 2545.69
[1468190052.491664] [node016:9232 :0]         mxm.c:196  MXM  WARN  The 'ulimit -s' on the system is set to 'unlimited'. This may have negative performance implications. Please set the stack size to the default value (10240) 
[1468190052.502576] [node061:15917:0]         sys.c:744  MXM  WARN  Conflicting CPU frequencies detected, using: 2600.06
[1468190052.508785] [node061:15917:0]         mxm.c:196  MXM  WARN  The 'ulimit -s' on the system is set to 'unlimited'. This may have negative performance implications. Please set the stack size to the default value (10240) 
[1468190052.492227] [node012:21014:0]         sys.c:744  MXM  WARN  Conflicting CPU frequencies detected, using: 2518.69
[1468190052.500566] [node012:21014:0]         mxm.c:196  MXM  WARN  The 'ulimit -s' on the system is set to 'unlimited'. This may have negative performance implications. Please set the stack size to the default value (10240) 
[1468190052.489266] [node009:28744:0]         sys.c:744  MXM  WARN  Conflicting CPU frequencies detected, using: 1696.78
[1468190052.498070] [node009:28744:0]         mxm.c:196  MXM  WARN  The 'ulimit -s' on the system is set to 'unlimited'. This may have negative performance implications. Please set the stack size to the default value (10240) 
[1468190052.473743] [node015:6717 :0]         sys.c:744  MXM  WARN  Conflicting CPU frequencies detected, using: 1921.69
[1468190052.482338] [node015:6717 :0]         mxm.c:196  MXM  WARN  The 'ulimit -s' on the system is set to 'unlimited'. This may have negative performance implications. Please set the stack size to the default value (10240) 
[1468190052.478826] [node013:9381 :0]         sys.c:744  MXM  WARN  Conflicting CPU frequencies detected, using: 1550.06
[1468190052.487089] [node013:9381 :0]         mxm.c:196  MXM  WARN  The 'ulimit -s' on the system is set to 'unlimited'. This may have negative performance implications. Please set the stack size to the default value (10240) 
[1468190052.500615] [node059:32595:0]         sys.c:744  MXM  WARN  Conflicting CPU frequencies detected, using: 2599.97
[1468190052.506739] [node059:32595:0]         mxm.c:196  MXM  WARN  The 'ulimit -s' on the system is set to 'unlimited'. This may have negative performance implications. Please set the stack size to the default value (10240) 
[1468190052.492943] [node017:28200:0]         sys.c:744  MXM  WARN  Conflicting CPU frequencies detected, using: 1396.22
[1468190052.501590] [node017:28200:0]         mxm.c:196  MXM  WARN  The 'ulimit -s' on the system is set to 'unlimited'. This may have negative performance implications. Please set the stack size to the default value (10240) 
[1468190052.501879] [node022:7857 :0]         sys.c:744  MXM  WARN  Conflicting CPU frequencies detected, using: 1497.84
[1468190052.510811] [node022:7857 :0]         mxm.c:196  MXM  WARN  The 'ulimit -s' on the system is set to 'unlimited'. This may have negative performance implications. Please set the stack size to the default value (10240) 
[1468190052.494098] [node018:14442:0]         sys.c:744  MXM  WARN  Conflicting CPU frequencies detected, using: 1498.69
[1468190052.503069] [node018:14442:0]         mxm.c:196  MXM  WARN  The 'ulimit -s' on the system is set to 'unlimited'. This may have negative performance implications. Please set the stack size to the default value (10240) 
[1468190052.504075] [node056:6606 :0]         sys.c:744  MXM  WARN  Conflicting CPU frequencies detected, using: 1396.12
[1468190052.513048] [node056:6606 :0]         mxm.c:196  MXM  WARN  The 'ulimit -s' on the system is set to 'unlimited'. This may have negative performance implications. Please set the stack size to the default value (10240) 
[1468190052.502859] [node011:14958:0]         sys.c:744  MXM  WARN  Conflicting CPU frequencies detected, using: 1697.72
[1468190052.511802] [node011:14958:0]         mxm.c:196  MXM  WARN  The 'ulimit -s' on the system is set to 'unlimited'. This may have negative performance implications. Please set the stack size to the default value (10240) 
[1468190052.494376] [node054:14062:0]         sys.c:744  MXM  WARN  Conflicting CPU frequencies detected, using: 2787.09
[1468190052.503221] [node054:14062:0]         mxm.c:196  MXM  WARN  The 'ulimit -s' on the system is set to 'unlimited'. This may have negative performance implications. Please set the stack size to the default value (10240) 
[1468190052.494619] [node020:14384:0]         sys.c:744  MXM  WARN  Conflicting CPU frequencies detected, using: 1476.75
[1468190052.503372] [node020:14384:0]         mxm.c:196  MXM  WARN  The 'ulimit -s' on the system is set to 'unlimited'. This may have negative performance implications. Please set the stack size to the default value (10240) 
[1468190052.493452] [node023:3082 :0]         sys.c:744  MXM  WARN  Conflicting CPU frequencies detected, using: 1493.34
[1468190052.502199] [node023:3082 :0]         mxm.c:196  MXM  WARN  The 'ulimit -s' on the system is set to 'unlimited'. This may have negative performance implications. Please set the stack size to the default value (10240) 
[1468190052.493903] [node068:29971:0]         sys.c:744  MXM  WARN  Conflicting CPU frequencies detected, using: 1554.94
[1468190052.502822] [node068:29971:0]         mxm.c:196  MXM  WARN  The 'ulimit -s' on the system is set to 'unlimited'. This may have negative performance implications. Please set the stack size to the default value (10240) 
[1468190052.497848] [node055:7961 :0]         sys.c:744  MXM  WARN  Conflicting CPU frequencies detected, using: 1895.72
[1468190052.506533] [node055:7961 :0]         mxm.c:196  MXM  WARN  The 'ulimit -s' on the system is set to 'unlimited'. This may have negative performance implications. Please set the stack size to the default value (10240) 
[1468190052.484822] [node065:8897 :0]         sys.c:744  MXM  WARN  Conflicting CPU frequencies detected, using: 2819.44
[1468190052.490942] [node065:8897 :0]         mxm.c:196  MXM  WARN  The 'ulimit -s' on the system is set to 'unlimited'. This may have negative performance implications. Please set the stack size to the default value (10240) 
[1468190052.497170] [node064:16795:0]         sys.c:744  MXM  WARN  Conflicting CPU frequencies detected, using: 1982.16
[1468190052.506012] [node064:16795:0]         mxm.c:196  MXM  WARN  The 'ulimit -s' on the system is set to 'unlimited'. This may have negative performance implications. Please set the stack size to the default value (10240) 
[1468190052.503889] [node062:14364:0]         sys.c:744  MXM  WARN  Conflicting CPU frequencies detected, using: 1897.69
[1468190052.512675] [node062:14364:0]         mxm.c:196  MXM  WARN  The 'ulimit -s' on the system is set to 'unlimited'. This may have negative performance implications. Please set the stack size to the default value (10240) 
[1468190052.493762] [node067:8084 :0]         sys.c:744  MXM  WARN  Conflicting CPU frequencies detected, using: 3170.16
[1468190052.502562] [node067:8084 :0]         mxm.c:196  MXM  WARN  The 'ulimit -s' on the system is set to 'unlimited'. This may have negative performance implications. Please set the stack size to the default value (10240) 
UPCR: UPC thread  0 of 32 on node008 (pshm node  0 of 32, process  0 of 32, pid=30398)
UPCR: UPC thread 24 of 32 on node061 (pshm node 24 of 32, process 24 of 32, pid=15959)
UPCR: UPC thread 29 of 32 on node066 (pshm node 29 of 32, process 29 of 32, pid=11054)
UPCR: UPC thread 21 of 32 on node058 (pshm node 21 of 32, process 21 of 32, pid=31690)
UPCR: UPC thread 10 of 32 on node018 (pshm node 10 of 32, process 10 of 32, pid=14484)
UPCR: UPC thread 13 of 32 on node021 (pshm node 13 of 32, process 13 of 32, pid=2860)
UPCR: UPC thread  6 of 32 on node014 (pshm node  6 of 32, process  6 of 32, pid=25099)
UPCR: UPC thread  5 of 32 on node013 (pshm node  5 of 32, process  5 of 32, pid=9423)
UPCR: UPC thread 31 of 32 on node068 (pshm node 31 of 32, process 31 of 32, pid=30013)
UPCR: UPC thread 26 of 32 on node063 (pshm node 26 of 32, process 26 of 32, pid=17332)
UPCR: UPC thread  4 of 32 on node012 (pshm node  4 of 32, process  4 of 32, pid=21056)
UPCR: UPC thread  9 of 32 on node017 (pshm node  9 of 32, process  9 of 32, pid=28242)
UPCR: UPC thread 14 of 32 on node022 (pshm node 14 of 32, process 14 of 32, pid=7899)
UPCR: UPC thread 22 of 32 on node059 (pshm node 22 of 32, process 22 of 32, pid=32637)
UPCR: UPC thread 19 of 32 on node056 (pshm node 19 of 32, process 19 of 32, pid=6648)
UPCR: UPC thread 25 of 32 on node062 (pshm node 25 of 32, process 25 of 32, pid=14406)
UPCR: UPC thread 12 of 32 on node020 (pshm node 12 of 32, process 12 of 32, pid=14426)
UPCR: UPC thread 23 of 32 on node060 (pshm node 23 of 32, process 23 of 32, pid=3458)
UPCR: UPC thread  1 of 32 on node009 (pshm node  1 of 32, process  1 of 32, pid=28786)
UPCR: UPC thread  3 of 32 on node011 (pshm node  3 of 32, process  3 of 32, pid=15000)
UPCR: UPC thread 11 of 32 on node019 (pshm node 11 of 32, process 11 of 32, pid=5005)
UPCR: UPC thread  7 of 32 on node015 (pshm node  7 of 32, process  7 of 32, pid=6759)
UPCR: UPC thread 28 of 32 on node065 (pshm node 28 of 32, process 28 of 32, pid=8939)
UPCR: UPC thread 18 of 32 on node055 (pshm node 18 of 32, process 18 of 32, pid=8004)
UPCR: UPC thread 30 of 32 on node067 (pshm node 30 of 32, process 30 of 32, pid=8126)
UPCR: UPC thread  8 of 32 on node016 (pshm node  8 of 32, process  8 of 32, pid=9274)
UPCR: UPC thread 17 of 32 on node054 (pshm node 17 of 32, process 17 of 32, pid=14104)
UPCR: UPC thread 27 of 32 on node064 (pshm node 27 of 32, process 27 of 32, pid=16837)
UPCR: UPC thread 16 of 32 on node053 (pshm node 16 of 32, process 16 of 32, pid=30470)
UPCR: UPC thread  2 of 32 on node010 (pshm node  2 of 32, process  2 of 32, pid=29880)
UPCR: UPC thread 15 of 32 on node023 (pshm node 15 of 32, process 15 of 32, pid=3139)
UPCR: UPC thread 20 of 32 on node057 (pshm node 20 of 32, process 20 of 32, pid=3215)
using a cache granularity of 8
using linear probing in the BDD table
using a memoization table of 2^26 = 67108864 entries (~2560 MB) per thread
using a BDD table of 2^27 = 134217728 entries (~3072 MB) per thread
Initializing /home/oortwijn/distdd/models/beem/frogs.2.bdd!
vector size: 20
bits per integer: 3
number of BDD variables: 60
Loading initial states: 
Initial states loaded... 
Loading transition relations... 
20 integers per state, 3 bits per integer, 5 transition groups
BDD nodes:
Initial states: 60 BDD nodes
Transition 0: 106 BDD nodes
Transition 1: 19789 BDD nodes
Transition 2: 20747 BDD nodes
Transition 3: 19921 BDD nodes
Transition 4: 21021 BDD nodes
Level 1... done.
Level 2... done.
Level 3... done.
Level 4... done.
Level 5... done.
Level 6... done.
Level 7... done.
Level 8... done.
Level 9... done.
Level 10... done.
Level 11... done.
Level 12... done.
Level 13... done.
Level 14... done.
Level 15... done.
Level 16... done.
Level 17... done.
Level 18... done.
Level 19... done.
Level 20... done.
Level 21... done.
Level 22... done.
Level 23... done.
Level 24... done.
PAR Time: 0.539612
Final states: 18207 states
Final states: 11636 BDD nodes
[1468190052.497848] [node055:7961 :0]         sys.c:744  MXM  WARN  Conflicting CPU frequencies detected, using: 1895.72
[1468190052.502576] [node061:15917:0]         sys.c:744  MXM  WARN  Conflicting CPU frequencies detected, using: 2600.06
[1468190052.476801] [node063:17290:0]         sys.c:744  MXM  WARN  Conflicting CPU frequencies detected, using: 2131.59
[1468190052.494098] [node018:14442:0]         sys.c:744  MXM  WARN  Conflicting CPU frequencies detected, using: 1498.69
[1468190052.493903] [node068:29971:0]         sys.c:744  MXM  WARN  Conflicting CPU frequencies detected, using: 1554.94
[1468190052.501094] [node057:3173 :0]         sys.c:744  MXM  WARN  Conflicting CPU frequencies detected, using: 2290.41
[1468190052.501294] [node058:31648:0]         sys.c:744  MXM  WARN  Conflicting CPU frequencies detected, using: 2140.78
[1468190052.502053] [node060:3413 :0]         sys.c:744  MXM  WARN  Conflicting CPU frequencies detected, using: 1550.91
[1468190052.478826] [node013:9381 :0]         sys.c:744  MXM  WARN  Conflicting CPU frequencies detected, using: 1550.06
[1468190052.500615] [node059:32595:0]         sys.c:744  MXM  WARN  Conflicting CPU frequencies detected, using: 2599.97
[1468190052.487053] [node019:4963 :0]         sys.c:744  MXM  WARN  Conflicting CPU frequencies detected, using: 1472.34
[1468190052.494376] [node054:14062:0]         sys.c:744  MXM  WARN  Conflicting CPU frequencies detected, using: 2787.09
[1468190052.503889] [node062:14364:0]         sys.c:744  MXM  WARN  Conflicting CPU frequencies detected, using: 1897.69
[1468190052.487031] [node053:30428:0]         sys.c:744  MXM  WARN  Conflicting CPU frequencies detected, using: 2091.84
[1468190052.504075] [node056:6606 :0]         sys.c:744  MXM  WARN  Conflicting CPU frequencies detected, using: 1396.12
[1468190052.493452] [node023:3082 :0]         sys.c:744  MXM  WARN  Conflicting CPU frequencies detected, using: 1493.34
[1468190052.493762] [node067:8084 :0]         sys.c:744  MXM  WARN  Conflicting CPU frequencies detected, using: 3170.16
[1468190052.125978] [node008:30366:0]         sys.c:744  MXM  WARN  Conflicting CPU frequencies detected, using: 1515.56
[1468190052.492943] [node017:28200:0]         sys.c:744  MXM  WARN  Conflicting CPU frequencies detected, using: 1396.22
[1468190052.497170] [node064:16795:0]         sys.c:744  MXM  WARN  Conflicting CPU frequencies detected, using: 1982.16
[1468190052.509945] [node066:11012:0]         sys.c:744  MXM  WARN  Conflicting CPU frequencies detected, using: 1798.41
[1468190052.491595] [node014:25057:0]         sys.c:744  MXM  WARN  Conflicting CPU frequencies detected, using: 1356.38
[1468190052.495602] [node021:2818 :0]         sys.c:744  MXM  WARN  Conflicting CPU frequencies detected, using: 1823.25
[1468190052.473743] [node015:6717 :0]         sys.c:744  MXM  WARN  Conflicting CPU frequencies detected, using: 1921.69
[1468190052.484822] [node065:8897 :0]         sys.c:744  MXM  WARN  Conflicting CPU frequencies detected, using: 2819.44
[1468190052.489266] [node009:28744:0]         sys.c:744  MXM  WARN  Conflicting CPU frequencies detected, using: 1696.78
[1468190052.494619] [node020:14384:0]         sys.c:744  MXM  WARN  Conflicting CPU frequencies detected, using: 1476.75
[1468190052.501879] [node022:7857 :0]         sys.c:744  MXM  WARN  Conflicting CPU frequencies detected, using: 1497.84
[1468190052.485694] [node016:9232 :0]         sys.c:744  MXM  WARN  Conflicting CPU frequencies detected, using: 2545.69
[1468190052.492227] [node012:21014:0]         sys.c:744  MXM  WARN  Conflicting CPU frequencies detected, using: 2518.69
[1468190052.483772] [node010:29836:0]         sys.c:744  MXM  WARN  Conflicting CPU frequencies detected, using: 1595.44
[1468190052.502859] [node011:14958:0]         sys.c:744  MXM  WARN  Conflicting CPU frequencies detected, using: 1697.72
[1468190052.104721] [node008:30322:0]         sys.c:744  MXM  WARN  Conflicting CPU frequencies detected, using: 1795.50
