performing reachability, flags: -n 16 -N 8 -shared-heap 8GB --tablesize=26 --cachesize=25  
This is upcrun, job spawner for the Berkeley UPC compiler (http://upc.lbl.gov).
upcrun version 2.22.2
Network conduits supported by this installation: smp mxm ibv
[1468131580.141636] [node061:13792:0]         sys.c:744  MXM  WARN  Conflicting CPU frequencies detected, using: 1543.78
[1468131580.147191] [node061:13792:0]         mxm.c:196  MXM  WARN  The 'ulimit -s' on the system is set to 'unlimited'. This may have negative performance implications. Please set the stack size to the default value (10240) 
[1468131580.141636] [node061:13792:0]         sys.c:744  MXM  WARN  Conflicting CPU frequencies detected, using: 1543.78
[1468131580.147710] [node061:13792:0]         mxm.c:196  MXM  WARN  The 'ulimit -s' on the system is set to 'unlimited'. This may have negative performance implications. Please set the stack size to the default value (10240) 
[1468131580.491923] [node063:19157:0]         sys.c:744  MXM  WARN  Conflicting CPU frequencies detected, using: 1588.31
[1468131580.498142] [node063:19157:0]         mxm.c:196  MXM  WARN  The 'ulimit -s' on the system is set to 'unlimited'. This may have negative performance implications. Please set the stack size to the default value (10240) 
[1468131580.491923] [node063:19157:0]         sys.c:744  MXM  WARN  Conflicting CPU frequencies detected, using: 1588.31
[1468131580.498329] [node063:19157:0]         mxm.c:196  MXM  WARN  The 'ulimit -s' on the system is set to 'unlimited'. This may have negative performance implications. Please set the stack size to the default value (10240) 
[1468131580.501066] [node065:16820:0]         sys.c:744  MXM  WARN  Conflicting CPU frequencies detected, using: 1897.88
[1468131580.507377] [node065:16820:0]         mxm.c:196  MXM  WARN  The 'ulimit -s' on the system is set to 'unlimited'. This may have negative performance implications. Please set the stack size to the default value (10240) 
[1468131580.501066] [node065:16820:0]         sys.c:744  MXM  WARN  Conflicting CPU frequencies detected, using: 1897.88
[1468131580.507468] [node065:16820:0]         mxm.c:196  MXM  WARN  The 'ulimit -s' on the system is set to 'unlimited'. This may have negative performance implications. Please set the stack size to the default value (10240) 
[1468131580.491614] [node067:16252:0]         sys.c:744  MXM  WARN  Conflicting CPU frequencies detected, using: 1576.31
[1468131580.503157] [node067:16252:0]         mxm.c:196  MXM  WARN  The 'ulimit -s' on the system is set to 'unlimited'. This may have negative performance implications. Please set the stack size to the default value (10240) 
[1468131580.504548] [node062:15059:0]         sys.c:744  MXM  WARN  Conflicting CPU frequencies detected, using: 1799.91
[1468131580.515800] [node062:15059:0]         mxm.c:196  MXM  WARN  The 'ulimit -s' on the system is set to 'unlimited'. This may have negative performance implications. Please set the stack size to the default value (10240) 
[1468131580.504548] [node062:15059:0]         sys.c:744  MXM  WARN  Conflicting CPU frequencies detected, using: 1799.91
[1468131580.516594] [node062:15059:0]         mxm.c:196  MXM  WARN  The 'ulimit -s' on the system is set to 'unlimited'. This may have negative performance implications. Please set the stack size to the default value (10240) 
[1468131580.478146] [node064:24723:0]         sys.c:744  MXM  WARN  Conflicting CPU frequencies detected, using: 2401.22
[1468131580.490042] [node064:24723:0]         mxm.c:196  MXM  WARN  The 'ulimit -s' on the system is set to 'unlimited'. This may have negative performance implications. Please set the stack size to the default value (10240) 
[1468131580.500452] [node068:9407 :0]         sys.c:744  MXM  WARN  Conflicting CPU frequencies detected, using: 1794.84
[1468131580.512472] [node068:9407 :0]         mxm.c:196  MXM  WARN  The 'ulimit -s' on the system is set to 'unlimited'. This may have negative performance implications. Please set the stack size to the default value (10240) 
[1468131580.485710] [node066:18829:0]         sys.c:744  MXM  WARN  Conflicting CPU frequencies detected, using: 2393.53
[1468131580.497597] [node066:18829:0]         mxm.c:196  MXM  WARN  The 'ulimit -s' on the system is set to 'unlimited'. This may have negative performance implications. Please set the stack size to the default value (10240) 
[1468131580.491614] [node067:16252:0]         sys.c:744  MXM  WARN  Conflicting CPU frequencies detected, using: 1576.31
[1468131580.502417] [node067:16252:0]         mxm.c:196  MXM  WARN  The 'ulimit -s' on the system is set to 'unlimited'. This may have negative performance implications. Please set the stack size to the default value (10240) 
[1468131580.485710] [node066:18829:0]         sys.c:744  MXM  WARN  Conflicting CPU frequencies detected, using: 2393.53
[1468131580.496822] [node066:18829:0]         mxm.c:196  MXM  WARN  The 'ulimit -s' on the system is set to 'unlimited'. This may have negative performance implications. Please set the stack size to the default value (10240) 
[1468131580.500452] [node068:9407 :0]         sys.c:744  MXM  WARN  Conflicting CPU frequencies detected, using: 1794.84
[1468131580.511721] [node068:9407 :0]         mxm.c:196  MXM  WARN  The 'ulimit -s' on the system is set to 'unlimited'. This may have negative performance implications. Please set the stack size to the default value (10240) 
[1468131580.478146] [node064:24723:0]         sys.c:744  MXM  WARN  Conflicting CPU frequencies detected, using: 2401.22
[1468131580.489314] [node064:24723:0]         mxm.c:196  MXM  WARN  The 'ulimit -s' on the system is set to 'unlimited'. This may have negative performance implications. Please set the stack size to the default value (10240) 
UPCR: UPC thread  1 of 16 on node061 (pshm node 0 of 8, process  1 of 16, pid=13801)
UPCR: UPC thread  0 of 16 on node061 (pshm node 0 of 8, process  0 of 16, pid=13800)
UPCR: UPC thread  9 of 16 on node065 (pshm node 4 of 8, process  9 of 16, pid=16863)
UPCR: UPC thread  8 of 16 on node065 (pshm node 4 of 8, process  8 of 16, pid=16862)
UPCR: UPC thread  3 of 16 on node062 (pshm node 1 of 8, process  3 of 16, pid=15102)
UPCR: UPC thread  2 of 16 on node062 (pshm node 1 of 8, process  2 of 16, pid=15101)
UPCR: UPC thread 13 of 16 on node067 (pshm node 6 of 8, process 13 of 16, pid=16295)
UPCR: UPC thread 12 of 16 on node067 (pshm node 6 of 8, process 12 of 16, pid=16294)
UPCR: UPC thread 11 of 16 on node066 (pshm node 5 of 8, process 11 of 16, pid=18872)
UPCR: UPC thread 10 of 16 on node066 (pshm node 5 of 8, process 10 of 16, pid=18871)
UPCR: UPC thread 15 of 16 on node068 (pshm node 7 of 8, process 15 of 16, pid=9450)
UPCR: UPC thread 14 of 16 on node068 (pshm node 7 of 8, process 14 of 16, pid=9449)
UPCR: UPC thread  7 of 16 on node064 (pshm node 3 of 8, process  7 of 16, pid=24766)
UPCR: UPC thread  6 of 16 on node064 (pshm node 3 of 8, process  6 of 16, pid=24765)
UPCR: UPC thread  5 of 16 on node063 (pshm node 2 of 8, process  5 of 16, pid=19200)
UPCR: UPC thread  4 of 16 on node063 (pshm node 2 of 8, process  4 of 16, pid=19199)
using a cache granularity of 8
using linear probing in the BDD table
using a memoization table of 2^25 = 33554432 entries (~1280 MB) per thread
using a BDD table of 2^26 = 67108864 entries (~1536 MB) per thread
Initializing /home/oortwijn/distdd/models/beem/krebs.2.bdd!
vector size: 19
bits per integer: 6
number of BDD variables: 114
Loading initial states: 
Initial states loaded... 
Loading transition relations... 
19 integers per state, 6 bits per integer, 16 transition groups
BDD nodes:
Initial states: 114 BDD nodes
Transition 0: 3082 BDD nodes
Transition 1: 5359 BDD nodes
Transition 2: 2326 BDD nodes
Transition 3: 2326 BDD nodes
Transition 4: 10748 BDD nodes
Transition 5: 697 BDD nodes
Transition 6: 697 BDD nodes
Transition 7: 265 BDD nodes
Transition 8: 265 BDD nodes
Transition 9: 139 BDD nodes
Transition 10: 53 BDD nodes
Transition 11: 28 BDD nodes
Transition 12: 139 BDD nodes
Transition 13: 53 BDD nodes
Transition 14: 28 BDD nodes
Transition 15: 253 BDD nodes
Level 1... done.
Level 2... done.
Level 3... done.
Level 4... done.
Level 5... done.
Level 6... done.
Level 7... done.
Level 8... done.
Level 9... done.
Level 10... done.
Level 11... done.
Level 12... done.
Level 13... done.
Level 14... done.
Level 15... done.
Level 16... done.
Level 17... done.
Level 18... done.
Level 19... done.
Level 20... done.
Level 21... done.
Level 22... done.
Level 23... done.
Level 24... done.
Level 25... done.
Level 26... done.
Level 27... done.
Level 28... done.
Level 29... done.
Level 30... done.
Level 31... done.
Level 32... done.
Level 33... done.
Level 34... done.
Level 35... done.
Level 36... done.
Level 37... done.
Level 38... done.
Level 39... done.
Level 40... done.
Level 41... done.
Level 42... done.
Level 43... done.
Level 44... done.
Level 45... done.
Level 46... done.
Level 47... done.
Level 48... done.
Level 49... done.
Level 50... done.
Level 51... done.
Level 52... done.
Level 53... done.
Level 54... done.
Level 55... done.
Level 56... done.
Level 57... done.
Level 58... done.
Level 59... done.
Level 60... done.
Level 61... done.
Level 62... done.
Level 63... done.
Level 64... done.
Level 65... done.
Level 66... done.
Level 67... done.
Level 68... done.
Level 69... done.
Level 70... done.
Level 71... done.
Level 72... done.
Level 73... done.
Level 74... done.
Level 75... done.
Level 76... done.
Level 77... done.
Level 78... done.
Level 79... done.
Level 80... done.
Level 81... done.
Level 82... done.
Level 83... done.
Level 84... done.
Level 85... done.
Level 86... done.
Level 87... done.
Level 88... done.
PAR Time: 5.977930
Final states: 62476 states
Final states: 43454 BDD nodes
[1468131580.478146] [node064:24723:0]         sys.c:744  MXM  WARN  Conflicting CPU frequencies detected, using: 2401.22
[1468131580.141636] [node061:13792:0]         sys.c:744  MXM  WARN  Conflicting CPU frequencies detected, using: 1543.78
[1468131580.485710] [node066:18829:0]         sys.c:744  MXM  WARN  Conflicting CPU frequencies detected, using: 2393.53
[1468131580.500452] [node068:9407 :0]         sys.c:744  MXM  WARN  Conflicting CPU frequencies detected, using: 1794.84
[1468131580.491614] [node067:16252:0]         sys.c:744  MXM  WARN  Conflicting CPU frequencies detected, using: 1576.31
[1468131580.501066] [node065:16820:0]         sys.c:744  MXM  WARN  Conflicting CPU frequencies detected, using: 1897.88
[1468131580.504548] [node062:15059:0]         sys.c:744  MXM  WARN  Conflicting CPU frequencies detected, using: 1799.91
[1468131580.491923] [node063:19157:0]         sys.c:744  MXM  WARN  Conflicting CPU frequencies detected, using: 1588.31
[1468131580.122977] [node061:13748:0]         sys.c:744  MXM  WARN  Conflicting CPU frequencies detected, using: 1543.78
