performing reachability, flags: -n 64 -N 32 -shared-heap 8GB --tablesize=26 --cachesize=25  
This is upcrun, job spawner for the Berkeley UPC compiler (http://upc.lbl.gov).
upcrun version 2.22.2
Network conduits supported by this installation: smp mxm ibv
[1467945564.194054] [node008:12613:0]         sys.c:744  MXM  WARN  Conflicting CPU frequencies detected, using: 2398.22
[1467945564.207565] [node008:12613:0]         mxm.c:196  MXM  WARN  The 'ulimit -s' on the system is set to 'unlimited'. This may have negative performance implications. Please set the stack size to the default value (10240) 
[1467945564.194054] [node008:12613:0]         sys.c:744  MXM  WARN  Conflicting CPU frequencies detected, using: 2398.22
[1467945564.206834] [node008:12613:0]         mxm.c:196  MXM  WARN  The 'ulimit -s' on the system is set to 'unlimited'. This may have negative performance implications. Please set the stack size to the default value (10240) 
[1467945564.549183] [node021:15443:0]         sys.c:744  MXM  WARN  Conflicting CPU frequencies detected, using: 1894.88
[1467945564.555284] [node021:15443:0]         mxm.c:196  MXM  WARN  The 'ulimit -s' on the system is set to 'unlimited'. This may have negative performance implications. Please set the stack size to the default value (10240) 
[1467945564.549183] [node021:15443:0]         sys.c:744  MXM  WARN  Conflicting CPU frequencies detected, using: 1894.88
[1467945564.555477] [node021:15443:0]         mxm.c:196  MXM  WARN  The 'ulimit -s' on the system is set to 'unlimited'. This may have negative performance implications. Please set the stack size to the default value (10240) 
[1467945564.553599] [node016:17381:0]         sys.c:744  MXM  WARN  Conflicting CPU frequencies detected, using: 1796.53
[1467945564.559989] [node016:17381:0]         mxm.c:196  MXM  WARN  The 'ulimit -s' on the system is set to 'unlimited'. This may have negative performance implications. Please set the stack size to the default value (10240) 
[1467945564.553599] [node016:17381:0]         sys.c:744  MXM  WARN  Conflicting CPU frequencies detected, using: 1796.53
[1467945564.559477] [node016:17381:0]         mxm.c:196  MXM  WARN  The 'ulimit -s' on the system is set to 'unlimited'. This may have negative performance implications. Please set the stack size to the default value (10240) 
[1467945564.560287] [node057:5329 :0]         sys.c:744  MXM  WARN  Conflicting CPU frequencies detected, using: 2669.72
[1467945564.566803] [node057:5329 :0]         mxm.c:196  MXM  WARN  The 'ulimit -s' on the system is set to 'unlimited'. This may have negative performance implications. Please set the stack size to the default value (10240) 
[1467945564.560287] [node057:5329 :0]         sys.c:744  MXM  WARN  Conflicting CPU frequencies detected, using: 2669.72
[1467945564.566442] [node057:5329 :0]         mxm.c:196  MXM  WARN  The 'ulimit -s' on the system is set to 'unlimited'. This may have negative performance implications. Please set the stack size to the default value (10240) 
[1467945564.560309] [node010:17500:0]         sys.c:744  MXM  WARN  Conflicting CPU frequencies detected, using: 1795.59
[1467945564.566495] [node010:17500:0]         mxm.c:196  MXM  WARN  The 'ulimit -s' on the system is set to 'unlimited'. This may have negative performance implications. Please set the stack size to the default value (10240) 
[1467945564.559280] [node060:5282 :0]         sys.c:744  MXM  WARN  Conflicting CPU frequencies detected, using: 1698.75
[1467945564.565646] [node060:5282 :0]         mxm.c:196  MXM  WARN  The 'ulimit -s' on the system is set to 'unlimited'. This may have negative performance implications. Please set the stack size to the default value (10240) 
[1467945564.559280] [node060:5282 :0]         sys.c:744  MXM  WARN  Conflicting CPU frequencies detected, using: 1698.75
[1467945564.565558] [node060:5282 :0]         mxm.c:196  MXM  WARN  The 'ulimit -s' on the system is set to 'unlimited'. This may have negative performance implications. Please set the stack size to the default value (10240) 
[1467945564.560309] [node010:17500:0]         sys.c:744  MXM  WARN  Conflicting CPU frequencies detected, using: 1795.59
[1467945564.566759] [node010:17500:0]         mxm.c:196  MXM  WARN  The 'ulimit -s' on the system is set to 'unlimited'. This may have negative performance implications. Please set the stack size to the default value (10240) 
[1467945564.563372] [node058:4346 :0]         sys.c:744  MXM  WARN  Conflicting CPU frequencies detected, using: 2243.06
[1467945564.569954] [node058:4346 :0]         mxm.c:196  MXM  WARN  The 'ulimit -s' on the system is set to 'unlimited'. This may have negative performance implications. Please set the stack size to the default value (10240) 
[1467945564.561113] [node061:20835:0]         sys.c:744  MXM  WARN  Conflicting CPU frequencies detected, using: 1795.78
[1467945564.566965] [node061:20835:0]         mxm.c:196  MXM  WARN  The 'ulimit -s' on the system is set to 'unlimited'. This may have negative performance implications. Please set the stack size to the default value (10240) 
[1467945564.561113] [node061:20835:0]         sys.c:744  MXM  WARN  Conflicting CPU frequencies detected, using: 1795.78
[1467945564.567263] [node061:20835:0]         mxm.c:196  MXM  WARN  The 'ulimit -s' on the system is set to 'unlimited'. This may have negative performance implications. Please set the stack size to the default value (10240) 
[1467945564.563372] [node058:4346 :0]         sys.c:744  MXM  WARN  Conflicting CPU frequencies detected, using: 2243.06
[1467945564.569499] [node058:4346 :0]         mxm.c:196  MXM  WARN  The 'ulimit -s' on the system is set to 'unlimited'. This may have negative performance implications. Please set the stack size to the default value (10240) 
[1467945564.559335] [node053:1631 :0]         sys.c:744  MXM  WARN  Conflicting CPU frequencies detected, using: 1798.78
[1467945564.565668] [node053:1631 :0]         mxm.c:196  MXM  WARN  The 'ulimit -s' on the system is set to 'unlimited'. This may have negative performance implications. Please set the stack size to the default value (10240) 
[1467945564.560845] [node014:30353:0]         sys.c:744  MXM  WARN  Conflicting CPU frequencies detected, using: 1695.38
[1467945564.567442] [node014:30353:0]         mxm.c:196  MXM  WARN  The 'ulimit -s' on the system is set to 'unlimited'. This may have negative performance implications. Please set the stack size to the default value (10240) 
[1467945564.560845] [node014:30353:0]         sys.c:744  MXM  WARN  Conflicting CPU frequencies detected, using: 1695.38
[1467945564.567197] [node014:30353:0]         mxm.c:196  MXM  WARN  The 'ulimit -s' on the system is set to 'unlimited'. This may have negative performance implications. Please set the stack size to the default value (10240) 
[1467945564.559335] [node053:1631 :0]         sys.c:744  MXM  WARN  Conflicting CPU frequencies detected, using: 1798.78
[1467945564.565381] [node053:1631 :0]         mxm.c:196  MXM  WARN  The 'ulimit -s' on the system is set to 'unlimited'. This may have negative performance implications. Please set the stack size to the default value (10240) 
[1467945564.563778] [node019:11407:0]         sys.c:744  MXM  WARN  Conflicting CPU frequencies detected, using: 1797.75
[1467945564.570371] [node019:11407:0]         mxm.c:196  MXM  WARN  The 'ulimit -s' on the system is set to 'unlimited'. This may have negative performance implications. Please set the stack size to the default value (10240) 
[1467945564.563778] [node019:11407:0]         sys.c:744  MXM  WARN  Conflicting CPU frequencies detected, using: 1797.75
[1467945564.570033] [node019:11407:0]         mxm.c:196  MXM  WARN  The 'ulimit -s' on the system is set to 'unlimited'. This may have negative performance implications. Please set the stack size to the default value (10240) 
[1467945564.565751] [node063:31962:0]         sys.c:744  MXM  WARN  Conflicting CPU frequencies detected, using: 1799.25
[1467945564.572069] [node063:31962:0]         mxm.c:196  MXM  WARN  The 'ulimit -s' on the system is set to 'unlimited'. This may have negative performance implications. Please set the stack size to the default value (10240) 
[1467945564.565751] [node063:31962:0]         sys.c:744  MXM  WARN  Conflicting CPU frequencies detected, using: 1799.25
[1467945564.572367] [node063:31962:0]         mxm.c:196  MXM  WARN  The 'ulimit -s' on the system is set to 'unlimited'. This may have negative performance implications. Please set the stack size to the default value (10240) 
[1467945564.570211] [node059:3877 :0]         sys.c:744  MXM  WARN  Conflicting CPU frequencies detected, using: 1472.91
[1467945564.576745] [node059:3877 :0]         mxm.c:196  MXM  WARN  The 'ulimit -s' on the system is set to 'unlimited'. This may have negative performance implications. Please set the stack size to the default value (10240) 
[1467945564.570211] [node059:3877 :0]         sys.c:744  MXM  WARN  Conflicting CPU frequencies detected, using: 1472.91
[1467945564.576494] [node059:3877 :0]         mxm.c:196  MXM  WARN  The 'ulimit -s' on the system is set to 'unlimited'. This may have negative performance implications. Please set the stack size to the default value (10240) 
[1467945564.572141] [node065:339  :0]         sys.c:744  MXM  WARN  Conflicting CPU frequencies detected, using: 1799.25
[1467945564.578491] [node065:339  :0]         mxm.c:196  MXM  WARN  The 'ulimit -s' on the system is set to 'unlimited'. This may have negative performance implications. Please set the stack size to the default value (10240) 
[1467945564.572141] [node065:339  :0]         sys.c:744  MXM  WARN  Conflicting CPU frequencies detected, using: 1799.25
[1467945564.578109] [node065:339  :0]         mxm.c:196  MXM  WARN  The 'ulimit -s' on the system is set to 'unlimited'. This may have negative performance implications. Please set the stack size to the default value (10240) 
[1467945564.558365] [node011:18170:0]         sys.c:744  MXM  WARN  Conflicting CPU frequencies detected, using: 1794.84
[1467945564.569771] [node011:18170:0]         mxm.c:196  MXM  WARN  The 'ulimit -s' on the system is set to 'unlimited'. This may have negative performance implications. Please set the stack size to the default value (10240) 
[1467945564.558365] [node011:18170:0]         sys.c:744  MXM  WARN  Conflicting CPU frequencies detected, using: 1794.84
[1467945564.570743] [node011:18170:0]         mxm.c:196  MXM  WARN  The 'ulimit -s' on the system is set to 'unlimited'. This may have negative performance implications. Please set the stack size to the default value (10240) 
[1467945564.545862] [node009:23226:0]         sys.c:744  MXM  WARN  Conflicting CPU frequencies detected, using: 1493.81
[1467945564.558069] [node009:23226:0]         mxm.c:196  MXM  WARN  The 'ulimit -s' on the system is set to 'unlimited'. This may have negative performance implications. Please set the stack size to the default value (10240) 
[1467945564.551077] [node012:9140 :0]         sys.c:744  MXM  WARN  Conflicting CPU frequencies detected, using: 1899.47
[1467945564.563297] [node012:9140 :0]         mxm.c:196  MXM  WARN  The 'ulimit -s' on the system is set to 'unlimited'. This may have negative performance implications. Please set the stack size to the default value (10240) 
[1467945564.558817] [node015:27936:0]         sys.c:744  MXM  WARN  Conflicting CPU frequencies detected, using: 1897.31
[1467945564.570095] [node015:27936:0]         mxm.c:196  MXM  WARN  The 'ulimit -s' on the system is set to 'unlimited'. This may have negative performance implications. Please set the stack size to the default value (10240) 
[1467945564.558817] [node015:27936:0]         sys.c:744  MXM  WARN  Conflicting CPU frequencies detected, using: 1897.31
[1467945564.570865] [node015:27936:0]         mxm.c:196  MXM  WARN  The 'ulimit -s' on the system is set to 'unlimited'. This may have negative performance implications. Please set the stack size to the default value (10240) 
[1467945564.559135] [node064:32028:0]         sys.c:744  MXM  WARN  Conflicting CPU frequencies detected, using: 1311.28
[1467945564.570651] [node064:32028:0]         mxm.c:196  MXM  WARN  The 'ulimit -s' on the system is set to 'unlimited'. This may have negative performance implications. Please set the stack size to the default value (10240) 
[1467945564.560875] [node018:14557:0]         sys.c:744  MXM  WARN  Conflicting CPU frequencies detected, using: 1494.09
[1467945564.571790] [node018:14557:0]         mxm.c:196  MXM  WARN  The 'ulimit -s' on the system is set to 'unlimited'. This may have negative performance implications. Please set the stack size to the default value (10240) 
[1467945564.560875] [node018:14557:0]         sys.c:744  MXM  WARN  Conflicting CPU frequencies detected, using: 1494.09
[1467945564.572617] [node018:14557:0]         mxm.c:196  MXM  WARN  The 'ulimit -s' on the system is set to 'unlimited'. This may have negative performance implications. Please set the stack size to the default value (10240) 
[1467945564.553774] [node054:6427 :0]         sys.c:744  MXM  WARN  Conflicting CPU frequencies detected, using: 1730.06
[1467945564.565457] [node054:6427 :0]         mxm.c:196  MXM  WARN  The 'ulimit -s' on the system is set to 'unlimited'. This may have negative performance implications. Please set the stack size to the default value (10240) 
[1467945564.547285] [node023:15380:0]         sys.c:744  MXM  WARN  Conflicting CPU frequencies detected, using: 1487.44
[1467945564.559150] [node023:15380:0]         mxm.c:196  MXM  WARN  The 'ulimit -s' on the system is set to 'unlimited'. This may have negative performance implications. Please set the stack size to the default value (10240) 
[1467945564.567059] [node062:30713:0]         sys.c:744  MXM  WARN  Conflicting CPU frequencies detected, using: 1896.47
[1467945564.578204] [node062:30713:0]         mxm.c:196  MXM  WARN  The 'ulimit -s' on the system is set to 'unlimited'. This may have negative performance implications. Please set the stack size to the default value (10240) 
[1467945564.545715] [node020:32359:0]         sys.c:744  MXM  WARN  Conflicting CPU frequencies detected, using: 1498.03
[1467945564.558066] [node020:32359:0]         mxm.c:196  MXM  WARN  The 'ulimit -s' on the system is set to 'unlimited'. This may have negative performance implications. Please set the stack size to the default value (10240) 
[1467945564.559135] [node064:32028:0]         sys.c:744  MXM  WARN  Conflicting CPU frequencies detected, using: 1311.28
[1467945564.571422] [node064:32028:0]         mxm.c:196  MXM  WARN  The 'ulimit -s' on the system is set to 'unlimited'. This may have negative performance implications. Please set the stack size to the default value (10240) 
[1467945564.555861] [node017:17864:0]         sys.c:744  MXM  WARN  Conflicting CPU frequencies detected, using: 1397.34
[1467945564.567701] [node017:17864:0]         mxm.c:196  MXM  WARN  The 'ulimit -s' on the system is set to 'unlimited'. This may have negative performance implications. Please set the stack size to the default value (10240) 
[1467945564.567059] [node062:30713:0]         sys.c:744  MXM  WARN  Conflicting CPU frequencies detected, using: 1896.47
[1467945564.578938] [node062:30713:0]         mxm.c:196  MXM  WARN  The 'ulimit -s' on the system is set to 'unlimited'. This may have negative performance implications. Please set the stack size to the default value (10240) 
[1467945564.561490] [node068:3460 :0]         sys.c:744  MXM  WARN  Conflicting CPU frequencies detected, using: 1689.94
[1467945564.573212] [node068:3460 :0]         mxm.c:196  MXM  WARN  The 'ulimit -s' on the system is set to 'unlimited'. This may have negative performance implications. Please set the stack size to the default value (10240) 
[1467945564.561490] [node068:3460 :0]         sys.c:744  MXM  WARN  Conflicting CPU frequencies detected, using: 1689.94
[1467945564.574003] [node068:3460 :0]         mxm.c:196  MXM  WARN  The 'ulimit -s' on the system is set to 'unlimited'. This may have negative performance implications. Please set the stack size to the default value (10240) 
[1467945564.558652] [node067:5126 :0]         sys.c:744  MXM  WARN  Conflicting CPU frequencies detected, using: 1895.44
[1467945564.570593] [node067:5126 :0]         mxm.c:196  MXM  WARN  The 'ulimit -s' on the system is set to 'unlimited'. This may have negative performance implications. Please set the stack size to the default value (10240) 
[1467945564.545550] [node055:5102 :0]         sys.c:744  MXM  WARN  Conflicting CPU frequencies detected, using: 2296.41
[1467945564.557475] [node055:5102 :0]         mxm.c:196  MXM  WARN  The 'ulimit -s' on the system is set to 'unlimited'. This may have negative performance implications. Please set the stack size to the default value (10240) 
[1467945564.569477] [node066:955  :0]         sys.c:744  MXM  WARN  Conflicting CPU frequencies detected, using: 2599.97
[1467945564.581603] [node066:955  :0]         mxm.c:196  MXM  WARN  The 'ulimit -s' on the system is set to 'unlimited'. This may have negative performance implications. Please set the stack size to the default value (10240) 
[1467945564.557524] [node022:12183:0]         sys.c:744  MXM  WARN  Conflicting CPU frequencies detected, using: 1451.72
[1467945564.568438] [node022:12183:0]         mxm.c:196  MXM  WARN  The 'ulimit -s' on the system is set to 'unlimited'. This may have negative performance implications. Please set the stack size to the default value (10240) 
[1467945564.557524] [node022:12183:0]         sys.c:744  MXM  WARN  Conflicting CPU frequencies detected, using: 1451.72
[1467945564.569201] [node022:12183:0]         mxm.c:196  MXM  WARN  The 'ulimit -s' on the system is set to 'unlimited'. This may have negative performance implications. Please set the stack size to the default value (10240) 
[1467945564.563961] [node013:32322:0]         sys.c:744  MXM  WARN  Conflicting CPU frequencies detected, using: 1492.69
[1467945564.575909] [node013:32322:0]         mxm.c:196  MXM  WARN  The 'ulimit -s' on the system is set to 'unlimited'. This may have negative performance implications. Please set the stack size to the default value (10240) 
[1467945564.548908] [node056:5588 :0]         sys.c:744  MXM  WARN  Conflicting CPU frequencies detected, using: 1797.94
[1467945564.561082] [node056:5588 :0]         mxm.c:196  MXM  WARN  The 'ulimit -s' on the system is set to 'unlimited'. This may have negative performance implications. Please set the stack size to the default value (10240) 
[1467945564.545862] [node009:23226:0]         sys.c:744  MXM  WARN  Conflicting CPU frequencies detected, using: 1493.81
[1467945564.557107] [node009:23226:0]         mxm.c:196  MXM  WARN  The 'ulimit -s' on the system is set to 'unlimited'. This may have negative performance implications. Please set the stack size to the default value (10240) 
[1467945564.551077] [node012:9140 :0]         sys.c:744  MXM  WARN  Conflicting CPU frequencies detected, using: 1899.47
[1467945564.562528] [node012:9140 :0]         mxm.c:196  MXM  WARN  The 'ulimit -s' on the system is set to 'unlimited'. This may have negative performance implications. Please set the stack size to the default value (10240) 
[1467945564.545715] [node020:32359:0]         sys.c:744  MXM  WARN  Conflicting CPU frequencies detected, using: 1498.03
[1467945564.557313] [node020:32359:0]         mxm.c:196  MXM  WARN  The 'ulimit -s' on the system is set to 'unlimited'. This may have negative performance implications. Please set the stack size to the default value (10240) 
[1467945564.553774] [node054:6427 :0]         sys.c:744  MXM  WARN  Conflicting CPU frequencies detected, using: 1730.06
[1467945564.564682] [node054:6427 :0]         mxm.c:196  MXM  WARN  The 'ulimit -s' on the system is set to 'unlimited'. This may have negative performance implications. Please set the stack size to the default value (10240) 
[1467945564.547285] [node023:15380:0]         sys.c:744  MXM  WARN  Conflicting CPU frequencies detected, using: 1487.44
[1467945564.558402] [node023:15380:0]         mxm.c:196  MXM  WARN  The 'ulimit -s' on the system is set to 'unlimited'. This may have negative performance implications. Please set the stack size to the default value (10240) 
[1467945564.555861] [node017:17864:0]         sys.c:744  MXM  WARN  Conflicting CPU frequencies detected, using: 1397.34
[1467945564.566909] [node017:17864:0]         mxm.c:196  MXM  WARN  The 'ulimit -s' on the system is set to 'unlimited'. This may have negative performance implications. Please set the stack size to the default value (10240) 
[1467945564.545550] [node055:5102 :0]         sys.c:744  MXM  WARN  Conflicting CPU frequencies detected, using: 2296.41
[1467945564.556700] [node055:5102 :0]         mxm.c:196  MXM  WARN  The 'ulimit -s' on the system is set to 'unlimited'. This may have negative performance implications. Please set the stack size to the default value (10240) 
[1467945564.558652] [node067:5126 :0]         sys.c:744  MXM  WARN  Conflicting CPU frequencies detected, using: 1895.44
[1467945564.569817] [node067:5126 :0]         mxm.c:196  MXM  WARN  The 'ulimit -s' on the system is set to 'unlimited'. This may have negative performance implications. Please set the stack size to the default value (10240) 
[1467945564.569477] [node066:955  :0]         sys.c:744  MXM  WARN  Conflicting CPU frequencies detected, using: 2599.97
[1467945564.580838] [node066:955  :0]         mxm.c:196  MXM  WARN  The 'ulimit -s' on the system is set to 'unlimited'. This may have negative performance implications. Please set the stack size to the default value (10240) 
[1467945564.563961] [node013:32322:0]         sys.c:744  MXM  WARN  Conflicting CPU frequencies detected, using: 1492.69
[1467945564.575146] [node013:32322:0]         mxm.c:196  MXM  WARN  The 'ulimit -s' on the system is set to 'unlimited'. This may have negative performance implications. Please set the stack size to the default value (10240) 
[1467945564.548908] [node056:5588 :0]         sys.c:744  MXM  WARN  Conflicting CPU frequencies detected, using: 1797.94
[1467945564.560305] [node056:5588 :0]         mxm.c:196  MXM  WARN  The 'ulimit -s' on the system is set to 'unlimited'. This may have negative performance implications. Please set the stack size to the default value (10240) 
UPCR: UPC thread  1 of 64 on node008 (pshm node  0 of 32, process  1 of 64, pid=12646)
UPCR: UPC thread  0 of 64 on node008 (pshm node  0 of 32, process  0 of 64, pid=12645)
UPCR: UPC thread 33 of 64 on node053 (pshm node 16 of 32, process 33 of 64, pid=1674)
UPCR: UPC thread 32 of 64 on node053 (pshm node 16 of 32, process 32 of 64, pid=1673)
UPCR: UPC thread 37 of 64 on node055 (pshm node 18 of 32, process 37 of 64, pid=5145)
UPCR: UPC thread 36 of 64 on node055 (pshm node 18 of 32, process 36 of 64, pid=5144)
UPCR: UPC thread 21 of 64 on node018 (pshm node 10 of 32, process 21 of 64, pid=14600)
UPCR: UPC thread 20 of 64 on node018 (pshm node 10 of 32, process 20 of 64, pid=14599)
UPCR: UPC thread 54 of 64 on node064 (pshm node 27 of 32, process 54 of 64, pid=32070)
UPCR: UPC thread 55 of 64 on node064 (pshm node 27 of 32, process 55 of 64, pid=32071)
UPCR: UPC thread  7 of 64 on node011 (pshm node  3 of 32, process  7 of 64, pid=18213)
UPCR: UPC thread  6 of 64 on node011 (pshm node  3 of 32, process  6 of 64, pid=18212)
UPCR: UPC thread 31 of 64 on node023 (pshm node 15 of 32, process 31 of 64, pid=15423)
UPCR: UPC thread 30 of 64 on node023 (pshm node 15 of 32, process 30 of 64, pid=15422)
UPCR: UPC thread 25 of 64 on node020 (pshm node 12 of 32, process 25 of 64, pid=32402)
UPCR: UPC thread 24 of 64 on node020 (pshm node 12 of 32, process 24 of 64, pid=32401)
UPCR: UPC thread 39 of 64 on node056 (pshm node 19 of 32, process 39 of 64, pid=5632)
UPCR: UPC thread 38 of 64 on node056 (pshm node 19 of 32, process 38 of 64, pid=5631)
UPCR: UPC thread  4 of 64 on node010 (pshm node  2 of 32, process  4 of 64, pid=17542)
UPCR: UPC thread  5 of 64 on node010 (pshm node  2 of 32, process  5 of 64, pid=17543)
UPCR: UPC thread  9 of 64 on node012 (pshm node  4 of 32, process  9 of 64, pid=9183)
UPCR: UPC thread  8 of 64 on node012 (pshm node  4 of 32, process  8 of 64, pid=9182)
UPCR: UPC thread 45 of 64 on node059 (pshm node 22 of 32, process 45 of 64, pid=3920)
UPCR: UPC thread 44 of 64 on node059 (pshm node 22 of 32, process 44 of 64, pid=3919)
UPCR: UPC thread 15 of 64 on node015 (pshm node  7 of 32, process 15 of 64, pid=27979)
UPCR: UPC thread 14 of 64 on node015 (pshm node  7 of 32, process 14 of 64, pid=27978)
UPCR: UPC thread 48 of 64 on node061 (pshm node 24 of 32, process 48 of 64, pid=20877)
UPCR: UPC thread 49 of 64 on node061 (pshm node 24 of 32, process 49 of 64, pid=20878)
UPCR: UPC thread 27 of 64 on node021 (pshm node 13 of 32, process 27 of 64, pid=15486)
UPCR: UPC thread 26 of 64 on node021 (pshm node 13 of 32, process 26 of 64, pid=15485)
UPCR: UPC thread 41 of 64 on node057 (pshm node 20 of 32, process 41 of 64, pid=5373)
UPCR: UPC thread 40 of 64 on node057 (pshm node 20 of 32, process 40 of 64, pid=5372)
UPCR: UPC thread 17 of 64 on node016 (pshm node  8 of 32, process 17 of 64, pid=17424)
UPCR: UPC thread 16 of 64 on node016 (pshm node  8 of 32, process 16 of 64, pid=17423)
UPCR: UPC thread 29 of 64 on node022 (pshm node 14 of 32, process 29 of 64, pid=12226)
UPCR: UPC thread 28 of 64 on node022 (pshm node 14 of 32, process 28 of 64, pid=12225)
UPCR: UPC thread 10 of 64 on node013 (pshm node  5 of 32, process 10 of 64, pid=32364)
UPCR: UPC thread 11 of 64 on node013 (pshm node  5 of 32, process 11 of 64, pid=32365)
UPCR: UPC thread 53 of 64 on node063 (pshm node 26 of 32, process 53 of 64, pid=32005)
UPCR: UPC thread 52 of 64 on node063 (pshm node 26 of 32, process 52 of 64, pid=32004)
UPCR: UPC thread 63 of 64 on node068 (pshm node 31 of 32, process 63 of 64, pid=3510)
UPCR: UPC thread 62 of 64 on node068 (pshm node 31 of 32, process 62 of 64, pid=3509)
UPCR: UPC thread 23 of 64 on node019 (pshm node 11 of 32, process 23 of 64, pid=11450)
UPCR: UPC thread 22 of 64 on node019 (pshm node 11 of 32, process 22 of 64, pid=11449)
UPCR: UPC thread 19 of 64 on node017 (pshm node  9 of 32, process 19 of 64, pid=17907)
UPCR: UPC thread 18 of 64 on node017 (pshm node  9 of 32, process 18 of 64, pid=17906)
UPCR: UPC thread 43 of 64 on node058 (pshm node 21 of 32, process 43 of 64, pid=4389)
UPCR: UPC thread 42 of 64 on node058 (pshm node 21 of 32, process 42 of 64, pid=4388)
UPCR: UPC thread 35 of 64 on node054 (pshm node 17 of 32, process 35 of 64, pid=6470)
UPCR: UPC thread 34 of 64 on node054 (pshm node 17 of 32, process 34 of 64, pid=6469)
UPCR: UPC thread 12 of 64 on node014 (pshm node  6 of 32, process 12 of 64, pid=30395)
UPCR: UPC thread 13 of 64 on node014 (pshm node  6 of 32, process 13 of 64, pid=30396)
UPCR: UPC thread 51 of 64 on node062 (pshm node 25 of 32, process 51 of 64, pid=30756)
UPCR: UPC thread 50 of 64 on node062 (pshm node 25 of 32, process 50 of 64, pid=30755)
UPCR: UPC thread 59 of 64 on node066 (pshm node 29 of 32, process 59 of 64, pid=999)
UPCR: UPC thread 58 of 64 on node066 (pshm node 29 of 32, process 58 of 64, pid=998)
UPCR: UPC thread  3 of 64 on node009 (pshm node  1 of 32, process  3 of 64, pid=23269)
UPCR: UPC thread  2 of 64 on node009 (pshm node  1 of 32, process  2 of 64, pid=23268)
UPCR: UPC thread 56 of 64 on node065 (pshm node 28 of 32, process 56 of 64, pid=383)
UPCR: UPC thread 57 of 64 on node065 (pshm node 28 of 32, process 57 of 64, pid=384)
UPCR: UPC thread 47 of 64 on node060 (pshm node 23 of 32, process 47 of 64, pid=5325)
UPCR: UPC thread 46 of 64 on node060 (pshm node 23 of 32, process 46 of 64, pid=5324)
UPCR: UPC thread 61 of 64 on node067 (pshm node 30 of 32, process 61 of 64, pid=5169)
UPCR: UPC thread 60 of 64 on node067 (pshm node 30 of 32, process 60 of 64, pid=5168)
using a cache granularity of 8
using linear probing in the BDD table
using a memoization table of 2^25 = 33554432 entries (~1280 MB) per thread
using a BDD table of 2^26 = 67108864 entries (~1536 MB) per thread
Initializing /home/oortwijn/distdd/models/beem/lamport_nonatomic.4.bdd!
vector size: 24
bits per integer: 4
number of BDD variables: 96
Loading initial states: 
Initial states loaded... 
Loading transition relations... 
24 integers per state, 4 bits per integer, 92 transition groups
BDD nodes:
Initial states: 96 BDD nodes
Transition 0: 57 BDD nodes
Transition 1: 49 BDD nodes
Transition 2: 48 BDD nodes
Transition 3: 45 BDD nodes
Transition 4: 32 BDD nodes
Transition 5: 0 BDD nodes
Transition 6: 69 BDD nodes
Transition 7: 0 BDD nodes
Transition 8: 0 BDD nodes
Transition 9: 43 BDD nodes
Transition 10: 64 BDD nodes
Transition 11: 60 BDD nodes
Transition 12: 47 BDD nodes
Transition 13: 43 BDD nodes
Transition 14: 64 BDD nodes
Transition 15: 60 BDD nodes
Transition 16: 47 BDD nodes
Transition 17: 72 BDD nodes
Transition 18: 47 BDD nodes
Transition 19: 68 BDD nodes
Transition 20: 43 BDD nodes
Transition 21: 48 BDD nodes
Transition 22: 32 BDD nodes
Transition 23: 46 BDD nodes
Transition 24: 91 BDD nodes
Transition 25: 0 BDD nodes
Transition 26: 48 BDD nodes
Transition 27: 0 BDD nodes
Transition 28: 48 BDD nodes
Transition 29: 0 BDD nodes
Transition 30: 0 BDD nodes
Transition 31: 91 BDD nodes
Transition 32: 0 BDD nodes
Transition 33: 91 BDD nodes
Transition 34: 0 BDD nodes
Transition 35: 48 BDD nodes
Transition 36: 48 BDD nodes
Transition 37: 48 BDD nodes
Transition 38: 81 BDD nodes
Transition 39: 0 BDD nodes
Transition 40: 0 BDD nodes
Transition 41: 0 BDD nodes
Transition 42: 91 BDD nodes
Transition 43: 48 BDD nodes
Transition 44: 0 BDD nodes
Transition 45: 0 BDD nodes
Transition 46: 91 BDD nodes
Transition 47: 48 BDD nodes
Transition 48: 0 BDD nodes
Transition 49: 0 BDD nodes
Transition 50: 32 BDD nodes
Transition 51: 57 BDD nodes
Transition 52: 64 BDD nodes
Transition 53: 60 BDD nodes
Transition 54: 43 BDD nodes
Transition 55: 47 BDD nodes
Transition 56: 68 BDD nodes
Transition 57: 43 BDD nodes
Transition 58: 72 BDD nodes
Transition 59: 47 BDD nodes
Transition 60: 32 BDD nodes
Transition 61: 46 BDD nodes
Transition 62: 48 BDD nodes
Transition 63: 48 BDD nodes
Transition 64: 81 BDD nodes
Transition 65: 0 BDD nodes
Transition 66: 0 BDD nodes
Transition 67: 0 BDD nodes
Transition 68: 53 BDD nodes
Transition 69: 91 BDD nodes
Transition 70: 48 BDD nodes
Transition 71: 0 BDD nodes
Transition 72: 0 BDD nodes
Transition 73: 32 BDD nodes
Transition 74: 54 BDD nodes
Transition 75: 68 BDD nodes
Transition 76: 43 BDD nodes
Transition 77: 72 BDD nodes
Transition 78: 47 BDD nodes
Transition 79: 32 BDD nodes
Transition 80: 46 BDD nodes
Transition 81: 48 BDD nodes
Transition 82: 48 BDD nodes
Transition 83: 73 BDD nodes
Transition 84: 0 BDD nodes
Transition 85: 0 BDD nodes
Transition 86: 0 BDD nodes
Transition 87: 53 BDD nodes
Transition 88: 32 BDD nodes
Transition 89: 43 BDD nodes
Transition 90: 32 BDD nodes
Transition 91: 46 BDD nodes
Level 1... done.
Level 2... done.
PAR Time: 0.011034
Final states: 0 states
Final states: 0 BDD nodes
[1467945564.547285] [node023:15380:0]         sys.c:744  MXM  WARN  Conflicting CPU frequencies detected, using: 1487.44
[1467945564.558652] [node067:5126 :0]         sys.c:744  MXM  WARN  Conflicting CPU frequencies detected, using: 1895.44
[1467945564.545862] [node009:23226:0]         sys.c:744  MXM  WARN  Conflicting CPU frequencies detected, using: 1493.81
[1467945564.561490] [node068:3460 :0]         sys.c:744  MXM  WARN  Conflicting CPU frequencies detected, using: 1689.94
[1467945564.560875] [node018:14557:0]         sys.c:744  MXM  WARN  Conflicting CPU frequencies detected, using: 1494.09
[1467945564.557524] [node022:12183:0]         sys.c:744  MXM  WARN  Conflicting CPU frequencies detected, using: 1451.72
[1467945564.553774] [node054:6427 :0]         sys.c:744  MXM  WARN  Conflicting CPU frequencies detected, using: 1730.06
[1467945564.551077] [node012:9140 :0]         sys.c:744  MXM  WARN  Conflicting CPU frequencies detected, using: 1899.47
[1467945564.548908] [node056:5588 :0]         sys.c:744  MXM  WARN  Conflicting CPU frequencies detected, using: 1797.94
[1467945564.559135] [node064:32028:0]         sys.c:744  MXM  WARN  Conflicting CPU frequencies detected, using: 1311.28
[1467945564.567059] [node062:30713:0]         sys.c:744  MXM  WARN  Conflicting CPU frequencies detected, using: 1896.47
[1467945564.555861] [node017:17864:0]         sys.c:744  MXM  WARN  Conflicting CPU frequencies detected, using: 1397.34
[1467945564.559280] [node060:5282 :0]         sys.c:744  MXM  WARN  Conflicting CPU frequencies detected, using: 1698.75
[1467945564.545550] [node055:5102 :0]         sys.c:744  MXM  WARN  Conflicting CPU frequencies detected, using: 2296.41
[1467945564.561113] [node061:20835:0]         sys.c:744  MXM  WARN  Conflicting CPU frequencies detected, using: 1795.78
[1467945564.560309] [node010:17500:0]         sys.c:744  MXM  WARN  Conflicting CPU frequencies detected, using: 1795.59
[1467945564.553599] [node016:17381:0]         sys.c:744  MXM  WARN  Conflicting CPU frequencies detected, using: 1796.53
[1467945564.572141] [node065:339  :0]         sys.c:744  MXM  WARN  Conflicting CPU frequencies detected, using: 1799.25
[1467945564.194054] [node008:12613:0]         sys.c:744  MXM  WARN  Conflicting CPU frequencies detected, using: 2398.22
[1467945564.560287] [node057:5329 :0]         sys.c:744  MXM  WARN  Conflicting CPU frequencies detected, using: 2669.72
[1467945564.559335] [node053:1631 :0]         sys.c:744  MXM  WARN  Conflicting CPU frequencies detected, using: 1798.78
[1467945564.560845] [node014:30353:0]         sys.c:744  MXM  WARN  Conflicting CPU frequencies detected, using: 1695.38
[1467945564.558817] [node015:27936:0]         sys.c:744  MXM  WARN  Conflicting CPU frequencies detected, using: 1897.31
[1467945564.563961] [node013:32322:0]         sys.c:744  MXM  WARN  Conflicting CPU frequencies detected, using: 1492.69
[1467945564.570211] [node059:3877 :0]         sys.c:744  MXM  WARN  Conflicting CPU frequencies detected, using: 1472.91
[1467945564.565751] [node063:31962:0]         sys.c:744  MXM  WARN  Conflicting CPU frequencies detected, using: 1799.25
[1467945564.563778] [node019:11407:0]         sys.c:744  MXM  WARN  Conflicting CPU frequencies detected, using: 1797.75
[1467945564.549183] [node021:15443:0]         sys.c:744  MXM  WARN  Conflicting CPU frequencies detected, using: 1894.88
[1467945564.569477] [node066:955  :0]         sys.c:744  MXM  WARN  Conflicting CPU frequencies detected, using: 2599.97
[1467945564.563372] [node058:4346 :0]         sys.c:744  MXM  WARN  Conflicting CPU frequencies detected, using: 2243.06
[1467945564.545715] [node020:32359:0]         sys.c:744  MXM  WARN  Conflicting CPU frequencies detected, using: 1498.03
[1467945564.558365] [node011:18170:0]         sys.c:744  MXM  WARN  Conflicting CPU frequencies detected, using: 1794.84
[1467945564.173891] [node008:12569:0]         sys.c:744  MXM  WARN  Conflicting CPU frequencies detected, using: 2399.91
