performing reachability, flags: -n 128 -N 16 -shared-heap 2GB --tablesize=24 --cachesize=23  
This is upcrun, job spawner for the Berkeley UPC compiler (http://upc.lbl.gov).
upcrun version 2.22.2
Network conduits supported by this installation: smp mxm ibv
[1467945424.202819] [node015:27106:0]         sys.c:744  MXM  WARN  Conflicting CPU frequencies detected, using: 1396.97
[1467945424.235583] [node015:27106:0]         mxm.c:196  MXM  WARN  The 'ulimit -s' on the system is set to 'unlimited'. This may have negative performance implications. Please set the stack size to the default value (10240) 
[1467945424.201411] [node022:11349:0]         sys.c:744  MXM  WARN  Conflicting CPU frequencies detected, using: 1473.28
[1467945424.236513] [node022:11349:0]         mxm.c:196  MXM  WARN  The 'ulimit -s' on the system is set to 'unlimited'. This may have negative performance implications. Please set the stack size to the default value (10240) 
[1467945424.202819] [node015:27106:0]         sys.c:744  MXM  WARN  Conflicting CPU frequencies detected, using: 1396.97
[1467945424.237469] [node015:27106:0]         mxm.c:196  MXM  WARN  The 'ulimit -s' on the system is set to 'unlimited'. This may have negative performance implications. Please set the stack size to the default value (10240) 
[1467945424.201411] [node022:11349:0]         sys.c:744  MXM  WARN  Conflicting CPU frequencies detected, using: 1473.28
[1467945424.238134] [node022:11349:0]         mxm.c:196  MXM  WARN  The 'ulimit -s' on the system is set to 'unlimited'. This may have negative performance implications. Please set the stack size to the default value (10240) 
[1467945424.202819] [node015:27106:0]         sys.c:744  MXM  WARN  Conflicting CPU frequencies detected, using: 1396.97
[1467945424.238245] [node015:27106:0]         mxm.c:196  MXM  WARN  The 'ulimit -s' on the system is set to 'unlimited'. This may have negative performance implications. Please set the stack size to the default value (10240) 
[1467945424.190840] [node009:22392:0]         sys.c:744  MXM  WARN  Conflicting CPU frequencies detected, using: 1956.38
[1467945424.239844] [node009:22392:0]         mxm.c:196  MXM  WARN  The 'ulimit -s' on the system is set to 'unlimited'. This may have negative performance implications. Please set the stack size to the default value (10240) 
[1467945424.201411] [node022:11349:0]         sys.c:744  MXM  WARN  Conflicting CPU frequencies detected, using: 1473.28
[1467945424.202819] [node015:27106:0]         sys.c:744  MXM  WARN  Conflicting CPU frequencies detected, using: 1396.97
[1467945424.243685] [node015:27106:0]         mxm.c:196  MXM  WARN  The 'ulimit -s' on the system is set to 'unlimited'. This may have negative performance implications. Please set the stack size to the default value (10240) 
[1467945424.202819] [node015:27106:0]         sys.c:744  MXM  WARN  Conflicting CPU frequencies detected, using: 1396.97
[1467945424.244696] [node015:27106:0]         mxm.c:196  MXM  WARN  The 'ulimit -s' on the system is set to 'unlimited'. This may have negative performance implications. Please set the stack size to the default value (10240) 
[1467945423.837006] [node008:11158:0]         sys.c:744  MXM  WARN  Conflicting CPU frequencies detected, using: 2085.28
[1467945423.855770] [node008:11158:0]         mxm.c:196  MXM  WARN  The 'ulimit -s' on the system is set to 'unlimited'. This may have negative performance implications. Please set the stack size to the default value (10240) 
[1467945423.837006] [node008:11158:0]         sys.c:744  MXM  WARN  Conflicting CPU frequencies detected, using: 2085.28
[1467945423.871092] [node008:11158:0]         mxm.c:196  MXM  WARN  The 'ulimit -s' on the system is set to 'unlimited'. This may have negative performance implications. Please set the stack size to the default value (10240) 
[1467945423.837006] [node008:11158:0]         sys.c:744  MXM  WARN  Conflicting CPU frequencies detected, using: 2085.28
[1467945423.879711] [node008:11158:0]         mxm.c:196  MXM  WARN  The 'ulimit -s' on the system is set to 'unlimited'. This may have negative performance implications. Please set the stack size to the default value (10240) 
[1467945423.837006] [node008:11158:0]         sys.c:744  MXM  WARN  Conflicting CPU frequencies detected, using: 2085.28
[1467945423.858803] [node008:11158:0]         mxm.c:196  MXM  WARN  The 'ulimit -s' on the system is set to 'unlimited'. This may have negative performance implications. Please set the stack size to the default value (10240) 
[1467945423.837006] [node008:11158:0]         sys.c:744  MXM  WARN  Conflicting CPU frequencies detected, using: 2085.28
[1467945423.868470] [node008:11158:0]         mxm.c:196  MXM  WARN  The 'ulimit -s' on the system is set to 'unlimited'. This may have negative performance implications. Please set the stack size to the default value (10240) 
[1467945423.837006] [node008:11158:0]         sys.c:744  MXM  WARN  Conflicting CPU frequencies detected, using: 2085.28
[1467945423.864682] [node008:11158:0]         mxm.c:196  MXM  WARN  The 'ulimit -s' on the system is set to 'unlimited'. This may have negative performance implications. Please set the stack size to the default value (10240) 
[1467945424.180395] [node016:16540:0]         sys.c:744  MXM  WARN  Conflicting CPU frequencies detected, using: 1792.12
[1467945424.188821] [node016:16540:0]         mxm.c:196  MXM  WARN  The 'ulimit -s' on the system is set to 'unlimited'. This may have negative performance implications. Please set the stack size to the default value (10240) 
[1467945424.180395] [node016:16540:0]         sys.c:744  MXM  WARN  Conflicting CPU frequencies detected, using: 1792.12
[1467945424.187396] [node016:16540:0]         mxm.c:196  MXM  WARN  The 'ulimit -s' on the system is set to 'unlimited'. This may have negative performance implications. Please set the stack size to the default value (10240) 
[1467945424.180395] [node016:16540:0]         sys.c:744  MXM  WARN  Conflicting CPU frequencies detected, using: 1792.12
[1467945424.187810] [node016:16540:0]         mxm.c:196  MXM  WARN  The 'ulimit -s' on the system is set to 'unlimited'. This may have negative performance implications. Please set the stack size to the default value (10240) 
[1467945424.180395] [node016:16540:0]         sys.c:744  MXM  WARN  Conflicting CPU frequencies detected, using: 1792.12
[1467945424.187996] [node016:16540:0]         mxm.c:196  MXM  WARN  The 'ulimit -s' on the system is set to 'unlimited'. This may have negative performance implications. Please set the stack size to the default value (10240) 
[1467945424.180395] [node016:16540:0]         sys.c:744  MXM  WARN  Conflicting CPU frequencies detected, using: 1792.12
[1467945424.188908] [node016:16540:0]         mxm.c:196  MXM  WARN  The 'ulimit -s' on the system is set to 'unlimited'. This may have negative performance implications. Please set the stack size to the default value (10240) 
[1467945424.180395] [node016:16540:0]         sys.c:744  MXM  WARN  Conflicting CPU frequencies detected, using: 1792.12
[1467945424.189460] [node016:16540:0]         mxm.c:196  MXM  WARN  The 'ulimit -s' on the system is set to 'unlimited'. This may have negative performance implications. Please set the stack size to the default value (10240) 
[1467945424.195951] [node014:29514:0]         sys.c:744  MXM  WARN  Conflicting CPU frequencies detected, using: 1609.69
[1467945424.203195] [node014:29514:0]         mxm.c:196  MXM  WARN  The 'ulimit -s' on the system is set to 'unlimited'. This may have negative performance implications. Please set the stack size to the default value (10240) 
[1467945423.837006] [node008:11158:0]         sys.c:744  MXM  WARN  Conflicting CPU frequencies detected, using: 2085.28
[1467945423.876787] [node008:11158:0]         mxm.c:196  MXM  WARN  The 'ulimit -s' on the system is set to 'unlimited'. This may have negative performance implications. Please set the stack size to the default value (10240) 
[1467945424.195951] [node014:29514:0]         sys.c:744  MXM  WARN  Conflicting CPU frequencies detected, using: 1609.69
[1467945424.203737] [node014:29514:0]         mxm.c:196  MXM  WARN  The 'ulimit -s' on the system is set to 'unlimited'. This may have negative performance implications. Please set the stack size to the default value (10240) 
[1467945424.195951] [node014:29514:0]         sys.c:744  MXM  WARN  Conflicting CPU frequencies detected, using: 1609.69
[1467945424.204314] [node014:29514:0]         mxm.c:196  MXM  WARN  The 'ulimit -s' on the system is set to 'unlimited'. This may have negative performance implications. Please set the stack size to the default value (10240) 
[1467945424.195951] [node014:29514:0]         sys.c:744  MXM  WARN  Conflicting CPU frequencies detected, using: 1609.69
[1467945424.204772] [node014:29514:0]         mxm.c:196  MXM  WARN  The 'ulimit -s' on the system is set to 'unlimited'. This may have negative performance implications. Please set the stack size to the default value (10240) 
[1467945424.195951] [node014:29514:0]         sys.c:744  MXM  WARN  Conflicting CPU frequencies detected, using: 1609.69
[1467945424.203844] [node014:29514:0]         mxm.c:196  MXM  WARN  The 'ulimit -s' on the system is set to 'unlimited'. This may have negative performance implications. Please set the stack size to the default value (10240) 
[1467945424.195951] [node014:29514:0]         sys.c:744  MXM  WARN  Conflicting CPU frequencies detected, using: 1609.69
[1467945424.202436] [node014:29514:0]         mxm.c:196  MXM  WARN  The 'ulimit -s' on the system is set to 'unlimited'. This may have negative performance implications. Please set the stack size to the default value (10240) 
[1467945424.195951] [node014:29514:0]         sys.c:744  MXM  WARN  Conflicting CPU frequencies detected, using: 1609.69
[1467945424.203971] [node014:29514:0]         mxm.c:196  MXM  WARN  The 'ulimit -s' on the system is set to 'unlimited'. This may have negative performance implications. Please set the stack size to the default value (10240) 
[1467945423.837006] [node008:11158:0]         sys.c:744  MXM  WARN  Conflicting CPU frequencies detected, using: 2085.28
[1467945423.872727] [node008:11158:0]         mxm.c:196  MXM  WARN  The 'ulimit -s' on the system is set to 'unlimited'. This may have negative performance implications. Please set the stack size to the default value (10240) 
[1467945424.195951] [node014:29514:0]         sys.c:744  MXM  WARN  Conflicting CPU frequencies detected, using: 1609.69
[1467945424.204864] [node014:29514:0]         mxm.c:196  MXM  WARN  The 'ulimit -s' on the system is set to 'unlimited'. This may have negative performance implications. Please set the stack size to the default value (10240) 
[1467945424.178496] [node021:14606:0]         sys.c:744  MXM  WARN  Conflicting CPU frequencies detected, using: 2039.53
[1467945424.186583] [node021:14606:0]         mxm.c:196  MXM  WARN  The 'ulimit -s' on the system is set to 'unlimited'. This may have negative performance implications. Please set the stack size to the default value (10240) 
[1467945424.178496] [node021:14606:0]         sys.c:744  MXM  WARN  Conflicting CPU frequencies detected, using: 2039.53
[1467945424.187631] [node021:14606:0]         mxm.c:196  MXM  WARN  The 'ulimit -s' on the system is set to 'unlimited'. This may have negative performance implications. Please set the stack size to the default value (10240) 
[1467945424.205990] [node019:10569:0]         sys.c:744  MXM  WARN  Conflicting CPU frequencies detected, using: 1490.53
[1467945424.214366] [node019:10569:0]         mxm.c:196  MXM  WARN  The 'ulimit -s' on the system is set to 'unlimited'. This may have negative performance implications. Please set the stack size to the default value (10240) 
[1467945424.205990] [node019:10569:0]         sys.c:744  MXM  WARN  Conflicting CPU frequencies detected, using: 1490.53
[1467945424.214694] [node019:10569:0]         mxm.c:196  MXM  WARN  The 'ulimit -s' on the system is set to 'unlimited'. This may have negative performance implications. Please set the stack size to the default value (10240) 
[1467945424.205990] [node019:10569:0]         sys.c:744  MXM  WARN  Conflicting CPU frequencies detected, using: 1490.53
[1467945424.212888] [node019:10569:0]         mxm.c:196  MXM  WARN  The 'ulimit -s' on the system is set to 'unlimited'. This may have negative performance implications. Please set the stack size to the default value (10240) 
[1467945424.205990] [node019:10569:0]         sys.c:744  MXM  WARN  Conflicting CPU frequencies detected, using: 1490.53
[1467945424.215193] [node019:10569:0]         mxm.c:196  MXM  WARN  The 'ulimit -s' on the system is set to 'unlimited'. This may have negative performance implications. Please set the stack size to the default value (10240) 
[1467945424.205990] [node019:10569:0]         sys.c:744  MXM  WARN  Conflicting CPU frequencies detected, using: 1490.53
[1467945424.213750] [node019:10569:0]         mxm.c:196  MXM  WARN  The 'ulimit -s' on the system is set to 'unlimited'. This may have negative performance implications. Please set the stack size to the default value (10240) 
[1467945424.178496] [node021:14606:0]         sys.c:744  MXM  WARN  Conflicting CPU frequencies detected, using: 2039.53
[1467945424.185775] [node021:14606:0]         mxm.c:196  MXM  WARN  The 'ulimit -s' on the system is set to 'unlimited'. This may have negative performance implications. Please set the stack size to the default value (10240) 
[1467945424.205990] [node019:10569:0]         sys.c:744  MXM  WARN  Conflicting CPU frequencies detected, using: 1490.53
[1467945424.214850] [node019:10569:0]         mxm.c:196  MXM  WARN  The 'ulimit -s' on the system is set to 'unlimited'. This may have negative performance implications. Please set the stack size to the default value (10240) 
[1467945424.178496] [node021:14606:0]         sys.c:744  MXM  WARN  Conflicting CPU frequencies detected, using: 2039.53
[1467945424.186730] [node021:14606:0]         mxm.c:196  MXM  WARN  The 'ulimit -s' on the system is set to 'unlimited'. This may have negative performance implications. Please set the stack size to the default value (10240) 
[1467945424.178496] [node021:14606:0]         sys.c:744  MXM  WARN  Conflicting CPU frequencies detected, using: 2039.53
[1467945424.185429] [node021:14606:0]         mxm.c:196  MXM  WARN  The 'ulimit -s' on the system is set to 'unlimited'. This may have negative performance implications. Please set the stack size to the default value (10240) 
[1467945424.178496] [node021:14606:0]         sys.c:744  MXM  WARN  Conflicting CPU frequencies detected, using: 2039.53
[1467945424.185552] [node021:14606:0]         mxm.c:196  MXM  WARN  The 'ulimit -s' on the system is set to 'unlimited'. This may have negative performance implications. Please set the stack size to the default value (10240) 
[1467945424.178496] [node021:14606:0]         sys.c:744  MXM  WARN  Conflicting CPU frequencies detected, using: 2039.53
[1467945424.186317] [node021:14606:0]         mxm.c:196  MXM  WARN  The 'ulimit -s' on the system is set to 'unlimited'. This may have negative performance implications. Please set the stack size to the default value (10240) 
[1467945424.178496] [node021:14606:0]         sys.c:744  MXM  WARN  Conflicting CPU frequencies detected, using: 2039.53
[1467945424.185948] [node021:14606:0]         mxm.c:196  MXM  WARN  The 'ulimit -s' on the system is set to 'unlimited'. This may have negative performance implications. Please set the stack size to the default value (10240) 
[1467945424.195659] [node010:16670:0]         sys.c:744  MXM  WARN  Conflicting CPU frequencies detected, using: 1998.94
[1467945424.202007] [node010:16670:0]         mxm.c:196  MXM  WARN  The 'ulimit -s' on the system is set to 'unlimited'. This may have negative performance implications. Please set the stack size to the default value (10240) 
[1467945424.195659] [node010:16670:0]         sys.c:744  MXM  WARN  Conflicting CPU frequencies detected, using: 1998.94
[1467945424.202387] [node010:16670:0]         mxm.c:196  MXM  WARN  The 'ulimit -s' on the system is set to 'unlimited'. This may have negative performance implications. Please set the stack size to the default value (10240) 
[1467945424.195659] [node010:16670:0]         sys.c:744  MXM  WARN  Conflicting CPU frequencies detected, using: 1998.94
[1467945424.203372] [node010:16670:0]         mxm.c:196  MXM  WARN  The 'ulimit -s' on the system is set to 'unlimited'. This may have negative performance implications. Please set the stack size to the default value (10240) 
[1467945424.195659] [node010:16670:0]         sys.c:744  MXM  WARN  Conflicting CPU frequencies detected, using: 1998.94
[1467945424.203430] [node010:16670:0]         mxm.c:196  MXM  WARN  The 'ulimit -s' on the system is set to 'unlimited'. This may have negative performance implications. Please set the stack size to the default value (10240) 
[1467945424.180395] [node016:16540:0]         sys.c:744  MXM  WARN  Conflicting CPU frequencies detected, using: 1792.12
[1467945424.189743] [node016:16540:0]         mxm.c:196  MXM  WARN  The 'ulimit -s' on the system is set to 'unlimited'. This may have negative performance implications. Please set the stack size to the default value (10240) 
[1467945424.195659] [node010:16670:0]         sys.c:744  MXM  WARN  Conflicting CPU frequencies detected, using: 1998.94
[1467945424.201593] [node010:16670:0]         mxm.c:196  MXM  WARN  The 'ulimit -s' on the system is set to 'unlimited'. This may have negative performance implications. Please set the stack size to the default value (10240) 
[1467945424.195659] [node010:16670:0]         sys.c:744  MXM  WARN  Conflicting CPU frequencies detected, using: 1998.94
[1467945424.202787] [node010:16670:0]         mxm.c:196  MXM  WARN  The 'ulimit -s' on the system is set to 'unlimited'. This may have negative performance implications. Please set the stack size to the default value (10240) 
[1467945424.195659] [node010:16670:0]         sys.c:744  MXM  WARN  Conflicting CPU frequencies detected, using: 1998.94
[1467945424.204127] [node010:16670:0]         mxm.c:196  MXM  WARN  The 'ulimit -s' on the system is set to 'unlimited'. This may have negative performance implications. Please set the stack size to the default value (10240) 
[1467945424.180395] [node016:16540:0]         sys.c:744  MXM  WARN  Conflicting CPU frequencies detected, using: 1792.12
[1467945424.188434] [node016:16540:0]         mxm.c:196  MXM  WARN  The 'ulimit -s' on the system is set to 'unlimited'. This may have negative performance implications. Please set the stack size to the default value (10240) 
[1467945424.195659] [node010:16670:0]         sys.c:744  MXM  WARN  Conflicting CPU frequencies detected, using: 1998.94
[1467945424.203735] [node010:16670:0]         mxm.c:196  MXM  WARN  The 'ulimit -s' on the system is set to 'unlimited'. This may have negative performance implications. Please set the stack size to the default value (10240) 
[1467945424.205990] [node019:10569:0]         sys.c:744  MXM  WARN  Conflicting CPU frequencies detected, using: 1490.53
[1467945424.215594] [node019:10569:0]         mxm.c:196  MXM  WARN  The 'ulimit -s' on the system is set to 'unlimited'. This may have negative performance implications. Please set the stack size to the default value (10240) 
[1467945424.205990] [node019:10569:0]         sys.c:744  MXM  WARN  Conflicting CPU frequencies detected, using: 1490.53
[1467945424.213843] [node019:10569:0]         mxm.c:196  MXM  WARN  The 'ulimit -s' on the system is set to 'unlimited'. This may have negative performance implications. Please set the stack size to the default value (10240) 
[1467945424.180990] [node012:8310 :0]         sys.c:744  MXM  WARN  Conflicting CPU frequencies detected, using: 2599.41
[1467945424.208981] [node012:8310 :0]         mxm.c:196  MXM  WARN  The 'ulimit -s' on the system is set to 'unlimited'. This may have negative performance implications. Please set the stack size to the default value (10240) 
[1467945424.187092] [node013:31488:0]         sys.c:744  MXM  WARN  Conflicting CPU frequencies detected, using: 1894.78
[1467945424.205784] [node013:31488:0]         mxm.c:196  MXM  WARN  The 'ulimit -s' on the system is set to 'unlimited'. This may have negative performance implications. Please set the stack size to the default value (10240) 
[1467945424.192962] [node020:31517:0]         sys.c:744  MXM  WARN  Conflicting CPU frequencies detected, using: 1892.25
[1467945424.218453] [node020:31517:0]         mxm.c:196  MXM  WARN  The 'ulimit -s' on the system is set to 'unlimited'. This may have negative performance implications. Please set the stack size to the default value (10240) 
[1467945424.197984] [node023:14540:0]         sys.c:744  MXM  WARN  Conflicting CPU frequencies detected, using: 1644.19
[1467945424.235345] [node023:14540:0]         mxm.c:196  MXM  WARN  The 'ulimit -s' on the system is set to 'unlimited'. This may have negative performance implications. Please set the stack size to the default value (10240) 
[1467945424.192962] [node020:31517:0]         sys.c:744  MXM  WARN  Conflicting CPU frequencies detected, using: 1892.25
[1467945424.212190] [node020:31517:0]         mxm.c:196  MXM  WARN  The 'ulimit -s' on the system is set to 'unlimited'. This may have negative performance implications. Please set the stack size to the default value (10240) 
[1467945424.191518] [node018:13732:0]         sys.c:744  MXM  WARN  Conflicting CPU frequencies detected, using: 2390.91
[1467945424.222887] [node018:13732:0]         mxm.c:196  MXM  WARN  The 'ulimit -s' on the system is set to 'unlimited'. This may have negative performance implications. Please set the stack size to the default value (10240) 
[1467945424.201411] [node022:11349:0]         sys.c:744  MXM  WARN  Conflicting CPU frequencies detected, using: 1473.28
[1467945424.233123] [node022:11349:0]         mxm.c:196  MXM  WARN  The 'ulimit -s' on the system is set to 'unlimited'. This may have negative performance implications. Please set the stack size to the default value (10240) 
[1467945424.192962] [node020:31517:0]         sys.c:744  MXM  WARN  Conflicting CPU frequencies detected, using: 1892.25
[1467945424.231574] [node020:31517:0]         mxm.c:196  MXM  WARN  The 'ulimit -s' on the system is set to 'unlimited'. This may have negative performance implications. Please set the stack size to the default value (10240) 
[1467945424.190840] [node009:22392:0]         sys.c:744  MXM  WARN  Conflicting CPU frequencies detected, using: 1956.38
[1467945424.211606] [node009:22392:0]         mxm.c:196  MXM  WARN  The 'ulimit -s' on the system is set to 'unlimited'. This may have negative performance implications. Please set the stack size to the default value (10240) 
[1467945424.190840] [node009:22392:0]         sys.c:744  MXM  WARN  Conflicting CPU frequencies detected, using: 1956.38
[1467945424.215391] [node009:22392:0]         mxm.c:196  MXM  WARN  The 'ulimit -s' on the system is set to 'unlimited'. This may have negative performance implications. Please set the stack size to the default value (10240) 
[1467945424.192962] [node020:31517:0]         sys.c:744  MXM  WARN  Conflicting CPU frequencies detected, using: 1892.25
[1467945424.227310] [node020:31517:0]         mxm.c:196  MXM  WARN  The 'ulimit -s' on the system is set to 'unlimited'. This may have negative performance implications. Please set the stack size to the default value (10240) 
[1467945424.197984] [node023:14540:0]         sys.c:744  MXM  WARN  Conflicting CPU frequencies detected, using: 1644.19
[1467945424.231225] [node023:14540:0]         mxm.c:196  MXM  WARN  The 'ulimit -s' on the system is set to 'unlimited'. This may have negative performance implications. Please set the stack size to the default value (10240) 
[1467945424.191435] [node011:17337:0]         sys.c:744  MXM  WARN  Conflicting CPU frequencies detected, using: 1992.56
[1467945424.219986] [node011:17337:0]         mxm.c:196  MXM  WARN  The 'ulimit -s' on the system is set to 'unlimited'. This may have negative performance implications. Please set the stack size to the default value (10240) 
[1467945424.197984] [node023:14540:0]         sys.c:744  MXM  WARN  Conflicting CPU frequencies detected, using: 1644.19
[1467945424.227333] [node023:14540:0]         mxm.c:196  MXM  WARN  The 'ulimit -s' on the system is set to 'unlimited'. This may have negative performance implications. Please set the stack size to the default value (10240) 
[1467945424.201411] [node022:11349:0]         sys.c:744  MXM  WARN  Conflicting CPU frequencies detected, using: 1473.28
[1467945424.228366] [node022:11349:0]         mxm.c:196  MXM  WARN  The 'ulimit -s' on the system is set to 'unlimited'. This may have negative performance implications. Please set the stack size to the default value (10240) 
[1467945424.187092] [node013:31488:0]         sys.c:744  MXM  WARN  Conflicting CPU frequencies detected, using: 1894.78
[1467945424.210474] [node013:31488:0]         mxm.c:196  MXM  WARN  The 'ulimit -s' on the system is set to 'unlimited'. This may have negative performance implications. Please set the stack size to the default value (10240) 
[1467945424.187092] [node013:31488:0]         sys.c:744  MXM  WARN  Conflicting CPU frequencies detected, using: 1894.78
[1467945424.228492] [node013:31488:0]         mxm.c:196  MXM  WARN  The 'ulimit -s' on the system is set to 'unlimited'. This may have negative performance implications. Please set the stack size to the default value (10240) 
[1467945424.187092] [node013:31488:0]         sys.c:744  MXM  WARN  Conflicting CPU frequencies detected, using: 1894.78
[1467945424.217648] [node013:31488:0]         mxm.c:196  MXM  WARN  The 'ulimit -s' on the system is set to 'unlimited'. This may have negative performance implications. Please set the stack size to the default value (10240) 
[1467945424.202819] [node015:27106:0]         sys.c:744  MXM  WARN  Conflicting CPU frequencies detected, using: 1396.97
[1467945424.226834] [node015:27106:0]         mxm.c:196  MXM  WARN  The 'ulimit -s' on the system is set to 'unlimited'. This may have negative performance implications. Please set the stack size to the default value (10240) 
[1467945424.191435] [node011:17337:0]         sys.c:744  MXM  WARN  Conflicting CPU frequencies detected, using: 1992.56
[1467945424.215994] [node011:17337:0]         mxm.c:196  MXM  WARN  The 'ulimit -s' on the system is set to 'unlimited'. This may have negative performance implications. Please set the stack size to the default value (10240) 
[1467945424.197984] [node023:14540:0]         sys.c:744  MXM  WARN  Conflicting CPU frequencies detected, using: 1644.19
[1467945424.226536] [node023:14540:0]         mxm.c:196  MXM  WARN  The 'ulimit -s' on the system is set to 'unlimited'. This may have negative performance implications. Please set the stack size to the default value (10240) 
[1467945424.191435] [node011:17337:0]         sys.c:744  MXM  WARN  Conflicting CPU frequencies detected, using: 1992.56
[1467945424.232188] [node011:17337:0]         mxm.c:196  MXM  WARN  The 'ulimit -s' on the system is set to 'unlimited'. This may have negative performance implications. Please set the stack size to the default value (10240) 
[1467945424.197984] [node023:14540:0]         sys.c:744  MXM  WARN  Conflicting CPU frequencies detected, using: 1644.19
[1467945424.223264] [node023:14540:0]         mxm.c:196  MXM  WARN  The 'ulimit -s' on the system is set to 'unlimited'. This may have negative performance implications. Please set the stack size to the default value (10240) 
[1467945424.201296] [node017:17035:0]         sys.c:744  MXM  WARN  Conflicting CPU frequencies detected, using: 1990.97
[1467945424.225096] [node017:17035:0]         mxm.c:196  MXM  WARN  The 'ulimit -s' on the system is set to 'unlimited'. This may have negative performance implications. Please set the stack size to the default value (10240) 
[1467945424.190840] [node009:22392:0]         sys.c:744  MXM  WARN  Conflicting CPU frequencies detected, using: 1956.38
[1467945424.228694] [node009:22392:0]         mxm.c:196  MXM  WARN  The 'ulimit -s' on the system is set to 'unlimited'. This may have negative performance implications. Please set the stack size to the default value (10240) 
[1467945424.201411] [node022:11349:0]         sys.c:744  MXM  WARN  Conflicting CPU frequencies detected, using: 1473.28
[1467945424.226067] [node022:11349:0]         mxm.c:196  MXM  WARN  The 'ulimit -s' on the system is set to 'unlimited'. This may have negative performance implications. Please set the stack size to the default value (10240) 
[1467945424.191518] [node018:13732:0]         sys.c:744  MXM  WARN  Conflicting CPU frequencies detected, using: 2390.91
[1467945424.219594] [node018:13732:0]         mxm.c:196  MXM  WARN  The 'ulimit -s' on the system is set to 'unlimited'. This may have negative performance implications. Please set the stack size to the default value (10240) 
[1467945424.190840] [node009:22392:0]         sys.c:744  MXM  WARN  Conflicting CPU frequencies detected, using: 1956.38
[1467945424.217862] [node009:22392:0]         mxm.c:196  MXM  WARN  The 'ulimit -s' on the system is set to 'unlimited'. This may have negative performance implications. Please set the stack size to the default value (10240) 
[1467945424.190840] [node009:22392:0]         sys.c:744  MXM  WARN  Conflicting CPU frequencies detected, using: 1956.38
[1467945424.221055] [node009:22392:0]         mxm.c:196  MXM  WARN  The 'ulimit -s' on the system is set to 'unlimited'. This may have negative performance implications. Please set the stack size to the default value (10240) 
[1467945424.191518] [node018:13732:0]         sys.c:744  MXM  WARN  Conflicting CPU frequencies detected, using: 2390.91
[1467945424.221365] [node018:13732:0]         mxm.c:196  MXM  WARN  The 'ulimit -s' on the system is set to 'unlimited'. This may have negative performance implications. Please set the stack size to the default value (10240) 
[1467945424.242762] [node022:11349:0]         mxm.c:196  MXM  WARN  The 'ulimit -s' on the system is set to 'unlimited'. This may have negative performance implications. Please set the stack size to the default value (10240) 
[1467945424.201296] [node017:17035:0]         sys.c:744  MXM  WARN  Conflicting CPU frequencies detected, using: 1990.97
[1467945424.223545] [node017:17035:0]         mxm.c:196  MXM  WARN  The 'ulimit -s' on the system is set to 'unlimited'. This may have negative performance implications. Please set the stack size to the default value (10240) 
[1467945424.201296] [node017:17035:0]         sys.c:744  MXM  WARN  Conflicting CPU frequencies detected, using: 1990.97
[1467945424.229888] [node017:17035:0]         mxm.c:196  MXM  WARN  The 'ulimit -s' on the system is set to 'unlimited'. This may have negative performance implications. Please set the stack size to the default value (10240) 
[1467945424.201296] [node017:17035:0]         sys.c:744  MXM  WARN  Conflicting CPU frequencies detected, using: 1990.97
[1467945424.235586] [node017:17035:0]         mxm.c:196  MXM  WARN  The 'ulimit -s' on the system is set to 'unlimited'. This may have negative performance implications. Please set the stack size to the default value (10240) 
[1467945424.180990] [node012:8310 :0]         sys.c:744  MXM  WARN  Conflicting CPU frequencies detected, using: 2599.41
[1467945424.216982] [node012:8310 :0]         mxm.c:196  MXM  WARN  The 'ulimit -s' on the system is set to 'unlimited'. This may have negative performance implications. Please set the stack size to the default value (10240) 
[1467945424.180990] [node012:8310 :0]         sys.c:744  MXM  WARN  Conflicting CPU frequencies detected, using: 2599.41
[1467945424.218866] [node012:8310 :0]         mxm.c:196  MXM  WARN  The 'ulimit -s' on the system is set to 'unlimited'. This may have negative performance implications. Please set the stack size to the default value (10240) 
[1467945424.202819] [node015:27106:0]         sys.c:744  MXM  WARN  Conflicting CPU frequencies detected, using: 1396.97
[1467945424.224333] [node015:27106:0]         mxm.c:196  MXM  WARN  The 'ulimit -s' on the system is set to 'unlimited'. This may have negative performance implications. Please set the stack size to the default value (10240) 
[1467945424.202819] [node015:27106:0]         sys.c:744  MXM  WARN  Conflicting CPU frequencies detected, using: 1396.97
[1467945424.232447] [node015:27106:0]         mxm.c:196  MXM  WARN  The 'ulimit -s' on the system is set to 'unlimited'. This may have negative performance implications. Please set the stack size to the default value (10240) 
[1467945424.180990] [node012:8310 :0]         sys.c:744  MXM  WARN  Conflicting CPU frequencies detected, using: 2599.41
[1467945424.210730] [node012:8310 :0]         mxm.c:196  MXM  WARN  The 'ulimit -s' on the system is set to 'unlimited'. This may have negative performance implications. Please set the stack size to the default value (10240) 
[1467945424.180990] [node012:8310 :0]         sys.c:744  MXM  WARN  Conflicting CPU frequencies detected, using: 2599.41
[1467945424.211497] [node012:8310 :0]         mxm.c:196  MXM  WARN  The 'ulimit -s' on the system is set to 'unlimited'. This may have negative performance implications. Please set the stack size to the default value (10240) 
[1467945424.180990] [node012:8310 :0]         sys.c:744  MXM  WARN  Conflicting CPU frequencies detected, using: 2599.41
[1467945424.215982] [node012:8310 :0]         mxm.c:196  MXM  WARN  The 'ulimit -s' on the system is set to 'unlimited'. This may have negative performance implications. Please set the stack size to the default value (10240) 
[1467945424.187092] [node013:31488:0]         sys.c:744  MXM  WARN  Conflicting CPU frequencies detected, using: 1894.78
[1467945424.219349] [node013:31488:0]         mxm.c:196  MXM  WARN  The 'ulimit -s' on the system is set to 'unlimited'. This may have negative performance implications. Please set the stack size to the default value (10240) 
[1467945424.187092] [node013:31488:0]         sys.c:744  MXM  WARN  Conflicting CPU frequencies detected, using: 1894.78
[1467945424.221809] [node013:31488:0]         mxm.c:196  MXM  WARN  The 'ulimit -s' on the system is set to 'unlimited'. This may have negative performance implications. Please set the stack size to the default value (10240) 
[1467945424.187092] [node013:31488:0]         sys.c:744  MXM  WARN  Conflicting CPU frequencies detected, using: 1894.78
[1467945424.218403] [node013:31488:0]         mxm.c:196  MXM  WARN  The 'ulimit -s' on the system is set to 'unlimited'. This may have negative performance implications. Please set the stack size to the default value (10240) 
[1467945424.201411] [node022:11349:0]         sys.c:744  MXM  WARN  Conflicting CPU frequencies detected, using: 1473.28
[1467945424.232368] [node022:11349:0]         mxm.c:196  MXM  WARN  The 'ulimit -s' on the system is set to 'unlimited'. This may have negative performance implications. Please set the stack size to the default value (10240) 
[1467945424.201411] [node022:11349:0]         sys.c:744  MXM  WARN  Conflicting CPU frequencies detected, using: 1473.28
[1467945424.227605] [node022:11349:0]         mxm.c:196  MXM  WARN  The 'ulimit -s' on the system is set to 'unlimited'. This may have negative performance implications. Please set the stack size to the default value (10240) 
[1467945424.191518] [node018:13732:0]         sys.c:744  MXM  WARN  Conflicting CPU frequencies detected, using: 2390.91
[1467945424.216618] [node018:13732:0]         mxm.c:196  MXM  WARN  The 'ulimit -s' on the system is set to 'unlimited'. This may have negative performance implications. Please set the stack size to the default value (10240) 
[1467945424.191518] [node018:13732:0]         sys.c:744  MXM  WARN  Conflicting CPU frequencies detected, using: 2390.91
[1467945424.218129] [node018:13732:0]         mxm.c:196  MXM  WARN  The 'ulimit -s' on the system is set to 'unlimited'. This may have negative performance implications. Please set the stack size to the default value (10240) 
[1467945424.191518] [node018:13732:0]         sys.c:744  MXM  WARN  Conflicting CPU frequencies detected, using: 2390.91
[1467945424.222149] [node018:13732:0]         mxm.c:196  MXM  WARN  The 'ulimit -s' on the system is set to 'unlimited'. This may have negative performance implications. Please set the stack size to the default value (10240) 
[1467945424.191518] [node018:13732:0]         sys.c:744  MXM  WARN  Conflicting CPU frequencies detected, using: 2390.91
[1467945424.234835] [node018:13732:0]         mxm.c:196  MXM  WARN  The 'ulimit -s' on the system is set to 'unlimited'. This may have negative performance implications. Please set the stack size to the default value (10240) 
[1467945424.187092] [node013:31488:0]         sys.c:744  MXM  WARN  Conflicting CPU frequencies detected, using: 1894.78
[1467945424.227471] [node013:31488:0]         mxm.c:196  MXM  WARN  The 'ulimit -s' on the system is set to 'unlimited'. This may have negative performance implications. Please set the stack size to the default value (10240) 
[1467945424.191435] [node011:17337:0]         sys.c:744  MXM  WARN  Conflicting CPU frequencies detected, using: 1992.56
[1467945424.215213] [node011:17337:0]         mxm.c:196  MXM  WARN  The 'ulimit -s' on the system is set to 'unlimited'. This may have negative performance implications. Please set the stack size to the default value (10240) 
[1467945424.191435] [node011:17337:0]         sys.c:744  MXM  WARN  Conflicting CPU frequencies detected, using: 1992.56
[1467945424.234247] [node011:17337:0]         mxm.c:196  MXM  WARN  The 'ulimit -s' on the system is set to 'unlimited'. This may have negative performance implications. Please set the stack size to the default value (10240) 
[1467945424.191435] [node011:17337:0]         sys.c:744  MXM  WARN  Conflicting CPU frequencies detected, using: 1992.56
[1467945424.227273] [node011:17337:0]         mxm.c:196  MXM  WARN  The 'ulimit -s' on the system is set to 'unlimited'. This may have negative performance implications. Please set the stack size to the default value (10240) 
[1467945424.191435] [node011:17337:0]         sys.c:744  MXM  WARN  Conflicting CPU frequencies detected, using: 1992.56
[1467945424.233205] [node011:17337:0]         mxm.c:196  MXM  WARN  The 'ulimit -s' on the system is set to 'unlimited'. This may have negative performance implications. Please set the stack size to the default value (10240) 
[1467945424.191435] [node011:17337:0]         sys.c:744  MXM  WARN  Conflicting CPU frequencies detected, using: 1992.56
[1467945424.221514] [node011:17337:0]         mxm.c:196  MXM  WARN  The 'ulimit -s' on the system is set to 'unlimited'. This may have negative performance implications. Please set the stack size to the default value (10240) 
[1467945424.201296] [node017:17035:0]         sys.c:744  MXM  WARN  Conflicting CPU frequencies detected, using: 1990.97
[1467945424.237974] [node017:17035:0]         mxm.c:196  MXM  WARN  The 'ulimit -s' on the system is set to 'unlimited'. This may have negative performance implications. Please set the stack size to the default value (10240) 
[1467945424.201296] [node017:17035:0]         sys.c:744  MXM  WARN  Conflicting CPU frequencies detected, using: 1990.97
[1467945424.232139] [node017:17035:0]         mxm.c:196  MXM  WARN  The 'ulimit -s' on the system is set to 'unlimited'. This may have negative performance implications. Please set the stack size to the default value (10240) 
[1467945424.201296] [node017:17035:0]         sys.c:744  MXM  WARN  Conflicting CPU frequencies detected, using: 1990.97
[1467945424.236329] [node017:17035:0]         mxm.c:196  MXM  WARN  The 'ulimit -s' on the system is set to 'unlimited'. This may have negative performance implications. Please set the stack size to the default value (10240) 
[1467945424.201296] [node017:17035:0]         sys.c:744  MXM  WARN  Conflicting CPU frequencies detected, using: 1990.97
[1467945424.238938] [node017:17035:0]         mxm.c:196  MXM  WARN  The 'ulimit -s' on the system is set to 'unlimited'. This may have negative performance implications. Please set the stack size to the default value (10240) 
[1467945424.197984] [node023:14540:0]         sys.c:744  MXM  WARN  Conflicting CPU frequencies detected, using: 1644.19
[1467945424.233801] [node023:14540:0]         mxm.c:196  MXM  WARN  The 'ulimit -s' on the system is set to 'unlimited'. This may have negative performance implications. Please set the stack size to the default value (10240) 
[1467945424.197984] [node023:14540:0]         sys.c:744  MXM  WARN  Conflicting CPU frequencies detected, using: 1644.19
[1467945424.234570] [node023:14540:0]         mxm.c:196  MXM  WARN  The 'ulimit -s' on the system is set to 'unlimited'. This may have negative performance implications. Please set the stack size to the default value (10240) 
[1467945424.197984] [node023:14540:0]         sys.c:744  MXM  WARN  Conflicting CPU frequencies detected, using: 1644.19
[1467945424.224040] [node023:14540:0]         mxm.c:196  MXM  WARN  The 'ulimit -s' on the system is set to 'unlimited'. This may have negative performance implications. Please set the stack size to the default value (10240) 
[1467945424.192962] [node020:31517:0]         sys.c:744  MXM  WARN  Conflicting CPU frequencies detected, using: 1892.25
[1467945424.229754] [node020:31517:0]         mxm.c:196  MXM  WARN  The 'ulimit -s' on the system is set to 'unlimited'. This may have negative performance implications. Please set the stack size to the default value (10240) 
[1467945424.192962] [node020:31517:0]         sys.c:744  MXM  WARN  Conflicting CPU frequencies detected, using: 1892.25
[1467945424.221711] [node020:31517:0]         mxm.c:196  MXM  WARN  The 'ulimit -s' on the system is set to 'unlimited'. This may have negative performance implications. Please set the stack size to the default value (10240) 
[1467945424.192962] [node020:31517:0]         sys.c:744  MXM  WARN  Conflicting CPU frequencies detected, using: 1892.25
[1467945424.223232] [node020:31517:0]         mxm.c:196  MXM  WARN  The 'ulimit -s' on the system is set to 'unlimited'. This may have negative performance implications. Please set the stack size to the default value (10240) 
[1467945424.192962] [node020:31517:0]         sys.c:744  MXM  WARN  Conflicting CPU frequencies detected, using: 1892.25
[1467945424.222478] [node020:31517:0]         mxm.c:196  MXM  WARN  The 'ulimit -s' on the system is set to 'unlimited'. This may have negative performance implications. Please set the stack size to the default value (10240) 
[1467945424.180990] [node012:8310 :0]         sys.c:744  MXM  WARN  Conflicting CPU frequencies detected, using: 2599.41
[1467945424.227649] [node012:8310 :0]         mxm.c:196  MXM  WARN  The 'ulimit -s' on the system is set to 'unlimited'. This may have negative performance implications. Please set the stack size to the default value (10240) 
[1467945424.191518] [node018:13732:0]         sys.c:744  MXM  WARN  Conflicting CPU frequencies detected, using: 2390.91
[1467945424.231780] [node018:13732:0]         mxm.c:196  MXM  WARN  The 'ulimit -s' on the system is set to 'unlimited'. This may have negative performance implications. Please set the stack size to the default value (10240) 
[1467945424.180990] [node012:8310 :0]         sys.c:744  MXM  WARN  Conflicting CPU frequencies detected, using: 2599.41
[1467945424.200075] [node012:8310 :0]         mxm.c:196  MXM  WARN  The 'ulimit -s' on the system is set to 'unlimited'. This may have negative performance implications. Please set the stack size to the default value (10240) 
UPCR: UPC thread   2 of 128 on node008 (pshm node  0 of 16, process   2 of 128, pid=11176)
[1467945424.190840] [node009:22392:0]         sys.c:744  MXM  WARN  Conflicting CPU frequencies detected, using: 1956.38
[1467945424.216146] [node009:22392:0]         mxm.c:196  MXM  WARN  The 'ulimit -s' on the system is set to 'unlimited'. This may have negative performance implications. Please set the stack size to the default value (10240) 
[1467945424.190840] [node009:22392:0]         sys.c:744  MXM  WARN  Conflicting CPU frequencies detected, using: 1956.38
[1467945424.224427] [node009:22392:0]         mxm.c:196  MXM  WARN  The 'ulimit -s' on the system is set to 'unlimited'. This may have negative performance implications. Please set the stack size to the default value (10240) 
UPCR: UPC thread   3 of 128 on node008 (pshm node  0 of 16, process   3 of 128, pid=11177)
UPCR: UPC thread   4 of 128 on node008 (pshm node  0 of 16, process   4 of 128, pid=11178)
UPCR: UPC thread   1 of 128 on node008 (pshm node  0 of 16, process   1 of 128, pid=11175)
UPCR: UPC thread   6 of 128 on node008 (pshm node  0 of 16, process   6 of 128, pid=11182)
UPCR: UPC thread   5 of 128 on node008 (pshm node  0 of 16, process   5 of 128, pid=11180)
UPCR: UPC thread   7 of 128 on node008 (pshm node  0 of 16, process   7 of 128, pid=11184)
UPCR: UPC thread   0 of 128 on node008 (pshm node  0 of 16, process   0 of 128, pid=11174)
UPCR: UPC thread  83 of 128 on node018 (pshm node 10 of 16, process  83 of 128, pid=13777)
UPCR: UPC thread  84 of 128 on node018 (pshm node 10 of 16, process  84 of 128, pid=13778)
UPCR: UPC thread  87 of 128 on node018 (pshm node 10 of 16, process  87 of 128, pid=13782)
UPCR: UPC thread  85 of 128 on node018 (pshm node 10 of 16, process  85 of 128, pid=13779)
UPCR: UPC thread  82 of 128 on node018 (pshm node 10 of 16, process  82 of 128, pid=13776)
UPCR: UPC thread  81 of 128 on node018 (pshm node 10 of 16, process  81 of 128, pid=13775)
UPCR: UPC thread  80 of 128 on node018 (pshm node 10 of 16, process  80 of 128, pid=13774)
UPCR: UPC thread  86 of 128 on node018 (pshm node 10 of 16, process  86 of 128, pid=13781)
UPCR: UPC thread 108 of 128 on node021 (pshm node 13 of 16, process 108 of 128, pid=14652)
UPCR: UPC thread 106 of 128 on node021 (pshm node 13 of 16, process 106 of 128, pid=14650)
UPCR: UPC thread 111 of 128 on node021 (pshm node 13 of 16, process 111 of 128, pid=14657)
UPCR: UPC thread 109 of 128 on node021 (pshm node 13 of 16, process 109 of 128, pid=14653)
UPCR: UPC thread 110 of 128 on node021 (pshm node 13 of 16, process 110 of 128, pid=14655)
UPCR: UPC thread 107 of 128 on node021 (pshm node 13 of 16, process 107 of 128, pid=14651)
UPCR: UPC thread 104 of 128 on node021 (pshm node 13 of 16, process 104 of 128, pid=14648)
UPCR: UPC thread 105 of 128 on node021 (pshm node 13 of 16, process 105 of 128, pid=14649)
UPCR: UPC thread  41 of 128 on node013 (pshm node  5 of 16, process  41 of 128, pid=31531)
UPCR: UPC thread  47 of 128 on node013 (pshm node  5 of 16, process  47 of 128, pid=31540)
UPCR: UPC thread  45 of 128 on node013 (pshm node  5 of 16, process  45 of 128, pid=31537)
UPCR: UPC thread  46 of 128 on node013 (pshm node  5 of 16, process  46 of 128, pid=31538)
UPCR: UPC thread  43 of 128 on node013 (pshm node  5 of 16, process  43 of 128, pid=31533)
UPCR: UPC thread  42 of 128 on node013 (pshm node  5 of 16, process  42 of 128, pid=31532)
UPCR: UPC thread  44 of 128 on node013 (pshm node  5 of 16, process  44 of 128, pid=31534)
UPCR: UPC thread  40 of 128 on node013 (pshm node  5 of 16, process  40 of 128, pid=31530)
UPCR: UPC thread  79 of 128 on node017 (pshm node  9 of 16, process  79 of 128, pid=17086)
UPCR: UPC thread  72 of 128 on node017 (pshm node  9 of 16, process  72 of 128, pid=17077)
UPCR: UPC thread  78 of 128 on node017 (pshm node  9 of 16, process  78 of 128, pid=17084)
UPCR: UPC thread  76 of 128 on node017 (pshm node  9 of 16, process  76 of 128, pid=17081)
UPCR: UPC thread  73 of 128 on node017 (pshm node  9 of 16, process  73 of 128, pid=17078)
UPCR: UPC thread  75 of 128 on node017 (pshm node  9 of 16, process  75 of 128, pid=17080)
UPCR: UPC thread  20 of 128 on node010 (pshm node  2 of 16, process  20 of 128, pid=16716)
UPCR: UPC thread  23 of 128 on node010 (pshm node  2 of 16, process  23 of 128, pid=16721)
UPCR: UPC thread  21 of 128 on node010 (pshm node  2 of 16, process  21 of 128, pid=16718)
UPCR: UPC thread  22 of 128 on node010 (pshm node  2 of 16, process  22 of 128, pid=16720)
UPCR: UPC thread  16 of 128 on node010 (pshm node  2 of 16, process  16 of 128, pid=16712)
UPCR: UPC thread  17 of 128 on node010 (pshm node  2 of 16, process  17 of 128, pid=16713)
UPCR: UPC thread  18 of 128 on node010 (pshm node  2 of 16, process  18 of 128, pid=16714)
UPCR: UPC thread  19 of 128 on node010 (pshm node  2 of 16, process  19 of 128, pid=16715)
UPCR: UPC thread 121 of 128 on node023 (pshm node 15 of 16, process 121 of 128, pid=14583)
UPCR: UPC thread 120 of 128 on node023 (pshm node 15 of 16, process 120 of 128, pid=14582)
UPCR: UPC thread 124 of 128 on node023 (pshm node 15 of 16, process 124 of 128, pid=14586)
UPCR: UPC thread 123 of 128 on node023 (pshm node 15 of 16, process 123 of 128, pid=14585)
UPCR: UPC thread 122 of 128 on node023 (pshm node 15 of 16, process 122 of 128, pid=14584)
UPCR: UPC thread 127 of 128 on node023 (pshm node 15 of 16, process 127 of 128, pid=14590)
UPCR: UPC thread 125 of 128 on node023 (pshm node 15 of 16, process 125 of 128, pid=14587)
UPCR: UPC thread 126 of 128 on node023 (pshm node 15 of 16, process 126 of 128, pid=14588)
UPCR: UPC thread  31 of 128 on node011 (pshm node  3 of 16, process  31 of 128, pid=17388)
UPCR: UPC thread  24 of 128 on node011 (pshm node  3 of 16, process  24 of 128, pid=17379)
UPCR: UPC thread  26 of 128 on node011 (pshm node  3 of 16, process  26 of 128, pid=17381)
UPCR: UPC thread  28 of 128 on node011 (pshm node  3 of 16, process  28 of 128, pid=17383)
UPCR: UPC thread  29 of 128 on node011 (pshm node  3 of 16, process  29 of 128, pid=17384)
UPCR: UPC thread  30 of 128 on node011 (pshm node  3 of 16, process  30 of 128, pid=17386)
UPCR: UPC thread  25 of 128 on node011 (pshm node  3 of 16, process  25 of 128, pid=17380)
UPCR: UPC thread  74 of 128 on node017 (pshm node  9 of 16, process  74 of 128, pid=17079)
UPCR: UPC thread  77 of 128 on node017 (pshm node  9 of 16, process  77 of 128, pid=17083)
UPCR: UPC thread  92 of 128 on node019 (pshm node 11 of 16, process  92 of 128, pid=10615)
UPCR: UPC thread  89 of 128 on node019 (pshm node 11 of 16, process  89 of 128, pid=10612)
UPCR: UPC thread  90 of 128 on node019 (pshm node 11 of 16, process  90 of 128, pid=10613)
UPCR: UPC thread  95 of 128 on node019 (pshm node 11 of 16, process  95 of 128, pid=10621)
UPCR: UPC thread  88 of 128 on node019 (pshm node 11 of 16, process  88 of 128, pid=10611)
UPCR: UPC thread  94 of 128 on node019 (pshm node 11 of 16, process  94 of 128, pid=10618)
UPCR: UPC thread  91 of 128 on node019 (pshm node 11 of 16, process  91 of 128, pid=10614)
UPCR: UPC thread  93 of 128 on node019 (pshm node 11 of 16, process  93 of 128, pid=10617)
UPCR: UPC thread 103 of 128 on node020 (pshm node 12 of 16, process 103 of 128, pid=31569)
UPCR: UPC thread 102 of 128 on node020 (pshm node 12 of 16, process 102 of 128, pid=31567)
UPCR: UPC thread  97 of 128 on node020 (pshm node 12 of 16, process  97 of 128, pid=31560)
UPCR: UPC thread 101 of 128 on node020 (pshm node 12 of 16, process 101 of 128, pid=31565)
UPCR: UPC thread  99 of 128 on node020 (pshm node 12 of 16, process  99 of 128, pid=31562)
UPCR: UPC thread  96 of 128 on node020 (pshm node 12 of 16, process  96 of 128, pid=31559)
UPCR: UPC thread  98 of 128 on node020 (pshm node 12 of 16, process  98 of 128, pid=31561)
UPCR: UPC thread 100 of 128 on node020 (pshm node 12 of 16, process 100 of 128, pid=31563)
UPCR: UPC thread  27 of 128 on node011 (pshm node  3 of 16, process  27 of 128, pid=17382)
UPCR: UPC thread  15 of 128 on node009 (pshm node  1 of 16, process  15 of 128, pid=22443)
UPCR: UPC thread   8 of 128 on node009 (pshm node  1 of 16, process   8 of 128, pid=22434)
UPCR: UPC thread  14 of 128 on node009 (pshm node  1 of 16, process  14 of 128, pid=22441)
UPCR: UPC thread  11 of 128 on node009 (pshm node  1 of 16, process  11 of 128, pid=22437)
UPCR: UPC thread  13 of 128 on node009 (pshm node  1 of 16, process  13 of 128, pid=22439)
UPCR: UPC thread  12 of 128 on node009 (pshm node  1 of 16, process  12 of 128, pid=22438)
UPCR: UPC thread   9 of 128 on node009 (pshm node  1 of 16, process   9 of 128, pid=22435)
UPCR: UPC thread  10 of 128 on node009 (pshm node  1 of 16, process  10 of 128, pid=22436)
UPCR: UPC thread  65 of 128 on node016 (pshm node  8 of 16, process  65 of 128, pid=16583)
UPCR: UPC thread  64 of 128 on node016 (pshm node  8 of 16, process  64 of 128, pid=16582)
UPCR: UPC thread  71 of 128 on node016 (pshm node  8 of 16, process  71 of 128, pid=16591)
UPCR: UPC thread  67 of 128 on node016 (pshm node  8 of 16, process  67 of 128, pid=16585)
UPCR: UPC thread  66 of 128 on node016 (pshm node  8 of 16, process  66 of 128, pid=16584)
UPCR: UPC thread  68 of 128 on node016 (pshm node  8 of 16, process  68 of 128, pid=16586)
UPCR: UPC thread  70 of 128 on node016 (pshm node  8 of 16, process  70 of 128, pid=16589)
UPCR: UPC thread  69 of 128 on node016 (pshm node  8 of 16, process  69 of 128, pid=16587)
UPCR: UPC thread  33 of 128 on node012 (pshm node  4 of 16, process  33 of 128, pid=8353)
UPCR: UPC thread  36 of 128 on node012 (pshm node  4 of 16, process  36 of 128, pid=8356)
UPCR: UPC thread  35 of 128 on node012 (pshm node  4 of 16, process  35 of 128, pid=8355)
UPCR: UPC thread  38 of 128 on node012 (pshm node  4 of 16, process  38 of 128, pid=8359)
UPCR: UPC thread  34 of 128 on node012 (pshm node  4 of 16, process  34 of 128, pid=8354)
UPCR: UPC thread  39 of 128 on node012 (pshm node  4 of 16, process  39 of 128, pid=8362)
UPCR: UPC thread  32 of 128 on node012 (pshm node  4 of 16, process  32 of 128, pid=8352)
UPCR: UPC thread  37 of 128 on node012 (pshm node  4 of 16, process  37 of 128, pid=8357)
UPCR: UPC thread  61 of 128 on node015 (pshm node  7 of 16, process  61 of 128, pid=27154)
UPCR: UPC thread  62 of 128 on node015 (pshm node  7 of 16, process  62 of 128, pid=27155)
UPCR: UPC thread  59 of 128 on node015 (pshm node  7 of 16, process  59 of 128, pid=27151)
UPCR: UPC thread  58 of 128 on node015 (pshm node  7 of 16, process  58 of 128, pid=27150)
UPCR: UPC thread  56 of 128 on node015 (pshm node  7 of 16, process  56 of 128, pid=27148)
UPCR: UPC thread  57 of 128 on node015 (pshm node  7 of 16, process  57 of 128, pid=27149)
UPCR: UPC thread  60 of 128 on node015 (pshm node  7 of 16, process  60 of 128, pid=27152)
UPCR: UPC thread  63 of 128 on node015 (pshm node  7 of 16, process  63 of 128, pid=27158)
UPCR: UPC thread  48 of 128 on node014 (pshm node  6 of 16, process  48 of 128, pid=29556)
UPCR: UPC thread  49 of 128 on node014 (pshm node  6 of 16, process  49 of 128, pid=29557)
UPCR: UPC thread  52 of 128 on node014 (pshm node  6 of 16, process  52 of 128, pid=29560)
UPCR: UPC thread  50 of 128 on node014 (pshm node  6 of 16, process  50 of 128, pid=29558)
UPCR: UPC thread  51 of 128 on node014 (pshm node  6 of 16, process  51 of 128, pid=29559)
UPCR: UPC thread  55 of 128 on node014 (pshm node  6 of 16, process  55 of 128, pid=29565)
UPCR: UPC thread  53 of 128 on node014 (pshm node  6 of 16, process  53 of 128, pid=29561)
UPCR: UPC thread  54 of 128 on node014 (pshm node  6 of 16, process  54 of 128, pid=29563)
UPCR: UPC thread 117 of 128 on node022 (pshm node 14 of 16, process 117 of 128, pid=11397)
UPCR: UPC thread 113 of 128 on node022 (pshm node 14 of 16, process 113 of 128, pid=11392)
UPCR: UPC thread 112 of 128 on node022 (pshm node 14 of 16, process 112 of 128, pid=11391)
UPCR: UPC thread 119 of 128 on node022 (pshm node 14 of 16, process 119 of 128, pid=11401)
UPCR: UPC thread 118 of 128 on node022 (pshm node 14 of 16, process 118 of 128, pid=11398)
UPCR: UPC thread 115 of 128 on node022 (pshm node 14 of 16, process 115 of 128, pid=11394)
UPCR: UPC thread 114 of 128 on node022 (pshm node 14 of 16, process 114 of 128, pid=11393)
UPCR: UPC thread 116 of 128 on node022 (pshm node 14 of 16, process 116 of 128, pid=11395)
using a cache granularity of 8
using linear probing in the BDD table
using a memoization table of 2^23 = 8388608 entries (~320 MB) per thread
using a BDD table of 2^24 = 16777216 entries (~384 MB) per thread
Initializing /home/oortwijn/distdd/models/beem/lamport_nonatomic.3.bdd!
vector size: 18
bits per integer: 4
number of BDD variables: 72
Loading initial states: 
Initial states loaded... 
Loading transition relations... 
18 integers per state, 4 bits per integer, 57 transition groups
BDD nodes:
Initial states: 72 BDD nodes
Transition 0: 49 BDD nodes
Transition 1: 48 BDD nodes
Transition 2: 44 BDD nodes
Transition 3: 32 BDD nodes
Transition 4: 69 BDD nodes
Transition 5: 0 BDD nodes
Transition 6: 0 BDD nodes
Transition 7: 0 BDD nodes
Transition 8: 47 BDD nodes
Transition 9: 43 BDD nodes
Transition 10: 60 BDD nodes
Transition 11: 64 BDD nodes
Transition 12: 72 BDD nodes
Transition 13: 47 BDD nodes
Transition 14: 68 BDD nodes
Transition 15: 43 BDD nodes
Transition 16: 48 BDD nodes
Transition 17: 32 BDD nodes
Transition 18: 46 BDD nodes
Transition 19: 91 BDD nodes
Transition 20: 0 BDD nodes
Transition 21: 0 BDD nodes
Transition 22: 48 BDD nodes
Transition 23: 0 BDD nodes
Transition 24: 0 BDD nodes
Transition 25: 91 BDD nodes
Transition 26: 48 BDD nodes
Transition 27: 57 BDD nodes
Transition 28: 48 BDD nodes
Transition 29: 48 BDD nodes
Transition 30: 0 BDD nodes
Transition 31: 0 BDD nodes
Transition 32: 0 BDD nodes
Transition 33: 81 BDD nodes
Transition 34: 0 BDD nodes
Transition 35: 0 BDD nodes
Transition 36: 91 BDD nodes
Transition 37: 48 BDD nodes
Transition 38: 63 BDD nodes
Transition 39: 32 BDD nodes
Transition 40: 43 BDD nodes
Transition 41: 72 BDD nodes
Transition 42: 47 BDD nodes
Transition 43: 68 BDD nodes
Transition 44: 32 BDD nodes
Transition 45: 46 BDD nodes
Transition 46: 48 BDD nodes
Transition 47: 48 BDD nodes
Transition 48: 0 BDD nodes
Transition 49: 0 BDD nodes
Transition 50: 73 BDD nodes
Transition 51: 0 BDD nodes
Transition 52: 53 BDD nodes
Transition 53: 32 BDD nodes
Transition 54: 42 BDD nodes
Transition 55: 32 BDD nodes
Transition 56: 46 BDD nodes
Level 1... done.
Level 2... done.
PAR Time: 0.008385
Final states: 0 states
Final states: 0 BDD nodes
[1467945424.191518] [node018:13732:0]         sys.c:744  MXM  WARN  Conflicting CPU frequencies detected, using: 2390.91
[1467945424.197984] [node023:14540:0]         sys.c:744  MXM  WARN  Conflicting CPU frequencies detected, using: 1644.19
[1467945424.187092] [node013:31488:0]         sys.c:744  MXM  WARN  Conflicting CPU frequencies detected, using: 1894.78
[1467945424.190840] [node009:22392:0]         sys.c:744  MXM  WARN  Conflicting CPU frequencies detected, using: 1956.38
[1467945424.195659] [node010:16670:0]         sys.c:744  MXM  WARN  Conflicting CPU frequencies detected, using: 1998.94
[1467945424.205990] [node019:10569:0]         sys.c:744  MXM  WARN  Conflicting CPU frequencies detected, using: 1490.53
[1467945424.201411] [node022:11349:0]         sys.c:744  MXM  WARN  Conflicting CPU frequencies detected, using: 1473.28
[1467945424.201296] [node017:17035:0]         sys.c:744  MXM  WARN  Conflicting CPU frequencies detected, using: 1990.97
[1467945424.192962] [node020:31517:0]         sys.c:744  MXM  WARN  Conflicting CPU frequencies detected, using: 1892.25
[1467945424.180990] [node012:8310 :0]         sys.c:744  MXM  WARN  Conflicting CPU frequencies detected, using: 2599.41
[1467945424.202819] [node015:27106:0]         sys.c:744  MXM  WARN  Conflicting CPU frequencies detected, using: 1396.97
[1467945424.180395] [node016:16540:0]         sys.c:744  MXM  WARN  Conflicting CPU frequencies detected, using: 1792.12
[1467945424.178496] [node021:14606:0]         sys.c:744  MXM  WARN  Conflicting CPU frequencies detected, using: 2039.53
[1467945423.837006] [node008:11158:0]         sys.c:744  MXM  WARN  Conflicting CPU frequencies detected, using: 2085.28
[1467945424.195951] [node014:29514:0]         sys.c:744  MXM  WARN  Conflicting CPU frequencies detected, using: 1609.69
[1467945424.191435] [node011:17337:0]         sys.c:744  MXM  WARN  Conflicting CPU frequencies detected, using: 1992.56
[1467945423.817935] [node008:11114:0]         sys.c:744  MXM  WARN  Conflicting CPU frequencies detected, using: 1995.56
