performing reachability, flags: -n 128 -N 16 -shared-heap 2GB --tablesize=24 --cachesize=23  
This is upcrun, job spawner for the Berkeley UPC compiler (http://upc.lbl.gov).
upcrun version 2.22.2
Network conduits supported by this installation: smp mxm ibv
[1468091249.561938] [node020:20999:0]         sys.c:744  MXM  WARN  Conflicting CPU frequencies detected, using: 1443.66
[1468091249.561938] [node020:20999:0]         sys.c:744  MXM  WARN  Conflicting CPU frequencies detected, using: 1443.66
[1468091249.595976] [node020:20999:0]         mxm.c:196  MXM  WARN  The 'ulimit -s' on the system is set to 'unlimited'. This may have negative performance implications. Please set the stack size to the default value (10240) 
[1468091249.561938] [node020:20999:0]         sys.c:744  MXM  WARN  Conflicting CPU frequencies detected, using: 1443.66
[1468091249.596717] [node020:20999:0]         mxm.c:196  MXM  WARN  The 'ulimit -s' on the system is set to 'unlimited'. This may have negative performance implications. Please set the stack size to the default value (10240) 
[1468091249.561938] [node020:20999:0]         sys.c:744  MXM  WARN  Conflicting CPU frequencies detected, using: 1443.66
[1468091249.561938] [node020:20999:0]         sys.c:744  MXM  WARN  Conflicting CPU frequencies detected, using: 1443.66
[1468091249.556285] [node009:27370:0]         sys.c:744  MXM  WARN  Conflicting CPU frequencies detected, using: 1795.03
[1468091249.600655] [node009:27370:0]         mxm.c:196  MXM  WARN  The 'ulimit -s' on the system is set to 'unlimited'. This may have negative performance implications. Please set the stack size to the default value (10240) 
[1468091249.565175] [node012:28808:0]         sys.c:744  MXM  WARN  Conflicting CPU frequencies detected, using: 1478.44
[1468091249.564518] [node013:6711 :0]         sys.c:744  MXM  WARN  Conflicting CPU frequencies detected, using: 1695.00
[1468091249.564518] [node013:6711 :0]         sys.c:744  MXM  WARN  Conflicting CPU frequencies detected, using: 1695.00
[1468091249.604681] [node013:6711 :0]         mxm.c:196  MXM  WARN  The 'ulimit -s' on the system is set to 'unlimited'. This may have negative performance implications. Please set the stack size to the default value (10240) 
[1468091249.569179] [node011:31504:0]         sys.c:744  MXM  WARN  Conflicting CPU frequencies detected, using: 1897.69
[1468091249.570801] [node022:31076:0]         sys.c:744  MXM  WARN  Conflicting CPU frequencies detected, using: 1797.47
[1468091249.208027] [node008:12239:0]         sys.c:744  MXM  WARN  Conflicting CPU frequencies detected, using: 2170.88
[1468091249.232989] [node008:12239:0]         mxm.c:196  MXM  WARN  The 'ulimit -s' on the system is set to 'unlimited'. This may have negative performance implications. Please set the stack size to the default value (10240) 
[1468091249.208027] [node008:12239:0]         sys.c:744  MXM  WARN  Conflicting CPU frequencies detected, using: 2170.88
[1468091249.235538] [node008:12239:0]         mxm.c:196  MXM  WARN  The 'ulimit -s' on the system is set to 'unlimited'. This may have negative performance implications. Please set the stack size to the default value (10240) 
[1468091249.208027] [node008:12239:0]         sys.c:744  MXM  WARN  Conflicting CPU frequencies detected, using: 2170.88
[1468091249.241120] [node008:12239:0]         mxm.c:196  MXM  WARN  The 'ulimit -s' on the system is set to 'unlimited'. This may have negative performance implications. Please set the stack size to the default value (10240) 
[1468091249.208027] [node008:12239:0]         sys.c:744  MXM  WARN  Conflicting CPU frequencies detected, using: 2170.88
[1468091249.240326] [node008:12239:0]         mxm.c:196  MXM  WARN  The 'ulimit -s' on the system is set to 'unlimited'. This may have negative performance implications. Please set the stack size to the default value (10240) 
[1468091249.208027] [node008:12239:0]         sys.c:744  MXM  WARN  Conflicting CPU frequencies detected, using: 2170.88
[1468091249.247118] [node008:12239:0]         mxm.c:196  MXM  WARN  The 'ulimit -s' on the system is set to 'unlimited'. This may have negative performance implications. Please set the stack size to the default value (10240) 
[1468091249.208027] [node008:12239:0]         sys.c:744  MXM  WARN  Conflicting CPU frequencies detected, using: 2170.88
[1468091249.236967] [node008:12239:0]         mxm.c:196  MXM  WARN  The 'ulimit -s' on the system is set to 'unlimited'. This may have negative performance implications. Please set the stack size to the default value (10240) 
[1468091249.556837] [node016:7191 :0]         sys.c:744  MXM  WARN  Conflicting CPU frequencies detected, using: 1799.25
[1468091249.565805] [node016:7191 :0]         mxm.c:196  MXM  WARN  The 'ulimit -s' on the system is set to 'unlimited'. This may have negative performance implications. Please set the stack size to the default value (10240) 
[1468091249.556837] [node016:7191 :0]         sys.c:744  MXM  WARN  Conflicting CPU frequencies detected, using: 1799.25
[1468091249.566078] [node016:7191 :0]         mxm.c:196  MXM  WARN  The 'ulimit -s' on the system is set to 'unlimited'. This may have negative performance implications. Please set the stack size to the default value (10240) 
[1468091249.556837] [node016:7191 :0]         sys.c:744  MXM  WARN  Conflicting CPU frequencies detected, using: 1799.25
[1468091249.564676] [node016:7191 :0]         mxm.c:196  MXM  WARN  The 'ulimit -s' on the system is set to 'unlimited'. This may have negative performance implications. Please set the stack size to the default value (10240) 
[1468091249.556837] [node016:7191 :0]         sys.c:744  MXM  WARN  Conflicting CPU frequencies detected, using: 1799.25
[1468091249.565128] [node016:7191 :0]         mxm.c:196  MXM  WARN  The 'ulimit -s' on the system is set to 'unlimited'. This may have negative performance implications. Please set the stack size to the default value (10240) 
[1468091249.556837] [node016:7191 :0]         sys.c:744  MXM  WARN  Conflicting CPU frequencies detected, using: 1799.25
[1468091249.565010] [node016:7191 :0]         mxm.c:196  MXM  WARN  The 'ulimit -s' on the system is set to 'unlimited'. This may have negative performance implications. Please set the stack size to the default value (10240) 
[1468091249.556837] [node016:7191 :0]         sys.c:744  MXM  WARN  Conflicting CPU frequencies detected, using: 1799.25
[1468091249.564181] [node016:7191 :0]         mxm.c:196  MXM  WARN  The 'ulimit -s' on the system is set to 'unlimited'. This may have negative performance implications. Please set the stack size to the default value (10240) 
[1468091249.556837] [node016:7191 :0]         sys.c:744  MXM  WARN  Conflicting CPU frequencies detected, using: 1799.25
[1468091249.565453] [node016:7191 :0]         mxm.c:196  MXM  WARN  The 'ulimit -s' on the system is set to 'unlimited'. This may have negative performance implications. Please set the stack size to the default value (10240) 
[1468091249.563607] [node010:24424:0]         sys.c:744  MXM  WARN  Conflicting CPU frequencies detected, using: 1797.94
[1468091249.571025] [node010:24424:0]         mxm.c:196  MXM  WARN  The 'ulimit -s' on the system is set to 'unlimited'. This may have negative performance implications. Please set the stack size to the default value (10240) 
[1468091249.563607] [node010:24424:0]         sys.c:744  MXM  WARN  Conflicting CPU frequencies detected, using: 1797.94
[1468091249.570473] [node010:24424:0]         mxm.c:196  MXM  WARN  The 'ulimit -s' on the system is set to 'unlimited'. This may have negative performance implications. Please set the stack size to the default value (10240) 
[1468091249.563607] [node010:24424:0]         sys.c:744  MXM  WARN  Conflicting CPU frequencies detected, using: 1797.94
[1468091249.570799] [node010:24424:0]         mxm.c:196  MXM  WARN  The 'ulimit -s' on the system is set to 'unlimited'. This may have negative performance implications. Please set the stack size to the default value (10240) 
[1468091249.563607] [node010:24424:0]         sys.c:744  MXM  WARN  Conflicting CPU frequencies detected, using: 1797.94
[1468091249.571232] [node010:24424:0]         mxm.c:196  MXM  WARN  The 'ulimit -s' on the system is set to 'unlimited'. This may have negative performance implications. Please set the stack size to the default value (10240) 
[1468091249.563607] [node010:24424:0]         sys.c:744  MXM  WARN  Conflicting CPU frequencies detected, using: 1797.94
[1468091249.572299] [node010:24424:0]         mxm.c:196  MXM  WARN  The 'ulimit -s' on the system is set to 'unlimited'. This may have negative performance implications. Please set the stack size to the default value (10240) 
[1468091249.556837] [node016:7191 :0]         sys.c:744  MXM  WARN  Conflicting CPU frequencies detected, using: 1799.25
[1468091249.565931] [node016:7191 :0]         mxm.c:196  MXM  WARN  The 'ulimit -s' on the system is set to 'unlimited'. This may have negative performance implications. Please set the stack size to the default value (10240) 
[1468091249.563607] [node010:24424:0]         sys.c:744  MXM  WARN  Conflicting CPU frequencies detected, using: 1797.94
[1468091249.572041] [node010:24424:0]         mxm.c:196  MXM  WARN  The 'ulimit -s' on the system is set to 'unlimited'. This may have negative performance implications. Please set the stack size to the default value (10240) 
[1468091249.208027] [node008:12239:0]         sys.c:744  MXM  WARN  Conflicting CPU frequencies detected, using: 2170.88
[1468091249.243259] [node008:12239:0]         mxm.c:196  MXM  WARN  The 'ulimit -s' on the system is set to 'unlimited'. This may have negative performance implications. Please set the stack size to the default value (10240) 
[1468091249.208027] [node008:12239:0]         sys.c:744  MXM  WARN  Conflicting CPU frequencies detected, using: 2170.88
[1468091249.237740] [node008:12239:0]         mxm.c:196  MXM  WARN  The 'ulimit -s' on the system is set to 'unlimited'. This may have negative performance implications. Please set the stack size to the default value (10240) 
[1468091249.571454] [node021:1371 :0]         sys.c:744  MXM  WARN  Conflicting CPU frequencies detected, using: 1794.84
[1468091249.579263] [node021:1371 :0]         mxm.c:196  MXM  WARN  The 'ulimit -s' on the system is set to 'unlimited'. This may have negative performance implications. Please set the stack size to the default value (10240) 
[1468091249.571454] [node021:1371 :0]         sys.c:744  MXM  WARN  Conflicting CPU frequencies detected, using: 1794.84
[1468091249.580176] [node021:1371 :0]         mxm.c:196  MXM  WARN  The 'ulimit -s' on the system is set to 'unlimited'. This may have negative performance implications. Please set the stack size to the default value (10240) 
[1468091249.571454] [node021:1371 :0]         sys.c:744  MXM  WARN  Conflicting CPU frequencies detected, using: 1794.84
[1468091249.579593] [node021:1371 :0]         mxm.c:196  MXM  WARN  The 'ulimit -s' on the system is set to 'unlimited'. This may have negative performance implications. Please set the stack size to the default value (10240) 
[1468091249.571454] [node021:1371 :0]         sys.c:744  MXM  WARN  Conflicting CPU frequencies detected, using: 1794.84
[1468091249.578702] [node021:1371 :0]         mxm.c:196  MXM  WARN  The 'ulimit -s' on the system is set to 'unlimited'. This may have negative performance implications. Please set the stack size to the default value (10240) 
[1468091249.571454] [node021:1371 :0]         sys.c:744  MXM  WARN  Conflicting CPU frequencies detected, using: 1794.84
[1468091249.578906] [node021:1371 :0]         mxm.c:196  MXM  WARN  The 'ulimit -s' on the system is set to 'unlimited'. This may have negative performance implications. Please set the stack size to the default value (10240) 
[1468091249.570897] [node014:17475:0]         sys.c:744  MXM  WARN  Conflicting CPU frequencies detected, using: 1397.53
[1468091249.578024] [node014:17475:0]         mxm.c:196  MXM  WARN  The 'ulimit -s' on the system is set to 'unlimited'. This may have negative performance implications. Please set the stack size to the default value (10240) 
[1468091249.570897] [node014:17475:0]         sys.c:744  MXM  WARN  Conflicting CPU frequencies detected, using: 1397.53
[1468091249.579772] [node014:17475:0]         mxm.c:196  MXM  WARN  The 'ulimit -s' on the system is set to 'unlimited'. This may have negative performance implications. Please set the stack size to the default value (10240) 
[1468091249.570897] [node014:17475:0]         sys.c:744  MXM  WARN  Conflicting CPU frequencies detected, using: 1397.53
[1468091249.579678] [node014:17475:0]         mxm.c:196  MXM  WARN  The 'ulimit -s' on the system is set to 'unlimited'. This may have negative performance implications. Please set the stack size to the default value (10240) 
[1468091249.573132] [node019:9473 :0]         sys.c:744  MXM  WARN  Conflicting CPU frequencies detected, using: 1798.88
[1468091249.581160] [node019:9473 :0]         mxm.c:196  MXM  WARN  The 'ulimit -s' on the system is set to 'unlimited'. This may have negative performance implications. Please set the stack size to the default value (10240) 
[1468091249.570897] [node014:17475:0]         sys.c:744  MXM  WARN  Conflicting CPU frequencies detected, using: 1397.53
[1468091249.579145] [node014:17475:0]         mxm.c:196  MXM  WARN  The 'ulimit -s' on the system is set to 'unlimited'. This may have negative performance implications. Please set the stack size to the default value (10240) 
[1468091249.573132] [node019:9473 :0]         sys.c:744  MXM  WARN  Conflicting CPU frequencies detected, using: 1798.88
[1468091249.580880] [node019:9473 :0]         mxm.c:196  MXM  WARN  The 'ulimit -s' on the system is set to 'unlimited'. This may have negative performance implications. Please set the stack size to the default value (10240) 
[1468091249.570897] [node014:17475:0]         sys.c:744  MXM  WARN  Conflicting CPU frequencies detected, using: 1397.53
[1468091249.579419] [node014:17475:0]         mxm.c:196  MXM  WARN  The 'ulimit -s' on the system is set to 'unlimited'. This may have negative performance implications. Please set the stack size to the default value (10240) 
[1468091249.570897] [node014:17475:0]         sys.c:744  MXM  WARN  Conflicting CPU frequencies detected, using: 1397.53
[1468091249.579906] [node014:17475:0]         mxm.c:196  MXM  WARN  The 'ulimit -s' on the system is set to 'unlimited'. This may have negative performance implications. Please set the stack size to the default value (10240) 
[1468091249.570897] [node014:17475:0]         sys.c:744  MXM  WARN  Conflicting CPU frequencies detected, using: 1397.53
[1468091249.577831] [node014:17475:0]         mxm.c:196  MXM  WARN  The 'ulimit -s' on the system is set to 'unlimited'. This may have negative performance implications. Please set the stack size to the default value (10240) 
[1468091249.570897] [node014:17475:0]         sys.c:744  MXM  WARN  Conflicting CPU frequencies detected, using: 1397.53
[1468091249.580157] [node014:17475:0]         mxm.c:196  MXM  WARN  The 'ulimit -s' on the system is set to 'unlimited'. This may have negative performance implications. Please set the stack size to the default value (10240) 
[1468091249.573132] [node019:9473 :0]         sys.c:744  MXM  WARN  Conflicting CPU frequencies detected, using: 1798.88
[1468091249.582437] [node019:9473 :0]         mxm.c:196  MXM  WARN  The 'ulimit -s' on the system is set to 'unlimited'. This may have negative performance implications. Please set the stack size to the default value (10240) 
[1468091249.573132] [node019:9473 :0]         sys.c:744  MXM  WARN  Conflicting CPU frequencies detected, using: 1798.88
[1468091249.582184] [node019:9473 :0]         mxm.c:196  MXM  WARN  The 'ulimit -s' on the system is set to 'unlimited'. This may have negative performance implications. Please set the stack size to the default value (10240) 
[1468091249.571454] [node021:1371 :0]         sys.c:744  MXM  WARN  Conflicting CPU frequencies detected, using: 1794.84
[1468091249.578295] [node021:1371 :0]         mxm.c:196  MXM  WARN  The 'ulimit -s' on the system is set to 'unlimited'. This may have negative performance implications. Please set the stack size to the default value (10240) 
[1468091249.571454] [node021:1371 :0]         sys.c:744  MXM  WARN  Conflicting CPU frequencies detected, using: 1794.84
[1468091249.579517] [node021:1371 :0]         mxm.c:196  MXM  WARN  The 'ulimit -s' on the system is set to 'unlimited'. This may have negative performance implications. Please set the stack size to the default value (10240) 
[1468091249.573132] [node019:9473 :0]         sys.c:744  MXM  WARN  Conflicting CPU frequencies detected, using: 1798.88
[1468091249.581573] [node019:9473 :0]         mxm.c:196  MXM  WARN  The 'ulimit -s' on the system is set to 'unlimited'. This may have negative performance implications. Please set the stack size to the default value (10240) 
[1468091249.573132] [node019:9473 :0]         sys.c:744  MXM  WARN  Conflicting CPU frequencies detected, using: 1798.88
[1468091249.582566] [node019:9473 :0]         mxm.c:196  MXM  WARN  The 'ulimit -s' on the system is set to 'unlimited'. This may have negative performance implications. Please set the stack size to the default value (10240) 
[1468091249.573132] [node019:9473 :0]         sys.c:744  MXM  WARN  Conflicting CPU frequencies detected, using: 1798.88
[1468091249.581740] [node019:9473 :0]         mxm.c:196  MXM  WARN  The 'ulimit -s' on the system is set to 'unlimited'. This may have negative performance implications. Please set the stack size to the default value (10240) 
[1468091249.563607] [node010:24424:0]         sys.c:744  MXM  WARN  Conflicting CPU frequencies detected, using: 1797.94
[1468091249.572712] [node010:24424:0]         mxm.c:196  MXM  WARN  The 'ulimit -s' on the system is set to 'unlimited'. This may have negative performance implications. Please set the stack size to the default value (10240) 
[1468091249.563607] [node010:24424:0]         sys.c:744  MXM  WARN  Conflicting CPU frequencies detected, using: 1797.94
[1468091249.572167] [node010:24424:0]         mxm.c:196  MXM  WARN  The 'ulimit -s' on the system is set to 'unlimited'. This may have negative performance implications. Please set the stack size to the default value (10240) 
[1468091249.571454] [node021:1371 :0]         sys.c:744  MXM  WARN  Conflicting CPU frequencies detected, using: 1794.84
[1468091249.580932] [node021:1371 :0]         mxm.c:196  MXM  WARN  The 'ulimit -s' on the system is set to 'unlimited'. This may have negative performance implications. Please set the stack size to the default value (10240) 
[1468091249.573132] [node019:9473 :0]         sys.c:744  MXM  WARN  Conflicting CPU frequencies detected, using: 1798.88
[1468091249.582757] [node019:9473 :0]         mxm.c:196  MXM  WARN  The 'ulimit -s' on the system is set to 'unlimited'. This may have negative performance implications. Please set the stack size to the default value (10240) 
[1468091249.563476] [node023:4258 :0]         sys.c:744  MXM  WARN  Conflicting CPU frequencies detected, using: 1795.12
[1468091249.588594] [node023:4258 :0]         mxm.c:196  MXM  WARN  The 'ulimit -s' on the system is set to 'unlimited'. This may have negative performance implications. Please set the stack size to the default value (10240) 
[1468091249.612347] [node022:31076:0]         mxm.c:196  MXM  WARN  The 'ulimit -s' on the system is set to 'unlimited'. This may have negative performance implications. Please set the stack size to the default value (10240) 
[1468091249.597530] [node020:20999:0]         mxm.c:196  MXM  WARN  The 'ulimit -s' on the system is set to 'unlimited'. This may have negative performance implications. Please set the stack size to the default value (10240) 
[1468091249.563476] [node023:4258 :0]         sys.c:744  MXM  WARN  Conflicting CPU frequencies detected, using: 1795.12
[1468091249.595703] [node023:4258 :0]         mxm.c:196  MXM  WARN  The 'ulimit -s' on the system is set to 'unlimited'. This may have negative performance implications. Please set the stack size to the default value (10240) 
[1468091249.556285] [node009:27370:0]         sys.c:744  MXM  WARN  Conflicting CPU frequencies detected, using: 1795.03
[1468091249.582684] [node009:27370:0]         mxm.c:196  MXM  WARN  The 'ulimit -s' on the system is set to 'unlimited'. This may have negative performance implications. Please set the stack size to the default value (10240) 
[1468091249.564518] [node013:6711 :0]         sys.c:744  MXM  WARN  Conflicting CPU frequencies detected, using: 1695.00
[1468091249.591059] [node013:6711 :0]         mxm.c:196  MXM  WARN  The 'ulimit -s' on the system is set to 'unlimited'. This may have negative performance implications. Please set the stack size to the default value (10240) 
[1468091249.563476] [node023:4258 :0]         sys.c:744  MXM  WARN  Conflicting CPU frequencies detected, using: 1795.12
[1468091249.599108] [node023:4258 :0]         mxm.c:196  MXM  WARN  The 'ulimit -s' on the system is set to 'unlimited'. This may have negative performance implications. Please set the stack size to the default value (10240) 
[1468091249.565175] [node012:28808:0]         sys.c:744  MXM  WARN  Conflicting CPU frequencies detected, using: 1478.44
[1468091249.588458] [node012:28808:0]         mxm.c:196  MXM  WARN  The 'ulimit -s' on the system is set to 'unlimited'. This may have negative performance implications. Please set the stack size to the default value (10240) 
[1468091249.569179] [node011:31504:0]         sys.c:744  MXM  WARN  Conflicting CPU frequencies detected, using: 1897.69
[1468091249.594293] [node011:31504:0]         mxm.c:196  MXM  WARN  The 'ulimit -s' on the system is set to 'unlimited'. This may have negative performance implications. Please set the stack size to the default value (10240) 
[1468091249.570801] [node022:31076:0]         sys.c:744  MXM  WARN  Conflicting CPU frequencies detected, using: 1797.47
[1468091249.591849] [node022:31076:0]         mxm.c:196  MXM  WARN  The 'ulimit -s' on the system is set to 'unlimited'. This may have negative performance implications. Please set the stack size to the default value (10240) 
[1468091249.561938] [node020:20999:0]         sys.c:744  MXM  WARN  Conflicting CPU frequencies detected, using: 1443.66
[1468091249.593685] [node020:20999:0]         mxm.c:196  MXM  WARN  The 'ulimit -s' on the system is set to 'unlimited'. This may have negative performance implications. Please set the stack size to the default value (10240) 
[1468091249.565175] [node012:28808:0]         sys.c:744  MXM  WARN  Conflicting CPU frequencies detected, using: 1478.44
[1468091249.599730] [node012:28808:0]         mxm.c:196  MXM  WARN  The 'ulimit -s' on the system is set to 'unlimited'. This may have negative performance implications. Please set the stack size to the default value (10240) 
[1468091249.572911] [node018:18533:0]         sys.c:744  MXM  WARN  Conflicting CPU frequencies detected, using: 1799.81
[1468091249.596059] [node018:18533:0]         mxm.c:196  MXM  WARN  The 'ulimit -s' on the system is set to 'unlimited'. This may have negative performance implications. Please set the stack size to the default value (10240) 
[1468091249.572911] [node018:18533:0]         sys.c:744  MXM  WARN  Conflicting CPU frequencies detected, using: 1799.81
[1468091249.604067] [node018:18533:0]         mxm.c:196  MXM  WARN  The 'ulimit -s' on the system is set to 'unlimited'. This may have negative performance implications. Please set the stack size to the default value (10240) 
[1468091249.565175] [node012:28808:0]         sys.c:744  MXM  WARN  Conflicting CPU frequencies detected, using: 1478.44
[1468091249.595675] [node012:28808:0]         mxm.c:196  MXM  WARN  The 'ulimit -s' on the system is set to 'unlimited'. This may have negative performance implications. Please set the stack size to the default value (10240) 
[1468091249.563467] [node015:7522 :0]         sys.c:744  MXM  WARN  Conflicting CPU frequencies detected, using: 1796.91
[1468091249.597584] [node015:7522 :0]         mxm.c:196  MXM  WARN  The 'ulimit -s' on the system is set to 'unlimited'. This may have negative performance implications. Please set the stack size to the default value (10240) 
[1468091249.564518] [node013:6711 :0]         sys.c:744  MXM  WARN  Conflicting CPU frequencies detected, using: 1695.00
[1468091249.598574] [node013:6711 :0]         mxm.c:196  MXM  WARN  The 'ulimit -s' on the system is set to 'unlimited'. This may have negative performance implications. Please set the stack size to the default value (10240) 
[1468091249.570223] [node017:30503:0]         sys.c:744  MXM  WARN  Conflicting CPU frequencies detected, using: 1795.69
[1468091249.605604] [node017:30503:0]         mxm.c:196  MXM  WARN  The 'ulimit -s' on the system is set to 'unlimited'. This may have negative performance implications. Please set the stack size to the default value (10240) 
[1468091249.564518] [node013:6711 :0]         sys.c:744  MXM  WARN  Conflicting CPU frequencies detected, using: 1695.00
[1468091249.578932] [node013:6711 :0]         mxm.c:196  MXM  WARN  The 'ulimit -s' on the system is set to 'unlimited'. This may have negative performance implications. Please set the stack size to the default value (10240) 
[1468091249.556285] [node009:27370:0]         sys.c:744  MXM  WARN  Conflicting CPU frequencies detected, using: 1795.03
[1468091249.590161] [node009:27370:0]         mxm.c:196  MXM  WARN  The 'ulimit -s' on the system is set to 'unlimited'. This may have negative performance implications. Please set the stack size to the default value (10240) 
[1468091249.569179] [node011:31504:0]         sys.c:744  MXM  WARN  Conflicting CPU frequencies detected, using: 1897.69
[1468091249.600584] [node011:31504:0]         mxm.c:196  MXM  WARN  The 'ulimit -s' on the system is set to 'unlimited'. This may have negative performance implications. Please set the stack size to the default value (10240) 
[1468091249.564518] [node013:6711 :0]         sys.c:744  MXM  WARN  Conflicting CPU frequencies detected, using: 1695.00
[1468091249.603111] [node013:6711 :0]         mxm.c:196  MXM  WARN  The 'ulimit -s' on the system is set to 'unlimited'. This may have negative performance implications. Please set the stack size to the default value (10240) 
[1468091249.570223] [node017:30503:0]         sys.c:744  MXM  WARN  Conflicting CPU frequencies detected, using: 1795.69
[1468091249.609918] [node017:30503:0]         mxm.c:196  MXM  WARN  The 'ulimit -s' on the system is set to 'unlimited'. This may have negative performance implications. Please set the stack size to the default value (10240) 
[1468091249.563476] [node023:4258 :0]         sys.c:744  MXM  WARN  Conflicting CPU frequencies detected, using: 1795.12
[1468091249.594950] [node023:4258 :0]         mxm.c:196  MXM  WARN  The 'ulimit -s' on the system is set to 'unlimited'. This may have negative performance implications. Please set the stack size to the default value (10240) 
[1468091249.565175] [node012:28808:0]         sys.c:744  MXM  WARN  Conflicting CPU frequencies detected, using: 1478.44
[1468091249.598757] [node012:28808:0]         mxm.c:196  MXM  WARN  The 'ulimit -s' on the system is set to 'unlimited'. This may have negative performance implications. Please set the stack size to the default value (10240) 
[1468091249.556285] [node009:27370:0]         sys.c:744  MXM  WARN  Conflicting CPU frequencies detected, using: 1795.03
[1468091249.573995] [node009:27370:0]         mxm.c:196  MXM  WARN  The 'ulimit -s' on the system is set to 'unlimited'. This may have negative performance implications. Please set the stack size to the default value (10240) 
[1468091249.570223] [node017:30503:0]         sys.c:744  MXM  WARN  Conflicting CPU frequencies detected, using: 1795.69
[1468091249.599163] [node017:30503:0]         mxm.c:196  MXM  WARN  The 'ulimit -s' on the system is set to 'unlimited'. This may have negative performance implications. Please set the stack size to the default value (10240) 
[1468091249.603017] [node012:28808:0]         mxm.c:196  MXM  WARN  The 'ulimit -s' on the system is set to 'unlimited'. This may have negative performance implications. Please set the stack size to the default value (10240) 
[1468091249.565175] [node012:28808:0]         sys.c:744  MXM  WARN  Conflicting CPU frequencies detected, using: 1478.44
[1468091249.598002] [node012:28808:0]         mxm.c:196  MXM  WARN  The 'ulimit -s' on the system is set to 'unlimited'. This may have negative performance implications. Please set the stack size to the default value (10240) 
[1468091249.563467] [node015:7522 :0]         sys.c:744  MXM  WARN  Conflicting CPU frequencies detected, using: 1796.91
[1468091249.599465] [node015:7522 :0]         mxm.c:196  MXM  WARN  The 'ulimit -s' on the system is set to 'unlimited'. This may have negative performance implications. Please set the stack size to the default value (10240) 
[1468091249.556285] [node009:27370:0]         sys.c:744  MXM  WARN  Conflicting CPU frequencies detected, using: 1795.03
[1468091249.585195] [node009:27370:0]         mxm.c:196  MXM  WARN  The 'ulimit -s' on the system is set to 'unlimited'. This may have negative performance implications. Please set the stack size to the default value (10240) 
[1468091249.563476] [node023:4258 :0]         sys.c:744  MXM  WARN  Conflicting CPU frequencies detected, using: 1795.12
[1468091249.601511] [node023:4258 :0]         mxm.c:196  MXM  WARN  The 'ulimit -s' on the system is set to 'unlimited'. This may have negative performance implications. Please set the stack size to the default value (10240) 
[1468091249.570801] [node022:31076:0]         sys.c:744  MXM  WARN  Conflicting CPU frequencies detected, using: 1797.47
[1468091249.601346] [node022:31076:0]         mxm.c:196  MXM  WARN  The 'ulimit -s' on the system is set to 'unlimited'. This may have negative performance implications. Please set the stack size to the default value (10240) 
[1468091249.564518] [node013:6711 :0]         sys.c:744  MXM  WARN  Conflicting CPU frequencies detected, using: 1695.00
[1468091249.600617] [node013:6711 :0]         mxm.c:196  MXM  WARN  The 'ulimit -s' on the system is set to 'unlimited'. This may have negative performance implications. Please set the stack size to the default value (10240) 
[1468091249.556285] [node009:27370:0]         sys.c:744  MXM  WARN  Conflicting CPU frequencies detected, using: 1795.03
[1468091249.584244] [node009:27370:0]         mxm.c:196  MXM  WARN  The 'ulimit -s' on the system is set to 'unlimited'. This may have negative performance implications. Please set the stack size to the default value (10240) 
[1468091249.563467] [node015:7522 :0]         sys.c:744  MXM  WARN  Conflicting CPU frequencies detected, using: 1796.91
[1468091249.596018] [node015:7522 :0]         mxm.c:196  MXM  WARN  The 'ulimit -s' on the system is set to 'unlimited'. This may have negative performance implications. Please set the stack size to the default value (10240) 
[1468091249.565175] [node012:28808:0]         sys.c:744  MXM  WARN  Conflicting CPU frequencies detected, using: 1478.44
[1468091249.593978] [node012:28808:0]         mxm.c:196  MXM  WARN  The 'ulimit -s' on the system is set to 'unlimited'. This may have negative performance implications. Please set the stack size to the default value (10240) 
[1468091249.563467] [node015:7522 :0]         sys.c:744  MXM  WARN  Conflicting CPU frequencies detected, using: 1796.91
[1468091249.588027] [node015:7522 :0]         mxm.c:196  MXM  WARN  The 'ulimit -s' on the system is set to 'unlimited'. This may have negative performance implications. Please set the stack size to the default value (10240) 
[1468091249.561938] [node020:20999:0]         sys.c:744  MXM  WARN  Conflicting CPU frequencies detected, using: 1443.66
[1468091249.592707] [node020:20999:0]         mxm.c:196  MXM  WARN  The 'ulimit -s' on the system is set to 'unlimited'. This may have negative performance implications. Please set the stack size to the default value (10240) 
[1468091249.572911] [node018:18533:0]         sys.c:744  MXM  WARN  Conflicting CPU frequencies detected, using: 1799.81
[1468091249.609766] [node018:18533:0]         mxm.c:196  MXM  WARN  The 'ulimit -s' on the system is set to 'unlimited'. This may have negative performance implications. Please set the stack size to the default value (10240) 
[1468091249.572911] [node018:18533:0]         sys.c:744  MXM  WARN  Conflicting CPU frequencies detected, using: 1799.81
[1468091249.608982] [node018:18533:0]         mxm.c:196  MXM  WARN  The 'ulimit -s' on the system is set to 'unlimited'. This may have negative performance implications. Please set the stack size to the default value (10240) 
[1468091249.595217] [node020:20999:0]         mxm.c:196  MXM  WARN  The 'ulimit -s' on the system is set to 'unlimited'. This may have negative performance implications. Please set the stack size to the default value (10240) 
[1468091249.565175] [node012:28808:0]         sys.c:744  MXM  WARN  Conflicting CPU frequencies detected, using: 1478.44
[1468091249.596462] [node012:28808:0]         mxm.c:196  MXM  WARN  The 'ulimit -s' on the system is set to 'unlimited'. This may have negative performance implications. Please set the stack size to the default value (10240) 
[1468091249.556285] [node009:27370:0]         sys.c:744  MXM  WARN  Conflicting CPU frequencies detected, using: 1795.03
[1468091249.590943] [node009:27370:0]         mxm.c:196  MXM  WARN  The 'ulimit -s' on the system is set to 'unlimited'. This may have negative performance implications. Please set the stack size to the default value (10240) 
[1468091249.570801] [node022:31076:0]         sys.c:744  MXM  WARN  Conflicting CPU frequencies detected, using: 1797.47
[1468091249.602293] [node022:31076:0]         mxm.c:196  MXM  WARN  The 'ulimit -s' on the system is set to 'unlimited'. This may have negative performance implications. Please set the stack size to the default value (10240) 
[1468091249.570801] [node022:31076:0]         sys.c:744  MXM  WARN  Conflicting CPU frequencies detected, using: 1797.47
[1468091249.608186] [node022:31076:0]         mxm.c:196  MXM  WARN  The 'ulimit -s' on the system is set to 'unlimited'. This may have negative performance implications. Please set the stack size to the default value (10240) 
[1468091249.572911] [node018:18533:0]         sys.c:744  MXM  WARN  Conflicting CPU frequencies detected, using: 1799.81
[1468091249.606463] [node018:18533:0]         mxm.c:196  MXM  WARN  The 'ulimit -s' on the system is set to 'unlimited'. This may have negative performance implications. Please set the stack size to the default value (10240) 
[1468091249.570223] [node017:30503:0]         sys.c:744  MXM  WARN  Conflicting CPU frequencies detected, using: 1795.69
[1468091249.606378] [node017:30503:0]         mxm.c:196  MXM  WARN  The 'ulimit -s' on the system is set to 'unlimited'. This may have negative performance implications. Please set the stack size to the default value (10240) 
[1468091249.570223] [node017:30503:0]         sys.c:744  MXM  WARN  Conflicting CPU frequencies detected, using: 1795.69
[1468091249.602191] [node017:30503:0]         mxm.c:196  MXM  WARN  The 'ulimit -s' on the system is set to 'unlimited'. This may have negative performance implications. Please set the stack size to the default value (10240) 
[1468091249.598471] [node020:20999:0]         mxm.c:196  MXM  WARN  The 'ulimit -s' on the system is set to 'unlimited'. This may have negative performance implications. Please set the stack size to the default value (10240) 
[1468091249.569179] [node011:31504:0]         sys.c:744  MXM  WARN  Conflicting CPU frequencies detected, using: 1897.69
[1468091249.604813] [node011:31504:0]         mxm.c:196  MXM  WARN  The 'ulimit -s' on the system is set to 'unlimited'. This may have negative performance implications. Please set the stack size to the default value (10240) 
[1468091249.569179] [node011:31504:0]         sys.c:744  MXM  WARN  Conflicting CPU frequencies detected, using: 1897.69
[1468091249.590296] [node011:31504:0]         mxm.c:196  MXM  WARN  The 'ulimit -s' on the system is set to 'unlimited'. This may have negative performance implications. Please set the stack size to the default value (10240) 
[1468091249.569179] [node011:31504:0]         sys.c:744  MXM  WARN  Conflicting CPU frequencies detected, using: 1897.69
[1468091249.602311] [node011:31504:0]         mxm.c:196  MXM  WARN  The 'ulimit -s' on the system is set to 'unlimited'. This may have negative performance implications. Please set the stack size to the default value (10240) 
[1468091249.569179] [node011:31504:0]         sys.c:744  MXM  WARN  Conflicting CPU frequencies detected, using: 1897.69
[1468091249.599795] [node011:31504:0]         mxm.c:196  MXM  WARN  The 'ulimit -s' on the system is set to 'unlimited'. This may have negative performance implications. Please set the stack size to the default value (10240) 
[1468091249.569179] [node011:31504:0]         sys.c:744  MXM  WARN  Conflicting CPU frequencies detected, using: 1897.69
[1468091249.596778] [node011:31504:0]         mxm.c:196  MXM  WARN  The 'ulimit -s' on the system is set to 'unlimited'. This may have negative performance implications. Please set the stack size to the default value (10240) 
[1468091249.612859] [node011:31504:0]         mxm.c:196  MXM  WARN  The 'ulimit -s' on the system is set to 'unlimited'. This may have negative performance implications. Please set the stack size to the default value (10240) 
[1468091249.563467] [node015:7522 :0]         sys.c:744  MXM  WARN  Conflicting CPU frequencies detected, using: 1796.91
[1468091249.595246] [node015:7522 :0]         mxm.c:196  MXM  WARN  The 'ulimit -s' on the system is set to 'unlimited'. This may have negative performance implications. Please set the stack size to the default value (10240) 
[1468091249.563467] [node015:7522 :0]         sys.c:744  MXM  WARN  Conflicting CPU frequencies detected, using: 1796.91
[1468091249.596810] [node015:7522 :0]         mxm.c:196  MXM  WARN  The 'ulimit -s' on the system is set to 'unlimited'. This may have negative performance implications. Please set the stack size to the default value (10240) 
[1468091249.563476] [node023:4258 :0]         sys.c:744  MXM  WARN  Conflicting CPU frequencies detected, using: 1795.12
[1468091249.593411] [node023:4258 :0]         mxm.c:196  MXM  WARN  The 'ulimit -s' on the system is set to 'unlimited'. This may have negative performance implications. Please set the stack size to the default value (10240) 
[1468091249.572911] [node018:18533:0]         sys.c:744  MXM  WARN  Conflicting CPU frequencies detected, using: 1799.81
[1468091249.601581] [node018:18533:0]         mxm.c:196  MXM  WARN  The 'ulimit -s' on the system is set to 'unlimited'. This may have negative performance implications. Please set the stack size to the default value (10240) 
[1468091249.563476] [node023:4258 :0]         sys.c:744  MXM  WARN  Conflicting CPU frequencies detected, using: 1795.12
[1468091249.591607] [node023:4258 :0]         mxm.c:196  MXM  WARN  The 'ulimit -s' on the system is set to 'unlimited'. This may have negative performance implications. Please set the stack size to the default value (10240) 
[1468091249.563467] [node015:7522 :0]         sys.c:744  MXM  WARN  Conflicting CPU frequencies detected, using: 1796.91
[1468091249.601074] [node015:7522 :0]         mxm.c:196  MXM  WARN  The 'ulimit -s' on the system is set to 'unlimited'. This may have negative performance implications. Please set the stack size to the default value (10240) 
[1468091249.564518] [node013:6711 :0]         sys.c:744  MXM  WARN  Conflicting CPU frequencies detected, using: 1695.00
[1468091249.589318] [node013:6711 :0]         mxm.c:196  MXM  WARN  The 'ulimit -s' on the system is set to 'unlimited'. This may have negative performance implications. Please set the stack size to the default value (10240) 
[1468091249.570801] [node022:31076:0]         sys.c:744  MXM  WARN  Conflicting CPU frequencies detected, using: 1797.47
[1468091249.611314] [node022:31076:0]         mxm.c:196  MXM  WARN  The 'ulimit -s' on the system is set to 'unlimited'. This may have negative performance implications. Please set the stack size to the default value (10240) 
[1468091249.570801] [node022:31076:0]         sys.c:744  MXM  WARN  Conflicting CPU frequencies detected, using: 1797.47
[1468091249.591074] [node022:31076:0]         mxm.c:196  MXM  WARN  The 'ulimit -s' on the system is set to 'unlimited'. This may have negative performance implications. Please set the stack size to the default value (10240) 
[1468091249.570801] [node022:31076:0]         sys.c:744  MXM  WARN  Conflicting CPU frequencies detected, using: 1797.47
[1468091249.604771] [node022:31076:0]         mxm.c:196  MXM  WARN  The 'ulimit -s' on the system is set to 'unlimited'. This may have negative performance implications. Please set the stack size to the default value (10240) 
[1468091249.570223] [node017:30503:0]         sys.c:744  MXM  WARN  Conflicting CPU frequencies detected, using: 1795.69
[1468091249.604841] [node017:30503:0]         mxm.c:196  MXM  WARN  The 'ulimit -s' on the system is set to 'unlimited'. This may have negative performance implications. Please set the stack size to the default value (10240) 
[1468091249.570223] [node017:30503:0]         sys.c:744  MXM  WARN  Conflicting CPU frequencies detected, using: 1795.69
[1468091249.592665] [node017:30503:0]         mxm.c:196  MXM  WARN  The 'ulimit -s' on the system is set to 'unlimited'. This may have negative performance implications. Please set the stack size to the default value (10240) 
[1468091249.570223] [node017:30503:0]         sys.c:744  MXM  WARN  Conflicting CPU frequencies detected, using: 1795.69
[1468091249.598174] [node017:30503:0]         mxm.c:196  MXM  WARN  The 'ulimit -s' on the system is set to 'unlimited'. This may have negative performance implications. Please set the stack size to the default value (10240) 
[1468091249.563467] [node015:7522 :0]         sys.c:744  MXM  WARN  Conflicting CPU frequencies detected, using: 1796.91
[1468091249.590519] [node015:7522 :0]         mxm.c:196  MXM  WARN  The 'ulimit -s' on the system is set to 'unlimited'. This may have negative performance implications. Please set the stack size to the default value (10240) 
[1468091249.561938] [node020:20999:0]         sys.c:744  MXM  WARN  Conflicting CPU frequencies detected, using: 1443.66
[1468091249.587219] [node020:20999:0]         mxm.c:196  MXM  WARN  The 'ulimit -s' on the system is set to 'unlimited'. This may have negative performance implications. Please set the stack size to the default value (10240) 
[1468091249.603874] [node013:6711 :0]         mxm.c:196  MXM  WARN  The 'ulimit -s' on the system is set to 'unlimited'. This may have negative performance implications. Please set the stack size to the default value (10240) 
[1468091249.563476] [node023:4258 :0]         sys.c:744  MXM  WARN  Conflicting CPU frequencies detected, using: 1795.12
[1468091249.599894] [node023:4258 :0]         mxm.c:196  MXM  WARN  The 'ulimit -s' on the system is set to 'unlimited'. This may have negative performance implications. Please set the stack size to the default value (10240) 
[1468091249.572911] [node018:18533:0]         sys.c:744  MXM  WARN  Conflicting CPU frequencies detected, using: 1799.81
[1468091249.608004] [node018:18533:0]         mxm.c:196  MXM  WARN  The 'ulimit -s' on the system is set to 'unlimited'. This may have negative performance implications. Please set the stack size to the default value (10240) 
[1468091249.572911] [node018:18533:0]         sys.c:744  MXM  WARN  Conflicting CPU frequencies detected, using: 1799.81
[1468091249.596817] [node018:18533:0]         mxm.c:196  MXM  WARN  The 'ulimit -s' on the system is set to 'unlimited'. This may have negative performance implications. Please set the stack size to the default value (10240) 
[1468091249.556285] [node009:27370:0]         sys.c:744  MXM  WARN  Conflicting CPU frequencies detected, using: 1795.03
[1468091249.592564] [node009:27370:0]         mxm.c:196  MXM  WARN  The 'ulimit -s' on the system is set to 'unlimited'. This may have negative performance implications. Please set the stack size to the default value (10240) 
UPCR: UPC thread   3 of 128 on node008 (pshm node  0 of 16, process   3 of 128, pid=12258)
UPCR: UPC thread   1 of 128 on node008 (pshm node  0 of 16, process   1 of 128, pid=12256)
UPCR: UPC thread   0 of 128 on node008 (pshm node  0 of 16, process   0 of 128, pid=12255)
UPCR: UPC thread   7 of 128 on node008 (pshm node  0 of 16, process   7 of 128, pid=12265)
UPCR: UPC thread   5 of 128 on node008 (pshm node  0 of 16, process   5 of 128, pid=12261)
UPCR: UPC thread   6 of 128 on node008 (pshm node  0 of 16, process   6 of 128, pid=12263)
UPCR: UPC thread   4 of 128 on node008 (pshm node  0 of 16, process   4 of 128, pid=12259)
UPCR: UPC thread   2 of 128 on node008 (pshm node  0 of 16, process   2 of 128, pid=12257)
UPCR: UPC thread 106 of 128 on node021 (pshm node 13 of 16, process 106 of 128, pid=1415)
UPCR: UPC thread 108 of 128 on node021 (pshm node 13 of 16, process 108 of 128, pid=1417)
UPCR: UPC thread 111 of 128 on node021 (pshm node 13 of 16, process 111 of 128, pid=1423)
UPCR: UPC thread 105 of 128 on node021 (pshm node 13 of 16, process 105 of 128, pid=1414)
UPCR: UPC thread 110 of 128 on node021 (pshm node 13 of 16, process 110 of 128, pid=1421)
UPCR: UPC thread 107 of 128 on node021 (pshm node 13 of 16, process 107 of 128, pid=1416)
UPCR: UPC thread 104 of 128 on node021 (pshm node 13 of 16, process 104 of 128, pid=1413)
UPCR: UPC thread 109 of 128 on node021 (pshm node 13 of 16, process 109 of 128, pid=1418)
UPCR: UPC thread  18 of 128 on node010 (pshm node  2 of 16, process  18 of 128, pid=24468)
UPCR: UPC thread  19 of 128 on node010 (pshm node  2 of 16, process  19 of 128, pid=24469)
UPCR: UPC thread  17 of 128 on node010 (pshm node  2 of 16, process  17 of 128, pid=24467)
UPCR: UPC thread  16 of 128 on node010 (pshm node  2 of 16, process  16 of 128, pid=24466)
UPCR: UPC thread  22 of 128 on node010 (pshm node  2 of 16, process  22 of 128, pid=24474)
UPCR: UPC thread  21 of 128 on node010 (pshm node  2 of 16, process  21 of 128, pid=24471)
UPCR: UPC thread  20 of 128 on node010 (pshm node  2 of 16, process  20 of 128, pid=24470)
UPCR: UPC thread  23 of 128 on node010 (pshm node  2 of 16, process  23 of 128, pid=24476)
UPCR: UPC thread 127 of 128 on node023 (pshm node 15 of 16, process 127 of 128, pid=4310)
UPCR: UPC thread 124 of 128 on node023 (pshm node 15 of 16, process 124 of 128, pid=4304)
UPCR: UPC thread 126 of 128 on node023 (pshm node 15 of 16, process 126 of 128, pid=4307)
UPCR: UPC thread 122 of 128 on node023 (pshm node 15 of 16, process 122 of 128, pid=4302)
UPCR: UPC thread 123 of 128 on node023 (pshm node 15 of 16, process 123 of 128, pid=4303)
UPCR: UPC thread 121 of 128 on node023 (pshm node 15 of 16, process 121 of 128, pid=4301)
UPCR: UPC thread 120 of 128 on node023 (pshm node 15 of 16, process 120 of 128, pid=4300)
UPCR: UPC thread 125 of 128 on node023 (pshm node 15 of 16, process 125 of 128, pid=4306)
UPCR: UPC thread  14 of 128 on node009 (pshm node  1 of 16, process  14 of 128, pid=27419)
UPCR: UPC thread  12 of 128 on node009 (pshm node  1 of 16, process  12 of 128, pid=27416)
UPCR: UPC thread  15 of 128 on node009 (pshm node  1 of 16, process  15 of 128, pid=27422)
UPCR: UPC thread  10 of 128 on node009 (pshm node  1 of 16, process  10 of 128, pid=27414)
UPCR: UPC thread   9 of 128 on node009 (pshm node  1 of 16, process   9 of 128, pid=27413)
UPCR: UPC thread  11 of 128 on node009 (pshm node  1 of 16, process  11 of 128, pid=27415)
UPCR: UPC thread   8 of 128 on node009 (pshm node  1 of 16, process   8 of 128, pid=27412)
UPCR: UPC thread  13 of 128 on node009 (pshm node  1 of 16, process  13 of 128, pid=27417)
UPCR: UPC thread 117 of 128 on node022 (pshm node 14 of 16, process 117 of 128, pid=31124)
UPCR: UPC thread 116 of 128 on node022 (pshm node 14 of 16, process 116 of 128, pid=31122)
UPCR: UPC thread 115 of 128 on node022 (pshm node 14 of 16, process 115 of 128, pid=31121)
UPCR: UPC thread 118 of 128 on node022 (pshm node 14 of 16, process 118 of 128, pid=31126)
UPCR: UPC thread 112 of 128 on node022 (pshm node 14 of 16, process 112 of 128, pid=31118)
UPCR: UPC thread 119 of 128 on node022 (pshm node 14 of 16, process 119 of 128, pid=31128)
UPCR: UPC thread 114 of 128 on node022 (pshm node 14 of 16, process 114 of 128, pid=31120)
UPCR: UPC thread  57 of 128 on node015 (pshm node  7 of 16, process  57 of 128, pid=7566)
UPCR: UPC thread  62 of 128 on node015 (pshm node  7 of 16, process  62 of 128, pid=7572)
UPCR: UPC thread  56 of 128 on node015 (pshm node  7 of 16, process  56 of 128, pid=7565)
UPCR: UPC thread  63 of 128 on node015 (pshm node  7 of 16, process  63 of 128, pid=7575)
UPCR: UPC thread  58 of 128 on node015 (pshm node  7 of 16, process  58 of 128, pid=7567)
UPCR: UPC thread  84 of 128 on node018 (pshm node 10 of 16, process  84 of 128, pid=18579)
UPCR: UPC thread  85 of 128 on node018 (pshm node 10 of 16, process  85 of 128, pid=18580)
UPCR: UPC thread  83 of 128 on node018 (pshm node 10 of 16, process  83 of 128, pid=18578)
UPCR: UPC thread  82 of 128 on node018 (pshm node 10 of 16, process  82 of 128, pid=18577)
UPCR: UPC thread  87 of 128 on node018 (pshm node 10 of 16, process  87 of 128, pid=18585)
UPCR: UPC thread  80 of 128 on node018 (pshm node 10 of 16, process  80 of 128, pid=18575)
UPCR: UPC thread  81 of 128 on node018 (pshm node 10 of 16, process  81 of 128, pid=18576)
UPCR: UPC thread  86 of 128 on node018 (pshm node 10 of 16, process  86 of 128, pid=18583)
UPCR: UPC thread  79 of 128 on node017 (pshm node  9 of 16, process  79 of 128, pid=30555)
UPCR: UPC thread  76 of 128 on node017 (pshm node  9 of 16, process  76 of 128, pid=30549)
UPCR: UPC thread  78 of 128 on node017 (pshm node  9 of 16, process  78 of 128, pid=30553)
UPCR: UPC thread  74 of 128 on node017 (pshm node  9 of 16, process  74 of 128, pid=30547)
UPCR: UPC thread  72 of 128 on node017 (pshm node  9 of 16, process  72 of 128, pid=30545)
UPCR: UPC thread  77 of 128 on node017 (pshm node  9 of 16, process  77 of 128, pid=30551)
UPCR: UPC thread  75 of 128 on node017 (pshm node  9 of 16, process  75 of 128, pid=30548)
UPCR: UPC thread  73 of 128 on node017 (pshm node  9 of 16, process  73 of 128, pid=30546)
UPCR: UPC thread  33 of 128 on node012 (pshm node  4 of 16, process  33 of 128, pid=28851)
UPCR: UPC thread  39 of 128 on node012 (pshm node  4 of 16, process  39 of 128, pid=28860)
UPCR: UPC thread  35 of 128 on node012 (pshm node  4 of 16, process  35 of 128, pid=28853)
UPCR: UPC thread  32 of 128 on node012 (pshm node  4 of 16, process  32 of 128, pid=28850)
UPCR: UPC thread  37 of 128 on node012 (pshm node  4 of 16, process  37 of 128, pid=28856)
UPCR: UPC thread 101 of 128 on node020 (pshm node 12 of 16, process 101 of 128, pid=21046)
UPCR: UPC thread 100 of 128 on node020 (pshm node 12 of 16, process 100 of 128, pid=21045)
UPCR: UPC thread  98 of 128 on node020 (pshm node 12 of 16, process  98 of 128, pid=21043)
UPCR: UPC thread  97 of 128 on node020 (pshm node 12 of 16, process  97 of 128, pid=21042)
UPCR: UPC thread 102 of 128 on node020 (pshm node 12 of 16, process 102 of 128, pid=21048)
UPCR: UPC thread 103 of 128 on node020 (pshm node 12 of 16, process 103 of 128, pid=21050)
UPCR: UPC thread  96 of 128 on node020 (pshm node 12 of 16, process  96 of 128, pid=21041)
UPCR: UPC thread  99 of 128 on node020 (pshm node 12 of 16, process  99 of 128, pid=21044)
UPCR: UPC thread 113 of 128 on node022 (pshm node 14 of 16, process 113 of 128, pid=31119)
UPCR: UPC thread  45 of 128 on node013 (pshm node  5 of 16, process  45 of 128, pid=6759)
UPCR: UPC thread  42 of 128 on node013 (pshm node  5 of 16, process  42 of 128, pid=6755)
UPCR: UPC thread  40 of 128 on node013 (pshm node  5 of 16, process  40 of 128, pid=6753)
UPCR: UPC thread  47 of 128 on node013 (pshm node  5 of 16, process  47 of 128, pid=6763)
UPCR: UPC thread  44 of 128 on node013 (pshm node  5 of 16, process  44 of 128, pid=6757)
UPCR: UPC thread  46 of 128 on node013 (pshm node  5 of 16, process  46 of 128, pid=6760)
UPCR: UPC thread  41 of 128 on node013 (pshm node  5 of 16, process  41 of 128, pid=6754)
UPCR: UPC thread  50 of 128 on node014 (pshm node  6 of 16, process  50 of 128, pid=17519)
UPCR: UPC thread  55 of 128 on node014 (pshm node  6 of 16, process  55 of 128, pid=17526)
UPCR: UPC thread  53 of 128 on node014 (pshm node  6 of 16, process  53 of 128, pid=17522)
UPCR: UPC thread  49 of 128 on node014 (pshm node  6 of 16, process  49 of 128, pid=17518)
UPCR: UPC thread  52 of 128 on node014 (pshm node  6 of 16, process  52 of 128, pid=17521)
UPCR: UPC thread  51 of 128 on node014 (pshm node  6 of 16, process  51 of 128, pid=17520)
UPCR: UPC thread  48 of 128 on node014 (pshm node  6 of 16, process  48 of 128, pid=17517)
UPCR: UPC thread  54 of 128 on node014 (pshm node  6 of 16, process  54 of 128, pid=17524)
UPCR: UPC thread  60 of 128 on node015 (pshm node  7 of 16, process  60 of 128, pid=7569)
UPCR: UPC thread  61 of 128 on node015 (pshm node  7 of 16, process  61 of 128, pid=7571)
UPCR: UPC thread  59 of 128 on node015 (pshm node  7 of 16, process  59 of 128, pid=7568)
UPCR: UPC thread  90 of 128 on node019 (pshm node 11 of 16, process  90 of 128, pid=9517)
UPCR: UPC thread  88 of 128 on node019 (pshm node 11 of 16, process  88 of 128, pid=9515)
UPCR: UPC thread  91 of 128 on node019 (pshm node 11 of 16, process  91 of 128, pid=9518)
UPCR: UPC thread  92 of 128 on node019 (pshm node 11 of 16, process  92 of 128, pid=9519)
UPCR: UPC thread  89 of 128 on node019 (pshm node 11 of 16, process  89 of 128, pid=9516)
UPCR: UPC thread  94 of 128 on node019 (pshm node 11 of 16, process  94 of 128, pid=9523)
UPCR: UPC thread  93 of 128 on node019 (pshm node 11 of 16, process  93 of 128, pid=9521)
UPCR: UPC thread  95 of 128 on node019 (pshm node 11 of 16, process  95 of 128, pid=9525)
UPCR: UPC thread  65 of 128 on node016 (pshm node  8 of 16, process  65 of 128, pid=7234)
UPCR: UPC thread  69 of 128 on node016 (pshm node  8 of 16, process  69 of 128, pid=7239)
UPCR: UPC thread  66 of 128 on node016 (pshm node  8 of 16, process  66 of 128, pid=7235)
UPCR: UPC thread  68 of 128 on node016 (pshm node  8 of 16, process  68 of 128, pid=7237)
UPCR: UPC thread  71 of 128 on node016 (pshm node  8 of 16, process  71 of 128, pid=7243)
UPCR: UPC thread  70 of 128 on node016 (pshm node  8 of 16, process  70 of 128, pid=7241)
UPCR: UPC thread  64 of 128 on node016 (pshm node  8 of 16, process  64 of 128, pid=7233)
UPCR: UPC thread  67 of 128 on node016 (pshm node  8 of 16, process  67 of 128, pid=7236)
UPCR: UPC thread  34 of 128 on node012 (pshm node  4 of 16, process  34 of 128, pid=28852)
UPCR: UPC thread  38 of 128 on node012 (pshm node  4 of 16, process  38 of 128, pid=28858)
UPCR: UPC thread  36 of 128 on node012 (pshm node  4 of 16, process  36 of 128, pid=28854)
UPCR: UPC thread  43 of 128 on node013 (pshm node  5 of 16, process  43 of 128, pid=6756)
UPCR: UPC thread  28 of 128 on node011 (pshm node  3 of 16, process  28 of 128, pid=31550)
UPCR: UPC thread  29 of 128 on node011 (pshm node  3 of 16, process  29 of 128, pid=31552)
UPCR: UPC thread  24 of 128 on node011 (pshm node  3 of 16, process  24 of 128, pid=31546)
UPCR: UPC thread  30 of 128 on node011 (pshm node  3 of 16, process  30 of 128, pid=31554)
UPCR: UPC thread  25 of 128 on node011 (pshm node  3 of 16, process  25 of 128, pid=31547)
UPCR: UPC thread  26 of 128 on node011 (pshm node  3 of 16, process  26 of 128, pid=31548)
UPCR: UPC thread  31 of 128 on node011 (pshm node  3 of 16, process  31 of 128, pid=31556)
UPCR: UPC thread  27 of 128 on node011 (pshm node  3 of 16, process  27 of 128, pid=31549)
using a cache granularity of 8
using linear probing in the BDD table
using a memoization table of 2^23 = 8388608 entries (~320 MB) per thread
using a BDD table of 2^24 = 16777216 entries (~384 MB) per thread
Initializing /home/oortwijn/distdd/models/beem/lamport_nonatomic.1.bdd!
vector size: 18
bits per integer: 4
number of BDD variables: 72
Loading initial states: 
Initial states loaded... 
Loading transition relations... 
18 integers per state, 4 bits per integer, 57 transition groups
BDD nodes:
Initial states: 72 BDD nodes
Transition 0: 49 BDD nodes
Transition 1: 48 BDD nodes
Transition 2: 43 BDD nodes
Transition 3: 32 BDD nodes
Transition 4: 69 BDD nodes
Transition 5: 0 BDD nodes
Transition 6: 0 BDD nodes
Transition 7: 0 BDD nodes
Transition 8: 47 BDD nodes
Transition 9: 43 BDD nodes
Transition 10: 60 BDD nodes
Transition 11: 64 BDD nodes
Transition 12: 72 BDD nodes
Transition 13: 47 BDD nodes
Transition 14: 68 BDD nodes
Transition 15: 43 BDD nodes
Transition 16: 48 BDD nodes
Transition 17: 32 BDD nodes
Transition 18: 46 BDD nodes
Transition 19: 91 BDD nodes
Transition 20: 0 BDD nodes
Transition 21: 0 BDD nodes
Transition 22: 48 BDD nodes
Transition 23: 0 BDD nodes
Transition 24: 0 BDD nodes
Transition 25: 91 BDD nodes
Transition 26: 48 BDD nodes
Transition 27: 57 BDD nodes
Transition 28: 48 BDD nodes
Transition 29: 48 BDD nodes
Transition 30: 0 BDD nodes
Transition 31: 0 BDD nodes
Transition 32: 0 BDD nodes
Transition 33: 81 BDD nodes
Transition 34: 0 BDD nodes
Transition 35: 0 BDD nodes
Transition 36: 91 BDD nodes
Transition 37: 48 BDD nodes
Transition 38: 53 BDD nodes
Transition 39: 32 BDD nodes
Transition 40: 43 BDD nodes
Transition 41: 72 BDD nodes
Transition 42: 47 BDD nodes
Transition 43: 68 BDD nodes
Transition 44: 32 BDD nodes
Transition 45: 46 BDD nodes
Transition 46: 48 BDD nodes
Transition 47: 48 BDD nodes
Transition 48: 0 BDD nodes
Transition 49: 0 BDD nodes
Transition 50: 73 BDD nodes
Transition 51: 0 BDD nodes
Transition 52: 53 BDD nodes
Transition 53: 32 BDD nodes
Transition 54: 42 BDD nodes
Transition 55: 32 BDD nodes
Transition 56: 46 BDD nodes
Level 1... done.
Level 2... done.
PAR Time: 0.008443
Final states: 0 states
Final states: 0 BDD nodes
[1468091249.563476] [node023:4258 :0]         sys.c:744  MXM  WARN  Conflicting CPU frequencies detected, using: 1795.12
[1468091249.556285] [node009:27370:0]         sys.c:744  MXM  WARN  Conflicting CPU frequencies detected, using: 1795.03
[1468091249.208027] [node008:12239:0]         sys.c:744  MXM  WARN  Conflicting CPU frequencies detected, using: 2170.88
[1468091249.573132] [node019:9473 :0]         sys.c:744  MXM  WARN  Conflicting CPU frequencies detected, using: 1798.88
[1468091249.563467] [node015:7522 :0]         sys.c:744  MXM  WARN  Conflicting CPU frequencies detected, using: 1796.91
[1468091249.571454] [node021:1371 :0]         sys.c:744  MXM  WARN  Conflicting CPU frequencies detected, using: 1794.84
[1468091249.563607] [node010:24424:0]         sys.c:744  MXM  WARN  Conflicting CPU frequencies detected, using: 1797.94
[1468091249.565175] [node012:28808:0]         sys.c:744  MXM  WARN  Conflicting CPU frequencies detected, using: 1478.44
[1468091249.561938] [node020:20999:0]         sys.c:744  MXM  WARN  Conflicting CPU frequencies detected, using: 1443.66
[1468091249.564518] [node013:6711 :0]         sys.c:744  MXM  WARN  Conflicting CPU frequencies detected, using: 1695.00
[1468091249.570223] [node017:30503:0]         sys.c:744  MXM  WARN  Conflicting CPU frequencies detected, using: 1795.69
[1468091249.556837] [node016:7191 :0]         sys.c:744  MXM  WARN  Conflicting CPU frequencies detected, using: 1799.25
[1468091249.572911] [node018:18533:0]         sys.c:744  MXM  WARN  Conflicting CPU frequencies detected, using: 1799.81
[1468091249.570897] [node014:17475:0]         sys.c:744  MXM  WARN  Conflicting CPU frequencies detected, using: 1397.53
[1468091249.570801] [node022:31076:0]         sys.c:744  MXM  WARN  Conflicting CPU frequencies detected, using: 1797.47
[1468091249.569179] [node011:31504:0]         sys.c:744  MXM  WARN  Conflicting CPU frequencies detected, using: 1897.69
[1468091249.189788] [node008:12195:0]         sys.c:744  MXM  WARN  Conflicting CPU frequencies detected, using: 2096.72
