performing reachability, flags: -n 64 -N 32 -shared-heap 8GB --tablesize=26 --cachesize=25  
This is upcrun, job spawner for the Berkeley UPC compiler (http://upc.lbl.gov).
upcrun version 2.22.2
Network conduits supported by this installation: smp mxm ibv
[1468192699.945096] [node008:15632:0]         sys.c:744  MXM  WARN  Conflicting CPU frequencies detected, using: 1588.50
[1468192699.958490] [node008:15632:0]         mxm.c:196  MXM  WARN  The 'ulimit -s' on the system is set to 'unlimited'. This may have negative performance implications. Please set the stack size to the default value (10240) 
[1468192699.945096] [node008:15632:0]         sys.c:744  MXM  WARN  Conflicting CPU frequencies detected, using: 1588.50
[1468192699.956031] [node008:15632:0]         mxm.c:196  MXM  WARN  The 'ulimit -s' on the system is set to 'unlimited'. This may have negative performance implications. Please set the stack size to the default value (10240) 
[1468192700.303449] [node061:21609:0]         sys.c:744  MXM  WARN  Conflicting CPU frequencies detected, using: 1498.50
[1468192700.309833] [node061:21609:0]         mxm.c:196  MXM  WARN  The 'ulimit -s' on the system is set to 'unlimited'. This may have negative performance implications. Please set the stack size to the default value (10240) 
[1468192700.303449] [node061:21609:0]         sys.c:744  MXM  WARN  Conflicting CPU frequencies detected, using: 1498.50
[1468192700.309641] [node061:21609:0]         mxm.c:196  MXM  WARN  The 'ulimit -s' on the system is set to 'unlimited'. This may have negative performance implications. Please set the stack size to the default value (10240) 
[1468192700.304019] [node021:13039:0]         sys.c:744  MXM  WARN  Conflicting CPU frequencies detected, using: 1891.78
[1468192700.310256] [node021:13039:0]         mxm.c:196  MXM  WARN  The 'ulimit -s' on the system is set to 'unlimited'. This may have negative performance implications. Please set the stack size to the default value (10240) 
[1468192700.300635] [node019:15135:0]         sys.c:744  MXM  WARN  Conflicting CPU frequencies detected, using: 2343.94
[1468192700.306507] [node019:15135:0]         mxm.c:196  MXM  WARN  The 'ulimit -s' on the system is set to 'unlimited'. This may have negative performance implications. Please set the stack size to the default value (10240) 
[1468192700.304019] [node021:13039:0]         sys.c:744  MXM  WARN  Conflicting CPU frequencies detected, using: 1891.78
[1468192700.309914] [node021:13039:0]         mxm.c:196  MXM  WARN  The 'ulimit -s' on the system is set to 'unlimited'. This may have negative performance implications. Please set the stack size to the default value (10240) 
[1468192700.300635] [node019:15135:0]         sys.c:744  MXM  WARN  Conflicting CPU frequencies detected, using: 2343.94
[1468192700.306780] [node019:15135:0]         mxm.c:196  MXM  WARN  The 'ulimit -s' on the system is set to 'unlimited'. This may have negative performance implications. Please set the stack size to the default value (10240) 
[1468192700.307937] [node053:3784 :0]         sys.c:744  MXM  WARN  Conflicting CPU frequencies detected, using: 1492.78
[1468192700.314281] [node053:3784 :0]         mxm.c:196  MXM  WARN  The 'ulimit -s' on the system is set to 'unlimited'. This may have negative performance implications. Please set the stack size to the default value (10240) 
[1468192700.307937] [node053:3784 :0]         sys.c:744  MXM  WARN  Conflicting CPU frequencies detected, using: 1492.78
[1468192700.313900] [node053:3784 :0]         mxm.c:196  MXM  WARN  The 'ulimit -s' on the system is set to 'unlimited'. This may have negative performance implications. Please set the stack size to the default value (10240) 
[1468192700.313973] [node059:5926 :0]         sys.c:744  MXM  WARN  Conflicting CPU frequencies detected, using: 1600.31
[1468192700.320239] [node059:5926 :0]         mxm.c:196  MXM  WARN  The 'ulimit -s' on the system is set to 'unlimited'. This may have negative performance implications. Please set the stack size to the default value (10240) 
[1468192700.313973] [node059:5926 :0]         sys.c:744  MXM  WARN  Conflicting CPU frequencies detected, using: 1600.31
[1468192700.319996] [node059:5926 :0]         mxm.c:196  MXM  WARN  The 'ulimit -s' on the system is set to 'unlimited'. This may have negative performance implications. Please set the stack size to the default value (10240) 
[1468192700.312278] [node065:14654:0]         sys.c:744  MXM  WARN  Conflicting CPU frequencies detected, using: 1482.56
[1468192700.318588] [node065:14654:0]         mxm.c:196  MXM  WARN  The 'ulimit -s' on the system is set to 'unlimited'. This may have negative performance implications. Please set the stack size to the default value (10240) 
[1468192700.311002] [node057:8942 :0]         sys.c:744  MXM  WARN  Conflicting CPU frequencies detected, using: 1500.00
[1468192700.317284] [node057:8942 :0]         mxm.c:196  MXM  WARN  The 'ulimit -s' on the system is set to 'unlimited'. This may have negative performance implications. Please set the stack size to the default value (10240) 
[1468192700.312883] [node060:9139 :0]         sys.c:744  MXM  WARN  Conflicting CPU frequencies detected, using: 1594.97
[1468192700.318980] [node060:9139 :0]         mxm.c:196  MXM  WARN  The 'ulimit -s' on the system is set to 'unlimited'. This may have negative performance implications. Please set the stack size to the default value (10240) 
[1468192700.312883] [node060:9139 :0]         sys.c:744  MXM  WARN  Conflicting CPU frequencies detected, using: 1594.97
[1468192700.318599] [node060:9139 :0]         mxm.c:196  MXM  WARN  The 'ulimit -s' on the system is set to 'unlimited'. This may have negative performance implications. Please set the stack size to the default value (10240) 
[1468192700.305574] [node010:7728 :0]         sys.c:744  MXM  WARN  Conflicting CPU frequencies detected, using: 2112.75
[1468192700.311663] [node010:7728 :0]         mxm.c:196  MXM  WARN  The 'ulimit -s' on the system is set to 'unlimited'. This may have negative performance implications. Please set the stack size to the default value (10240) 
[1468192700.311002] [node057:8942 :0]         sys.c:744  MXM  WARN  Conflicting CPU frequencies detected, using: 1500.00
[1468192700.317387] [node057:8942 :0]         mxm.c:196  MXM  WARN  The 'ulimit -s' on the system is set to 'unlimited'. This may have negative performance implications. Please set the stack size to the default value (10240) 
[1468192700.305574] [node010:7728 :0]         sys.c:744  MXM  WARN  Conflicting CPU frequencies detected, using: 2112.75
[1468192700.312065] [node010:7728 :0]         mxm.c:196  MXM  WARN  The 'ulimit -s' on the system is set to 'unlimited'. This may have negative performance implications. Please set the stack size to the default value (10240) 
[1468192700.312278] [node065:14654:0]         sys.c:744  MXM  WARN  Conflicting CPU frequencies detected, using: 1482.56
[1468192700.318272] [node065:14654:0]         mxm.c:196  MXM  WARN  The 'ulimit -s' on the system is set to 'unlimited'. This may have negative performance implications. Please set the stack size to the default value (10240) 
[1468192700.310152] [node016:19413:0]         sys.c:744  MXM  WARN  Conflicting CPU frequencies detected, using: 1492.88
[1468192700.316674] [node016:19413:0]         mxm.c:196  MXM  WARN  The 'ulimit -s' on the system is set to 'unlimited'. This may have negative performance implications. Please set the stack size to the default value (10240) 
[1468192700.310152] [node016:19413:0]         sys.c:744  MXM  WARN  Conflicting CPU frequencies detected, using: 1492.88
[1468192700.316271] [node016:19413:0]         mxm.c:196  MXM  WARN  The 'ulimit -s' on the system is set to 'unlimited'. This may have negative performance implications. Please set the stack size to the default value (10240) 
[1468192700.318059] [node063:23047:0]         sys.c:744  MXM  WARN  Conflicting CPU frequencies detected, using: 2392.88
[1468192700.324322] [node063:23047:0]         mxm.c:196  MXM  WARN  The 'ulimit -s' on the system is set to 'unlimited'. This may have negative performance implications. Please set the stack size to the default value (10240) 
[1468192700.316329] [node014:2879 :0]         sys.c:744  MXM  WARN  Conflicting CPU frequencies detected, using: 1497.75
[1468192700.322481] [node014:2879 :0]         mxm.c:196  MXM  WARN  The 'ulimit -s' on the system is set to 'unlimited'. This may have negative performance implications. Please set the stack size to the default value (10240) 
[1468192700.318059] [node063:23047:0]         sys.c:744  MXM  WARN  Conflicting CPU frequencies detected, using: 2392.88
[1468192700.323968] [node063:23047:0]         mxm.c:196  MXM  WARN  The 'ulimit -s' on the system is set to 'unlimited'. This may have negative performance implications. Please set the stack size to the default value (10240) 
[1468192700.322239] [node058:4995 :0]         sys.c:744  MXM  WARN  Conflicting CPU frequencies detected, using: 2004.38
[1468192700.328357] [node058:4995 :0]         mxm.c:196  MXM  WARN  The 'ulimit -s' on the system is set to 'unlimited'. This may have negative performance implications. Please set the stack size to the default value (10240) 
[1468192700.322239] [node058:4995 :0]         sys.c:744  MXM  WARN  Conflicting CPU frequencies detected, using: 2004.38
[1468192700.328585] [node058:4995 :0]         mxm.c:196  MXM  WARN  The 'ulimit -s' on the system is set to 'unlimited'. This may have negative performance implications. Please set the stack size to the default value (10240) 
[1468192700.316329] [node014:2879 :0]         sys.c:744  MXM  WARN  Conflicting CPU frequencies detected, using: 1497.75
[1468192700.321930] [node014:2879 :0]         mxm.c:196  MXM  WARN  The 'ulimit -s' on the system is set to 'unlimited'. This may have negative performance implications. Please set the stack size to the default value (10240) 
[1468192700.285971] [node012:31191:0]         sys.c:744  MXM  WARN  Conflicting CPU frequencies detected, using: 2366.53
[1468192700.297956] [node012:31191:0]         mxm.c:196  MXM  WARN  The 'ulimit -s' on the system is set to 'unlimited'. This may have negative performance implications. Please set the stack size to the default value (10240) 
[1468192700.285971] [node012:31191:0]         sys.c:744  MXM  WARN  Conflicting CPU frequencies detected, using: 2366.53
[1468192700.297169] [node012:31191:0]         mxm.c:196  MXM  WARN  The 'ulimit -s' on the system is set to 'unlimited'. This may have negative performance implications. Please set the stack size to the default value (10240) 
[1468192700.315973] [node013:19575:0]         sys.c:744  MXM  WARN  Conflicting CPU frequencies detected, using: 1479.84
[1468192700.327938] [node013:19575:0]         mxm.c:196  MXM  WARN  The 'ulimit -s' on the system is set to 'unlimited'. This may have negative performance implications. Please set the stack size to the default value (10240) 
[1468192700.304150] [node015:16887:0]         sys.c:744  MXM  WARN  Conflicting CPU frequencies detected, using: 1491.00
[1468192700.315516] [node015:16887:0]         mxm.c:196  MXM  WARN  The 'ulimit -s' on the system is set to 'unlimited'. This may have negative performance implications. Please set the stack size to the default value (10240) 
[1468192700.299209] [node009:6624 :0]         sys.c:744  MXM  WARN  Conflicting CPU frequencies detected, using: 1813.22
[1468192700.311315] [node009:6624 :0]         mxm.c:196  MXM  WARN  The 'ulimit -s' on the system is set to 'unlimited'. This may have negative performance implications. Please set the stack size to the default value (10240) 
[1468192700.318175] [node017:6094 :0]         sys.c:744  MXM  WARN  Conflicting CPU frequencies detected, using: 1600.12
[1468192700.329655] [node017:6094 :0]         mxm.c:196  MXM  WARN  The 'ulimit -s' on the system is set to 'unlimited'. This may have negative performance implications. Please set the stack size to the default value (10240) 
[1468192700.318175] [node017:6094 :0]         sys.c:744  MXM  WARN  Conflicting CPU frequencies detected, using: 1600.12
[1468192700.330426] [node017:6094 :0]         mxm.c:196  MXM  WARN  The 'ulimit -s' on the system is set to 'unlimited'. This may have negative performance implications. Please set the stack size to the default value (10240) 
[1468192700.304150] [node015:16887:0]         sys.c:744  MXM  WARN  Conflicting CPU frequencies detected, using: 1491.00
[1468192700.316300] [node015:16887:0]         mxm.c:196  MXM  WARN  The 'ulimit -s' on the system is set to 'unlimited'. This may have negative performance implications. Please set the stack size to the default value (10240) 
[1468192700.307319] [node054:19722:0]         sys.c:744  MXM  WARN  Conflicting CPU frequencies detected, using: 2909.62
[1468192700.319045] [node054:19722:0]         mxm.c:196  MXM  WARN  The 'ulimit -s' on the system is set to 'unlimited'. This may have negative performance implications. Please set the stack size to the default value (10240) 
[1468192700.315272] [node011:25125:0]         sys.c:744  MXM  WARN  Conflicting CPU frequencies detected, using: 1795.78
[1468192700.327314] [node011:25125:0]         mxm.c:196  MXM  WARN  The 'ulimit -s' on the system is set to 'unlimited'. This may have negative performance implications. Please set the stack size to the default value (10240) 
[1468192700.308968] [node018:24612:0]         sys.c:744  MXM  WARN  Conflicting CPU frequencies detected, using: 1397.44
[1468192700.320228] [node018:24612:0]         mxm.c:196  MXM  WARN  The 'ulimit -s' on the system is set to 'unlimited'. This may have negative performance implications. Please set the stack size to the default value (10240) 
[1468192700.308968] [node018:24612:0]         sys.c:744  MXM  WARN  Conflicting CPU frequencies detected, using: 1397.44
[1468192700.321027] [node018:24612:0]         mxm.c:196  MXM  WARN  The 'ulimit -s' on the system is set to 'unlimited'. This may have negative performance implications. Please set the stack size to the default value (10240) 
[1468192700.319824] [node055:14071:0]         sys.c:744  MXM  WARN  Conflicting CPU frequencies detected, using: 2945.34
[1468192700.331196] [node055:14071:0]         mxm.c:196  MXM  WARN  The 'ulimit -s' on the system is set to 'unlimited'. This may have negative performance implications. Please set the stack size to the default value (10240) 
[1468192700.316651] [node023:13305:0]         sys.c:744  MXM  WARN  Conflicting CPU frequencies detected, using: 1586.53
[1468192700.327381] [node023:13305:0]         mxm.c:196  MXM  WARN  The 'ulimit -s' on the system is set to 'unlimited'. This may have negative performance implications. Please set the stack size to the default value (10240) 
[1468192700.316651] [node023:13305:0]         sys.c:744  MXM  WARN  Conflicting CPU frequencies detected, using: 1586.53
[1468192700.328094] [node023:13305:0]         mxm.c:196  MXM  WARN  The 'ulimit -s' on the system is set to 'unlimited'. This may have negative performance implications. Please set the stack size to the default value (10240) 
[1468192700.313280] [node056:12487:0]         sys.c:744  MXM  WARN  Conflicting CPU frequencies detected, using: 1366.88
[1468192700.325200] [node056:12487:0]         mxm.c:196  MXM  WARN  The 'ulimit -s' on the system is set to 'unlimited'. This may have negative performance implications. Please set the stack size to the default value (10240) 
[1468192700.298559] [node020:24554:0]         sys.c:744  MXM  WARN  Conflicting CPU frequencies detected, using: 1873.69
[1468192700.310532] [node020:24554:0]         mxm.c:196  MXM  WARN  The 'ulimit -s' on the system is set to 'unlimited'. This may have negative performance implications. Please set the stack size to the default value (10240) 
[1468192700.316158] [node068:4120 :0]         sys.c:744  MXM  WARN  Conflicting CPU frequencies detected, using: 1453.97
[1468192700.327234] [node068:4120 :0]         mxm.c:196  MXM  WARN  The 'ulimit -s' on the system is set to 'unlimited'. This may have negative performance implications. Please set the stack size to the default value (10240) 
[1468192700.316158] [node068:4120 :0]         sys.c:744  MXM  WARN  Conflicting CPU frequencies detected, using: 1453.97
[1468192700.327974] [node068:4120 :0]         mxm.c:196  MXM  WARN  The 'ulimit -s' on the system is set to 'unlimited'. This may have negative performance implications. Please set the stack size to the default value (10240) 
[1468192700.326243] [node062:20298:0]         sys.c:744  MXM  WARN  Conflicting CPU frequencies detected, using: 2600.06
[1468192700.338253] [node062:20298:0]         mxm.c:196  MXM  WARN  The 'ulimit -s' on the system is set to 'unlimited'. This may have negative performance implications. Please set the stack size to the default value (10240) 
[1468192700.313829] [node064:22604:0]         sys.c:744  MXM  WARN  Conflicting CPU frequencies detected, using: 1399.03
[1468192700.325986] [node064:22604:0]         mxm.c:196  MXM  WARN  The 'ulimit -s' on the system is set to 'unlimited'. This may have negative performance implications. Please set the stack size to the default value (10240) 
[1468192700.320992] [node067:13754:0]         sys.c:744  MXM  WARN  Conflicting CPU frequencies detected, using: 1439.81
[1468192700.333236] [node067:13754:0]         mxm.c:196  MXM  WARN  The 'ulimit -s' on the system is set to 'unlimited'. This may have negative performance implications. Please set the stack size to the default value (10240) 
[1468192700.313730] [node066:16733:0]         sys.c:744  MXM  WARN  Conflicting CPU frequencies detected, using: 1500.19
[1468192700.325118] [node066:16733:0]         mxm.c:196  MXM  WARN  The 'ulimit -s' on the system is set to 'unlimited'. This may have negative performance implications. Please set the stack size to the default value (10240) 
[1468192700.313730] [node066:16733:0]         sys.c:744  MXM  WARN  Conflicting CPU frequencies detected, using: 1500.19
[1468192700.325859] [node066:16733:0]         mxm.c:196  MXM  WARN  The 'ulimit -s' on the system is set to 'unlimited'. This may have negative performance implications. Please set the stack size to the default value (10240) 
[1468192700.324201] [node022:18021:0]         sys.c:744  MXM  WARN  Conflicting CPU frequencies detected, using: 1696.41
[1468192700.336402] [node022:18021:0]         mxm.c:196  MXM  WARN  The 'ulimit -s' on the system is set to 'unlimited'. This may have negative performance implications. Please set the stack size to the default value (10240) 
[1468192700.315973] [node013:19575:0]         sys.c:744  MXM  WARN  Conflicting CPU frequencies detected, using: 1479.84
[1468192700.327173] [node013:19575:0]         mxm.c:196  MXM  WARN  The 'ulimit -s' on the system is set to 'unlimited'. This may have negative performance implications. Please set the stack size to the default value (10240) 
[1468192700.299209] [node009:6624 :0]         sys.c:744  MXM  WARN  Conflicting CPU frequencies detected, using: 1813.22
[1468192700.310543] [node009:6624 :0]         mxm.c:196  MXM  WARN  The 'ulimit -s' on the system is set to 'unlimited'. This may have negative performance implications. Please set the stack size to the default value (10240) 
[1468192700.319824] [node055:14071:0]         sys.c:744  MXM  WARN  Conflicting CPU frequencies detected, using: 2945.34
[1468192700.330442] [node055:14071:0]         mxm.c:196  MXM  WARN  The 'ulimit -s' on the system is set to 'unlimited'. This may have negative performance implications. Please set the stack size to the default value (10240) 
[1468192700.315272] [node011:25125:0]         sys.c:744  MXM  WARN  Conflicting CPU frequencies detected, using: 1795.78
[1468192700.326584] [node011:25125:0]         mxm.c:196  MXM  WARN  The 'ulimit -s' on the system is set to 'unlimited'. This may have negative performance implications. Please set the stack size to the default value (10240) 
[1468192700.307319] [node054:19722:0]         sys.c:744  MXM  WARN  Conflicting CPU frequencies detected, using: 2909.62
[1468192700.318078] [node054:19722:0]         mxm.c:196  MXM  WARN  The 'ulimit -s' on the system is set to 'unlimited'. This may have negative performance implications. Please set the stack size to the default value (10240) 
[1468192700.326243] [node062:20298:0]         sys.c:744  MXM  WARN  Conflicting CPU frequencies detected, using: 2600.06
[1468192700.337475] [node062:20298:0]         mxm.c:196  MXM  WARN  The 'ulimit -s' on the system is set to 'unlimited'. This may have negative performance implications. Please set the stack size to the default value (10240) 
[1468192700.298559] [node020:24554:0]         sys.c:744  MXM  WARN  Conflicting CPU frequencies detected, using: 1873.69
[1468192700.309796] [node020:24554:0]         mxm.c:196  MXM  WARN  The 'ulimit -s' on the system is set to 'unlimited'. This may have negative performance implications. Please set the stack size to the default value (10240) 
[1468192700.320992] [node067:13754:0]         sys.c:744  MXM  WARN  Conflicting CPU frequencies detected, using: 1439.81
[1468192700.332245] [node067:13754:0]         mxm.c:196  MXM  WARN  The 'ulimit -s' on the system is set to 'unlimited'. This may have negative performance implications. Please set the stack size to the default value (10240) 
[1468192700.313829] [node064:22604:0]         sys.c:744  MXM  WARN  Conflicting CPU frequencies detected, using: 1399.03
[1468192700.325202] [node064:22604:0]         mxm.c:196  MXM  WARN  The 'ulimit -s' on the system is set to 'unlimited'. This may have negative performance implications. Please set the stack size to the default value (10240) 
[1468192700.313280] [node056:12487:0]         sys.c:744  MXM  WARN  Conflicting CPU frequencies detected, using: 1366.88
[1468192700.324286] [node056:12487:0]         mxm.c:196  MXM  WARN  The 'ulimit -s' on the system is set to 'unlimited'. This may have negative performance implications. Please set the stack size to the default value (10240) 
[1468192700.324201] [node022:18021:0]         sys.c:744  MXM  WARN  Conflicting CPU frequencies detected, using: 1696.41
[1468192700.335663] [node022:18021:0]         mxm.c:196  MXM  WARN  The 'ulimit -s' on the system is set to 'unlimited'. This may have negative performance implications. Please set the stack size to the default value (10240) 
UPCR: UPC thread  0 of 64 on node008 (pshm node  0 of 32, process  0 of 64, pid=15664)
UPCR: UPC thread  1 of 64 on node008 (pshm node  0 of 32, process  1 of 64, pid=15665)
UPCR: UPC thread 61 of 64 on node067 (pshm node 30 of 32, process 61 of 64, pid=13798)
UPCR: UPC thread 60 of 64 on node067 (pshm node 30 of 32, process 60 of 64, pid=13797)
UPCR: UPC thread  4 of 64 on node010 (pshm node  2 of 32, process  4 of 64, pid=7770)
UPCR: UPC thread  5 of 64 on node010 (pshm node  2 of 32, process  5 of 64, pid=7771)
UPCR: UPC thread 37 of 64 on node055 (pshm node 18 of 32, process 37 of 64, pid=14114)
UPCR: UPC thread 36 of 64 on node055 (pshm node 18 of 32, process 36 of 64, pid=14113)
UPCR: UPC thread 12 of 64 on node014 (pshm node  6 of 32, process 12 of 64, pid=2921)
UPCR: UPC thread 13 of 64 on node014 (pshm node  6 of 32, process 13 of 64, pid=2922)
UPCR: UPC thread 52 of 64 on node063 (pshm node 26 of 32, process 52 of 64, pid=23089)
UPCR: UPC thread 53 of 64 on node063 (pshm node 26 of 32, process 53 of 64, pid=23090)
UPCR: UPC thread 17 of 64 on node016 (pshm node  8 of 32, process 17 of 64, pid=19456)
UPCR: UPC thread 16 of 64 on node016 (pshm node  8 of 32, process 16 of 64, pid=19455)
UPCR: UPC thread  7 of 64 on node011 (pshm node  3 of 32, process  7 of 64, pid=25168)
UPCR: UPC thread  6 of 64 on node011 (pshm node  3 of 32, process  6 of 64, pid=25167)
UPCR: UPC thread 23 of 64 on node019 (pshm node 11 of 32, process 23 of 64, pid=15178)
UPCR: UPC thread 22 of 64 on node019 (pshm node 11 of 32, process 22 of 64, pid=15177)
UPCR: UPC thread 45 of 64 on node059 (pshm node 22 of 32, process 45 of 64, pid=5969)
UPCR: UPC thread 44 of 64 on node059 (pshm node 22 of 32, process 44 of 64, pid=5968)
UPCR: UPC thread 15 of 64 on node015 (pshm node  7 of 32, process 15 of 64, pid=16930)
UPCR: UPC thread 14 of 64 on node015 (pshm node  7 of 32, process 14 of 64, pid=16929)
UPCR: UPC thread  9 of 64 on node012 (pshm node  4 of 32, process  9 of 64, pid=31234)
UPCR: UPC thread  8 of 64 on node012 (pshm node  4 of 32, process  8 of 64, pid=31233)
UPCR: UPC thread 21 of 64 on node018 (pshm node 10 of 32, process 21 of 64, pid=24655)
UPCR: UPC thread 20 of 64 on node018 (pshm node 10 of 32, process 20 of 64, pid=24654)
UPCR: UPC thread 19 of 64 on node017 (pshm node  9 of 32, process 19 of 64, pid=6137)
UPCR: UPC thread 18 of 64 on node017 (pshm node  9 of 32, process 18 of 64, pid=6136)
UPCR: UPC thread 47 of 64 on node060 (pshm node 23 of 32, process 47 of 64, pid=9182)
UPCR: UPC thread 46 of 64 on node060 (pshm node 23 of 32, process 46 of 64, pid=9181)
UPCR: UPC thread 59 of 64 on node066 (pshm node 29 of 32, process 59 of 64, pid=16776)
UPCR: UPC thread 58 of 64 on node066 (pshm node 29 of 32, process 58 of 64, pid=16775)
UPCR: UPC thread 24 of 64 on node020 (pshm node 12 of 32, process 24 of 64, pid=24596)
UPCR: UPC thread 25 of 64 on node020 (pshm node 12 of 32, process 25 of 64, pid=24597)
UPCR: UPC thread 48 of 64 on node061 (pshm node 24 of 32, process 48 of 64, pid=21651)
UPCR: UPC thread 49 of 64 on node061 (pshm node 24 of 32, process 49 of 64, pid=21652)
UPCR: UPC thread 63 of 64 on node068 (pshm node 31 of 32, process 63 of 64, pid=4163)
UPCR: UPC thread 62 of 64 on node068 (pshm node 31 of 32, process 62 of 64, pid=4162)
UPCR: UPC thread 31 of 64 on node023 (pshm node 15 of 32, process 31 of 64, pid=13348)
UPCR: UPC thread 30 of 64 on node023 (pshm node 15 of 32, process 30 of 64, pid=13347)
UPCR: UPC thread 40 of 64 on node057 (pshm node 20 of 32, process 40 of 64, pid=8984)
UPCR: UPC thread 41 of 64 on node057 (pshm node 20 of 32, process 41 of 64, pid=8985)
UPCR: UPC thread 55 of 64 on node064 (pshm node 27 of 32, process 55 of 64, pid=22647)
UPCR: UPC thread 54 of 64 on node064 (pshm node 27 of 32, process 54 of 64, pid=22646)
UPCR: UPC thread  3 of 64 on node009 (pshm node  1 of 32, process  3 of 64, pid=6667)
UPCR: UPC thread  2 of 64 on node009 (pshm node  1 of 32, process  2 of 64, pid=6666)
UPCR: UPC thread 39 of 64 on node056 (pshm node 19 of 32, process 39 of 64, pid=12530)
UPCR: UPC thread 38 of 64 on node056 (pshm node 19 of 32, process 38 of 64, pid=12529)
UPCR: UPC thread 35 of 64 on node054 (pshm node 17 of 32, process 35 of 64, pid=19765)
UPCR: UPC thread 34 of 64 on node054 (pshm node 17 of 32, process 34 of 64, pid=19764)
UPCR: UPC thread 29 of 64 on node022 (pshm node 14 of 32, process 29 of 64, pid=18064)
UPCR: UPC thread 28 of 64 on node022 (pshm node 14 of 32, process 28 of 64, pid=18063)
UPCR: UPC thread 27 of 64 on node021 (pshm node 13 of 32, process 27 of 64, pid=13082)
UPCR: UPC thread 26 of 64 on node021 (pshm node 13 of 32, process 26 of 64, pid=13081)
UPCR: UPC thread 51 of 64 on node062 (pshm node 25 of 32, process 51 of 64, pid=20341)
UPCR: UPC thread 50 of 64 on node062 (pshm node 25 of 32, process 50 of 64, pid=20340)
UPCR: UPC thread 42 of 64 on node058 (pshm node 21 of 32, process 42 of 64, pid=5037)
UPCR: UPC thread 43 of 64 on node058 (pshm node 21 of 32, process 43 of 64, pid=5038)
UPCR: UPC thread 11 of 64 on node013 (pshm node  5 of 32, process 11 of 64, pid=19618)
UPCR: UPC thread 10 of 64 on node013 (pshm node  5 of 32, process 10 of 64, pid=19617)
UPCR: UPC thread 33 of 64 on node053 (pshm node 16 of 32, process 33 of 64, pid=3827)
UPCR: UPC thread 32 of 64 on node053 (pshm node 16 of 32, process 32 of 64, pid=3826)
UPCR: UPC thread 57 of 64 on node065 (pshm node 28 of 32, process 57 of 64, pid=14697)
UPCR: UPC thread 56 of 64 on node065 (pshm node 28 of 32, process 56 of 64, pid=14696)
using a cache granularity of 8
using linear probing in the BDD table
using a memoization table of 2^25 = 33554432 entries (~1280 MB) per thread
using a BDD table of 2^26 = 67108864 entries (~1536 MB) per thread
Initializing /home/oortwijn/distdd/models/beem/lamport.3.bdd!
vector size: 11
bits per integer: 8
number of BDD variables: 88
Loading initial states: 
Initial states loaded... 
Loading transition relations... 
11 integers per state, 8 bits per integer, 30 transition groups
BDD nodes:
Initial states: 88 BDD nodes
Transition 0: 67 BDD nodes
Transition 1: 214 BDD nodes
Transition 2: 59 BDD nodes
Transition 3: 55 BDD nodes
Transition 4: 54 BDD nodes
Transition 5: 40 BDD nodes
Transition 6: 55 BDD nodes
Transition 7: 48 BDD nodes
Transition 8: 83 BDD nodes
Transition 9: 48 BDD nodes
Transition 10: 63 BDD nodes
Transition 11: 63 BDD nodes
Transition 12: 40 BDD nodes
Transition 13: 40 BDD nodes
Transition 14: 65 BDD nodes
Transition 15: 57 BDD nodes
Transition 16: 55 BDD nodes
Transition 17: 222 BDD nodes
Transition 18: 48 BDD nodes
Transition 19: 48 BDD nodes
Transition 20: 81 BDD nodes
Transition 21: 55 BDD nodes
Transition 22: 65 BDD nodes
Transition 23: 57 BDD nodes
Transition 24: 55 BDD nodes
Transition 25: 191 BDD nodes
Transition 26: 48 BDD nodes
Transition 27: 48 BDD nodes
Transition 28: 81 BDD nodes
Transition 29: 55 BDD nodes
Level 1... done.
Level 2... done.
Level 3... done.
Level 4... done.
Level 5... done.
Level 6... done.
Level 7... done.
Level 8... done.
Level 9... done.
Level 10... done.
Level 11... done.
Level 12... done.
Level 13... done.
Level 14... done.
Level 15... done.
Level 16... done.
Level 17... done.
Level 18... done.
Level 19... done.
Level 20... done.
Level 21... done.
Level 22... done.
Level 23... done.
Level 24... done.
Level 25... done.
Level 26... done.
Level 27... done.
Level 28... done.
Level 29... done.
Level 30... done.
Level 31... done.
Level 32... done.
Level 33... done.
Level 34... done.
Level 35... done.
Level 36... done.
Level 37... done.
Level 38... done.
Level 39... done.
Level 40... done.
Level 41... done.
Level 42... done.
Level 43... done.
Level 44... done.
Level 45... done.
Level 46... done.
Level 47... done.
Level 48... done.
Level 49... done.
Level 50... done.
Level 51... done.
Level 52... done.
Level 53... done.
Level 54... done.
Level 55... done.
Level 56... done.
Level 57... done.
Level 58... done.
Level 59... done.
Level 60... done.
Level 61... done.
Level 62... done.
Level 63... done.
Level 64... done.
Level 65... done.
Level 66... done.
Level 67... done.
Level 68... done.
Level 69... done.
Level 70... done.
Level 71... done.
PAR Time: 1.135424
Final states: 38067 states
Final states: 3170 BDD nodes
[1468192700.303449] [node061:21609:0]         sys.c:744  MXM  WARN  Conflicting CPU frequencies detected, using: 1498.50
[1468192700.319824] [node055:14071:0]         sys.c:744  MXM  WARN  Conflicting CPU frequencies detected, using: 2945.34
[1468192699.945096] [node008:15632:0]         sys.c:744  MXM  WARN  Conflicting CPU frequencies detected, using: 1588.50
[1468192700.313973] [node059:5926 :0]         sys.c:744  MXM  WARN  Conflicting CPU frequencies detected, using: 1600.31
[1468192700.304019] [node021:13039:0]         sys.c:744  MXM  WARN  Conflicting CPU frequencies detected, using: 1891.78
[1468192700.312883] [node060:9139 :0]         sys.c:744  MXM  WARN  Conflicting CPU frequencies detected, using: 1594.97
[1468192700.298559] [node020:24554:0]         sys.c:744  MXM  WARN  Conflicting CPU frequencies detected, using: 1873.69
[1468192700.313280] [node056:12487:0]         sys.c:744  MXM  WARN  Conflicting CPU frequencies detected, using: 1366.88
[1468192700.307937] [node053:3784 :0]         sys.c:744  MXM  WARN  Conflicting CPU frequencies detected, using: 1492.78
[1468192700.307319] [node054:19722:0]         sys.c:744  MXM  WARN  Conflicting CPU frequencies detected, using: 2909.62
[1468192700.315973] [node013:19575:0]         sys.c:744  MXM  WARN  Conflicting CPU frequencies detected, using: 1479.84
[1468192700.304150] [node015:16887:0]         sys.c:744  MXM  WARN  Conflicting CPU frequencies detected, using: 1491.00
[1468192700.318175] [node017:6094 :0]         sys.c:744  MXM  WARN  Conflicting CPU frequencies detected, using: 1600.12
[1468192700.316651] [node023:13305:0]         sys.c:744  MXM  WARN  Conflicting CPU frequencies detected, using: 1586.53
[1468192700.308968] [node018:24612:0]         sys.c:744  MXM  WARN  Conflicting CPU frequencies detected, using: 1397.44
[1468192700.312278] [node065:14654:0]         sys.c:744  MXM  WARN  Conflicting CPU frequencies detected, using: 1482.56
[1468192700.324201] [node022:18021:0]         sys.c:744  MXM  WARN  Conflicting CPU frequencies detected, using: 1696.41
[1468192700.316158] [node068:4120 :0]         sys.c:744  MXM  WARN  Conflicting CPU frequencies detected, using: 1453.97
[1468192700.316329] [node014:2879 :0]         sys.c:744  MXM  WARN  Conflicting CPU frequencies detected, using: 1497.75
[1468192700.313829] [node064:22604:0]         sys.c:744  MXM  WARN  Conflicting CPU frequencies detected, using: 1399.03
[1468192700.322239] [node058:4995 :0]         sys.c:744  MXM  WARN  Conflicting CPU frequencies detected, using: 2004.38
[1468192700.311002] [node057:8942 :0]         sys.c:744  MXM  WARN  Conflicting CPU frequencies detected, using: 1500.00
[1468192700.320992] [node067:13754:0]         sys.c:744  MXM  WARN  Conflicting CPU frequencies detected, using: 1439.81
[1468192700.326243] [node062:20298:0]         sys.c:744  MXM  WARN  Conflicting CPU frequencies detected, using: 2600.06
[1468192700.300635] [node019:15135:0]         sys.c:744  MXM  WARN  Conflicting CPU frequencies detected, using: 2343.94
[1468192700.299209] [node009:6624 :0]         sys.c:744  MXM  WARN  Conflicting CPU frequencies detected, using: 1813.22
[1468192700.315272] [node011:25125:0]         sys.c:744  MXM  WARN  Conflicting CPU frequencies detected, using: 1795.78
[1468192700.305574] [node010:7728 :0]         sys.c:744  MXM  WARN  Conflicting CPU frequencies detected, using: 2112.75
[1468192700.318059] [node063:23047:0]         sys.c:744  MXM  WARN  Conflicting CPU frequencies detected, using: 2392.88
[1468192700.313730] [node066:16733:0]         sys.c:744  MXM  WARN  Conflicting CPU frequencies detected, using: 1500.19
[1468192700.310152] [node016:19413:0]         sys.c:744  MXM  WARN  Conflicting CPU frequencies detected, using: 1492.88
[1468192700.285971] [node012:31191:0]         sys.c:744  MXM  WARN  Conflicting CPU frequencies detected, using: 2366.53
[1468192699.924042] [node008:15588:0]         sys.c:744  MXM  WARN  Conflicting CPU frequencies detected, using: 1495.31
