performing reachability, flags: -n 8 -N 1 -shared-heap 2GB --tablesize=24 --cachesize=23 --quadratic-probing--chunk-size=8 
This is upcrun, job spawner for the Berkeley UPC compiler (http://upc.lbl.gov).
upcrun version 2.22.2
Network conduits supported by this installation: smp mxm ibv
[1468044369.208181] [node021:24820:0]         sys.c:744  MXM  WARN  Conflicting CPU frequencies detected, using: 1599.09
[1468044369.215737] [node021:24820:0]         mxm.c:196  MXM  WARN  The 'ulimit -s' on the system is set to 'unlimited'. This may have negative performance implications. Please set the stack size to the default value (10240) 
[1468044369.208181] [node021:24820:0]         sys.c:744  MXM  WARN  Conflicting CPU frequencies detected, using: 1599.09
[1468044369.214847] [node021:24820:0]         mxm.c:196  MXM  WARN  The 'ulimit -s' on the system is set to 'unlimited'. This may have negative performance implications. Please set the stack size to the default value (10240) 
[1468044369.208181] [node021:24820:0]         sys.c:744  MXM  WARN  Conflicting CPU frequencies detected, using: 1599.09
[1468044369.214248] [node021:24820:0]         mxm.c:196  MXM  WARN  The 'ulimit -s' on the system is set to 'unlimited'. This may have negative performance implications. Please set the stack size to the default value (10240) 
[1468044369.208181] [node021:24820:0]         sys.c:744  MXM  WARN  Conflicting CPU frequencies detected, using: 1599.09
[1468044369.216421] [node021:24820:0]         mxm.c:196  MXM  WARN  The 'ulimit -s' on the system is set to 'unlimited'. This may have negative performance implications. Please set the stack size to the default value (10240) 
[1468044369.208181] [node021:24820:0]         sys.c:744  MXM  WARN  Conflicting CPU frequencies detected, using: 1599.09
[1468044369.215593] [node021:24820:0]         mxm.c:196  MXM  WARN  The 'ulimit -s' on the system is set to 'unlimited'. This may have negative performance implications. Please set the stack size to the default value (10240) 
[1468044369.208181] [node021:24820:0]         sys.c:744  MXM  WARN  Conflicting CPU frequencies detected, using: 1599.09
[1468044369.216221] [node021:24820:0]         mxm.c:196  MXM  WARN  The 'ulimit -s' on the system is set to 'unlimited'. This may have negative performance implications. Please set the stack size to the default value (10240) 
[1468044369.208181] [node021:24820:0]         sys.c:744  MXM  WARN  Conflicting CPU frequencies detected, using: 1599.09
[1468044369.215014] [node021:24820:0]         mxm.c:196  MXM  WARN  The 'ulimit -s' on the system is set to 'unlimited'. This may have negative performance implications. Please set the stack size to the default value (10240) 
[1468044369.208181] [node021:24820:0]         sys.c:744  MXM  WARN  Conflicting CPU frequencies detected, using: 1599.09
[1468044369.215505] [node021:24820:0]         mxm.c:196  MXM  WARN  The 'ulimit -s' on the system is set to 'unlimited'. This may have negative performance implications. Please set the stack size to the default value (10240) 
UPCR: UPC thread 4 of 8 on node021 (pshm node 0 of 1, process 4 of 8, pid=24825)
UPCR: UPC thread 7 of 8 on node021 (pshm node 0 of 1, process 7 of 8, pid=24830)
UPCR: UPC thread 5 of 8 on node021 (pshm node 0 of 1, process 5 of 8, pid=24826)
UPCR: UPC thread 3 of 8 on node021 (pshm node 0 of 1, process 3 of 8, pid=24824)
UPCR: UPC thread 6 of 8 on node021 (pshm node 0 of 1, process 6 of 8, pid=24827)
UPCR: UPC thread 1 of 8 on node021 (pshm node 0 of 1, process 1 of 8, pid=24822)
UPCR: UPC thread 0 of 8 on node021 (pshm node 0 of 1, process 0 of 8, pid=24821)
UPCR: UPC thread 2 of 8 on node021 (pshm node 0 of 1, process 2 of 8, pid=24823)
using a cache granularity of 8
using linear probing in the BDD table
using a memoization table of 2^23 = 8388608 entries (~320 MB) per thread
using a BDD table of 2^24 = 16777216 entries (~384 MB) per thread
Initializing /home/oortwijn/distdd/models/beem/lamport_nonatomic.1.bdd!
vector size: 18
bits per integer: 4
number of BDD variables: 72
Loading initial states: 
Initial states loaded... 
Loading transition relations... 
18 integers per state, 4 bits per integer, 57 transition groups
BDD nodes:
Initial states: 72 BDD nodes
Transition 0: 49 BDD nodes
Transition 1: 48 BDD nodes
Transition 2: 43 BDD nodes
Transition 3: 32 BDD nodes
Transition 4: 69 BDD nodes
Transition 5: 0 BDD nodes
Transition 6: 0 BDD nodes
Transition 7: 0 BDD nodes
Transition 8: 47 BDD nodes
Transition 9: 43 BDD nodes
Transition 10: 60 BDD nodes
Transition 11: 64 BDD nodes
Transition 12: 72 BDD nodes
Transition 13: 47 BDD nodes
Transition 14: 68 BDD nodes
Transition 15: 43 BDD nodes
Transition 16: 48 BDD nodes
Transition 17: 32 BDD nodes
Transition 18: 46 BDD nodes
Transition 19: 91 BDD nodes
Transition 20: 0 BDD nodes
Transition 21: 0 BDD nodes
Transition 22: 48 BDD nodes
Transition 23: 0 BDD nodes
Transition 24: 0 BDD nodes
Transition 25: 91 BDD nodes
Transition 26: 48 BDD nodes
Transition 27: 57 BDD nodes
Transition 28: 48 BDD nodes
Transition 29: 48 BDD nodes
Transition 30: 0 BDD nodes
Transition 31: 0 BDD nodes
Transition 32: 0 BDD nodes
Transition 33: 81 BDD nodes
Transition 34: 0 BDD nodes
Transition 35: 0 BDD nodes
Transition 36: 91 BDD nodes
Transition 37: 48 BDD nodes
Transition 38: 53 BDD nodes
Transition 39: 32 BDD nodes
Transition 40: 43 BDD nodes
Transition 41: 72 BDD nodes
Transition 42: 47 BDD nodes
Transition 43: 68 BDD nodes
Transition 44: 32 BDD nodes
Transition 45: 46 BDD nodes
Transition 46: 48 BDD nodes
Transition 47: 48 BDD nodes
Transition 48: 0 BDD nodes
Transition 49: 0 BDD nodes
Transition 50: 73 BDD nodes
Transition 51: 0 BDD nodes
Transition 52: 53 BDD nodes
Transition 53: 32 BDD nodes
Transition 54: 42 BDD nodes
Transition 55: 32 BDD nodes
Transition 56: 46 BDD nodes
Level 1... done.
Level 2... done.
PAR Time: 0.003283
Final states: 0 states
Final states: 0 BDD nodes
[1468044369.208181] [node021:24820:0]         sys.c:744  MXM  WARN  Conflicting CPU frequencies detected, using: 1599.09
[1468044369.189731] [node021:24776:0]         sys.c:744  MXM  WARN  Conflicting CPU frequencies detected, using: 1599.09
