performing reachability, flags: -n 16 -N 2 -shared-heap 2GB --tablesize=24 --cachesize=23  
This is upcrun, job spawner for the Berkeley UPC compiler (http://upc.lbl.gov).
upcrun version 2.22.2
Network conduits supported by this installation: smp mxm ibv
[1467913237.772395] [node019:4930 :0]         sys.c:744  MXM  WARN  Conflicting CPU frequencies detected, using: 1781.53
[1467913237.779514] [node019:4930 :0]         mxm.c:196  MXM  WARN  The 'ulimit -s' on the system is set to 'unlimited'. This may have negative performance implications. Please set the stack size to the default value (10240) 
[1467913237.772395] [node019:4930 :0]         sys.c:744  MXM  WARN  Conflicting CPU frequencies detected, using: 1781.53
[1467913237.780424] [node019:4930 :0]         mxm.c:196  MXM  WARN  The 'ulimit -s' on the system is set to 'unlimited'. This may have negative performance implications. Please set the stack size to the default value (10240) 
[1467913237.772395] [node019:4930 :0]         sys.c:744  MXM  WARN  Conflicting CPU frequencies detected, using: 1781.53
[1467913237.780841] [node019:4930 :0]         mxm.c:196  MXM  WARN  The 'ulimit -s' on the system is set to 'unlimited'. This may have negative performance implications. Please set the stack size to the default value (10240) 
[1467913237.772395] [node019:4930 :0]         sys.c:744  MXM  WARN  Conflicting CPU frequencies detected, using: 1781.53
[1467913237.779130] [node019:4930 :0]         mxm.c:196  MXM  WARN  The 'ulimit -s' on the system is set to 'unlimited'. This may have negative performance implications. Please set the stack size to the default value (10240) 
[1467913237.772395] [node019:4930 :0]         sys.c:744  MXM  WARN  Conflicting CPU frequencies detected, using: 1781.53
[1467913237.779975] [node019:4930 :0]         mxm.c:196  MXM  WARN  The 'ulimit -s' on the system is set to 'unlimited'. This may have negative performance implications. Please set the stack size to the default value (10240) 
[1467913237.772395] [node019:4930 :0]         sys.c:744  MXM  WARN  Conflicting CPU frequencies detected, using: 1781.53
[1467913237.779919] [node019:4930 :0]         mxm.c:196  MXM  WARN  The 'ulimit -s' on the system is set to 'unlimited'. This may have negative performance implications. Please set the stack size to the default value (10240) 
[1467913237.772395] [node019:4930 :0]         sys.c:744  MXM  WARN  Conflicting CPU frequencies detected, using: 1781.53
[1467913237.781070] [node019:4930 :0]         mxm.c:196  MXM  WARN  The 'ulimit -s' on the system is set to 'unlimited'. This may have negative performance implications. Please set the stack size to the default value (10240) 
[1467913237.772395] [node019:4930 :0]         sys.c:744  MXM  WARN  Conflicting CPU frequencies detected, using: 1781.53
[1467913237.780945] [node019:4930 :0]         mxm.c:196  MXM  WARN  The 'ulimit -s' on the system is set to 'unlimited'. This may have negative performance implications. Please set the stack size to the default value (10240) 
[1467913238.131318] [node020:25808:0]         sys.c:744  MXM  WARN  Conflicting CPU frequencies detected, using: 1898.53
[1467913238.150434] [node020:25808:0]         mxm.c:196  MXM  WARN  The 'ulimit -s' on the system is set to 'unlimited'. This may have negative performance implications. Please set the stack size to the default value (10240) 
[1467913238.131318] [node020:25808:0]         sys.c:744  MXM  WARN  Conflicting CPU frequencies detected, using: 1898.53
[1467913238.155936] [node020:25808:0]         mxm.c:196  MXM  WARN  The 'ulimit -s' on the system is set to 'unlimited'. This may have negative performance implications. Please set the stack size to the default value (10240) 
[1467913238.131318] [node020:25808:0]         sys.c:744  MXM  WARN  Conflicting CPU frequencies detected, using: 1898.53
[1467913238.165675] [node020:25808:0]         mxm.c:196  MXM  WARN  The 'ulimit -s' on the system is set to 'unlimited'. This may have negative performance implications. Please set the stack size to the default value (10240) 
[1467913238.131318] [node020:25808:0]         sys.c:744  MXM  WARN  Conflicting CPU frequencies detected, using: 1898.53
[1467913238.174414] [node020:25808:0]         mxm.c:196  MXM  WARN  The 'ulimit -s' on the system is set to 'unlimited'. This may have negative performance implications. Please set the stack size to the default value (10240) 
[1467913238.131318] [node020:25808:0]         sys.c:744  MXM  WARN  Conflicting CPU frequencies detected, using: 1898.53
[1467913238.164084] [node020:25808:0]         mxm.c:196  MXM  WARN  The 'ulimit -s' on the system is set to 'unlimited'. This may have negative performance implications. Please set the stack size to the default value (10240) 
[1467913238.131318] [node020:25808:0]         sys.c:744  MXM  WARN  Conflicting CPU frequencies detected, using: 1898.53
[1467913238.169159] [node020:25808:0]         mxm.c:196  MXM  WARN  The 'ulimit -s' on the system is set to 'unlimited'. This may have negative performance implications. Please set the stack size to the default value (10240) 
[1467913238.131318] [node020:25808:0]         sys.c:744  MXM  WARN  Conflicting CPU frequencies detected, using: 1898.53
[1467913238.162329] [node020:25808:0]         mxm.c:196  MXM  WARN  The 'ulimit -s' on the system is set to 'unlimited'. This may have negative performance implications. Please set the stack size to the default value (10240) 
[1467913238.131318] [node020:25808:0]         sys.c:744  MXM  WARN  Conflicting CPU frequencies detected, using: 1898.53
[1467913238.164926] [node020:25808:0]         mxm.c:196  MXM  WARN  The 'ulimit -s' on the system is set to 'unlimited'. This may have negative performance implications. Please set the stack size to the default value (10240) 
UPCR: UPC thread  0 of 16 on node019 (pshm node 0 of 2, process  0 of 16, pid=4932)
UPCR: UPC thread  2 of 16 on node019 (pshm node 0 of 2, process  2 of 16, pid=4934)
UPCR: UPC thread  5 of 16 on node019 (pshm node 0 of 2, process  5 of 16, pid=4937)
UPCR: UPC thread  4 of 16 on node019 (pshm node 0 of 2, process  4 of 16, pid=4936)
UPCR: UPC thread  3 of 16 on node019 (pshm node 0 of 2, process  3 of 16, pid=4935)
UPCR: UPC thread  6 of 16 on node019 (pshm node 0 of 2, process  6 of 16, pid=4938)
UPCR: UPC thread  1 of 16 on node019 (pshm node 0 of 2, process  1 of 16, pid=4933)
UPCR: UPC thread  7 of 16 on node019 (pshm node 0 of 2, process  7 of 16, pid=4940)
UPCR: UPC thread 10 of 16 on node020 (pshm node 1 of 2, process 10 of 16, pid=25852)
UPCR: UPC thread  8 of 16 on node020 (pshm node 1 of 2, process  8 of 16, pid=25850)
UPCR: UPC thread  9 of 16 on node020 (pshm node 1 of 2, process  9 of 16, pid=25851)
UPCR: UPC thread 15 of 16 on node020 (pshm node 1 of 2, process 15 of 16, pid=25861)
UPCR: UPC thread 11 of 16 on node020 (pshm node 1 of 2, process 11 of 16, pid=25853)
UPCR: UPC thread 14 of 16 on node020 (pshm node 1 of 2, process 14 of 16, pid=25857)
UPCR: UPC thread 13 of 16 on node020 (pshm node 1 of 2, process 13 of 16, pid=25855)
UPCR: UPC thread 12 of 16 on node020 (pshm node 1 of 2, process 12 of 16, pid=25854)
using a cache granularity of 8
using linear probing in the BDD table
using a memoization table of 2^23 = 8388608 entries (~320 MB) per thread
using a BDD table of 2^24 = 16777216 entries (~384 MB) per thread
Initializing /home/oortwijn/distdd/models/beem/lann.6.bdd!
vector size: 20
bits per integer: 8
number of BDD variables: 160
Loading initial states: 
Initial states loaded... 
Loading transition relations... 
20 integers per state, 8 bits per integer, 40 transition groups
BDD nodes:
Initial states: 160 BDD nodes
Transition 0: 0 BDD nodes
Transition 1: 72 BDD nodes
Transition 2: 64 BDD nodes
Transition 3: 135 BDD nodes
Transition 4: 0 BDD nodes
Transition 5: 133 BDD nodes
Transition 6: 32 BDD nodes
Transition 7: 208 BDD nodes
Transition 8: 64 BDD nodes
Transition 9: 72 BDD nodes
Transition 10: 63 BDD nodes
Transition 11: 208 BDD nodes
Transition 12: 0 BDD nodes
Transition 13: 64 BDD nodes
Transition 14: 48 BDD nodes
Transition 15: 133 BDD nodes
Transition 16: 32 BDD nodes
Transition 17: 64 BDD nodes
Transition 18: 148 BDD nodes
Transition 19: 72 BDD nodes
Transition 20: 63 BDD nodes
Transition 21: 148 BDD nodes
Transition 22: 72 BDD nodes
Transition 23: 64 BDD nodes
Transition 24: 48 BDD nodes
Transition 25: 133 BDD nodes
Transition 26: 32 BDD nodes
Transition 27: 64 BDD nodes
Transition 28: 72 BDD nodes
Transition 29: 88 BDD nodes
Transition 30: 63 BDD nodes
Transition 31: 88 BDD nodes
Transition 32: 120 BDD nodes
Transition 33: 48 BDD nodes
Transition 34: 64 BDD nodes
Transition 35: 197 BDD nodes
Transition 36: 32 BDD nodes
Transition 37: 64 BDD nodes
Transition 38: 64 BDD nodes
Transition 39: 48 BDD nodes
Level 1... done.
Level 2... done.
Level 3... done.
Level 4... done.
Level 5... done.
Level 6... done.
Level 7... done.
Level 8... done.
Level 9... done.
Level 10... done.
Level 11... done.
Level 12... done.
Level 13... done.
Level 14... done.
Level 15... done.
Level 16... done.
Level 17... done.
Level 18... done.
Level 19... done.
Level 20... done.
Level 21... done.
Level 22... done.
Level 23... done.
Level 24... done.
Level 25... done.
Level 26... done.
Level 27... done.
Level 28... done.
Level 29... done.
Level 30... done.
Level 31... done.
Level 32... done.
Level 33... done.
Level 34... done.
Level 35... done.
Level 36... done.
Level 37... done.
Level 38... done.
Level 39... done.
Level 40... done.
Level 41... done.
Level 42... done.
Level 43... done.
Level 44... done.
Level 45... done.
Level 46... done.
Level 47... done.
Level 48... done.
Level 49... done.
Level 50... done.
Level 51... done.
Level 52... done.
Level 53... done.
Level 54... done.
Level 55... done.
Level 56... done.
Level 57... done.
Level 58... done.
Level 59... done.
Level 60... done.
Level 61... done.
Level 62... done.
Level 63... done.
Level 64... done.
Level 65... done.
Level 66... done.
Level 67... done.
Level 68... done.
Level 69... done.
Level 70... done.
Level 71... done.
Level 72... done.
Level 73... 1/16 - error: hash table full, load-factor~0.925180, chunk-size=8, attempts=512, inserted=15521950.000000
[1467913237.772395] [node019:4930 :0]         sys.c:744  MXM  WARN  Conflicting CPU frequencies detected, using: 1781.53
[1467913238.131318] [node020:25808:0]         sys.c:744  MXM  WARN  Conflicting CPU frequencies detected, using: 1898.53
[1467913237.753578] [node019:4886 :0]         sys.c:744  MXM  WARN  Conflicting CPU frequencies detected, using: 1699.97
