performing reachability, flags: -n 16 -N 8 -shared-heap 8GB --tablesize=26 --cachesize=25  
This is upcrun, job spawner for the Berkeley UPC compiler (http://upc.lbl.gov).
upcrun version 2.22.2
Network conduits supported by this installation: smp mxm ibv
[1467960049.581536] [node053:26081:0]         sys.c:744  MXM  WARN  Conflicting CPU frequencies detected, using: 2077.69
[1467960049.587275] [node053:26081:0]         mxm.c:196  MXM  WARN  The 'ulimit -s' on the system is set to 'unlimited'. This may have negative performance implications. Please set the stack size to the default value (10240) 
[1467960049.581536] [node053:26081:0]         sys.c:744  MXM  WARN  Conflicting CPU frequencies detected, using: 2077.69
[1467960049.586852] [node053:26081:0]         mxm.c:196  MXM  WARN  The 'ulimit -s' on the system is set to 'unlimited'. This may have negative performance implications. Please set the stack size to the default value (10240) 
[1467960049.939721] [node057:27736:0]         sys.c:744  MXM  WARN  Conflicting CPU frequencies detected, using: 1805.91
[1467960049.946205] [node057:27736:0]         mxm.c:196  MXM  WARN  The 'ulimit -s' on the system is set to 'unlimited'. This may have negative performance implications. Please set the stack size to the default value (10240) 
[1467960049.939721] [node057:27736:0]         sys.c:744  MXM  WARN  Conflicting CPU frequencies detected, using: 1805.91
[1467960049.945695] [node057:27736:0]         mxm.c:196  MXM  WARN  The 'ulimit -s' on the system is set to 'unlimited'. This may have negative performance implications. Please set the stack size to the default value (10240) 
[1467960049.937689] [node059:26572:0]         sys.c:744  MXM  WARN  Conflicting CPU frequencies detected, using: 1895.62
[1467960049.944233] [node059:26572:0]         mxm.c:196  MXM  WARN  The 'ulimit -s' on the system is set to 'unlimited'. This may have negative performance implications. Please set the stack size to the default value (10240) 
[1467960049.937689] [node059:26572:0]         sys.c:744  MXM  WARN  Conflicting CPU frequencies detected, using: 1895.62
[1467960049.943799] [node059:26572:0]         mxm.c:196  MXM  WARN  The 'ulimit -s' on the system is set to 'unlimited'. This may have negative performance implications. Please set the stack size to the default value (10240) 
[1467960049.937579] [node058:26674:0]         sys.c:744  MXM  WARN  Conflicting CPU frequencies detected, using: 2229.47
[1467960049.944049] [node058:26674:0]         mxm.c:196  MXM  WARN  The 'ulimit -s' on the system is set to 'unlimited'. This may have negative performance implications. Please set the stack size to the default value (10240) 
[1467960049.937579] [node058:26674:0]         sys.c:744  MXM  WARN  Conflicting CPU frequencies detected, using: 2229.47
[1467960049.944142] [node058:26674:0]         mxm.c:196  MXM  WARN  The 'ulimit -s' on the system is set to 'unlimited'. This may have negative performance implications. Please set the stack size to the default value (10240) 
[1467960049.943030] [node060:29942:0]         sys.c:744  MXM  WARN  Conflicting CPU frequencies detected, using: 1798.97
[1467960049.949534] [node060:29942:0]         mxm.c:196  MXM  WARN  The 'ulimit -s' on the system is set to 'unlimited'. This may have negative performance implications. Please set the stack size to the default value (10240) 
[1467960049.943030] [node060:29942:0]         sys.c:744  MXM  WARN  Conflicting CPU frequencies detected, using: 1798.97
[1467960049.949205] [node060:29942:0]         mxm.c:196  MXM  WARN  The 'ulimit -s' on the system is set to 'unlimited'. This may have negative performance implications. Please set the stack size to the default value (10240) 
[1467960049.930079] [node054:28537:0]         sys.c:744  MXM  WARN  Conflicting CPU frequencies detected, using: 1499.62
[1467960049.941284] [node054:28537:0]         mxm.c:196  MXM  WARN  The 'ulimit -s' on the system is set to 'unlimited'. This may have negative performance implications. Please set the stack size to the default value (10240) 
[1467960049.930079] [node054:28537:0]         sys.c:744  MXM  WARN  Conflicting CPU frequencies detected, using: 1499.62
[1467960049.942043] [node054:28537:0]         mxm.c:196  MXM  WARN  The 'ulimit -s' on the system is set to 'unlimited'. This may have negative performance implications. Please set the stack size to the default value (10240) 
[1467960049.941612] [node055:27214:0]         sys.c:744  MXM  WARN  Conflicting CPU frequencies detected, using: 1796.91
[1467960049.953285] [node055:27214:0]         mxm.c:196  MXM  WARN  The 'ulimit -s' on the system is set to 'unlimited'. This may have negative performance implications. Please set the stack size to the default value (10240) 
[1467960049.921480] [node056:27961:0]         sys.c:744  MXM  WARN  Conflicting CPU frequencies detected, using: 1890.19
[1467960049.932749] [node056:27961:0]         mxm.c:196  MXM  WARN  The 'ulimit -s' on the system is set to 'unlimited'. This may have negative performance implications. Please set the stack size to the default value (10240) 
[1467960049.921480] [node056:27961:0]         sys.c:744  MXM  WARN  Conflicting CPU frequencies detected, using: 1890.19
[1467960049.933499] [node056:27961:0]         mxm.c:196  MXM  WARN  The 'ulimit -s' on the system is set to 'unlimited'. This may have negative performance implications. Please set the stack size to the default value (10240) 
[1467960049.941612] [node055:27214:0]         sys.c:744  MXM  WARN  Conflicting CPU frequencies detected, using: 1796.91
[1467960049.952539] [node055:27214:0]         mxm.c:196  MXM  WARN  The 'ulimit -s' on the system is set to 'unlimited'. This may have negative performance implications. Please set the stack size to the default value (10240) 
UPCR: UPC thread  1 of 16 on node053 (pshm node 0 of 8, process  1 of 16, pid=26090)
UPCR: UPC thread  0 of 16 on node053 (pshm node 0 of 8, process  0 of 16, pid=26089)
UPCR: UPC thread 13 of 16 on node059 (pshm node 6 of 8, process 13 of 16, pid=26615)
UPCR: UPC thread 12 of 16 on node059 (pshm node 6 of 8, process 12 of 16, pid=26614)
UPCR: UPC thread 14 of 16 on node060 (pshm node 7 of 8, process 14 of 16, pid=29984)
UPCR: UPC thread 15 of 16 on node060 (pshm node 7 of 8, process 15 of 16, pid=29985)
UPCR: UPC thread  7 of 16 on node056 (pshm node 3 of 8, process  7 of 16, pid=28005)
UPCR: UPC thread  6 of 16 on node056 (pshm node 3 of 8, process  6 of 16, pid=28004)
UPCR: UPC thread  2 of 16 on node054 (pshm node 1 of 8, process  2 of 16, pid=28579)
UPCR: UPC thread  3 of 16 on node054 (pshm node 1 of 8, process  3 of 16, pid=28580)
UPCR: UPC thread 11 of 16 on node058 (pshm node 5 of 8, process 11 of 16, pid=26717)
UPCR: UPC thread 10 of 16 on node058 (pshm node 5 of 8, process 10 of 16, pid=26716)
UPCR: UPC thread  9 of 16 on node057 (pshm node 4 of 8, process  9 of 16, pid=27787)
UPCR: UPC thread  8 of 16 on node057 (pshm node 4 of 8, process  8 of 16, pid=27786)
UPCR: UPC thread  5 of 16 on node055 (pshm node 2 of 8, process  5 of 16, pid=27257)
UPCR: UPC thread  4 of 16 on node055 (pshm node 2 of 8, process  4 of 16, pid=27256)
using a cache granularity of 8
using linear probing in the BDD table
using a memoization table of 2^25 = 33554432 entries (~1280 MB) per thread
using a BDD table of 2^26 = 67108864 entries (~1536 MB) per thread
Initializing /home/oortwijn/distdd/models/beem/leader_filters.5.bdd!
vector size: 28
bits per integer: 4
number of BDD variables: 112
Loading initial states: 
Initial states loaded... 
Loading transition relations... 
28 integers per state, 4 bits per integer, 40 transition groups
BDD nodes:
Initial states: 112 BDD nodes
Transition 0: 137 BDD nodes
Transition 1: 286 BDD nodes
Transition 2: 409 BDD nodes
Transition 3: 142 BDD nodes
Transition 4: 1225 BDD nodes
Transition 5: 137 BDD nodes
Transition 6: 308 BDD nodes
Transition 7: 24 BDD nodes
Transition 8: 137 BDD nodes
Transition 9: 286 BDD nodes
Transition 10: 409 BDD nodes
Transition 11: 142 BDD nodes
Transition 12: 24 BDD nodes
Transition 13: 137 BDD nodes
Transition 14: 1165 BDD nodes
Transition 15: 308 BDD nodes
Transition 16: 1165 BDD nodes
Transition 17: 1165 BDD nodes
Transition 18: 1165 BDD nodes
Transition 19: 2532 BDD nodes
Transition 20: 2532 BDD nodes
Transition 21: 2532 BDD nodes
Transition 22: 137 BDD nodes
Transition 23: 142 BDD nodes
Transition 24: 302 BDD nodes
Transition 25: 748 BDD nodes
Transition 26: 137 BDD nodes
Transition 27: 24 BDD nodes
Transition 28: 522 BDD nodes
Transition 29: 522 BDD nodes
Transition 30: 224 BDD nodes
Transition 31: 302 BDD nodes
Transition 32: 748 BDD nodes
Transition 33: 223 BDD nodes
Transition 34: 24 BDD nodes
Transition 35: 224 BDD nodes
Transition 36: 302 BDD nodes
Transition 37: 747 BDD nodes
Transition 38: 223 BDD nodes
Transition 39: 24 BDD nodes
Level 1... done.
PAR Time: 0.056896
Final states: 9223372036854775808 states
Final states: 112 BDD nodes
[1467960049.930079] [node054:28537:0]         sys.c:744  MXM  WARN  Conflicting CPU frequencies detected, using: 1499.62
[1467960049.921480] [node056:27961:0]         sys.c:744  MXM  WARN  Conflicting CPU frequencies detected, using: 1890.19
[1467960049.939721] [node057:27736:0]         sys.c:744  MXM  WARN  Conflicting CPU frequencies detected, using: 1805.91
[1467960049.937579] [node058:26674:0]         sys.c:744  MXM  WARN  Conflicting CPU frequencies detected, using: 2229.47
[1467960049.941612] [node055:27214:0]         sys.c:744  MXM  WARN  Conflicting CPU frequencies detected, using: 1796.91
[1467960049.937689] [node059:26572:0]         sys.c:744  MXM  WARN  Conflicting CPU frequencies detected, using: 1895.62
[1467960049.943030] [node060:29942:0]         sys.c:744  MXM  WARN  Conflicting CPU frequencies detected, using: 1798.97
[1467960049.581536] [node053:26081:0]         sys.c:744  MXM  WARN  Conflicting CPU frequencies detected, using: 2077.69
[1467960049.562364] [node053:26037:0]         sys.c:744  MXM  WARN  Conflicting CPU frequencies detected, using: 1996.59
