performing reachability, flags: -n 16 -N 1 -shared-heap 1GB --tablesize=23 --cachesize=22 --quadratic-probing--chunk-size=8 
This is upcrun, job spawner for the Berkeley UPC compiler (http://upc.lbl.gov).
upcrun version 2.22.2
Network conduits supported by this installation: smp mxm ibv
[1467959949.305499] [node010:23740:0]         sys.c:744  MXM  WARN  Conflicting CPU frequencies detected, using: 1810.31
[1467959949.317819] [node010:23740:0]         mxm.c:196  MXM  WARN  The 'ulimit -s' on the system is set to 'unlimited'. This may have negative performance implications. Please set the stack size to the default value (10240) 
[1467959949.305499] [node010:23740:0]         sys.c:744  MXM  WARN  Conflicting CPU frequencies detected, using: 1810.31
[1467959949.315398] [node010:23740:0]         mxm.c:196  MXM  WARN  The 'ulimit -s' on the system is set to 'unlimited'. This may have negative performance implications. Please set the stack size to the default value (10240) 
[1467959949.305499] [node010:23740:0]         sys.c:744  MXM  WARN  Conflicting CPU frequencies detected, using: 1810.31
[1467959949.317666] [node010:23740:0]         mxm.c:196  MXM  WARN  The 'ulimit -s' on the system is set to 'unlimited'. This may have negative performance implications. Please set the stack size to the default value (10240) 
[1467959949.305499] [node010:23740:0]         sys.c:744  MXM  WARN  Conflicting CPU frequencies detected, using: 1810.31
[1467959949.312466] [node010:23740:0]         mxm.c:196  MXM  WARN  The 'ulimit -s' on the system is set to 'unlimited'. This may have negative performance implications. Please set the stack size to the default value (10240) 
[1467959949.305499] [node010:23740:0]         sys.c:744  MXM  WARN  Conflicting CPU frequencies detected, using: 1810.31
[1467959949.312731] [node010:23740:0]         mxm.c:196  MXM  WARN  The 'ulimit -s' on the system is set to 'unlimited'. This may have negative performance implications. Please set the stack size to the default value (10240) 
[1467959949.305499] [node010:23740:0]         sys.c:744  MXM  WARN  Conflicting CPU frequencies detected, using: 1810.31
[1467959949.312820] [node010:23740:0]         mxm.c:196  MXM  WARN  The 'ulimit -s' on the system is set to 'unlimited'. This may have negative performance implications. Please set the stack size to the default value (10240) 
[1467959949.305499] [node010:23740:0]         sys.c:744  MXM  WARN  Conflicting CPU frequencies detected, using: 1810.31
[1467959949.317097] [node010:23740:0]         mxm.c:196  MXM  WARN  The 'ulimit -s' on the system is set to 'unlimited'. This may have negative performance implications. Please set the stack size to the default value (10240) 
[1467959949.305499] [node010:23740:0]         sys.c:744  MXM  WARN  Conflicting CPU frequencies detected, using: 1810.31
[1467959949.315706] [node010:23740:0]         mxm.c:196  MXM  WARN  The 'ulimit -s' on the system is set to 'unlimited'. This may have negative performance implications. Please set the stack size to the default value (10240) 
[1467959949.305499] [node010:23740:0]         sys.c:744  MXM  WARN  Conflicting CPU frequencies detected, using: 1810.31
[1467959949.315616] [node010:23740:0]         mxm.c:196  MXM  WARN  The 'ulimit -s' on the system is set to 'unlimited'. This may have negative performance implications. Please set the stack size to the default value (10240) 
[1467959949.305499] [node010:23740:0]         sys.c:744  MXM  WARN  Conflicting CPU frequencies detected, using: 1810.31
[1467959949.316632] [node010:23740:0]         mxm.c:196  MXM  WARN  The 'ulimit -s' on the system is set to 'unlimited'. This may have negative performance implications. Please set the stack size to the default value (10240) 
[1467959949.305499] [node010:23740:0]         sys.c:744  MXM  WARN  Conflicting CPU frequencies detected, using: 1810.31
[1467959949.315128] [node010:23740:0]         mxm.c:196  MXM  WARN  The 'ulimit -s' on the system is set to 'unlimited'. This may have negative performance implications. Please set the stack size to the default value (10240) 
[1467959949.305499] [node010:23740:0]         sys.c:744  MXM  WARN  Conflicting CPU frequencies detected, using: 1810.31
[1467959949.317221] [node010:23740:0]         mxm.c:196  MXM  WARN  The 'ulimit -s' on the system is set to 'unlimited'. This may have negative performance implications. Please set the stack size to the default value (10240) 
[1467959949.305499] [node010:23740:0]         sys.c:744  MXM  WARN  Conflicting CPU frequencies detected, using: 1810.31
[1467959949.317550] [node010:23740:0]         mxm.c:196  MXM  WARN  The 'ulimit -s' on the system is set to 'unlimited'. This may have negative performance implications. Please set the stack size to the default value (10240) 
[1467959949.305499] [node010:23740:0]         sys.c:744  MXM  WARN  Conflicting CPU frequencies detected, using: 1810.31
[1467959949.317382] [node010:23740:0]         mxm.c:196  MXM  WARN  The 'ulimit -s' on the system is set to 'unlimited'. This may have negative performance implications. Please set the stack size to the default value (10240) 
[1467959949.305499] [node010:23740:0]         sys.c:744  MXM  WARN  Conflicting CPU frequencies detected, using: 1810.31
[1467959949.316997] [node010:23740:0]         mxm.c:196  MXM  WARN  The 'ulimit -s' on the system is set to 'unlimited'. This may have negative performance implications. Please set the stack size to the default value (10240) 
[1467959949.305499] [node010:23740:0]         sys.c:744  MXM  WARN  Conflicting CPU frequencies detected, using: 1810.31
[1467959949.313261] [node010:23740:0]         mxm.c:196  MXM  WARN  The 'ulimit -s' on the system is set to 'unlimited'. This may have negative performance implications. Please set the stack size to the default value (10240) 
UPCR: UPC thread 10 of 16 on node010 (pshm node 0 of 1, process 10 of 16, pid=23757)
UPCR: UPC thread 12 of 16 on node010 (pshm node 0 of 1, process 12 of 16, pid=23761)
UPCR: UPC thread 15 of 16 on node010 (pshm node 0 of 1, process 15 of 16, pid=23766)
UPCR: UPC thread  6 of 16 on node010 (pshm node 0 of 1, process  6 of 16, pid=23747)
UPCR: UPC thread 11 of 16 on node010 (pshm node 0 of 1, process 11 of 16, pid=23758)
UPCR: UPC thread  3 of 16 on node010 (pshm node 0 of 1, process  3 of 16, pid=23744)
UPCR: UPC thread  4 of 16 on node010 (pshm node 0 of 1, process  4 of 16, pid=23745)
UPCR: UPC thread  5 of 16 on node010 (pshm node 0 of 1, process  5 of 16, pid=23746)
UPCR: UPC thread  7 of 16 on node010 (pshm node 0 of 1, process  7 of 16, pid=23750)
UPCR: UPC thread  2 of 16 on node010 (pshm node 0 of 1, process  2 of 16, pid=23743)
UPCR: UPC thread 13 of 16 on node010 (pshm node 0 of 1, process 13 of 16, pid=23762)
UPCR: UPC thread  1 of 16 on node010 (pshm node 0 of 1, process  1 of 16, pid=23742)
UPCR: UPC thread 14 of 16 on node010 (pshm node 0 of 1, process 14 of 16, pid=23765)
UPCR: UPC thread  0 of 16 on node010 (pshm node 0 of 1, process  0 of 16, pid=23741)
UPCR: UPC thread  8 of 16 on node010 (pshm node 0 of 1, process  8 of 16, pid=23752)
UPCR: UPC thread  9 of 16 on node010 (pshm node 0 of 1, process  9 of 16, pid=23754)
using a cache granularity of 8
using linear probing in the BDD table
using a memoization table of 2^23 = 8388608 entries (~320 MB) per thread
using a BDD table of 2^23 = 8388608 entries (~192 MB) per thread
Initializing /home/oortwijn/distdd/models/beem/leader_filters.3.bdd!
vector size: 23
bits per integer: 4
number of BDD variables: 92
Loading initial states: 
Initial states loaded... 
Loading transition relations... 
23 integers per state, 4 bits per integer, 32 transition groups
BDD nodes:
Initial states: 92 BDD nodes
Transition 0: 149 BDD nodes
Transition 1: 206 BDD nodes
Transition 2: 136 BDD nodes
Transition 3: 251 BDD nodes
Transition 4: 24 BDD nodes
Transition 5: 440 BDD nodes
Transition 6: 192 BDD nodes
Transition 7: 148 BDD nodes
Transition 8: 610 BDD nodes
Transition 9: 610 BDD nodes
Transition 10: 610 BDD nodes
Transition 11: 149 BDD nodes
Transition 12: 136 BDD nodes
Transition 13: 251 BDD nodes
Transition 14: 148 BDD nodes
Transition 15: 24 BDD nodes
Transition 16: 192 BDD nodes
Transition 17: 337 BDD nodes
Transition 18: 151 BDD nodes
Transition 19: 151 BDD nodes
Transition 20: 113 BDD nodes
Transition 21: 251 BDD nodes
Transition 22: 335 BDD nodes
Transition 23: 112 BDD nodes
Transition 24: 24 BDD nodes
Transition 25: 192 BDD nodes
Transition 26: 1060 BDD nodes
Transition 27: 113 BDD nodes
Transition 28: 337 BDD nodes
Transition 29: 112 BDD nodes
Transition 30: 24 BDD nodes
Transition 31: 197 BDD nodes
Level 1... done.
PAR Time: 0.005317
Final states: 9223372036854775808 states
Final states: 92 BDD nodes
[1467959949.305499] [node010:23740:0]         sys.c:744  MXM  WARN  Conflicting CPU frequencies detected, using: 1810.31
[1467959949.286479] [node010:23695:0]         sys.c:744  MXM  WARN  Conflicting CPU frequencies detected, using: 1810.31
