performing reachability, flags: -n 32 -N 16 -shared-heap 8GB --tablesize=26 --cachesize=25  
This is upcrun, job spawner for the Berkeley UPC compiler (http://upc.lbl.gov).
upcrun version 2.22.2
Network conduits supported by this installation: smp mxm ibv
[1468203279.668764] [node008:9557 :0]         sys.c:744  MXM  WARN  Conflicting CPU frequencies detected, using: 1796.34
[1468203279.679190] [node008:9557 :0]         mxm.c:196  MXM  WARN  The 'ulimit -s' on the system is set to 'unlimited'. This may have negative performance implications. Please set the stack size to the default value (10240) 
[1468203279.668764] [node008:9557 :0]         sys.c:744  MXM  WARN  Conflicting CPU frequencies detected, using: 1796.34
[1468203279.680004] [node008:9557 :0]         mxm.c:196  MXM  WARN  The 'ulimit -s' on the system is set to 'unlimited'. This may have negative performance implications. Please set the stack size to the default value (10240) 
[1468203280.032313] [node021:29120:0]         sys.c:744  MXM  WARN  Conflicting CPU frequencies detected, using: 1795.41
[1468203280.038627] [node021:29120:0]         mxm.c:196  MXM  WARN  The 'ulimit -s' on the system is set to 'unlimited'. This may have negative performance implications. Please set the stack size to the default value (10240) 
[1468203280.032313] [node021:29120:0]         sys.c:744  MXM  WARN  Conflicting CPU frequencies detected, using: 1795.41
[1468203280.038320] [node021:29120:0]         mxm.c:196  MXM  WARN  The 'ulimit -s' on the system is set to 'unlimited'. This may have negative performance implications. Please set the stack size to the default value (10240) 
[1468203280.038524] [node014:18977:0]         sys.c:744  MXM  WARN  Conflicting CPU frequencies detected, using: 1484.34
[1468203280.045047] [node014:18977:0]         mxm.c:196  MXM  WARN  The 'ulimit -s' on the system is set to 'unlimited'. This may have negative performance implications. Please set the stack size to the default value (10240) 
[1468203280.038524] [node014:18977:0]         sys.c:744  MXM  WARN  Conflicting CPU frequencies detected, using: 1484.34
[1468203280.044802] [node014:18977:0]         mxm.c:196  MXM  WARN  The 'ulimit -s' on the system is set to 'unlimited'. This may have negative performance implications. Please set the stack size to the default value (10240) 
[1468203280.031072] [node016:3160 :0]         sys.c:744  MXM  WARN  Conflicting CPU frequencies detected, using: 1481.06
[1468203280.037374] [node016:3160 :0]         mxm.c:196  MXM  WARN  The 'ulimit -s' on the system is set to 'unlimited'. This may have negative performance implications. Please set the stack size to the default value (10240) 
[1468203280.031072] [node016:3160 :0]         sys.c:744  MXM  WARN  Conflicting CPU frequencies detected, using: 1481.06
[1468203280.037588] [node016:3160 :0]         mxm.c:196  MXM  WARN  The 'ulimit -s' on the system is set to 'unlimited'. This may have negative performance implications. Please set the stack size to the default value (10240) 
[1468203280.039499] [node010:24078:0]         sys.c:744  MXM  WARN  Conflicting CPU frequencies detected, using: 1990.78
[1468203280.045968] [node010:24078:0]         mxm.c:196  MXM  WARN  The 'ulimit -s' on the system is set to 'unlimited'. This may have negative performance implications. Please set the stack size to the default value (10240) 
[1468203280.039499] [node010:24078:0]         sys.c:744  MXM  WARN  Conflicting CPU frequencies detected, using: 1990.78
[1468203280.045535] [node010:24078:0]         mxm.c:196  MXM  WARN  The 'ulimit -s' on the system is set to 'unlimited'. This may have negative performance implications. Please set the stack size to the default value (10240) 
[1468203280.047097] [node019:31170:0]         sys.c:744  MXM  WARN  Conflicting CPU frequencies detected, using: 1892.06
[1468203280.053292] [node019:31170:0]         mxm.c:196  MXM  WARN  The 'ulimit -s' on the system is set to 'unlimited'. This may have negative performance implications. Please set the stack size to the default value (10240) 
[1468203280.047097] [node019:31170:0]         sys.c:744  MXM  WARN  Conflicting CPU frequencies detected, using: 1892.06
[1468203280.053554] [node019:31170:0]         mxm.c:196  MXM  WARN  The 'ulimit -s' on the system is set to 'unlimited'. This may have negative performance implications. Please set the stack size to the default value (10240) 
[1468203280.036560] [node022:1647 :0]         sys.c:744  MXM  WARN  Conflicting CPU frequencies detected, using: 3129.38
[1468203280.048766] [node022:1647 :0]         mxm.c:196  MXM  WARN  The 'ulimit -s' on the system is set to 'unlimited'. This may have negative performance implications. Please set the stack size to the default value (10240) 
[1468203280.036169] [node015:505  :0]         sys.c:744  MXM  WARN  Conflicting CPU frequencies detected, using: 1896.00
[1468203280.047204] [node015:505  :0]         mxm.c:196  MXM  WARN  The 'ulimit -s' on the system is set to 'unlimited'. This may have negative performance implications. Please set the stack size to the default value (10240) 
[1468203280.036169] [node015:505  :0]         sys.c:744  MXM  WARN  Conflicting CPU frequencies detected, using: 1896.00
[1468203280.047995] [node015:505  :0]         mxm.c:196  MXM  WARN  The 'ulimit -s' on the system is set to 'unlimited'. This may have negative performance implications. Please set the stack size to the default value (10240) 
[1468203280.026364] [node011:9194 :0]         sys.c:744  MXM  WARN  Conflicting CPU frequencies detected, using: 2599.88
[1468203280.037788] [node011:9194 :0]         mxm.c:196  MXM  WARN  The 'ulimit -s' on the system is set to 'unlimited'. This may have negative performance implications. Please set the stack size to the default value (10240) 
[1468203280.026364] [node011:9194 :0]         sys.c:744  MXM  WARN  Conflicting CPU frequencies detected, using: 2599.88
[1468203280.038587] [node011:9194 :0]         mxm.c:196  MXM  WARN  The 'ulimit -s' on the system is set to 'unlimited'. This may have negative performance implications. Please set the stack size to the default value (10240) 
[1468203280.037312] [node013:3384 :0]         sys.c:744  MXM  WARN  Conflicting CPU frequencies detected, using: 1399.88
[1468203280.049058] [node013:3384 :0]         mxm.c:196  MXM  WARN  The 'ulimit -s' on the system is set to 'unlimited'. This may have negative performance implications. Please set the stack size to the default value (10240) 
[1468203280.048999] [node018:8344 :0]         sys.c:744  MXM  WARN  Conflicting CPU frequencies detected, using: 2709.28
[1468203280.061260] [node018:8344 :0]         mxm.c:196  MXM  WARN  The 'ulimit -s' on the system is set to 'unlimited'. This may have negative performance implications. Please set the stack size to the default value (10240) 
[1468203280.032624] [node012:14956:0]         sys.c:744  MXM  WARN  Conflicting CPU frequencies detected, using: 2620.88
[1468203280.043705] [node012:14956:0]         mxm.c:196  MXM  WARN  The 'ulimit -s' on the system is set to 'unlimited'. This may have negative performance implications. Please set the stack size to the default value (10240) 
[1468203280.034078] [node009:22953:0]         sys.c:744  MXM  WARN  Conflicting CPU frequencies detected, using: 3031.31
[1468203280.046367] [node009:22953:0]         mxm.c:196  MXM  WARN  The 'ulimit -s' on the system is set to 'unlimited'. This may have negative performance implications. Please set the stack size to the default value (10240) 
[1468203280.029433] [node017:22173:0]         sys.c:744  MXM  WARN  Conflicting CPU frequencies detected, using: 2535.28
[1468203280.041703] [node017:22173:0]         mxm.c:196  MXM  WARN  The 'ulimit -s' on the system is set to 'unlimited'. This may have negative performance implications. Please set the stack size to the default value (10240) 
[1468203280.035869] [node020:8365 :0]         sys.c:744  MXM  WARN  Conflicting CPU frequencies detected, using: 1482.56
[1468203280.048245] [node020:8365 :0]         mxm.c:196  MXM  WARN  The 'ulimit -s' on the system is set to 'unlimited'. This may have negative performance implications. Please set the stack size to the default value (10240) 
[1468203280.035869] [node020:8365 :0]         sys.c:744  MXM  WARN  Conflicting CPU frequencies detected, using: 1482.56
[1468203280.047501] [node020:8365 :0]         mxm.c:196  MXM  WARN  The 'ulimit -s' on the system is set to 'unlimited'. This may have negative performance implications. Please set the stack size to the default value (10240) 
[1468203280.017848] [node023:29361:0]         sys.c:744  MXM  WARN  Conflicting CPU frequencies detected, using: 1592.72
[1468203280.030485] [node023:29361:0]         mxm.c:196  MXM  WARN  The 'ulimit -s' on the system is set to 'unlimited'. This may have negative performance implications. Please set the stack size to the default value (10240) 
[1468203280.036560] [node022:1647 :0]         sys.c:744  MXM  WARN  Conflicting CPU frequencies detected, using: 3129.38
[1468203280.047998] [node022:1647 :0]         mxm.c:196  MXM  WARN  The 'ulimit -s' on the system is set to 'unlimited'. This may have negative performance implications. Please set the stack size to the default value (10240) 
[1468203280.034078] [node009:22953:0]         sys.c:744  MXM  WARN  Conflicting CPU frequencies detected, using: 3031.31
[1468203280.045610] [node009:22953:0]         mxm.c:196  MXM  WARN  The 'ulimit -s' on the system is set to 'unlimited'. This may have negative performance implications. Please set the stack size to the default value (10240) 
[1468203280.037312] [node013:3384 :0]         sys.c:744  MXM  WARN  Conflicting CPU frequencies detected, using: 1399.88
[1468203280.048281] [node013:3384 :0]         mxm.c:196  MXM  WARN  The 'ulimit -s' on the system is set to 'unlimited'. This may have negative performance implications. Please set the stack size to the default value (10240) 
[1468203280.032624] [node012:14956:0]         sys.c:744  MXM  WARN  Conflicting CPU frequencies detected, using: 2620.88
[1468203280.044498] [node012:14956:0]         mxm.c:196  MXM  WARN  The 'ulimit -s' on the system is set to 'unlimited'. This may have negative performance implications. Please set the stack size to the default value (10240) 
[1468203280.048999] [node018:8344 :0]         sys.c:744  MXM  WARN  Conflicting CPU frequencies detected, using: 2709.28
[1468203280.060480] [node018:8344 :0]         mxm.c:196  MXM  WARN  The 'ulimit -s' on the system is set to 'unlimited'. This may have negative performance implications. Please set the stack size to the default value (10240) 
[1468203280.017848] [node023:29361:0]         sys.c:744  MXM  WARN  Conflicting CPU frequencies detected, using: 1592.72
[1468203280.028248] [node023:29361:0]         mxm.c:196  MXM  WARN  The 'ulimit -s' on the system is set to 'unlimited'. This may have negative performance implications. Please set the stack size to the default value (10240) 
[1468203280.029433] [node017:22173:0]         sys.c:744  MXM  WARN  Conflicting CPU frequencies detected, using: 2535.28
[1468203280.040926] [node017:22173:0]         mxm.c:196  MXM  WARN  The 'ulimit -s' on the system is set to 'unlimited'. This may have negative performance implications. Please set the stack size to the default value (10240) 
UPCR: UPC thread  0 of 32 on node008 (pshm node  0 of 16, process  0 of 32, pid=9573)
UPCR: UPC thread  1 of 32 on node008 (pshm node  0 of 16, process  1 of 32, pid=9574)
UPCR: UPC thread 29 of 32 on node022 (pshm node 14 of 16, process 29 of 32, pid=1690)
UPCR: UPC thread 28 of 32 on node022 (pshm node 14 of 16, process 28 of 32, pid=1689)
UPCR: UPC thread  4 of 32 on node010 (pshm node  2 of 16, process  4 of 32, pid=24120)
UPCR: UPC thread  5 of 32 on node010 (pshm node  2 of 16, process  5 of 32, pid=24121)
UPCR: UPC thread 25 of 32 on node020 (pshm node 12 of 16, process 25 of 32, pid=8409)
UPCR: UPC thread 24 of 32 on node020 (pshm node 12 of 16, process 24 of 32, pid=8408)
UPCR: UPC thread 31 of 32 on node023 (pshm node 15 of 16, process 31 of 32, pid=29404)
UPCR: UPC thread 30 of 32 on node023 (pshm node 15 of 16, process 30 of 32, pid=29403)
UPCR: UPC thread 21 of 32 on node018 (pshm node 10 of 16, process 21 of 32, pid=8387)
UPCR: UPC thread 20 of 32 on node018 (pshm node 10 of 16, process 20 of 32, pid=8386)
UPCR: UPC thread 23 of 32 on node019 (pshm node 11 of 16, process 23 of 32, pid=31213)
UPCR: UPC thread 22 of 32 on node019 (pshm node 11 of 16, process 22 of 32, pid=31212)
UPCR: UPC thread 11 of 32 on node013 (pshm node  5 of 16, process 11 of 32, pid=3427)
UPCR: UPC thread 10 of 32 on node013 (pshm node  5 of 16, process 10 of 32, pid=3426)
UPCR: UPC thread  9 of 32 on node012 (pshm node  4 of 16, process  9 of 32, pid=14999)
UPCR: UPC thread  8 of 32 on node012 (pshm node  4 of 16, process  8 of 32, pid=14998)
UPCR: UPC thread 15 of 32 on node015 (pshm node  7 of 16, process 15 of 32, pid=554)
UPCR: UPC thread 14 of 32 on node015 (pshm node  7 of 16, process 14 of 32, pid=553)
UPCR: UPC thread  7 of 32 on node011 (pshm node  3 of 16, process  7 of 32, pid=9237)
UPCR: UPC thread  6 of 32 on node011 (pshm node  3 of 16, process  6 of 32, pid=9236)
UPCR: UPC thread 13 of 32 on node014 (pshm node  6 of 16, process 13 of 32, pid=19020)
UPCR: UPC thread 12 of 32 on node014 (pshm node  6 of 16, process 12 of 32, pid=19019)
UPCR: UPC thread  3 of 32 on node009 (pshm node  1 of 16, process  3 of 32, pid=22996)
UPCR: UPC thread  2 of 32 on node009 (pshm node  1 of 16, process  2 of 32, pid=22995)
UPCR: UPC thread 19 of 32 on node017 (pshm node  9 of 16, process 19 of 32, pid=22216)
UPCR: UPC thread 18 of 32 on node017 (pshm node  9 of 16, process 18 of 32, pid=22215)
UPCR: UPC thread 27 of 32 on node021 (pshm node 13 of 16, process 27 of 32, pid=29163)
UPCR: UPC thread 26 of 32 on node021 (pshm node 13 of 16, process 26 of 32, pid=29162)
UPCR: UPC thread 17 of 32 on node016 (pshm node  8 of 16, process 17 of 32, pid=3206)
UPCR: UPC thread 16 of 32 on node016 (pshm node  8 of 16, process 16 of 32, pid=3205)
using a cache granularity of 8
using linear probing in the BDD table
using a memoization table of 2^25 = 33554432 entries (~1280 MB) per thread
using a BDD table of 2^26 = 67108864 entries (~1536 MB) per thread
Initializing /home/oortwijn/distdd/models/beem/leader_election.6.bdd!
vector size: 235
bits per integer: 7
number of BDD variables: 1645
Loading initial states: 
Initial states loaded... 
Loading transition relations... 
235 integers per state, 7 bits per integer, 117 transition groups
BDD nodes:
Initial states: 1645 BDD nodes
Transition 0: 79 BDD nodes
Transition 1: 822 BDD nodes
Transition 2: 0 BDD nodes
Transition 3: 0 BDD nodes
Transition 4: 2360 BDD nodes
Transition 5: 91 BDD nodes
Transition 6: 422 BDD nodes
Transition 7: 2274 BDD nodes
Transition 8: 1765 BDD nodes
Transition 9: 0 BDD nodes
Transition 10: 0 BDD nodes
Transition 11: 68 BDD nodes
Transition 12: 45 BDD nodes
Transition 13: 2685 BDD nodes
Transition 14: 79 BDD nodes
Transition 15: 1615 BDD nodes
Transition 16: 887 BDD nodes
Transition 17: 0 BDD nodes
Transition 18: 1375 BDD nodes
Transition 19: 2658 BDD nodes
Transition 20: 0 BDD nodes
Transition 21: 422 BDD nodes
Transition 22: 14137 BDD nodes
Transition 23: 101 BDD nodes
Transition 24: 0 BDD nodes
Transition 25: 2769 BDD nodes
Transition 26: 422 BDD nodes
Transition 27: 0 BDD nodes
Transition 28: 0 BDD nodes
Transition 29: 45 BDD nodes
Transition 30: 0 BDD nodes
Transition 31: 49 BDD nodes
Transition 32: 3493 BDD nodes
Transition 33: 79 BDD nodes
Transition 34: 633 BDD nodes
Transition 35: 0 BDD nodes
Transition 36: 106 BDD nodes
Transition 37: 0 BDD nodes
Transition 38: 1845 BDD nodes
Transition 39: 1417 BDD nodes
Transition 40: 422 BDD nodes
Transition 41: 0 BDD nodes
Transition 42: 0 BDD nodes
Transition 43: 45 BDD nodes
Transition 44: 68 BDD nodes
Transition 45: 1744 BDD nodes
Transition 46: 79 BDD nodes
Transition 47: 836 BDD nodes
Transition 48: 0 BDD nodes
Transition 49: 109 BDD nodes
Transition 50: 0 BDD nodes
Transition 51: 422 BDD nodes
Transition 52: 2621 BDD nodes
Transition 53: 3566 BDD nodes
Transition 54: 0 BDD nodes
Transition 55: 45 BDD nodes
Transition 56: 0 BDD nodes
Transition 57: 68 BDD nodes
Transition 58: 1597 BDD nodes
Transition 59: 61 BDD nodes
Transition 60: 60 BDD nodes
Transition 61: 61 BDD nodes
Transition 62: 0 BDD nodes
Transition 63: 0 BDD nodes
Transition 64: 79 BDD nodes
Transition 65: 836 BDD nodes
Transition 66: 0 BDD nodes
Transition 67: 104 BDD nodes
Transition 68: 0 BDD nodes
Transition 69: 2621 BDD nodes
Transition 70: 3226 BDD nodes
Transition 71: 422 BDD nodes
Transition 72: 68 BDD nodes
Transition 73: 0 BDD nodes
Transition 74: 44 BDD nodes
Transition 75: 1584 BDD nodes
Transition 76: 0 BDD nodes
Transition 77: 2223 BDD nodes
Transition 78: 2849 BDD nodes
Transition 79: 107 BDD nodes
Transition 80: 0 BDD nodes
Transition 81: 422 BDD nodes
Transition 82: 0 BDD nodes
Transition 83: 3100 BDD nodes
Transition 84: 49 BDD nodes
Transition 85: 0 BDD nodes
Transition 86: 44 BDD nodes
Transition 87: 1675 BDD nodes
Transition 88: 79 BDD nodes
Transition 89: 0 BDD nodes
Transition 90: 0 BDD nodes
Transition 91: 108 BDD nodes
Transition 92: 815 BDD nodes
Transition 93: 422 BDD nodes
Transition 94: 3823 BDD nodes
Transition 95: 0 BDD nodes
Transition 96: 68 BDD nodes
Transition 97: 44 BDD nodes
Transition 98: 44 BDD nodes
Transition 99: 1275 BDD nodes
Transition 100: 79 BDD nodes
Transition 101: 801 BDD nodes
Transition 102: 0 BDD nodes
Transition 103: 101 BDD nodes
Transition 104: 1429 BDD nodes
Transition 105: 422 BDD nodes
Transition 106: 1104 BDD nodes
Transition 107: 1118 BDD nodes
Transition 108: 63 BDD nodes
Transition 109: 0 BDD nodes
Transition 110: 44 BDD nodes
Transition 111: 1212 BDD nodes
Transition 112: 99 BDD nodes
Transition 113: 0 BDD nodes
Transition 114: 49 BDD nodes
Transition 115: 0 BDD nodes
Transition 116: 45 BDD nodes
Level 1... done.
Level 2... done.
Level 3... done.
Level 4... done.
Level 5... done.
Level 6... done.
Level 7... done.
Level 8... done.
Level 9... done.
Level 10... done.
Level 11... done.
Level 12... done.
Level 13... done.
Level 14... done.
Level 15... done.
Level 16... done.
Level 17... done.
Level 18... done.
Level 19... done.
Level 20... done.
Level 21... done.
Level 22... done.
Level 23... done.
Level 24... done.
Level 25... done.
Level 26... done.
Level 27... done.
Level 28... done.
Level 29... done.
Level 30... done.
Level 31... done.
Level 32... done.
Level 33... done.
Level 34... done.
Level 35... done.
Level 36... done.
Level 37... done.
Level 38... done.
Level 39... done.
Level 40... done.
Level 41... done.
Level 42... done.
Level 43... done.
Level 44... done.
Level 45... done.
Level 46... done.
Level 47... done.
Level 48... done.
Level 49... done.
Level 50... done.
Level 51... done.
Level 52... done.
Level 53... done.
Level 54... done.
Level 55... done.
Level 56... done.
Level 57... done.
Level 58... done.
Level 59... done.
Level 60... done.
Level 61... done.
Level 62... done.
Level 63... done.
Level 64... done.
Level 65... done.
Level 66... done.
Level 67... done.
Level 68... done.
Level 69... done.
Level 70... done.
Level 71... done.
Level 72... done.
Level 73... done.
Level 74... done.
Level 75... done.
Level 76... done.
Level 77... done.
Level 78... done.
Level 79... done.
Level 80... done.
Level 81... done.
Level 82... done.
Level 83... done.
Level 84... done.
Level 85... done.
Level 86... done.
Level 87... done.
Level 88... done.
Level 89... done.
Level 90... done.
Level 91... done.
Level 92... done.
Level 93... done.
Level 94... done.
Level 95... done.
Level 96... done.
Level 97... done.
Level 98... done.
Level 99... done.
Level 100... done.
Level 101... done.
Level 102... done.
Level 103... done.
Level 104... done.
Level 105... done.
Level 106... done.
Level 107... done.
Level 108... done.
Level 109... done.
Level 110... done.
Level 111... done.
Level 112... done.
Level 113... done.
Level 114... done.
Level 115... done.
Level 116... done.
Level 117... done.
Level 118... done.
Level 119... done.
Level 120... done.
Level 121... done.
Level 122... done.
Level 123... done.
Level 124... done.
Level 125... done.
Level 126... done.
Level 127... done.
Level 128... done.
Level 129... done.
Level 130... done.
Level 131... done.
Level 132... done.
Level 133... done.
Level 134... done.
Level 135... done.
Level 136... done.
Level 137... done.
Level 138... done.
Level 139... done.
Level 140... done.
Level 141... done.
Level 142... done.
Level 143... done.
Level 144... done.
Level 145... done.
Level 146... done.
Level 147... done.
Level 148... done.
Level 149... done.
Level 150... done.
Level 151... done.
Level 152... done.
Level 153... done.
Level 154... done.
Level 155... done.
Level 156... done.
Level 157... done.
Level 158... done.
Level 159... done.
Level 160... done.
Level 161... done.
Level 162... done.
Level 163... done.
Level 164... done.
Level 165... done.
Level 166... done.
Level 167... done.
Level 168... done.
Level 169... done.
Level 170... done.
Level 171... done.
Level 172... done.
Level 173... done.
Level 174... done.
Level 175... done.
Level 176... done.
Level 177... done.
Level 178... done.
Level 179... done.
Level 180... done.
Level 181... done.
Level 182... done.
Level 183... done.
Level 184... done.
Level 185... done.
Level 186... done.
Level 187... done.
Level 188... done.
Level 189... done.
Level 190... done.
Level 191... done.
Level 192... done.
Level 193... done.
Level 194... done.
Level 195... done.
Level 196... done.
Level 197... done.
Level 198... done.
Level 199... done.
Level 200... done.
Level 201... done.
Level 202... done.
Level 203... done.
Level 204... done.
Level 205... done.
Level 206... done.
Level 207... done.
Level 208... done.
Level 209... done.
Level 210... done.
Level 211... done.
Level 212... done.
Level 213... done.
Level 214... done.
Level 215... done.
Level 216... done.
Level 217... done.
Level 218... done.
Level 219... done.
Level 220... done.
Level 221... done.
Level 222... done.
PAR Time: 77.295516
Final states: 35777100 states
Final states: 95723 BDD nodes
[1468203280.029433] [node017:22173:0]         sys.c:744  MXM  WARN  Conflicting CPU frequencies detected, using: 2535.28
[1468203279.668764] [node008:9557 :0]         sys.c:744  MXM  WARN  Conflicting CPU frequencies detected, using: 1796.34
[1468203280.047097] [node019:31170:0]         sys.c:744  MXM  WARN  Conflicting CPU frequencies detected, using: 1892.06
[1468203280.036169] [node015:505  :0]         sys.c:744  MXM  WARN  Conflicting CPU frequencies detected, using: 1896.00
[1468203280.037312] [node013:3384 :0]         sys.c:744  MXM  WARN  Conflicting CPU frequencies detected, using: 1399.88
[1468203280.035869] [node020:8365 :0]         sys.c:744  MXM  WARN  Conflicting CPU frequencies detected, using: 1482.56
[1468203280.034078] [node009:22953:0]         sys.c:744  MXM  WARN  Conflicting CPU frequencies detected, using: 3031.31
[1468203280.017848] [node023:29361:0]         sys.c:744  MXM  WARN  Conflicting CPU frequencies detected, using: 1592.72
[1468203280.048999] [node018:8344 :0]         sys.c:744  MXM  WARN  Conflicting CPU frequencies detected, using: 2709.28
[1468203280.038524] [node014:18977:0]         sys.c:744  MXM  WARN  Conflicting CPU frequencies detected, using: 1484.34
[1468203280.031072] [node016:3160 :0]         sys.c:744  MXM  WARN  Conflicting CPU frequencies detected, using: 1481.06
[1468203280.039499] [node010:24078:0]         sys.c:744  MXM  WARN  Conflicting CPU frequencies detected, using: 1990.78
[1468203280.032313] [node021:29120:0]         sys.c:744  MXM  WARN  Conflicting CPU frequencies detected, using: 1795.41
[1468203280.026364] [node011:9194 :0]         sys.c:744  MXM  WARN  Conflicting CPU frequencies detected, using: 2599.88
[1468203280.036560] [node022:1647 :0]         sys.c:744  MXM  WARN  Conflicting CPU frequencies detected, using: 3129.38
[1468203280.032624] [node012:14956:0]         sys.c:744  MXM  WARN  Conflicting CPU frequencies detected, using: 2620.88
[1468203279.650120] [node008:9513 :0]         sys.c:744  MXM  WARN  Conflicting CPU frequencies detected, using: 2107.78
