performing reachability, flags: -n 1 -N 1 -shared-heap 16GB --tablesize=27 --cachesize=26 --quadratic-probing--chunk-size=8 
This is upcrun, job spawner for the Berkeley UPC compiler (http://upc.lbl.gov).
upcrun version 2.22.2
Network conduits supported by this installation: smp mxm ibv
[1468138766.027126] [node061:25868:0]         sys.c:744  MXM  WARN  Conflicting CPU frequencies detected, using: 2041.12
[1468138766.032641] [node061:25868:0]         mxm.c:196  MXM  WARN  The 'ulimit -s' on the system is set to 'unlimited'. This may have negative performance implications. Please set the stack size to the default value (10240) 
UPCR: UPC thread 0 of 1 on node061 (pshm node 0 of 1, process 0 of 1, pid=25869)
using a cache granularity of 8
using linear probing in the BDD table
using a memoization table of 2^26 = 67108864 entries (~2560 MB) per thread
using a BDD table of 2^27 = 134217728 entries (~3072 MB) per thread
Initializing /home/oortwijn/distdd/models/beem/leader_filters.2.bdd!
vector size: 21
bits per integer: 4
number of BDD variables: 84
Loading initial states: 
Initial states loaded... 
Loading transition relations... 
21 integers per state, 4 bits per integer, 21 transition groups
BDD nodes:
Initial states: 84 BDD nodes
Transition 0: 141 BDD nodes
Transition 1: 154 BDD nodes
Transition 2: 206 BDD nodes
Transition 3: 281 BDD nodes
Transition 4: 352 BDD nodes
Transition 5: 134 BDD nodes
Transition 6: 31 BDD nodes
Transition 7: 366 BDD nodes
Transition 8: 366 BDD nodes
Transition 9: 129 BDD nodes
Transition 10: 206 BDD nodes
Transition 11: 281 BDD nodes
Transition 12: 31 BDD nodes
Transition 13: 320 BDD nodes
Transition 14: 144 BDD nodes
Transition 15: 586 BDD nodes
Transition 16: 129 BDD nodes
Transition 17: 281 BDD nodes
Transition 18: 318 BDD nodes
Transition 19: 144 BDD nodes
Transition 20: 31 BDD nodes
Level 1... done.
PAR Time: 0.012886
Final states: 0 states
Final states: 84 BDD nodes
[1468138766.027126] [node061:25868:0]         sys.c:744  MXM  WARN  Conflicting CPU frequencies detected, using: 2041.12
[1468138766.011283] [node061:25824:0]         sys.c:744  MXM  WARN  Conflicting CPU frequencies detected, using: 1997.34
