performing reachability, flags: -n 32 -N 16 -shared-heap 8GB --tablesize=26 --cachesize=25  
This is upcrun, job spawner for the Berkeley UPC compiler (http://upc.lbl.gov).
upcrun version 2.22.2
Network conduits supported by this installation: smp mxm ibv
[1467951677.126381] [node008:1466 :0]         sys.c:744  MXM  WARN  Conflicting CPU frequencies detected, using: 2097.28
[1467951677.137418] [node008:1466 :0]         mxm.c:196  MXM  WARN  The 'ulimit -s' on the system is set to 'unlimited'. This may have negative performance implications. Please set the stack size to the default value (10240) 
[1467951677.126381] [node008:1466 :0]         sys.c:744  MXM  WARN  Conflicting CPU frequencies detected, using: 2097.28
[1467951677.136666] [node008:1466 :0]         mxm.c:196  MXM  WARN  The 'ulimit -s' on the system is set to 'unlimited'. This may have negative performance implications. Please set the stack size to the default value (10240) 
[1467951677.480920] [node014:10846:0]         sys.c:744  MXM  WARN  Conflicting CPU frequencies detected, using: 1461.09
[1467951677.487269] [node014:10846:0]         mxm.c:196  MXM  WARN  The 'ulimit -s' on the system is set to 'unlimited'. This may have negative performance implications. Please set the stack size to the default value (10240) 
[1467951677.480920] [node014:10846:0]         sys.c:744  MXM  WARN  Conflicting CPU frequencies detected, using: 1461.09
[1467951677.486987] [node014:10846:0]         mxm.c:196  MXM  WARN  The 'ulimit -s' on the system is set to 'unlimited'. This may have negative performance implications. Please set the stack size to the default value (10240) 
[1467951677.487310] [node019:24198:0]         sys.c:744  MXM  WARN  Conflicting CPU frequencies detected, using: 1678.50
[1467951677.493376] [node019:24198:0]         mxm.c:196  MXM  WARN  The 'ulimit -s' on the system is set to 'unlimited'. This may have negative performance implications. Please set the stack size to the default value (10240) 
[1467951677.487310] [node019:24198:0]         sys.c:744  MXM  WARN  Conflicting CPU frequencies detected, using: 1678.50
[1467951677.493119] [node019:24198:0]         mxm.c:196  MXM  WARN  The 'ulimit -s' on the system is set to 'unlimited'. This may have negative performance implications. Please set the stack size to the default value (10240) 
[1467951677.488733] [node010:30301:0]         sys.c:744  MXM  WARN  Conflicting CPU frequencies detected, using: 1795.78
[1467951677.495206] [node010:30301:0]         mxm.c:196  MXM  WARN  The 'ulimit -s' on the system is set to 'unlimited'. This may have negative performance implications. Please set the stack size to the default value (10240) 
[1467951677.488733] [node010:30301:0]         sys.c:744  MXM  WARN  Conflicting CPU frequencies detected, using: 1795.78
[1467951677.494984] [node010:30301:0]         mxm.c:196  MXM  WARN  The 'ulimit -s' on the system is set to 'unlimited'. This may have negative performance implications. Please set the stack size to the default value (10240) 
[1467951677.489591] [node016:30208:0]         sys.c:744  MXM  WARN  Conflicting CPU frequencies detected, using: 2595.94
[1467951677.496213] [node016:30208:0]         mxm.c:196  MXM  WARN  The 'ulimit -s' on the system is set to 'unlimited'. This may have negative performance implications. Please set the stack size to the default value (10240) 
[1467951677.489591] [node016:30208:0]         sys.c:744  MXM  WARN  Conflicting CPU frequencies detected, using: 2595.94
[1467951677.495799] [node016:30208:0]         mxm.c:196  MXM  WARN  The 'ulimit -s' on the system is set to 'unlimited'. This may have negative performance implications. Please set the stack size to the default value (10240) 
[1467951677.488286] [node021:28257:0]         sys.c:744  MXM  WARN  Conflicting CPU frequencies detected, using: 1792.97
[1467951677.494457] [node021:28257:0]         mxm.c:196  MXM  WARN  The 'ulimit -s' on the system is set to 'unlimited'. This may have negative performance implications. Please set the stack size to the default value (10240) 
[1467951677.488286] [node021:28257:0]         sys.c:744  MXM  WARN  Conflicting CPU frequencies detected, using: 1792.97
[1467951677.494682] [node021:28257:0]         mxm.c:196  MXM  WARN  The 'ulimit -s' on the system is set to 'unlimited'. This may have negative performance implications. Please set the stack size to the default value (10240) 
[1467951677.490878] [node011:30979:0]         sys.c:744  MXM  WARN  Conflicting CPU frequencies detected, using: 1799.44
[1467951677.502724] [node011:30979:0]         mxm.c:196  MXM  WARN  The 'ulimit -s' on the system is set to 'unlimited'. This may have negative performance implications. Please set the stack size to the default value (10240) 
[1467951677.486958] [node018:27333:0]         sys.c:744  MXM  WARN  Conflicting CPU frequencies detected, using: 1395.75
[1467951677.499239] [node018:27333:0]         mxm.c:196  MXM  WARN  The 'ulimit -s' on the system is set to 'unlimited'. This may have negative performance implications. Please set the stack size to the default value (10240) 
[1467951677.487523] [node017:30683:0]         sys.c:744  MXM  WARN  Conflicting CPU frequencies detected, using: 1395.19
[1467951677.498624] [node017:30683:0]         mxm.c:196  MXM  WARN  The 'ulimit -s' on the system is set to 'unlimited'. This may have negative performance implications. Please set the stack size to the default value (10240) 
[1467951677.487523] [node017:30683:0]         sys.c:744  MXM  WARN  Conflicting CPU frequencies detected, using: 1395.19
[1467951677.499359] [node017:30683:0]         mxm.c:196  MXM  WARN  The 'ulimit -s' on the system is set to 'unlimited'. This may have negative performance implications. Please set the stack size to the default value (10240) 
[1467951677.486554] [node013:12864:0]         sys.c:744  MXM  WARN  Conflicting CPU frequencies detected, using: 1510.97
[1467951677.497774] [node013:12864:0]         mxm.c:196  MXM  WARN  The 'ulimit -s' on the system is set to 'unlimited'. This may have negative performance implications. Please set the stack size to the default value (10240) 
[1467951677.486554] [node013:12864:0]         sys.c:744  MXM  WARN  Conflicting CPU frequencies detected, using: 1510.97
[1467951677.498513] [node013:12864:0]         mxm.c:196  MXM  WARN  The 'ulimit -s' on the system is set to 'unlimited'. This may have negative performance implications. Please set the stack size to the default value (10240) 
[1467951677.490608] [node015:8451 :0]         sys.c:744  MXM  WARN  Conflicting CPU frequencies detected, using: 1440.47
[1467951677.502204] [node015:8451 :0]         mxm.c:196  MXM  WARN  The 'ulimit -s' on the system is set to 'unlimited'. This may have negative performance implications. Please set the stack size to the default value (10240) 
[1467951677.492003] [node022:24959:0]         sys.c:744  MXM  WARN  Conflicting CPU frequencies detected, using: 2928.84
[1467951677.503105] [node022:24959:0]         mxm.c:196  MXM  WARN  The 'ulimit -s' on the system is set to 'unlimited'. This may have negative performance implications. Please set the stack size to the default value (10240) 
[1467951677.492003] [node022:24959:0]         sys.c:744  MXM  WARN  Conflicting CPU frequencies detected, using: 2928.84
[1467951677.503863] [node022:24959:0]         mxm.c:196  MXM  WARN  The 'ulimit -s' on the system is set to 'unlimited'. This may have negative performance implications. Please set the stack size to the default value (10240) 
[1467951677.491448] [node009:3737 :0]         sys.c:744  MXM  WARN  Conflicting CPU frequencies detected, using: 1686.19
[1467951677.503345] [node009:3737 :0]         mxm.c:196  MXM  WARN  The 'ulimit -s' on the system is set to 'unlimited'. This may have negative performance implications. Please set the stack size to the default value (10240) 
[1467951677.490608] [node015:8451 :0]         sys.c:744  MXM  WARN  Conflicting CPU frequencies detected, using: 1440.47
[1467951677.502987] [node015:8451 :0]         mxm.c:196  MXM  WARN  The 'ulimit -s' on the system is set to 'unlimited'. This may have negative performance implications. Please set the stack size to the default value (10240) 
[1467951677.488163] [node012:21951:0]         sys.c:744  MXM  WARN  Conflicting CPU frequencies detected, using: 2601.38
[1467951677.500308] [node012:21951:0]         mxm.c:196  MXM  WARN  The 'ulimit -s' on the system is set to 'unlimited'. This may have negative performance implications. Please set the stack size to the default value (10240) 
[1467951677.487835] [node020:12887:0]         sys.c:744  MXM  WARN  Conflicting CPU frequencies detected, using: 2599.97
[1467951677.499981] [node020:12887:0]         mxm.c:196  MXM  WARN  The 'ulimit -s' on the system is set to 'unlimited'. This may have negative performance implications. Please set the stack size to the default value (10240) 
[1467951677.492305] [node023:28189:0]         sys.c:744  MXM  WARN  Conflicting CPU frequencies detected, using: 1797.47
[1467951677.504460] [node023:28189:0]         mxm.c:196  MXM  WARN  The 'ulimit -s' on the system is set to 'unlimited'. This may have negative performance implications. Please set the stack size to the default value (10240) 
[1467951677.492305] [node023:28189:0]         sys.c:744  MXM  WARN  Conflicting CPU frequencies detected, using: 1797.47
[1467951677.503705] [node023:28189:0]         mxm.c:196  MXM  WARN  The 'ulimit -s' on the system is set to 'unlimited'. This may have negative performance implications. Please set the stack size to the default value (10240) 
[1467951677.490878] [node011:30979:0]         sys.c:744  MXM  WARN  Conflicting CPU frequencies detected, using: 1799.44
[1467951677.501937] [node011:30979:0]         mxm.c:196  MXM  WARN  The 'ulimit -s' on the system is set to 'unlimited'. This may have negative performance implications. Please set the stack size to the default value (10240) 
[1467951677.488163] [node012:21951:0]         sys.c:744  MXM  WARN  Conflicting CPU frequencies detected, using: 2601.38
[1467951677.499533] [node012:21951:0]         mxm.c:196  MXM  WARN  The 'ulimit -s' on the system is set to 'unlimited'. This may have negative performance implications. Please set the stack size to the default value (10240) 
[1467951677.486958] [node018:27333:0]         sys.c:744  MXM  WARN  Conflicting CPU frequencies detected, using: 1395.75
[1467951677.498475] [node018:27333:0]         mxm.c:196  MXM  WARN  The 'ulimit -s' on the system is set to 'unlimited'. This may have negative performance implications. Please set the stack size to the default value (10240) 
[1467951677.491448] [node009:3737 :0]         sys.c:744  MXM  WARN  Conflicting CPU frequencies detected, using: 1686.19
[1467951677.502422] [node009:3737 :0]         mxm.c:196  MXM  WARN  The 'ulimit -s' on the system is set to 'unlimited'. This may have negative performance implications. Please set the stack size to the default value (10240) 
[1467951677.487835] [node020:12887:0]         sys.c:744  MXM  WARN  Conflicting CPU frequencies detected, using: 2599.97
[1467951677.499222] [node020:12887:0]         mxm.c:196  MXM  WARN  The 'ulimit -s' on the system is set to 'unlimited'. This may have negative performance implications. Please set the stack size to the default value (10240) 
UPCR: UPC thread  1 of 32 on node008 (pshm node  0 of 16, process  1 of 32, pid=1483)
UPCR: UPC thread  0 of 32 on node008 (pshm node  0 of 16, process  0 of 32, pid=1482)
UPCR: UPC thread  9 of 32 on node012 (pshm node  4 of 16, process  9 of 32, pid=21994)
UPCR: UPC thread  8 of 32 on node012 (pshm node  4 of 16, process  8 of 32, pid=21993)
UPCR: UPC thread  7 of 32 on node011 (pshm node  3 of 16, process  7 of 32, pid=31022)
UPCR: UPC thread  6 of 32 on node011 (pshm node  3 of 16, process  6 of 32, pid=31021)
UPCR: UPC thread 29 of 32 on node022 (pshm node 14 of 16, process 29 of 32, pid=25002)
UPCR: UPC thread 28 of 32 on node022 (pshm node 14 of 16, process 28 of 32, pid=25001)
UPCR: UPC thread 13 of 32 on node014 (pshm node  6 of 16, process 13 of 32, pid=10889)
UPCR: UPC thread 12 of 32 on node014 (pshm node  6 of 16, process 12 of 32, pid=10888)
UPCR: UPC thread 27 of 32 on node021 (pshm node 13 of 16, process 27 of 32, pid=28300)
UPCR: UPC thread 26 of 32 on node021 (pshm node 13 of 16, process 26 of 32, pid=28299)
UPCR: UPC thread 11 of 32 on node013 (pshm node  5 of 16, process 11 of 32, pid=12907)
UPCR: UPC thread 10 of 32 on node013 (pshm node  5 of 16, process 10 of 32, pid=12906)
UPCR: UPC thread 31 of 32 on node023 (pshm node 15 of 16, process 31 of 32, pid=28232)
UPCR: UPC thread 30 of 32 on node023 (pshm node 15 of 16, process 30 of 32, pid=28231)
UPCR: UPC thread  5 of 32 on node010 (pshm node  2 of 16, process  5 of 32, pid=30344)
UPCR: UPC thread  4 of 32 on node010 (pshm node  2 of 16, process  4 of 32, pid=30343)
UPCR: UPC thread 15 of 32 on node015 (pshm node  7 of 16, process 15 of 32, pid=8494)
UPCR: UPC thread 14 of 32 on node015 (pshm node  7 of 16, process 14 of 32, pid=8493)
UPCR: UPC thread 25 of 32 on node020 (pshm node 12 of 16, process 25 of 32, pid=12930)
UPCR: UPC thread 24 of 32 on node020 (pshm node 12 of 16, process 24 of 32, pid=12929)
UPCR: UPC thread  3 of 32 on node009 (pshm node  1 of 16, process  3 of 32, pid=3780)
UPCR: UPC thread  2 of 32 on node009 (pshm node  1 of 16, process  2 of 32, pid=3779)
UPCR: UPC thread 22 of 32 on node019 (pshm node 11 of 16, process 22 of 32, pid=24241)
UPCR: UPC thread 23 of 32 on node019 (pshm node 11 of 16, process 23 of 32, pid=24242)
UPCR: UPC thread 21 of 32 on node018 (pshm node 10 of 16, process 21 of 32, pid=27376)
UPCR: UPC thread 20 of 32 on node018 (pshm node 10 of 16, process 20 of 32, pid=27375)
UPCR: UPC thread 17 of 32 on node016 (pshm node  8 of 16, process 17 of 32, pid=30251)
UPCR: UPC thread 16 of 32 on node016 (pshm node  8 of 16, process 16 of 32, pid=30250)
UPCR: UPC thread 19 of 32 on node017 (pshm node  9 of 16, process 19 of 32, pid=30726)
UPCR: UPC thread 18 of 32 on node017 (pshm node  9 of 16, process 18 of 32, pid=30725)
using a cache granularity of 8
using linear probing in the BDD table
using a memoization table of 2^25 = 33554432 entries (~1280 MB) per thread
using a BDD table of 2^26 = 67108864 entries (~1536 MB) per thread
Initializing /home/oortwijn/distdd/models/beem/leader_filters.5.bdd!
vector size: 28
bits per integer: 4
number of BDD variables: 112
Loading initial states: 
Initial states loaded... 
Loading transition relations... 
28 integers per state, 4 bits per integer, 40 transition groups
BDD nodes:
Initial states: 112 BDD nodes
Transition 0: 137 BDD nodes
Transition 1: 286 BDD nodes
Transition 2: 409 BDD nodes
Transition 3: 142 BDD nodes
Transition 4: 1225 BDD nodes
Transition 5: 137 BDD nodes
Transition 6: 308 BDD nodes
Transition 7: 24 BDD nodes
Transition 8: 137 BDD nodes
Transition 9: 286 BDD nodes
Transition 10: 409 BDD nodes
Transition 11: 142 BDD nodes
Transition 12: 24 BDD nodes
Transition 13: 137 BDD nodes
Transition 14: 1165 BDD nodes
Transition 15: 308 BDD nodes
Transition 16: 1165 BDD nodes
Transition 17: 1165 BDD nodes
Transition 18: 1165 BDD nodes
Transition 19: 2532 BDD nodes
Transition 20: 2532 BDD nodes
Transition 21: 2532 BDD nodes
Transition 22: 137 BDD nodes
Transition 23: 142 BDD nodes
Transition 24: 302 BDD nodes
Transition 25: 748 BDD nodes
Transition 26: 137 BDD nodes
Transition 27: 24 BDD nodes
Transition 28: 522 BDD nodes
Transition 29: 522 BDD nodes
Transition 30: 224 BDD nodes
Transition 31: 302 BDD nodes
Transition 32: 748 BDD nodes
Transition 33: 223 BDD nodes
Transition 34: 24 BDD nodes
Transition 35: 224 BDD nodes
Transition 36: 302 BDD nodes
Transition 37: 747 BDD nodes
Transition 38: 223 BDD nodes
Transition 39: 24 BDD nodes
Level 1... done.
PAR Time: 0.076547
Final states: 9223372036854775808 states
Final states: 112 BDD nodes
[1467951677.492305] [node023:28189:0]         sys.c:744  MXM  WARN  Conflicting CPU frequencies detected, using: 1797.47
[1467951677.488163] [node012:21951:0]         sys.c:744  MXM  WARN  Conflicting CPU frequencies detected, using: 2601.38
[1467951677.492003] [node022:24959:0]         sys.c:744  MXM  WARN  Conflicting CPU frequencies detected, using: 2928.84
[1467951677.487523] [node017:30683:0]         sys.c:744  MXM  WARN  Conflicting CPU frequencies detected, using: 1395.19
[1467951677.489591] [node016:30208:0]         sys.c:744  MXM  WARN  Conflicting CPU frequencies detected, using: 2595.94
[1467951677.487310] [node019:24198:0]         sys.c:744  MXM  WARN  Conflicting CPU frequencies detected, using: 1678.50
[1467951677.491448] [node009:3737 :0]         sys.c:744  MXM  WARN  Conflicting CPU frequencies detected, using: 1686.19
[1467951677.487835] [node020:12887:0]         sys.c:744  MXM  WARN  Conflicting CPU frequencies detected, using: 2599.97
[1467951677.480920] [node014:10846:0]         sys.c:744  MXM  WARN  Conflicting CPU frequencies detected, using: 1461.09
[1467951677.490608] [node015:8451 :0]         sys.c:744  MXM  WARN  Conflicting CPU frequencies detected, using: 1440.47
[1467951677.486958] [node018:27333:0]         sys.c:744  MXM  WARN  Conflicting CPU frequencies detected, using: 1395.75
[1467951677.488733] [node010:30301:0]         sys.c:744  MXM  WARN  Conflicting CPU frequencies detected, using: 1795.78
[1467951677.488286] [node021:28257:0]         sys.c:744  MXM  WARN  Conflicting CPU frequencies detected, using: 1792.97
[1467951677.486554] [node013:12864:0]         sys.c:744  MXM  WARN  Conflicting CPU frequencies detected, using: 1510.97
[1467951677.126381] [node008:1466 :0]         sys.c:744  MXM  WARN  Conflicting CPU frequencies detected, using: 2097.28
[1467951677.490878] [node011:30979:0]         sys.c:744  MXM  WARN  Conflicting CPU frequencies detected, using: 1799.44
[1467951677.107402] [node008:1422 :0]         sys.c:744  MXM  WARN  Conflicting CPU frequencies detected, using: 1997.72
