performing reachability, flags: -n 32 -N 16 -shared-heap 8GB --tablesize=26 --cachesize=25  
This is upcrun, job spawner for the Berkeley UPC compiler (http://upc.lbl.gov).
upcrun version 2.22.2
Network conduits supported by this installation: smp mxm ibv
[1467952229.110938] [node008:7006 :0]         sys.c:744  MXM  WARN  Conflicting CPU frequencies detected, using: 1798.59
[1467952229.122375] [node008:7006 :0]         mxm.c:196  MXM  WARN  The 'ulimit -s' on the system is set to 'unlimited'. This may have negative performance implications. Please set the stack size to the default value (10240) 
[1467952229.110938] [node008:7006 :0]         sys.c:744  MXM  WARN  Conflicting CPU frequencies detected, using: 1798.59
[1467952229.121637] [node008:7006 :0]         mxm.c:196  MXM  WARN  The 'ulimit -s' on the system is set to 'unlimited'. This may have negative performance implications. Please set the stack size to the default value (10240) 
[1467952229.466996] [node016:932  :0]         sys.c:744  MXM  WARN  Conflicting CPU frequencies detected, using: 1695.75
[1467952229.473084] [node016:932  :0]         mxm.c:196  MXM  WARN  The 'ulimit -s' on the system is set to 'unlimited'. This may have negative performance implications. Please set the stack size to the default value (10240) 
[1467952229.464019] [node021:31391:0]         sys.c:744  MXM  WARN  Conflicting CPU frequencies detected, using: 1789.50
[1467952229.470395] [node021:31391:0]         mxm.c:196  MXM  WARN  The 'ulimit -s' on the system is set to 'unlimited'. This may have negative performance implications. Please set the stack size to the default value (10240) 
[1467952229.464019] [node021:31391:0]         sys.c:744  MXM  WARN  Conflicting CPU frequencies detected, using: 1789.50
[1467952229.470146] [node021:31391:0]         mxm.c:196  MXM  WARN  The 'ulimit -s' on the system is set to 'unlimited'. This may have negative performance implications. Please set the stack size to the default value (10240) 
[1467952229.466996] [node016:932  :0]         sys.c:744  MXM  WARN  Conflicting CPU frequencies detected, using: 1695.75
[1467952229.473313] [node016:932  :0]         mxm.c:196  MXM  WARN  The 'ulimit -s' on the system is set to 'unlimited'. This may have negative performance implications. Please set the stack size to the default value (10240) 
[1467952229.465903] [node010:1023 :0]         sys.c:744  MXM  WARN  Conflicting CPU frequencies detected, using: 2599.88
[1467952229.472067] [node010:1023 :0]         mxm.c:196  MXM  WARN  The 'ulimit -s' on the system is set to 'unlimited'. This may have negative performance implications. Please set the stack size to the default value (10240) 
[1467952229.465903] [node010:1023 :0]         sys.c:744  MXM  WARN  Conflicting CPU frequencies detected, using: 2599.88
[1467952229.472311] [node010:1023 :0]         mxm.c:196  MXM  WARN  The 'ulimit -s' on the system is set to 'unlimited'. This may have negative performance implications. Please set the stack size to the default value (10240) 
[1467952229.483878] [node019:27326:0]         sys.c:744  MXM  WARN  Conflicting CPU frequencies detected, using: 1797.00
[1467952229.489999] [node019:27326:0]         mxm.c:196  MXM  WARN  The 'ulimit -s' on the system is set to 'unlimited'. This may have negative performance implications. Please set the stack size to the default value (10240) 
[1467952229.483878] [node019:27326:0]         sys.c:744  MXM  WARN  Conflicting CPU frequencies detected, using: 1797.00
[1467952229.490428] [node019:27326:0]         mxm.c:196  MXM  WARN  The 'ulimit -s' on the system is set to 'unlimited'. This may have negative performance implications. Please set the stack size to the default value (10240) 
[1467952229.480170] [node014:13987:0]         sys.c:744  MXM  WARN  Conflicting CPU frequencies detected, using: 1899.56
[1467952229.486350] [node014:13987:0]         mxm.c:196  MXM  WARN  The 'ulimit -s' on the system is set to 'unlimited'. This may have negative performance implications. Please set the stack size to the default value (10240) 
[1467952229.480170] [node014:13987:0]         sys.c:744  MXM  WARN  Conflicting CPU frequencies detected, using: 1899.56
[1467952229.486119] [node014:13987:0]         mxm.c:196  MXM  WARN  The 'ulimit -s' on the system is set to 'unlimited'. This may have negative performance implications. Please set the stack size to the default value (10240) 
[1467952229.477826] [node012:25083:0]         sys.c:744  MXM  WARN  Conflicting CPU frequencies detected, using: 1797.38
[1467952229.488996] [node012:25083:0]         mxm.c:196  MXM  WARN  The 'ulimit -s' on the system is set to 'unlimited'. This may have negative performance implications. Please set the stack size to the default value (10240) 
[1467952229.466262] [node013:16000:0]         sys.c:744  MXM  WARN  Conflicting CPU frequencies detected, using: 1488.00
[1467952229.478366] [node013:16000:0]         mxm.c:196  MXM  WARN  The 'ulimit -s' on the system is set to 'unlimited'. This may have negative performance implications. Please set the stack size to the default value (10240) 
[1467952229.477826] [node012:25083:0]         sys.c:744  MXM  WARN  Conflicting CPU frequencies detected, using: 1797.38
[1467952229.489841] [node012:25083:0]         mxm.c:196  MXM  WARN  The 'ulimit -s' on the system is set to 'unlimited'. This may have negative performance implications. Please set the stack size to the default value (10240) 
[1467952229.477411] [node018:30464:0]         sys.c:744  MXM  WARN  Conflicting CPU frequencies detected, using: 1777.97
[1467952229.488561] [node018:30464:0]         mxm.c:196  MXM  WARN  The 'ulimit -s' on the system is set to 'unlimited'. This may have negative performance implications. Please set the stack size to the default value (10240) 
[1467952229.455425] [node009:6869 :0]         sys.c:744  MXM  WARN  Conflicting CPU frequencies detected, using: 1819.03
[1467952229.467661] [node009:6869 :0]         mxm.c:196  MXM  WARN  The 'ulimit -s' on the system is set to 'unlimited'. This may have negative performance implications. Please set the stack size to the default value (10240) 
[1467952229.479564] [node011:1701 :0]         sys.c:744  MXM  WARN  Conflicting CPU frequencies detected, using: 1694.81
[1467952229.490829] [node011:1701 :0]         mxm.c:196  MXM  WARN  The 'ulimit -s' on the system is set to 'unlimited'. This may have negative performance implications. Please set the stack size to the default value (10240) 
[1467952229.467733] [node017:1409 :0]         sys.c:744  MXM  WARN  Conflicting CPU frequencies detected, using: 1434.09
[1467952229.478904] [node017:1409 :0]         mxm.c:196  MXM  WARN  The 'ulimit -s' on the system is set to 'unlimited'. This may have negative performance implications. Please set the stack size to the default value (10240) 
[1467952229.465561] [node020:16032:0]         sys.c:744  MXM  WARN  Conflicting CPU frequencies detected, using: 1487.72
[1467952229.477346] [node020:16032:0]         mxm.c:196  MXM  WARN  The 'ulimit -s' on the system is set to 'unlimited'. This may have negative performance implications. Please set the stack size to the default value (10240) 
[1467952229.472345] [node022:28090:0]         sys.c:744  MXM  WARN  Conflicting CPU frequencies detected, using: 1547.62
[1467952229.484016] [node022:28090:0]         mxm.c:196  MXM  WARN  The 'ulimit -s' on the system is set to 'unlimited'. This may have negative performance implications. Please set the stack size to the default value (10240) 
[1467952229.477411] [node018:30464:0]         sys.c:744  MXM  WARN  Conflicting CPU frequencies detected, using: 1777.97
[1467952229.489335] [node018:30464:0]         mxm.c:196  MXM  WARN  The 'ulimit -s' on the system is set to 'unlimited'. This may have negative performance implications. Please set the stack size to the default value (10240) 
[1467952229.470847] [node015:11581:0]         sys.c:744  MXM  WARN  Conflicting CPU frequencies detected, using: 1493.25
[1467952229.482938] [node015:11581:0]         mxm.c:196  MXM  WARN  The 'ulimit -s' on the system is set to 'unlimited'. This may have negative performance implications. Please set the stack size to the default value (10240) 
[1467952229.479564] [node011:1701 :0]         sys.c:744  MXM  WARN  Conflicting CPU frequencies detected, using: 1694.81
[1467952229.491602] [node011:1701 :0]         mxm.c:196  MXM  WARN  The 'ulimit -s' on the system is set to 'unlimited'. This may have negative performance implications. Please set the stack size to the default value (10240) 
[1467952229.467733] [node017:1409 :0]         sys.c:744  MXM  WARN  Conflicting CPU frequencies detected, using: 1434.09
[1467952229.479656] [node017:1409 :0]         mxm.c:196  MXM  WARN  The 'ulimit -s' on the system is set to 'unlimited'. This may have negative performance implications. Please set the stack size to the default value (10240) 
[1467952229.473192] [node023:31322:0]         sys.c:744  MXM  WARN  Conflicting CPU frequencies detected, using: 1492.88
[1467952229.485126] [node023:31322:0]         mxm.c:196  MXM  WARN  The 'ulimit -s' on the system is set to 'unlimited'. This may have negative performance implications. Please set the stack size to the default value (10240) 
[1467952229.472345] [node022:28090:0]         sys.c:744  MXM  WARN  Conflicting CPU frequencies detected, using: 1547.62
[1467952229.483246] [node022:28090:0]         mxm.c:196  MXM  WARN  The 'ulimit -s' on the system is set to 'unlimited'. This may have negative performance implications. Please set the stack size to the default value (10240) 
[1467952229.455425] [node009:6869 :0]         sys.c:744  MXM  WARN  Conflicting CPU frequencies detected, using: 1819.03
[1467952229.466882] [node009:6869 :0]         mxm.c:196  MXM  WARN  The 'ulimit -s' on the system is set to 'unlimited'. This may have negative performance implications. Please set the stack size to the default value (10240) 
[1467952229.466262] [node013:16000:0]         sys.c:744  MXM  WARN  Conflicting CPU frequencies detected, using: 1488.00
[1467952229.477366] [node013:16000:0]         mxm.c:196  MXM  WARN  The 'ulimit -s' on the system is set to 'unlimited'. This may have negative performance implications. Please set the stack size to the default value (10240) 
[1467952229.465561] [node020:16032:0]         sys.c:744  MXM  WARN  Conflicting CPU frequencies detected, using: 1487.72
[1467952229.476620] [node020:16032:0]         mxm.c:196  MXM  WARN  The 'ulimit -s' on the system is set to 'unlimited'. This may have negative performance implications. Please set the stack size to the default value (10240) 
[1467952229.470847] [node015:11581:0]         sys.c:744  MXM  WARN  Conflicting CPU frequencies detected, using: 1493.25
[1467952229.482165] [node015:11581:0]         mxm.c:196  MXM  WARN  The 'ulimit -s' on the system is set to 'unlimited'. This may have negative performance implications. Please set the stack size to the default value (10240) 
[1467952229.473192] [node023:31322:0]         sys.c:744  MXM  WARN  Conflicting CPU frequencies detected, using: 1492.88
[1467952229.484378] [node023:31322:0]         mxm.c:196  MXM  WARN  The 'ulimit -s' on the system is set to 'unlimited'. This may have negative performance implications. Please set the stack size to the default value (10240) 
UPCR: UPC thread  1 of 32 on node008 (pshm node  0 of 16, process  1 of 32, pid=7023)
UPCR: UPC thread  0 of 32 on node008 (pshm node  0 of 16, process  0 of 32, pid=7022)
UPCR: UPC thread 17 of 32 on node016 (pshm node  8 of 16, process 17 of 32, pid=975)
UPCR: UPC thread 16 of 32 on node016 (pshm node  8 of 16, process 16 of 32, pid=974)
UPCR: UPC thread 21 of 32 on node018 (pshm node 10 of 16, process 21 of 32, pid=30507)
UPCR: UPC thread 20 of 32 on node018 (pshm node 10 of 16, process 20 of 32, pid=30506)
UPCR: UPC thread  5 of 32 on node010 (pshm node  2 of 16, process  5 of 32, pid=1066)
UPCR: UPC thread  4 of 32 on node010 (pshm node  2 of 16, process  4 of 32, pid=1065)
UPCR: UPC thread  3 of 32 on node009 (pshm node  1 of 16, process  3 of 32, pid=6912)
UPCR: UPC thread  2 of 32 on node009 (pshm node  1 of 16, process  2 of 32, pid=6911)
UPCR: UPC thread 23 of 32 on node019 (pshm node 11 of 16, process 23 of 32, pid=27369)
UPCR: UPC thread 22 of 32 on node019 (pshm node 11 of 16, process 22 of 32, pid=27368)
UPCR: UPC thread 15 of 32 on node015 (pshm node  7 of 16, process 15 of 32, pid=11624)
UPCR: UPC thread 14 of 32 on node015 (pshm node  7 of 16, process 14 of 32, pid=11623)
UPCR: UPC thread  6 of 32 on node011 (pshm node  3 of 16, process  6 of 32, pid=1743)
UPCR: UPC thread  7 of 32 on node011 (pshm node  3 of 16, process  7 of 32, pid=1744)
UPCR: UPC thread  9 of 32 on node012 (pshm node  4 of 16, process  9 of 32, pid=25126)
UPCR: UPC thread  8 of 32 on node012 (pshm node  4 of 16, process  8 of 32, pid=25125)
UPCR: UPC thread 19 of 32 on node017 (pshm node  9 of 16, process 19 of 32, pid=1452)
UPCR: UPC thread 18 of 32 on node017 (pshm node  9 of 16, process 18 of 32, pid=1451)
UPCR: UPC thread 31 of 32 on node023 (pshm node 15 of 16, process 31 of 32, pid=31365)
UPCR: UPC thread 30 of 32 on node023 (pshm node 15 of 16, process 30 of 32, pid=31364)
UPCR: UPC thread 25 of 32 on node020 (pshm node 12 of 16, process 25 of 32, pid=16075)
UPCR: UPC thread 24 of 32 on node020 (pshm node 12 of 16, process 24 of 32, pid=16074)
UPCR: UPC thread 11 of 32 on node013 (pshm node  5 of 16, process 11 of 32, pid=16043)
UPCR: UPC thread 10 of 32 on node013 (pshm node  5 of 16, process 10 of 32, pid=16042)
UPCR: UPC thread 13 of 32 on node014 (pshm node  6 of 16, process 13 of 32, pid=14030)
UPCR: UPC thread 12 of 32 on node014 (pshm node  6 of 16, process 12 of 32, pid=14029)
UPCR: UPC thread 29 of 32 on node022 (pshm node 14 of 16, process 29 of 32, pid=28133)
UPCR: UPC thread 28 of 32 on node022 (pshm node 14 of 16, process 28 of 32, pid=28132)
UPCR: UPC thread 26 of 32 on node021 (pshm node 13 of 16, process 26 of 32, pid=31433)
UPCR: UPC thread 27 of 32 on node021 (pshm node 13 of 16, process 27 of 32, pid=31434)
using a cache granularity of 8
using linear probing in the BDD table
using a memoization table of 2^25 = 33554432 entries (~1280 MB) per thread
using a BDD table of 2^26 = 67108864 entries (~1536 MB) per thread
Initializing /home/oortwijn/distdd/models/beem/lifts.4.bdd!
vector size: 29
bits per integer: 6
number of BDD variables: 174
Loading initial states: 
Initial states loaded... 
Loading transition relations... 
29 integers per state, 6 bits per integer, 90 transition groups
BDD nodes:
Initial states: 174 BDD nodes
Transition 0: 77 BDD nodes
Transition 1: 199 BDD nodes
Transition 2: 345 BDD nodes
Transition 3: 275 BDD nodes
Transition 4: 70 BDD nodes
Transition 5: 100 BDD nodes
Transition 6: 46 BDD nodes
Transition 7: 70 BDD nodes
Transition 8: 100 BDD nodes
Transition 9: 46 BDD nodes
Transition 10: 53 BDD nodes
Transition 11: 1982 BDD nodes
Transition 12: 60 BDD nodes
Transition 13: 223 BDD nodes
Transition 14: 73 BDD nodes
Transition 15: 0 BDD nodes
Transition 16: 79 BDD nodes
Transition 17: 0 BDD nodes
Transition 18: 157 BDD nodes
Transition 19: 151 BDD nodes
Transition 20: 0 BDD nodes
Transition 21: 0 BDD nodes
Transition 22: 156 BDD nodes
Transition 23: 0 BDD nodes
Transition 24: 0 BDD nodes
Transition 25: 78 BDD nodes
Transition 26: 236 BDD nodes
Transition 27: 94 BDD nodes
Transition 28: 418 BDD nodes
Transition 29: 52 BDD nodes
Transition 30: 239 BDD nodes
Transition 31: 0 BDD nodes
Transition 32: 53 BDD nodes
Transition 33: 1950 BDD nodes
Transition 34: 77 BDD nodes
Transition 35: 62 BDD nodes
Transition 36: 223 BDD nodes
Transition 37: 73 BDD nodes
Transition 38: 0 BDD nodes
Transition 39: 79 BDD nodes
Transition 40: 151 BDD nodes
Transition 41: 0 BDD nodes
Transition 42: 157 BDD nodes
Transition 43: 78 BDD nodes
Transition 44: 0 BDD nodes
Transition 45: 0 BDD nodes
Transition 46: 0 BDD nodes
Transition 47: 0 BDD nodes
Transition 48: 156 BDD nodes
Transition 49: 199 BDD nodes
Transition 50: 345 BDD nodes
Transition 51: 94 BDD nodes
Transition 52: 236 BDD nodes
Transition 53: 418 BDD nodes
Transition 54: 235 BDD nodes
Transition 55: 52 BDD nodes
Transition 56: 0 BDD nodes
Transition 57: 239 BDD nodes
Transition 58: 159 BDD nodes
Transition 59: 0 BDD nodes
Transition 60: 172 BDD nodes
Transition 61: 0 BDD nodes
Transition 62: 91 BDD nodes
Transition 63: 78 BDD nodes
Transition 64: 0 BDD nodes
Transition 65: 91 BDD nodes
Transition 66: 0 BDD nodes
Transition 67: 0 BDD nodes
Transition 68: 0 BDD nodes
Transition 69: 172 BDD nodes
Transition 70: 84 BDD nodes
Transition 71: 60 BDD nodes
Transition 72: 70 BDD nodes
Transition 73: 349 BDD nodes
Transition 74: 187 BDD nodes
Transition 75: 202 BDD nodes
Transition 76: 370 BDD nodes
Transition 77: 94 BDD nodes
Transition 78: 336 BDD nodes
Transition 79: 84 BDD nodes
Transition 80: 168 BDD nodes
Transition 81: 1653 BDD nodes
Transition 82: 95 BDD nodes
Transition 83: 53 BDD nodes
Transition 84: 46 BDD nodes
Transition 85: 219 BDD nodes
Transition 86: 52 BDD nodes
Transition 87: 0 BDD nodes
Transition 88: 150 BDD nodes
Transition 89: 280 BDD nodes
Level 1... done.
Level 2... done.
PAR Time: 0.030070
Final states: 0 states
Final states: 0 BDD nodes
[1467952229.473192] [node023:31322:0]         sys.c:744  MXM  WARN  Conflicting CPU frequencies detected, using: 1492.88
[1467952229.477411] [node018:30464:0]         sys.c:744  MXM  WARN  Conflicting CPU frequencies detected, using: 1777.97
[1467952229.470847] [node015:11581:0]         sys.c:744  MXM  WARN  Conflicting CPU frequencies detected, using: 1493.25
[1467952229.472345] [node022:28090:0]         sys.c:744  MXM  WARN  Conflicting CPU frequencies detected, using: 1547.62
[1467952229.467733] [node017:1409 :0]         sys.c:744  MXM  WARN  Conflicting CPU frequencies detected, using: 1434.09
[1467952229.455425] [node009:6869 :0]         sys.c:744  MXM  WARN  Conflicting CPU frequencies detected, using: 1819.03
[1467952229.466996] [node016:932  :0]         sys.c:744  MXM  WARN  Conflicting CPU frequencies detected, using: 1695.75
[1467952229.477826] [node012:25083:0]         sys.c:744  MXM  WARN  Conflicting CPU frequencies detected, using: 1797.38
[1467952229.480170] [node014:13987:0]         sys.c:744  MXM  WARN  Conflicting CPU frequencies detected, using: 1899.56
[1467952229.466262] [node013:16000:0]         sys.c:744  MXM  WARN  Conflicting CPU frequencies detected, using: 1488.00
[1467952229.465903] [node010:1023 :0]         sys.c:744  MXM  WARN  Conflicting CPU frequencies detected, using: 2599.88
[1467952229.465561] [node020:16032:0]         sys.c:744  MXM  WARN  Conflicting CPU frequencies detected, using: 1487.72
[1467952229.110938] [node008:7006 :0]         sys.c:744  MXM  WARN  Conflicting CPU frequencies detected, using: 1798.59
[1467952229.483878] [node019:27326:0]         sys.c:744  MXM  WARN  Conflicting CPU frequencies detected, using: 1797.00
[1467952229.464019] [node021:31391:0]         sys.c:744  MXM  WARN  Conflicting CPU frequencies detected, using: 1789.50
[1467952229.479564] [node011:1701 :0]         sys.c:744  MXM  WARN  Conflicting CPU frequencies detected, using: 1694.81
[1467952229.091503] [node008:6962 :0]         sys.c:744  MXM  WARN  Conflicting CPU frequencies detected, using: 1694.91
