performing reachability, flags: -n 16 -N 16 -shared-heap 16GB --tablesize=27 --cachesize=26  
This is upcrun, job spawner for the Berkeley UPC compiler (http://upc.lbl.gov).
upcrun version 2.22.2
Network conduits supported by this installation: smp mxm ibv
[1468098404.855091] [node008:15243:0]         sys.c:744  MXM  WARN  Conflicting CPU frequencies detected, using: 2568.66
[1468098404.863532] [node008:15243:0]         mxm.c:196  MXM  WARN  The 'ulimit -s' on the system is set to 'unlimited'. This may have negative performance implications. Please set the stack size to the default value (10240) 
[1468098405.207545] [node014:5951 :0]         sys.c:744  MXM  WARN  Conflicting CPU frequencies detected, using: 1514.06
[1468098405.213655] [node014:5951 :0]         mxm.c:196  MXM  WARN  The 'ulimit -s' on the system is set to 'unlimited'. This may have negative performance implications. Please set the stack size to the default value (10240) 
[1468098405.207290] [node019:30243:0]         sys.c:744  MXM  WARN  Conflicting CPU frequencies detected, using: 1777.69
[1468098405.213533] [node019:30243:0]         mxm.c:196  MXM  WARN  The 'ulimit -s' on the system is set to 'unlimited'. This may have negative performance implications. Please set the stack size to the default value (10240) 
[1468098405.218179] [node010:12919:0]         sys.c:744  MXM  WARN  Conflicting CPU frequencies detected, using: 1489.78
[1468098405.224370] [node010:12919:0]         mxm.c:196  MXM  WARN  The 'ulimit -s' on the system is set to 'unlimited'. This may have negative performance implications. Please set the stack size to the default value (10240) 
[1468098405.217042] [node016:27978:0]         sys.c:744  MXM  WARN  Conflicting CPU frequencies detected, using: 2016.47
[1468098405.223092] [node016:27978:0]         mxm.c:196  MXM  WARN  The 'ulimit -s' on the system is set to 'unlimited'. This may have negative performance implications. Please set the stack size to the default value (10240) 
[1468098405.196782] [node015:28290:0]         sys.c:744  MXM  WARN  Conflicting CPU frequencies detected, using: 2615.62
[1468098405.204969] [node015:28290:0]         mxm.c:196  MXM  WARN  The 'ulimit -s' on the system is set to 'unlimited'. This may have negative performance implications. Please set the stack size to the default value (10240) 
[1468098405.210135] [node012:17301:0]         sys.c:744  MXM  WARN  Conflicting CPU frequencies detected, using: 1894.88
[1468098405.219226] [node012:17301:0]         mxm.c:196  MXM  WARN  The 'ulimit -s' on the system is set to 'unlimited'. This may have negative performance implications. Please set the stack size to the default value (10240) 
[1468098405.222472] [node017:19016:0]         sys.c:744  MXM  WARN  Conflicting CPU frequencies detected, using: 2805.75
[1468098405.231500] [node017:19016:0]         mxm.c:196  MXM  WARN  The 'ulimit -s' on the system is set to 'unlimited'. This may have negative performance implications. Please set the stack size to the default value (10240) 
[1468098405.223626] [node018:7002 :0]         sys.c:744  MXM  WARN  Conflicting CPU frequencies detected, using: 2243.53
[1468098405.232229] [node018:7002 :0]         mxm.c:196  MXM  WARN  The 'ulimit -s' on the system is set to 'unlimited'. This may have negative performance implications. Please set the stack size to the default value (10240) 
[1468098405.218148] [node011:19994:0]         sys.c:744  MXM  WARN  Conflicting CPU frequencies detected, using: 2589.84
[1468098405.227144] [node011:19994:0]         mxm.c:196  MXM  WARN  The 'ulimit -s' on the system is set to 'unlimited'. This may have negative performance implications. Please set the stack size to the default value (10240) 
[1468098405.215664] [node021:22260:0]         sys.c:744  MXM  WARN  Conflicting CPU frequencies detected, using: 2779.41
[1468098405.221800] [node021:22260:0]         mxm.c:196  MXM  WARN  The 'ulimit -s' on the system is set to 'unlimited'. This may have negative performance implications. Please set the stack size to the default value (10240) 
[1468098405.199069] [node013:27515:0]         sys.c:744  MXM  WARN  Conflicting CPU frequencies detected, using: 2732.62
[1468098405.207916] [node013:27515:0]         mxm.c:196  MXM  WARN  The 'ulimit -s' on the system is set to 'unlimited'. This may have negative performance implications. Please set the stack size to the default value (10240) 
[1468098405.209857] [node022:19563:0]         sys.c:744  MXM  WARN  Conflicting CPU frequencies detected, using: 2901.09
[1468098405.218679] [node022:19563:0]         mxm.c:196  MXM  WARN  The 'ulimit -s' on the system is set to 'unlimited'. This may have negative performance implications. Please set the stack size to the default value (10240) 
[1468098405.203573] [node009:15854:0]         sys.c:744  MXM  WARN  Conflicting CPU frequencies detected, using: 1390.78
[1468098405.212462] [node009:15854:0]         mxm.c:196  MXM  WARN  The 'ulimit -s' on the system is set to 'unlimited'. This may have negative performance implications. Please set the stack size to the default value (10240) 
[1468098405.214666] [node023:25053:0]         sys.c:744  MXM  WARN  Conflicting CPU frequencies detected, using: 1994.91
[1468098405.223639] [node023:25053:0]         mxm.c:196  MXM  WARN  The 'ulimit -s' on the system is set to 'unlimited'. This may have negative performance implications. Please set the stack size to the default value (10240) 
[1468098405.215345] [node020:9510 :0]         sys.c:744  MXM  WARN  Conflicting CPU frequencies detected, using: 2552.62
[1468098405.224298] [node020:9510 :0]         mxm.c:196  MXM  WARN  The 'ulimit -s' on the system is set to 'unlimited'. This may have negative performance implications. Please set the stack size to the default value (10240) 
UPCR: UPC thread  0 of 16 on node008 (pshm node  0 of 16, process  0 of 16, pid=15259)
UPCR: UPC thread 15 of 16 on node023 (pshm node 15 of 16, process 15 of 16, pid=25095)
UPCR: UPC thread  1 of 16 on node009 (pshm node  1 of 16, process  1 of 16, pid=15896)
UPCR: UPC thread 14 of 16 on node022 (pshm node 14 of 16, process 14 of 16, pid=19605)
UPCR: UPC thread  3 of 16 on node011 (pshm node  3 of 16, process  3 of 16, pid=20036)
UPCR: UPC thread 13 of 16 on node021 (pshm node 13 of 16, process 13 of 16, pid=22302)
UPCR: UPC thread  6 of 16 on node014 (pshm node  6 of 16, process  6 of 16, pid=5993)
UPCR: UPC thread  4 of 16 on node012 (pshm node  4 of 16, process  4 of 16, pid=17343)
UPCR: UPC thread  5 of 16 on node013 (pshm node  5 of 16, process  5 of 16, pid=27557)
UPCR: UPC thread  2 of 16 on node010 (pshm node  2 of 16, process  2 of 16, pid=12961)
UPCR: UPC thread 11 of 16 on node019 (pshm node 11 of 16, process 11 of 16, pid=30285)
UPCR: UPC thread  7 of 16 on node015 (pshm node  7 of 16, process  7 of 16, pid=28332)
UPCR: UPC thread 12 of 16 on node020 (pshm node 12 of 16, process 12 of 16, pid=9552)
UPCR: UPC thread 10 of 16 on node018 (pshm node 10 of 16, process 10 of 16, pid=7044)
UPCR: UPC thread  9 of 16 on node017 (pshm node  9 of 16, process  9 of 16, pid=19058)
UPCR: UPC thread  8 of 16 on node016 (pshm node  8 of 16, process  8 of 16, pid=28020)
using a cache granularity of 8
using linear probing in the BDD table
using a memoization table of 2^26 = 67108864 entries (~2560 MB) per thread
using a BDD table of 2^27 = 134217728 entries (~3072 MB) per thread
Initializing /home/oortwijn/distdd/models/beem/loyd.2.bdd!
vector size: 13
bits per integer: 4
number of BDD variables: 52
Loading initial states: 
Initial states loaded... 
Loading transition relations... 
13 integers per state, 4 bits per integer, 3 transition groups
BDD nodes:
Initial states: 52 BDD nodes
Transition 0: 188774 BDD nodes
Transition 1: 123816 BDD nodes
Transition 2: 96 BDD nodes
Level 1... done.
Level 2... done.
Level 3... done.
Level 4... done.
Level 5... done.
Level 6... done.
Level 7... done.
Level 8... done.
Level 9... done.
Level 10... done.
Level 11... done.
Level 12... done.
Level 13... done.
Level 14... done.
Level 15... done.
Level 16... done.
Level 17... done.
Level 18... done.
Level 19... done.
Level 20... done.
Level 21... done.
Level 22... done.
Level 23... done.
Level 24... done.
Level 25... done.
Level 26... done.
Level 27... done.
Level 28... done.
Level 29... done.
Level 30... done.
Level 31... done.
Level 32... done.
Level 33... done.
Level 34... done.
Level 35... done.
Level 36... done.
Level 37... done.
Level 38... done.
Level 39... done.
Level 40... done.
Level 41... done.
Level 42... done.
Level 43... done.
Level 44... done.
Level 45... done.
Level 46... done.
Level 47... done.
Level 48... done.
Level 49... done.
Level 50... done.
Level 51... done.
Level 52... done.
Level 53... done.
Level 54... done.
Level 55... done.
Level 56... done.
Level 57... done.
Level 58... done.
Level 59... done.
Level 60... done.
Level 61... done.
PAR Time: 6.475524
Final states: 362880 states
Final states: 19521 BDD nodes
[1468098405.214666] [node023:25053:0]         sys.c:744  MXM  WARN  Conflicting CPU frequencies detected, using: 1994.91
[1468098405.223626] [node018:7002 :0]         sys.c:744  MXM  WARN  Conflicting CPU frequencies detected, using: 2243.53
[1468098405.196782] [node015:28290:0]         sys.c:744  MXM  WARN  Conflicting CPU frequencies detected, using: 2615.62
[1468098405.210135] [node012:17301:0]         sys.c:744  MXM  WARN  Conflicting CPU frequencies detected, using: 1894.88
[1468098405.209857] [node022:19563:0]         sys.c:744  MXM  WARN  Conflicting CPU frequencies detected, using: 2901.09
[1468098405.203573] [node009:15854:0]         sys.c:744  MXM  WARN  Conflicting CPU frequencies detected, using: 1390.78
[1468098405.215345] [node020:9510 :0]         sys.c:744  MXM  WARN  Conflicting CPU frequencies detected, using: 2552.62
[1468098405.218179] [node010:12919:0]         sys.c:744  MXM  WARN  Conflicting CPU frequencies detected, using: 1489.78
[1468098405.222472] [node017:19016:0]         sys.c:744  MXM  WARN  Conflicting CPU frequencies detected, using: 2805.75
[1468098405.207545] [node014:5951 :0]         sys.c:744  MXM  WARN  Conflicting CPU frequencies detected, using: 1514.06
[1468098405.218148] [node011:19994:0]         sys.c:744  MXM  WARN  Conflicting CPU frequencies detected, using: 2589.84
[1468098405.215664] [node021:22260:0]         sys.c:744  MXM  WARN  Conflicting CPU frequencies detected, using: 2779.41
[1468098405.207290] [node019:30243:0]         sys.c:744  MXM  WARN  Conflicting CPU frequencies detected, using: 1777.69
[1468098405.199069] [node013:27515:0]         sys.c:744  MXM  WARN  Conflicting CPU frequencies detected, using: 2732.62
[1468098404.855091] [node008:15243:0]         sys.c:744  MXM  WARN  Conflicting CPU frequencies detected, using: 2568.66
[1468098405.217042] [node016:27978:0]         sys.c:744  MXM  WARN  Conflicting CPU frequencies detected, using: 2016.47
[1468098404.835126] [node008:15199:0]         sys.c:744  MXM  WARN  Conflicting CPU frequencies detected, using: 2568.66
