performing reachability, flags: -n 4 -N 2 -shared-heap 8GB --tablesize=26 --cachesize=25  
This is upcrun, job spawner for the Berkeley UPC compiler (http://upc.lbl.gov).
upcrun version 2.22.2
Network conduits supported by this installation: smp mxm ibv
[1467960593.588782] [node010:28708:0]         sys.c:744  MXM  WARN  Conflicting CPU frequencies detected, using: 2198.06
[1467960593.594368] [node010:28708:0]         mxm.c:196  MXM  WARN  The 'ulimit -s' on the system is set to 'unlimited'. This may have negative performance implications. Please set the stack size to the default value (10240) 
[1467960593.588782] [node010:28708:0]         sys.c:744  MXM  WARN  Conflicting CPU frequencies detected, using: 2198.06
[1467960593.594518] [node010:28708:0]         mxm.c:196  MXM  WARN  The 'ulimit -s' on the system is set to 'unlimited'. This may have negative performance implications. Please set the stack size to the default value (10240) 
[1467960593.944941] [node011:26331:0]         sys.c:744  MXM  WARN  Conflicting CPU frequencies detected, using: 2040.19
[1467960593.956873] [node011:26331:0]         mxm.c:196  MXM  WARN  The 'ulimit -s' on the system is set to 'unlimited'. This may have negative performance implications. Please set the stack size to the default value (10240) 
[1467960593.944941] [node011:26331:0]         sys.c:744  MXM  WARN  Conflicting CPU frequencies detected, using: 2040.19
[1467960593.956125] [node011:26331:0]         mxm.c:196  MXM  WARN  The 'ulimit -s' on the system is set to 'unlimited'. This may have negative performance implications. Please set the stack size to the default value (10240) 
UPCR: UPC thread 1 of 4 on node010 (pshm node 0 of 2, process 1 of 4, pid=28711)
UPCR: UPC thread 0 of 4 on node010 (pshm node 0 of 2, process 0 of 4, pid=28710)
UPCR: UPC thread 2 of 4 on node011 (pshm node 1 of 2, process 2 of 4, pid=26373)
UPCR: UPC thread 3 of 4 on node011 (pshm node 1 of 2, process 3 of 4, pid=26374)
using a cache granularity of 8
using linear probing in the BDD table
using a memoization table of 2^25 = 33554432 entries (~1280 MB) per thread
using a BDD table of 2^26 = 67108864 entries (~1536 MB) per thread
Initializing /home/oortwijn/distdd/models/beem/lup.1.bdd!
vector size: 6
bits per integer: 3
number of BDD variables: 18
Loading initial states: 
Initial states loaded... 
Loading transition relations... 
6 integers per state, 3 bits per integer, 8 transition groups
BDD nodes:
Initial states: 18 BDD nodes
Transition 0: 316 BDD nodes
Transition 1: 44 BDD nodes
Transition 2: 262 BDD nodes
Transition 3: 44 BDD nodes
Transition 4: 44 BDD nodes
Transition 5: 278 BDD nodes
Transition 6: 250 BDD nodes
Transition 7: 44 BDD nodes
Level 1... done.
Level 2... done.
Level 3... done.
Level 4... done.
Level 5... done.
Level 6... done.
Level 7... done.
Level 8... done.
Level 9... done.
Level 10... done.
Level 11... done.
Level 12... done.
Level 13... done.
Level 14... done.
Level 15... done.
Level 16... done.
Level 17... done.
Level 18... done.
Level 19... done.
Level 20... done.
Level 21... done.
Level 22... done.
Level 23... done.
Level 24... done.
Level 25... done.
Level 26... done.
Level 27... done.
Level 28... done.
Level 29... done.
Level 30... done.
Level 31... done.
Level 32... done.
PAR Time: 0.050762
Final states: 1404 states
Final states: 278 BDD nodes
[1467960593.588782] [node010:28708:0]         sys.c:744  MXM  WARN  Conflicting CPU frequencies detected, using: 2198.06
[1467960593.944941] [node011:26331:0]         sys.c:744  MXM  WARN  Conflicting CPU frequencies detected, using: 2040.19
[1467960593.570174] [node010:28664:0]         sys.c:744  MXM  WARN  Conflicting CPU frequencies detected, using: 2198.06
