performing reachability, flags: -n 16 -N 2 -shared-heap 2GB --tablesize=24 --cachesize=23  
This is upcrun, job spawner for the Berkeley UPC compiler (http://upc.lbl.gov).
upcrun version 2.22.2
Network conduits supported by this installation: smp mxm ibv
[1467962329.068823] [node057:29965:0]         sys.c:744  MXM  WARN  Conflicting CPU frequencies detected, using: 1896.38
[1467962329.076246] [node057:29965:0]         mxm.c:196  MXM  WARN  The 'ulimit -s' on the system is set to 'unlimited'. This may have negative performance implications. Please set the stack size to the default value (10240) 
[1467962329.068823] [node057:29965:0]         sys.c:744  MXM  WARN  Conflicting CPU frequencies detected, using: 1896.38
[1467962329.075742] [node057:29965:0]         mxm.c:196  MXM  WARN  The 'ulimit -s' on the system is set to 'unlimited'. This may have negative performance implications. Please set the stack size to the default value (10240) 
[1467962329.068823] [node057:29965:0]         sys.c:744  MXM  WARN  Conflicting CPU frequencies detected, using: 1896.38
[1467962329.076115] [node057:29965:0]         mxm.c:196  MXM  WARN  The 'ulimit -s' on the system is set to 'unlimited'. This may have negative performance implications. Please set the stack size to the default value (10240) 
[1467962329.068823] [node057:29965:0]         sys.c:744  MXM  WARN  Conflicting CPU frequencies detected, using: 1896.38
[1467962329.077041] [node057:29965:0]         mxm.c:196  MXM  WARN  The 'ulimit -s' on the system is set to 'unlimited'. This may have negative performance implications. Please set the stack size to the default value (10240) 
[1467962329.068823] [node057:29965:0]         sys.c:744  MXM  WARN  Conflicting CPU frequencies detected, using: 1896.38
[1467962329.075566] [node057:29965:0]         mxm.c:196  MXM  WARN  The 'ulimit -s' on the system is set to 'unlimited'. This may have negative performance implications. Please set the stack size to the default value (10240) 
[1467962329.068823] [node057:29965:0]         sys.c:744  MXM  WARN  Conflicting CPU frequencies detected, using: 1896.38
[1467962329.076499] [node057:29965:0]         mxm.c:196  MXM  WARN  The 'ulimit -s' on the system is set to 'unlimited'. This may have negative performance implications. Please set the stack size to the default value (10240) 
[1467962329.068823] [node057:29965:0]         sys.c:744  MXM  WARN  Conflicting CPU frequencies detected, using: 1896.38
[1467962329.075526] [node057:29965:0]         mxm.c:196  MXM  WARN  The 'ulimit -s' on the system is set to 'unlimited'. This may have negative performance implications. Please set the stack size to the default value (10240) 
[1467962329.068823] [node057:29965:0]         sys.c:744  MXM  WARN  Conflicting CPU frequencies detected, using: 1896.38
[1467962329.078127] [node057:29965:0]         mxm.c:196  MXM  WARN  The 'ulimit -s' on the system is set to 'unlimited'. This may have negative performance implications. Please set the stack size to the default value (10240) 
[1467962329.437163] [node058:28719:0]         sys.c:744  MXM  WARN  Conflicting CPU frequencies detected, using: 3114.94
[1467962329.447486] [node058:28719:0]         mxm.c:196  MXM  WARN  The 'ulimit -s' on the system is set to 'unlimited'. This may have negative performance implications. Please set the stack size to the default value (10240) 
[1467962329.437163] [node058:28719:0]         sys.c:744  MXM  WARN  Conflicting CPU frequencies detected, using: 3114.94
[1467962329.445481] [node058:28719:0]         mxm.c:196  MXM  WARN  The 'ulimit -s' on the system is set to 'unlimited'. This may have negative performance implications. Please set the stack size to the default value (10240) 
[1467962329.437163] [node058:28719:0]         sys.c:744  MXM  WARN  Conflicting CPU frequencies detected, using: 3114.94
[1467962329.446231] [node058:28719:0]         mxm.c:196  MXM  WARN  The 'ulimit -s' on the system is set to 'unlimited'. This may have negative performance implications. Please set the stack size to the default value (10240) 
[1467962329.437163] [node058:28719:0]         sys.c:744  MXM  WARN  Conflicting CPU frequencies detected, using: 3114.94
[1467962329.447658] [node058:28719:0]         mxm.c:196  MXM  WARN  The 'ulimit -s' on the system is set to 'unlimited'. This may have negative performance implications. Please set the stack size to the default value (10240) 
[1467962329.437163] [node058:28719:0]         sys.c:744  MXM  WARN  Conflicting CPU frequencies detected, using: 3114.94
[1467962329.446577] [node058:28719:0]         mxm.c:196  MXM  WARN  The 'ulimit -s' on the system is set to 'unlimited'. This may have negative performance implications. Please set the stack size to the default value (10240) 
[1467962329.437163] [node058:28719:0]         sys.c:744  MXM  WARN  Conflicting CPU frequencies detected, using: 3114.94
[1467962329.446676] [node058:28719:0]         mxm.c:196  MXM  WARN  The 'ulimit -s' on the system is set to 'unlimited'. This may have negative performance implications. Please set the stack size to the default value (10240) 
[1467962329.437163] [node058:28719:0]         sys.c:744  MXM  WARN  Conflicting CPU frequencies detected, using: 3114.94
[1467962329.447297] [node058:28719:0]         mxm.c:196  MXM  WARN  The 'ulimit -s' on the system is set to 'unlimited'. This may have negative performance implications. Please set the stack size to the default value (10240) 
[1467962329.437163] [node058:28719:0]         sys.c:744  MXM  WARN  Conflicting CPU frequencies detected, using: 3114.94
[1467962329.447018] [node058:28719:0]         mxm.c:196  MXM  WARN  The 'ulimit -s' on the system is set to 'unlimited'. This may have negative performance implications. Please set the stack size to the default value (10240) 
UPCR: UPC thread  7 of 16 on node057 (pshm node 0 of 2, process  7 of 16, pid=29976)
UPCR: UPC thread  5 of 16 on node057 (pshm node 0 of 2, process  5 of 16, pid=29972)
UPCR: UPC thread  3 of 16 on node057 (pshm node 0 of 2, process  3 of 16, pid=29970)
UPCR: UPC thread  1 of 16 on node057 (pshm node 0 of 2, process  1 of 16, pid=29968)
UPCR: UPC thread  2 of 16 on node057 (pshm node 0 of 2, process  2 of 16, pid=29969)
UPCR: UPC thread  6 of 16 on node057 (pshm node 0 of 2, process  6 of 16, pid=29974)
UPCR: UPC thread  0 of 16 on node057 (pshm node 0 of 2, process  0 of 16, pid=29967)
UPCR: UPC thread  4 of 16 on node057 (pshm node 0 of 2, process  4 of 16, pid=29971)
UPCR: UPC thread 15 of 16 on node058 (pshm node 1 of 2, process 15 of 16, pid=28771)
UPCR: UPC thread  8 of 16 on node058 (pshm node 1 of 2, process  8 of 16, pid=28761)
UPCR: UPC thread 14 of 16 on node058 (pshm node 1 of 2, process 14 of 16, pid=28768)
UPCR: UPC thread  9 of 16 on node058 (pshm node 1 of 2, process  9 of 16, pid=28762)
UPCR: UPC thread 11 of 16 on node058 (pshm node 1 of 2, process 11 of 16, pid=28764)
UPCR: UPC thread 10 of 16 on node058 (pshm node 1 of 2, process 10 of 16, pid=28763)
UPCR: UPC thread 12 of 16 on node058 (pshm node 1 of 2, process 12 of 16, pid=28765)
UPCR: UPC thread 13 of 16 on node058 (pshm node 1 of 2, process 13 of 16, pid=28766)
using a cache granularity of 8
using linear probing in the BDD table
using a memoization table of 2^23 = 8388608 entries (~320 MB) per thread
using a BDD table of 2^24 = 16777216 entries (~384 MB) per thread
Initializing /home/oortwijn/distdd/models/beem/mcs.5.bdd!
vector size: 21
bits per integer: 8
number of BDD variables: 168
Loading initial states: 
Initial states loaded... 
Loading transition relations... 
21 integers per state, 8 bits per integer, 50 transition groups
BDD nodes:
Initial states: 168 BDD nodes
Transition 0: 180 BDD nodes
Transition 1: 182 BDD nodes
Transition 2: 446 BDD nodes
Transition 3: 40 BDD nodes
Transition 4: 398 BDD nodes
Transition 5: 40 BDD nodes
Transition 6: 48 BDD nodes
Transition 7: 86 BDD nodes
Transition 8: 55 BDD nodes
Transition 9: 48 BDD nodes
Transition 10: 81 BDD nodes
Transition 11: 446 BDD nodes
Transition 12: 489 BDD nodes
Transition 13: 684 BDD nodes
Transition 14: 1562 BDD nodes
Transition 15: 404 BDD nodes
Transition 16: 609 BDD nodes
Transition 17: 1044 BDD nodes
Transition 18: 1338 BDD nodes
Transition 19: 40 BDD nodes
Transition 20: 40 BDD nodes
Transition 21: 48 BDD nodes
Transition 22: 53 BDD nodes
Transition 23: 80 BDD nodes
Transition 24: 84 BDD nodes
Transition 25: 48 BDD nodes
Transition 26: 116 BDD nodes
Transition 27: 48 BDD nodes
Transition 28: 108 BDD nodes
Transition 29: 48 BDD nodes
Transition 30: 168 BDD nodes
Transition 31: 48 BDD nodes
Transition 32: 40 BDD nodes
Transition 33: 40 BDD nodes
Transition 34: 48 BDD nodes
Transition 35: 55 BDD nodes
Transition 36: 80 BDD nodes
Transition 37: 86 BDD nodes
Transition 38: 40 BDD nodes
Transition 39: 40 BDD nodes
Transition 40: 85 BDD nodes
Transition 41: 48 BDD nodes
Transition 42: 54 BDD nodes
Transition 43: 81 BDD nodes
Transition 44: 40 BDD nodes
Transition 45: 40 BDD nodes
Transition 46: 69 BDD nodes
Transition 47: 48 BDD nodes
Transition 48: 87 BDD nodes
Transition 49: 50 BDD nodes
Level 1... done.
Level 2... done.
Level 3... done.
Level 4... done.
Level 5... done.
Level 6... done.
Level 7... done.
Level 8... done.
Level 9... done.
Level 10... done.
Level 11... done.
Level 12... done.
Level 13... done.
Level 14... done.
Level 15... done.
Level 16... done.
Level 17... done.
Level 18... done.
Level 19... done.
Level 20... done.
Level 21... done.
Level 22... done.
Level 23... done.
Level 24... done.
Level 25... done.
Level 26... done.
Level 27... done.
Level 28... done.
Level 29... done.
Level 30... done.
Level 31... done.
Level 32... done.
Level 33... done.
Level 34... done.
Level 35... done.
Level 36... done.
Level 37... done.
Level 38... done.
Level 39... done.
Level 40... done.
Level 41... done.
Level 42... done.
Level 43... done.
Level 44... done.
Level 45... done.
Level 46... done.
Level 47... done.
Level 48... done.
Level 49... done.
Level 50... done.
Level 51... done.
Level 52... done.
Level 53... done.
Level 54... done.
Level 55... done.
Level 56... done.
Level 57... 11/16 - error: hash table full, load-factor~0.852336, chunk-size=8, attempts=512, inserted=14299826.000000
8/16 - error: hash table full, load-factor~0.919691, chunk-size=8, attempts=512, inserted=15429857.000000
[1467962329.437163] [node058:28719:0]         sys.c:744  MXM  WARN  Conflicting CPU frequencies detected, using: 3114.94
[1467962329.068823] [node057:29965:0]         sys.c:744  MXM  WARN  Conflicting CPU frequencies detected, using: 1896.38
[1467962329.049586] [node057:29921:0]         sys.c:744  MXM  WARN  Conflicting CPU frequencies detected, using: 1896.38
