performing reachability, flags: -n 16 -N 16 -shared-heap 16GB --tablesize=27 --cachesize=26  
This is upcrun, job spawner for the Berkeley UPC compiler (http://upc.lbl.gov).
upcrun version 2.22.2
Network conduits supported by this installation: smp mxm ibv
[1467953924.257761] [node008:21794:0]         sys.c:744  MXM  WARN  Conflicting CPU frequencies detected, using: 1867.69
[1467953924.266311] [node008:21794:0]         mxm.c:196  MXM  WARN  The 'ulimit -s' on the system is set to 'unlimited'. This may have negative performance implications. Please set the stack size to the default value (10240) 
[1467953924.619656] [node021:7582 :0]         sys.c:744  MXM  WARN  Conflicting CPU frequencies detected, using: 1373.06
[1467953924.625543] [node021:7582 :0]         mxm.c:196  MXM  WARN  The 'ulimit -s' on the system is set to 'unlimited'. This may have negative performance implications. Please set the stack size to the default value (10240) 
[1467953924.627064] [node019:3511 :0]         sys.c:744  MXM  WARN  Conflicting CPU frequencies detected, using: 1602.84
[1467953924.632952] [node019:3511 :0]         mxm.c:196  MXM  WARN  The 'ulimit -s' on the system is set to 'unlimited'. This may have negative performance implications. Please set the stack size to the default value (10240) 
[1467953924.610334] [node016:9528 :0]         sys.c:744  MXM  WARN  Conflicting CPU frequencies detected, using: 2562.38
[1467953924.616073] [node016:9528 :0]         mxm.c:196  MXM  WARN  The 'ulimit -s' on the system is set to 'unlimited'. This may have negative performance implications. Please set the stack size to the default value (10240) 
[1467953924.605628] [node009:15323:0]         sys.c:744  MXM  WARN  Conflicting CPU frequencies detected, using: 1884.00
[1467953924.614315] [node009:15323:0]         mxm.c:196  MXM  WARN  The 'ulimit -s' on the system is set to 'unlimited'. This may have negative performance implications. Please set the stack size to the default value (10240) 
[1467953924.633881] [node022:4274 :0]         sys.c:744  MXM  WARN  Conflicting CPU frequencies detected, using: 1695.00
[1467953924.642708] [node022:4274 :0]         mxm.c:196  MXM  WARN  The 'ulimit -s' on the system is set to 'unlimited'. This may have negative performance implications. Please set the stack size to the default value (10240) 
[1467953924.607702] [node012:1127 :0]         sys.c:744  MXM  WARN  Conflicting CPU frequencies detected, using: 2782.78
[1467953924.616426] [node012:1127 :0]         mxm.c:196  MXM  WARN  The 'ulimit -s' on the system is set to 'unlimited'. This may have negative performance implications. Please set the stack size to the default value (10240) 
[1467953924.625155] [node017:9999 :0]         sys.c:744  MXM  WARN  Conflicting CPU frequencies detected, using: 2497.69
[1467953924.633928] [node017:9999 :0]         mxm.c:196  MXM  WARN  The 'ulimit -s' on the system is set to 'unlimited'. This may have negative performance implications. Please set the stack size to the default value (10240) 
[1467953924.617074] [node010:9611 :0]         sys.c:744  MXM  WARN  Conflicting CPU frequencies detected, using: 2599.78
[1467953924.623040] [node010:9611 :0]         mxm.c:196  MXM  WARN  The 'ulimit -s' on the system is set to 'unlimited'. This may have negative performance implications. Please set the stack size to the default value (10240) 
[1467953924.630887] [node014:22451:0]         sys.c:744  MXM  WARN  Conflicting CPU frequencies detected, using: 1480.41
[1467953924.637030] [node014:22451:0]         mxm.c:196  MXM  WARN  The 'ulimit -s' on the system is set to 'unlimited'. This may have negative performance implications. Please set the stack size to the default value (10240) 
[1467953924.586069] [node013:24464:0]         sys.c:744  MXM  WARN  Conflicting CPU frequencies detected, using: 2599.97
[1467953924.594437] [node013:24464:0]         mxm.c:196  MXM  WARN  The 'ulimit -s' on the system is set to 'unlimited'. This may have negative performance implications. Please set the stack size to the default value (10240) 
[1467953924.631415] [node011:10289:0]         sys.c:744  MXM  WARN  Conflicting CPU frequencies detected, using: 1698.38
[1467953924.640158] [node011:10289:0]         mxm.c:196  MXM  WARN  The 'ulimit -s' on the system is set to 'unlimited'. This may have negative performance implications. Please set the stack size to the default value (10240) 
[1467953924.616539] [node018:6656 :0]         sys.c:744  MXM  WARN  Conflicting CPU frequencies detected, using: 2599.97
[1467953924.625211] [node018:6656 :0]         mxm.c:196  MXM  WARN  The 'ulimit -s' on the system is set to 'unlimited'. This may have negative performance implications. Please set the stack size to the default value (10240) 
[1467953924.619726] [node015:20049:0]         sys.c:744  MXM  WARN  Conflicting CPU frequencies detected, using: 3200.53
[1467953924.628342] [node015:20049:0]         mxm.c:196  MXM  WARN  The 'ulimit -s' on the system is set to 'unlimited'. This may have negative performance implications. Please set the stack size to the default value (10240) 
[1467953924.628173] [node023:7509 :0]         sys.c:744  MXM  WARN  Conflicting CPU frequencies detected, using: 2702.44
[1467953924.637243] [node023:7509 :0]         mxm.c:196  MXM  WARN  The 'ulimit -s' on the system is set to 'unlimited'. This may have negative performance implications. Please set the stack size to the default value (10240) 
[1467953924.617126] [node020:24485:0]         sys.c:744  MXM  WARN  Conflicting CPU frequencies detected, using: 2838.09
[1467953924.625793] [node020:24485:0]         mxm.c:196  MXM  WARN  The 'ulimit -s' on the system is set to 'unlimited'. This may have negative performance implications. Please set the stack size to the default value (10240) 
UPCR: UPC thread  0 of 16 on node008 (pshm node  0 of 16, process  0 of 16, pid=21810)
UPCR: UPC thread  4 of 16 on node012 (pshm node  4 of 16, process  4 of 16, pid=1169)
UPCR: UPC thread  7 of 16 on node015 (pshm node  7 of 16, process  7 of 16, pid=20091)
UPCR: UPC thread  5 of 16 on node013 (pshm node  5 of 16, process  5 of 16, pid=24506)
UPCR: UPC thread 12 of 16 on node020 (pshm node 12 of 16, process 12 of 16, pid=24527)
UPCR: UPC thread  8 of 16 on node016 (pshm node  8 of 16, process  8 of 16, pid=9570)
UPCR: UPC thread  6 of 16 on node014 (pshm node  6 of 16, process  6 of 16, pid=22493)
UPCR: UPC thread  1 of 16 on node009 (pshm node  1 of 16, process  1 of 16, pid=15366)
UPCR: UPC thread  2 of 16 on node010 (pshm node  2 of 16, process  2 of 16, pid=9653)
UPCR: UPC thread 10 of 16 on node018 (pshm node 10 of 16, process 10 of 16, pid=6698)
UPCR: UPC thread 15 of 16 on node023 (pshm node 15 of 16, process 15 of 16, pid=7551)
UPCR: UPC thread 13 of 16 on node021 (pshm node 13 of 16, process 13 of 16, pid=7624)
UPCR: UPC thread  3 of 16 on node011 (pshm node  3 of 16, process  3 of 16, pid=10331)
UPCR: UPC thread  9 of 16 on node017 (pshm node  9 of 16, process  9 of 16, pid=10041)
UPCR: UPC thread 14 of 16 on node022 (pshm node 14 of 16, process 14 of 16, pid=4316)
UPCR: UPC thread 11 of 16 on node019 (pshm node 11 of 16, process 11 of 16, pid=3553)
using a cache granularity of 8
using linear probing in the BDD table
using a memoization table of 2^26 = 67108864 entries (~2560 MB) per thread
using a BDD table of 2^27 = 134217728 entries (~3072 MB) per thread
Initializing /home/oortwijn/distdd/models/beem/mcs.5.bdd!
vector size: 21
bits per integer: 8
number of BDD variables: 168
Loading initial states: 
Initial states loaded... 
Loading transition relations... 
21 integers per state, 8 bits per integer, 50 transition groups
BDD nodes:
Initial states: 168 BDD nodes
Transition 0: 180 BDD nodes
Transition 1: 182 BDD nodes
Transition 2: 446 BDD nodes
Transition 3: 40 BDD nodes
Transition 4: 398 BDD nodes
Transition 5: 40 BDD nodes
Transition 6: 48 BDD nodes
Transition 7: 86 BDD nodes
Transition 8: 55 BDD nodes
Transition 9: 48 BDD nodes
Transition 10: 81 BDD nodes
Transition 11: 446 BDD nodes
Transition 12: 489 BDD nodes
Transition 13: 684 BDD nodes
Transition 14: 1562 BDD nodes
Transition 15: 404 BDD nodes
Transition 16: 609 BDD nodes
Transition 17: 1044 BDD nodes
Transition 18: 1338 BDD nodes
Transition 19: 40 BDD nodes
Transition 20: 40 BDD nodes
Transition 21: 48 BDD nodes
Transition 22: 53 BDD nodes
Transition 23: 80 BDD nodes
Transition 24: 84 BDD nodes
Transition 25: 48 BDD nodes
Transition 26: 116 BDD nodes
Transition 27: 48 BDD nodes
Transition 28: 108 BDD nodes
Transition 29: 48 BDD nodes
Transition 30: 168 BDD nodes
Transition 31: 48 BDD nodes
Transition 32: 40 BDD nodes
Transition 33: 40 BDD nodes
Transition 34: 48 BDD nodes
Transition 35: 55 BDD nodes
Transition 36: 80 BDD nodes
Transition 37: 86 BDD nodes
Transition 38: 40 BDD nodes
Transition 39: 40 BDD nodes
Transition 40: 85 BDD nodes
Transition 41: 48 BDD nodes
Transition 42: 54 BDD nodes
Transition 43: 81 BDD nodes
Transition 44: 40 BDD nodes
Transition 45: 40 BDD nodes
Transition 46: 69 BDD nodes
Transition 47: 48 BDD nodes
Transition 48: 87 BDD nodes
Transition 49: 50 BDD nodes
Level 1... done.
Level 2... done.
Level 3... done.
Level 4... done.
Level 5... done.
Level 6... done.
Level 7... done.
Level 8... done.
Level 9... done.
Level 10... done.
Level 11... done.
Level 12... done.
Level 13... done.
Level 14... done.
Level 15... done.
Level 16... done.
Level 17... done.
Level 18... done.
Level 19... done.
Level 20... done.
Level 21... done.
Level 22... done.
Level 23... done.
Level 24... done.
Level 25... done.
Level 26... done.
Level 27... done.
Level 28... done.
Level 29... done.
Level 30... done.
Level 31... done.
Level 32... done.
Level 33... done.
Level 34... done.
Level 35... done.
Level 36... done.
Level 37... done.
Level 38... done.
Level 39... done.
Level 40... done.
Level 41... done.
Level 42... done.
Level 43... done.
Level 44... done.
Level 45... done.
Level 46... done.
Level 47... done.
Level 48... done.
Level 49... done.
Level 50... done.
Level 51... done.
Level 52... done.
Level 53... done.
Level 54... done.
Level 55... done.
Level 56... done.
Level 57... done.
Level 58... done.
Level 59... done.
Level 60... done.
Level 61... done.
Level 62... done.
Level 63... done.
Level 64... done.
Level 65... done.
Level 66... done.
Level 67... done.
Level 68... done.
Level 69... done.
Level 70... done.
Level 71... done.
Level 72... done.
Level 73... done.
Level 74... done.
Level 75... done.
Level 76... done.
Level 77... done.
Level 78... done.
Level 79... done.
Level 80... done.
Level 81... done.
Level 82... done.
Level 83... done.
Level 84... done.
Level 85... done.
Level 86... done.
Level 87... done.
Level 88... done.
Level 89... done.
Level 90... done.
Level 91... done.
PAR Time: 649.317508
Final states: 60556519 states
Final states: 492752 BDD nodes
[1467953924.605628] [node009:15323:0]         sys.c:744  MXM  WARN  Conflicting CPU frequencies detected, using: 1884.00
[1467953924.628173] [node023:7509 :0]         sys.c:744  MXM  WARN  Conflicting CPU frequencies detected, using: 2702.44
[1467953924.257761] [node008:21794:0]         sys.c:744  MXM  WARN  Conflicting CPU frequencies detected, using: 1867.69
[1467953924.633881] [node022:4274 :0]         sys.c:744  MXM  WARN  Conflicting CPU frequencies detected, using: 1695.00
[1467953924.586069] [node013:24464:0]         sys.c:744  MXM  WARN  Conflicting CPU frequencies detected, using: 2599.97
[1467953924.617126] [node020:24485:0]         sys.c:744  MXM  WARN  Conflicting CPU frequencies detected, using: 2838.09
[1467953924.631415] [node011:10289:0]         sys.c:744  MXM  WARN  Conflicting CPU frequencies detected, using: 1698.38
[1467953924.616539] [node018:6656 :0]         sys.c:744  MXM  WARN  Conflicting CPU frequencies detected, using: 2599.97
[1467953924.607702] [node012:1127 :0]         sys.c:744  MXM  WARN  Conflicting CPU frequencies detected, using: 2782.78
[1467953924.619726] [node015:20049:0]         sys.c:744  MXM  WARN  Conflicting CPU frequencies detected, using: 3200.53
[1467953924.617074] [node010:9611 :0]         sys.c:744  MXM  WARN  Conflicting CPU frequencies detected, using: 2599.78
[1467953924.619656] [node021:7582 :0]         sys.c:744  MXM  WARN  Conflicting CPU frequencies detected, using: 1373.06
[1467953924.610334] [node016:9528 :0]         sys.c:744  MXM  WARN  Conflicting CPU frequencies detected, using: 2562.38
[1467953924.625155] [node017:9999 :0]         sys.c:744  MXM  WARN  Conflicting CPU frequencies detected, using: 2497.69
[1467953924.630887] [node014:22451:0]         sys.c:744  MXM  WARN  Conflicting CPU frequencies detected, using: 1480.41
[1467953924.627064] [node019:3511 :0]         sys.c:744  MXM  WARN  Conflicting CPU frequencies detected, using: 1602.84
[1467953924.237498] [node008:21750:0]         sys.c:744  MXM  WARN  Conflicting CPU frequencies detected, using: 1796.62
