performing reachability, flags: -n 64 -N 8 -shared-heap 2GB --tablesize=24 --cachesize=23  
This is upcrun, job spawner for the Berkeley UPC compiler (http://upc.lbl.gov).
upcrun version 2.22.2
Network conduits supported by this installation: smp mxm ibv
[1467965214.892640] [node059:31433:0]         sys.c:744  MXM  WARN  Conflicting CPU frequencies detected, using: 1797.66
[1467965214.900776] [node059:31433:0]         mxm.c:196  MXM  WARN  The 'ulimit -s' on the system is set to 'unlimited'. This may have negative performance implications. Please set the stack size to the default value (10240) 
[1467965214.892640] [node059:31433:0]         sys.c:744  MXM  WARN  Conflicting CPU frequencies detected, using: 1797.66
[1467965214.900557] [node059:31433:0]         mxm.c:196  MXM  WARN  The 'ulimit -s' on the system is set to 'unlimited'. This may have negative performance implications. Please set the stack size to the default value (10240) 
[1467965214.892640] [node059:31433:0]         sys.c:744  MXM  WARN  Conflicting CPU frequencies detected, using: 1797.66
[1467965214.901106] [node059:31433:0]         mxm.c:196  MXM  WARN  The 'ulimit -s' on the system is set to 'unlimited'. This may have negative performance implications. Please set the stack size to the default value (10240) 
[1467965214.892640] [node059:31433:0]         sys.c:744  MXM  WARN  Conflicting CPU frequencies detected, using: 1797.66
[1467965214.899197] [node059:31433:0]         mxm.c:196  MXM  WARN  The 'ulimit -s' on the system is set to 'unlimited'. This may have negative performance implications. Please set the stack size to the default value (10240) 
[1467965214.892640] [node059:31433:0]         sys.c:744  MXM  WARN  Conflicting CPU frequencies detected, using: 1797.66
[1467965214.900877] [node059:31433:0]         mxm.c:196  MXM  WARN  The 'ulimit -s' on the system is set to 'unlimited'. This may have negative performance implications. Please set the stack size to the default value (10240) 
[1467965214.892640] [node059:31433:0]         sys.c:744  MXM  WARN  Conflicting CPU frequencies detected, using: 1797.66
[1467965214.899975] [node059:31433:0]         mxm.c:196  MXM  WARN  The 'ulimit -s' on the system is set to 'unlimited'. This may have negative performance implications. Please set the stack size to the default value (10240) 
[1467965214.892640] [node059:31433:0]         sys.c:744  MXM  WARN  Conflicting CPU frequencies detected, using: 1797.66
[1467965214.900665] [node059:31433:0]         mxm.c:196  MXM  WARN  The 'ulimit -s' on the system is set to 'unlimited'. This may have negative performance implications. Please set the stack size to the default value (10240) 
[1467965214.892640] [node059:31433:0]         sys.c:744  MXM  WARN  Conflicting CPU frequencies detected, using: 1797.66
[1467965214.899562] [node059:31433:0]         mxm.c:196  MXM  WARN  The 'ulimit -s' on the system is set to 'unlimited'. This may have negative performance implications. Please set the stack size to the default value (10240) 
[1467965215.251063] [node064:24524:0]         sys.c:744  MXM  WARN  Conflicting CPU frequencies detected, using: 1483.50
[1467965215.251063] [node064:24524:0]         sys.c:744  MXM  WARN  Conflicting CPU frequencies detected, using: 1483.50
[1467965215.288293] [node064:24524:0]         mxm.c:196  MXM  WARN  The 'ulimit -s' on the system is set to 'unlimited'. This may have negative performance implications. Please set the stack size to the default value (10240) 
[1467965215.251063] [node064:24524:0]         sys.c:744  MXM  WARN  Conflicting CPU frequencies detected, using: 1483.50
[1467965215.251252] [node060:1650 :0]         sys.c:744  MXM  WARN  Conflicting CPU frequencies detected, using: 1799.81
[1467965215.257925] [node060:1650 :0]         mxm.c:196  MXM  WARN  The 'ulimit -s' on the system is set to 'unlimited'. This may have negative performance implications. Please set the stack size to the default value (10240) 
[1467965215.251252] [node060:1650 :0]         sys.c:744  MXM  WARN  Conflicting CPU frequencies detected, using: 1799.81
[1467965215.259963] [node060:1650 :0]         mxm.c:196  MXM  WARN  The 'ulimit -s' on the system is set to 'unlimited'. This may have negative performance implications. Please set the stack size to the default value (10240) 
[1467965215.250893] [node065:25069:0]         sys.c:744  MXM  WARN  Conflicting CPU frequencies detected, using: 1794.84
[1467965215.258421] [node065:25069:0]         mxm.c:196  MXM  WARN  The 'ulimit -s' on the system is set to 'unlimited'. This may have negative performance implications. Please set the stack size to the default value (10240) 
[1467965215.250893] [node065:25069:0]         sys.c:744  MXM  WARN  Conflicting CPU frequencies detected, using: 1794.84
[1467965215.259677] [node065:25069:0]         mxm.c:196  MXM  WARN  The 'ulimit -s' on the system is set to 'unlimited'. This may have negative performance implications. Please set the stack size to the default value (10240) 
[1467965215.251252] [node060:1650 :0]         sys.c:744  MXM  WARN  Conflicting CPU frequencies detected, using: 1799.81
[1467965215.259387] [node060:1650 :0]         mxm.c:196  MXM  WARN  The 'ulimit -s' on the system is set to 'unlimited'. This may have negative performance implications. Please set the stack size to the default value (10240) 
[1467965215.250893] [node065:25069:0]         sys.c:744  MXM  WARN  Conflicting CPU frequencies detected, using: 1794.84
[1467965215.260023] [node065:25069:0]         mxm.c:196  MXM  WARN  The 'ulimit -s' on the system is set to 'unlimited'. This may have negative performance implications. Please set the stack size to the default value (10240) 
[1467965215.250893] [node065:25069:0]         sys.c:744  MXM  WARN  Conflicting CPU frequencies detected, using: 1794.84
[1467965215.259867] [node065:25069:0]         mxm.c:196  MXM  WARN  The 'ulimit -s' on the system is set to 'unlimited'. This may have negative performance implications. Please set the stack size to the default value (10240) 
[1467965215.250893] [node065:25069:0]         sys.c:744  MXM  WARN  Conflicting CPU frequencies detected, using: 1794.84
[1467965215.257921] [node065:25069:0]         mxm.c:196  MXM  WARN  The 'ulimit -s' on the system is set to 'unlimited'. This may have negative performance implications. Please set the stack size to the default value (10240) 
[1467965215.250893] [node065:25069:0]         sys.c:744  MXM  WARN  Conflicting CPU frequencies detected, using: 1794.84
[1467965215.258752] [node065:25069:0]         mxm.c:196  MXM  WARN  The 'ulimit -s' on the system is set to 'unlimited'. This may have negative performance implications. Please set the stack size to the default value (10240) 
[1467965215.251888] [node063:24523:0]         sys.c:744  MXM  WARN  Conflicting CPU frequencies detected, using: 1509.47
[1467965215.258686] [node063:24523:0]         mxm.c:196  MXM  WARN  The 'ulimit -s' on the system is set to 'unlimited'. This may have negative performance implications. Please set the stack size to the default value (10240) 
[1467965215.251888] [node063:24523:0]         sys.c:744  MXM  WARN  Conflicting CPU frequencies detected, using: 1509.47
[1467965215.260023] [node063:24523:0]         mxm.c:196  MXM  WARN  The 'ulimit -s' on the system is set to 'unlimited'. This may have negative performance implications. Please set the stack size to the default value (10240) 
[1467965215.250893] [node065:25069:0]         sys.c:744  MXM  WARN  Conflicting CPU frequencies detected, using: 1794.84
[1467965215.259200] [node065:25069:0]         mxm.c:196  MXM  WARN  The 'ulimit -s' on the system is set to 'unlimited'. This may have negative performance implications. Please set the stack size to the default value (10240) 
[1467965215.251888] [node063:24523:0]         sys.c:744  MXM  WARN  Conflicting CPU frequencies detected, using: 1509.47
[1467965215.259721] [node063:24523:0]         mxm.c:196  MXM  WARN  The 'ulimit -s' on the system is set to 'unlimited'. This may have negative performance implications. Please set the stack size to the default value (10240) 
[1467965215.250893] [node065:25069:0]         sys.c:744  MXM  WARN  Conflicting CPU frequencies detected, using: 1794.84
[1467965215.259354] [node065:25069:0]         mxm.c:196  MXM  WARN  The 'ulimit -s' on the system is set to 'unlimited'. This may have negative performance implications. Please set the stack size to the default value (10240) 
[1467965215.251888] [node063:24523:0]         sys.c:744  MXM  WARN  Conflicting CPU frequencies detected, using: 1509.47
[1467965215.259874] [node063:24523:0]         mxm.c:196  MXM  WARN  The 'ulimit -s' on the system is set to 'unlimited'. This may have negative performance implications. Please set the stack size to the default value (10240) 
[1467965215.251888] [node063:24523:0]         sys.c:744  MXM  WARN  Conflicting CPU frequencies detected, using: 1509.47
[1467965215.260709] [node063:24523:0]         mxm.c:196  MXM  WARN  The 'ulimit -s' on the system is set to 'unlimited'. This may have negative performance implications. Please set the stack size to the default value (10240) 
[1467965215.251888] [node063:24523:0]         sys.c:744  MXM  WARN  Conflicting CPU frequencies detected, using: 1509.47
[1467965215.260934] [node063:24523:0]         mxm.c:196  MXM  WARN  The 'ulimit -s' on the system is set to 'unlimited'. This may have negative performance implications. Please set the stack size to the default value (10240) 
[1467965215.251888] [node063:24523:0]         sys.c:744  MXM  WARN  Conflicting CPU frequencies detected, using: 1509.47
[1467965215.260550] [node063:24523:0]         mxm.c:196  MXM  WARN  The 'ulimit -s' on the system is set to 'unlimited'. This may have negative performance implications. Please set the stack size to the default value (10240) 
[1467965215.251888] [node063:24523:0]         sys.c:744  MXM  WARN  Conflicting CPU frequencies detected, using: 1509.47
[1467965215.259252] [node063:24523:0]         mxm.c:196  MXM  WARN  The 'ulimit -s' on the system is set to 'unlimited'. This may have negative performance implications. Please set the stack size to the default value (10240) 
[1467965215.251252] [node060:1650 :0]         sys.c:744  MXM  WARN  Conflicting CPU frequencies detected, using: 1799.81
[1467965215.260150] [node060:1650 :0]         mxm.c:196  MXM  WARN  The 'ulimit -s' on the system is set to 'unlimited'. This may have negative performance implications. Please set the stack size to the default value (10240) 
[1467965215.251252] [node060:1650 :0]         sys.c:744  MXM  WARN  Conflicting CPU frequencies detected, using: 1799.81
[1467965215.259108] [node060:1650 :0]         mxm.c:196  MXM  WARN  The 'ulimit -s' on the system is set to 'unlimited'. This may have negative performance implications. Please set the stack size to the default value (10240) 
[1467965215.251252] [node060:1650 :0]         sys.c:744  MXM  WARN  Conflicting CPU frequencies detected, using: 1799.81
[1467965215.260557] [node060:1650 :0]         mxm.c:196  MXM  WARN  The 'ulimit -s' on the system is set to 'unlimited'. This may have negative performance implications. Please set the stack size to the default value (10240) 
[1467965215.251252] [node060:1650 :0]         sys.c:744  MXM  WARN  Conflicting CPU frequencies detected, using: 1799.81
[1467965215.260434] [node060:1650 :0]         mxm.c:196  MXM  WARN  The 'ulimit -s' on the system is set to 'unlimited'. This may have negative performance implications. Please set the stack size to the default value (10240) 
[1467965215.251252] [node060:1650 :0]         sys.c:744  MXM  WARN  Conflicting CPU frequencies detected, using: 1799.81
[1467965215.261122] [node060:1650 :0]         mxm.c:196  MXM  WARN  The 'ulimit -s' on the system is set to 'unlimited'. This may have negative performance implications. Please set the stack size to the default value (10240) 
[1467965215.251793] [node061:13917:0]         sys.c:744  MXM  WARN  Conflicting CPU frequencies detected, using: 2599.41
[1467965215.259155] [node061:13917:0]         mxm.c:196  MXM  WARN  The 'ulimit -s' on the system is set to 'unlimited'. This may have negative performance implications. Please set the stack size to the default value (10240) 
[1467965215.251793] [node061:13917:0]         sys.c:744  MXM  WARN  Conflicting CPU frequencies detected, using: 2599.41
[1467965215.258675] [node061:13917:0]         mxm.c:196  MXM  WARN  The 'ulimit -s' on the system is set to 'unlimited'. This may have negative performance implications. Please set the stack size to the default value (10240) 
[1467965215.251793] [node061:13917:0]         sys.c:744  MXM  WARN  Conflicting CPU frequencies detected, using: 2599.41
[1467965215.259974] [node061:13917:0]         mxm.c:196  MXM  WARN  The 'ulimit -s' on the system is set to 'unlimited'. This may have negative performance implications. Please set the stack size to the default value (10240) 
[1467965215.251793] [node061:13917:0]         sys.c:744  MXM  WARN  Conflicting CPU frequencies detected, using: 2599.41
[1467965215.259353] [node061:13917:0]         mxm.c:196  MXM  WARN  The 'ulimit -s' on the system is set to 'unlimited'. This may have negative performance implications. Please set the stack size to the default value (10240) 
[1467965215.251793] [node061:13917:0]         sys.c:744  MXM  WARN  Conflicting CPU frequencies detected, using: 2599.41
[1467965215.261175] [node061:13917:0]         mxm.c:196  MXM  WARN  The 'ulimit -s' on the system is set to 'unlimited'. This may have negative performance implications. Please set the stack size to the default value (10240) 
[1467965215.251793] [node061:13917:0]         sys.c:744  MXM  WARN  Conflicting CPU frequencies detected, using: 2599.41
[1467965215.260170] [node061:13917:0]         mxm.c:196  MXM  WARN  The 'ulimit -s' on the system is set to 'unlimited'. This may have negative performance implications. Please set the stack size to the default value (10240) 
[1467965215.251793] [node061:13917:0]         sys.c:744  MXM  WARN  Conflicting CPU frequencies detected, using: 2599.41
[1467965215.258916] [node061:13917:0]         mxm.c:196  MXM  WARN  The 'ulimit -s' on the system is set to 'unlimited'. This may have negative performance implications. Please set the stack size to the default value (10240) 
[1467965215.251793] [node061:13917:0]         sys.c:744  MXM  WARN  Conflicting CPU frequencies detected, using: 2599.41
[1467965215.260028] [node061:13917:0]         mxm.c:196  MXM  WARN  The 'ulimit -s' on the system is set to 'unlimited'. This may have negative performance implications. Please set the stack size to the default value (10240) 
[1467965215.258322] [node066:26330:0]         sys.c:744  MXM  WARN  Conflicting CPU frequencies detected, using: 1895.62
[1467965215.279703] [node066:26330:0]         mxm.c:196  MXM  WARN  The 'ulimit -s' on the system is set to 'unlimited'. This may have negative performance implications. Please set the stack size to the default value (10240) 
[1467965215.251063] [node064:24524:0]         sys.c:744  MXM  WARN  Conflicting CPU frequencies detected, using: 1483.50
[1467965215.277767] [node064:24524:0]         mxm.c:196  MXM  WARN  The 'ulimit -s' on the system is set to 'unlimited'. This may have negative performance implications. Please set the stack size to the default value (10240) 
[1467965215.247608] [node062:23581:0]         sys.c:744  MXM  WARN  Conflicting CPU frequencies detected, using: 1896.00
[1467965215.278561] [node062:23581:0]         mxm.c:196  MXM  WARN  The 'ulimit -s' on the system is set to 'unlimited'. This may have negative performance implications. Please set the stack size to the default value (10240) 
[1467965215.258322] [node066:26330:0]         sys.c:744  MXM  WARN  Conflicting CPU frequencies detected, using: 1895.62
[1467965215.283495] [node066:26330:0]         mxm.c:196  MXM  WARN  The 'ulimit -s' on the system is set to 'unlimited'. This may have negative performance implications. Please set the stack size to the default value (10240) 
[1467965215.247608] [node062:23581:0]         sys.c:744  MXM  WARN  Conflicting CPU frequencies detected, using: 1896.00
[1467965215.281084] [node062:23581:0]         mxm.c:196  MXM  WARN  The 'ulimit -s' on the system is set to 'unlimited'. This may have negative performance implications. Please set the stack size to the default value (10240) 
[1467965215.247608] [node062:23581:0]         sys.c:744  MXM  WARN  Conflicting CPU frequencies detected, using: 1896.00
[1467965215.277835] [node062:23581:0]         mxm.c:196  MXM  WARN  The 'ulimit -s' on the system is set to 'unlimited'. This may have negative performance implications. Please set the stack size to the default value (10240) 
[1467965215.258322] [node066:26330:0]         sys.c:744  MXM  WARN  Conflicting CPU frequencies detected, using: 1895.62
[1467965215.291617] [node066:26330:0]         mxm.c:196  MXM  WARN  The 'ulimit -s' on the system is set to 'unlimited'. This may have negative performance implications. Please set the stack size to the default value (10240) 
[1467965215.247608] [node062:23581:0]         sys.c:744  MXM  WARN  Conflicting CPU frequencies detected, using: 1896.00
[1467965215.276322] [node062:23581:0]         mxm.c:196  MXM  WARN  The 'ulimit -s' on the system is set to 'unlimited'. This may have negative performance implications. Please set the stack size to the default value (10240) 
[1467965215.258322] [node066:26330:0]         sys.c:744  MXM  WARN  Conflicting CPU frequencies detected, using: 1895.62
[1467965215.295762] [node066:26330:0]         mxm.c:196  MXM  WARN  The 'ulimit -s' on the system is set to 'unlimited'. This may have negative performance implications. Please set the stack size to the default value (10240) 
[1467965215.247608] [node062:23581:0]         sys.c:744  MXM  WARN  Conflicting CPU frequencies detected, using: 1896.00
[1467965215.280127] [node062:23581:0]         mxm.c:196  MXM  WARN  The 'ulimit -s' on the system is set to 'unlimited'. This may have negative performance implications. Please set the stack size to the default value (10240) 
[1467965215.247608] [node062:23581:0]         sys.c:744  MXM  WARN  Conflicting CPU frequencies detected, using: 1896.00
[1467965215.282582] [node062:23581:0]         mxm.c:196  MXM  WARN  The 'ulimit -s' on the system is set to 'unlimited'. This may have negative performance implications. Please set the stack size to the default value (10240) 
[1467965215.247608] [node062:23581:0]         sys.c:744  MXM  WARN  Conflicting CPU frequencies detected, using: 1896.00
[1467965215.275357] [node062:23581:0]         mxm.c:196  MXM  WARN  The 'ulimit -s' on the system is set to 'unlimited'. This may have negative performance implications. Please set the stack size to the default value (10240) 
[1467965215.247608] [node062:23581:0]         sys.c:744  MXM  WARN  Conflicting CPU frequencies detected, using: 1896.00
[1467965215.284251] [node062:23581:0]         mxm.c:196  MXM  WARN  The 'ulimit -s' on the system is set to 'unlimited'. This may have negative performance implications. Please set the stack size to the default value (10240) 
[1467965215.258322] [node066:26330:0]         sys.c:744  MXM  WARN  Conflicting CPU frequencies detected, using: 1895.62
[1467965215.295000] [node066:26330:0]         mxm.c:196  MXM  WARN  The 'ulimit -s' on the system is set to 'unlimited'. This may have negative performance implications. Please set the stack size to the default value (10240) 
[1467965215.258322] [node066:26330:0]         sys.c:744  MXM  WARN  Conflicting CPU frequencies detected, using: 1895.62
[1467965215.299369] [node066:26330:0]         mxm.c:196  MXM  WARN  The 'ulimit -s' on the system is set to 'unlimited'. This may have negative performance implications. Please set the stack size to the default value (10240) 
[1467965215.251063] [node064:24524:0]         sys.c:744  MXM  WARN  Conflicting CPU frequencies detected, using: 1483.50
[1467965215.281507] [node064:24524:0]         mxm.c:196  MXM  WARN  The 'ulimit -s' on the system is set to 'unlimited'. This may have negative performance implications. Please set the stack size to the default value (10240) 
[1467965215.289071] [node064:24524:0]         mxm.c:196  MXM  WARN  The 'ulimit -s' on the system is set to 'unlimited'. This may have negative performance implications. Please set the stack size to the default value (10240) 
[1467965215.258322] [node066:26330:0]         sys.c:744  MXM  WARN  Conflicting CPU frequencies detected, using: 1895.62
[1467965215.293271] [node066:26330:0]         mxm.c:196  MXM  WARN  The 'ulimit -s' on the system is set to 'unlimited'. This may have negative performance implications. Please set the stack size to the default value (10240) 
[1467965215.258322] [node066:26330:0]         sys.c:744  MXM  WARN  Conflicting CPU frequencies detected, using: 1895.62
[1467965215.289953] [node066:26330:0]         mxm.c:196  MXM  WARN  The 'ulimit -s' on the system is set to 'unlimited'. This may have negative performance implications. Please set the stack size to the default value (10240) 
[1467965215.251063] [node064:24524:0]         sys.c:744  MXM  WARN  Conflicting CPU frequencies detected, using: 1483.50
[1467965215.284038] [node064:24524:0]         mxm.c:196  MXM  WARN  The 'ulimit -s' on the system is set to 'unlimited'. This may have negative performance implications. Please set the stack size to the default value (10240) 
[1467965215.251063] [node064:24524:0]         sys.c:744  MXM  WARN  Conflicting CPU frequencies detected, using: 1483.50
[1467965215.276766] [node064:24524:0]         mxm.c:196  MXM  WARN  The 'ulimit -s' on the system is set to 'unlimited'. This may have negative performance implications. Please set the stack size to the default value (10240) 
[1467965215.285565] [node064:24524:0]         mxm.c:196  MXM  WARN  The 'ulimit -s' on the system is set to 'unlimited'. This may have negative performance implications. Please set the stack size to the default value (10240) 
[1467965215.251063] [node064:24524:0]         sys.c:744  MXM  WARN  Conflicting CPU frequencies detected, using: 1483.50
[1467965215.282308] [node064:24524:0]         mxm.c:196  MXM  WARN  The 'ulimit -s' on the system is set to 'unlimited'. This may have negative performance implications. Please set the stack size to the default value (10240) 
UPCR: UPC thread  3 of 64 on node059 (pshm node 0 of 8, process  3 of 64, pid=31444)
UPCR: UPC thread  0 of 64 on node059 (pshm node 0 of 8, process  0 of 64, pid=31441)
UPCR: UPC thread  5 of 64 on node059 (pshm node 0 of 8, process  5 of 64, pid=31446)
UPCR: UPC thread  4 of 64 on node059 (pshm node 0 of 8, process  4 of 64, pid=31445)
UPCR: UPC thread  7 of 64 on node059 (pshm node 0 of 8, process  7 of 64, pid=31450)
UPCR: UPC thread  6 of 64 on node059 (pshm node 0 of 8, process  6 of 64, pid=31448)
UPCR: UPC thread  1 of 64 on node059 (pshm node 0 of 8, process  1 of 64, pid=31442)
UPCR: UPC thread  2 of 64 on node059 (pshm node 0 of 8, process  2 of 64, pid=31443)
UPCR: UPC thread 58 of 64 on node066 (pshm node 7 of 8, process 58 of 64, pid=26374)
UPCR: UPC thread 62 of 64 on node066 (pshm node 7 of 8, process 62 of 64, pid=26379)
UPCR: UPC thread 57 of 64 on node066 (pshm node 7 of 8, process 57 of 64, pid=26373)
UPCR: UPC thread 46 of 64 on node064 (pshm node 5 of 8, process 46 of 64, pid=24573)
UPCR: UPC thread 43 of 64 on node064 (pshm node 5 of 8, process 43 of 64, pid=24569)
UPCR: UPC thread 41 of 64 on node064 (pshm node 5 of 8, process 41 of 64, pid=24567)
UPCR: UPC thread 44 of 64 on node064 (pshm node 5 of 8, process 44 of 64, pid=24570)
UPCR: UPC thread 47 of 64 on node064 (pshm node 5 of 8, process 47 of 64, pid=24575)
UPCR: UPC thread 42 of 64 on node064 (pshm node 5 of 8, process 42 of 64, pid=24568)
UPCR: UPC thread 45 of 64 on node064 (pshm node 5 of 8, process 45 of 64, pid=24572)
UPCR: UPC thread 40 of 64 on node064 (pshm node 5 of 8, process 40 of 64, pid=24566)
UPCR: UPC thread 34 of 64 on node063 (pshm node 4 of 8, process 34 of 64, pid=24567)
UPCR: UPC thread 33 of 64 on node063 (pshm node 4 of 8, process 33 of 64, pid=24566)
UPCR: UPC thread 38 of 64 on node063 (pshm node 4 of 8, process 38 of 64, pid=24573)
UPCR: UPC thread 39 of 64 on node063 (pshm node 4 of 8, process 39 of 64, pid=24574)
UPCR: UPC thread 32 of 64 on node063 (pshm node 4 of 8, process 32 of 64, pid=24565)
UPCR: UPC thread 36 of 64 on node063 (pshm node 4 of 8, process 36 of 64, pid=24569)
UPCR: UPC thread 35 of 64 on node063 (pshm node 4 of 8, process 35 of 64, pid=24568)
UPCR: UPC thread 37 of 64 on node063 (pshm node 4 of 8, process 37 of 64, pid=24571)
UPCR: UPC thread 30 of 64 on node062 (pshm node 3 of 8, process 30 of 64, pid=23630)
UPCR: UPC thread 31 of 64 on node062 (pshm node 3 of 8, process 31 of 64, pid=23632)
UPCR: UPC thread 29 of 64 on node062 (pshm node 3 of 8, process 29 of 64, pid=23628)
UPCR: UPC thread 27 of 64 on node062 (pshm node 3 of 8, process 27 of 64, pid=23626)
UPCR: UPC thread 24 of 64 on node062 (pshm node 3 of 8, process 24 of 64, pid=23623)
UPCR: UPC thread 28 of 64 on node062 (pshm node 3 of 8, process 28 of 64, pid=23627)
UPCR: UPC thread 26 of 64 on node062 (pshm node 3 of 8, process 26 of 64, pid=23625)
UPCR: UPC thread 25 of 64 on node062 (pshm node 3 of 8, process 25 of 64, pid=23624)
UPCR: UPC thread 19 of 64 on node061 (pshm node 2 of 8, process 19 of 64, pid=13962)
UPCR: UPC thread 20 of 64 on node061 (pshm node 2 of 8, process 20 of 64, pid=13963)
UPCR: UPC thread 16 of 64 on node061 (pshm node 2 of 8, process 16 of 64, pid=13959)
UPCR: UPC thread 18 of 64 on node061 (pshm node 2 of 8, process 18 of 64, pid=13961)
UPCR: UPC thread 17 of 64 on node061 (pshm node 2 of 8, process 17 of 64, pid=13960)
UPCR: UPC thread 59 of 64 on node066 (pshm node 7 of 8, process 59 of 64, pid=26375)
UPCR: UPC thread 61 of 64 on node066 (pshm node 7 of 8, process 61 of 64, pid=26377)
UPCR: UPC thread 63 of 64 on node066 (pshm node 7 of 8, process 63 of 64, pid=26382)
UPCR: UPC thread 60 of 64 on node066 (pshm node 7 of 8, process 60 of 64, pid=26376)
UPCR: UPC thread 56 of 64 on node066 (pshm node 7 of 8, process 56 of 64, pid=26372)
UPCR: UPC thread 12 of 64 on node060 (pshm node 1 of 8, process 12 of 64, pid=1696)
UPCR: UPC thread 10 of 64 on node060 (pshm node 1 of 8, process 10 of 64, pid=1694)
UPCR: UPC thread 11 of 64 on node060 (pshm node 1 of 8, process 11 of 64, pid=1695)
UPCR: UPC thread  9 of 64 on node060 (pshm node 1 of 8, process  9 of 64, pid=1693)
UPCR: UPC thread 14 of 64 on node060 (pshm node 1 of 8, process 14 of 64, pid=1699)
UPCR: UPC thread 15 of 64 on node060 (pshm node 1 of 8, process 15 of 64, pid=1702)
UPCR: UPC thread  8 of 64 on node060 (pshm node 1 of 8, process  8 of 64, pid=1692)
UPCR: UPC thread 13 of 64 on node060 (pshm node 1 of 8, process 13 of 64, pid=1698)
UPCR: UPC thread 53 of 64 on node065 (pshm node 6 of 8, process 53 of 64, pid=25117)
UPCR: UPC thread 51 of 64 on node065 (pshm node 6 of 8, process 51 of 64, pid=25114)
UPCR: UPC thread 55 of 64 on node065 (pshm node 6 of 8, process 55 of 64, pid=25121)
UPCR: UPC thread 54 of 64 on node065 (pshm node 6 of 8, process 54 of 64, pid=25118)
UPCR: UPC thread 49 of 64 on node065 (pshm node 6 of 8, process 49 of 64, pid=25112)
UPCR: UPC thread 50 of 64 on node065 (pshm node 6 of 8, process 50 of 64, pid=25113)
UPCR: UPC thread 52 of 64 on node065 (pshm node 6 of 8, process 52 of 64, pid=25115)
UPCR: UPC thread 48 of 64 on node065 (pshm node 6 of 8, process 48 of 64, pid=25111)
UPCR: UPC thread 23 of 64 on node061 (pshm node 2 of 8, process 23 of 64, pid=13968)
UPCR: UPC thread 22 of 64 on node061 (pshm node 2 of 8, process 22 of 64, pid=13967)
UPCR: UPC thread 21 of 64 on node061 (pshm node 2 of 8, process 21 of 64, pid=13964)
using a cache granularity of 8
using linear probing in the BDD table
using a memoization table of 2^23 = 8388608 entries (~320 MB) per thread
using a BDD table of 2^24 = 16777216 entries (~384 MB) per thread
Initializing /home/oortwijn/distdd/models/beem/needham.1.bdd!
vector size: 14
bits per integer: 12
number of BDD variables: 168
Loading initial states: 
Initial states loaded... 
Loading transition relations... 
14 integers per state, 12 bits per integer, 24 transition groups
BDD nodes:
Initial states: 168 BDD nodes
Transition 0: 76 BDD nodes
Transition 1: 76 BDD nodes
Transition 2: 346 BDD nodes
Transition 3: 0 BDD nodes
Transition 4: 0 BDD nodes
Transition 5: 98 BDD nodes
Transition 6: 124 BDD nodes
Transition 7: 124 BDD nodes
Transition 8: 76 BDD nodes
Transition 9: 248 BDD nodes
Transition 10: 860 BDD nodes
Transition 11: 860 BDD nodes
Transition 12: 102 BDD nodes
Transition 13: 0 BDD nodes
Transition 14: 200 BDD nodes
Transition 15: 76 BDD nodes
Transition 16: 76 BDD nodes
Transition 17: 148 BDD nodes
Transition 18: 105 BDD nodes
Transition 19: 76 BDD nodes
Transition 20: 44 BDD nodes
Transition 21: 211 BDD nodes
Transition 22: 126 BDD nodes
Transition 23: 131 BDD nodes
Level 1... done.
Level 2... done.
PAR Time: 0.012040
Final states: 0 states
Final states: 0 BDD nodes
[1467965215.247608] [node062:23581:0]         sys.c:744  MXM  WARN  Conflicting CPU frequencies detected, using: 1896.00
[1467965215.251063] [node064:24524:0]         sys.c:744  MXM  WARN  Conflicting CPU frequencies detected, using: 1483.50
[1467965215.251888] [node063:24523:0]         sys.c:744  MXM  WARN  Conflicting CPU frequencies detected, using: 1509.47
[1467965214.892640] [node059:31433:0]         sys.c:744  MXM  WARN  Conflicting CPU frequencies detected, using: 1797.66
[1467965215.251793] [node061:13917:0]         sys.c:744  MXM  WARN  Conflicting CPU frequencies detected, using: 2599.41
[1467965215.250893] [node065:25069:0]         sys.c:744  MXM  WARN  Conflicting CPU frequencies detected, using: 1794.84
[1467965215.251252] [node060:1650 :0]         sys.c:744  MXM  WARN  Conflicting CPU frequencies detected, using: 1799.81
[1467965215.258322] [node066:26330:0]         sys.c:744  MXM  WARN  Conflicting CPU frequencies detected, using: 1895.62
[1467965214.873850] [node059:31389:0]         sys.c:744  MXM  WARN  Conflicting CPU frequencies detected, using: 1797.66
