performing reachability, flags: -n 64 -N 32 -shared-heap 8GB --tablesize=26 --cachesize=25  
This is upcrun, job spawner for the Berkeley UPC compiler (http://upc.lbl.gov).
upcrun version 2.22.2
Network conduits supported by this installation: smp mxm ibv
[1468102151.809118] [node008:1234 :0]         sys.c:744  MXM  WARN  Conflicting CPU frequencies detected, using: 1998.09
[1468102151.822160] [node008:1234 :0]         mxm.c:196  MXM  WARN  The 'ulimit -s' on the system is set to 'unlimited'. This may have negative performance implications. Please set the stack size to the default value (10240) 
[1468102151.809118] [node008:1234 :0]         sys.c:744  MXM  WARN  Conflicting CPU frequencies detected, using: 1998.09
[1468102151.821419] [node008:1234 :0]         mxm.c:196  MXM  WARN  The 'ulimit -s' on the system is set to 'unlimited'. This may have negative performance implications. Please set the stack size to the default value (10240) 
[1468102152.162520] [node053:9586 :0]         sys.c:744  MXM  WARN  Conflicting CPU frequencies detected, using: 1400.53
[1468102152.169128] [node053:9586 :0]         mxm.c:196  MXM  WARN  The 'ulimit -s' on the system is set to 'unlimited'. This may have negative performance implications. Please set the stack size to the default value (10240) 
[1468102152.162520] [node053:9586 :0]         sys.c:744  MXM  WARN  Conflicting CPU frequencies detected, using: 1400.53
[1468102152.168784] [node053:9586 :0]         mxm.c:196  MXM  WARN  The 'ulimit -s' on the system is set to 'unlimited'. This may have negative performance implications. Please set the stack size to the default value (10240) 
[1468102152.164733] [node058:874  :0]         sys.c:744  MXM  WARN  Conflicting CPU frequencies detected, using: 1476.75
[1468102152.170828] [node058:874  :0]         mxm.c:196  MXM  WARN  The 'ulimit -s' on the system is set to 'unlimited'. This may have negative performance implications. Please set the stack size to the default value (10240) 
[1468102152.164733] [node058:874  :0]         sys.c:744  MXM  WARN  Conflicting CPU frequencies detected, using: 1476.75
[1468102152.171173] [node058:874  :0]         mxm.c:196  MXM  WARN  The 'ulimit -s' on the system is set to 'unlimited'. This may have negative performance implications. Please set the stack size to the default value (10240) 
[1468102152.175331] [node057:3325 :0]         sys.c:744  MXM  WARN  Conflicting CPU frequencies detected, using: 1491.94
[1468102152.181718] [node057:3325 :0]         mxm.c:196  MXM  WARN  The 'ulimit -s' on the system is set to 'unlimited'. This may have negative performance implications. Please set the stack size to the default value (10240) 
[1468102152.175331] [node057:3325 :0]         sys.c:744  MXM  WARN  Conflicting CPU frequencies detected, using: 1491.94
[1468102152.181464] [node057:3325 :0]         mxm.c:196  MXM  WARN  The 'ulimit -s' on the system is set to 'unlimited'. This may have negative performance implications. Please set the stack size to the default value (10240) 
[1468102152.175918] [node010:23745:0]         sys.c:744  MXM  WARN  Conflicting CPU frequencies detected, using: 1899.56
[1468102152.182099] [node010:23745:0]         mxm.c:196  MXM  WARN  The 'ulimit -s' on the system is set to 'unlimited'. This may have negative performance implications. Please set the stack size to the default value (10240) 
[1468102152.175918] [node010:23745:0]         sys.c:744  MXM  WARN  Conflicting CPU frequencies detected, using: 1899.56
[1468102152.182169] [node010:23745:0]         mxm.c:196  MXM  WARN  The 'ulimit -s' on the system is set to 'unlimited'. This may have negative performance implications. Please set the stack size to the default value (10240) 
[1468102152.180700] [node021:673  :0]         sys.c:744  MXM  WARN  Conflicting CPU frequencies detected, using: 1507.78
[1468102152.186620] [node021:673  :0]         mxm.c:196  MXM  WARN  The 'ulimit -s' on the system is set to 'unlimited'. This may have negative performance implications. Please set the stack size to the default value (10240) 
[1468102152.180700] [node021:673  :0]         sys.c:744  MXM  WARN  Conflicting CPU frequencies detected, using: 1507.78
[1468102152.186967] [node021:673  :0]         mxm.c:196  MXM  WARN  The 'ulimit -s' on the system is set to 'unlimited'. This may have negative performance implications. Please set the stack size to the default value (10240) 
[1468102152.180532] [node014:16771:0]         sys.c:744  MXM  WARN  Conflicting CPU frequencies detected, using: 1999.97
[1468102152.186738] [node014:16771:0]         mxm.c:196  MXM  WARN  The 'ulimit -s' on the system is set to 'unlimited'. This may have negative performance implications. Please set the stack size to the default value (10240) 
[1468102152.180532] [node014:16771:0]         sys.c:744  MXM  WARN  Conflicting CPU frequencies detected, using: 1999.97
[1468102152.187031] [node014:16771:0]         mxm.c:196  MXM  WARN  The 'ulimit -s' on the system is set to 'unlimited'. This may have negative performance implications. Please set the stack size to the default value (10240) 
[1468102152.184011] [node060:6015 :0]         sys.c:744  MXM  WARN  Conflicting CPU frequencies detected, using: 2674.31
[1468102152.190058] [node060:6015 :0]         mxm.c:196  MXM  WARN  The 'ulimit -s' on the system is set to 'unlimited'. This may have negative performance implications. Please set the stack size to the default value (10240) 
[1468102152.184011] [node060:6015 :0]         sys.c:744  MXM  WARN  Conflicting CPU frequencies detected, using: 2674.31
[1468102152.190351] [node060:6015 :0]         mxm.c:196  MXM  WARN  The 'ulimit -s' on the system is set to 'unlimited'. This may have negative performance implications. Please set the stack size to the default value (10240) 
[1468102152.181224] [node065:365  :0]         sys.c:744  MXM  WARN  Conflicting CPU frequencies detected, using: 1698.09
[1468102152.187477] [node065:365  :0]         mxm.c:196  MXM  WARN  The 'ulimit -s' on the system is set to 'unlimited'. This may have negative performance implications. Please set the stack size to the default value (10240) 
[1468102152.181224] [node065:365  :0]         sys.c:744  MXM  WARN  Conflicting CPU frequencies detected, using: 1698.09
[1468102152.187307] [node065:365  :0]         mxm.c:196  MXM  WARN  The 'ulimit -s' on the system is set to 'unlimited'. This may have negative performance implications. Please set the stack size to the default value (10240) 
[1468102152.178158] [node061:29689:0]         sys.c:744  MXM  WARN  Conflicting CPU frequencies detected, using: 1897.50
[1468102152.184519] [node061:29689:0]         mxm.c:196  MXM  WARN  The 'ulimit -s' on the system is set to 'unlimited'. This may have negative performance implications. Please set the stack size to the default value (10240) 
[1468102152.178158] [node061:29689:0]         sys.c:744  MXM  WARN  Conflicting CPU frequencies detected, using: 1897.50
[1468102152.184395] [node061:29689:0]         mxm.c:196  MXM  WARN  The 'ulimit -s' on the system is set to 'unlimited'. This may have negative performance implications. Please set the stack size to the default value (10240) 
[1468102152.186360] [node059:3474 :0]         sys.c:744  MXM  WARN  Conflicting CPU frequencies detected, using: 1599.66
[1468102152.192474] [node059:3474 :0]         mxm.c:196  MXM  WARN  The 'ulimit -s' on the system is set to 'unlimited'. This may have negative performance implications. Please set the stack size to the default value (10240) 
[1468102152.185639] [node063:4401 :0]         sys.c:744  MXM  WARN  Conflicting CPU frequencies detected, using: 1699.69
[1468102152.192071] [node063:4401 :0]         mxm.c:196  MXM  WARN  The 'ulimit -s' on the system is set to 'unlimited'. This may have negative performance implications. Please set the stack size to the default value (10240) 
[1468102152.185639] [node063:4401 :0]         sys.c:744  MXM  WARN  Conflicting CPU frequencies detected, using: 1699.69
[1468102152.191802] [node063:4401 :0]         mxm.c:196  MXM  WARN  The 'ulimit -s' on the system is set to 'unlimited'. This may have negative performance implications. Please set the stack size to the default value (10240) 
[1468102152.186360] [node059:3474 :0]         sys.c:744  MXM  WARN  Conflicting CPU frequencies detected, using: 1599.66
[1468102152.192733] [node059:3474 :0]         mxm.c:196  MXM  WARN  The 'ulimit -s' on the system is set to 'unlimited'. This may have negative performance implications. Please set the stack size to the default value (10240) 
[1468102152.184645] [node016:6529 :0]         sys.c:744  MXM  WARN  Conflicting CPU frequencies detected, using: 1696.59
[1468102152.191094] [node016:6529 :0]         mxm.c:196  MXM  WARN  The 'ulimit -s' on the system is set to 'unlimited'. This may have negative performance implications. Please set the stack size to the default value (10240) 
[1468102152.184048] [node019:8775 :0]         sys.c:744  MXM  WARN  Conflicting CPU frequencies detected, using: 1794.84
[1468102152.190445] [node019:8775 :0]         mxm.c:196  MXM  WARN  The 'ulimit -s' on the system is set to 'unlimited'. This may have negative performance implications. Please set the stack size to the default value (10240) 
[1468102152.184048] [node019:8775 :0]         sys.c:744  MXM  WARN  Conflicting CPU frequencies detected, using: 1794.84
[1468102152.190116] [node019:8775 :0]         mxm.c:196  MXM  WARN  The 'ulimit -s' on the system is set to 'unlimited'. This may have negative performance implications. Please set the stack size to the default value (10240) 
[1468102152.184645] [node016:6529 :0]         sys.c:744  MXM  WARN  Conflicting CPU frequencies detected, using: 1696.59
[1468102152.190722] [node016:6529 :0]         mxm.c:196  MXM  WARN  The 'ulimit -s' on the system is set to 'unlimited'. This may have negative performance implications. Please set the stack size to the default value (10240) 
[1468102152.171375] [node011:30821:0]         sys.c:744  MXM  WARN  Conflicting CPU frequencies detected, using: 1898.81
[1468102152.182318] [node011:30821:0]         mxm.c:196  MXM  WARN  The 'ulimit -s' on the system is set to 'unlimited'. This may have negative performance implications. Please set the stack size to the default value (10240) 
[1468102152.171375] [node011:30821:0]         sys.c:744  MXM  WARN  Conflicting CPU frequencies detected, using: 1898.81
[1468102152.183086] [node011:30821:0]         mxm.c:196  MXM  WARN  The 'ulimit -s' on the system is set to 'unlimited'. This may have negative performance implications. Please set the stack size to the default value (10240) 
[1468102152.171137] [node012:28145:0]         sys.c:744  MXM  WARN  Conflicting CPU frequencies detected, using: 1497.19
[1468102152.182524] [node012:28145:0]         mxm.c:196  MXM  WARN  The 'ulimit -s' on the system is set to 'unlimited'. This may have negative performance implications. Please set the stack size to the default value (10240) 
[1468102152.171137] [node012:28145:0]         sys.c:744  MXM  WARN  Conflicting CPU frequencies detected, using: 1497.19
[1468102152.183261] [node012:28145:0]         mxm.c:196  MXM  WARN  The 'ulimit -s' on the system is set to 'unlimited'. This may have negative performance implications. Please set the stack size to the default value (10240) 
[1468102152.170356] [node015:6836 :0]         sys.c:744  MXM  WARN  Conflicting CPU frequencies detected, using: 1895.25
[1468102152.182241] [node015:6836 :0]         mxm.c:196  MXM  WARN  The 'ulimit -s' on the system is set to 'unlimited'. This may have negative performance implications. Please set the stack size to the default value (10240) 
[1468102152.170356] [node015:6836 :0]         sys.c:744  MXM  WARN  Conflicting CPU frequencies detected, using: 1895.25
[1468102152.181483] [node015:6836 :0]         mxm.c:196  MXM  WARN  The 'ulimit -s' on the system is set to 'unlimited'. This may have negative performance implications. Please set the stack size to the default value (10240) 
[1468102152.174400] [node018:17826:0]         sys.c:744  MXM  WARN  Conflicting CPU frequencies detected, using: 1443.66
[1468102152.186262] [node018:17826:0]         mxm.c:196  MXM  WARN  The 'ulimit -s' on the system is set to 'unlimited'. This may have negative performance implications. Please set the stack size to the default value (10240) 
[1468102152.174400] [node018:17826:0]         sys.c:744  MXM  WARN  Conflicting CPU frequencies detected, using: 1443.66
[1468102152.185492] [node018:17826:0]         mxm.c:196  MXM  WARN  The 'ulimit -s' on the system is set to 'unlimited'. This may have negative performance implications. Please set the stack size to the default value (10240) 
[1468102152.172227] [node013:6063 :0]         sys.c:744  MXM  WARN  Conflicting CPU frequencies detected, using: 1884.75
[1468102152.183071] [node013:6063 :0]         mxm.c:196  MXM  WARN  The 'ulimit -s' on the system is set to 'unlimited'. This may have negative performance implications. Please set the stack size to the default value (10240) 
[1468102152.172227] [node013:6063 :0]         sys.c:744  MXM  WARN  Conflicting CPU frequencies detected, using: 1884.75
[1468102152.184025] [node013:6063 :0]         mxm.c:196  MXM  WARN  The 'ulimit -s' on the system is set to 'unlimited'. This may have negative performance implications. Please set the stack size to the default value (10240) 
[1468102152.174818] [node023:3587 :0]         sys.c:744  MXM  WARN  Conflicting CPU frequencies detected, using: 1450.22
[1468102152.185984] [node023:3587 :0]         mxm.c:196  MXM  WARN  The 'ulimit -s' on the system is set to 'unlimited'. This may have negative performance implications. Please set the stack size to the default value (10240) 
[1468102152.174818] [node023:3587 :0]         sys.c:744  MXM  WARN  Conflicting CPU frequencies detected, using: 1450.22
[1468102152.186998] [node023:3587 :0]         mxm.c:196  MXM  WARN  The 'ulimit -s' on the system is set to 'unlimited'. This may have negative performance implications. Please set the stack size to the default value (10240) 
[1468102152.170526] [node017:29854:0]         sys.c:744  MXM  WARN  Conflicting CPU frequencies detected, using: 1482.56
[1468102152.182152] [node017:29854:0]         mxm.c:196  MXM  WARN  The 'ulimit -s' on the system is set to 'unlimited'. This may have negative performance implications. Please set the stack size to the default value (10240) 
[1468102152.170540] [node054:15512:0]         sys.c:744  MXM  WARN  Conflicting CPU frequencies detected, using: 1592.06
[1468102152.182424] [node054:15512:0]         mxm.c:196  MXM  WARN  The 'ulimit -s' on the system is set to 'unlimited'. This may have negative performance implications. Please set the stack size to the default value (10240) 
[1468102152.171066] [node022:30380:0]         sys.c:744  MXM  WARN  Conflicting CPU frequencies detected, using: 1898.25
[1468102152.183207] [node022:30380:0]         mxm.c:196  MXM  WARN  The 'ulimit -s' on the system is set to 'unlimited'. This may have negative performance implications. Please set the stack size to the default value (10240) 
[1468102152.171066] [node022:30380:0]         sys.c:744  MXM  WARN  Conflicting CPU frequencies detected, using: 1898.25
[1468102152.182471] [node022:30380:0]         mxm.c:196  MXM  WARN  The 'ulimit -s' on the system is set to 'unlimited'. This may have negative performance implications. Please set the stack size to the default value (10240) 
[1468102152.180168] [node009:26687:0]         sys.c:744  MXM  WARN  Conflicting CPU frequencies detected, using: 1795.69
[1468102152.192147] [node009:26687:0]         mxm.c:196  MXM  WARN  The 'ulimit -s' on the system is set to 'unlimited'. This may have negative performance implications. Please set the stack size to the default value (10240) 
[1468102152.167233] [node068:4710 :0]         sys.c:744  MXM  WARN  Conflicting CPU frequencies detected, using: 1898.81
[1468102152.178782] [node068:4710 :0]         mxm.c:196  MXM  WARN  The 'ulimit -s' on the system is set to 'unlimited'. This may have negative performance implications. Please set the stack size to the default value (10240) 
[1468102152.171685] [node020:20339:0]         sys.c:744  MXM  WARN  Conflicting CPU frequencies detected, using: 1596.28
[1468102152.183843] [node020:20339:0]         mxm.c:196  MXM  WARN  The 'ulimit -s' on the system is set to 'unlimited'. This may have negative performance implications. Please set the stack size to the default value (10240) 
[1468102152.171685] [node020:20339:0]         sys.c:744  MXM  WARN  Conflicting CPU frequencies detected, using: 1596.28
[1468102152.183085] [node020:20339:0]         mxm.c:196  MXM  WARN  The 'ulimit -s' on the system is set to 'unlimited'. This may have negative performance implications. Please set the stack size to the default value (10240) 
[1468102152.178167] [node056:4229 :0]         sys.c:744  MXM  WARN  Conflicting CPU frequencies detected, using: 3001.78
[1468102152.189945] [node056:4229 :0]         mxm.c:196  MXM  WARN  The 'ulimit -s' on the system is set to 'unlimited'. This may have negative performance implications. Please set the stack size to the default value (10240) 
[1468102152.178167] [node056:4229 :0]         sys.c:744  MXM  WARN  Conflicting CPU frequencies detected, using: 3001.78
[1468102152.189223] [node056:4229 :0]         mxm.c:196  MXM  WARN  The 'ulimit -s' on the system is set to 'unlimited'. This may have negative performance implications. Please set the stack size to the default value (10240) 
[1468102152.175814] [node064:9906 :0]         sys.c:744  MXM  WARN  Conflicting CPU frequencies detected, using: 2619.19
[1468102152.187761] [node064:9906 :0]         mxm.c:196  MXM  WARN  The 'ulimit -s' on the system is set to 'unlimited'. This may have negative performance implications. Please set the stack size to the default value (10240) 
[1468102152.185955] [node062:31241:0]         sys.c:744  MXM  WARN  Conflicting CPU frequencies detected, using: 3168.66
[1468102152.198017] [node062:31241:0]         mxm.c:196  MXM  WARN  The 'ulimit -s' on the system is set to 'unlimited'. This may have negative performance implications. Please set the stack size to the default value (10240) 
[1468102152.177238] [node066:3337 :0]         sys.c:744  MXM  WARN  Conflicting CPU frequencies detected, using: 1898.53
[1468102152.188488] [node066:3337 :0]         mxm.c:196  MXM  WARN  The 'ulimit -s' on the system is set to 'unlimited'. This may have negative performance implications. Please set the stack size to the default value (10240) 
[1468102152.177238] [node066:3337 :0]         sys.c:744  MXM  WARN  Conflicting CPU frequencies detected, using: 1898.53
[1468102152.189473] [node066:3337 :0]         mxm.c:196  MXM  WARN  The 'ulimit -s' on the system is set to 'unlimited'. This may have negative performance implications. Please set the stack size to the default value (10240) 
[1468102152.167233] [node068:4710 :0]         sys.c:744  MXM  WARN  Conflicting CPU frequencies detected, using: 1898.81
[1468102152.179559] [node068:4710 :0]         mxm.c:196  MXM  WARN  The 'ulimit -s' on the system is set to 'unlimited'. This may have negative performance implications. Please set the stack size to the default value (10240) 
[1468102152.175021] [node067:8547 :0]         sys.c:744  MXM  WARN  Conflicting CPU frequencies detected, using: 1659.28
[1468102152.186379] [node067:8547 :0]         mxm.c:196  MXM  WARN  The 'ulimit -s' on the system is set to 'unlimited'. This may have negative performance implications. Please set the stack size to the default value (10240) 
[1468102152.175021] [node067:8547 :0]         sys.c:744  MXM  WARN  Conflicting CPU frequencies detected, using: 1659.28
[1468102152.187343] [node067:8547 :0]         mxm.c:196  MXM  WARN  The 'ulimit -s' on the system is set to 'unlimited'. This may have negative performance implications. Please set the stack size to the default value (10240) 
[1468102152.175934] [node055:9263 :0]         sys.c:744  MXM  WARN  Conflicting CPU frequencies detected, using: 1897.69
[1468102152.188169] [node055:9263 :0]         mxm.c:196  MXM  WARN  The 'ulimit -s' on the system is set to 'unlimited'. This may have negative performance implications. Please set the stack size to the default value (10240) 
[1468102152.170526] [node017:29854:0]         sys.c:744  MXM  WARN  Conflicting CPU frequencies detected, using: 1482.56
[1468102152.181381] [node017:29854:0]         mxm.c:196  MXM  WARN  The 'ulimit -s' on the system is set to 'unlimited'. This may have negative performance implications. Please set the stack size to the default value (10240) 
[1468102152.170540] [node054:15512:0]         sys.c:744  MXM  WARN  Conflicting CPU frequencies detected, using: 1592.06
[1468102152.181671] [node054:15512:0]         mxm.c:196  MXM  WARN  The 'ulimit -s' on the system is set to 'unlimited'. This may have negative performance implications. Please set the stack size to the default value (10240) 
[1468102152.185955] [node062:31241:0]         sys.c:744  MXM  WARN  Conflicting CPU frequencies detected, using: 3168.66
[1468102152.197268] [node062:31241:0]         mxm.c:196  MXM  WARN  The 'ulimit -s' on the system is set to 'unlimited'. This may have negative performance implications. Please set the stack size to the default value (10240) 
[1468102152.175814] [node064:9906 :0]         sys.c:744  MXM  WARN  Conflicting CPU frequencies detected, using: 2619.19
[1468102152.186970] [node064:9906 :0]         mxm.c:196  MXM  WARN  The 'ulimit -s' on the system is set to 'unlimited'. This may have negative performance implications. Please set the stack size to the default value (10240) 
[1468102152.180168] [node009:26687:0]         sys.c:744  MXM  WARN  Conflicting CPU frequencies detected, using: 1795.69
[1468102152.191444] [node009:26687:0]         mxm.c:196  MXM  WARN  The 'ulimit -s' on the system is set to 'unlimited'. This may have negative performance implications. Please set the stack size to the default value (10240) 
[1468102152.175934] [node055:9263 :0]         sys.c:744  MXM  WARN  Conflicting CPU frequencies detected, using: 1897.69
[1468102152.187430] [node055:9263 :0]         mxm.c:196  MXM  WARN  The 'ulimit -s' on the system is set to 'unlimited'. This may have negative performance implications. Please set the stack size to the default value (10240) 
UPCR: UPC thread  1 of 64 on node008 (pshm node  0 of 32, process  1 of 64, pid=1274)
UPCR: UPC thread  0 of 64 on node008 (pshm node  0 of 32, process  0 of 64, pid=1273)
UPCR: UPC thread  7 of 64 on node011 (pshm node  3 of 32, process  7 of 64, pid=30864)
UPCR: UPC thread  6 of 64 on node011 (pshm node  3 of 32, process  6 of 64, pid=30863)
UPCR: UPC thread 35 of 64 on node054 (pshm node 17 of 32, process 35 of 64, pid=15555)
UPCR: UPC thread 34 of 64 on node054 (pshm node 17 of 32, process 34 of 64, pid=15554)
UPCR: UPC thread 13 of 64 on node014 (pshm node  6 of 32, process 13 of 64, pid=16814)
UPCR: UPC thread 12 of 64 on node014 (pshm node  6 of 32, process 12 of 64, pid=16813)
UPCR: UPC thread 36 of 64 on node055 (pshm node 18 of 32, process 36 of 64, pid=9305)
UPCR: UPC thread 37 of 64 on node055 (pshm node 18 of 32, process 37 of 64, pid=9306)
UPCR: UPC thread 15 of 64 on node015 (pshm node  7 of 32, process 15 of 64, pid=6879)
UPCR: UPC thread 14 of 64 on node015 (pshm node  7 of 32, process 14 of 64, pid=6878)
UPCR: UPC thread 45 of 64 on node059 (pshm node 22 of 32, process 45 of 64, pid=3524)
UPCR: UPC thread 44 of 64 on node059 (pshm node 22 of 32, process 44 of 64, pid=3523)
UPCR: UPC thread 19 of 64 on node017 (pshm node  9 of 32, process 19 of 64, pid=29897)
UPCR: UPC thread 18 of 64 on node017 (pshm node  9 of 32, process 18 of 64, pid=29896)
UPCR: UPC thread 11 of 64 on node013 (pshm node  5 of 32, process 11 of 64, pid=6106)
UPCR: UPC thread 10 of 64 on node013 (pshm node  5 of 32, process 10 of 64, pid=6105)
UPCR: UPC thread 42 of 64 on node058 (pshm node 21 of 32, process 42 of 64, pid=918)
UPCR: UPC thread 43 of 64 on node058 (pshm node 21 of 32, process 43 of 64, pid=919)
UPCR: UPC thread  5 of 64 on node010 (pshm node  2 of 32, process  5 of 64, pid=23791)
UPCR: UPC thread  4 of 64 on node010 (pshm node  2 of 32, process  4 of 64, pid=23790)
UPCR: UPC thread  9 of 64 on node012 (pshm node  4 of 32, process  9 of 64, pid=28189)
UPCR: UPC thread  8 of 64 on node012 (pshm node  4 of 32, process  8 of 64, pid=28188)
UPCR: UPC thread  2 of 64 on node009 (pshm node  1 of 32, process  2 of 64, pid=26729)
UPCR: UPC thread  3 of 64 on node009 (pshm node  1 of 32, process  3 of 64, pid=26730)
UPCR: UPC thread 51 of 64 on node062 (pshm node 25 of 32, process 51 of 64, pid=31285)
UPCR: UPC thread 50 of 64 on node062 (pshm node 25 of 32, process 50 of 64, pid=31284)
UPCR: UPC thread 27 of 64 on node021 (pshm node 13 of 32, process 27 of 64, pid=717)
UPCR: UPC thread 26 of 64 on node021 (pshm node 13 of 32, process 26 of 64, pid=716)
UPCR: UPC thread 53 of 64 on node063 (pshm node 26 of 32, process 53 of 64, pid=4444)
UPCR: UPC thread 52 of 64 on node063 (pshm node 26 of 32, process 52 of 64, pid=4443)
UPCR: UPC thread 41 of 64 on node057 (pshm node 20 of 32, process 41 of 64, pid=3369)
UPCR: UPC thread 40 of 64 on node057 (pshm node 20 of 32, process 40 of 64, pid=3368)
UPCR: UPC thread 61 of 64 on node067 (pshm node 30 of 32, process 61 of 64, pid=8590)
UPCR: UPC thread 60 of 64 on node067 (pshm node 30 of 32, process 60 of 64, pid=8589)
UPCR: UPC thread 31 of 64 on node023 (pshm node 15 of 32, process 31 of 64, pid=3630)
UPCR: UPC thread 30 of 64 on node023 (pshm node 15 of 32, process 30 of 64, pid=3629)
UPCR: UPC thread 39 of 64 on node056 (pshm node 19 of 32, process 39 of 64, pid=4272)
UPCR: UPC thread 38 of 64 on node056 (pshm node 19 of 32, process 38 of 64, pid=4271)
UPCR: UPC thread 23 of 64 on node019 (pshm node 11 of 32, process 23 of 64, pid=8818)
UPCR: UPC thread 22 of 64 on node019 (pshm node 11 of 32, process 22 of 64, pid=8817)
UPCR: UPC thread 55 of 64 on node064 (pshm node 27 of 32, process 55 of 64, pid=9949)
UPCR: UPC thread 54 of 64 on node064 (pshm node 27 of 32, process 54 of 64, pid=9948)
UPCR: UPC thread 33 of 64 on node053 (pshm node 16 of 32, process 33 of 64, pid=9629)
UPCR: UPC thread 32 of 64 on node053 (pshm node 16 of 32, process 32 of 64, pid=9628)
UPCR: UPC thread 59 of 64 on node066 (pshm node 29 of 32, process 59 of 64, pid=3380)
UPCR: UPC thread 58 of 64 on node066 (pshm node 29 of 32, process 58 of 64, pid=3379)
UPCR: UPC thread 25 of 64 on node020 (pshm node 12 of 32, process 25 of 64, pid=20382)
UPCR: UPC thread 24 of 64 on node020 (pshm node 12 of 32, process 24 of 64, pid=20381)
UPCR: UPC thread 49 of 64 on node061 (pshm node 24 of 32, process 49 of 64, pid=29732)
UPCR: UPC thread 48 of 64 on node061 (pshm node 24 of 32, process 48 of 64, pid=29731)
UPCR: UPC thread 47 of 64 on node060 (pshm node 23 of 32, process 47 of 64, pid=6058)
UPCR: UPC thread 46 of 64 on node060 (pshm node 23 of 32, process 46 of 64, pid=6057)
UPCR: UPC thread 17 of 64 on node016 (pshm node  8 of 32, process 17 of 64, pid=6572)
UPCR: UPC thread 16 of 64 on node016 (pshm node  8 of 32, process 16 of 64, pid=6571)
UPCR: UPC thread 63 of 64 on node068 (pshm node 31 of 32, process 63 of 64, pid=4761)
UPCR: UPC thread 62 of 64 on node068 (pshm node 31 of 32, process 62 of 64, pid=4760)
UPCR: UPC thread 57 of 64 on node065 (pshm node 28 of 32, process 57 of 64, pid=424)
UPCR: UPC thread 56 of 64 on node065 (pshm node 28 of 32, process 56 of 64, pid=423)
UPCR: UPC thread 21 of 64 on node018 (pshm node 10 of 32, process 21 of 64, pid=17869)
UPCR: UPC thread 20 of 64 on node018 (pshm node 10 of 32, process 20 of 64, pid=17868)
UPCR: UPC thread 29 of 64 on node022 (pshm node 14 of 32, process 29 of 64, pid=30423)
UPCR: UPC thread 28 of 64 on node022 (pshm node 14 of 32, process 28 of 64, pid=30422)
using a cache granularity of 8
using linear probing in the BDD table
using a memoization table of 2^25 = 33554432 entries (~1280 MB) per thread
using a BDD table of 2^26 = 67108864 entries (~1536 MB) per thread
Initializing /home/oortwijn/distdd/models/beem/needham.2.bdd!
vector size: 21
bits per integer: 12
number of BDD variables: 252
Loading initial states: 
Initial states loaded... 
Loading transition relations... 
21 integers per state, 12 bits per integer, 47 transition groups
BDD nodes:
Initial states: 252 BDD nodes
Transition 0: 76 BDD nodes
Transition 1: 803 BDD nodes
Transition 2: 124 BDD nodes
Transition 3: 148 BDD nodes
Transition 4: 0 BDD nodes
Transition 5: 76 BDD nodes
Transition 6: 100 BDD nodes
Transition 7: 100 BDD nodes
Transition 8: 76 BDD nodes
Transition 9: 100 BDD nodes
Transition 10: 76 BDD nodes
Transition 11: 129 BDD nodes
Transition 12: 639 BDD nodes
Transition 13: 0 BDD nodes
Transition 14: 94 BDD nodes
Transition 15: 124 BDD nodes
Transition 16: 0 BDD nodes
Transition 17: 124 BDD nodes
Transition 18: 76 BDD nodes
Transition 19: 100 BDD nodes
Transition 20: 630 BDD nodes
Transition 21: 918 BDD nodes
Transition 22: 111 BDD nodes
Transition 23: 76 BDD nodes
Transition 24: 88 BDD nodes
Transition 25: 0 BDD nodes
Transition 26: 124 BDD nodes
Transition 27: 94 BDD nodes
Transition 28: 0 BDD nodes
Transition 29: 124 BDD nodes
Transition 30: 100 BDD nodes
Transition 31: 76 BDD nodes
Transition 32: 124 BDD nodes
Transition 33: 124 BDD nodes
Transition 34: 151 BDD nodes
Transition 35: 76 BDD nodes
Transition 36: 100 BDD nodes
Transition 37: 0 BDD nodes
Transition 38: 0 BDD nodes
Transition 39: 148 BDD nodes
Transition 40: 0 BDD nodes
Transition 41: 76 BDD nodes
Transition 42: 76 BDD nodes
Transition 43: 44 BDD nodes
Transition 44: 267 BDD nodes
Transition 45: 76 BDD nodes
Transition 46: 123 BDD nodes
Level 1... done.
Level 2... done.
PAR Time: 0.019015
Final states: 0 states
Final states: 0 BDD nodes
[1468102152.175814] [node064:9906 :0]         sys.c:744  MXM  WARN  Conflicting CPU frequencies detected, using: 2619.19
[1468102152.178158] [node061:29689:0]         sys.c:744  MXM  WARN  Conflicting CPU frequencies detected, using: 1897.50
[1468102152.185955] [node062:31241:0]         sys.c:744  MXM  WARN  Conflicting CPU frequencies detected, using: 3168.66
[1468102152.178167] [node056:4229 :0]         sys.c:744  MXM  WARN  Conflicting CPU frequencies detected, using: 3001.78
[1468102152.177238] [node066:3337 :0]         sys.c:744  MXM  WARN  Conflicting CPU frequencies detected, using: 1898.53
[1468102152.175021] [node067:8547 :0]         sys.c:744  MXM  WARN  Conflicting CPU frequencies detected, using: 1659.28
[1468102151.809118] [node008:1234 :0]         sys.c:744  MXM  WARN  Conflicting CPU frequencies detected, using: 1998.09
[1468102152.170540] [node054:15512:0]         sys.c:744  MXM  WARN  Conflicting CPU frequencies detected, using: 1592.06
[1468102152.181224] [node065:365  :0]         sys.c:744  MXM  WARN  Conflicting CPU frequencies detected, using: 1698.09
[1468102152.170526] [node017:29854:0]         sys.c:744  MXM  WARN  Conflicting CPU frequencies detected, using: 1482.56
[1468102152.172227] [node013:6063 :0]         sys.c:744  MXM  WARN  Conflicting CPU frequencies detected, using: 1884.75
[1468102152.167233] [node068:4710 :0]         sys.c:744  MXM  WARN  Conflicting CPU frequencies detected, using: 1898.81
[1468102152.171137] [node012:28145:0]         sys.c:744  MXM  WARN  Conflicting CPU frequencies detected, using: 1497.19
[1468102152.184011] [node060:6015 :0]         sys.c:744  MXM  WARN  Conflicting CPU frequencies detected, using: 2674.31
[1468102152.162520] [node053:9586 :0]         sys.c:744  MXM  WARN  Conflicting CPU frequencies detected, using: 1400.53
[1468102152.186360] [node059:3474 :0]         sys.c:744  MXM  WARN  Conflicting CPU frequencies detected, using: 1599.66
[1468102152.171685] [node020:20339:0]         sys.c:744  MXM  WARN  Conflicting CPU frequencies detected, using: 1596.28
[1468102152.185639] [node063:4401 :0]         sys.c:744  MXM  WARN  Conflicting CPU frequencies detected, using: 1699.69
[1468102152.175331] [node057:3325 :0]         sys.c:744  MXM  WARN  Conflicting CPU frequencies detected, using: 1491.94
[1468102152.164733] [node058:874  :0]         sys.c:744  MXM  WARN  Conflicting CPU frequencies detected, using: 1476.75
[1468102152.174818] [node023:3587 :0]         sys.c:744  MXM  WARN  Conflicting CPU frequencies detected, using: 1450.22
[1468102152.175934] [node055:9263 :0]         sys.c:744  MXM  WARN  Conflicting CPU frequencies detected, using: 1897.69
[1468102152.180700] [node021:673  :0]         sys.c:744  MXM  WARN  Conflicting CPU frequencies detected, using: 1507.78
[1468102152.175918] [node010:23745:0]         sys.c:744  MXM  WARN  Conflicting CPU frequencies detected, using: 1899.56
[1468102152.174400] [node018:17826:0]         sys.c:744  MXM  WARN  Conflicting CPU frequencies detected, using: 1443.66
[1468102152.170356] [node015:6836 :0]         sys.c:744  MXM  WARN  Conflicting CPU frequencies detected, using: 1895.25
[1468102152.180532] [node014:16771:0]         sys.c:744  MXM  WARN  Conflicting CPU frequencies detected, using: 1999.97
[1468102152.171066] [node022:30380:0]         sys.c:744  MXM  WARN  Conflicting CPU frequencies detected, using: 1898.25
[1468102152.180168] [node009:26687:0]         sys.c:744  MXM  WARN  Conflicting CPU frequencies detected, using: 1795.69
[1468102152.184645] [node016:6529 :0]         sys.c:744  MXM  WARN  Conflicting CPU frequencies detected, using: 1696.59
[1468102152.184048] [node019:8775 :0]         sys.c:744  MXM  WARN  Conflicting CPU frequencies detected, using: 1794.84
[1468102152.171375] [node011:30821:0]         sys.c:744  MXM  WARN  Conflicting CPU frequencies detected, using: 1898.81
[1468102151.788272] [node008:1189 :0]         sys.c:744  MXM  WARN  Conflicting CPU frequencies detected, using: 1957.78
