performing reachability, flags: -n 16 -N 8 -shared-heap 8GB --tablesize=26 --cachesize=25  
This is upcrun, job spawner for the Berkeley UPC compiler (http://upc.lbl.gov).
upcrun version 2.22.2
Network conduits supported by this installation: smp mxm ibv
[1468144340.448634] [node008:24850:0]         sys.c:744  MXM  WARN  Conflicting CPU frequencies detected, using: 2167.88
[1468144340.460043] [node008:24850:0]         mxm.c:196  MXM  WARN  The 'ulimit -s' on the system is set to 'unlimited'. This may have negative performance implications. Please set the stack size to the default value (10240) 
[1468144340.448634] [node008:24850:0]         sys.c:744  MXM  WARN  Conflicting CPU frequencies detected, using: 2167.88
[1468144340.459300] [node008:24850:0]         mxm.c:196  MXM  WARN  The 'ulimit -s' on the system is set to 'unlimited'. This may have negative performance implications. Please set the stack size to the default value (10240) 
[1468144340.803459] [node014:16411:0]         sys.c:744  MXM  WARN  Conflicting CPU frequencies detected, using: 1896.75
[1468144340.810041] [node014:16411:0]         mxm.c:196  MXM  WARN  The 'ulimit -s' on the system is set to 'unlimited'. This may have negative performance implications. Please set the stack size to the default value (10240) 
[1468144340.803459] [node014:16411:0]         sys.c:744  MXM  WARN  Conflicting CPU frequencies detected, using: 1896.75
[1468144340.809508] [node014:16411:0]         mxm.c:196  MXM  WARN  The 'ulimit -s' on the system is set to 'unlimited'. This may have negative performance implications. Please set the stack size to the default value (10240) 
[1468144340.810441] [node010:29236:0]         sys.c:744  MXM  WARN  Conflicting CPU frequencies detected, using: 1698.47
[1468144340.816964] [node010:29236:0]         mxm.c:196  MXM  WARN  The 'ulimit -s' on the system is set to 'unlimited'. This may have negative performance implications. Please set the stack size to the default value (10240) 
[1468144340.810441] [node010:29236:0]         sys.c:744  MXM  WARN  Conflicting CPU frequencies detected, using: 1698.47
[1468144340.816648] [node010:29236:0]         mxm.c:196  MXM  WARN  The 'ulimit -s' on the system is set to 'unlimited'. This may have negative performance implications. Please set the stack size to the default value (10240) 
[1468144340.799341] [node013:31486:0]         sys.c:744  MXM  WARN  Conflicting CPU frequencies detected, using: 1681.31
[1468144340.811499] [node013:31486:0]         mxm.c:196  MXM  WARN  The 'ulimit -s' on the system is set to 'unlimited'. This may have negative performance implications. Please set the stack size to the default value (10240) 
[1468144340.797171] [node012:22821:0]         sys.c:744  MXM  WARN  Conflicting CPU frequencies detected, using: 1539.28
[1468144340.808884] [node012:22821:0]         mxm.c:196  MXM  WARN  The 'ulimit -s' on the system is set to 'unlimited'. This may have negative performance implications. Please set the stack size to the default value (10240) 
[1468144340.797171] [node012:22821:0]         sys.c:744  MXM  WARN  Conflicting CPU frequencies detected, using: 1539.28
[1468144340.809639] [node012:22821:0]         mxm.c:196  MXM  WARN  The 'ulimit -s' on the system is set to 'unlimited'. This may have negative performance implications. Please set the stack size to the default value (10240) 
[1468144340.800855] [node015:31029:0]         sys.c:744  MXM  WARN  Conflicting CPU frequencies detected, using: 1584.19
[1468144340.812766] [node015:31029:0]         mxm.c:196  MXM  WARN  The 'ulimit -s' on the system is set to 'unlimited'. This may have negative performance implications. Please set the stack size to the default value (10240) 
[1468144340.805061] [node011:28675:0]         sys.c:744  MXM  WARN  Conflicting CPU frequencies detected, using: 1896.28
[1468144340.816312] [node011:28675:0]         mxm.c:196  MXM  WARN  The 'ulimit -s' on the system is set to 'unlimited'. This may have negative performance implications. Please set the stack size to the default value (10240) 
[1468144340.805061] [node011:28675:0]         sys.c:744  MXM  WARN  Conflicting CPU frequencies detected, using: 1896.28
[1468144340.817063] [node011:28675:0]         mxm.c:196  MXM  WARN  The 'ulimit -s' on the system is set to 'unlimited'. This may have negative performance implications. Please set the stack size to the default value (10240) 
[1468144340.795557] [node009:1502 :0]         sys.c:744  MXM  WARN  Conflicting CPU frequencies detected, using: 1495.50
[1468144340.807223] [node009:1502 :0]         mxm.c:196  MXM  WARN  The 'ulimit -s' on the system is set to 'unlimited'. This may have negative performance implications. Please set the stack size to the default value (10240) 
[1468144340.799341] [node013:31486:0]         sys.c:744  MXM  WARN  Conflicting CPU frequencies detected, using: 1681.31
[1468144340.810757] [node013:31486:0]         mxm.c:196  MXM  WARN  The 'ulimit -s' on the system is set to 'unlimited'. This may have negative performance implications. Please set the stack size to the default value (10240) 
[1468144340.795557] [node009:1502 :0]         sys.c:744  MXM  WARN  Conflicting CPU frequencies detected, using: 1495.50
[1468144340.806439] [node009:1502 :0]         mxm.c:196  MXM  WARN  The 'ulimit -s' on the system is set to 'unlimited'. This may have negative performance implications. Please set the stack size to the default value (10240) 
[1468144340.800855] [node015:31029:0]         sys.c:744  MXM  WARN  Conflicting CPU frequencies detected, using: 1584.19
[1468144340.812013] [node015:31029:0]         mxm.c:196  MXM  WARN  The 'ulimit -s' on the system is set to 'unlimited'. This may have negative performance implications. Please set the stack size to the default value (10240) 
UPCR: UPC thread  1 of 16 on node008 (pshm node 0 of 8, process  1 of 16, pid=24859)
UPCR: UPC thread  0 of 16 on node008 (pshm node 0 of 8, process  0 of 16, pid=24858)
UPCR: UPC thread 11 of 16 on node013 (pshm node 5 of 8, process 11 of 16, pid=31529)
UPCR: UPC thread 10 of 16 on node013 (pshm node 5 of 8, process 10 of 16, pid=31528)
UPCR: UPC thread  2 of 16 on node009 (pshm node 1 of 8, process  2 of 16, pid=1544)
UPCR: UPC thread  3 of 16 on node009 (pshm node 1 of 8, process  3 of 16, pid=1545)
UPCR: UPC thread 12 of 16 on node014 (pshm node 6 of 8, process 12 of 16, pid=16453)
UPCR: UPC thread 13 of 16 on node014 (pshm node 6 of 8, process 13 of 16, pid=16454)
UPCR: UPC thread  5 of 16 on node010 (pshm node 2 of 8, process  5 of 16, pid=29279)
UPCR: UPC thread  4 of 16 on node010 (pshm node 2 of 8, process  4 of 16, pid=29278)
UPCR: UPC thread 14 of 16 on node015 (pshm node 7 of 8, process 14 of 16, pid=31071)
UPCR: UPC thread 15 of 16 on node015 (pshm node 7 of 8, process 15 of 16, pid=31072)
UPCR: UPC thread  7 of 16 on node011 (pshm node 3 of 8, process  7 of 16, pid=28718)
UPCR: UPC thread  6 of 16 on node011 (pshm node 3 of 8, process  6 of 16, pid=28717)
UPCR: UPC thread  9 of 16 on node012 (pshm node 4 of 8, process  9 of 16, pid=22864)
UPCR: UPC thread  8 of 16 on node012 (pshm node 4 of 8, process  8 of 16, pid=22863)
using a cache granularity of 8
using linear probing in the BDD table
using a memoization table of 2^25 = 33554432 entries (~1280 MB) per thread
using a BDD table of 2^26 = 67108864 entries (~1536 MB) per thread
Initializing /home/oortwijn/distdd/models/beem/needham.4.bdd!
vector size: 28
bits per integer: 12
number of BDD variables: 336
Loading initial states: 
Initial states loaded... 
Loading transition relations... 
28 integers per state, 12 bits per integer, 76 transition groups
BDD nodes:
Initial states: 336 BDD nodes
Transition 0: 76 BDD nodes
Transition 1: 767 BDD nodes
Transition 2: 124 BDD nodes
Transition 3: 124 BDD nodes
Transition 4: 148 BDD nodes
Transition 5: 0 BDD nodes
Transition 6: 76 BDD nodes
Transition 7: 100 BDD nodes
Transition 8: 100 BDD nodes
Transition 9: 76 BDD nodes
Transition 10: 100 BDD nodes
Transition 11: 76 BDD nodes
Transition 12: 100 BDD nodes
Transition 13: 76 BDD nodes
Transition 14: 146 BDD nodes
Transition 15: 678 BDD nodes
Transition 16: 95 BDD nodes
Transition 17: 0 BDD nodes
Transition 18: 124 BDD nodes
Transition 19: 124 BDD nodes
Transition 20: 0 BDD nodes
Transition 21: 76 BDD nodes
Transition 22: 100 BDD nodes
Transition 23: 100 BDD nodes
Transition 24: 76 BDD nodes
Transition 25: 684 BDD nodes
Transition 26: 972 BDD nodes
Transition 27: 972 BDD nodes
Transition 28: 124 BDD nodes
Transition 29: 76 BDD nodes
Transition 30: 88 BDD nodes
Transition 31: 95 BDD nodes
Transition 32: 124 BDD nodes
Transition 33: 0 BDD nodes
Transition 34: 124 BDD nodes
Transition 35: 0 BDD nodes
Transition 36: 100 BDD nodes
Transition 37: 76 BDD nodes
Transition 38: 76 BDD nodes
Transition 39: 100 BDD nodes
Transition 40: 124 BDD nodes
Transition 41: 124 BDD nodes
Transition 42: 124 BDD nodes
Transition 43: 172 BDD nodes
Transition 44: 88 BDD nodes
Transition 45: 124 BDD nodes
Transition 46: 95 BDD nodes
Transition 47: 0 BDD nodes
Transition 48: 0 BDD nodes
Transition 49: 124 BDD nodes
Transition 50: 76 BDD nodes
Transition 51: 100 BDD nodes
Transition 52: 76 BDD nodes
Transition 53: 100 BDD nodes
Transition 54: 124 BDD nodes
Transition 55: 124 BDD nodes
Transition 56: 124 BDD nodes
Transition 57: 172 BDD nodes
Transition 58: 76 BDD nodes
Transition 59: 100 BDD nodes
Transition 60: 100 BDD nodes
Transition 61: 76 BDD nodes
Transition 62: 0 BDD nodes
Transition 63: 0 BDD nodes
Transition 64: 148 BDD nodes
Transition 65: 0 BDD nodes
Transition 66: 148 BDD nodes
Transition 67: 0 BDD nodes
Transition 68: 76 BDD nodes
Transition 69: 76 BDD nodes
Transition 70: 44 BDD nodes
Transition 71: 290 BDD nodes
Transition 72: 76 BDD nodes
Transition 73: 138 BDD nodes
Transition 74: 76 BDD nodes
Transition 75: 138 BDD nodes
Level 1... done.
Level 2... done.
PAR Time: 0.031223
Final states: 0 states
Final states: 0 BDD nodes
[1468144340.797171] [node012:22821:0]         sys.c:744  MXM  WARN  Conflicting CPU frequencies detected, using: 1539.28
[1468144340.800855] [node015:31029:0]         sys.c:744  MXM  WARN  Conflicting CPU frequencies detected, using: 1584.19
[1468144340.448634] [node008:24850:0]         sys.c:744  MXM  WARN  Conflicting CPU frequencies detected, using: 2167.88
[1468144340.799341] [node013:31486:0]         sys.c:744  MXM  WARN  Conflicting CPU frequencies detected, using: 1681.31
[1468144340.795557] [node009:1502 :0]         sys.c:744  MXM  WARN  Conflicting CPU frequencies detected, using: 1495.50
[1468144340.810441] [node010:29236:0]         sys.c:744  MXM  WARN  Conflicting CPU frequencies detected, using: 1698.47
[1468144340.803459] [node014:16411:0]         sys.c:744  MXM  WARN  Conflicting CPU frequencies detected, using: 1896.75
[1468144340.805061] [node011:28675:0]         sys.c:744  MXM  WARN  Conflicting CPU frequencies detected, using: 1896.28
[1468144340.429393] [node008:24806:0]         sys.c:744  MXM  WARN  Conflicting CPU frequencies detected, using: 2097.84
