performing reachability, flags: -n 64 -N 8 -shared-heap 2GB --tablesize=24 --cachesize=23  
This is upcrun, job spawner for the Berkeley UPC compiler (http://upc.lbl.gov).
upcrun version 2.22.2
Network conduits supported by this installation: smp mxm ibv
[1468144160.105159] [node053:29975:0]         sys.c:744  MXM  WARN  Conflicting CPU frequencies detected, using: 2094.84
[1468144160.113243] [node053:29975:0]         mxm.c:196  MXM  WARN  The 'ulimit -s' on the system is set to 'unlimited'. This may have negative performance implications. Please set the stack size to the default value (10240) 
[1468144160.105159] [node053:29975:0]         sys.c:744  MXM  WARN  Conflicting CPU frequencies detected, using: 2094.84
[1468144160.113597] [node053:29975:0]         mxm.c:196  MXM  WARN  The 'ulimit -s' on the system is set to 'unlimited'. This may have negative performance implications. Please set the stack size to the default value (10240) 
[1468144160.105159] [node053:29975:0]         sys.c:744  MXM  WARN  Conflicting CPU frequencies detected, using: 2094.84
[1468144160.113193] [node053:29975:0]         mxm.c:196  MXM  WARN  The 'ulimit -s' on the system is set to 'unlimited'. This may have negative performance implications. Please set the stack size to the default value (10240) 
[1468144160.105159] [node053:29975:0]         sys.c:744  MXM  WARN  Conflicting CPU frequencies detected, using: 2094.84
[1468144160.112216] [node053:29975:0]         mxm.c:196  MXM  WARN  The 'ulimit -s' on the system is set to 'unlimited'. This may have negative performance implications. Please set the stack size to the default value (10240) 
[1468144160.105159] [node053:29975:0]         sys.c:744  MXM  WARN  Conflicting CPU frequencies detected, using: 2094.84
[1468144160.112672] [node053:29975:0]         mxm.c:196  MXM  WARN  The 'ulimit -s' on the system is set to 'unlimited'. This may have negative performance implications. Please set the stack size to the default value (10240) 
[1468144160.105159] [node053:29975:0]         sys.c:744  MXM  WARN  Conflicting CPU frequencies detected, using: 2094.84
[1468144160.112471] [node053:29975:0]         mxm.c:196  MXM  WARN  The 'ulimit -s' on the system is set to 'unlimited'. This may have negative performance implications. Please set the stack size to the default value (10240) 
[1468144160.105159] [node053:29975:0]         sys.c:744  MXM  WARN  Conflicting CPU frequencies detected, using: 2094.84
[1468144160.113057] [node053:29975:0]         mxm.c:196  MXM  WARN  The 'ulimit -s' on the system is set to 'unlimited'. This may have negative performance implications. Please set the stack size to the default value (10240) 
[1468144160.105159] [node053:29975:0]         sys.c:744  MXM  WARN  Conflicting CPU frequencies detected, using: 2094.84
[1468144160.111757] [node053:29975:0]         mxm.c:196  MXM  WARN  The 'ulimit -s' on the system is set to 'unlimited'. This may have negative performance implications. Please set the stack size to the default value (10240) 
[1468144160.462136] [node055:19712:0]         sys.c:744  MXM  WARN  Conflicting CPU frequencies detected, using: 1653.47
[1468144160.499766] [node055:19712:0]         mxm.c:196  MXM  WARN  The 'ulimit -s' on the system is set to 'unlimited'. This may have negative performance implications. Please set the stack size to the default value (10240) 
[1468144160.462136] [node055:19712:0]         sys.c:744  MXM  WARN  Conflicting CPU frequencies detected, using: 1653.47
[1468144160.462136] [node055:19712:0]         sys.c:744  MXM  WARN  Conflicting CPU frequencies detected, using: 1653.47
[1468144160.462136] [node055:19712:0]         sys.c:744  MXM  WARN  Conflicting CPU frequencies detected, using: 1653.47
[1468144160.503135] [node055:19712:0]         mxm.c:196  MXM  WARN  The 'ulimit -s' on the system is set to 'unlimited'. This may have negative performance implications. Please set the stack size to the default value (10240) 
[1468144160.446309] [node058:10455:0]         sys.c:744  MXM  WARN  Conflicting CPU frequencies detected, using: 2091.84
[1468144160.453487] [node058:10455:0]         mxm.c:196  MXM  WARN  The 'ulimit -s' on the system is set to 'unlimited'. This may have negative performance implications. Please set the stack size to the default value (10240) 
[1468144160.446309] [node058:10455:0]         sys.c:744  MXM  WARN  Conflicting CPU frequencies detected, using: 2091.84
[1468144160.454898] [node058:10455:0]         mxm.c:196  MXM  WARN  The 'ulimit -s' on the system is set to 'unlimited'. This may have negative performance implications. Please set the stack size to the default value (10240) 
[1468144160.446309] [node058:10455:0]         sys.c:744  MXM  WARN  Conflicting CPU frequencies detected, using: 2091.84
[1468144160.453776] [node058:10455:0]         mxm.c:196  MXM  WARN  The 'ulimit -s' on the system is set to 'unlimited'. This may have negative performance implications. Please set the stack size to the default value (10240) 
[1468144160.446309] [node058:10455:0]         sys.c:744  MXM  WARN  Conflicting CPU frequencies detected, using: 2091.84
[1468144160.455020] [node058:10455:0]         mxm.c:196  MXM  WARN  The 'ulimit -s' on the system is set to 'unlimited'. This may have negative performance implications. Please set the stack size to the default value (10240) 
[1468144160.446309] [node058:10455:0]         sys.c:744  MXM  WARN  Conflicting CPU frequencies detected, using: 2091.84
[1468144160.454472] [node058:10455:0]         mxm.c:196  MXM  WARN  The 'ulimit -s' on the system is set to 'unlimited'. This may have negative performance implications. Please set the stack size to the default value (10240) 
[1468144160.446309] [node058:10455:0]         sys.c:744  MXM  WARN  Conflicting CPU frequencies detected, using: 2091.84
[1468144160.455441] [node058:10455:0]         mxm.c:196  MXM  WARN  The 'ulimit -s' on the system is set to 'unlimited'. This may have negative performance implications. Please set the stack size to the default value (10240) 
[1468144160.453272] [node060:15458:0]         sys.c:744  MXM  WARN  Conflicting CPU frequencies detected, using: 1892.81
[1468144160.462337] [node060:15458:0]         mxm.c:196  MXM  WARN  The 'ulimit -s' on the system is set to 'unlimited'. This may have negative performance implications. Please set the stack size to the default value (10240) 
[1468144160.453272] [node060:15458:0]         sys.c:744  MXM  WARN  Conflicting CPU frequencies detected, using: 1892.81
[1468144160.461900] [node060:15458:0]         mxm.c:196  MXM  WARN  The 'ulimit -s' on the system is set to 'unlimited'. This may have negative performance implications. Please set the stack size to the default value (10240) 
[1468144160.453272] [node060:15458:0]         sys.c:744  MXM  WARN  Conflicting CPU frequencies detected, using: 1892.81
[1468144160.460834] [node060:15458:0]         mxm.c:196  MXM  WARN  The 'ulimit -s' on the system is set to 'unlimited'. This may have negative performance implications. Please set the stack size to the default value (10240) 
[1468144160.453272] [node060:15458:0]         sys.c:744  MXM  WARN  Conflicting CPU frequencies detected, using: 1892.81
[1468144160.462542] [node060:15458:0]         mxm.c:196  MXM  WARN  The 'ulimit -s' on the system is set to 'unlimited'. This may have negative performance implications. Please set the stack size to the default value (10240) 
[1468144160.453272] [node060:15458:0]         sys.c:744  MXM  WARN  Conflicting CPU frequencies detected, using: 1892.81
[1468144160.461639] [node060:15458:0]         mxm.c:196  MXM  WARN  The 'ulimit -s' on the system is set to 'unlimited'. This may have negative performance implications. Please set the stack size to the default value (10240) 
[1468144160.462629] [node057:12239:0]         sys.c:744  MXM  WARN  Conflicting CPU frequencies detected, using: 1499.81
[1468144160.470084] [node057:12239:0]         mxm.c:196  MXM  WARN  The 'ulimit -s' on the system is set to 'unlimited'. This may have negative performance implications. Please set the stack size to the default value (10240) 
[1468144160.462629] [node057:12239:0]         sys.c:744  MXM  WARN  Conflicting CPU frequencies detected, using: 1499.81
[1468144160.469636] [node057:12239:0]         mxm.c:196  MXM  WARN  The 'ulimit -s' on the system is set to 'unlimited'. This may have negative performance implications. Please set the stack size to the default value (10240) 
[1468144160.462629] [node057:12239:0]         sys.c:744  MXM  WARN  Conflicting CPU frequencies detected, using: 1499.81
[1468144160.470203] [node057:12239:0]         mxm.c:196  MXM  WARN  The 'ulimit -s' on the system is set to 'unlimited'. This may have negative performance implications. Please set the stack size to the default value (10240) 
[1468144160.462629] [node057:12239:0]         sys.c:744  MXM  WARN  Conflicting CPU frequencies detected, using: 1499.81
[1468144160.470359] [node057:12239:0]         mxm.c:196  MXM  WARN  The 'ulimit -s' on the system is set to 'unlimited'. This may have negative performance implications. Please set the stack size to the default value (10240) 
[1468144160.462629] [node057:12239:0]         sys.c:744  MXM  WARN  Conflicting CPU frequencies detected, using: 1499.81
[1468144160.471242] [node057:12239:0]         mxm.c:196  MXM  WARN  The 'ulimit -s' on the system is set to 'unlimited'. This may have negative performance implications. Please set the stack size to the default value (10240) 
[1468144160.462629] [node057:12239:0]         sys.c:744  MXM  WARN  Conflicting CPU frequencies detected, using: 1499.81
[1468144160.471157] [node057:12239:0]         mxm.c:196  MXM  WARN  The 'ulimit -s' on the system is set to 'unlimited'. This may have negative performance implications. Please set the stack size to the default value (10240) 
[1468144160.462629] [node057:12239:0]         sys.c:744  MXM  WARN  Conflicting CPU frequencies detected, using: 1499.81
[1468144160.471364] [node057:12239:0]         mxm.c:196  MXM  WARN  The 'ulimit -s' on the system is set to 'unlimited'. This may have negative performance implications. Please set the stack size to the default value (10240) 
[1468144160.462629] [node057:12239:0]         sys.c:744  MXM  WARN  Conflicting CPU frequencies detected, using: 1499.81
[1468144160.471461] [node057:12239:0]         mxm.c:196  MXM  WARN  The 'ulimit -s' on the system is set to 'unlimited'. This may have negative performance implications. Please set the stack size to the default value (10240) 
[1468144160.446309] [node058:10455:0]         sys.c:744  MXM  WARN  Conflicting CPU frequencies detected, using: 2091.84
[1468144160.454673] [node058:10455:0]         mxm.c:196  MXM  WARN  The 'ulimit -s' on the system is set to 'unlimited'. This may have negative performance implications. Please set the stack size to the default value (10240) 
[1468144160.446309] [node058:10455:0]         sys.c:744  MXM  WARN  Conflicting CPU frequencies detected, using: 2091.84
[1468144160.455676] [node058:10455:0]         mxm.c:196  MXM  WARN  The 'ulimit -s' on the system is set to 'unlimited'. This may have negative performance implications. Please set the stack size to the default value (10240) 
[1468144160.453272] [node060:15458:0]         sys.c:744  MXM  WARN  Conflicting CPU frequencies detected, using: 1892.81
[1468144160.463209] [node060:15458:0]         mxm.c:196  MXM  WARN  The 'ulimit -s' on the system is set to 'unlimited'. This may have negative performance implications. Please set the stack size to the default value (10240) 
[1468144160.453272] [node060:15458:0]         sys.c:744  MXM  WARN  Conflicting CPU frequencies detected, using: 1892.81
[1468144160.461792] [node060:15458:0]         mxm.c:196  MXM  WARN  The 'ulimit -s' on the system is set to 'unlimited'. This may have negative performance implications. Please set the stack size to the default value (10240) 
[1468144160.453272] [node060:15458:0]         sys.c:744  MXM  WARN  Conflicting CPU frequencies detected, using: 1892.81
[1468144160.461443] [node060:15458:0]         mxm.c:196  MXM  WARN  The 'ulimit -s' on the system is set to 'unlimited'. This may have negative performance implications. Please set the stack size to the default value (10240) 
[1468144160.454503] [node059:12698:0]         sys.c:744  MXM  WARN  Conflicting CPU frequencies detected, using: 2599.97
[1468144160.462786] [node059:12698:0]         mxm.c:196  MXM  WARN  The 'ulimit -s' on the system is set to 'unlimited'. This may have negative performance implications. Please set the stack size to the default value (10240) 
[1468144160.454503] [node059:12698:0]         sys.c:744  MXM  WARN  Conflicting CPU frequencies detected, using: 2599.97
[1468144160.463307] [node059:12698:0]         mxm.c:196  MXM  WARN  The 'ulimit -s' on the system is set to 'unlimited'. This may have negative performance implications. Please set the stack size to the default value (10240) 
[1468144160.454503] [node059:12698:0]         sys.c:744  MXM  WARN  Conflicting CPU frequencies detected, using: 2599.97
[1468144160.463412] [node059:12698:0]         mxm.c:196  MXM  WARN  The 'ulimit -s' on the system is set to 'unlimited'. This may have negative performance implications. Please set the stack size to the default value (10240) 
[1468144160.454503] [node059:12698:0]         sys.c:744  MXM  WARN  Conflicting CPU frequencies detected, using: 2599.97
[1468144160.464173] [node059:12698:0]         mxm.c:196  MXM  WARN  The 'ulimit -s' on the system is set to 'unlimited'. This may have negative performance implications. Please set the stack size to the default value (10240) 
[1468144160.454503] [node059:12698:0]         sys.c:744  MXM  WARN  Conflicting CPU frequencies detected, using: 2599.97
[1468144160.462453] [node059:12698:0]         mxm.c:196  MXM  WARN  The 'ulimit -s' on the system is set to 'unlimited'. This may have negative performance implications. Please set the stack size to the default value (10240) 
[1468144160.454503] [node059:12698:0]         sys.c:744  MXM  WARN  Conflicting CPU frequencies detected, using: 2599.97
[1468144160.462261] [node059:12698:0]         mxm.c:196  MXM  WARN  The 'ulimit -s' on the system is set to 'unlimited'. This may have negative performance implications. Please set the stack size to the default value (10240) 
[1468144160.454503] [node059:12698:0]         sys.c:744  MXM  WARN  Conflicting CPU frequencies detected, using: 2599.97
[1468144160.463659] [node059:12698:0]         mxm.c:196  MXM  WARN  The 'ulimit -s' on the system is set to 'unlimited'. This may have negative performance implications. Please set the stack size to the default value (10240) 
[1468144160.454503] [node059:12698:0]         sys.c:744  MXM  WARN  Conflicting CPU frequencies detected, using: 2599.97
[1468144160.461392] [node059:12698:0]         mxm.c:196  MXM  WARN  The 'ulimit -s' on the system is set to 'unlimited'. This may have negative performance implications. Please set the stack size to the default value (10240) 
[1468144160.462136] [node055:19712:0]         sys.c:744  MXM  WARN  Conflicting CPU frequencies detected, using: 1653.47
[1468144160.483008] [node055:19712:0]         mxm.c:196  MXM  WARN  The 'ulimit -s' on the system is set to 'unlimited'. This may have negative performance implications. Please set the stack size to the default value (10240) 
[1468144160.465843] [node054:27158:0]         sys.c:744  MXM  WARN  Conflicting CPU frequencies detected, using: 2035.59
[1468144160.486846] [node054:27158:0]         mxm.c:196  MXM  WARN  The 'ulimit -s' on the system is set to 'unlimited'. This may have negative performance implications. Please set the stack size to the default value (10240) 
[1468144160.462136] [node055:19712:0]         sys.c:744  MXM  WARN  Conflicting CPU frequencies detected, using: 1653.47
[1468144160.489320] [node055:19712:0]         mxm.c:196  MXM  WARN  The 'ulimit -s' on the system is set to 'unlimited'. This may have negative performance implications. Please set the stack size to the default value (10240) 
[1468144160.500499] [node055:19712:0]         mxm.c:196  MXM  WARN  The 'ulimit -s' on the system is set to 'unlimited'. This may have negative performance implications. Please set the stack size to the default value (10240) 
[1468144160.462136] [node055:19712:0]         sys.c:744  MXM  WARN  Conflicting CPU frequencies detected, using: 1653.47
[1468144160.496453] [node055:19712:0]         mxm.c:196  MXM  WARN  The 'ulimit -s' on the system is set to 'unlimited'. This may have negative performance implications. Please set the stack size to the default value (10240) 
[1468144160.502363] [node055:19712:0]         mxm.c:196  MXM  WARN  The 'ulimit -s' on the system is set to 'unlimited'. This may have negative performance implications. Please set the stack size to the default value (10240) 
[1468144160.458289] [node056:13549:0]         sys.c:744  MXM  WARN  Conflicting CPU frequencies detected, using: 2115.00
[1468144160.493368] [node056:13549:0]         mxm.c:196  MXM  WARN  The 'ulimit -s' on the system is set to 'unlimited'. This may have negative performance implications. Please set the stack size to the default value (10240) 
[1468144160.458289] [node056:13549:0]         sys.c:744  MXM  WARN  Conflicting CPU frequencies detected, using: 2115.00
[1468144160.491896] [node056:13549:0]         mxm.c:196  MXM  WARN  The 'ulimit -s' on the system is set to 'unlimited'. This may have negative performance implications. Please set the stack size to the default value (10240) 
[1468144160.458289] [node056:13549:0]         sys.c:744  MXM  WARN  Conflicting CPU frequencies detected, using: 2115.00
[1468144160.494184] [node056:13549:0]         mxm.c:196  MXM  WARN  The 'ulimit -s' on the system is set to 'unlimited'. This may have negative performance implications. Please set the stack size to the default value (10240) 
[1468144160.465843] [node054:27158:0]         sys.c:744  MXM  WARN  Conflicting CPU frequencies detected, using: 2035.59
[1468144160.504933] [node054:27158:0]         mxm.c:196  MXM  WARN  The 'ulimit -s' on the system is set to 'unlimited'. This may have negative performance implications. Please set the stack size to the default value (10240) 
[1468144160.465843] [node054:27158:0]         sys.c:744  MXM  WARN  Conflicting CPU frequencies detected, using: 2035.59
[1468144160.490142] [node054:27158:0]         mxm.c:196  MXM  WARN  The 'ulimit -s' on the system is set to 'unlimited'. This may have negative performance implications. Please set the stack size to the default value (10240) 
[1468144160.465843] [node054:27158:0]         sys.c:744  MXM  WARN  Conflicting CPU frequencies detected, using: 2035.59
[1468144160.501994] [node054:27158:0]         mxm.c:196  MXM  WARN  The 'ulimit -s' on the system is set to 'unlimited'. This may have negative performance implications. Please set the stack size to the default value (10240) 
[1468144160.465843] [node054:27158:0]         sys.c:744  MXM  WARN  Conflicting CPU frequencies detected, using: 2035.59
[1468144160.499955] [node054:27158:0]         mxm.c:196  MXM  WARN  The 'ulimit -s' on the system is set to 'unlimited'. This may have negative performance implications. Please set the stack size to the default value (10240) 
[1468144160.465843] [node054:27158:0]         sys.c:744  MXM  WARN  Conflicting CPU frequencies detected, using: 2035.59
[1468144160.507379] [node054:27158:0]         mxm.c:196  MXM  WARN  The 'ulimit -s' on the system is set to 'unlimited'. This may have negative performance implications. Please set the stack size to the default value (10240) 
[1468144160.458289] [node056:13549:0]         sys.c:744  MXM  WARN  Conflicting CPU frequencies detected, using: 2115.00
[1468144160.492643] [node056:13549:0]         mxm.c:196  MXM  WARN  The 'ulimit -s' on the system is set to 'unlimited'. This may have negative performance implications. Please set the stack size to the default value (10240) 
[1468144160.458289] [node056:13549:0]         sys.c:744  MXM  WARN  Conflicting CPU frequencies detected, using: 2115.00
[1468144160.489363] [node056:13549:0]         mxm.c:196  MXM  WARN  The 'ulimit -s' on the system is set to 'unlimited'. This may have negative performance implications. Please set the stack size to the default value (10240) 
[1468144160.458289] [node056:13549:0]         sys.c:744  MXM  WARN  Conflicting CPU frequencies detected, using: 2115.00
[1468144160.488583] [node056:13549:0]         mxm.c:196  MXM  WARN  The 'ulimit -s' on the system is set to 'unlimited'. This may have negative performance implications. Please set the stack size to the default value (10240) 
[1468144160.458289] [node056:13549:0]         sys.c:744  MXM  WARN  Conflicting CPU frequencies detected, using: 2115.00
[1468144160.491126] [node056:13549:0]         mxm.c:196  MXM  WARN  The 'ulimit -s' on the system is set to 'unlimited'. This may have negative performance implications. Please set the stack size to the default value (10240) 
[1468144160.458289] [node056:13549:0]         sys.c:744  MXM  WARN  Conflicting CPU frequencies detected, using: 2115.00
[1468144160.490351] [node056:13549:0]         mxm.c:196  MXM  WARN  The 'ulimit -s' on the system is set to 'unlimited'. This may have negative performance implications. Please set the stack size to the default value (10240) 
[1468144160.462136] [node055:19712:0]         sys.c:744  MXM  WARN  Conflicting CPU frequencies detected, using: 1653.47
[1468144160.481472] [node055:19712:0]         mxm.c:196  MXM  WARN  The 'ulimit -s' on the system is set to 'unlimited'. This may have negative performance implications. Please set the stack size to the default value (10240) 
[1468144160.465843] [node054:27158:0]         sys.c:744  MXM  WARN  Conflicting CPU frequencies detected, using: 2035.59
[1468144160.498340] [node054:27158:0]         mxm.c:196  MXM  WARN  The 'ulimit -s' on the system is set to 'unlimited'. This may have negative performance implications. Please set the stack size to the default value (10240) 
[1468144160.465843] [node054:27158:0]         sys.c:744  MXM  WARN  Conflicting CPU frequencies detected, using: 2035.59
[1468144160.500968] [node054:27158:0]         mxm.c:196  MXM  WARN  The 'ulimit -s' on the system is set to 'unlimited'. This may have negative performance implications. Please set the stack size to the default value (10240) 
UPCR: UPC thread  1 of 64 on node053 (pshm node 0 of 8, process  1 of 64, pid=29984)
UPCR: UPC thread  0 of 64 on node053 (pshm node 0 of 8, process  0 of 64, pid=29983)
UPCR: UPC thread  5 of 64 on node053 (pshm node 0 of 8, process  5 of 64, pid=29988)
UPCR: UPC thread  2 of 64 on node053 (pshm node 0 of 8, process  2 of 64, pid=29985)
UPCR: UPC thread  6 of 64 on node053 (pshm node 0 of 8, process  6 of 64, pid=29990)
UPCR: UPC thread  4 of 64 on node053 (pshm node 0 of 8, process  4 of 64, pid=29987)
UPCR: UPC thread  3 of 64 on node053 (pshm node 0 of 8, process  3 of 64, pid=29986)
UPCR: UPC thread 28 of 64 on node056 (pshm node 3 of 8, process 28 of 64, pid=13596)
UPCR: UPC thread 30 of 64 on node056 (pshm node 3 of 8, process 30 of 64, pid=13599)
UPCR: UPC thread 29 of 64 on node056 (pshm node 3 of 8, process 29 of 64, pid=13598)
UPCR: UPC thread  7 of 64 on node053 (pshm node 0 of 8, process  7 of 64, pid=29992)
UPCR: UPC thread 24 of 64 on node056 (pshm node 3 of 8, process 24 of 64, pid=13592)
UPCR: UPC thread 26 of 64 on node056 (pshm node 3 of 8, process 26 of 64, pid=13594)
UPCR: UPC thread 62 of 64 on node060 (pshm node 7 of 8, process 62 of 64, pid=15508)
UPCR: UPC thread 60 of 64 on node060 (pshm node 7 of 8, process 60 of 64, pid=15505)
UPCR: UPC thread 61 of 64 on node060 (pshm node 7 of 8, process 61 of 64, pid=15506)
UPCR: UPC thread 57 of 64 on node060 (pshm node 7 of 8, process 57 of 64, pid=15502)
UPCR: UPC thread 58 of 64 on node060 (pshm node 7 of 8, process 58 of 64, pid=15503)
UPCR: UPC thread 63 of 64 on node060 (pshm node 7 of 8, process 63 of 64, pid=15510)
UPCR: UPC thread 56 of 64 on node060 (pshm node 7 of 8, process 56 of 64, pid=15501)
UPCR: UPC thread 59 of 64 on node060 (pshm node 7 of 8, process 59 of 64, pid=15504)
UPCR: UPC thread 40 of 64 on node058 (pshm node 5 of 8, process 40 of 64, pid=10497)
UPCR: UPC thread 44 of 64 on node058 (pshm node 5 of 8, process 44 of 64, pid=10501)
UPCR: UPC thread 41 of 64 on node058 (pshm node 5 of 8, process 41 of 64, pid=10498)
UPCR: UPC thread 47 of 64 on node058 (pshm node 5 of 8, process 47 of 64, pid=10506)
UPCR: UPC thread 43 of 64 on node058 (pshm node 5 of 8, process 43 of 64, pid=10500)
UPCR: UPC thread 46 of 64 on node058 (pshm node 5 of 8, process 46 of 64, pid=10504)
UPCR: UPC thread 45 of 64 on node058 (pshm node 5 of 8, process 45 of 64, pid=10502)
UPCR: UPC thread 42 of 64 on node058 (pshm node 5 of 8, process 42 of 64, pid=10499)
UPCR: UPC thread 54 of 64 on node059 (pshm node 6 of 8, process 54 of 64, pid=12747)
UPCR: UPC thread 55 of 64 on node059 (pshm node 6 of 8, process 55 of 64, pid=12749)
UPCR: UPC thread 48 of 64 on node059 (pshm node 6 of 8, process 48 of 64, pid=12740)
UPCR: UPC thread 49 of 64 on node059 (pshm node 6 of 8, process 49 of 64, pid=12741)
UPCR: UPC thread 50 of 64 on node059 (pshm node 6 of 8, process 50 of 64, pid=12742)
UPCR: UPC thread 53 of 64 on node059 (pshm node 6 of 8, process 53 of 64, pid=12745)
UPCR: UPC thread 52 of 64 on node059 (pshm node 6 of 8, process 52 of 64, pid=12744)
UPCR: UPC thread 51 of 64 on node059 (pshm node 6 of 8, process 51 of 64, pid=12743)
UPCR: UPC thread 31 of 64 on node056 (pshm node 3 of 8, process 31 of 64, pid=13602)
UPCR: UPC thread 27 of 64 on node056 (pshm node 3 of 8, process 27 of 64, pid=13595)
UPCR: UPC thread 25 of 64 on node056 (pshm node 3 of 8, process 25 of 64, pid=13593)
UPCR: UPC thread 36 of 64 on node057 (pshm node 4 of 8, process 36 of 64, pid=12285)
UPCR: UPC thread 39 of 64 on node057 (pshm node 4 of 8, process 39 of 64, pid=12291)
UPCR: UPC thread 34 of 64 on node057 (pshm node 4 of 8, process 34 of 64, pid=12283)
UPCR: UPC thread 32 of 64 on node057 (pshm node 4 of 8, process 32 of 64, pid=12281)
UPCR: UPC thread 37 of 64 on node057 (pshm node 4 of 8, process 37 of 64, pid=12286)
UPCR: UPC thread 35 of 64 on node057 (pshm node 4 of 8, process 35 of 64, pid=12284)
UPCR: UPC thread 33 of 64 on node057 (pshm node 4 of 8, process 33 of 64, pid=12282)
UPCR: UPC thread 38 of 64 on node057 (pshm node 4 of 8, process 38 of 64, pid=12288)
UPCR: UPC thread  9 of 64 on node054 (pshm node 1 of 8, process  9 of 64, pid=27201)
UPCR: UPC thread 14 of 64 on node054 (pshm node 1 of 8, process 14 of 64, pid=27208)
UPCR: UPC thread 11 of 64 on node054 (pshm node 1 of 8, process 11 of 64, pid=27203)
UPCR: UPC thread 13 of 64 on node054 (pshm node 1 of 8, process 13 of 64, pid=27206)
UPCR: UPC thread 15 of 64 on node054 (pshm node 1 of 8, process 15 of 64, pid=27210)
UPCR: UPC thread 10 of 64 on node054 (pshm node 1 of 8, process 10 of 64, pid=27202)
UPCR: UPC thread  8 of 64 on node054 (pshm node 1 of 8, process  8 of 64, pid=27200)
UPCR: UPC thread 12 of 64 on node054 (pshm node 1 of 8, process 12 of 64, pid=27204)
UPCR: UPC thread 17 of 64 on node055 (pshm node 2 of 8, process 17 of 64, pid=19755)
UPCR: UPC thread 23 of 64 on node055 (pshm node 2 of 8, process 23 of 64, pid=19763)
UPCR: UPC thread 21 of 64 on node055 (pshm node 2 of 8, process 21 of 64, pid=19759)
UPCR: UPC thread 19 of 64 on node055 (pshm node 2 of 8, process 19 of 64, pid=19757)
UPCR: UPC thread 22 of 64 on node055 (pshm node 2 of 8, process 22 of 64, pid=19761)
UPCR: UPC thread 16 of 64 on node055 (pshm node 2 of 8, process 16 of 64, pid=19754)
UPCR: UPC thread 20 of 64 on node055 (pshm node 2 of 8, process 20 of 64, pid=19758)
UPCR: UPC thread 18 of 64 on node055 (pshm node 2 of 8, process 18 of 64, pid=19756)
using a cache granularity of 8
using linear probing in the BDD table
using a memoization table of 2^23 = 8388608 entries (~320 MB) per thread
using a BDD table of 2^24 = 16777216 entries (~384 MB) per thread
Initializing /home/oortwijn/distdd/models/beem/needham.1.bdd!
vector size: 14
bits per integer: 12
number of BDD variables: 168
Loading initial states: 
Initial states loaded... 
Loading transition relations... 
14 integers per state, 12 bits per integer, 24 transition groups
BDD nodes:
Initial states: 168 BDD nodes
Transition 0: 76 BDD nodes
Transition 1: 76 BDD nodes
Transition 2: 346 BDD nodes
Transition 3: 0 BDD nodes
Transition 4: 0 BDD nodes
Transition 5: 98 BDD nodes
Transition 6: 124 BDD nodes
Transition 7: 124 BDD nodes
Transition 8: 76 BDD nodes
Transition 9: 248 BDD nodes
Transition 10: 860 BDD nodes
Transition 11: 860 BDD nodes
Transition 12: 102 BDD nodes
Transition 13: 0 BDD nodes
Transition 14: 200 BDD nodes
Transition 15: 76 BDD nodes
Transition 16: 76 BDD nodes
Transition 17: 148 BDD nodes
Transition 18: 105 BDD nodes
Transition 19: 76 BDD nodes
Transition 20: 44 BDD nodes
Transition 21: 211 BDD nodes
Transition 22: 126 BDD nodes
Transition 23: 131 BDD nodes
Level 1... done.
Level 2... done.
PAR Time: 0.012516
Final states: 0 states
Final states: 0 BDD nodes
[1468144160.453272] [node060:15458:0]         sys.c:744  MXM  WARN  Conflicting CPU frequencies detected, using: 1892.81
[1468144160.465843] [node054:27158:0]         sys.c:744  MXM  WARN  Conflicting CPU frequencies detected, using: 2035.59
[1468144160.462136] [node055:19712:0]         sys.c:744  MXM  WARN  Conflicting CPU frequencies detected, using: 1653.47
[1468144160.462629] [node057:12239:0]         sys.c:744  MXM  WARN  Conflicting CPU frequencies detected, using: 1499.81
[1468144160.458289] [node056:13549:0]         sys.c:744  MXM  WARN  Conflicting CPU frequencies detected, using: 2115.00
[1468144160.446309] [node058:10455:0]         sys.c:744  MXM  WARN  Conflicting CPU frequencies detected, using: 2091.84
[1468144160.454503] [node059:12698:0]         sys.c:744  MXM  WARN  Conflicting CPU frequencies detected, using: 2599.97
[1468144160.105159] [node053:29975:0]         sys.c:744  MXM  WARN  Conflicting CPU frequencies detected, using: 2094.84
[1468144160.087352] [node053:29931:0]         sys.c:744  MXM  WARN  Conflicting CPU frequencies detected, using: 2094.84
