performing reachability, flags: -n 1 -N 1 -shared-heap 16GB --tablesize=27 --cachesize=26 --quadratic-probing--chunk-size=8 
This is upcrun, job spawner for the Berkeley UPC compiler (http://upc.lbl.gov).
upcrun version 2.22.2
Network conduits supported by this installation: smp mxm ibv
[1468054518.897786] [node018:7597 :0]         sys.c:744  MXM  WARN  Conflicting CPU frequencies detected, using: 1897.03
[1468054518.906095] [node018:7597 :0]         mxm.c:196  MXM  WARN  The 'ulimit -s' on the system is set to 'unlimited'. This may have negative performance implications. Please set the stack size to the default value (10240) 
UPCR: UPC thread 0 of 1 on node018 (pshm node 0 of 1, process 0 of 1, pid=7598)
using a cache granularity of 8
using linear probing in the BDD table
using a memoization table of 2^26 = 67108864 entries (~2560 MB) per thread
using a BDD table of 2^27 = 134217728 entries (~3072 MB) per thread
Initializing /home/oortwijn/distdd/models/beem/peg_solitaire.1.bdd!
vector size: 18
bits per integer: 4
number of BDD variables: 72
Loading initial states: 
Initial states loaded... 
Loading transition relations... 
18 integers per state, 4 bits per integer, 1 transition groups
BDD nodes:
Initial states: 72 BDD nodes
Transition 0: 316375 BDD nodes
Level 1... done.
Level 2... done.
Level 3... done.
Level 4... done.
Level 5... done.
Level 6... done.
Level 7... done.
Level 8... done.
Level 9... done.
Level 10... done.
Level 11... done.
Level 12... done.
Level 13... done.
Level 14... done.
Level 15... done.
PAR Time: 0.990621
Final states: 32181 states
Final states: 26394 BDD nodes
[1468054518.897786] [node018:7597 :0]         sys.c:744  MXM  WARN  Conflicting CPU frequencies detected, using: 1897.03
[1468054518.879421] [node018:7553 :0]         sys.c:744  MXM  WARN  Conflicting CPU frequencies detected, using: 1897.03
