performing reachability, flags: -n 64 -N 8 -shared-heap 2GB --tablesize=24 --cachesize=23  
This is upcrun, job spawner for the Berkeley UPC compiler (http://upc.lbl.gov).
upcrun version 2.22.2
Network conduits supported by this installation: smp mxm ibv
[1468054852.987612] [node015:28691:0]         sys.c:744  MXM  WARN  Conflicting CPU frequencies detected, using: 1686.66
[1468054853.027186] [node015:28691:0]         mxm.c:196  MXM  WARN  The 'ulimit -s' on the system is set to 'unlimited'. This may have negative performance implications. Please set the stack size to the default value (10240) 
[1468054852.999860] [node009:29747:0]         sys.c:744  MXM  WARN  Conflicting CPU frequencies detected, using: 1402.12
[1468054852.999860] [node009:29747:0]         sys.c:744  MXM  WARN  Conflicting CPU frequencies detected, using: 1402.12
[1468054853.034753] [node009:29747:0]         mxm.c:196  MXM  WARN  The 'ulimit -s' on the system is set to 'unlimited'. This may have negative performance implications. Please set the stack size to the default value (10240) 
[1468054852.998842] [node013:17533:0]         sys.c:744  MXM  WARN  Conflicting CPU frequencies detected, using: 1355.72
[1468054852.998842] [node013:17533:0]         sys.c:744  MXM  WARN  Conflicting CPU frequencies detected, using: 1355.72
[1468054853.035292] [node013:17533:0]         mxm.c:196  MXM  WARN  The 'ulimit -s' on the system is set to 'unlimited'. This may have negative performance implications. Please set the stack size to the default value (10240) 
[1468054852.999860] [node009:29747:0]         sys.c:744  MXM  WARN  Conflicting CPU frequencies detected, using: 1402.12
[1468054852.998842] [node013:17533:0]         sys.c:744  MXM  WARN  Conflicting CPU frequencies detected, using: 1355.72
[1468054853.040113] [node013:17533:0]         mxm.c:196  MXM  WARN  The 'ulimit -s' on the system is set to 'unlimited'. This may have negative performance implications. Please set the stack size to the default value (10240) 
[1468054853.000510] [node012:31511:0]         sys.c:744  MXM  WARN  Conflicting CPU frequencies detected, using: 1518.09
[1468054853.007330] [node011:11201:0]         sys.c:744  MXM  WARN  Conflicting CPU frequencies detected, using: 1494.75
[1468054853.043600] [node011:11201:0]         mxm.c:196  MXM  WARN  The 'ulimit -s' on the system is set to 'unlimited'. This may have negative performance implications. Please set the stack size to the default value (10240) 
[1468054853.007330] [node011:11201:0]         sys.c:744  MXM  WARN  Conflicting CPU frequencies detected, using: 1494.75
[1468054852.638960] [node008:20578:0]         sys.c:744  MXM  WARN  Conflicting CPU frequencies detected, using: 2394.84
[1468054852.672931] [node008:20578:0]         mxm.c:196  MXM  WARN  The 'ulimit -s' on the system is set to 'unlimited'. This may have negative performance implications. Please set the stack size to the default value (10240) 
[1468054852.638960] [node008:20578:0]         sys.c:744  MXM  WARN  Conflicting CPU frequencies detected, using: 2394.84
[1468054852.663259] [node008:20578:0]         mxm.c:196  MXM  WARN  The 'ulimit -s' on the system is set to 'unlimited'. This may have negative performance implications. Please set the stack size to the default value (10240) 
[1468054852.638960] [node008:20578:0]         sys.c:744  MXM  WARN  Conflicting CPU frequencies detected, using: 2394.84
[1468054852.676378] [node008:20578:0]         mxm.c:196  MXM  WARN  The 'ulimit -s' on the system is set to 'unlimited'. This may have negative performance implications. Please set the stack size to the default value (10240) 
[1468054852.638960] [node008:20578:0]         sys.c:744  MXM  WARN  Conflicting CPU frequencies detected, using: 2394.84
[1468054852.667224] [node008:20578:0]         mxm.c:196  MXM  WARN  The 'ulimit -s' on the system is set to 'unlimited'. This may have negative performance implications. Please set the stack size to the default value (10240) 
[1468054852.638960] [node008:20578:0]         sys.c:744  MXM  WARN  Conflicting CPU frequencies detected, using: 2394.84
[1468054852.669724] [node008:20578:0]         mxm.c:196  MXM  WARN  The 'ulimit -s' on the system is set to 'unlimited'. This may have negative performance implications. Please set the stack size to the default value (10240) 
[1468054852.994881] [node010:30257:0]         sys.c:744  MXM  WARN  Conflicting CPU frequencies detected, using: 1695.94
[1468054853.003158] [node010:30257:0]         mxm.c:196  MXM  WARN  The 'ulimit -s' on the system is set to 'unlimited'. This may have negative performance implications. Please set the stack size to the default value (10240) 
[1468054852.994881] [node010:30257:0]         sys.c:744  MXM  WARN  Conflicting CPU frequencies detected, using: 1695.94
[1468054853.002659] [node010:30257:0]         mxm.c:196  MXM  WARN  The 'ulimit -s' on the system is set to 'unlimited'. This may have negative performance implications. Please set the stack size to the default value (10240) 
[1468054852.994881] [node010:30257:0]         sys.c:744  MXM  WARN  Conflicting CPU frequencies detected, using: 1695.94
[1468054853.001777] [node010:30257:0]         mxm.c:196  MXM  WARN  The 'ulimit -s' on the system is set to 'unlimited'. This may have negative performance implications. Please set the stack size to the default value (10240) 
[1468054852.994881] [node010:30257:0]         sys.c:744  MXM  WARN  Conflicting CPU frequencies detected, using: 1695.94
[1468054853.001314] [node010:30257:0]         mxm.c:196  MXM  WARN  The 'ulimit -s' on the system is set to 'unlimited'. This may have negative performance implications. Please set the stack size to the default value (10240) 
[1468054852.994881] [node010:30257:0]         sys.c:744  MXM  WARN  Conflicting CPU frequencies detected, using: 1695.94
[1468054853.003341] [node010:30257:0]         mxm.c:196  MXM  WARN  The 'ulimit -s' on the system is set to 'unlimited'. This may have negative performance implications. Please set the stack size to the default value (10240) 
[1468054852.994881] [node010:30257:0]         sys.c:744  MXM  WARN  Conflicting CPU frequencies detected, using: 1695.94
[1468054853.003261] [node010:30257:0]         mxm.c:196  MXM  WARN  The 'ulimit -s' on the system is set to 'unlimited'. This may have negative performance implications. Please set the stack size to the default value (10240) 
[1468054852.994881] [node010:30257:0]         sys.c:744  MXM  WARN  Conflicting CPU frequencies detected, using: 1695.94
[1468054853.002228] [node010:30257:0]         mxm.c:196  MXM  WARN  The 'ulimit -s' on the system is set to 'unlimited'. This may have negative performance implications. Please set the stack size to the default value (10240) 
[1468054852.994881] [node010:30257:0]         sys.c:744  MXM  WARN  Conflicting CPU frequencies detected, using: 1695.94
[1468054853.003581] [node010:30257:0]         mxm.c:196  MXM  WARN  The 'ulimit -s' on the system is set to 'unlimited'. This may have negative performance implications. Please set the stack size to the default value (10240) 
[1468054852.638960] [node008:20578:0]         sys.c:744  MXM  WARN  Conflicting CPU frequencies detected, using: 2394.84
[1468054852.681324] [node008:20578:0]         mxm.c:196  MXM  WARN  The 'ulimit -s' on the system is set to 'unlimited'. This may have negative performance implications. Please set the stack size to the default value (10240) 
[1468054852.638960] [node008:20578:0]         sys.c:744  MXM  WARN  Conflicting CPU frequencies detected, using: 2394.84
[1468054852.668760] [node008:20578:0]         mxm.c:196  MXM  WARN  The 'ulimit -s' on the system is set to 'unlimited'. This may have negative performance implications. Please set the stack size to the default value (10240) 
[1468054852.999628] [node014:4823 :0]         sys.c:744  MXM  WARN  Conflicting CPU frequencies detected, using: 2069.16
[1468054853.006597] [node014:4823 :0]         mxm.c:196  MXM  WARN  The 'ulimit -s' on the system is set to 'unlimited'. This may have negative performance implications. Please set the stack size to the default value (10240) 
[1468054852.999628] [node014:4823 :0]         sys.c:744  MXM  WARN  Conflicting CPU frequencies detected, using: 2069.16
[1468054853.007938] [node014:4823 :0]         mxm.c:196  MXM  WARN  The 'ulimit -s' on the system is set to 'unlimited'. This may have negative performance implications. Please set the stack size to the default value (10240) 
[1468054852.638960] [node008:20578:0]         sys.c:744  MXM  WARN  Conflicting CPU frequencies detected, using: 2394.84
[1468054852.664981] [node008:20578:0]         mxm.c:196  MXM  WARN  The 'ulimit -s' on the system is set to 'unlimited'. This may have negative performance implications. Please set the stack size to the default value (10240) 
[1468054852.999628] [node014:4823 :0]         sys.c:744  MXM  WARN  Conflicting CPU frequencies detected, using: 2069.16
[1468054853.008781] [node014:4823 :0]         mxm.c:196  MXM  WARN  The 'ulimit -s' on the system is set to 'unlimited'. This may have negative performance implications. Please set the stack size to the default value (10240) 
[1468054852.999628] [node014:4823 :0]         sys.c:744  MXM  WARN  Conflicting CPU frequencies detected, using: 2069.16
[1468054853.007382] [node014:4823 :0]         mxm.c:196  MXM  WARN  The 'ulimit -s' on the system is set to 'unlimited'. This may have negative performance implications. Please set the stack size to the default value (10240) 
[1468054852.999628] [node014:4823 :0]         sys.c:744  MXM  WARN  Conflicting CPU frequencies detected, using: 2069.16
[1468054853.008577] [node014:4823 :0]         mxm.c:196  MXM  WARN  The 'ulimit -s' on the system is set to 'unlimited'. This may have negative performance implications. Please set the stack size to the default value (10240) 
[1468054852.999628] [node014:4823 :0]         sys.c:744  MXM  WARN  Conflicting CPU frequencies detected, using: 2069.16
[1468054853.007000] [node014:4823 :0]         mxm.c:196  MXM  WARN  The 'ulimit -s' on the system is set to 'unlimited'. This may have negative performance implications. Please set the stack size to the default value (10240) 
[1468054852.999628] [node014:4823 :0]         sys.c:744  MXM  WARN  Conflicting CPU frequencies detected, using: 2069.16
[1468054853.008655] [node014:4823 :0]         mxm.c:196  MXM  WARN  The 'ulimit -s' on the system is set to 'unlimited'. This may have negative performance implications. Please set the stack size to the default value (10240) 
[1468054852.999628] [node014:4823 :0]         sys.c:744  MXM  WARN  Conflicting CPU frequencies detected, using: 2069.16
[1468054853.008457] [node014:4823 :0]         mxm.c:196  MXM  WARN  The 'ulimit -s' on the system is set to 'unlimited'. This may have negative performance implications. Please set the stack size to the default value (10240) 
[1468054852.999860] [node009:29747:0]         sys.c:744  MXM  WARN  Conflicting CPU frequencies detected, using: 1402.12
[1468054853.028450] [node009:29747:0]         mxm.c:196  MXM  WARN  The 'ulimit -s' on the system is set to 'unlimited'. This may have negative performance implications. Please set the stack size to the default value (10240) 
[1468054852.998842] [node013:17533:0]         sys.c:744  MXM  WARN  Conflicting CPU frequencies detected, using: 1355.72
[1468054853.019759] [node013:17533:0]         mxm.c:196  MXM  WARN  The 'ulimit -s' on the system is set to 'unlimited'. This may have negative performance implications. Please set the stack size to the default value (10240) 
[1468054852.999860] [node009:29747:0]         sys.c:744  MXM  WARN  Conflicting CPU frequencies detected, using: 1402.12
[1468054853.032515] [node009:29747:0]         mxm.c:196  MXM  WARN  The 'ulimit -s' on the system is set to 'unlimited'. This may have negative performance implications. Please set the stack size to the default value (10240) 
[1468054852.987612] [node015:28691:0]         sys.c:744  MXM  WARN  Conflicting CPU frequencies detected, using: 1686.66
[1468054853.016830] [node015:28691:0]         mxm.c:196  MXM  WARN  The 'ulimit -s' on the system is set to 'unlimited'. This may have negative performance implications. Please set the stack size to the default value (10240) 
[1468054852.987612] [node015:28691:0]         sys.c:744  MXM  WARN  Conflicting CPU frequencies detected, using: 1686.66
[1468054853.017766] [node015:28691:0]         mxm.c:196  MXM  WARN  The 'ulimit -s' on the system is set to 'unlimited'. This may have negative performance implications. Please set the stack size to the default value (10240) 
[1468054853.000510] [node012:31511:0]         sys.c:744  MXM  WARN  Conflicting CPU frequencies detected, using: 1518.09
[1468054853.022730] [node012:31511:0]         mxm.c:196  MXM  WARN  The 'ulimit -s' on the system is set to 'unlimited'. This may have negative performance implications. Please set the stack size to the default value (10240) 
[1468054852.987612] [node015:28691:0]         sys.c:744  MXM  WARN  Conflicting CPU frequencies detected, using: 1686.66
[1468054853.023501] [node015:28691:0]         mxm.c:196  MXM  WARN  The 'ulimit -s' on the system is set to 'unlimited'. This may have negative performance implications. Please set the stack size to the default value (10240) 
[1468054852.987612] [node015:28691:0]         sys.c:744  MXM  WARN  Conflicting CPU frequencies detected, using: 1686.66
[1468054853.016080] [node015:28691:0]         mxm.c:196  MXM  WARN  The 'ulimit -s' on the system is set to 'unlimited'. This may have negative performance implications. Please set the stack size to the default value (10240) 
[1468054853.007330] [node011:11201:0]         sys.c:744  MXM  WARN  Conflicting CPU frequencies detected, using: 1494.75
[1468054853.037880] [node011:11201:0]         mxm.c:196  MXM  WARN  The 'ulimit -s' on the system is set to 'unlimited'. This may have negative performance implications. Please set the stack size to the default value (10240) 
[1468054852.999860] [node009:29747:0]         sys.c:744  MXM  WARN  Conflicting CPU frequencies detected, using: 1402.12
[1468054853.030756] [node009:29747:0]         mxm.c:196  MXM  WARN  The 'ulimit -s' on the system is set to 'unlimited'. This may have negative performance implications. Please set the stack size to the default value (10240) 
[1468054853.034033] [node009:29747:0]         mxm.c:196  MXM  WARN  The 'ulimit -s' on the system is set to 'unlimited'. This may have negative performance implications. Please set the stack size to the default value (10240) 
[1468054852.999860] [node009:29747:0]         sys.c:744  MXM  WARN  Conflicting CPU frequencies detected, using: 1402.12
[1468054853.027672] [node009:29747:0]         mxm.c:196  MXM  WARN  The 'ulimit -s' on the system is set to 'unlimited'. This may have negative performance implications. Please set the stack size to the default value (10240) 
[1468054853.007330] [node011:11201:0]         sys.c:744  MXM  WARN  Conflicting CPU frequencies detected, using: 1494.75
[1468054853.035377] [node011:11201:0]         mxm.c:196  MXM  WARN  The 'ulimit -s' on the system is set to 'unlimited'. This may have negative performance implications. Please set the stack size to the default value (10240) 
[1468054853.000510] [node012:31511:0]         sys.c:744  MXM  WARN  Conflicting CPU frequencies detected, using: 1518.09
[1468054853.021225] [node012:31511:0]         mxm.c:196  MXM  WARN  The 'ulimit -s' on the system is set to 'unlimited'. This may have negative performance implications. Please set the stack size to the default value (10240) 
[1468054853.000510] [node012:31511:0]         sys.c:744  MXM  WARN  Conflicting CPU frequencies detected, using: 1518.09
[1468054853.023469] [node012:31511:0]         mxm.c:196  MXM  WARN  The 'ulimit -s' on the system is set to 'unlimited'. This may have negative performance implications. Please set the stack size to the default value (10240) 
[1468054853.007330] [node011:11201:0]         sys.c:744  MXM  WARN  Conflicting CPU frequencies detected, using: 1494.75
[1468054853.041821] [node011:11201:0]         mxm.c:196  MXM  WARN  The 'ulimit -s' on the system is set to 'unlimited'. This may have negative performance implications. Please set the stack size to the default value (10240) 
[1468054852.999860] [node009:29747:0]         sys.c:744  MXM  WARN  Conflicting CPU frequencies detected, using: 1402.12
[1468054853.030009] [node009:29747:0]         mxm.c:196  MXM  WARN  The 'ulimit -s' on the system is set to 'unlimited'. This may have negative performance implications. Please set the stack size to the default value (10240) 
[1468054853.037533] [node009:29747:0]         mxm.c:196  MXM  WARN  The 'ulimit -s' on the system is set to 'unlimited'. This may have negative performance implications. Please set the stack size to the default value (10240) 
[1468054853.000510] [node012:31511:0]         sys.c:744  MXM  WARN  Conflicting CPU frequencies detected, using: 1518.09
[1468054853.031506] [node012:31511:0]         mxm.c:196  MXM  WARN  The 'ulimit -s' on the system is set to 'unlimited'. This may have negative performance implications. Please set the stack size to the default value (10240) 
[1468054853.000510] [node012:31511:0]         sys.c:744  MXM  WARN  Conflicting CPU frequencies detected, using: 1518.09
[1468054853.034508] [node012:31511:0]         mxm.c:196  MXM  WARN  The 'ulimit -s' on the system is set to 'unlimited'. This may have negative performance implications. Please set the stack size to the default value (10240) 
[1468054853.000510] [node012:31511:0]         sys.c:744  MXM  WARN  Conflicting CPU frequencies detected, using: 1518.09
[1468054853.033784] [node012:31511:0]         mxm.c:196  MXM  WARN  The 'ulimit -s' on the system is set to 'unlimited'. This may have negative performance implications. Please set the stack size to the default value (10240) 
[1468054853.007330] [node011:11201:0]         sys.c:744  MXM  WARN  Conflicting CPU frequencies detected, using: 1494.75
[1468054853.039404] [node011:11201:0]         mxm.c:196  MXM  WARN  The 'ulimit -s' on the system is set to 'unlimited'. This may have negative performance implications. Please set the stack size to the default value (10240) 
[1468054853.007330] [node011:11201:0]         sys.c:744  MXM  WARN  Conflicting CPU frequencies detected, using: 1494.75
[1468054853.040170] [node011:11201:0]         mxm.c:196  MXM  WARN  The 'ulimit -s' on the system is set to 'unlimited'. This may have negative performance implications. Please set the stack size to the default value (10240) 
[1468054853.045226] [node011:11201:0]         mxm.c:196  MXM  WARN  The 'ulimit -s' on the system is set to 'unlimited'. This may have negative performance implications. Please set the stack size to the default value (10240) 
[1468054853.007330] [node011:11201:0]         sys.c:744  MXM  WARN  Conflicting CPU frequencies detected, using: 1494.75
[1468054853.032069] [node011:11201:0]         mxm.c:196  MXM  WARN  The 'ulimit -s' on the system is set to 'unlimited'. This may have negative performance implications. Please set the stack size to the default value (10240) 
[1468054852.987612] [node015:28691:0]         sys.c:744  MXM  WARN  Conflicting CPU frequencies detected, using: 1686.66
[1468054853.020234] [node015:28691:0]         mxm.c:196  MXM  WARN  The 'ulimit -s' on the system is set to 'unlimited'. This may have negative performance implications. Please set the stack size to the default value (10240) 
[1468054852.987612] [node015:28691:0]         sys.c:744  MXM  WARN  Conflicting CPU frequencies detected, using: 1686.66
[1468054853.010576] [node015:28691:0]         mxm.c:196  MXM  WARN  The 'ulimit -s' on the system is set to 'unlimited'. This may have negative performance implications. Please set the stack size to the default value (10240) 
[1468054852.987612] [node015:28691:0]         sys.c:744  MXM  WARN  Conflicting CPU frequencies detected, using: 1686.66
[1468054853.021760] [node015:28691:0]         mxm.c:196  MXM  WARN  The 'ulimit -s' on the system is set to 'unlimited'. This may have negative performance implications. Please set the stack size to the default value (10240) 
[1468054852.998842] [node013:17533:0]         sys.c:744  MXM  WARN  Conflicting CPU frequencies detected, using: 1355.72
[1468054853.026751] [node013:17533:0]         mxm.c:196  MXM  WARN  The 'ulimit -s' on the system is set to 'unlimited'. This may have negative performance implications. Please set the stack size to the default value (10240) 
[1468054852.998842] [node013:17533:0]         sys.c:744  MXM  WARN  Conflicting CPU frequencies detected, using: 1355.72
[1468054853.028467] [node013:17533:0]         mxm.c:196  MXM  WARN  The 'ulimit -s' on the system is set to 'unlimited'. This may have negative performance implications. Please set the stack size to the default value (10240) 
[1468054852.998842] [node013:17533:0]         sys.c:744  MXM  WARN  Conflicting CPU frequencies detected, using: 1355.72
[1468054853.030882] [node013:17533:0]         mxm.c:196  MXM  WARN  The 'ulimit -s' on the system is set to 'unlimited'. This may have negative performance implications. Please set the stack size to the default value (10240) 
[1468054853.034267] [node013:17533:0]         mxm.c:196  MXM  WARN  The 'ulimit -s' on the system is set to 'unlimited'. This may have negative performance implications. Please set the stack size to the default value (10240) 
[1468054852.998842] [node013:17533:0]         sys.c:744  MXM  WARN  Conflicting CPU frequencies detected, using: 1355.72
[1468054853.031640] [node013:17533:0]         mxm.c:196  MXM  WARN  The 'ulimit -s' on the system is set to 'unlimited'. This may have negative performance implications. Please set the stack size to the default value (10240) 
[1468054853.042010] [node012:31511:0]         mxm.c:196  MXM  WARN  The 'ulimit -s' on the system is set to 'unlimited'. This may have negative performance implications. Please set the stack size to the default value (10240) 
[1468054853.000510] [node012:31511:0]         sys.c:744  MXM  WARN  Conflicting CPU frequencies detected, using: 1518.09
[1468054853.032255] [node012:31511:0]         mxm.c:196  MXM  WARN  The 'ulimit -s' on the system is set to 'unlimited'. This may have negative performance implications. Please set the stack size to the default value (10240) 
UPCR: UPC thread  1 of 64 on node008 (pshm node 0 of 8, process  1 of 64, pid=20587)
UPCR: UPC thread  4 of 64 on node008 (pshm node 0 of 8, process  4 of 64, pid=20590)
UPCR: UPC thread  5 of 64 on node008 (pshm node 0 of 8, process  5 of 64, pid=20591)
UPCR: UPC thread  0 of 64 on node008 (pshm node 0 of 8, process  0 of 64, pid=20586)
UPCR: UPC thread  2 of 64 on node008 (pshm node 0 of 8, process  2 of 64, pid=20588)
UPCR: UPC thread  7 of 64 on node008 (pshm node 0 of 8, process  7 of 64, pid=20595)
UPCR: UPC thread  6 of 64 on node008 (pshm node 0 of 8, process  6 of 64, pid=20593)
UPCR: UPC thread  3 of 64 on node008 (pshm node 0 of 8, process  3 of 64, pid=20589)
UPCR: UPC thread 15 of 64 on node009 (pshm node 1 of 8, process 15 of 64, pid=29802)
UPCR: UPC thread 11 of 64 on node009 (pshm node 1 of 8, process 11 of 64, pid=29795)
UPCR: UPC thread 12 of 64 on node009 (pshm node 1 of 8, process 12 of 64, pid=29796)
UPCR: UPC thread 10 of 64 on node009 (pshm node 1 of 8, process 10 of 64, pid=29794)
UPCR: UPC thread  8 of 64 on node009 (pshm node 1 of 8, process  8 of 64, pid=29792)
UPCR: UPC thread 14 of 64 on node009 (pshm node 1 of 8, process 14 of 64, pid=29799)
UPCR: UPC thread  9 of 64 on node009 (pshm node 1 of 8, process  9 of 64, pid=29793)
UPCR: UPC thread 13 of 64 on node009 (pshm node 1 of 8, process 13 of 64, pid=29797)
UPCR: UPC thread 47 of 64 on node013 (pshm node 5 of 8, process 47 of 64, pid=17585)
UPCR: UPC thread 46 of 64 on node013 (pshm node 5 of 8, process 46 of 64, pid=17583)
UPCR: UPC thread 43 of 64 on node013 (pshm node 5 of 8, process 43 of 64, pid=17578)
UPCR: UPC thread 41 of 64 on node013 (pshm node 5 of 8, process 41 of 64, pid=17576)
UPCR: UPC thread 44 of 64 on node013 (pshm node 5 of 8, process 44 of 64, pid=17579)
UPCR: UPC thread 42 of 64 on node013 (pshm node 5 of 8, process 42 of 64, pid=17577)
UPCR: UPC thread 40 of 64 on node013 (pshm node 5 of 8, process 40 of 64, pid=17575)
UPCR: UPC thread 45 of 64 on node013 (pshm node 5 of 8, process 45 of 64, pid=17581)
UPCR: UPC thread 51 of 64 on node014 (pshm node 6 of 8, process 51 of 64, pid=4868)
UPCR: UPC thread 49 of 64 on node014 (pshm node 6 of 8, process 49 of 64, pid=4866)
UPCR: UPC thread 53 of 64 on node014 (pshm node 6 of 8, process 53 of 64, pid=4871)
UPCR: UPC thread 54 of 64 on node014 (pshm node 6 of 8, process 54 of 64, pid=4872)
UPCR: UPC thread 50 of 64 on node014 (pshm node 6 of 8, process 50 of 64, pid=4867)
UPCR: UPC thread 55 of 64 on node014 (pshm node 6 of 8, process 55 of 64, pid=4874)
UPCR: UPC thread 52 of 64 on node014 (pshm node 6 of 8, process 52 of 64, pid=4869)
UPCR: UPC thread 48 of 64 on node014 (pshm node 6 of 8, process 48 of 64, pid=4865)
UPCR: UPC thread 36 of 64 on node012 (pshm node 4 of 8, process 36 of 64, pid=31558)
UPCR: UPC thread 37 of 64 on node012 (pshm node 4 of 8, process 37 of 64, pid=31560)
UPCR: UPC thread 38 of 64 on node012 (pshm node 4 of 8, process 38 of 64, pid=31561)
UPCR: UPC thread 33 of 64 on node012 (pshm node 4 of 8, process 33 of 64, pid=31555)
UPCR: UPC thread 39 of 64 on node012 (pshm node 4 of 8, process 39 of 64, pid=31564)
UPCR: UPC thread 34 of 64 on node012 (pshm node 4 of 8, process 34 of 64, pid=31556)
UPCR: UPC thread 35 of 64 on node012 (pshm node 4 of 8, process 35 of 64, pid=31557)
UPCR: UPC thread 32 of 64 on node012 (pshm node 4 of 8, process 32 of 64, pid=31554)
UPCR: UPC thread 57 of 64 on node015 (pshm node 7 of 8, process 57 of 64, pid=28734)
UPCR: UPC thread 60 of 64 on node015 (pshm node 7 of 8, process 60 of 64, pid=28737)
UPCR: UPC thread 61 of 64 on node015 (pshm node 7 of 8, process 61 of 64, pid=28739)
UPCR: UPC thread 58 of 64 on node015 (pshm node 7 of 8, process 58 of 64, pid=28735)
UPCR: UPC thread 63 of 64 on node015 (pshm node 7 of 8, process 63 of 64, pid=28742)
UPCR: UPC thread 59 of 64 on node015 (pshm node 7 of 8, process 59 of 64, pid=28736)
UPCR: UPC thread 62 of 64 on node015 (pshm node 7 of 8, process 62 of 64, pid=28741)
UPCR: UPC thread 56 of 64 on node015 (pshm node 7 of 8, process 56 of 64, pid=28733)
UPCR: UPC thread 29 of 64 on node011 (pshm node 3 of 8, process 29 of 64, pid=11249)
UPCR: UPC thread 27 of 64 on node011 (pshm node 3 of 8, process 27 of 64, pid=11246)
UPCR: UPC thread 31 of 64 on node011 (pshm node 3 of 8, process 31 of 64, pid=11253)
UPCR: UPC thread 25 of 64 on node011 (pshm node 3 of 8, process 25 of 64, pid=11244)
UPCR: UPC thread 26 of 64 on node011 (pshm node 3 of 8, process 26 of 64, pid=11245)
UPCR: UPC thread 30 of 64 on node011 (pshm node 3 of 8, process 30 of 64, pid=11251)
UPCR: UPC thread 28 of 64 on node011 (pshm node 3 of 8, process 28 of 64, pid=11247)
UPCR: UPC thread 24 of 64 on node011 (pshm node 3 of 8, process 24 of 64, pid=11243)
UPCR: UPC thread 17 of 64 on node010 (pshm node 2 of 8, process 17 of 64, pid=30300)
UPCR: UPC thread 20 of 64 on node010 (pshm node 2 of 8, process 20 of 64, pid=30303)
UPCR: UPC thread 18 of 64 on node010 (pshm node 2 of 8, process 18 of 64, pid=30301)
UPCR: UPC thread 22 of 64 on node010 (pshm node 2 of 8, process 22 of 64, pid=30307)
UPCR: UPC thread 21 of 64 on node010 (pshm node 2 of 8, process 21 of 64, pid=30305)
UPCR: UPC thread 23 of 64 on node010 (pshm node 2 of 8, process 23 of 64, pid=30309)
UPCR: UPC thread 16 of 64 on node010 (pshm node 2 of 8, process 16 of 64, pid=30299)
UPCR: UPC thread 19 of 64 on node010 (pshm node 2 of 8, process 19 of 64, pid=30302)
using a cache granularity of 8
using linear probing in the BDD table
using a memoization table of 2^23 = 8388608 entries (~320 MB) per thread
using a BDD table of 2^24 = 16777216 entries (~384 MB) per thread
Initializing /home/oortwijn/distdd/models/beem/peterson.7.bdd!
vector size: 25
bits per integer: 3
number of BDD variables: 75
Loading initial states: 
Initial states loaded... 
Loading transition relations... 
25 integers per state, 3 bits per integer, 35 transition groups
BDD nodes:
Initial states: 75 BDD nodes
Transition 0: 175 BDD nodes
Transition 1: 1410 BDD nodes
Transition 2: 1237 BDD nodes
Transition 3: 25 BDD nodes
Transition 4: 25 BDD nodes
Transition 5: 65 BDD nodes
Transition 6: 28 BDD nodes
Transition 7: 25 BDD nodes
Transition 8: 66 BDD nodes
Transition 9: 25 BDD nodes
Transition 10: 1201 BDD nodes
Transition 11: 166 BDD nodes
Transition 12: 1512 BDD nodes
Transition 13: 28 BDD nodes
Transition 14: 25 BDD nodes
Transition 15: 66 BDD nodes
Transition 16: 1216 BDD nodes
Transition 17: 25 BDD nodes
Transition 18: 166 BDD nodes
Transition 19: 1835 BDD nodes
Transition 20: 28 BDD nodes
Transition 21: 459 BDD nodes
Transition 22: 459 BDD nodes
Transition 23: 66 BDD nodes
Transition 24: 25 BDD nodes
Transition 25: 25 BDD nodes
Transition 26: 955 BDD nodes
Transition 27: 2458 BDD nodes
Transition 28: 28 BDD nodes
Transition 29: 25 BDD nodes
Transition 30: 66 BDD nodes
Transition 31: 968 BDD nodes
Transition 32: 25 BDD nodes
Transition 33: 3010 BDD nodes
Transition 34: 28 BDD nodes
Level 1... done.
Level 2... done.
PAR Time: 0.013657
Final states: 0 states
Final states: 0 BDD nodes
[1468054852.638960] [node008:20578:0]         sys.c:744  MXM  WARN  Conflicting CPU frequencies detected, using: 2394.84
[1468054853.000510] [node012:31511:0]         sys.c:744  MXM  WARN  Conflicting CPU frequencies detected, using: 1518.09
[1468054852.987612] [node015:28691:0]         sys.c:744  MXM  WARN  Conflicting CPU frequencies detected, using: 1686.66
[1468054852.999628] [node014:4823 :0]         sys.c:744  MXM  WARN  Conflicting CPU frequencies detected, using: 2069.16
[1468054852.998842] [node013:17533:0]         sys.c:744  MXM  WARN  Conflicting CPU frequencies detected, using: 1355.72
[1468054852.999860] [node009:29747:0]         sys.c:744  MXM  WARN  Conflicting CPU frequencies detected, using: 1402.12
[1468054852.994881] [node010:30257:0]         sys.c:744  MXM  WARN  Conflicting CPU frequencies detected, using: 1695.94
[1468054853.007330] [node011:11201:0]         sys.c:744  MXM  WARN  Conflicting CPU frequencies detected, using: 1494.75
[1468054852.620259] [node008:20534:0]         sys.c:744  MXM  WARN  Conflicting CPU frequencies detected, using: 2394.84
