performing reachability, flags: -n 32 -N 32 -shared-heap 16GB --tablesize=27 --cachesize=26  
This is upcrun, job spawner for the Berkeley UPC compiler (http://upc.lbl.gov).
upcrun version 2.22.2
Network conduits supported by this installation: smp mxm ibv
[1467957371.445535] [node008:5623 :0]         sys.c:744  MXM  WARN  Conflicting CPU frequencies detected, using: 1799.91
[1467957371.454995] [node008:5623 :0]         mxm.c:196  MXM  WARN  The 'ulimit -s' on the system is set to 'unlimited'. This may have negative performance implications. Please set the stack size to the default value (10240) 
[1467957371.801821] [node019:13028:0]         sys.c:744  MXM  WARN  Conflicting CPU frequencies detected, using: 2083.59
[1467957371.807476] [node019:13028:0]         mxm.c:196  MXM  WARN  The 'ulimit -s' on the system is set to 'unlimited'. This may have negative performance implications. Please set the stack size to the default value (10240) 
[1467957371.796673] [node016:19060:0]         sys.c:744  MXM  WARN  Conflicting CPU frequencies detected, using: 1529.53
[1467957371.802788] [node016:19060:0]         mxm.c:196  MXM  WARN  The 'ulimit -s' on the system is set to 'unlimited'. This may have negative performance implications. Please set the stack size to the default value (10240) 
[1467957371.805274] [node021:17109:0]         sys.c:744  MXM  WARN  Conflicting CPU frequencies detected, using: 1625.91
[1467957371.811342] [node021:17109:0]         mxm.c:196  MXM  WARN  The 'ulimit -s' on the system is set to 'unlimited'. This may have negative performance implications. Please set the stack size to the default value (10240) 
[1467957371.810860] [node057:24879:0]         sys.c:744  MXM  WARN  Conflicting CPU frequencies detected, using: 1996.41
[1467957371.817109] [node057:24879:0]         mxm.c:196  MXM  WARN  The 'ulimit -s' on the system is set to 'unlimited'. This may have negative performance implications. Please set the stack size to the default value (10240) 
[1467957371.810138] [node053:21776:0]         sys.c:744  MXM  WARN  Conflicting CPU frequencies detected, using: 1751.44
[1467957371.816187] [node053:21776:0]         mxm.c:196  MXM  WARN  The 'ulimit -s' on the system is set to 'unlimited'. This may have negative performance implications. Please set the stack size to the default value (10240) 
[1467957371.813269] [node061:8389 :0]         sys.c:744  MXM  WARN  Conflicting CPU frequencies detected, using: 1898.72
[1467957371.819392] [node061:8389 :0]         mxm.c:196  MXM  WARN  The 'ulimit -s' on the system is set to 'unlimited'. This may have negative performance implications. Please set the stack size to the default value (10240) 
[1467957371.814827] [node014:31960:0]         sys.c:744  MXM  WARN  Conflicting CPU frequencies detected, using: 1363.50
[1467957371.820770] [node014:31960:0]         mxm.c:196  MXM  WARN  The 'ulimit -s' on the system is set to 'unlimited'. This may have negative performance implications. Please set the stack size to the default value (10240) 
[1467957371.820495] [node059:23700:0]         sys.c:744  MXM  WARN  Conflicting CPU frequencies detected, using: 1964.34
[1467957371.826234] [node059:23700:0]         mxm.c:196  MXM  WARN  The 'ulimit -s' on the system is set to 'unlimited'. This may have negative performance implications. Please set the stack size to the default value (10240) 
[1467957371.818800] [node010:19134:0]         sys.c:744  MXM  WARN  Conflicting CPU frequencies detected, using: 1581.84
[1467957371.824820] [node010:19134:0]         mxm.c:196  MXM  WARN  The 'ulimit -s' on the system is set to 'unlimited'. This may have negative performance implications. Please set the stack size to the default value (10240) 
[1467957371.817662] [node058:23823:0]         sys.c:744  MXM  WARN  Conflicting CPU frequencies detected, using: 1899.38
[1467957371.824047] [node058:23823:0]         mxm.c:196  MXM  WARN  The 'ulimit -s' on the system is set to 'unlimited'. This may have negative performance implications. Please set the stack size to the default value (10240) 
[1467957371.813310] [node067:25177:0]         sys.c:744  MXM  WARN  Conflicting CPU frequencies detected, using: 1989.75
[1467957371.822280] [node067:25177:0]         mxm.c:196  MXM  WARN  The 'ulimit -s' on the system is set to 'unlimited'. This may have negative performance implications. Please set the stack size to the default value (10240) 
[1467957371.804854] [node009:24864:0]         sys.c:744  MXM  WARN  Conflicting CPU frequencies detected, using: 1451.16
[1467957371.812926] [node009:24864:0]         mxm.c:196  MXM  WARN  The 'ulimit -s' on the system is set to 'unlimited'. This may have negative performance implications. Please set the stack size to the default value (10240) 
[1467957371.800869] [node013:1596 :0]         sys.c:744  MXM  WARN  Conflicting CPU frequencies detected, using: 1490.53
[1467957371.809143] [node013:1596 :0]         mxm.c:196  MXM  WARN  The 'ulimit -s' on the system is set to 'unlimited'. This may have negative performance implications. Please set the stack size to the default value (10240) 
[1467957371.807056] [node023:17041:0]         sys.c:744  MXM  WARN  Conflicting CPU frequencies detected, using: 1581.09
[1467957371.815933] [node023:17041:0]         mxm.c:196  MXM  WARN  The 'ulimit -s' on the system is set to 'unlimited'. This may have negative performance implications. Please set the stack size to the default value (10240) 
[1467957371.812815] [node015:29571:0]         sys.c:744  MXM  WARN  Conflicting CPU frequencies detected, using: 1395.66
[1467957371.821687] [node015:29571:0]         mxm.c:196  MXM  WARN  The 'ulimit -s' on the system is set to 'unlimited'. This may have negative performance implications. Please set the stack size to the default value (10240) 
[1467957371.809877] [node018:16170:0]         sys.c:744  MXM  WARN  Conflicting CPU frequencies detected, using: 1595.34
[1467957371.818690] [node018:16170:0]         mxm.c:196  MXM  WARN  The 'ulimit -s' on the system is set to 'unlimited'. This may have negative performance implications. Please set the stack size to the default value (10240) 
[1467957371.811761] [node020:1627 :0]         sys.c:744  MXM  WARN  Conflicting CPU frequencies detected, using: 1796.25
[1467957371.820788] [node020:1627 :0]         mxm.c:196  MXM  WARN  The 'ulimit -s' on the system is set to 'unlimited'. This may have negative performance implications. Please set the stack size to the default value (10240) 
[1467957371.820593] [node054:25513:0]         sys.c:744  MXM  WARN  Conflicting CPU frequencies detected, using: 3134.25
[1467957371.829546] [node054:25513:0]         mxm.c:196  MXM  WARN  The 'ulimit -s' on the system is set to 'unlimited'. This may have negative performance implications. Please set the stack size to the default value (10240) 
[1467957371.808753] [node022:13794:0]         sys.c:744  MXM  WARN  Conflicting CPU frequencies detected, using: 1573.03
[1467957371.817113] [node022:13794:0]         mxm.c:196  MXM  WARN  The 'ulimit -s' on the system is set to 'unlimited'. This may have negative performance implications. Please set the stack size to the default value (10240) 
[1467957371.802147] [node011:19807:0]         sys.c:744  MXM  WARN  Conflicting CPU frequencies detected, using: 1572.38
[1467957371.810838] [node011:19807:0]         mxm.c:196  MXM  WARN  The 'ulimit -s' on the system is set to 'unlimited'. This may have negative performance implications. Please set the stack size to the default value (10240) 
[1467957371.815362] [node017:19529:0]         sys.c:744  MXM  WARN  Conflicting CPU frequencies detected, using: 1584.19
[1467957371.823703] [node017:19529:0]         mxm.c:196  MXM  WARN  The 'ulimit -s' on the system is set to 'unlimited'. This may have negative performance implications. Please set the stack size to the default value (10240) 
[1467957371.801922] [node012:10789:0]         sys.c:744  MXM  WARN  Conflicting CPU frequencies detected, using: 1407.38
[1467957371.810734] [node012:10789:0]         mxm.c:196  MXM  WARN  The 'ulimit -s' on the system is set to 'unlimited'. This may have negative performance implications. Please set the stack size to the default value (10240) 
[1467957371.822697] [node063:19265:0]         sys.c:744  MXM  WARN  Conflicting CPU frequencies detected, using: 1591.88
[1467957371.828812] [node063:19265:0]         mxm.c:196  MXM  WARN  The 'ulimit -s' on the system is set to 'unlimited'. This may have negative performance implications. Please set the stack size to the default value (10240) 
[1467957371.812806] [node060:26839:0]         sys.c:744  MXM  WARN  Conflicting CPU frequencies detected, using: 2599.88
[1467957371.818998] [node060:26839:0]         mxm.c:196  MXM  WARN  The 'ulimit -s' on the system is set to 'unlimited'. This may have negative performance implications. Please set the stack size to the default value (10240) 
[1467957371.818976] [node056:25076:0]         sys.c:744  MXM  WARN  Conflicting CPU frequencies detected, using: 2721.00
[1467957371.827563] [node056:25076:0]         mxm.c:196  MXM  WARN  The 'ulimit -s' on the system is set to 'unlimited'. This may have negative performance implications. Please set the stack size to the default value (10240) 
[1467957371.813318] [node062:18028:0]         sys.c:744  MXM  WARN  Conflicting CPU frequencies detected, using: 2599.97
[1467957371.821375] [node062:18028:0]         mxm.c:196  MXM  WARN  The 'ulimit -s' on the system is set to 'unlimited'. This may have negative performance implications. Please set the stack size to the default value (10240) 
[1467957371.805904] [node068:24204:0]         sys.c:744  MXM  WARN  Conflicting CPU frequencies detected, using: 2600.72
[1467957371.814701] [node068:24204:0]         mxm.c:196  MXM  WARN  The 'ulimit -s' on the system is set to 'unlimited'. This may have negative performance implications. Please set the stack size to the default value (10240) 
[1467957371.824871] [node065:19872:0]         sys.c:744  MXM  WARN  Conflicting CPU frequencies detected, using: 1796.16
[1467957371.831115] [node065:19872:0]         mxm.c:196  MXM  WARN  The 'ulimit -s' on the system is set to 'unlimited'. This may have negative performance implications. Please set the stack size to the default value (10240) 
[1467957371.812533] [node064:19221:0]         sys.c:744  MXM  WARN  Conflicting CPU frequencies detected, using: 1798.12
[1467957371.821626] [node064:19221:0]         mxm.c:196  MXM  WARN  The 'ulimit -s' on the system is set to 'unlimited'. This may have negative performance implications. Please set the stack size to the default value (10240) 
[1467957371.801736] [node055:24323:0]         sys.c:744  MXM  WARN  Conflicting CPU frequencies detected, using: 2308.69
[1467957371.810798] [node055:24323:0]         mxm.c:196  MXM  WARN  The 'ulimit -s' on the system is set to 'unlimited'. This may have negative performance implications. Please set the stack size to the default value (10240) 
[1467957371.802823] [node066:20991:0]         sys.c:744  MXM  WARN  Conflicting CPU frequencies detected, using: 2599.88
[1467957371.811819] [node066:20991:0]         mxm.c:196  MXM  WARN  The 'ulimit -s' on the system is set to 'unlimited'. This may have negative performance implications. Please set the stack size to the default value (10240) 
UPCR: UPC thread  0 of 32 on node008 (pshm node  0 of 32, process  0 of 32, pid=5655)
UPCR: UPC thread  8 of 32 on node016 (pshm node  8 of 32, process  8 of 32, pid=19102)
UPCR: UPC thread 30 of 32 on node067 (pshm node 30 of 32, process 30 of 32, pid=25219)
UPCR: UPC thread 24 of 32 on node061 (pshm node 24 of 32, process 24 of 32, pid=8431)
UPCR: UPC thread 17 of 32 on node054 (pshm node 17 of 32, process 17 of 32, pid=25555)
UPCR: UPC thread 28 of 32 on node065 (pshm node 28 of 32, process 28 of 32, pid=19914)
UPCR: UPC thread  1 of 32 on node009 (pshm node  1 of 32, process  1 of 32, pid=24906)
UPCR: UPC thread 22 of 32 on node059 (pshm node 22 of 32, process 22 of 32, pid=23742)
UPCR: UPC thread 20 of 32 on node057 (pshm node 20 of 32, process 20 of 32, pid=24921)
UPCR: UPC thread 27 of 32 on node064 (pshm node 27 of 32, process 27 of 32, pid=19263)
UPCR: UPC thread  4 of 32 on node012 (pshm node  4 of 32, process  4 of 32, pid=10831)
UPCR: UPC thread 21 of 32 on node058 (pshm node 21 of 32, process 21 of 32, pid=23865)
UPCR: UPC thread 12 of 32 on node020 (pshm node 12 of 32, process 12 of 32, pid=1669)
UPCR: UPC thread  2 of 32 on node010 (pshm node  2 of 32, process  2 of 32, pid=19176)
UPCR: UPC thread 19 of 32 on node056 (pshm node 19 of 32, process 19 of 32, pid=25118)
UPCR: UPC thread 29 of 32 on node066 (pshm node 29 of 32, process 29 of 32, pid=21033)
UPCR: UPC thread 14 of 32 on node022 (pshm node 14 of 32, process 14 of 32, pid=13836)
UPCR: UPC thread  7 of 32 on node015 (pshm node  7 of 32, process  7 of 32, pid=29613)
UPCR: UPC thread 13 of 32 on node021 (pshm node 13 of 32, process 13 of 32, pid=17151)
UPCR: UPC thread  5 of 32 on node013 (pshm node  5 of 32, process  5 of 32, pid=1638)
UPCR: UPC thread 31 of 32 on node068 (pshm node 31 of 32, process 31 of 32, pid=24246)
UPCR: UPC thread 23 of 32 on node060 (pshm node 23 of 32, process 23 of 32, pid=26881)
UPCR: UPC thread 15 of 32 on node023 (pshm node 15 of 32, process 15 of 32, pid=17084)
UPCR: UPC thread 10 of 32 on node018 (pshm node 10 of 32, process 10 of 32, pid=16212)
UPCR: UPC thread 18 of 32 on node055 (pshm node 18 of 32, process 18 of 32, pid=24365)
UPCR: UPC thread 16 of 32 on node053 (pshm node 16 of 32, process 16 of 32, pid=21818)
UPCR: UPC thread  3 of 32 on node011 (pshm node  3 of 32, process  3 of 32, pid=19849)
UPCR: UPC thread 26 of 32 on node063 (pshm node 26 of 32, process 26 of 32, pid=19307)
UPCR: UPC thread  6 of 32 on node014 (pshm node  6 of 32, process  6 of 32, pid=32002)
UPCR: UPC thread 25 of 32 on node062 (pshm node 25 of 32, process 25 of 32, pid=18070)
UPCR: UPC thread 11 of 32 on node019 (pshm node 11 of 32, process 11 of 32, pid=13070)
UPCR: UPC thread  9 of 32 on node017 (pshm node  9 of 32, process  9 of 32, pid=19571)
using a cache granularity of 8
using linear probing in the BDD table
using a memoization table of 2^26 = 67108864 entries (~2560 MB) per thread
using a BDD table of 2^27 = 134217728 entries (~3072 MB) per thread
Initializing /home/oortwijn/distdd/models/beem/peterson.4.bdd!
vector size: 20
bits per integer: 3
number of BDD variables: 60
Loading initial states: 
Initial states loaded... 
Loading transition relations... 
20 integers per state, 3 bits per integer, 28 transition groups
BDD nodes:
Initial states: 60 BDD nodes
Transition 0: 108 BDD nodes
Transition 1: 472 BDD nodes
Transition 2: 25 BDD nodes
Transition 3: 261 BDD nodes
Transition 4: 52 BDD nodes
Transition 5: 25 BDD nodes
Transition 6: 28 BDD nodes
Transition 7: 25 BDD nodes
Transition 8: 54 BDD nodes
Transition 9: 25 BDD nodes
Transition 10: 244 BDD nodes
Transition 11: 102 BDD nodes
Transition 12: 507 BDD nodes
Transition 13: 28 BDD nodes
Transition 14: 266 BDD nodes
Transition 15: 266 BDD nodes
Transition 16: 25 BDD nodes
Transition 17: 54 BDD nodes
Transition 18: 310 BDD nodes
Transition 19: 25 BDD nodes
Transition 20: 649 BDD nodes
Transition 21: 28 BDD nodes
Transition 22: 25 BDD nodes
Transition 23: 54 BDD nodes
Transition 24: 25 BDD nodes
Transition 25: 310 BDD nodes
Transition 26: 697 BDD nodes
Transition 27: 28 BDD nodes
Level 1... done.
Level 2... done.
PAR Time: 0.011501
Final states: 1152921504606846976 states
Final states: 0 BDD nodes
[1467957371.804854] [node009:24864:0]         sys.c:744  MXM  WARN  Conflicting CPU frequencies detected, using: 1451.16
[1467957371.812533] [node064:19221:0]         sys.c:744  MXM  WARN  Conflicting CPU frequencies detected, using: 1798.12
[1467957371.820593] [node054:25513:0]         sys.c:744  MXM  WARN  Conflicting CPU frequencies detected, using: 3134.25
[1467957371.807056] [node023:17041:0]         sys.c:744  MXM  WARN  Conflicting CPU frequencies detected, using: 1581.09
[1467957371.801922] [node012:10789:0]         sys.c:744  MXM  WARN  Conflicting CPU frequencies detected, using: 1407.38
[1467957371.812815] [node015:29571:0]         sys.c:744  MXM  WARN  Conflicting CPU frequencies detected, using: 1395.66
[1467957371.813269] [node061:8389 :0]         sys.c:744  MXM  WARN  Conflicting CPU frequencies detected, using: 1898.72
[1467957371.811761] [node020:1627 :0]         sys.c:744  MXM  WARN  Conflicting CPU frequencies detected, using: 1796.25
[1467957371.813310] [node067:25177:0]         sys.c:744  MXM  WARN  Conflicting CPU frequencies detected, using: 1989.75
[1467957371.801736] [node055:24323:0]         sys.c:744  MXM  WARN  Conflicting CPU frequencies detected, using: 2308.69
[1467957371.813318] [node062:18028:0]         sys.c:744  MXM  WARN  Conflicting CPU frequencies detected, using: 2599.97
[1467957371.808753] [node022:13794:0]         sys.c:744  MXM  WARN  Conflicting CPU frequencies detected, using: 1573.03
[1467957371.445535] [node008:5623 :0]         sys.c:744  MXM  WARN  Conflicting CPU frequencies detected, using: 1799.91
[1467957371.810860] [node057:24879:0]         sys.c:744  MXM  WARN  Conflicting CPU frequencies detected, using: 1996.41
[1467957371.805904] [node068:24204:0]         sys.c:744  MXM  WARN  Conflicting CPU frequencies detected, using: 2600.72
[1467957371.796673] [node016:19060:0]         sys.c:744  MXM  WARN  Conflicting CPU frequencies detected, using: 1529.53
[1467957371.815362] [node017:19529:0]         sys.c:744  MXM  WARN  Conflicting CPU frequencies detected, using: 1584.19
[1467957371.817662] [node058:23823:0]         sys.c:744  MXM  WARN  Conflicting CPU frequencies detected, using: 1899.38
[1467957371.824871] [node065:19872:0]         sys.c:744  MXM  WARN  Conflicting CPU frequencies detected, using: 1796.16
[1467957371.800869] [node013:1596 :0]         sys.c:744  MXM  WARN  Conflicting CPU frequencies detected, using: 1490.53
[1467957371.818800] [node010:19134:0]         sys.c:744  MXM  WARN  Conflicting CPU frequencies detected, using: 1581.84
[1467957371.809877] [node018:16170:0]         sys.c:744  MXM  WARN  Conflicting CPU frequencies detected, using: 1595.34
[1467957371.805274] [node021:17109:0]         sys.c:744  MXM  WARN  Conflicting CPU frequencies detected, using: 1625.91
[1467957371.822697] [node063:19265:0]         sys.c:744  MXM  WARN  Conflicting CPU frequencies detected, using: 1591.88
[1467957371.801821] [node019:13028:0]         sys.c:744  MXM  WARN  Conflicting CPU frequencies detected, using: 2083.59
[1467957371.820495] [node059:23700:0]         sys.c:744  MXM  WARN  Conflicting CPU frequencies detected, using: 1964.34
[1467957371.818976] [node056:25076:0]         sys.c:744  MXM  WARN  Conflicting CPU frequencies detected, using: 2721.00
[1467957371.802823] [node066:20991:0]         sys.c:744  MXM  WARN  Conflicting CPU frequencies detected, using: 2599.88
[1467957371.810138] [node053:21776:0]         sys.c:744  MXM  WARN  Conflicting CPU frequencies detected, using: 1751.44
[1467957371.814827] [node014:31960:0]         sys.c:744  MXM  WARN  Conflicting CPU frequencies detected, using: 1363.50
[1467957371.812806] [node060:26839:0]         sys.c:744  MXM  WARN  Conflicting CPU frequencies detected, using: 2599.88
[1467957371.802147] [node011:19807:0]         sys.c:744  MXM  WARN  Conflicting CPU frequencies detected, using: 1572.38
[1467957371.422030] [node008:5579 :0]         sys.c:744  MXM  WARN  Conflicting CPU frequencies detected, using: 1698.28
