performing reachability, flags: -n 32 -N 32 -shared-heap 16GB --tablesize=27 --cachesize=26  
This is upcrun, job spawner for the Berkeley UPC compiler (http://upc.lbl.gov).
upcrun version 2.22.2
Network conduits supported by this installation: smp mxm ibv
[1467957261.265794] [node008:4557 :0]         sys.c:744  MXM  WARN  Conflicting CPU frequencies detected, using: 2196.09
[1467957261.274712] [node008:4557 :0]         mxm.c:196  MXM  WARN  The 'ulimit -s' on the system is set to 'unlimited'. This may have negative performance implications. Please set the stack size to the default value (10240) 
[1467957261.624091] [node014:31360:0]         sys.c:744  MXM  WARN  Conflicting CPU frequencies detected, using: 1700.72
[1467957261.630223] [node014:31360:0]         mxm.c:196  MXM  WARN  The 'ulimit -s' on the system is set to 'unlimited'. This may have negative performance implications. Please set the stack size to the default value (10240) 
[1467957261.625191] [node058:23502:0]         sys.c:744  MXM  WARN  Conflicting CPU frequencies detected, using: 2098.69
[1467957261.631461] [node058:23502:0]         mxm.c:196  MXM  WARN  The 'ulimit -s' on the system is set to 'unlimited'. This may have negative performance implications. Please set the stack size to the default value (10240) 
[1467957261.630478] [node061:8070 :0]         sys.c:744  MXM  WARN  Conflicting CPU frequencies detected, using: 1496.25
[1467957261.636520] [node061:8070 :0]         mxm.c:196  MXM  WARN  The 'ulimit -s' on the system is set to 'unlimited'. This may have negative performance implications. Please set the stack size to the default value (10240) 
[1467957261.635380] [node059:23378:0]         sys.c:744  MXM  WARN  Conflicting CPU frequencies detected, using: 1990.78
[1467957261.641327] [node059:23378:0]         mxm.c:196  MXM  WARN  The 'ulimit -s' on the system is set to 'unlimited'. This may have negative performance implications. Please set the stack size to the default value (10240) 
[1467957261.634605] [node016:18460:0]         sys.c:744  MXM  WARN  Conflicting CPU frequencies detected, using: 1695.09
[1467957261.640834] [node016:18460:0]         mxm.c:196  MXM  WARN  The 'ulimit -s' on the system is set to 'unlimited'. This may have negative performance implications. Please set the stack size to the default value (10240) 
[1467957261.637148] [node010:18526:0]         sys.c:744  MXM  WARN  Conflicting CPU frequencies detected, using: 1492.12
[1467957261.642971] [node010:18526:0]         mxm.c:196  MXM  WARN  The 'ulimit -s' on the system is set to 'unlimited'. This may have negative performance implications. Please set the stack size to the default value (10240) 
[1467957261.637384] [node019:12430:0]         sys.c:744  MXM  WARN  Conflicting CPU frequencies detected, using: 1606.69
[1467957261.643422] [node019:12430:0]         mxm.c:196  MXM  WARN  The 'ulimit -s' on the system is set to 'unlimited'. This may have negative performance implications. Please set the stack size to the default value (10240) 
[1467957261.638143] [node021:16510:0]         sys.c:744  MXM  WARN  Conflicting CPU frequencies detected, using: 1650.66
[1467957261.643632] [node021:16510:0]         mxm.c:196  MXM  WARN  The 'ulimit -s' on the system is set to 'unlimited'. This may have negative performance implications. Please set the stack size to the default value (10240) 
[1467957261.638606] [node065:19550:0]         sys.c:744  MXM  WARN  Conflicting CPU frequencies detected, using: 1493.53
[1467957261.644696] [node065:19550:0]         mxm.c:196  MXM  WARN  The 'ulimit -s' on the system is set to 'unlimited'. This may have negative performance implications. Please set the stack size to the default value (10240) 
[1467957261.642993] [node063:18944:0]         sys.c:744  MXM  WARN  Conflicting CPU frequencies detected, using: 1899.09
[1467957261.649201] [node063:18944:0]         mxm.c:196  MXM  WARN  The 'ulimit -s' on the system is set to 'unlimited'. This may have negative performance implications. Please set the stack size to the default value (10240) 
[1467957261.644463] [node057:24561:0]         sys.c:744  MXM  WARN  Conflicting CPU frequencies detected, using: 1696.97
[1467957261.650502] [node057:24561:0]         mxm.c:196  MXM  WARN  The 'ulimit -s' on the system is set to 'unlimited'. This may have negative performance implications. Please set the stack size to the default value (10240) 
[1467957261.635615] [node018:15561:0]         sys.c:744  MXM  WARN  Conflicting CPU frequencies detected, using: 1500.09
[1467957261.644324] [node018:15561:0]         mxm.c:196  MXM  WARN  The 'ulimit -s' on the system is set to 'unlimited'. This may have negative performance implications. Please set the stack size to the default value (10240) 
[1467957261.621221] [node009:24253:0]         sys.c:744  MXM  WARN  Conflicting CPU frequencies detected, using: 1416.00
[1467957261.629963] [node009:24253:0]         mxm.c:196  MXM  WARN  The 'ulimit -s' on the system is set to 'unlimited'. This may have negative performance implications. Please set the stack size to the default value (10240) 
[1467957261.636710] [node011:19200:0]         sys.c:744  MXM  WARN  Conflicting CPU frequencies detected, using: 1797.19
[1467957261.645508] [node011:19200:0]         mxm.c:196  MXM  WARN  The 'ulimit -s' on the system is set to 'unlimited'. This may have negative performance implications. Please set the stack size to the default value (10240) 
[1467957261.633955] [node022:13184:0]         sys.c:744  MXM  WARN  Conflicting CPU frequencies detected, using: 1598.06
[1467957261.642695] [node022:13184:0]         mxm.c:196  MXM  WARN  The 'ulimit -s' on the system is set to 'unlimited'. This may have negative performance implications. Please set the stack size to the default value (10240) 
[1467957261.630548] [node013:992  :0]         sys.c:744  MXM  WARN  Conflicting CPU frequencies detected, using: 1396.50
[1467957261.639385] [node013:992  :0]         mxm.c:196  MXM  WARN  The 'ulimit -s' on the system is set to 'unlimited'. This may have negative performance implications. Please set the stack size to the default value (10240) 
[1467957261.624675] [node012:10181:0]         sys.c:744  MXM  WARN  Conflicting CPU frequencies detected, using: 1495.31
[1467957261.633425] [node012:10181:0]         mxm.c:196  MXM  WARN  The 'ulimit -s' on the system is set to 'unlimited'. This may have negative performance implications. Please set the stack size to the default value (10240) 
[1467957261.634933] [node015:28964:0]         sys.c:744  MXM  WARN  Conflicting CPU frequencies detected, using: 1435.78
[1467957261.643746] [node015:28964:0]         mxm.c:196  MXM  WARN  The 'ulimit -s' on the system is set to 'unlimited'. This may have negative performance implications. Please set the stack size to the default value (10240) 
[1467957261.634401] [node055:24008:0]         sys.c:744  MXM  WARN  Conflicting CPU frequencies detected, using: 2299.78
[1467957261.643149] [node055:24008:0]         mxm.c:196  MXM  WARN  The 'ulimit -s' on the system is set to 'unlimited'. This may have negative performance implications. Please set the stack size to the default value (10240) 
[1467957261.633904] [node023:16432:0]         sys.c:744  MXM  WARN  Conflicting CPU frequencies detected, using: 1901.53
[1467957261.642852] [node023:16432:0]         mxm.c:196  MXM  WARN  The 'ulimit -s' on the system is set to 'unlimited'. This may have negative performance implications. Please set the stack size to the default value (10240) 
[1467957261.641162] [node053:21455:0]         sys.c:744  MXM  WARN  Conflicting CPU frequencies detected, using: 2500.50
[1467957261.647311] [node053:21455:0]         mxm.c:196  MXM  WARN  The 'ulimit -s' on the system is set to 'unlimited'. This may have negative performance implications. Please set the stack size to the default value (10240) 
[1467957261.628413] [node020:1010 :0]         sys.c:744  MXM  WARN  Conflicting CPU frequencies detected, using: 1690.78
[1467957261.637347] [node020:1010 :0]         mxm.c:196  MXM  WARN  The 'ulimit -s' on the system is set to 'unlimited'. This may have negative performance implications. Please set the stack size to the default value (10240) 
[1467957261.639148] [node054:25193:0]         sys.c:744  MXM  WARN  Conflicting CPU frequencies detected, using: 1875.09
[1467957261.648204] [node054:25193:0]         mxm.c:196  MXM  WARN  The 'ulimit -s' on the system is set to 'unlimited'. This may have negative performance implications. Please set the stack size to the default value (10240) 
[1467957261.634651] [node017:18920:0]         sys.c:744  MXM  WARN  Conflicting CPU frequencies detected, using: 1442.81
[1467957261.643792] [node017:18920:0]         mxm.c:196  MXM  WARN  The 'ulimit -s' on the system is set to 'unlimited'. This may have negative performance implications. Please set the stack size to the default value (10240) 
[1467957261.629378] [node064:18900:0]         sys.c:744  MXM  WARN  Conflicting CPU frequencies detected, using: 2096.91
[1467957261.638198] [node064:18900:0]         mxm.c:196  MXM  WARN  The 'ulimit -s' on the system is set to 'unlimited'. This may have negative performance implications. Please set the stack size to the default value (10240) 
[1467957261.636065] [node062:17716:0]         sys.c:744  MXM  WARN  Conflicting CPU frequencies detected, using: 2453.53
[1467957261.645007] [node062:17716:0]         mxm.c:196  MXM  WARN  The 'ulimit -s' on the system is set to 'unlimited'. This may have negative performance implications. Please set the stack size to the default value (10240) 
[1467957261.624791] [node060:26514:0]         sys.c:744  MXM  WARN  Conflicting CPU frequencies detected, using: 2586.38
[1467957261.630970] [node060:26514:0]         mxm.c:196  MXM  WARN  The 'ulimit -s' on the system is set to 'unlimited'. This may have negative performance implications. Please set the stack size to the default value (10240) 
[1467957261.640316] [node056:24762:0]         sys.c:744  MXM  WARN  Conflicting CPU frequencies detected, using: 2600.16
[1467957261.649226] [node056:24762:0]         mxm.c:196  MXM  WARN  The 'ulimit -s' on the system is set to 'unlimited'. This may have negative performance implications. Please set the stack size to the default value (10240) 
[1467957261.619406] [node066:20665:0]         sys.c:744  MXM  WARN  Conflicting CPU frequencies detected, using: 2600.53
[1467957261.628299] [node066:20665:0]         mxm.c:196  MXM  WARN  The 'ulimit -s' on the system is set to 'unlimited'. This may have negative performance implications. Please set the stack size to the default value (10240) 
[1467957261.642244] [node067:24852:0]         sys.c:744  MXM  WARN  Conflicting CPU frequencies detected, using: 2599.97
[1467957261.651245] [node067:24852:0]         mxm.c:196  MXM  WARN  The 'ulimit -s' on the system is set to 'unlimited'. This may have negative performance implications. Please set the stack size to the default value (10240) 
[1467957261.639911] [node068:23707:0]         sys.c:744  MXM  WARN  Conflicting CPU frequencies detected, using: 2751.94
[1467957261.649090] [node068:23707:0]         mxm.c:196  MXM  WARN  The 'ulimit -s' on the system is set to 'unlimited'. This may have negative performance implications. Please set the stack size to the default value (10240) 
UPCR: UPC thread  0 of 32 on node008 (pshm node  0 of 32, process  0 of 32, pid=4590)
UPCR: UPC thread 18 of 32 on node055 (pshm node 18 of 32, process 18 of 32, pid=24053)
UPCR: UPC thread 14 of 32 on node022 (pshm node 14 of 32, process 14 of 32, pid=13226)
UPCR: UPC thread 31 of 32 on node068 (pshm node 31 of 32, process 31 of 32, pid=23749)
UPCR: UPC thread  2 of 32 on node010 (pshm node  2 of 32, process  2 of 32, pid=18568)
UPCR: UPC thread 16 of 32 on node053 (pshm node 16 of 32, process 16 of 32, pid=21497)
UPCR: UPC thread 26 of 32 on node063 (pshm node 26 of 32, process 26 of 32, pid=18986)
UPCR: UPC thread 13 of 32 on node021 (pshm node 13 of 32, process 13 of 32, pid=16552)
UPCR: UPC thread  9 of 32 on node017 (pshm node  9 of 32, process  9 of 32, pid=18962)
UPCR: UPC thread  6 of 32 on node014 (pshm node  6 of 32, process  6 of 32, pid=31402)
UPCR: UPC thread 17 of 32 on node054 (pshm node 17 of 32, process 17 of 32, pid=25235)
UPCR: UPC thread  3 of 32 on node011 (pshm node  3 of 32, process  3 of 32, pid=19242)
UPCR: UPC thread  5 of 32 on node013 (pshm node  5 of 32, process  5 of 32, pid=1035)
UPCR: UPC thread  8 of 32 on node016 (pshm node  8 of 32, process  8 of 32, pid=18502)
UPCR: UPC thread 15 of 32 on node023 (pshm node 15 of 32, process 15 of 32, pid=16474)
UPCR: UPC thread  1 of 32 on node009 (pshm node  1 of 32, process  1 of 32, pid=24295)
UPCR: UPC thread 10 of 32 on node018 (pshm node 10 of 32, process 10 of 32, pid=15603)
UPCR: UPC thread 20 of 32 on node057 (pshm node 20 of 32, process 20 of 32, pid=24603)
UPCR: UPC thread 12 of 32 on node020 (pshm node 12 of 32, process 12 of 32, pid=1053)
UPCR: UPC thread 25 of 32 on node062 (pshm node 25 of 32, process 25 of 32, pid=17758)
UPCR: UPC thread  4 of 32 on node012 (pshm node  4 of 32, process  4 of 32, pid=10223)
UPCR: UPC thread 19 of 32 on node056 (pshm node 19 of 32, process 19 of 32, pid=24804)
UPCR: UPC thread 28 of 32 on node065 (pshm node 28 of 32, process 28 of 32, pid=19592)
UPCR: UPC thread 24 of 32 on node061 (pshm node 24 of 32, process 24 of 32, pid=8112)
UPCR: UPC thread 22 of 32 on node059 (pshm node 22 of 32, process 22 of 32, pid=23420)
UPCR: UPC thread 23 of 32 on node060 (pshm node 23 of 32, process 23 of 32, pid=26556)
UPCR: UPC thread  7 of 32 on node015 (pshm node  7 of 32, process  7 of 32, pid=29006)
UPCR: UPC thread 11 of 32 on node019 (pshm node 11 of 32, process 11 of 32, pid=12472)
UPCR: UPC thread 21 of 32 on node058 (pshm node 21 of 32, process 21 of 32, pid=23544)
UPCR: UPC thread 30 of 32 on node067 (pshm node 30 of 32, process 30 of 32, pid=24894)
UPCR: UPC thread 27 of 32 on node064 (pshm node 27 of 32, process 27 of 32, pid=18942)
UPCR: UPC thread 29 of 32 on node066 (pshm node 29 of 32, process 29 of 32, pid=20707)
using a cache granularity of 8
using linear probing in the BDD table
using a memoization table of 2^26 = 67108864 entries (~2560 MB) per thread
using a BDD table of 2^27 = 134217728 entries (~3072 MB) per thread
Initializing /home/oortwijn/distdd/models/beem/peterson.3.bdd!
vector size: 15
bits per integer: 3
number of BDD variables: 45
Loading initial states: 
Initial states loaded... 
Loading transition relations... 
15 integers per state, 3 bits per integer, 21 transition groups
BDD nodes:
Initial states: 45 BDD nodes
Transition 0: 81 BDD nodes
Transition 1: 174 BDD nodes
Transition 2: 25 BDD nodes
Transition 3: 122 BDD nodes
Transition 4: 43 BDD nodes
Transition 5: 25 BDD nodes
Transition 6: 28 BDD nodes
Transition 7: 25 BDD nodes
Transition 8: 44 BDD nodes
Transition 9: 107 BDD nodes
Transition 10: 25 BDD nodes
Transition 11: 78 BDD nodes
Transition 12: 146 BDD nodes
Transition 13: 28 BDD nodes
Transition 14: 44 BDD nodes
Transition 15: 25 BDD nodes
Transition 16: 99 BDD nodes
Transition 17: 131 BDD nodes
Transition 18: 25 BDD nodes
Transition 19: 223 BDD nodes
Transition 20: 28 BDD nodes
Level 1... done.
Level 2... done.
PAR Time: 0.005553
Final states: 35184372088832 states
Final states: 0 BDD nodes
[1467957261.634401] [node055:24008:0]         sys.c:744  MXM  WARN  Conflicting CPU frequencies detected, using: 2299.78
[1467957261.633904] [node023:16432:0]         sys.c:744  MXM  WARN  Conflicting CPU frequencies detected, using: 1901.53
[1467957261.633955] [node022:13184:0]         sys.c:744  MXM  WARN  Conflicting CPU frequencies detected, using: 1598.06
[1467957261.635615] [node018:15561:0]         sys.c:744  MXM  WARN  Conflicting CPU frequencies detected, using: 1500.09
[1467957261.629378] [node064:18900:0]         sys.c:744  MXM  WARN  Conflicting CPU frequencies detected, using: 2096.91
[1467957261.630478] [node061:8070 :0]         sys.c:744  MXM  WARN  Conflicting CPU frequencies detected, using: 1496.25
[1467957261.637148] [node010:18526:0]         sys.c:744  MXM  WARN  Conflicting CPU frequencies detected, using: 1492.12
[1467957261.621221] [node009:24253:0]         sys.c:744  MXM  WARN  Conflicting CPU frequencies detected, using: 1416.00
[1467957261.634651] [node017:18920:0]         sys.c:744  MXM  WARN  Conflicting CPU frequencies detected, using: 1442.81
[1467957261.636065] [node062:17716:0]         sys.c:744  MXM  WARN  Conflicting CPU frequencies detected, using: 2453.53
[1467957261.640316] [node056:24762:0]         sys.c:744  MXM  WARN  Conflicting CPU frequencies detected, using: 2600.16
[1467957261.642993] [node063:18944:0]         sys.c:744  MXM  WARN  Conflicting CPU frequencies detected, using: 1899.09
[1467957261.630548] [node013:992  :0]         sys.c:744  MXM  WARN  Conflicting CPU frequencies detected, using: 1396.50
[1467957261.644463] [node057:24561:0]         sys.c:744  MXM  WARN  Conflicting CPU frequencies detected, using: 1696.97
[1467957261.639911] [node068:23707:0]         sys.c:744  MXM  WARN  Conflicting CPU frequencies detected, using: 2751.94
[1467957261.625191] [node058:23502:0]         sys.c:744  MXM  WARN  Conflicting CPU frequencies detected, using: 2098.69
[1467957261.619406] [node066:20665:0]         sys.c:744  MXM  WARN  Conflicting CPU frequencies detected, using: 2600.53
[1467957261.634933] [node015:28964:0]         sys.c:744  MXM  WARN  Conflicting CPU frequencies detected, using: 1435.78
[1467957261.639148] [node054:25193:0]         sys.c:744  MXM  WARN  Conflicting CPU frequencies detected, using: 1875.09
[1467957261.641162] [node053:21455:0]         sys.c:744  MXM  WARN  Conflicting CPU frequencies detected, using: 2500.50
[1467957261.642244] [node067:24852:0]         sys.c:744  MXM  WARN  Conflicting CPU frequencies detected, using: 2599.97
[1467957261.634605] [node016:18460:0]         sys.c:744  MXM  WARN  Conflicting CPU frequencies detected, using: 1695.09
[1467957261.638606] [node065:19550:0]         sys.c:744  MXM  WARN  Conflicting CPU frequencies detected, using: 1493.53
[1467957261.624675] [node012:10181:0]         sys.c:744  MXM  WARN  Conflicting CPU frequencies detected, using: 1495.31
[1467957261.265794] [node008:4557 :0]         sys.c:744  MXM  WARN  Conflicting CPU frequencies detected, using: 2196.09
[1467957261.635380] [node059:23378:0]         sys.c:744  MXM  WARN  Conflicting CPU frequencies detected, using: 1990.78
[1467957261.638143] [node021:16510:0]         sys.c:744  MXM  WARN  Conflicting CPU frequencies detected, using: 1650.66
[1467957261.624091] [node014:31360:0]         sys.c:744  MXM  WARN  Conflicting CPU frequencies detected, using: 1700.72
[1467957261.637384] [node019:12430:0]         sys.c:744  MXM  WARN  Conflicting CPU frequencies detected, using: 1606.69
[1467957261.624791] [node060:26514:0]         sys.c:744  MXM  WARN  Conflicting CPU frequencies detected, using: 2586.38
[1467957261.636710] [node011:19200:0]         sys.c:744  MXM  WARN  Conflicting CPU frequencies detected, using: 1797.19
[1467957261.628413] [node020:1010 :0]         sys.c:744  MXM  WARN  Conflicting CPU frequencies detected, using: 1690.78
[1467957261.244491] [node008:4512 :0]         sys.c:744  MXM  WARN  Conflicting CPU frequencies detected, using: 2097.84
