performing reachability, flags: -n 16 -N 8 -shared-heap 8GB --tablesize=26 --cachesize=25  
This is upcrun, job spawner for the Berkeley UPC compiler (http://upc.lbl.gov).
upcrun version 2.22.2
Network conduits supported by this installation: smp mxm ibv
[1468054600.141106] [node053:7820 :0]         sys.c:744  MXM  WARN  Conflicting CPU frequencies detected, using: 1698.19
[1468054600.146392] [node053:7820 :0]         mxm.c:196  MXM  WARN  The 'ulimit -s' on the system is set to 'unlimited'. This may have negative performance implications. Please set the stack size to the default value (10240) 
[1468054600.141106] [node053:7820 :0]         sys.c:744  MXM  WARN  Conflicting CPU frequencies detected, using: 1698.19
[1468054600.146748] [node053:7820 :0]         mxm.c:196  MXM  WARN  The 'ulimit -s' on the system is set to 'unlimited'. This may have negative performance implications. Please set the stack size to the default value (10240) 
[1468054600.490230] [node057:14675:0]         sys.c:744  MXM  WARN  Conflicting CPU frequencies detected, using: 1400.06
[1468054600.496522] [node057:14675:0]         mxm.c:196  MXM  WARN  The 'ulimit -s' on the system is set to 'unlimited'. This may have negative performance implications. Please set the stack size to the default value (10240) 
[1468054600.490230] [node057:14675:0]         sys.c:744  MXM  WARN  Conflicting CPU frequencies detected, using: 1400.06
[1468054600.496753] [node057:14675:0]         mxm.c:196  MXM  WARN  The 'ulimit -s' on the system is set to 'unlimited'. This may have negative performance implications. Please set the stack size to the default value (10240) 
[1468054600.498772] [node059:16438:0]         sys.c:744  MXM  WARN  Conflicting CPU frequencies detected, using: 1559.53
[1468054600.504997] [node059:16438:0]         mxm.c:196  MXM  WARN  The 'ulimit -s' on the system is set to 'unlimited'. This may have negative performance implications. Please set the stack size to the default value (10240) 
[1468054600.498772] [node059:16438:0]         sys.c:744  MXM  WARN  Conflicting CPU frequencies detected, using: 1559.53
[1468054600.505472] [node059:16438:0]         mxm.c:196  MXM  WARN  The 'ulimit -s' on the system is set to 'unlimited'. This may have negative performance implications. Please set the stack size to the default value (10240) 
[1468054600.496660] [node060:18609:0]         sys.c:744  MXM  WARN  Conflicting CPU frequencies detected, using: 1894.88
[1468054600.502806] [node060:18609:0]         mxm.c:196  MXM  WARN  The 'ulimit -s' on the system is set to 'unlimited'. This may have negative performance implications. Please set the stack size to the default value (10240) 
[1468054600.496660] [node060:18609:0]         sys.c:744  MXM  WARN  Conflicting CPU frequencies detected, using: 1894.88
[1468054600.503100] [node060:18609:0]         mxm.c:196  MXM  WARN  The 'ulimit -s' on the system is set to 'unlimited'. This may have negative performance implications. Please set the stack size to the default value (10240) 
[1468054600.506624] [node058:13203:0]         sys.c:744  MXM  WARN  Conflicting CPU frequencies detected, using: 1697.72
[1468054600.513145] [node058:13203:0]         mxm.c:196  MXM  WARN  The 'ulimit -s' on the system is set to 'unlimited'. This may have negative performance implications. Please set the stack size to the default value (10240) 
[1468054600.506624] [node058:13203:0]         sys.c:744  MXM  WARN  Conflicting CPU frequencies detected, using: 1697.72
[1468054600.512809] [node058:13203:0]         mxm.c:196  MXM  WARN  The 'ulimit -s' on the system is set to 'unlimited'. This may have negative performance implications. Please set the stack size to the default value (10240) 
[1468054600.499623] [node054:26510:0]         sys.c:744  MXM  WARN  Conflicting CPU frequencies detected, using: 1794.84
[1468054600.510867] [node054:26510:0]         mxm.c:196  MXM  WARN  The 'ulimit -s' on the system is set to 'unlimited'. This may have negative performance implications. Please set the stack size to the default value (10240) 
[1468054600.499623] [node054:26510:0]         sys.c:744  MXM  WARN  Conflicting CPU frequencies detected, using: 1794.84
[1468054600.511635] [node054:26510:0]         mxm.c:196  MXM  WARN  The 'ulimit -s' on the system is set to 'unlimited'. This may have negative performance implications. Please set the stack size to the default value (10240) 
[1468054600.496964] [node056:17953:0]         sys.c:744  MXM  WARN  Conflicting CPU frequencies detected, using: 1409.25
[1468054600.508769] [node056:17953:0]         mxm.c:196  MXM  WARN  The 'ulimit -s' on the system is set to 'unlimited'. This may have negative performance implications. Please set the stack size to the default value (10240) 
[1468054600.495330] [node055:20180:0]         sys.c:744  MXM  WARN  Conflicting CPU frequencies detected, using: 1364.81
[1468054600.507651] [node055:20180:0]         mxm.c:196  MXM  WARN  The 'ulimit -s' on the system is set to 'unlimited'. This may have negative performance implications. Please set the stack size to the default value (10240) 
[1468054600.496964] [node056:17953:0]         sys.c:744  MXM  WARN  Conflicting CPU frequencies detected, using: 1409.25
[1468054600.508039] [node056:17953:0]         mxm.c:196  MXM  WARN  The 'ulimit -s' on the system is set to 'unlimited'. This may have negative performance implications. Please set the stack size to the default value (10240) 
[1468054600.495330] [node055:20180:0]         sys.c:744  MXM  WARN  Conflicting CPU frequencies detected, using: 1364.81
[1468054600.506656] [node055:20180:0]         mxm.c:196  MXM  WARN  The 'ulimit -s' on the system is set to 'unlimited'. This may have negative performance implications. Please set the stack size to the default value (10240) 
UPCR: UPC thread  0 of 16 on node053 (pshm node 0 of 8, process  0 of 16, pid=7828)
UPCR: UPC thread  1 of 16 on node053 (pshm node 0 of 8, process  1 of 16, pid=7829)
UPCR: UPC thread  7 of 16 on node056 (pshm node 3 of 8, process  7 of 16, pid=17998)
UPCR: UPC thread  6 of 16 on node056 (pshm node 3 of 8, process  6 of 16, pid=17997)
UPCR: UPC thread  3 of 16 on node054 (pshm node 1 of 8, process  3 of 16, pid=26553)
UPCR: UPC thread  2 of 16 on node054 (pshm node 1 of 8, process  2 of 16, pid=26552)
UPCR: UPC thread 11 of 16 on node058 (pshm node 5 of 8, process 11 of 16, pid=13246)
UPCR: UPC thread 10 of 16 on node058 (pshm node 5 of 8, process 10 of 16, pid=13245)
UPCR: UPC thread  5 of 16 on node055 (pshm node 2 of 8, process  5 of 16, pid=20223)
UPCR: UPC thread  4 of 16 on node055 (pshm node 2 of 8, process  4 of 16, pid=20222)
UPCR: UPC thread  9 of 16 on node057 (pshm node 4 of 8, process  9 of 16, pid=14718)
UPCR: UPC thread  8 of 16 on node057 (pshm node 4 of 8, process  8 of 16, pid=14717)
UPCR: UPC thread 13 of 16 on node059 (pshm node 6 of 8, process 13 of 16, pid=16481)
UPCR: UPC thread 12 of 16 on node059 (pshm node 6 of 8, process 12 of 16, pid=16480)
UPCR: UPC thread 14 of 16 on node060 (pshm node 7 of 8, process 14 of 16, pid=18651)
UPCR: UPC thread 15 of 16 on node060 (pshm node 7 of 8, process 15 of 16, pid=18652)
using a cache granularity of 8
using linear probing in the BDD table
using a memoization table of 2^25 = 33554432 entries (~1280 MB) per thread
using a BDD table of 2^26 = 67108864 entries (~1536 MB) per thread
Initializing /home/oortwijn/distdd/models/beem/peterson.1.bdd!
vector size: 15
bits per integer: 3
number of BDD variables: 45
Loading initial states: 
Initial states loaded... 
Loading transition relations... 
15 integers per state, 3 bits per integer, 21 transition groups
BDD nodes:
Initial states: 45 BDD nodes
Transition 0: 81 BDD nodes
Transition 1: 185 BDD nodes
Transition 2: 25 BDD nodes
Transition 3: 144 BDD nodes
Transition 4: 43 BDD nodes
Transition 5: 25 BDD nodes
Transition 6: 28 BDD nodes
Transition 7: 25 BDD nodes
Transition 8: 44 BDD nodes
Transition 9: 99 BDD nodes
Transition 10: 25 BDD nodes
Transition 11: 75 BDD nodes
Transition 12: 185 BDD nodes
Transition 13: 28 BDD nodes
Transition 14: 99 BDD nodes
Transition 15: 25 BDD nodes
Transition 16: 44 BDD nodes
Transition 17: 129 BDD nodes
Transition 18: 25 BDD nodes
Transition 19: 216 BDD nodes
Transition 20: 28 BDD nodes
Level 1... done.
Level 2... done.
PAR Time: 0.004477
Final states: 35184372088832 states
Final states: 0 BDD nodes
[1468054600.496660] [node060:18609:0]         sys.c:744  MXM  WARN  Conflicting CPU frequencies detected, using: 1894.88
[1468054600.499623] [node054:26510:0]         sys.c:744  MXM  WARN  Conflicting CPU frequencies detected, using: 1794.84
[1468054600.490230] [node057:14675:0]         sys.c:744  MXM  WARN  Conflicting CPU frequencies detected, using: 1400.06
[1468054600.495330] [node055:20180:0]         sys.c:744  MXM  WARN  Conflicting CPU frequencies detected, using: 1364.81
[1468054600.141106] [node053:7820 :0]         sys.c:744  MXM  WARN  Conflicting CPU frequencies detected, using: 1698.19
[1468054600.496964] [node056:17953:0]         sys.c:744  MXM  WARN  Conflicting CPU frequencies detected, using: 1409.25
[1468054600.498772] [node059:16438:0]         sys.c:744  MXM  WARN  Conflicting CPU frequencies detected, using: 1559.53
[1468054600.506624] [node058:13203:0]         sys.c:744  MXM  WARN  Conflicting CPU frequencies detected, using: 1697.72
[1468054600.121981] [node053:7776 :0]         sys.c:744  MXM  WARN  Conflicting CPU frequencies detected, using: 1499.53
