performing reachability, flags: -n 1 -N 1 -shared-heap 16GB --tablesize=27 --cachesize=26 --quadratic-probing--chunk-size=8 
This is upcrun, job spawner for the Berkeley UPC compiler (http://upc.lbl.gov).
upcrun version 2.22.2
Network conduits supported by this installation: smp mxm ibv
[1467967123.360401] [node016:31161:0]         sys.c:744  MXM  WARN  Conflicting CPU frequencies detected, using: 1699.88
[1467967123.365792] [node016:31161:0]         mxm.c:196  MXM  WARN  The 'ulimit -s' on the system is set to 'unlimited'. This may have negative performance implications. Please set the stack size to the default value (10240) 
UPCR: UPC thread 0 of 1 on node016 (pshm node 0 of 1, process 0 of 1, pid=31162)
using a cache granularity of 8
using linear probing in the BDD table
using a memoization table of 2^26 = 67108864 entries (~2560 MB) per thread
using a BDD table of 2^27 = 134217728 entries (~3072 MB) per thread
Initializing /home/oortwijn/distdd/models/beem/phils.5.bdd!
vector size: 24
bits per integer: 2
number of BDD variables: 48
Loading initial states: 
Initial states loaded... 
Loading transition relations... 
24 integers per state, 2 bits per integer, 48 transition groups
BDD nodes:
Initial states: 48 BDD nodes
Transition 0: 24 BDD nodes
Transition 1: 22 BDD nodes
Transition 2: 24 BDD nodes
Transition 3: 22 BDD nodes
Transition 4: 22 BDD nodes
Transition 5: 24 BDD nodes
Transition 6: 22 BDD nodes
Transition 7: 24 BDD nodes
Transition 8: 22 BDD nodes
Transition 9: 24 BDD nodes
Transition 10: 24 BDD nodes
Transition 11: 22 BDD nodes
Transition 12: 24 BDD nodes
Transition 13: 22 BDD nodes
Transition 14: 22 BDD nodes
Transition 15: 24 BDD nodes
Transition 16: 22 BDD nodes
Transition 17: 24 BDD nodes
Transition 18: 24 BDD nodes
Transition 19: 22 BDD nodes
Transition 20: 24 BDD nodes
Transition 21: 22 BDD nodes
Transition 22: 24 BDD nodes
Transition 23: 22 BDD nodes
Transition 24: 24 BDD nodes
Transition 25: 22 BDD nodes
Transition 26: 24 BDD nodes
Transition 27: 22 BDD nodes
Transition 28: 24 BDD nodes
Transition 29: 22 BDD nodes
Transition 30: 22 BDD nodes
Transition 31: 24 BDD nodes
Transition 32: 22 BDD nodes
Transition 33: 24 BDD nodes
Transition 34: 24 BDD nodes
Transition 35: 22 BDD nodes
Transition 36: 24 BDD nodes
Transition 37: 22 BDD nodes
Transition 38: 24 BDD nodes
Transition 39: 22 BDD nodes
Transition 40: 24 BDD nodes
Transition 41: 22 BDD nodes
Transition 42: 24 BDD nodes
Transition 43: 22 BDD nodes
Transition 44: 24 BDD nodes
Transition 45: 22 BDD nodes
Transition 46: 24 BDD nodes
Transition 47: 22 BDD nodes
Level 1... done.
Level 2... done.
PAR Time: 0.016297
Final states: 281474976710656 states
Final states: 0 BDD nodes
[1467967123.360401] [node016:31161:0]         sys.c:744  MXM  WARN  Conflicting CPU frequencies detected, using: 1699.88
[1467967123.341955] [node016:31117:0]         sys.c:744  MXM  WARN  Conflicting CPU frequencies detected, using: 1699.88
