performing reachability, flags: -n 4 -N 2 -shared-heap 8GB --tablesize=26 --cachesize=25  
This is upcrun, job spawner for the Berkeley UPC compiler (http://upc.lbl.gov).
upcrun version 2.22.2
Network conduits supported by this installation: smp mxm ibv
[1467967022.163726] [node008:28578:0]         sys.c:744  MXM  WARN  Conflicting CPU frequencies detected, using: 2151.84
[1467967022.174880] [node008:28578:0]         mxm.c:196  MXM  WARN  The 'ulimit -s' on the system is set to 'unlimited'. This may have negative performance implications. Please set the stack size to the default value (10240) 
[1467967022.163726] [node008:28578:0]         sys.c:744  MXM  WARN  Conflicting CPU frequencies detected, using: 2151.84
[1467967022.175647] [node008:28578:0]         mxm.c:196  MXM  WARN  The 'ulimit -s' on the system is set to 'unlimited'. This may have negative performance implications. Please set the stack size to the default value (10240) 
[1467967022.521944] [node009:9718 :0]         sys.c:744  MXM  WARN  Conflicting CPU frequencies detected, using: 1485.09
[1467967022.533878] [node009:9718 :0]         mxm.c:196  MXM  WARN  The 'ulimit -s' on the system is set to 'unlimited'. This may have negative performance implications. Please set the stack size to the default value (10240) 
[1467967022.521944] [node009:9718 :0]         sys.c:744  MXM  WARN  Conflicting CPU frequencies detected, using: 1485.09
[1467967022.533094] [node009:9718 :0]         mxm.c:196  MXM  WARN  The 'ulimit -s' on the system is set to 'unlimited'. This may have negative performance implications. Please set the stack size to the default value (10240) 
UPCR: UPC thread 0 of 4 on node008 (pshm node 0 of 2, process 0 of 4, pid=28580)
UPCR: UPC thread 1 of 4 on node008 (pshm node 0 of 2, process 1 of 4, pid=28581)
UPCR: UPC thread 3 of 4 on node009 (pshm node 1 of 2, process 3 of 4, pid=9761)
UPCR: UPC thread 2 of 4 on node009 (pshm node 1 of 2, process 2 of 4, pid=9760)
using a cache granularity of 8
using linear probing in the BDD table
using a memoization table of 2^25 = 33554432 entries (~1280 MB) per thread
using a BDD table of 2^26 = 67108864 entries (~1536 MB) per thread
Initializing /home/oortwijn/distdd/models/beem/phils.2.bdd!
vector size: 11
bits per integer: 3
number of BDD variables: 33
Loading initial states: 
Initial states loaded... 
Loading transition relations... 
11 integers per state, 3 bits per integer, 25 transition groups
BDD nodes:
Initial states: 33 BDD nodes
Transition 0: 28 BDD nodes
Transition 1: 25 BDD nodes
Transition 2: 28 BDD nodes
Transition 3: 25 BDD nodes
Transition 4: 28 BDD nodes
Transition 5: 25 BDD nodes
Transition 6: 36 BDD nodes
Transition 7: 28 BDD nodes
Transition 8: 25 BDD nodes
Transition 9: 28 BDD nodes
Transition 10: 25 BDD nodes
Transition 11: 36 BDD nodes
Transition 12: 25 BDD nodes
Transition 13: 28 BDD nodes
Transition 14: 36 BDD nodes
Transition 15: 28 BDD nodes
Transition 16: 25 BDD nodes
Transition 17: 40 BDD nodes
Transition 18: 40 BDD nodes
Transition 19: 28 BDD nodes
Transition 20: 25 BDD nodes
Transition 21: 28 BDD nodes
Transition 22: 25 BDD nodes
Transition 23: 28 BDD nodes
Transition 24: 25 BDD nodes
Level 1... done.
Level 2... done.
PAR Time: 0.004696
Final states: 8589934592 states
Final states: 0 BDD nodes
[1467967022.163726] [node008:28578:0]         sys.c:744  MXM  WARN  Conflicting CPU frequencies detected, using: 2151.84
[1467967022.521944] [node009:9718 :0]         sys.c:744  MXM  WARN  Conflicting CPU frequencies detected, using: 1485.09
[1467967022.145371] [node008:28534:0]         sys.c:744  MXM  WARN  Conflicting CPU frequencies detected, using: 2096.53
