performing reachability, flags: -n 64 -N 32 -shared-heap 8GB --tablesize=26 --cachesize=25  
This is upcrun, job spawner for the Berkeley UPC compiler (http://upc.lbl.gov).
upcrun version 2.22.2
Network conduits supported by this installation: smp mxm ibv
[1468105037.975957] [node008:18803:0]         sys.c:744  MXM  WARN  Conflicting CPU frequencies detected, using: 1690.59
[1468105037.990090] [node008:18803:0]         mxm.c:196  MXM  WARN  The 'ulimit -s' on the system is set to 'unlimited'. This may have negative performance implications. Please set the stack size to the default value (10240) 
[1468105037.975957] [node008:18803:0]         sys.c:744  MXM  WARN  Conflicting CPU frequencies detected, using: 1690.59
[1468105037.986649] [node008:18803:0]         mxm.c:196  MXM  WARN  The 'ulimit -s' on the system is set to 'unlimited'. This may have negative performance implications. Please set the stack size to the default value (10240) 
[1468105038.318713] [node016:16700:0]         sys.c:744  MXM  WARN  Conflicting CPU frequencies detected, using: 2190.19
[1468105038.324613] [node016:16700:0]         mxm.c:196  MXM  WARN  The 'ulimit -s' on the system is set to 'unlimited'. This may have negative performance implications. Please set the stack size to the default value (10240) 
[1468105038.318713] [node016:16700:0]         sys.c:744  MXM  WARN  Conflicting CPU frequencies detected, using: 2190.19
[1468105038.324368] [node016:16700:0]         mxm.c:196  MXM  WARN  The 'ulimit -s' on the system is set to 'unlimited'. This may have negative performance implications. Please set the stack size to the default value (10240) 
[1468105038.324376] [node021:10978:0]         sys.c:744  MXM  WARN  Conflicting CPU frequencies detected, using: 1847.25
[1468105038.330379] [node021:10978:0]         mxm.c:196  MXM  WARN  The 'ulimit -s' on the system is set to 'unlimited'. This may have negative performance implications. Please set the stack size to the default value (10240) 
[1468105038.324376] [node021:10978:0]         sys.c:744  MXM  WARN  Conflicting CPU frequencies detected, using: 1847.25
[1468105038.330290] [node021:10978:0]         mxm.c:196  MXM  WARN  The 'ulimit -s' on the system is set to 'unlimited'. This may have negative performance implications. Please set the stack size to the default value (10240) 
[1468105038.330423] [node010:1501 :0]         sys.c:744  MXM  WARN  Conflicting CPU frequencies detected, using: 1798.97
[1468105038.336531] [node010:1501 :0]         mxm.c:196  MXM  WARN  The 'ulimit -s' on the system is set to 'unlimited'. This may have negative performance implications. Please set the stack size to the default value (10240) 
[1468105038.330423] [node010:1501 :0]         sys.c:744  MXM  WARN  Conflicting CPU frequencies detected, using: 1798.97
[1468105038.336764] [node010:1501 :0]         mxm.c:196  MXM  WARN  The 'ulimit -s' on the system is set to 'unlimited'. This may have negative performance implications. Please set the stack size to the default value (10240) 
[1468105038.348566] [node059:9313 :0]         sys.c:744  MXM  WARN  Conflicting CPU frequencies detected, using: 1798.12
[1468105038.354772] [node059:9313 :0]         mxm.c:196  MXM  WARN  The 'ulimit -s' on the system is set to 'unlimited'. This may have negative performance implications. Please set the stack size to the default value (10240) 
[1468105038.337520] [node065:6370 :0]         sys.c:744  MXM  WARN  Conflicting CPU frequencies detected, using: 1895.53
[1468105038.343552] [node065:6370 :0]         mxm.c:196  MXM  WARN  The 'ulimit -s' on the system is set to 'unlimited'. This may have negative performance implications. Please set the stack size to the default value (10240) 
[1468105038.337520] [node065:6370 :0]         sys.c:744  MXM  WARN  Conflicting CPU frequencies detected, using: 1895.53
[1468105038.343932] [node065:6370 :0]         mxm.c:196  MXM  WARN  The 'ulimit -s' on the system is set to 'unlimited'. This may have negative performance implications. Please set the stack size to the default value (10240) 
[1468105038.345743] [node061:3127 :0]         sys.c:744  MXM  WARN  Conflicting CPU frequencies detected, using: 1698.66
[1468105038.351836] [node061:3127 :0]         mxm.c:196  MXM  WARN  The 'ulimit -s' on the system is set to 'unlimited'. This may have negative performance implications. Please set the stack size to the default value (10240) 
[1468105038.345743] [node061:3127 :0]         sys.c:744  MXM  WARN  Conflicting CPU frequencies detected, using: 1698.66
[1468105038.352056] [node061:3127 :0]         mxm.c:196  MXM  WARN  The 'ulimit -s' on the system is set to 'unlimited'. This may have negative performance implications. Please set the stack size to the default value (10240) 
[1468105038.343039] [node057:8943 :0]         sys.c:744  MXM  WARN  Conflicting CPU frequencies detected, using: 1618.59
[1468105038.349326] [node057:8943 :0]         mxm.c:196  MXM  WARN  The 'ulimit -s' on the system is set to 'unlimited'. This may have negative performance implications. Please set the stack size to the default value (10240) 
[1468105038.343039] [node057:8943 :0]         sys.c:744  MXM  WARN  Conflicting CPU frequencies detected, using: 1618.59
[1468105038.349251] [node057:8943 :0]         mxm.c:196  MXM  WARN  The 'ulimit -s' on the system is set to 'unlimited'. This may have negative performance implications. Please set the stack size to the default value (10240) 
[1468105038.344426] [node019:18942:0]         sys.c:744  MXM  WARN  Conflicting CPU frequencies detected, using: 1498.69
[1468105038.351006] [node019:18942:0]         mxm.c:196  MXM  WARN  The 'ulimit -s' on the system is set to 'unlimited'. This may have negative performance implications. Please set the stack size to the default value (10240) 
[1468105038.344426] [node019:18942:0]         sys.c:744  MXM  WARN  Conflicting CPU frequencies detected, using: 1498.69
[1468105038.350677] [node019:18942:0]         mxm.c:196  MXM  WARN  The 'ulimit -s' on the system is set to 'unlimited'. This may have negative performance implications. Please set the stack size to the default value (10240) 
[1468105038.348566] [node059:9313 :0]         sys.c:744  MXM  WARN  Conflicting CPU frequencies detected, using: 1798.12
[1468105038.354875] [node059:9313 :0]         mxm.c:196  MXM  WARN  The 'ulimit -s' on the system is set to 'unlimited'. This may have negative performance implications. Please set the stack size to the default value (10240) 
[1468105038.350271] [node060:11844:0]         sys.c:744  MXM  WARN  Conflicting CPU frequencies detected, using: 1695.94
[1468105038.356829] [node060:11844:0]         mxm.c:196  MXM  WARN  The 'ulimit -s' on the system is set to 'unlimited'. This may have negative performance implications. Please set the stack size to the default value (10240) 
[1468105038.344363] [node058:6714 :0]         sys.c:744  MXM  WARN  Conflicting CPU frequencies detected, using: 1898.72
[1468105038.350510] [node058:6714 :0]         mxm.c:196  MXM  WARN  The 'ulimit -s' on the system is set to 'unlimited'. This may have negative performance implications. Please set the stack size to the default value (10240) 
[1468105038.344363] [node058:6714 :0]         sys.c:744  MXM  WARN  Conflicting CPU frequencies detected, using: 1898.72
[1468105038.350866] [node058:6714 :0]         mxm.c:196  MXM  WARN  The 'ulimit -s' on the system is set to 'unlimited'. This may have negative performance implications. Please set the stack size to the default value (10240) 
[1468105038.350271] [node060:11844:0]         sys.c:744  MXM  WARN  Conflicting CPU frequencies detected, using: 1695.94
[1468105038.356463] [node060:11844:0]         mxm.c:196  MXM  WARN  The 'ulimit -s' on the system is set to 'unlimited'. This may have negative performance implications. Please set the stack size to the default value (10240) 
[1468105038.350036] [node063:10029:0]         sys.c:744  MXM  WARN  Conflicting CPU frequencies detected, using: 1696.69
[1468105038.356391] [node063:10029:0]         mxm.c:196  MXM  WARN  The 'ulimit -s' on the system is set to 'unlimited'. This may have negative performance implications. Please set the stack size to the default value (10240) 
[1468105038.350036] [node063:10029:0]         sys.c:744  MXM  WARN  Conflicting CPU frequencies detected, using: 1696.69
[1468105038.356065] [node063:10029:0]         mxm.c:196  MXM  WARN  The 'ulimit -s' on the system is set to 'unlimited'. This may have negative performance implications. Please set the stack size to the default value (10240) 
[1468105038.350191] [node053:15219:0]         sys.c:744  MXM  WARN  Conflicting CPU frequencies detected, using: 2606.16
[1468105038.356154] [node053:15219:0]         mxm.c:196  MXM  WARN  The 'ulimit -s' on the system is set to 'unlimited'. This may have negative performance implications. Please set the stack size to the default value (10240) 
[1468105038.350191] [node053:15219:0]         sys.c:744  MXM  WARN  Conflicting CPU frequencies detected, using: 2606.16
[1468105038.356526] [node053:15219:0]         mxm.c:196  MXM  WARN  The 'ulimit -s' on the system is set to 'unlimited'. This may have negative performance implications. Please set the stack size to the default value (10240) 
[1468105038.347578] [node014:26919:0]         sys.c:744  MXM  WARN  Conflicting CPU frequencies detected, using: 1484.72
[1468105038.353894] [node014:26919:0]         mxm.c:196  MXM  WARN  The 'ulimit -s' on the system is set to 'unlimited'. This may have negative performance implications. Please set the stack size to the default value (10240) 
[1468105038.347578] [node014:26919:0]         sys.c:744  MXM  WARN  Conflicting CPU frequencies detected, using: 1484.72
[1468105038.353420] [node014:26919:0]         mxm.c:196  MXM  WARN  The 'ulimit -s' on the system is set to 'unlimited'. This may have negative performance implications. Please set the stack size to the default value (10240) 
[1468105038.342046] [node011:8693 :0]         sys.c:744  MXM  WARN  Conflicting CPU frequencies detected, using: 1484.44
[1468105038.353876] [node011:8693 :0]         mxm.c:196  MXM  WARN  The 'ulimit -s' on the system is set to 'unlimited'. This may have negative performance implications. Please set the stack size to the default value (10240) 
[1468105038.338672] [node013:16225:0]         sys.c:744  MXM  WARN  Conflicting CPU frequencies detected, using: 1794.94
[1468105038.349936] [node013:16225:0]         mxm.c:196  MXM  WARN  The 'ulimit -s' on the system is set to 'unlimited'. This may have negative performance implications. Please set the stack size to the default value (10240) 
[1468105038.338672] [node013:16225:0]         sys.c:744  MXM  WARN  Conflicting CPU frequencies detected, using: 1794.94
[1468105038.350910] [node013:16225:0]         mxm.c:196  MXM  WARN  The 'ulimit -s' on the system is set to 'unlimited'. This may have negative performance implications. Please set the stack size to the default value (10240) 
[1468105038.347094] [node017:7739 :0]         sys.c:744  MXM  WARN  Conflicting CPU frequencies detected, using: 1439.44
[1468105038.358083] [node017:7739 :0]         mxm.c:196  MXM  WARN  The 'ulimit -s' on the system is set to 'unlimited'. This may have negative performance implications. Please set the stack size to the default value (10240) 
[1468105038.347094] [node017:7739 :0]         sys.c:744  MXM  WARN  Conflicting CPU frequencies detected, using: 1439.44
[1468105038.359077] [node017:7739 :0]         mxm.c:196  MXM  WARN  The 'ulimit -s' on the system is set to 'unlimited'. This may have negative performance implications. Please set the stack size to the default value (10240) 
[1468105038.328023] [node015:16986:0]         sys.c:744  MXM  WARN  Conflicting CPU frequencies detected, using: 1578.66
[1468105038.339074] [node015:16986:0]         mxm.c:196  MXM  WARN  The 'ulimit -s' on the system is set to 'unlimited'. This may have negative performance implications. Please set the stack size to the default value (10240) 
[1468105038.328023] [node015:16986:0]         sys.c:744  MXM  WARN  Conflicting CPU frequencies detected, using: 1578.66
[1468105038.339842] [node015:16986:0]         mxm.c:196  MXM  WARN  The 'ulimit -s' on the system is set to 'unlimited'. This may have negative performance implications. Please set the stack size to the default value (10240) 
[1468105038.329044] [node012:6016 :0]         sys.c:744  MXM  WARN  Conflicting CPU frequencies detected, using: 1898.62
[1468105038.341291] [node012:6016 :0]         mxm.c:196  MXM  WARN  The 'ulimit -s' on the system is set to 'unlimited'. This may have negative performance implications. Please set the stack size to the default value (10240) 
[1468105038.340560] [node020:30506:0]         sys.c:744  MXM  WARN  Conflicting CPU frequencies detected, using: 1794.84
[1468105038.351801] [node020:30506:0]         mxm.c:196  MXM  WARN  The 'ulimit -s' on the system is set to 'unlimited'. This may have negative performance implications. Please set the stack size to the default value (10240) 
[1468105038.340560] [node020:30506:0]         sys.c:744  MXM  WARN  Conflicting CPU frequencies detected, using: 1794.84
[1468105038.352584] [node020:30506:0]         mxm.c:196  MXM  WARN  The 'ulimit -s' on the system is set to 'unlimited'. This may have negative performance implications. Please set the stack size to the default value (10240) 
[1468105038.341694] [node054:21106:0]         sys.c:744  MXM  WARN  Conflicting CPU frequencies detected, using: 1800.00
[1468105038.353966] [node054:21106:0]         mxm.c:196  MXM  WARN  The 'ulimit -s' on the system is set to 'unlimited'. This may have negative performance implications. Please set the stack size to the default value (10240) 
[1468105038.345136] [node023:13766:0]         sys.c:744  MXM  WARN  Conflicting CPU frequencies detected, using: 1698.75
[1468105038.357585] [node023:13766:0]         mxm.c:196  MXM  WARN  The 'ulimit -s' on the system is set to 'unlimited'. This may have negative performance implications. Please set the stack size to the default value (10240) 
[1468105038.346407] [node022:8246 :0]         sys.c:744  MXM  WARN  Conflicting CPU frequencies detected, using: 1531.59
[1468105038.358102] [node022:8246 :0]         mxm.c:196  MXM  WARN  The 'ulimit -s' on the system is set to 'unlimited'. This may have negative performance implications. Please set the stack size to the default value (10240) 
[1468105038.340041] [node064:15639:0]         sys.c:744  MXM  WARN  Conflicting CPU frequencies detected, using: 1797.66
[1468105038.350946] [node064:15639:0]         mxm.c:196  MXM  WARN  The 'ulimit -s' on the system is set to 'unlimited'. This may have negative performance implications. Please set the stack size to the default value (10240) 
[1468105038.340041] [node064:15639:0]         sys.c:744  MXM  WARN  Conflicting CPU frequencies detected, using: 1797.66
[1468105038.351696] [node064:15639:0]         mxm.c:196  MXM  WARN  The 'ulimit -s' on the system is set to 'unlimited'. This may have negative performance implications. Please set the stack size to the default value (10240) 
[1468105038.334715] [node055:15455:0]         sys.c:744  MXM  WARN  Conflicting CPU frequencies detected, using: 2079.56
[1468105038.346902] [node055:15455:0]         mxm.c:196  MXM  WARN  The 'ulimit -s' on the system is set to 'unlimited'. This may have negative performance implications. Please set the stack size to the default value (10240) 
[1468105038.346228] [node056:10254:0]         sys.c:744  MXM  WARN  Conflicting CPU frequencies detected, using: 1798.78
[1468105038.358395] [node056:10254:0]         mxm.c:196  MXM  WARN  The 'ulimit -s' on the system is set to 'unlimited'. This may have negative performance implications. Please set the stack size to the default value (10240) 
[1468105038.341595] [node067:14672:0]         sys.c:744  MXM  WARN  Conflicting CPU frequencies detected, using: 1640.62
[1468105038.353435] [node067:14672:0]         mxm.c:196  MXM  WARN  The 'ulimit -s' on the system is set to 'unlimited'. This may have negative performance implications. Please set the stack size to the default value (10240) 
[1468105038.336021] [node068:10482:0]         sys.c:744  MXM  WARN  Conflicting CPU frequencies detected, using: 1398.00
[1468105038.348158] [node068:10482:0]         mxm.c:196  MXM  WARN  The 'ulimit -s' on the system is set to 'unlimited'. This may have negative performance implications. Please set the stack size to the default value (10240) 
[1468105038.350451] [node066:9071 :0]         sys.c:744  MXM  WARN  Conflicting CPU frequencies detected, using: 1788.75
[1468105038.362903] [node066:9071 :0]         mxm.c:196  MXM  WARN  The 'ulimit -s' on the system is set to 'unlimited'. This may have negative performance implications. Please set the stack size to the default value (10240) 
[1468105038.345543] [node009:4556 :0]         sys.c:744  MXM  WARN  Conflicting CPU frequencies detected, using: 1698.09
[1468105038.357691] [node009:4556 :0]         mxm.c:196  MXM  WARN  The 'ulimit -s' on the system is set to 'unlimited'. This may have negative performance implications. Please set the stack size to the default value (10240) 
[1468105038.345827] [node062:4556 :0]         sys.c:744  MXM  WARN  Conflicting CPU frequencies detected, using: 1498.12
[1468105038.357843] [node062:4556 :0]         mxm.c:196  MXM  WARN  The 'ulimit -s' on the system is set to 'unlimited'. This may have negative performance implications. Please set the stack size to the default value (10240) 
[1468105038.344312] [node018:27971:0]         sys.c:744  MXM  WARN  Conflicting CPU frequencies detected, using: 1797.38
[1468105038.356477] [node018:27971:0]         mxm.c:196  MXM  WARN  The 'ulimit -s' on the system is set to 'unlimited'. This may have negative performance implications. Please set the stack size to the default value (10240) 
[1468105038.342046] [node011:8693 :0]         sys.c:744  MXM  WARN  Conflicting CPU frequencies detected, using: 1484.44
[1468105038.353113] [node011:8693 :0]         mxm.c:196  MXM  WARN  The 'ulimit -s' on the system is set to 'unlimited'. This may have negative performance implications. Please set the stack size to the default value (10240) 
[1468105038.329044] [node012:6016 :0]         sys.c:744  MXM  WARN  Conflicting CPU frequencies detected, using: 1898.62
[1468105038.340513] [node012:6016 :0]         mxm.c:196  MXM  WARN  The 'ulimit -s' on the system is set to 'unlimited'. This may have negative performance implications. Please set the stack size to the default value (10240) 
[1468105038.346228] [node056:10254:0]         sys.c:744  MXM  WARN  Conflicting CPU frequencies detected, using: 1798.78
[1468105038.357654] [node056:10254:0]         mxm.c:196  MXM  WARN  The 'ulimit -s' on the system is set to 'unlimited'. This may have negative performance implications. Please set the stack size to the default value (10240) 
[1468105038.345136] [node023:13766:0]         sys.c:744  MXM  WARN  Conflicting CPU frequencies detected, using: 1698.75
[1468105038.356584] [node023:13766:0]         mxm.c:196  MXM  WARN  The 'ulimit -s' on the system is set to 'unlimited'. This may have negative performance implications. Please set the stack size to the default value (10240) 
[1468105038.341694] [node054:21106:0]         sys.c:744  MXM  WARN  Conflicting CPU frequencies detected, using: 1800.00
[1468105038.353182] [node054:21106:0]         mxm.c:196  MXM  WARN  The 'ulimit -s' on the system is set to 'unlimited'. This may have negative performance implications. Please set the stack size to the default value (10240) 
[1468105038.334715] [node055:15455:0]         sys.c:744  MXM  WARN  Conflicting CPU frequencies detected, using: 2079.56
[1468105038.344826] [node055:15455:0]         mxm.c:196  MXM  WARN  The 'ulimit -s' on the system is set to 'unlimited'. This may have negative performance implications. Please set the stack size to the default value (10240) 
[1468105038.346407] [node022:8246 :0]         sys.c:744  MXM  WARN  Conflicting CPU frequencies detected, using: 1531.59
[1468105038.357372] [node022:8246 :0]         mxm.c:196  MXM  WARN  The 'ulimit -s' on the system is set to 'unlimited'. This may have negative performance implications. Please set the stack size to the default value (10240) 
[1468105038.336021] [node068:10482:0]         sys.c:744  MXM  WARN  Conflicting CPU frequencies detected, using: 1398.00
[1468105038.347363] [node068:10482:0]         mxm.c:196  MXM  WARN  The 'ulimit -s' on the system is set to 'unlimited'. This may have negative performance implications. Please set the stack size to the default value (10240) 
[1468105038.350451] [node066:9071 :0]         sys.c:744  MXM  WARN  Conflicting CPU frequencies detected, using: 1788.75
[1468105038.362154] [node066:9071 :0]         mxm.c:196  MXM  WARN  The 'ulimit -s' on the system is set to 'unlimited'. This may have negative performance implications. Please set the stack size to the default value (10240) 
[1468105038.345827] [node062:4556 :0]         sys.c:744  MXM  WARN  Conflicting CPU frequencies detected, using: 1498.12
[1468105038.357121] [node062:4556 :0]         mxm.c:196  MXM  WARN  The 'ulimit -s' on the system is set to 'unlimited'. This may have negative performance implications. Please set the stack size to the default value (10240) 
[1468105038.341595] [node067:14672:0]         sys.c:744  MXM  WARN  Conflicting CPU frequencies detected, using: 1640.62
[1468105038.352707] [node067:14672:0]         mxm.c:196  MXM  WARN  The 'ulimit -s' on the system is set to 'unlimited'. This may have negative performance implications. Please set the stack size to the default value (10240) 
[1468105038.345543] [node009:4556 :0]         sys.c:744  MXM  WARN  Conflicting CPU frequencies detected, using: 1698.09
[1468105038.356934] [node009:4556 :0]         mxm.c:196  MXM  WARN  The 'ulimit -s' on the system is set to 'unlimited'. This may have negative performance implications. Please set the stack size to the default value (10240) 
[1468105038.344312] [node018:27971:0]         sys.c:744  MXM  WARN  Conflicting CPU frequencies detected, using: 1797.38
[1468105038.355745] [node018:27971:0]         mxm.c:196  MXM  WARN  The 'ulimit -s' on the system is set to 'unlimited'. This may have negative performance implications. Please set the stack size to the default value (10240) 
UPCR: UPC thread  0 of 64 on node008 (pshm node  0 of 32, process  0 of 64, pid=18835)
UPCR: UPC thread  1 of 64 on node008 (pshm node  0 of 32, process  1 of 64, pid=18836)
UPCR: UPC thread 11 of 64 on node013 (pshm node  5 of 32, process 11 of 64, pid=16268)
UPCR: UPC thread 10 of 64 on node013 (pshm node  5 of 32, process 10 of 64, pid=16267)
UPCR: UPC thread  9 of 64 on node012 (pshm node  4 of 32, process  9 of 64, pid=6060)
UPCR: UPC thread  8 of 64 on node012 (pshm node  4 of 32, process  8 of 64, pid=6059)
UPCR: UPC thread  7 of 64 on node011 (pshm node  3 of 32, process  7 of 64, pid=8736)
UPCR: UPC thread  6 of 64 on node011 (pshm node  3 of 32, process  6 of 64, pid=8735)
UPCR: UPC thread 19 of 64 on node017 (pshm node  9 of 32, process 19 of 64, pid=7782)
UPCR: UPC thread 18 of 64 on node017 (pshm node  9 of 32, process 18 of 64, pid=7781)
UPCR: UPC thread 43 of 64 on node058 (pshm node 21 of 32, process 43 of 64, pid=6757)
UPCR: UPC thread 42 of 64 on node058 (pshm node 21 of 32, process 42 of 64, pid=6756)
UPCR: UPC thread 36 of 64 on node055 (pshm node 18 of 32, process 36 of 64, pid=15497)
UPCR: UPC thread 37 of 64 on node055 (pshm node 18 of 32, process 37 of 64, pid=15498)
UPCR: UPC thread 55 of 64 on node064 (pshm node 27 of 32, process 55 of 64, pid=15682)
UPCR: UPC thread 54 of 64 on node064 (pshm node 27 of 32, process 54 of 64, pid=15681)
UPCR: UPC thread 12 of 64 on node014 (pshm node  6 of 32, process 12 of 64, pid=26963)
UPCR: UPC thread 13 of 64 on node014 (pshm node  6 of 32, process 13 of 64, pid=26964)
UPCR: UPC thread 22 of 64 on node019 (pshm node 11 of 32, process 22 of 64, pid=18984)
UPCR: UPC thread 23 of 64 on node019 (pshm node 11 of 32, process 23 of 64, pid=18985)
UPCR: UPC thread 27 of 64 on node021 (pshm node 13 of 32, process 27 of 64, pid=11021)
UPCR: UPC thread 26 of 64 on node021 (pshm node 13 of 32, process 26 of 64, pid=11020)
UPCR: UPC thread 51 of 64 on node062 (pshm node 25 of 32, process 51 of 64, pid=4599)
UPCR: UPC thread 50 of 64 on node062 (pshm node 25 of 32, process 50 of 64, pid=4598)
UPCR: UPC thread 45 of 64 on node059 (pshm node 22 of 32, process 45 of 64, pid=9356)
UPCR: UPC thread 44 of 64 on node059 (pshm node 22 of 32, process 44 of 64, pid=9355)
UPCR: UPC thread 35 of 64 on node054 (pshm node 17 of 32, process 35 of 64, pid=21149)
UPCR: UPC thread 34 of 64 on node054 (pshm node 17 of 32, process 34 of 64, pid=21148)
UPCR: UPC thread 41 of 64 on node057 (pshm node 20 of 32, process 41 of 64, pid=8989)
UPCR: UPC thread 40 of 64 on node057 (pshm node 20 of 32, process 40 of 64, pid=8988)
UPCR: UPC thread  3 of 64 on node009 (pshm node  1 of 32, process  3 of 64, pid=4599)
UPCR: UPC thread  2 of 64 on node009 (pshm node  1 of 32, process  2 of 64, pid=4598)
UPCR: UPC thread 24 of 64 on node020 (pshm node 12 of 32, process 24 of 64, pid=30548)
UPCR: UPC thread 25 of 64 on node020 (pshm node 12 of 32, process 25 of 64, pid=30549)
UPCR: UPC thread 39 of 64 on node056 (pshm node 19 of 32, process 39 of 64, pid=10297)
UPCR: UPC thread 38 of 64 on node056 (pshm node 19 of 32, process 38 of 64, pid=10296)
UPCR: UPC thread 21 of 64 on node018 (pshm node 10 of 32, process 21 of 64, pid=28015)
UPCR: UPC thread 20 of 64 on node018 (pshm node 10 of 32, process 20 of 64, pid=28014)
UPCR: UPC thread  5 of 64 on node010 (pshm node  2 of 32, process  5 of 64, pid=1544)
UPCR: UPC thread  4 of 64 on node010 (pshm node  2 of 32, process  4 of 64, pid=1543)
UPCR: UPC thread 57 of 64 on node065 (pshm node 28 of 32, process 57 of 64, pid=6413)
UPCR: UPC thread 56 of 64 on node065 (pshm node 28 of 32, process 56 of 64, pid=6412)
UPCR: UPC thread 16 of 64 on node016 (pshm node  8 of 32, process 16 of 64, pid=16742)
UPCR: UPC thread 17 of 64 on node016 (pshm node  8 of 32, process 17 of 64, pid=16743)
UPCR: UPC thread 49 of 64 on node061 (pshm node 24 of 32, process 49 of 64, pid=3180)
UPCR: UPC thread 48 of 64 on node061 (pshm node 24 of 32, process 48 of 64, pid=3179)
UPCR: UPC thread 58 of 64 on node066 (pshm node 29 of 32, process 58 of 64, pid=9113)
UPCR: UPC thread 59 of 64 on node066 (pshm node 29 of 32, process 59 of 64, pid=9114)
UPCR: UPC thread 29 of 64 on node022 (pshm node 14 of 32, process 29 of 64, pid=8289)
UPCR: UPC thread 28 of 64 on node022 (pshm node 14 of 32, process 28 of 64, pid=8288)
UPCR: UPC thread 53 of 64 on node063 (pshm node 26 of 32, process 53 of 64, pid=10072)
UPCR: UPC thread 52 of 64 on node063 (pshm node 26 of 32, process 52 of 64, pid=10071)
UPCR: UPC thread 63 of 64 on node068 (pshm node 31 of 32, process 63 of 64, pid=10525)
UPCR: UPC thread 62 of 64 on node068 (pshm node 31 of 32, process 62 of 64, pid=10524)
UPCR: UPC thread 31 of 64 on node023 (pshm node 15 of 32, process 31 of 64, pid=13809)
UPCR: UPC thread 30 of 64 on node023 (pshm node 15 of 32, process 30 of 64, pid=13808)
UPCR: UPC thread 61 of 64 on node067 (pshm node 30 of 32, process 61 of 64, pid=14715)
UPCR: UPC thread 60 of 64 on node067 (pshm node 30 of 32, process 60 of 64, pid=14714)
UPCR: UPC thread 32 of 64 on node053 (pshm node 16 of 32, process 32 of 64, pid=15261)
UPCR: UPC thread 33 of 64 on node053 (pshm node 16 of 32, process 33 of 64, pid=15262)
UPCR: UPC thread 15 of 64 on node015 (pshm node  7 of 32, process 15 of 64, pid=17029)
UPCR: UPC thread 14 of 64 on node015 (pshm node  7 of 32, process 14 of 64, pid=17028)
UPCR: UPC thread 46 of 64 on node060 (pshm node 23 of 32, process 46 of 64, pid=11886)
UPCR: UPC thread 47 of 64 on node060 (pshm node 23 of 32, process 47 of 64, pid=11887)
using a cache granularity of 8
using linear probing in the BDD table
using a memoization table of 2^25 = 33554432 entries (~1280 MB) per thread
using a BDD table of 2^26 = 67108864 entries (~1536 MB) per thread
Initializing /home/oortwijn/distdd/models/beem/phils.1.bdd!
vector size: 8
bits per integer: 2
number of BDD variables: 16
Loading initial states: 
Initial states loaded... 
Loading transition relations... 
8 integers per state, 2 bits per integer, 16 transition groups
BDD nodes:
Initial states: 16 BDD nodes
Transition 0: 24 BDD nodes
Transition 1: 22 BDD nodes
Transition 2: 22 BDD nodes
Transition 3: 24 BDD nodes
Transition 4: 22 BDD nodes
Transition 5: 24 BDD nodes
Transition 6: 22 BDD nodes
Transition 7: 24 BDD nodes
Transition 8: 22 BDD nodes
Transition 9: 24 BDD nodes
Transition 10: 24 BDD nodes
Transition 11: 22 BDD nodes
Transition 12: 24 BDD nodes
Transition 13: 22 BDD nodes
Transition 14: 22 BDD nodes
Transition 15: 24 BDD nodes
Level 1... done.
Level 2... done.
PAR Time: 0.001863
Final states: 65536 states
Final states: 0 BDD nodes
[1468105038.341694] [node054:21106:0]         sys.c:744  MXM  WARN  Conflicting CPU frequencies detected, using: 1800.00
[1468105038.334715] [node055:15455:0]         sys.c:744  MXM  WARN  Conflicting CPU frequencies detected, using: 2079.56
[1468105038.345743] [node061:3127 :0]         sys.c:744  MXM  WARN  Conflicting CPU frequencies detected, using: 1698.66
[1468105038.350191] [node053:15219:0]         sys.c:744  MXM  WARN  Conflicting CPU frequencies detected, using: 2606.16
[1468105038.340041] [node064:15639:0]         sys.c:744  MXM  WARN  Conflicting CPU frequencies detected, using: 1797.66
[1468105037.975957] [node008:18803:0]         sys.c:744  MXM  WARN  Conflicting CPU frequencies detected, using: 1690.59
[1468105038.344363] [node058:6714 :0]         sys.c:744  MXM  WARN  Conflicting CPU frequencies detected, using: 1898.72
[1468105038.343039] [node057:8943 :0]         sys.c:744  MXM  WARN  Conflicting CPU frequencies detected, using: 1618.59
[1468105038.350451] [node066:9071 :0]         sys.c:744  MXM  WARN  Conflicting CPU frequencies detected, using: 1788.75
[1468105038.344312] [node018:27971:0]         sys.c:744  MXM  WARN  Conflicting CPU frequencies detected, using: 1797.38
[1468105038.345543] [node009:4556 :0]         sys.c:744  MXM  WARN  Conflicting CPU frequencies detected, using: 1698.09
[1468105038.336021] [node068:10482:0]         sys.c:744  MXM  WARN  Conflicting CPU frequencies detected, using: 1398.00
[1468105038.347094] [node017:7739 :0]         sys.c:744  MXM  WARN  Conflicting CPU frequencies detected, using: 1439.44
[1468105038.337520] [node065:6370 :0]         sys.c:744  MXM  WARN  Conflicting CPU frequencies detected, using: 1895.53
[1468105038.341595] [node067:14672:0]         sys.c:744  MXM  WARN  Conflicting CPU frequencies detected, using: 1640.62
[1468105038.348566] [node059:9313 :0]         sys.c:744  MXM  WARN  Conflicting CPU frequencies detected, using: 1798.12
[1468105038.350271] [node060:11844:0]         sys.c:744  MXM  WARN  Conflicting CPU frequencies detected, using: 1695.94
[1468105038.346228] [node056:10254:0]         sys.c:744  MXM  WARN  Conflicting CPU frequencies detected, using: 1798.78
[1468105038.347578] [node014:26919:0]         sys.c:744  MXM  WARN  Conflicting CPU frequencies detected, using: 1484.72
[1468105038.345827] [node062:4556 :0]         sys.c:744  MXM  WARN  Conflicting CPU frequencies detected, using: 1498.12
[1468105038.350036] [node063:10029:0]         sys.c:744  MXM  WARN  Conflicting CPU frequencies detected, using: 1696.69
[1468105038.324376] [node021:10978:0]         sys.c:744  MXM  WARN  Conflicting CPU frequencies detected, using: 1847.25
[1468105038.329044] [node012:6016 :0]         sys.c:744  MXM  WARN  Conflicting CPU frequencies detected, using: 1898.62
[1468105038.345136] [node023:13766:0]         sys.c:744  MXM  WARN  Conflicting CPU frequencies detected, using: 1698.75
[1468105038.330423] [node010:1501 :0]         sys.c:744  MXM  WARN  Conflicting CPU frequencies detected, using: 1798.97
[1468105038.344426] [node019:18942:0]         sys.c:744  MXM  WARN  Conflicting CPU frequencies detected, using: 1498.69
[1468105038.338672] [node013:16225:0]         sys.c:744  MXM  WARN  Conflicting CPU frequencies detected, using: 1794.94
[1468105038.340560] [node020:30506:0]         sys.c:744  MXM  WARN  Conflicting CPU frequencies detected, using: 1794.84
[1468105038.346407] [node022:8246 :0]         sys.c:744  MXM  WARN  Conflicting CPU frequencies detected, using: 1531.59
[1468105038.328023] [node015:16986:0]         sys.c:744  MXM  WARN  Conflicting CPU frequencies detected, using: 1578.66
[1468105038.318713] [node016:16700:0]         sys.c:744  MXM  WARN  Conflicting CPU frequencies detected, using: 2190.19
[1468105038.342046] [node011:8693 :0]         sys.c:744  MXM  WARN  Conflicting CPU frequencies detected, using: 1484.44
[1468105037.954164] [node008:18759:0]         sys.c:744  MXM  WARN  Conflicting CPU frequencies detected, using: 1598.72
