performing reachability, flags: -n 16 -N 8 -shared-heap 8GB --tablesize=26 --cachesize=25  
This is upcrun, job spawner for the Berkeley UPC compiler (http://upc.lbl.gov).
upcrun version 2.22.2
Network conduits supported by this installation: smp mxm ibv
[1468145957.243212] [node008:32556:0]         sys.c:744  MXM  WARN  Conflicting CPU frequencies detected, using: 2189.53
[1468145957.254261] [node008:32556:0]         mxm.c:196  MXM  WARN  The 'ulimit -s' on the system is set to 'unlimited'. This may have negative performance implications. Please set the stack size to the default value (10240) 
[1468145957.243212] [node008:32556:0]         sys.c:744  MXM  WARN  Conflicting CPU frequencies detected, using: 2189.53
[1468145957.253550] [node008:32556:0]         mxm.c:196  MXM  WARN  The 'ulimit -s' on the system is set to 'unlimited'. This may have negative performance implications. Please set the stack size to the default value (10240) 
[1468145957.585340] [node010:1141 :0]         sys.c:744  MXM  WARN  Conflicting CPU frequencies detected, using: 1401.38
[1468145957.591515] [node010:1141 :0]         mxm.c:196  MXM  WARN  The 'ulimit -s' on the system is set to 'unlimited'. This may have negative performance implications. Please set the stack size to the default value (10240) 
[1468145957.585340] [node010:1141 :0]         sys.c:744  MXM  WARN  Conflicting CPU frequencies detected, using: 1401.38
[1468145957.591782] [node010:1141 :0]         mxm.c:196  MXM  WARN  The 'ulimit -s' on the system is set to 'unlimited'. This may have negative performance implications. Please set the stack size to the default value (10240) 
[1468145957.598830] [node014:19903:0]         sys.c:744  MXM  WARN  Conflicting CPU frequencies detected, using: 1795.12
[1468145957.604923] [node014:19903:0]         mxm.c:196  MXM  WARN  The 'ulimit -s' on the system is set to 'unlimited'. This may have negative performance implications. Please set the stack size to the default value (10240) 
[1468145957.598830] [node014:19903:0]         sys.c:744  MXM  WARN  Conflicting CPU frequencies detected, using: 1795.12
[1468145957.605326] [node014:19903:0]         mxm.c:196  MXM  WARN  The 'ulimit -s' on the system is set to 'unlimited'. This may have negative performance implications. Please set the stack size to the default value (10240) 
[1468145957.593801] [node009:7055 :0]         sys.c:744  MXM  WARN  Conflicting CPU frequencies detected, using: 1471.31
[1468145957.605519] [node009:7055 :0]         mxm.c:196  MXM  WARN  The 'ulimit -s' on the system is set to 'unlimited'. This may have negative performance implications. Please set the stack size to the default value (10240) 
[1468145957.595027] [node013:2852 :0]         sys.c:744  MXM  WARN  Conflicting CPU frequencies detected, using: 1794.84
[1468145957.605997] [node013:2852 :0]         mxm.c:196  MXM  WARN  The 'ulimit -s' on the system is set to 'unlimited'. This may have negative performance implications. Please set the stack size to the default value (10240) 
[1468145957.595027] [node013:2852 :0]         sys.c:744  MXM  WARN  Conflicting CPU frequencies detected, using: 1794.84
[1468145957.606756] [node013:2852 :0]         mxm.c:196  MXM  WARN  The 'ulimit -s' on the system is set to 'unlimited'. This may have negative performance implications. Please set the stack size to the default value (10240) 
[1468145957.590957] [node015:1873 :0]         sys.c:744  MXM  WARN  Conflicting CPU frequencies detected, using: 1376.34
[1468145957.601960] [node015:1873 :0]         mxm.c:196  MXM  WARN  The 'ulimit -s' on the system is set to 'unlimited'. This may have negative performance implications. Please set the stack size to the default value (10240) 
[1468145957.590957] [node015:1873 :0]         sys.c:744  MXM  WARN  Conflicting CPU frequencies detected, using: 1376.34
[1468145957.602730] [node015:1873 :0]         mxm.c:196  MXM  WARN  The 'ulimit -s' on the system is set to 'unlimited'. This may have negative performance implications. Please set the stack size to the default value (10240) 
[1468145957.598559] [node011:319  :0]         sys.c:744  MXM  WARN  Conflicting CPU frequencies detected, using: 1695.09
[1468145957.609575] [node011:319  :0]         mxm.c:196  MXM  WARN  The 'ulimit -s' on the system is set to 'unlimited'. This may have negative performance implications. Please set the stack size to the default value (10240) 
[1468145957.598559] [node011:319  :0]         sys.c:744  MXM  WARN  Conflicting CPU frequencies detected, using: 1695.09
[1468145957.610603] [node011:319  :0]         mxm.c:196  MXM  WARN  The 'ulimit -s' on the system is set to 'unlimited'. This may have negative performance implications. Please set the stack size to the default value (10240) 
[1468145957.594454] [node012:26746:0]         sys.c:744  MXM  WARN  Conflicting CPU frequencies detected, using: 1895.62
[1468145957.605713] [node012:26746:0]         mxm.c:196  MXM  WARN  The 'ulimit -s' on the system is set to 'unlimited'. This may have negative performance implications. Please set the stack size to the default value (10240) 
[1468145957.593801] [node009:7055 :0]         sys.c:744  MXM  WARN  Conflicting CPU frequencies detected, using: 1471.31
[1468145957.604782] [node009:7055 :0]         mxm.c:196  MXM  WARN  The 'ulimit -s' on the system is set to 'unlimited'. This may have negative performance implications. Please set the stack size to the default value (10240) 
[1468145957.594454] [node012:26746:0]         sys.c:744  MXM  WARN  Conflicting CPU frequencies detected, using: 1895.62
[1468145957.606447] [node012:26746:0]         mxm.c:196  MXM  WARN  The 'ulimit -s' on the system is set to 'unlimited'. This may have negative performance implications. Please set the stack size to the default value (10240) 
UPCR: UPC thread  0 of 16 on node008 (pshm node 0 of 8, process  0 of 16, pid=32564)
UPCR: UPC thread  1 of 16 on node008 (pshm node 0 of 8, process  1 of 16, pid=32565)
UPCR: UPC thread  2 of 16 on node009 (pshm node 1 of 8, process  2 of 16, pid=7097)
UPCR: UPC thread  3 of 16 on node009 (pshm node 1 of 8, process  3 of 16, pid=7098)
UPCR: UPC thread 11 of 16 on node013 (pshm node 5 of 8, process 11 of 16, pid=2895)
UPCR: UPC thread 10 of 16 on node013 (pshm node 5 of 8, process 10 of 16, pid=2894)
UPCR: UPC thread 13 of 16 on node014 (pshm node 6 of 8, process 13 of 16, pid=19946)
UPCR: UPC thread 12 of 16 on node014 (pshm node 6 of 8, process 12 of 16, pid=19945)
UPCR: UPC thread  9 of 16 on node012 (pshm node 4 of 8, process  9 of 16, pid=26789)
UPCR: UPC thread  8 of 16 on node012 (pshm node 4 of 8, process  8 of 16, pid=26788)
UPCR: UPC thread  7 of 16 on node011 (pshm node 3 of 8, process  7 of 16, pid=363)
UPCR: UPC thread  6 of 16 on node011 (pshm node 3 of 8, process  6 of 16, pid=362)
UPCR: UPC thread 15 of 16 on node015 (pshm node 7 of 8, process 15 of 16, pid=1923)
UPCR: UPC thread 14 of 16 on node015 (pshm node 7 of 8, process 14 of 16, pid=1922)
UPCR: UPC thread  5 of 16 on node010 (pshm node 2 of 8, process  5 of 16, pid=1184)
UPCR: UPC thread  4 of 16 on node010 (pshm node 2 of 8, process  4 of 16, pid=1183)
using a cache granularity of 8
using linear probing in the BDD table
using a memoization table of 2^25 = 33554432 entries (~1280 MB) per thread
using a BDD table of 2^26 = 67108864 entries (~1536 MB) per thread
Initializing /home/oortwijn/distdd/models/beem/phils.4.bdd!
vector size: 19
bits per integer: 3
number of BDD variables: 57
Loading initial states: 
Initial states loaded... 
Loading transition relations... 
19 integers per state, 3 bits per integer, 45 transition groups
BDD nodes:
Initial states: 57 BDD nodes
Transition 0: 28 BDD nodes
Transition 1: 25 BDD nodes
Transition 2: 25 BDD nodes
Transition 3: 28 BDD nodes
Transition 4: 25 BDD nodes
Transition 5: 28 BDD nodes
Transition 6: 40 BDD nodes
Transition 7: 28 BDD nodes
Transition 8: 25 BDD nodes
Transition 9: 28 BDD nodes
Transition 10: 25 BDD nodes
Transition 11: 40 BDD nodes
Transition 12: 28 BDD nodes
Transition 13: 25 BDD nodes
Transition 14: 28 BDD nodes
Transition 15: 25 BDD nodes
Transition 16: 40 BDD nodes
Transition 17: 28 BDD nodes
Transition 18: 25 BDD nodes
Transition 19: 28 BDD nodes
Transition 20: 25 BDD nodes
Transition 21: 40 BDD nodes
Transition 22: 28 BDD nodes
Transition 23: 25 BDD nodes
Transition 24: 40 BDD nodes
Transition 25: 25 BDD nodes
Transition 26: 28 BDD nodes
Transition 27: 45 BDD nodes
Transition 28: 45 BDD nodes
Transition 29: 45 BDD nodes
Transition 30: 45 BDD nodes
Transition 31: 28 BDD nodes
Transition 32: 25 BDD nodes
Transition 33: 28 BDD nodes
Transition 34: 25 BDD nodes
Transition 35: 28 BDD nodes
Transition 36: 25 BDD nodes
Transition 37: 28 BDD nodes
Transition 38: 25 BDD nodes
Transition 39: 28 BDD nodes
Transition 40: 25 BDD nodes
Transition 41: 28 BDD nodes
Transition 42: 25 BDD nodes
Transition 43: 28 BDD nodes
Transition 44: 25 BDD nodes
Level 1... done.
Level 2... done.
PAR Time: 0.008073
Final states: 144115188075855872 states
Final states: 0 BDD nodes
[1468145957.243212] [node008:32556:0]         sys.c:744  MXM  WARN  Conflicting CPU frequencies detected, using: 2189.53
[1468145957.593801] [node009:7055 :0]         sys.c:744  MXM  WARN  Conflicting CPU frequencies detected, using: 1471.31
[1468145957.594454] [node012:26746:0]         sys.c:744  MXM  WARN  Conflicting CPU frequencies detected, using: 1895.62
[1468145957.590957] [node015:1873 :0]         sys.c:744  MXM  WARN  Conflicting CPU frequencies detected, using: 1376.34
[1468145957.585340] [node010:1141 :0]         sys.c:744  MXM  WARN  Conflicting CPU frequencies detected, using: 1401.38
[1468145957.595027] [node013:2852 :0]         sys.c:744  MXM  WARN  Conflicting CPU frequencies detected, using: 1794.84
[1468145957.598830] [node014:19903:0]         sys.c:744  MXM  WARN  Conflicting CPU frequencies detected, using: 1795.12
[1468145957.598559] [node011:319  :0]         sys.c:744  MXM  WARN  Conflicting CPU frequencies detected, using: 1695.09
[1468145957.225644] [node008:32512:0]         sys.c:744  MXM  WARN  Conflicting CPU frequencies detected, using: 2095.69
