performing reachability, flags: -n 16 -N 1 -shared-heap 1GB --tablesize=23 --cachesize=22 --quadratic-probing--chunk-size=8 
This is upcrun, job spawner for the Berkeley UPC compiler (http://upc.lbl.gov).
upcrun version 2.22.2
Network conduits supported by this installation: smp mxm ibv
[1468146098.447229] [node008:1703 :0]         sys.c:744  MXM  WARN  Conflicting CPU frequencies detected, using: 2095.59
[1468146098.447229] [node008:1703 :0]         sys.c:744  MXM  WARN  Conflicting CPU frequencies detected, using: 2095.59
[1468146098.497926] [node008:1703 :0]         mxm.c:196  MXM  WARN  The 'ulimit -s' on the system is set to 'unlimited'. This may have negative performance implications. Please set the stack size to the default value (10240) 
[1468146098.447229] [node008:1703 :0]         sys.c:744  MXM  WARN  Conflicting CPU frequencies detected, using: 2095.59
[1468146098.447229] [node008:1703 :0]         sys.c:744  MXM  WARN  Conflicting CPU frequencies detected, using: 2095.59
[1468146098.447229] [node008:1703 :0]         sys.c:744  MXM  WARN  Conflicting CPU frequencies detected, using: 2095.59
[1468146098.447229] [node008:1703 :0]         sys.c:744  MXM  WARN  Conflicting CPU frequencies detected, using: 2095.59
[1468146098.447229] [node008:1703 :0]         sys.c:744  MXM  WARN  Conflicting CPU frequencies detected, using: 2095.59
[1468146098.447229] [node008:1703 :0]         sys.c:744  MXM  WARN  Conflicting CPU frequencies detected, using: 2095.59
[1468146098.447229] [node008:1703 :0]         sys.c:744  MXM  WARN  Conflicting CPU frequencies detected, using: 2095.59
[1468146098.447229] [node008:1703 :0]         sys.c:744  MXM  WARN  Conflicting CPU frequencies detected, using: 2095.59
[1468146098.447229] [node008:1703 :0]         sys.c:744  MXM  WARN  Conflicting CPU frequencies detected, using: 2095.59
[1468146098.447229] [node008:1703 :0]         sys.c:744  MXM  WARN  Conflicting CPU frequencies detected, using: 2095.59
[1468146098.447229] [node008:1703 :0]         sys.c:744  MXM  WARN  Conflicting CPU frequencies detected, using: 2095.59
[1468146098.491433] [node008:1703 :0]         mxm.c:196  MXM  WARN  The 'ulimit -s' on the system is set to 'unlimited'. This may have negative performance implications. Please set the stack size to the default value (10240) 
[1468146098.529946] [node008:1703 :0]         mxm.c:196  MXM  WARN  The 'ulimit -s' on the system is set to 'unlimited'. This may have negative performance implications. Please set the stack size to the default value (10240) 
[1468146098.496199] [node008:1703 :0]         mxm.c:196  MXM  WARN  The 'ulimit -s' on the system is set to 'unlimited'. This may have negative performance implications. Please set the stack size to the default value (10240) 
[1468146098.447229] [node008:1703 :0]         sys.c:744  MXM  WARN  Conflicting CPU frequencies detected, using: 2095.59
[1468146098.493139] [node008:1703 :0]         mxm.c:196  MXM  WARN  The 'ulimit -s' on the system is set to 'unlimited'. This may have negative performance implications. Please set the stack size to the default value (10240) 
[1468146098.518118] [node008:1703 :0]         mxm.c:196  MXM  WARN  The 'ulimit -s' on the system is set to 'unlimited'. This may have negative performance implications. Please set the stack size to the default value (10240) 
[1468146098.447229] [node008:1703 :0]         sys.c:744  MXM  WARN  Conflicting CPU frequencies detected, using: 2095.59
[1468146098.485154] [node008:1703 :0]         mxm.c:196  MXM  WARN  The 'ulimit -s' on the system is set to 'unlimited'. This may have negative performance implications. Please set the stack size to the default value (10240) 
[1468146098.499571] [node008:1703 :0]         mxm.c:196  MXM  WARN  The 'ulimit -s' on the system is set to 'unlimited'. This may have negative performance implications. Please set the stack size to the default value (10240) 
[1468146098.504435] [node008:1703 :0]         mxm.c:196  MXM  WARN  The 'ulimit -s' on the system is set to 'unlimited'. This may have negative performance implications. Please set the stack size to the default value (10240) 
[1468146098.511039] [node008:1703 :0]         mxm.c:196  MXM  WARN  The 'ulimit -s' on the system is set to 'unlimited'. This may have negative performance implications. Please set the stack size to the default value (10240) 
[1468146098.447229] [node008:1703 :0]         sys.c:744  MXM  WARN  Conflicting CPU frequencies detected, using: 2095.59
[1468146098.489155] [node008:1703 :0]         mxm.c:196  MXM  WARN  The 'ulimit -s' on the system is set to 'unlimited'. This may have negative performance implications. Please set the stack size to the default value (10240) 
[1468146098.527382] [node008:1703 :0]         mxm.c:196  MXM  WARN  The 'ulimit -s' on the system is set to 'unlimited'. This may have negative performance implications. Please set the stack size to the default value (10240) 
[1468146098.523111] [node008:1703 :0]         mxm.c:196  MXM  WARN  The 'ulimit -s' on the system is set to 'unlimited'. This may have negative performance implications. Please set the stack size to the default value (10240) 
[1468146098.502952] [node008:1703 :0]         mxm.c:196  MXM  WARN  The 'ulimit -s' on the system is set to 'unlimited'. This may have negative performance implications. Please set the stack size to the default value (10240) 
[1468146098.538630] [node008:1703 :0]         mxm.c:196  MXM  WARN  The 'ulimit -s' on the system is set to 'unlimited'. This may have negative performance implications. Please set the stack size to the default value (10240) 
[1468146098.518801] [node008:1703 :0]         mxm.c:196  MXM  WARN  The 'ulimit -s' on the system is set to 'unlimited'. This may have negative performance implications. Please set the stack size to the default value (10240) 
UPCR: UPC thread  8 of 16 on node008 (pshm node 0 of 1, process  8 of 16, pid=1715)
UPCR: UPC thread 14 of 16 on node008 (pshm node 0 of 1, process 14 of 16, pid=1727)
UPCR: UPC thread  6 of 16 on node008 (pshm node 0 of 1, process  6 of 16, pid=1710)
UPCR: UPC thread  5 of 16 on node008 (pshm node 0 of 1, process  5 of 16, pid=1709)
UPCR: UPC thread 12 of 16 on node008 (pshm node 0 of 1, process 12 of 16, pid=1723)
UPCR: UPC thread  3 of 16 on node008 (pshm node 0 of 1, process  3 of 16, pid=1707)
UPCR: UPC thread  4 of 16 on node008 (pshm node 0 of 1, process  4 of 16, pid=1708)
UPCR: UPC thread  2 of 16 on node008 (pshm node 0 of 1, process  2 of 16, pid=1706)
UPCR: UPC thread 10 of 16 on node008 (pshm node 0 of 1, process 10 of 16, pid=1719)
UPCR: UPC thread 15 of 16 on node008 (pshm node 0 of 1, process 15 of 16, pid=1729)
UPCR: UPC thread  7 of 16 on node008 (pshm node 0 of 1, process  7 of 16, pid=1713)
UPCR: UPC thread  0 of 16 on node008 (pshm node 0 of 1, process  0 of 16, pid=1704)
UPCR: UPC thread 13 of 16 on node008 (pshm node 0 of 1, process 13 of 16, pid=1725)
UPCR: UPC thread 11 of 16 on node008 (pshm node 0 of 1, process 11 of 16, pid=1721)
UPCR: UPC thread  9 of 16 on node008 (pshm node 0 of 1, process  9 of 16, pid=1717)
UPCR: UPC thread  1 of 16 on node008 (pshm node 0 of 1, process  1 of 16, pid=1705)
using a cache granularity of 8
using linear probing in the BDD table
using a memoization table of 2^23 = 8388608 entries (~320 MB) per thread
using a BDD table of 2^23 = 8388608 entries (~192 MB) per thread
Initializing /home/oortwijn/distdd/models/beem/phils.8.bdd!
vector size: 32
bits per integer: 2
number of BDD variables: 64
Loading initial states: 
Initial states loaded... 
Loading transition relations... 
32 integers per state, 2 bits per integer, 64 transition groups
BDD nodes:
Initial states: 64 BDD nodes
Transition 0: 24 BDD nodes
Transition 1: 22 BDD nodes
Transition 2: 22 BDD nodes
Transition 3: 24 BDD nodes
Transition 4: 22 BDD nodes
Transition 5: 24 BDD nodes
Transition 6: 22 BDD nodes
Transition 7: 24 BDD nodes
Transition 8: 22 BDD nodes
Transition 9: 24 BDD nodes
Transition 10: 24 BDD nodes
Transition 11: 22 BDD nodes
Transition 12: 24 BDD nodes
Transition 13: 22 BDD nodes
Transition 14: 22 BDD nodes
Transition 15: 24 BDD nodes
Transition 16: 22 BDD nodes
Transition 17: 24 BDD nodes
Transition 18: 24 BDD nodes
Transition 19: 22 BDD nodes
Transition 20: 24 BDD nodes
Transition 21: 22 BDD nodes
Transition 22: 24 BDD nodes
Transition 23: 22 BDD nodes
Transition 24: 24 BDD nodes
Transition 25: 22 BDD nodes
Transition 26: 24 BDD nodes
Transition 27: 22 BDD nodes
Transition 28: 24 BDD nodes
Transition 29: 22 BDD nodes
Transition 30: 22 BDD nodes
Transition 31: 24 BDD nodes
Transition 32: 22 BDD nodes
Transition 33: 24 BDD nodes
Transition 34: 24 BDD nodes
Transition 35: 22 BDD nodes
Transition 36: 24 BDD nodes
Transition 37: 22 BDD nodes
Transition 38: 24 BDD nodes
Transition 39: 22 BDD nodes
Transition 40: 24 BDD nodes
Transition 41: 22 BDD nodes
Transition 42: 24 BDD nodes
Transition 43: 22 BDD nodes
Transition 44: 24 BDD nodes
Transition 45: 22 BDD nodes
Transition 46: 24 BDD nodes
Transition 47: 22 BDD nodes
Transition 48: 24 BDD nodes
Transition 49: 22 BDD nodes
Transition 50: 24 BDD nodes
Transition 51: 22 BDD nodes
Transition 52: 24 BDD nodes
Transition 53: 22 BDD nodes
Transition 54: 24 BDD nodes
Transition 55: 22 BDD nodes
Transition 56: 24 BDD nodes
Transition 57: 22 BDD nodes
Transition 58: 24 BDD nodes
Transition 59: 22 BDD nodes
Transition 60: 24 BDD nodes
Transition 61: 22 BDD nodes
Transition 62: 22 BDD nodes
Transition 63: 24 BDD nodes
Level 1... done.
Level 2... done.
PAR Time: 0.003606
Final states: 0 states
Final states: 0 BDD nodes
[1468146098.447229] [node008:1703 :0]         sys.c:744  MXM  WARN  Conflicting CPU frequencies detected, using: 2095.59
[1468146098.429875] [node008:1659 :0]         sys.c:744  MXM  WARN  Conflicting CPU frequencies detected, using: 2095.59
