performing reachability, flags: -n 8 -N 8 -shared-heap 16GB --tablesize=27 --cachesize=26  
This is upcrun, job spawner for the Berkeley UPC compiler (http://upc.lbl.gov).
upcrun version 2.22.2
Network conduits supported by this installation: smp mxm ibv
[1468058472.587785] [node053:13841:0]         sys.c:744  MXM  WARN  Conflicting CPU frequencies detected, using: 1842.84
[1468058472.593175] [node053:13841:0]         mxm.c:196  MXM  WARN  The 'ulimit -s' on the system is set to 'unlimited'. This may have negative performance implications. Please set the stack size to the default value (10240) 
[1468058472.947927] [node058:16481:0]         sys.c:744  MXM  WARN  Conflicting CPU frequencies detected, using: 1798.69
[1468058472.953908] [node058:16481:0]         mxm.c:196  MXM  WARN  The 'ulimit -s' on the system is set to 'unlimited'. This may have negative performance implications. Please set the stack size to the default value (10240) 
[1468058472.952912] [node054:30268:0]         sys.c:744  MXM  WARN  Conflicting CPU frequencies detected, using: 1897.50
[1468058472.961791] [node054:30268:0]         mxm.c:196  MXM  WARN  The 'ulimit -s' on the system is set to 'unlimited'. This may have negative performance implications. Please set the stack size to the default value (10240) 
[1468058472.944451] [node056:21227:0]         sys.c:744  MXM  WARN  Conflicting CPU frequencies detected, using: 1992.00
[1468058472.953614] [node056:21227:0]         mxm.c:196  MXM  WARN  The 'ulimit -s' on the system is set to 'unlimited'. This may have negative performance implications. Please set the stack size to the default value (10240) 
[1468058472.953828] [node057:17938:0]         sys.c:744  MXM  WARN  Conflicting CPU frequencies detected, using: 1896.94
[1468058472.959876] [node057:17938:0]         mxm.c:196  MXM  WARN  The 'ulimit -s' on the system is set to 'unlimited'. This may have negative performance implications. Please set the stack size to the default value (10240) 
[1468058472.954049] [node060:21905:0]         sys.c:744  MXM  WARN  Conflicting CPU frequencies detected, using: 1799.81
[1468058472.960309] [node060:21905:0]         mxm.c:196  MXM  WARN  The 'ulimit -s' on the system is set to 'unlimited'. This may have negative performance implications. Please set the stack size to the default value (10240) 
[1468058472.952120] [node059:19722:0]         sys.c:744  MXM  WARN  Conflicting CPU frequencies detected, using: 1795.41
[1468058472.958343] [node059:19722:0]         mxm.c:196  MXM  WARN  The 'ulimit -s' on the system is set to 'unlimited'. This may have negative performance implications. Please set the stack size to the default value (10240) 
[1468058472.953703] [node055:23606:0]         sys.c:744  MXM  WARN  Conflicting CPU frequencies detected, using: 1889.25
[1468058472.962513] [node055:23606:0]         mxm.c:196  MXM  WARN  The 'ulimit -s' on the system is set to 'unlimited'. This may have negative performance implications. Please set the stack size to the default value (10240) 
UPCR: UPC thread 0 of 8 on node053 (pshm node 0 of 8, process 0 of 8, pid=13849)
UPCR: UPC thread 2 of 8 on node055 (pshm node 2 of 8, process 2 of 8, pid=23648)
UPCR: UPC thread 5 of 8 on node058 (pshm node 5 of 8, process 5 of 8, pid=16523)
UPCR: UPC thread 6 of 8 on node059 (pshm node 6 of 8, process 6 of 8, pid=19764)
UPCR: UPC thread 3 of 8 on node056 (pshm node 3 of 8, process 3 of 8, pid=21269)
UPCR: UPC thread 7 of 8 on node060 (pshm node 7 of 8, process 7 of 8, pid=21947)
UPCR: UPC thread 1 of 8 on node054 (pshm node 1 of 8, process 1 of 8, pid=30311)
UPCR: UPC thread 4 of 8 on node057 (pshm node 4 of 8, process 4 of 8, pid=17980)
using a cache granularity of 8
using linear probing in the BDD table
using a memoization table of 2^26 = 67108864 entries (~2560 MB) per thread
using a BDD table of 2^27 = 134217728 entries (~3072 MB) per thread
Initializing /home/oortwijn/distdd/models/beem/pouring.1.bdd!
vector size: 4
bits per integer: 5
number of BDD variables: 20
Loading initial states: 
Initial states loaded... 
Loading transition relations... 
4 integers per state, 5 bits per integer, 6 transition groups
BDD nodes:
Initial states: 20 BDD nodes
Transition 0: 391 BDD nodes
Transition 1: 394 BDD nodes
Transition 2: 229 BDD nodes
Transition 3: 388 BDD nodes
Transition 4: 215 BDD nodes
Transition 5: 226 BDD nodes
Level 1... done.
Level 2... done.
Level 3... done.
Level 4... done.
Level 5... done.
Level 6... done.
Level 7... done.
Level 8... done.
Level 9... done.
Level 10... done.
Level 11... done.
Level 12... done.
Level 13... done.
PAR Time: 0.110008
Final states: 503 states
Final states: 345 BDD nodes
[1468058472.944451] [node056:21227:0]         sys.c:744  MXM  WARN  Conflicting CPU frequencies detected, using: 1992.00
[1468058472.953828] [node057:17938:0]         sys.c:744  MXM  WARN  Conflicting CPU frequencies detected, using: 1896.94
[1468058472.587785] [node053:13841:0]         sys.c:744  MXM  WARN  Conflicting CPU frequencies detected, using: 1842.84
[1468058472.953703] [node055:23606:0]         sys.c:744  MXM  WARN  Conflicting CPU frequencies detected, using: 1889.25
[1468058472.952912] [node054:30268:0]         sys.c:744  MXM  WARN  Conflicting CPU frequencies detected, using: 1897.50
[1468058472.947927] [node058:16481:0]         sys.c:744  MXM  WARN  Conflicting CPU frequencies detected, using: 1798.69
[1468058472.952120] [node059:19722:0]         sys.c:744  MXM  WARN  Conflicting CPU frequencies detected, using: 1795.41
[1468058472.954049] [node060:21905:0]         sys.c:744  MXM  WARN  Conflicting CPU frequencies detected, using: 1799.81
[1468058472.568643] [node053:13797:0]         sys.c:744  MXM  WARN  Conflicting CPU frequencies detected, using: 1842.84
