performing reachability, flags: -n 16 -N 16 -shared-heap 16GB --tablesize=27 --cachesize=26  
This is upcrun, job spawner for the Berkeley UPC compiler (http://upc.lbl.gov).
upcrun version 2.22.2
Network conduits supported by this installation: smp mxm ibv
[1468111256.421632] [node008:3618 :0]         sys.c:744  MXM  WARN  Conflicting CPU frequencies detected, using: 2097.28
[1468111256.429840] [node008:3618 :0]         mxm.c:196  MXM  WARN  The 'ulimit -s' on the system is set to 'unlimited'. This may have negative performance implications. Please set the stack size to the default value (10240) 
[1468111256.771882] [node014:5102 :0]         sys.c:744  MXM  WARN  Conflicting CPU frequencies detected, using: 1462.41
[1468111256.777698] [node014:5102 :0]         mxm.c:196  MXM  WARN  The 'ulimit -s' on the system is set to 'unlimited'. This may have negative performance implications. Please set the stack size to the default value (10240) 
[1468111256.777183] [node019:29422:0]         sys.c:744  MXM  WARN  Conflicting CPU frequencies detected, using: 1397.62
[1468111256.783273] [node019:29422:0]         mxm.c:196  MXM  WARN  The 'ulimit -s' on the system is set to 'unlimited'. This may have negative performance implications. Please set the stack size to the default value (10240) 
[1468111256.775964] [node020:8720 :0]         sys.c:744  MXM  WARN  Conflicting CPU frequencies detected, using: 1519.03
[1468111256.784859] [node020:8720 :0]         mxm.c:196  MXM  WARN  The 'ulimit -s' on the system is set to 'unlimited'. This may have negative performance implications. Please set the stack size to the default value (10240) 
[1468111256.778848] [node017:18228:0]         sys.c:744  MXM  WARN  Conflicting CPU frequencies detected, using: 2599.97
[1468111256.787763] [node017:18228:0]         mxm.c:196  MXM  WARN  The 'ulimit -s' on the system is set to 'unlimited'. This may have negative performance implications. Please set the stack size to the default value (10240) 
[1468111256.764576] [node009:15028:0]         sys.c:744  MXM  WARN  Conflicting CPU frequencies detected, using: 2331.19
[1468111256.773352] [node009:15028:0]         mxm.c:196  MXM  WARN  The 'ulimit -s' on the system is set to 'unlimited'. This may have negative performance implications. Please set the stack size to the default value (10240) 
[1468111256.781757] [node015:27452:0]         sys.c:744  MXM  WARN  Conflicting CPU frequencies detected, using: 2477.16
[1468111256.790209] [node015:27452:0]         mxm.c:196  MXM  WARN  The 'ulimit -s' on the system is set to 'unlimited'. This may have negative performance implications. Please set the stack size to the default value (10240) 
[1468111256.765947] [node011:19160:0]         sys.c:744  MXM  WARN  Conflicting CPU frequencies detected, using: 2600.06
[1468111256.774937] [node011:19160:0]         mxm.c:196  MXM  WARN  The 'ulimit -s' on the system is set to 'unlimited'. This may have negative performance implications. Please set the stack size to the default value (10240) 
[1468111256.780999] [node013:26735:0]         sys.c:744  MXM  WARN  Conflicting CPU frequencies detected, using: 1798.31
[1468111256.789749] [node013:26735:0]         mxm.c:196  MXM  WARN  The 'ulimit -s' on the system is set to 'unlimited'. This may have negative performance implications. Please set the stack size to the default value (10240) 
[1468111256.768522] [node012:16497:0]         sys.c:744  MXM  WARN  Conflicting CPU frequencies detected, using: 2599.88
[1468111256.777192] [node012:16497:0]         mxm.c:196  MXM  WARN  The 'ulimit -s' on the system is set to 'unlimited'. This may have negative performance implications. Please set the stack size to the default value (10240) 
[1468111256.757631] [node016:27201:0]         sys.c:744  MXM  WARN  Conflicting CPU frequencies detected, using: 2783.81
[1468111256.763188] [node016:27201:0]         mxm.c:196  MXM  WARN  The 'ulimit -s' on the system is set to 'unlimited'. This may have negative performance implications. Please set the stack size to the default value (10240) 
[1468111256.786783] [node022:18713:0]         sys.c:744  MXM  WARN  Conflicting CPU frequencies detected, using: 1897.97
[1468111256.795741] [node022:18713:0]         mxm.c:196  MXM  WARN  The 'ulimit -s' on the system is set to 'unlimited'. This may have negative performance implications. Please set the stack size to the default value (10240) 
[1468111256.771215] [node021:21471:0]         sys.c:744  MXM  WARN  Conflicting CPU frequencies detected, using: 2689.69
[1468111256.777290] [node021:21471:0]         mxm.c:196  MXM  WARN  The 'ulimit -s' on the system is set to 'unlimited'. This may have negative performance implications. Please set the stack size to the default value (10240) 
[1468111256.774818] [node023:24262:0]         sys.c:744  MXM  WARN  Conflicting CPU frequencies detected, using: 1829.53
[1468111256.783407] [node023:24262:0]         mxm.c:196  MXM  WARN  The 'ulimit -s' on the system is set to 'unlimited'. This may have negative performance implications. Please set the stack size to the default value (10240) 
[1468111256.754259] [node018:6149 :0]         sys.c:744  MXM  WARN  Conflicting CPU frequencies detected, using: 2599.97
[1468111256.763392] [node018:6149 :0]         mxm.c:196  MXM  WARN  The 'ulimit -s' on the system is set to 'unlimited'. This may have negative performance implications. Please set the stack size to the default value (10240) 
[1468111256.763428] [node010:12100:0]         sys.c:744  MXM  WARN  Conflicting CPU frequencies detected, using: 2749.69
[1468111256.769506] [node010:12100:0]         mxm.c:196  MXM  WARN  The 'ulimit -s' on the system is set to 'unlimited'. This may have negative performance implications. Please set the stack size to the default value (10240) 
UPCR: UPC thread  0 of 16 on node008 (pshm node  0 of 16, process  0 of 16, pid=3634)
UPCR: UPC thread  8 of 16 on node016 (pshm node  8 of 16, process  8 of 16, pid=27243)
UPCR: UPC thread 14 of 16 on node022 (pshm node 14 of 16, process 14 of 16, pid=18755)
UPCR: UPC thread  7 of 16 on node015 (pshm node  7 of 16, process  7 of 16, pid=27494)
UPCR: UPC thread 10 of 16 on node018 (pshm node 10 of 16, process 10 of 16, pid=6191)
UPCR: UPC thread  5 of 16 on node013 (pshm node  5 of 16, process  5 of 16, pid=26777)
UPCR: UPC thread 15 of 16 on node023 (pshm node 15 of 16, process 15 of 16, pid=24304)
UPCR: UPC thread  4 of 16 on node012 (pshm node  4 of 16, process  4 of 16, pid=16539)
UPCR: UPC thread  1 of 16 on node009 (pshm node  1 of 16, process  1 of 16, pid=15071)
UPCR: UPC thread 13 of 16 on node021 (pshm node 13 of 16, process 13 of 16, pid=21513)
UPCR: UPC thread 11 of 16 on node019 (pshm node 11 of 16, process 11 of 16, pid=29464)
UPCR: UPC thread  6 of 16 on node014 (pshm node  6 of 16, process  6 of 16, pid=5144)
UPCR: UPC thread  2 of 16 on node010 (pshm node  2 of 16, process  2 of 16, pid=12142)
UPCR: UPC thread  3 of 16 on node011 (pshm node  3 of 16, process  3 of 16, pid=19202)
UPCR: UPC thread  9 of 16 on node017 (pshm node  9 of 16, process  9 of 16, pid=18270)
UPCR: UPC thread 12 of 16 on node020 (pshm node 12 of 16, process 12 of 16, pid=8762)
using a cache granularity of 8
using linear probing in the BDD table
using a memoization table of 2^26 = 67108864 entries (~2560 MB) per thread
using a BDD table of 2^27 = 134217728 entries (~3072 MB) per thread
Initializing /home/oortwijn/distdd/models/beem/production_cell.3.bdd!
vector size: 22
bits per integer: 8
number of BDD variables: 176
Loading initial states: 
Initial states loaded... 
Loading transition relations... 
22 integers per state, 8 bits per integer, 43 transition groups
BDD nodes:
Initial states: 176 BDD nodes
Transition 0: 56 BDD nodes
Transition 1: 64 BDD nodes
Transition 2: 64 BDD nodes
Transition 3: 64 BDD nodes
Transition 4: 64 BDD nodes
Transition 5: 56 BDD nodes
Transition 6: 64 BDD nodes
Transition 7: 64 BDD nodes
Transition 8: 64 BDD nodes
Transition 9: 64 BDD nodes
Transition 10: 56 BDD nodes
Transition 11: 56 BDD nodes
Transition 12: 56 BDD nodes
Transition 13: 56 BDD nodes
Transition 14: 64 BDD nodes
Transition 15: 277 BDD nodes
Transition 16: 64 BDD nodes
Transition 17: 64 BDD nodes
Transition 18: 64 BDD nodes
Transition 19: 66 BDD nodes
Transition 20: 64 BDD nodes
Transition 21: 64 BDD nodes
Transition 22: 64 BDD nodes
Transition 23: 64 BDD nodes
Transition 24: 64 BDD nodes
Transition 25: 64 BDD nodes
Transition 26: 255 BDD nodes
Transition 27: 32 BDD nodes
Transition 28: 64 BDD nodes
Transition 29: 64 BDD nodes
Transition 30: 64 BDD nodes
Transition 31: 64 BDD nodes
Transition 32: 64 BDD nodes
Transition 33: 64 BDD nodes
Transition 34: 394 BDD nodes
Transition 35: 335 BDD nodes
Transition 36: 138 BDD nodes
Transition 37: 83 BDD nodes
Transition 38: 52 BDD nodes
Transition 39: 64 BDD nodes
Transition 40: 417 BDD nodes
Transition 41: 336 BDD nodes
Transition 42: 83 BDD nodes
Level 1... done.
Level 2... done.
Level 3... done.
Level 4... done.
Level 5... done.
Level 6... done.
Level 7... done.
Level 8... done.
Level 9... done.
Level 10... done.
Level 11... done.
Level 12... done.
Level 13... done.
Level 14... done.
Level 15... done.
Level 16... done.
Level 17... done.
Level 18... done.
Level 19... done.
Level 20... done.
Level 21... done.
Level 22... done.
Level 23... done.
Level 24... done.
Level 25... done.
Level 26... done.
Level 27... done.
Level 28... done.
Level 29... done.
Level 30... done.
Level 31... done.
Level 32... done.
Level 33... done.
Level 34... done.
Level 35... done.
Level 36... done.
Level 37... done.
Level 38... done.
Level 39... done.
Level 40... done.
Level 41... done.
Level 42... done.
Level 43... done.
Level 44... done.
Level 45... done.
Level 46... done.
Level 47... done.
Level 48... done.
Level 49... done.
Level 50... done.
Level 51... done.
Level 52... done.
Level 53... done.
Level 54... done.
Level 55... done.
Level 56... done.
Level 57... done.
Level 58... done.
Level 59... done.
Level 60... done.
Level 61... done.
Level 62... done.
Level 63... done.
Level 64... done.
Level 65... done.
Level 66... done.
Level 67... done.
Level 68... done.
PAR Time: 23.822459
Final states: 822612 states
Final states: 117872 BDD nodes
[1468111256.771215] [node021:21471:0]         sys.c:744  MXM  WARN  Conflicting CPU frequencies detected, using: 2689.69
[1468111256.768522] [node012:16497:0]         sys.c:744  MXM  WARN  Conflicting CPU frequencies detected, using: 2599.88
[1468111256.778848] [node017:18228:0]         sys.c:744  MXM  WARN  Conflicting CPU frequencies detected, using: 2599.97
[1468111256.781757] [node015:27452:0]         sys.c:744  MXM  WARN  Conflicting CPU frequencies detected, using: 2477.16
[1468111256.775964] [node020:8720 :0]         sys.c:744  MXM  WARN  Conflicting CPU frequencies detected, using: 1519.03
[1468111256.771882] [node014:5102 :0]         sys.c:744  MXM  WARN  Conflicting CPU frequencies detected, using: 1462.41
[1468111256.786783] [node022:18713:0]         sys.c:744  MXM  WARN  Conflicting CPU frequencies detected, using: 1897.97
[1468111256.774818] [node023:24262:0]         sys.c:744  MXM  WARN  Conflicting CPU frequencies detected, using: 1829.53
[1468111256.780999] [node013:26735:0]         sys.c:744  MXM  WARN  Conflicting CPU frequencies detected, using: 1798.31
[1468111256.421632] [node008:3618 :0]         sys.c:744  MXM  WARN  Conflicting CPU frequencies detected, using: 2097.28
[1468111256.754259] [node018:6149 :0]         sys.c:744  MXM  WARN  Conflicting CPU frequencies detected, using: 2599.97
[1468111256.764576] [node009:15028:0]         sys.c:744  MXM  WARN  Conflicting CPU frequencies detected, using: 2331.19
[1468111256.765947] [node011:19160:0]         sys.c:744  MXM  WARN  Conflicting CPU frequencies detected, using: 2600.06
[1468111256.777183] [node019:29422:0]         sys.c:744  MXM  WARN  Conflicting CPU frequencies detected, using: 1397.62
[1468111256.757631] [node016:27201:0]         sys.c:744  MXM  WARN  Conflicting CPU frequencies detected, using: 2783.81
[1468111256.763428] [node010:12100:0]         sys.c:744  MXM  WARN  Conflicting CPU frequencies detected, using: 2749.69
[1468111256.402543] [node008:3574 :0]         sys.c:744  MXM  WARN  Conflicting CPU frequencies detected, using: 1995.66
