performing reachability, flags: -n 128 -N 8 -shared-heap 1GB --tablesize=23 --cachesize=22  
This is upcrun, job spawner for the Berkeley UPC compiler (http://upc.lbl.gov).
upcrun version 2.22.2
Network conduits supported by this installation: smp mxm ibv
[1468058653.984799] [node016:27881:0]         sys.c:744  MXM  WARN  Conflicting CPU frequencies detected, using: 1789.50
[1468058653.993025] [node016:27881:0]         mxm.c:196  MXM  WARN  The 'ulimit -s' on the system is set to 'unlimited'. This may have negative performance implications. Please set the stack size to the default value (10240) 
[1468058653.984799] [node016:27881:0]         sys.c:744  MXM  WARN  Conflicting CPU frequencies detected, using: 1789.50
[1468058653.994951] [node016:27881:0]         mxm.c:196  MXM  WARN  The 'ulimit -s' on the system is set to 'unlimited'. This may have negative performance implications. Please set the stack size to the default value (10240) 
[1468058653.984799] [node016:27881:0]         sys.c:744  MXM  WARN  Conflicting CPU frequencies detected, using: 1789.50
[1468058653.996481] [node016:27881:0]         mxm.c:196  MXM  WARN  The 'ulimit -s' on the system is set to 'unlimited'. This may have negative performance implications. Please set the stack size to the default value (10240) 
[1468058653.984799] [node016:27881:0]         sys.c:744  MXM  WARN  Conflicting CPU frequencies detected, using: 1789.50
[1468058653.996749] [node016:27881:0]         mxm.c:196  MXM  WARN  The 'ulimit -s' on the system is set to 'unlimited'. This may have negative performance implications. Please set the stack size to the default value (10240) 
[1468058653.984799] [node016:27881:0]         sys.c:744  MXM  WARN  Conflicting CPU frequencies detected, using: 1789.50
[1468058653.996814] [node016:27881:0]         mxm.c:196  MXM  WARN  The 'ulimit -s' on the system is set to 'unlimited'. This may have negative performance implications. Please set the stack size to the default value (10240) 
[1468058653.984799] [node016:27881:0]         sys.c:744  MXM  WARN  Conflicting CPU frequencies detected, using: 1789.50
[1468058653.993264] [node016:27881:0]         mxm.c:196  MXM  WARN  The 'ulimit -s' on the system is set to 'unlimited'. This may have negative performance implications. Please set the stack size to the default value (10240) 
[1468058653.984799] [node016:27881:0]         sys.c:744  MXM  WARN  Conflicting CPU frequencies detected, using: 1789.50
[1468058653.994681] [node016:27881:0]         mxm.c:196  MXM  WARN  The 'ulimit -s' on the system is set to 'unlimited'. This may have negative performance implications. Please set the stack size to the default value (10240) 
[1468058653.984799] [node016:27881:0]         sys.c:744  MXM  WARN  Conflicting CPU frequencies detected, using: 1789.50
[1468058653.996969] [node016:27881:0]         mxm.c:196  MXM  WARN  The 'ulimit -s' on the system is set to 'unlimited'. This may have negative performance implications. Please set the stack size to the default value (10240) 
[1468058653.984799] [node016:27881:0]         sys.c:744  MXM  WARN  Conflicting CPU frequencies detected, using: 1789.50
[1468058653.992292] [node016:27881:0]         mxm.c:196  MXM  WARN  The 'ulimit -s' on the system is set to 'unlimited'. This may have negative performance implications. Please set the stack size to the default value (10240) 
[1468058653.984799] [node016:27881:0]         sys.c:744  MXM  WARN  Conflicting CPU frequencies detected, using: 1789.50
[1468058653.994374] [node016:27881:0]         mxm.c:196  MXM  WARN  The 'ulimit -s' on the system is set to 'unlimited'. This may have negative performance implications. Please set the stack size to the default value (10240) 
[1468058653.984799] [node016:27881:0]         sys.c:744  MXM  WARN  Conflicting CPU frequencies detected, using: 1789.50
[1468058653.996367] [node016:27881:0]         mxm.c:196  MXM  WARN  The 'ulimit -s' on the system is set to 'unlimited'. This may have negative performance implications. Please set the stack size to the default value (10240) 
[1468058653.984799] [node016:27881:0]         sys.c:744  MXM  WARN  Conflicting CPU frequencies detected, using: 1789.50
[1468058653.996122] [node016:27881:0]         mxm.c:196  MXM  WARN  The 'ulimit -s' on the system is set to 'unlimited'. This may have negative performance implications. Please set the stack size to the default value (10240) 
[1468058653.984799] [node016:27881:0]         sys.c:744  MXM  WARN  Conflicting CPU frequencies detected, using: 1789.50
[1468058653.996555] [node016:27881:0]         mxm.c:196  MXM  WARN  The 'ulimit -s' on the system is set to 'unlimited'. This may have negative performance implications. Please set the stack size to the default value (10240) 
[1468058653.984799] [node016:27881:0]         sys.c:744  MXM  WARN  Conflicting CPU frequencies detected, using: 1789.50
[1468058653.991328] [node016:27881:0]         mxm.c:196  MXM  WARN  The 'ulimit -s' on the system is set to 'unlimited'. This may have negative performance implications. Please set the stack size to the default value (10240) 
[1468058653.984799] [node016:27881:0]         sys.c:744  MXM  WARN  Conflicting CPU frequencies detected, using: 1789.50
[1468058653.997020] [node016:27881:0]         mxm.c:196  MXM  WARN  The 'ulimit -s' on the system is set to 'unlimited'. This may have negative performance implications. Please set the stack size to the default value (10240) 
[1468058653.984799] [node016:27881:0]         sys.c:744  MXM  WARN  Conflicting CPU frequencies detected, using: 1789.50
[1468058653.993984] [node016:27881:0]         mxm.c:196  MXM  WARN  The 'ulimit -s' on the system is set to 'unlimited'. This may have negative performance implications. Please set the stack size to the default value (10240) 
[1468058654.344192] [node017:20889:0]         sys.c:744  MXM  WARN  Conflicting CPU frequencies detected, using: 1395.00
[1468058654.381449] [node017:20889:0]         mxm.c:196  MXM  WARN  The 'ulimit -s' on the system is set to 'unlimited'. This may have negative performance implications. Please set the stack size to the default value (10240) 
[1468058654.348892] [node018:12709:0]         sys.c:744  MXM  WARN  Conflicting CPU frequencies detected, using: 1496.25
[1468058654.386192] [node018:12709:0]         mxm.c:196  MXM  WARN  The 'ulimit -s' on the system is set to 'unlimited'. This may have negative performance implications. Please set the stack size to the default value (10240) 
[1468058654.339447] [node020:23865:0]         sys.c:744  MXM  WARN  Conflicting CPU frequencies detected, using: 1458.94
[1468058654.388925] [node020:23865:0]         mxm.c:196  MXM  WARN  The 'ulimit -s' on the system is set to 'unlimited'. This may have negative performance implications. Please set the stack size to the default value (10240) 
[1468058654.345320] [node022:964  :0]         sys.c:744  MXM  WARN  Conflicting CPU frequencies detected, using: 1401.00
[1468058654.339447] [node020:23865:0]         sys.c:744  MXM  WARN  Conflicting CPU frequencies detected, using: 1458.94
[1468058654.339447] [node020:23865:0]         sys.c:744  MXM  WARN  Conflicting CPU frequencies detected, using: 1458.94
[1468058654.349916] [node023:8154 :0]         sys.c:744  MXM  WARN  Conflicting CPU frequencies detected, using: 1896.66
[1468058654.392389] [node023:8154 :0]         mxm.c:196  MXM  WARN  The 'ulimit -s' on the system is set to 'unlimited'. This may have negative performance implications. Please set the stack size to the default value (10240) 
[1468058654.339447] [node020:23865:0]         sys.c:744  MXM  WARN  Conflicting CPU frequencies detected, using: 1458.94
[1468058654.339447] [node020:23865:0]         sys.c:744  MXM  WARN  Conflicting CPU frequencies detected, using: 1458.94
[1468058654.348892] [node018:12709:0]         sys.c:744  MXM  WARN  Conflicting CPU frequencies detected, using: 1496.25
[1468058654.393432] [node018:12709:0]         mxm.c:196  MXM  WARN  The 'ulimit -s' on the system is set to 'unlimited'. This may have negative performance implications. Please set the stack size to the default value (10240) 
[1468058654.339447] [node020:23865:0]         sys.c:744  MXM  WARN  Conflicting CPU frequencies detected, using: 1458.94
[1468058654.339447] [node020:23865:0]         sys.c:744  MXM  WARN  Conflicting CPU frequencies detected, using: 1458.94
[1468058654.339447] [node020:23865:0]         sys.c:744  MXM  WARN  Conflicting CPU frequencies detected, using: 1458.94
[1468058654.345320] [node022:964  :0]         sys.c:744  MXM  WARN  Conflicting CPU frequencies detected, using: 1401.00
[1468058654.393879] [node022:964  :0]         mxm.c:196  MXM  WARN  The 'ulimit -s' on the system is set to 'unlimited'. This may have negative performance implications. Please set the stack size to the default value (10240) 
[1468058654.339447] [node020:23865:0]         sys.c:744  MXM  WARN  Conflicting CPU frequencies detected, using: 1458.94
[1468058654.339447] [node020:23865:0]         sys.c:744  MXM  WARN  Conflicting CPU frequencies detected, using: 1458.94
[1468058654.344192] [node017:20889:0]         sys.c:744  MXM  WARN  Conflicting CPU frequencies detected, using: 1395.00
[1468058654.339447] [node020:23865:0]         sys.c:744  MXM  WARN  Conflicting CPU frequencies detected, using: 1458.94
[1468058654.339447] [node020:23865:0]         sys.c:744  MXM  WARN  Conflicting CPU frequencies detected, using: 1458.94
[1468058654.339447] [node020:23865:0]         sys.c:744  MXM  WARN  Conflicting CPU frequencies detected, using: 1458.94
[1468058654.345320] [node022:964  :0]         sys.c:744  MXM  WARN  Conflicting CPU frequencies detected, using: 1401.00
[1468058654.395585] [node022:964  :0]         mxm.c:196  MXM  WARN  The 'ulimit -s' on the system is set to 'unlimited'. This may have negative performance implications. Please set the stack size to the default value (10240) 
[1468058654.349916] [node023:8154 :0]         sys.c:744  MXM  WARN  Conflicting CPU frequencies detected, using: 1896.66
[1468058654.396238] [node023:8154 :0]         mxm.c:196  MXM  WARN  The 'ulimit -s' on the system is set to 'unlimited'. This may have negative performance implications. Please set the stack size to the default value (10240) 
[1468058654.344192] [node017:20889:0]         sys.c:744  MXM  WARN  Conflicting CPU frequencies detected, using: 1395.00
[1468058654.344192] [node017:20889:0]         sys.c:744  MXM  WARN  Conflicting CPU frequencies detected, using: 1395.00
[1468058654.344192] [node017:20889:0]         sys.c:744  MXM  WARN  Conflicting CPU frequencies detected, using: 1395.00
[1468058654.345320] [node022:964  :0]         sys.c:744  MXM  WARN  Conflicting CPU frequencies detected, using: 1401.00
[1468058654.397244] [node022:964  :0]         mxm.c:196  MXM  WARN  The 'ulimit -s' on the system is set to 'unlimited'. This may have negative performance implications. Please set the stack size to the default value (10240) 
[1468058654.344192] [node017:20889:0]         sys.c:744  MXM  WARN  Conflicting CPU frequencies detected, using: 1395.00
[1468058654.344192] [node017:20889:0]         sys.c:744  MXM  WARN  Conflicting CPU frequencies detected, using: 1395.00
[1468058654.344192] [node017:20889:0]         sys.c:744  MXM  WARN  Conflicting CPU frequencies detected, using: 1395.00
[1468058654.345320] [node022:964  :0]         sys.c:744  MXM  WARN  Conflicting CPU frequencies detected, using: 1401.00
[1468058654.398270] [node022:964  :0]         mxm.c:196  MXM  WARN  The 'ulimit -s' on the system is set to 'unlimited'. This may have negative performance implications. Please set the stack size to the default value (10240) 
[1468058654.344192] [node017:20889:0]         sys.c:744  MXM  WARN  Conflicting CPU frequencies detected, using: 1395.00
[1468058654.348892] [node018:12709:0]         sys.c:744  MXM  WARN  Conflicting CPU frequencies detected, using: 1496.25
[1468058654.399059] [node018:12709:0]         mxm.c:196  MXM  WARN  The 'ulimit -s' on the system is set to 'unlimited'. This may have negative performance implications. Please set the stack size to the default value (10240) 
[1468058654.345320] [node022:964  :0]         sys.c:744  MXM  WARN  Conflicting CPU frequencies detected, using: 1401.00
[1468058654.344192] [node017:20889:0]         sys.c:744  MXM  WARN  Conflicting CPU frequencies detected, using: 1395.00
[1468058654.345320] [node022:964  :0]         sys.c:744  MXM  WARN  Conflicting CPU frequencies detected, using: 1401.00
[1468058654.344192] [node017:20889:0]         sys.c:744  MXM  WARN  Conflicting CPU frequencies detected, using: 1395.00
[1468058654.349916] [node023:8154 :0]         sys.c:744  MXM  WARN  Conflicting CPU frequencies detected, using: 1896.66
[1468058654.345320] [node022:964  :0]         sys.c:744  MXM  WARN  Conflicting CPU frequencies detected, using: 1401.00
[1468058654.345320] [node022:964  :0]         sys.c:744  MXM  WARN  Conflicting CPU frequencies detected, using: 1401.00
[1468058654.344192] [node017:20889:0]         sys.c:744  MXM  WARN  Conflicting CPU frequencies detected, using: 1395.00
[1468058654.344192] [node017:20889:0]         sys.c:744  MXM  WARN  Conflicting CPU frequencies detected, using: 1395.00
[1468058654.344192] [node017:20889:0]         sys.c:744  MXM  WARN  Conflicting CPU frequencies detected, using: 1395.00
[1468058654.345320] [node022:964  :0]         sys.c:744  MXM  WARN  Conflicting CPU frequencies detected, using: 1401.00
[1468058654.345320] [node022:964  :0]         sys.c:744  MXM  WARN  Conflicting CPU frequencies detected, using: 1401.00
[1468058654.345320] [node022:964  :0]         sys.c:744  MXM  WARN  Conflicting CPU frequencies detected, using: 1401.00
[1468058654.345320] [node022:964  :0]         sys.c:744  MXM  WARN  Conflicting CPU frequencies detected, using: 1401.00
[1468058654.348892] [node018:12709:0]         sys.c:744  MXM  WARN  Conflicting CPU frequencies detected, using: 1496.25
[1468058654.345320] [node022:964  :0]         sys.c:744  MXM  WARN  Conflicting CPU frequencies detected, using: 1401.00
[1468058654.348892] [node018:12709:0]         sys.c:744  MXM  WARN  Conflicting CPU frequencies detected, using: 1496.25
[1468058654.348892] [node018:12709:0]         sys.c:744  MXM  WARN  Conflicting CPU frequencies detected, using: 1496.25
[1468058654.348892] [node018:12709:0]         sys.c:744  MXM  WARN  Conflicting CPU frequencies detected, using: 1496.25
[1468058654.402337] [node018:12709:0]         mxm.c:196  MXM  WARN  The 'ulimit -s' on the system is set to 'unlimited'. This may have negative performance implications. Please set the stack size to the default value (10240) 
[1468058654.348892] [node018:12709:0]         sys.c:744  MXM  WARN  Conflicting CPU frequencies detected, using: 1496.25
[1468058654.348892] [node018:12709:0]         sys.c:744  MXM  WARN  Conflicting CPU frequencies detected, using: 1496.25
[1468058654.348892] [node018:12709:0]         sys.c:744  MXM  WARN  Conflicting CPU frequencies detected, using: 1496.25
[1468058654.348892] [node018:12709:0]         sys.c:744  MXM  WARN  Conflicting CPU frequencies detected, using: 1496.25
[1468058654.348892] [node018:12709:0]         sys.c:744  MXM  WARN  Conflicting CPU frequencies detected, using: 1496.25
[1468058654.348892] [node018:12709:0]         sys.c:744  MXM  WARN  Conflicting CPU frequencies detected, using: 1496.25
[1468058654.349916] [node023:8154 :0]         sys.c:744  MXM  WARN  Conflicting CPU frequencies detected, using: 1896.66
[1468058654.349916] [node023:8154 :0]         sys.c:744  MXM  WARN  Conflicting CPU frequencies detected, using: 1896.66
[1468058654.349916] [node023:8154 :0]         sys.c:744  MXM  WARN  Conflicting CPU frequencies detected, using: 1896.66
[1468058654.348892] [node018:12709:0]         sys.c:744  MXM  WARN  Conflicting CPU frequencies detected, using: 1496.25
[1468058654.348892] [node018:12709:0]         sys.c:744  MXM  WARN  Conflicting CPU frequencies detected, using: 1496.25
[1468058654.349916] [node023:8154 :0]         sys.c:744  MXM  WARN  Conflicting CPU frequencies detected, using: 1896.66
[1468058654.349916] [node023:8154 :0]         sys.c:744  MXM  WARN  Conflicting CPU frequencies detected, using: 1896.66
[1468058654.349916] [node023:8154 :0]         sys.c:744  MXM  WARN  Conflicting CPU frequencies detected, using: 1896.66
[1468058654.349916] [node023:8154 :0]         sys.c:744  MXM  WARN  Conflicting CPU frequencies detected, using: 1896.66
[1468058654.349916] [node023:8154 :0]         sys.c:744  MXM  WARN  Conflicting CPU frequencies detected, using: 1896.66
[1468058654.349916] [node023:8154 :0]         sys.c:744  MXM  WARN  Conflicting CPU frequencies detected, using: 1896.66
[1468058654.349916] [node023:8154 :0]         sys.c:744  MXM  WARN  Conflicting CPU frequencies detected, using: 1896.66
[1468058654.340573] [node021:3874 :0]         sys.c:744  MXM  WARN  Conflicting CPU frequencies detected, using: 1496.06
[1468058654.351028] [node021:3874 :0]         mxm.c:196  MXM  WARN  The 'ulimit -s' on the system is set to 'unlimited'. This may have negative performance implications. Please set the stack size to the default value (10240) 
[1468058654.340573] [node021:3874 :0]         sys.c:744  MXM  WARN  Conflicting CPU frequencies detected, using: 1496.06
[1468058654.351804] [node021:3874 :0]         mxm.c:196  MXM  WARN  The 'ulimit -s' on the system is set to 'unlimited'. This may have negative performance implications. Please set the stack size to the default value (10240) 
[1468058654.340573] [node021:3874 :0]         sys.c:744  MXM  WARN  Conflicting CPU frequencies detected, using: 1496.06
[1468058654.353270] [node021:3874 :0]         mxm.c:196  MXM  WARN  The 'ulimit -s' on the system is set to 'unlimited'. This may have negative performance implications. Please set the stack size to the default value (10240) 
[1468058654.340573] [node021:3874 :0]         sys.c:744  MXM  WARN  Conflicting CPU frequencies detected, using: 1496.06
[1468058654.351972] [node021:3874 :0]         mxm.c:196  MXM  WARN  The 'ulimit -s' on the system is set to 'unlimited'. This may have negative performance implications. Please set the stack size to the default value (10240) 
[1468058654.340573] [node021:3874 :0]         sys.c:744  MXM  WARN  Conflicting CPU frequencies detected, using: 1496.06
[1468058654.348950] [node021:3874 :0]         mxm.c:196  MXM  WARN  The 'ulimit -s' on the system is set to 'unlimited'. This may have negative performance implications. Please set the stack size to the default value (10240) 
[1468058654.340573] [node021:3874 :0]         sys.c:744  MXM  WARN  Conflicting CPU frequencies detected, using: 1496.06
[1468058654.354234] [node021:3874 :0]         mxm.c:196  MXM  WARN  The 'ulimit -s' on the system is set to 'unlimited'. This may have negative performance implications. Please set the stack size to the default value (10240) 
[1468058654.354337] [node019:7062 :0]         sys.c:744  MXM  WARN  Conflicting CPU frequencies detected, using: 1496.16
[1468058654.367215] [node019:7062 :0]         mxm.c:196  MXM  WARN  The 'ulimit -s' on the system is set to 'unlimited'. This may have negative performance implications. Please set the stack size to the default value (10240) 
[1468058654.340573] [node021:3874 :0]         sys.c:744  MXM  WARN  Conflicting CPU frequencies detected, using: 1496.06
[1468058654.351628] [node021:3874 :0]         mxm.c:196  MXM  WARN  The 'ulimit -s' on the system is set to 'unlimited'. This may have negative performance implications. Please set the stack size to the default value (10240) 
[1468058654.354337] [node019:7062 :0]         sys.c:744  MXM  WARN  Conflicting CPU frequencies detected, using: 1496.16
[1468058654.363303] [node019:7062 :0]         mxm.c:196  MXM  WARN  The 'ulimit -s' on the system is set to 'unlimited'. This may have negative performance implications. Please set the stack size to the default value (10240) 
[1468058654.354337] [node019:7062 :0]         sys.c:744  MXM  WARN  Conflicting CPU frequencies detected, using: 1496.16
[1468058654.366534] [node019:7062 :0]         mxm.c:196  MXM  WARN  The 'ulimit -s' on the system is set to 'unlimited'. This may have negative performance implications. Please set the stack size to the default value (10240) 
[1468058654.354337] [node019:7062 :0]         sys.c:744  MXM  WARN  Conflicting CPU frequencies detected, using: 1496.16
[1468058654.366433] [node019:7062 :0]         mxm.c:196  MXM  WARN  The 'ulimit -s' on the system is set to 'unlimited'. This may have negative performance implications. Please set the stack size to the default value (10240) 
[1468058654.354337] [node019:7062 :0]         sys.c:744  MXM  WARN  Conflicting CPU frequencies detected, using: 1496.16
[1468058654.366328] [node019:7062 :0]         mxm.c:196  MXM  WARN  The 'ulimit -s' on the system is set to 'unlimited'. This may have negative performance implications. Please set the stack size to the default value (10240) 
[1468058654.340573] [node021:3874 :0]         sys.c:744  MXM  WARN  Conflicting CPU frequencies detected, using: 1496.06
[1468058654.350679] [node021:3874 :0]         mxm.c:196  MXM  WARN  The 'ulimit -s' on the system is set to 'unlimited'. This may have negative performance implications. Please set the stack size to the default value (10240) 
[1468058654.354337] [node019:7062 :0]         sys.c:744  MXM  WARN  Conflicting CPU frequencies detected, using: 1496.16
[1468058654.367025] [node019:7062 :0]         mxm.c:196  MXM  WARN  The 'ulimit -s' on the system is set to 'unlimited'. This may have negative performance implications. Please set the stack size to the default value (10240) 
[1468058654.340573] [node021:3874 :0]         sys.c:744  MXM  WARN  Conflicting CPU frequencies detected, using: 1496.06
[1468058654.347750] [node021:3874 :0]         mxm.c:196  MXM  WARN  The 'ulimit -s' on the system is set to 'unlimited'. This may have negative performance implications. Please set the stack size to the default value (10240) 
[1468058654.340573] [node021:3874 :0]         sys.c:744  MXM  WARN  Conflicting CPU frequencies detected, using: 1496.06
[1468058654.350094] [node021:3874 :0]         mxm.c:196  MXM  WARN  The 'ulimit -s' on the system is set to 'unlimited'. This may have negative performance implications. Please set the stack size to the default value (10240) 
[1468058654.354337] [node019:7062 :0]         sys.c:744  MXM  WARN  Conflicting CPU frequencies detected, using: 1496.16
[1468058654.366735] [node019:7062 :0]         mxm.c:196  MXM  WARN  The 'ulimit -s' on the system is set to 'unlimited'. This may have negative performance implications. Please set the stack size to the default value (10240) 
[1468058654.354337] [node019:7062 :0]         sys.c:744  MXM  WARN  Conflicting CPU frequencies detected, using: 1496.16
[1468058654.366815] [node019:7062 :0]         mxm.c:196  MXM  WARN  The 'ulimit -s' on the system is set to 'unlimited'. This may have negative performance implications. Please set the stack size to the default value (10240) 
[1468058654.340573] [node021:3874 :0]         sys.c:744  MXM  WARN  Conflicting CPU frequencies detected, using: 1496.06
[1468058654.351125] [node021:3874 :0]         mxm.c:196  MXM  WARN  The 'ulimit -s' on the system is set to 'unlimited'. This may have negative performance implications. Please set the stack size to the default value (10240) 
[1468058654.354337] [node019:7062 :0]         sys.c:744  MXM  WARN  Conflicting CPU frequencies detected, using: 1496.16
[1468058654.362809] [node019:7062 :0]         mxm.c:196  MXM  WARN  The 'ulimit -s' on the system is set to 'unlimited'. This may have negative performance implications. Please set the stack size to the default value (10240) 
[1468058654.340573] [node021:3874 :0]         sys.c:744  MXM  WARN  Conflicting CPU frequencies detected, using: 1496.06
[1468058654.352716] [node021:3874 :0]         mxm.c:196  MXM  WARN  The 'ulimit -s' on the system is set to 'unlimited'. This may have negative performance implications. Please set the stack size to the default value (10240) 
[1468058654.354337] [node019:7062 :0]         sys.c:744  MXM  WARN  Conflicting CPU frequencies detected, using: 1496.16
[1468058654.367474] [node019:7062 :0]         mxm.c:196  MXM  WARN  The 'ulimit -s' on the system is set to 'unlimited'. This may have negative performance implications. Please set the stack size to the default value (10240) 
[1468058654.354337] [node019:7062 :0]         sys.c:744  MXM  WARN  Conflicting CPU frequencies detected, using: 1496.16
[1468058654.366623] [node019:7062 :0]         mxm.c:196  MXM  WARN  The 'ulimit -s' on the system is set to 'unlimited'. This may have negative performance implications. Please set the stack size to the default value (10240) 
[1468058654.354337] [node019:7062 :0]         sys.c:744  MXM  WARN  Conflicting CPU frequencies detected, using: 1496.16
[1468058654.363989] [node019:7062 :0]         mxm.c:196  MXM  WARN  The 'ulimit -s' on the system is set to 'unlimited'. This may have negative performance implications. Please set the stack size to the default value (10240) 
[1468058654.354337] [node019:7062 :0]         sys.c:744  MXM  WARN  Conflicting CPU frequencies detected, using: 1496.16
[1468058654.365970] [node019:7062 :0]         mxm.c:196  MXM  WARN  The 'ulimit -s' on the system is set to 'unlimited'. This may have negative performance implications. Please set the stack size to the default value (10240) 
[1468058654.340573] [node021:3874 :0]         sys.c:744  MXM  WARN  Conflicting CPU frequencies detected, using: 1496.06
[1468058654.349213] [node021:3874 :0]         mxm.c:196  MXM  WARN  The 'ulimit -s' on the system is set to 'unlimited'. This may have negative performance implications. Please set the stack size to the default value (10240) 
[1468058654.340573] [node021:3874 :0]         sys.c:744  MXM  WARN  Conflicting CPU frequencies detected, using: 1496.06
[1468058654.352610] [node021:3874 :0]         mxm.c:196  MXM  WARN  The 'ulimit -s' on the system is set to 'unlimited'. This may have negative performance implications. Please set the stack size to the default value (10240) 
[1468058654.340573] [node021:3874 :0]         sys.c:744  MXM  WARN  Conflicting CPU frequencies detected, using: 1496.06
[1468058654.352525] [node021:3874 :0]         mxm.c:196  MXM  WARN  The 'ulimit -s' on the system is set to 'unlimited'. This may have negative performance implications. Please set the stack size to the default value (10240) 
[1468058654.354337] [node019:7062 :0]         sys.c:744  MXM  WARN  Conflicting CPU frequencies detected, using: 1496.16
[1468058654.367589] [node019:7062 :0]         mxm.c:196  MXM  WARN  The 'ulimit -s' on the system is set to 'unlimited'. This may have negative performance implications. Please set the stack size to the default value (10240) 
[1468058654.340573] [node021:3874 :0]         sys.c:744  MXM  WARN  Conflicting CPU frequencies detected, using: 1496.06
[1468058654.352384] [node021:3874 :0]         mxm.c:196  MXM  WARN  The 'ulimit -s' on the system is set to 'unlimited'. This may have negative performance implications. Please set the stack size to the default value (10240) 
[1468058654.354337] [node019:7062 :0]         sys.c:744  MXM  WARN  Conflicting CPU frequencies detected, using: 1496.16
[1468058654.367334] [node019:7062 :0]         mxm.c:196  MXM  WARN  The 'ulimit -s' on the system is set to 'unlimited'. This may have negative performance implications. Please set the stack size to the default value (10240) 
[1468058654.354337] [node019:7062 :0]         sys.c:744  MXM  WARN  Conflicting CPU frequencies detected, using: 1496.16
[1468058654.361231] [node019:7062 :0]         mxm.c:196  MXM  WARN  The 'ulimit -s' on the system is set to 'unlimited'. This may have negative performance implications. Please set the stack size to the default value (10240) 
[1468058654.344192] [node017:20889:0]         sys.c:744  MXM  WARN  Conflicting CPU frequencies detected, using: 1395.00
[1468058654.396617] [node017:20889:0]         mxm.c:196  MXM  WARN  The 'ulimit -s' on the system is set to 'unlimited'. This may have negative performance implications. Please set the stack size to the default value (10240) 
[1468058654.402064] [node022:964  :0]         mxm.c:196  MXM  WARN  The 'ulimit -s' on the system is set to 'unlimited'. This may have negative performance implications. Please set the stack size to the default value (10240) 
[1468058654.348892] [node018:12709:0]         sys.c:744  MXM  WARN  Conflicting CPU frequencies detected, using: 1496.25
[1468058654.367297] [node018:12709:0]         mxm.c:196  MXM  WARN  The 'ulimit -s' on the system is set to 'unlimited'. This may have negative performance implications. Please set the stack size to the default value (10240) 
[1468058654.408090] [node017:20889:0]         mxm.c:196  MXM  WARN  The 'ulimit -s' on the system is set to 'unlimited'. This may have negative performance implications. Please set the stack size to the default value (10240) 
[1468058654.344192] [node017:20889:0]         sys.c:744  MXM  WARN  Conflicting CPU frequencies detected, using: 1395.00
[1468058654.364205] [node017:20889:0]         mxm.c:196  MXM  WARN  The 'ulimit -s' on the system is set to 'unlimited'. This may have negative performance implications. Please set the stack size to the default value (10240) 
[1468058654.349916] [node023:8154 :0]         sys.c:744  MXM  WARN  Conflicting CPU frequencies detected, using: 1896.66
[1468058654.393196] [node023:8154 :0]         mxm.c:196  MXM  WARN  The 'ulimit -s' on the system is set to 'unlimited'. This may have negative performance implications. Please set the stack size to the default value (10240) 
[1468058654.403592] [node022:964  :0]         mxm.c:196  MXM  WARN  The 'ulimit -s' on the system is set to 'unlimited'. This may have negative performance implications. Please set the stack size to the default value (10240) 
[1468058654.398734] [node023:8154 :0]         mxm.c:196  MXM  WARN  The 'ulimit -s' on the system is set to 'unlimited'. This may have negative performance implications. Please set the stack size to the default value (10240) 
[1468058654.339447] [node020:23865:0]         sys.c:744  MXM  WARN  Conflicting CPU frequencies detected, using: 1458.94
[1468058654.370589] [node020:23865:0]         mxm.c:196  MXM  WARN  The 'ulimit -s' on the system is set to 'unlimited'. This may have negative performance implications. Please set the stack size to the default value (10240) 
[1468058654.400319] [node022:964  :0]         mxm.c:196  MXM  WARN  The 'ulimit -s' on the system is set to 'unlimited'. This may have negative performance implications. Please set the stack size to the default value (10240) 
[1468058654.390855] [node022:964  :0]         mxm.c:196  MXM  WARN  The 'ulimit -s' on the system is set to 'unlimited'. This may have negative performance implications. Please set the stack size to the default value (10240) 
[1468058654.397711] [node020:23865:0]         mxm.c:196  MXM  WARN  The 'ulimit -s' on the system is set to 'unlimited'. This may have negative performance implications. Please set the stack size to the default value (10240) 
[1468058654.406964] [node023:8154 :0]         mxm.c:196  MXM  WARN  The 'ulimit -s' on the system is set to 'unlimited'. This may have negative performance implications. Please set the stack size to the default value (10240) 
[1468058654.396947] [node020:23865:0]         mxm.c:196  MXM  WARN  The 'ulimit -s' on the system is set to 'unlimited'. This may have negative performance implications. Please set the stack size to the default value (10240) 
[1468058654.412250] [node017:20889:0]         mxm.c:196  MXM  WARN  The 'ulimit -s' on the system is set to 'unlimited'. This may have negative performance implications. Please set the stack size to the default value (10240) 
[1468058654.339447] [node020:23865:0]         sys.c:744  MXM  WARN  Conflicting CPU frequencies detected, using: 1458.94
[1468058654.358654] [node020:23865:0]         mxm.c:196  MXM  WARN  The 'ulimit -s' on the system is set to 'unlimited'. This may have negative performance implications. Please set the stack size to the default value (10240) 
[1468058654.420622] [node018:12709:0]         mxm.c:196  MXM  WARN  The 'ulimit -s' on the system is set to 'unlimited'. This may have negative performance implications. Please set the stack size to the default value (10240) 
[1468058654.427139] [node023:8154 :0]         mxm.c:196  MXM  WARN  The 'ulimit -s' on the system is set to 'unlimited'. This may have negative performance implications. Please set the stack size to the default value (10240) 
[1468058654.395988] [node020:23865:0]         mxm.c:196  MXM  WARN  The 'ulimit -s' on the system is set to 'unlimited'. This may have negative performance implications. Please set the stack size to the default value (10240) 
[1468058654.403494] [node020:23865:0]         mxm.c:196  MXM  WARN  The 'ulimit -s' on the system is set to 'unlimited'. This may have negative performance implications. Please set the stack size to the default value (10240) 
[1468058654.410658] [node017:20889:0]         mxm.c:196  MXM  WARN  The 'ulimit -s' on the system is set to 'unlimited'. This may have negative performance implications. Please set the stack size to the default value (10240) 
[1468058654.453641] [node023:8154 :0]         mxm.c:196  MXM  WARN  The 'ulimit -s' on the system is set to 'unlimited'. This may have negative performance implications. Please set the stack size to the default value (10240) 
[1468058654.405994] [node023:8154 :0]         mxm.c:196  MXM  WARN  The 'ulimit -s' on the system is set to 'unlimited'. This may have negative performance implications. Please set the stack size to the default value (10240) 
[1468058654.345320] [node022:964  :0]         sys.c:744  MXM  WARN  Conflicting CPU frequencies detected, using: 1401.00
[1468058654.373908] [node022:964  :0]         mxm.c:196  MXM  WARN  The 'ulimit -s' on the system is set to 'unlimited'. This may have negative performance implications. Please set the stack size to the default value (10240) 
[1468058654.419355] [node023:8154 :0]         mxm.c:196  MXM  WARN  The 'ulimit -s' on the system is set to 'unlimited'. This may have negative performance implications. Please set the stack size to the default value (10240) 
[1468058654.409342] [node023:8154 :0]         mxm.c:196  MXM  WARN  The 'ulimit -s' on the system is set to 'unlimited'. This may have negative performance implications. Please set the stack size to the default value (10240) 
[1468058654.398493] [node020:23865:0]         mxm.c:196  MXM  WARN  The 'ulimit -s' on the system is set to 'unlimited'. This may have negative performance implications. Please set the stack size to the default value (10240) 
[1468058654.403162] [node018:12709:0]         mxm.c:196  MXM  WARN  The 'ulimit -s' on the system is set to 'unlimited'. This may have negative performance implications. Please set the stack size to the default value (10240) 
[1468058654.402085] [node022:964  :0]         mxm.c:196  MXM  WARN  The 'ulimit -s' on the system is set to 'unlimited'. This may have negative performance implications. Please set the stack size to the default value (10240) 
[1468058654.425714] [node018:12709:0]         mxm.c:196  MXM  WARN  The 'ulimit -s' on the system is set to 'unlimited'. This may have negative performance implications. Please set the stack size to the default value (10240) 
[1468058654.407406] [node017:20889:0]         mxm.c:196  MXM  WARN  The 'ulimit -s' on the system is set to 'unlimited'. This may have negative performance implications. Please set the stack size to the default value (10240) 
[1468058654.411421] [node017:20889:0]         mxm.c:196  MXM  WARN  The 'ulimit -s' on the system is set to 'unlimited'. This may have negative performance implications. Please set the stack size to the default value (10240) 
[1468058654.395182] [node017:20889:0]         mxm.c:196  MXM  WARN  The 'ulimit -s' on the system is set to 'unlimited'. This may have negative performance implications. Please set the stack size to the default value (10240) 
[1468058654.339447] [node020:23865:0]         sys.c:744  MXM  WARN  Conflicting CPU frequencies detected, using: 1458.94
[1468058654.361882] [node020:23865:0]         mxm.c:196  MXM  WARN  The 'ulimit -s' on the system is set to 'unlimited'. This may have negative performance implications. Please set the stack size to the default value (10240) 
[1468058654.405036] [node017:20889:0]         mxm.c:196  MXM  WARN  The 'ulimit -s' on the system is set to 'unlimited'. This may have negative performance implications. Please set the stack size to the default value (10240) 
[1468058654.401327] [node018:12709:0]         mxm.c:196  MXM  WARN  The 'ulimit -s' on the system is set to 'unlimited'. This may have negative performance implications. Please set the stack size to the default value (10240) 
[1468058654.432460] [node017:20889:0]         mxm.c:196  MXM  WARN  The 'ulimit -s' on the system is set to 'unlimited'. This may have negative performance implications. Please set the stack size to the default value (10240) 
[1468058654.452832] [node022:964  :0]         mxm.c:196  MXM  WARN  The 'ulimit -s' on the system is set to 'unlimited'. This may have negative performance implications. Please set the stack size to the default value (10240) 
[1468058654.400012] [node020:23865:0]         mxm.c:196  MXM  WARN  The 'ulimit -s' on the system is set to 'unlimited'. This may have negative performance implications. Please set the stack size to the default value (10240) 
[1468058654.430011] [node017:20889:0]         mxm.c:196  MXM  WARN  The 'ulimit -s' on the system is set to 'unlimited'. This may have negative performance implications. Please set the stack size to the default value (10240) 
[1468058654.417294] [node022:964  :0]         mxm.c:196  MXM  WARN  The 'ulimit -s' on the system is set to 'unlimited'. This may have negative performance implications. Please set the stack size to the default value (10240) 
[1468058654.420988] [node023:8154 :0]         mxm.c:196  MXM  WARN  The 'ulimit -s' on the system is set to 'unlimited'. This may have negative performance implications. Please set the stack size to the default value (10240) 
[1468058654.414787] [node017:20889:0]         mxm.c:196  MXM  WARN  The 'ulimit -s' on the system is set to 'unlimited'. This may have negative performance implications. Please set the stack size to the default value (10240) 
[1468058654.436734] [node020:23865:0]         mxm.c:196  MXM  WARN  The 'ulimit -s' on the system is set to 'unlimited'. This may have negative performance implications. Please set the stack size to the default value (10240) 
[1468058654.349916] [node023:8154 :0]         sys.c:744  MXM  WARN  Conflicting CPU frequencies detected, using: 1896.66
[1468058654.393949] [node023:8154 :0]         mxm.c:196  MXM  WARN  The 'ulimit -s' on the system is set to 'unlimited'. This may have negative performance implications. Please set the stack size to the default value (10240) 
[1468058654.442762] [node018:12709:0]         mxm.c:196  MXM  WARN  The 'ulimit -s' on the system is set to 'unlimited'. This may have negative performance implications. Please set the stack size to the default value (10240) 
[1468058654.419082] [node018:12709:0]         mxm.c:196  MXM  WARN  The 'ulimit -s' on the system is set to 'unlimited'. This may have negative performance implications. Please set the stack size to the default value (10240) 
[1468058654.419860] [node017:20889:0]         mxm.c:196  MXM  WARN  The 'ulimit -s' on the system is set to 'unlimited'. This may have negative performance implications. Please set the stack size to the default value (10240) 
[1468058654.409190] [node017:20889:0]         mxm.c:196  MXM  WARN  The 'ulimit -s' on the system is set to 'unlimited'. This may have negative performance implications. Please set the stack size to the default value (10240) 
[1468058654.414800] [node018:12709:0]         mxm.c:196  MXM  WARN  The 'ulimit -s' on the system is set to 'unlimited'. This may have negative performance implications. Please set the stack size to the default value (10240) 
[1468058654.434168] [node018:12709:0]         mxm.c:196  MXM  WARN  The 'ulimit -s' on the system is set to 'unlimited'. This may have negative performance implications. Please set the stack size to the default value (10240) 
[1468058654.427359] [node017:20889:0]         mxm.c:196  MXM  WARN  The 'ulimit -s' on the system is set to 'unlimited'. This may have negative performance implications. Please set the stack size to the default value (10240) 
[1468058654.449409] [node022:964  :0]         mxm.c:196  MXM  WARN  The 'ulimit -s' on the system is set to 'unlimited'. This may have negative performance implications. Please set the stack size to the default value (10240) 
[1468058654.349916] [node023:8154 :0]         sys.c:744  MXM  WARN  Conflicting CPU frequencies detected, using: 1896.66
[1468058654.400188] [node023:8154 :0]         mxm.c:196  MXM  WARN  The 'ulimit -s' on the system is set to 'unlimited'. This may have negative performance implications. Please set the stack size to the default value (10240) 
[1468058654.345320] [node022:964  :0]         sys.c:744  MXM  WARN  Conflicting CPU frequencies detected, using: 1401.00
[1468058654.377110] [node022:964  :0]         mxm.c:196  MXM  WARN  The 'ulimit -s' on the system is set to 'unlimited'. This may have negative performance implications. Please set the stack size to the default value (10240) 
[1468058654.409968] [node018:12709:0]         mxm.c:196  MXM  WARN  The 'ulimit -s' on the system is set to 'unlimited'. This may have negative performance implications. Please set the stack size to the default value (10240) 
[1468058654.406323] [node018:12709:0]         mxm.c:196  MXM  WARN  The 'ulimit -s' on the system is set to 'unlimited'. This may have negative performance implications. Please set the stack size to the default value (10240) 
[1468058654.410975] [node023:8154 :0]         mxm.c:196  MXM  WARN  The 'ulimit -s' on the system is set to 'unlimited'. This may have negative performance implications. Please set the stack size to the default value (10240) 
[1468058654.457114] [node023:8154 :0]         mxm.c:196  MXM  WARN  The 'ulimit -s' on the system is set to 'unlimited'. This may have negative performance implications. Please set the stack size to the default value (10240) 
[1468058654.404380] [node022:964  :0]         mxm.c:196  MXM  WARN  The 'ulimit -s' on the system is set to 'unlimited'. This may have negative performance implications. Please set the stack size to the default value (10240) 
[1468058654.421380] [node018:12709:0]         mxm.c:196  MXM  WARN  The 'ulimit -s' on the system is set to 'unlimited'. This may have negative performance implications. Please set the stack size to the default value (10240) 
[1468058654.420106] [node023:8154 :0]         mxm.c:196  MXM  WARN  The 'ulimit -s' on the system is set to 'unlimited'. This may have negative performance implications. Please set the stack size to the default value (10240) 
[1468058654.439438] [node022:964  :0]         mxm.c:196  MXM  WARN  The 'ulimit -s' on the system is set to 'unlimited'. This may have negative performance implications. Please set the stack size to the default value (10240) 
[1468058654.413689] [node020:23865:0]         mxm.c:196  MXM  WARN  The 'ulimit -s' on the system is set to 'unlimited'. This may have negative performance implications. Please set the stack size to the default value (10240) 
[1468058654.407581] [node020:23865:0]         mxm.c:196  MXM  WARN  The 'ulimit -s' on the system is set to 'unlimited'. This may have negative performance implications. Please set the stack size to the default value (10240) 
[1468058654.406812] [node020:23865:0]         mxm.c:196  MXM  WARN  The 'ulimit -s' on the system is set to 'unlimited'. This may have negative performance implications. Please set the stack size to the default value (10240) 
[1468058654.404217] [node020:23865:0]         mxm.c:196  MXM  WARN  The 'ulimit -s' on the system is set to 'unlimited'. This may have negative performance implications. Please set the stack size to the default value (10240) 
[1468058654.423136] [node020:23865:0]         mxm.c:196  MXM  WARN  The 'ulimit -s' on the system is set to 'unlimited'. This may have negative performance implications. Please set the stack size to the default value (10240) 
UPCR: UPC thread  13 of 128 on node016 (pshm node 0 of 8, process  13 of 128, pid=27911)
UPCR: UPC thread   9 of 128 on node016 (pshm node 0 of 8, process   9 of 128, pid=27902)
UPCR: UPC thread   4 of 128 on node016 (pshm node 0 of 8, process   4 of 128, pid=27893)
UPCR: UPC thread  10 of 128 on node016 (pshm node 0 of 8, process  10 of 128, pid=27905)
UPCR: UPC thread   8 of 128 on node016 (pshm node 0 of 8, process   8 of 128, pid=27900)
UPCR: UPC thread  15 of 128 on node016 (pshm node 0 of 8, process  15 of 128, pid=27915)
UPCR: UPC thread   6 of 128 on node016 (pshm node 0 of 8, process   6 of 128, pid=27896)
UPCR: UPC thread   1 of 128 on node016 (pshm node 0 of 8, process   1 of 128, pid=27890)
UPCR: UPC thread  12 of 128 on node016 (pshm node 0 of 8, process  12 of 128, pid=27909)
UPCR: UPC thread   0 of 128 on node016 (pshm node 0 of 8, process   0 of 128, pid=27889)
UPCR: UPC thread  11 of 128 on node016 (pshm node 0 of 8, process  11 of 128, pid=27906)
UPCR: UPC thread   7 of 128 on node016 (pshm node 0 of 8, process   7 of 128, pid=27898)
UPCR: UPC thread  14 of 128 on node016 (pshm node 0 of 8, process  14 of 128, pid=27913)
UPCR: UPC thread   3 of 128 on node016 (pshm node 0 of 8, process   3 of 128, pid=27892)
UPCR: UPC thread   2 of 128 on node016 (pshm node 0 of 8, process   2 of 128, pid=27891)
UPCR: UPC thread 114 of 128 on node023 (pshm node 7 of 8, process 114 of 128, pid=8198)
UPCR: UPC thread 121 of 128 on node023 (pshm node 7 of 8, process 121 of 128, pid=8210)
UPCR: UPC thread  38 of 128 on node018 (pshm node 2 of 8, process  38 of 128, pid=12758)
UPCR: UPC thread  45 of 128 on node018 (pshm node 2 of 8, process  45 of 128, pid=12772)
UPCR: UPC thread  79 of 128 on node020 (pshm node 4 of 8, process  79 of 128, pid=23933)
UPCR: UPC thread  71 of 128 on node020 (pshm node 4 of 8, process  71 of 128, pid=23916)
UPCR: UPC thread  75 of 128 on node020 (pshm node 4 of 8, process  75 of 128, pid=23925)
UPCR: UPC thread  67 of 128 on node020 (pshm node 4 of 8, process  67 of 128, pid=23910)
UPCR: UPC thread  68 of 128 on node020 (pshm node 4 of 8, process  68 of 128, pid=23911)
UPCR: UPC thread  66 of 128 on node020 (pshm node 4 of 8, process  66 of 128, pid=23909)
UPCR: UPC thread  73 of 128 on node020 (pshm node 4 of 8, process  73 of 128, pid=23921)
UPCR: UPC thread 103 of 128 on node022 (pshm node 6 of 8, process 103 of 128, pid=1017)
UPCR: UPC thread  97 of 128 on node022 (pshm node 6 of 8, process  97 of 128, pid=1008)
UPCR: UPC thread  49 of 128 on node019 (pshm node 3 of 8, process  49 of 128, pid=7108)
UPCR: UPC thread  63 of 128 on node019 (pshm node 3 of 8, process  63 of 128, pid=7133)
UPCR: UPC thread  59 of 128 on node019 (pshm node 3 of 8, process  59 of 128, pid=7125)
UPCR: UPC thread  48 of 128 on node019 (pshm node 3 of 8, process  48 of 128, pid=7107)
UPCR: UPC thread  44 of 128 on node018 (pshm node 2 of 8, process  44 of 128, pid=12771)
UPCR: UPC thread  36 of 128 on node018 (pshm node 2 of 8, process  36 of 128, pid=12755)
UPCR: UPC thread  42 of 128 on node018 (pshm node 2 of 8, process  42 of 128, pid=12767)
UPCR: UPC thread  37 of 128 on node018 (pshm node 2 of 8, process  37 of 128, pid=12756)
UPCR: UPC thread  35 of 128 on node018 (pshm node 2 of 8, process  35 of 128, pid=12754)
UPCR: UPC thread  65 of 128 on node020 (pshm node 4 of 8, process  65 of 128, pid=23908)
UPCR: UPC thread  64 of 128 on node020 (pshm node 4 of 8, process  64 of 128, pid=23907)
UPCR: UPC thread  77 of 128 on node020 (pshm node 4 of 8, process  77 of 128, pid=23929)
UPCR: UPC thread  78 of 128 on node020 (pshm node 4 of 8, process  78 of 128, pid=23931)
UPCR: UPC thread 104 of 128 on node022 (pshm node 6 of 8, process 104 of 128, pid=1019)
UPCR: UPC thread 105 of 128 on node022 (pshm node 6 of 8, process 105 of 128, pid=1020)
UPCR: UPC thread 102 of 128 on node022 (pshm node 6 of 8, process 102 of 128, pid=1015)
UPCR: UPC thread  96 of 128 on node022 (pshm node 6 of 8, process  96 of 128, pid=1007)
UPCR: UPC thread  50 of 128 on node019 (pshm node 3 of 8, process  50 of 128, pid=7109)
UPCR: UPC thread  52 of 128 on node019 (pshm node 3 of 8, process  52 of 128, pid=7111)
UPCR: UPC thread  60 of 128 on node019 (pshm node 3 of 8, process  60 of 128, pid=7127)
UPCR: UPC thread  61 of 128 on node019 (pshm node 3 of 8, process  61 of 128, pid=7129)
UPCR: UPC thread  53 of 128 on node019 (pshm node 3 of 8, process  53 of 128, pid=7113)
UPCR: UPC thread  62 of 128 on node019 (pshm node 3 of 8, process  62 of 128, pid=7131)
UPCR: UPC thread  58 of 128 on node019 (pshm node 3 of 8, process  58 of 128, pid=7123)
UPCR: UPC thread  51 of 128 on node019 (pshm node 3 of 8, process  51 of 128, pid=7110)
UPCR: UPC thread  54 of 128 on node019 (pshm node 3 of 8, process  54 of 128, pid=7114)
UPCR: UPC thread  56 of 128 on node019 (pshm node 3 of 8, process  56 of 128, pid=7119)
UPCR: UPC thread  57 of 128 on node019 (pshm node 3 of 8, process  57 of 128, pid=7122)
UPCR: UPC thread 115 of 128 on node023 (pshm node 7 of 8, process 115 of 128, pid=8199)
UPCR: UPC thread 113 of 128 on node023 (pshm node 7 of 8, process 113 of 128, pid=8197)
UPCR: UPC thread 123 of 128 on node023 (pshm node 7 of 8, process 123 of 128, pid=8214)
UPCR: UPC thread 126 of 128 on node023 (pshm node 7 of 8, process 126 of 128, pid=8220)
UPCR: UPC thread 116 of 128 on node023 (pshm node 7 of 8, process 116 of 128, pid=8200)
UPCR: UPC thread 127 of 128 on node023 (pshm node 7 of 8, process 127 of 128, pid=8222)
UPCR: UPC thread 118 of 128 on node023 (pshm node 7 of 8, process 118 of 128, pid=8203)
UPCR: UPC thread 119 of 128 on node023 (pshm node 7 of 8, process 119 of 128, pid=8206)
UPCR: UPC thread 125 of 128 on node023 (pshm node 7 of 8, process 125 of 128, pid=8218)
UPCR: UPC thread 120 of 128 on node023 (pshm node 7 of 8, process 120 of 128, pid=8209)
UPCR: UPC thread 117 of 128 on node023 (pshm node 7 of 8, process 117 of 128, pid=8202)
UPCR: UPC thread 124 of 128 on node023 (pshm node 7 of 8, process 124 of 128, pid=8217)
UPCR: UPC thread 112 of 128 on node023 (pshm node 7 of 8, process 112 of 128, pid=8196)
UPCR: UPC thread 122 of 128 on node023 (pshm node 7 of 8, process 122 of 128, pid=8212)
UPCR: UPC thread  31 of 128 on node017 (pshm node 1 of 8, process  31 of 128, pid=20958)
UPCR: UPC thread  28 of 128 on node017 (pshm node 1 of 8, process  28 of 128, pid=20951)
UPCR: UPC thread  30 of 128 on node017 (pshm node 1 of 8, process  30 of 128, pid=20955)
UPCR: UPC thread  19 of 128 on node017 (pshm node 1 of 8, process  19 of 128, pid=20934)
UPCR: UPC thread  22 of 128 on node017 (pshm node 1 of 8, process  22 of 128, pid=20938)
UPCR: UPC thread  16 of 128 on node017 (pshm node 1 of 8, process  16 of 128, pid=20931)
UPCR: UPC thread  20 of 128 on node017 (pshm node 1 of 8, process  20 of 128, pid=20935)
UPCR: UPC thread  18 of 128 on node017 (pshm node 1 of 8, process  18 of 128, pid=20933)
UPCR: UPC thread  25 of 128 on node017 (pshm node 1 of 8, process  25 of 128, pid=20945)
UPCR: UPC thread  26 of 128 on node017 (pshm node 1 of 8, process  26 of 128, pid=20947)
UPCR: UPC thread  23 of 128 on node017 (pshm node 1 of 8, process  23 of 128, pid=20940)
UPCR: UPC thread  27 of 128 on node017 (pshm node 1 of 8, process  27 of 128, pid=20949)
UPCR: UPC thread  24 of 128 on node017 (pshm node 1 of 8, process  24 of 128, pid=20943)
UPCR: UPC thread  17 of 128 on node017 (pshm node 1 of 8, process  17 of 128, pid=20932)
UPCR: UPC thread  29 of 128 on node017 (pshm node 1 of 8, process  29 of 128, pid=20953)
UPCR: UPC thread  21 of 128 on node017 (pshm node 1 of 8, process  21 of 128, pid=20937)
UPCR: UPC thread  76 of 128 on node020 (pshm node 4 of 8, process  76 of 128, pid=23927)
UPCR: UPC thread  72 of 128 on node020 (pshm node 4 of 8, process  72 of 128, pid=23919)
UPCR: UPC thread  74 of 128 on node020 (pshm node 4 of 8, process  74 of 128, pid=23923)
UPCR: UPC thread  70 of 128 on node020 (pshm node 4 of 8, process  70 of 128, pid=23915)
UPCR: UPC thread  69 of 128 on node020 (pshm node 4 of 8, process  69 of 128, pid=23913)
UPCR: UPC thread  55 of 128 on node019 (pshm node 3 of 8, process  55 of 128, pid=7117)
UPCR: UPC thread  46 of 128 on node018 (pshm node 2 of 8, process  46 of 128, pid=12775)
UPCR: UPC thread  47 of 128 on node018 (pshm node 2 of 8, process  47 of 128, pid=12777)
UPCR: UPC thread  33 of 128 on node018 (pshm node 2 of 8, process  33 of 128, pid=12752)
UPCR: UPC thread  41 of 128 on node018 (pshm node 2 of 8, process  41 of 128, pid=12765)
UPCR: UPC thread  39 of 128 on node018 (pshm node 2 of 8, process  39 of 128, pid=12760)
UPCR: UPC thread  34 of 128 on node018 (pshm node 2 of 8, process  34 of 128, pid=12753)
UPCR: UPC thread  40 of 128 on node018 (pshm node 2 of 8, process  40 of 128, pid=12762)
UPCR: UPC thread  32 of 128 on node018 (pshm node 2 of 8, process  32 of 128, pid=12751)
UPCR: UPC thread  43 of 128 on node018 (pshm node 2 of 8, process  43 of 128, pid=12769)
UPCR: UPC thread 107 of 128 on node022 (pshm node 6 of 8, process 107 of 128, pid=1026)
UPCR: UPC thread 109 of 128 on node022 (pshm node 6 of 8, process 109 of 128, pid=1029)
UPCR: UPC thread  99 of 128 on node022 (pshm node 6 of 8, process  99 of 128, pid=1010)
UPCR: UPC thread 111 of 128 on node022 (pshm node 6 of 8, process 111 of 128, pid=1034)
UPCR: UPC thread  98 of 128 on node022 (pshm node 6 of 8, process  98 of 128, pid=1009)
UPCR: UPC thread 100 of 128 on node022 (pshm node 6 of 8, process 100 of 128, pid=1011)
UPCR: UPC thread   5 of 128 on node016 (pshm node 0 of 8, process   5 of 128, pid=27894)
UPCR: UPC thread  87 of 128 on node021 (pshm node 5 of 8, process  87 of 128, pid=3925)
UPCR: UPC thread  83 of 128 on node021 (pshm node 5 of 8, process  83 of 128, pid=3919)
UPCR: UPC thread  85 of 128 on node021 (pshm node 5 of 8, process  85 of 128, pid=3921)
UPCR: UPC thread  81 of 128 on node021 (pshm node 5 of 8, process  81 of 128, pid=3917)
UPCR: UPC thread  93 of 128 on node021 (pshm node 5 of 8, process  93 of 128, pid=3938)
UPCR: UPC thread  89 of 128 on node021 (pshm node 5 of 8, process  89 of 128, pid=3930)
UPCR: UPC thread  88 of 128 on node021 (pshm node 5 of 8, process  88 of 128, pid=3928)
UPCR: UPC thread  80 of 128 on node021 (pshm node 5 of 8, process  80 of 128, pid=3916)
UPCR: UPC thread  95 of 128 on node021 (pshm node 5 of 8, process  95 of 128, pid=3941)
UPCR: UPC thread  94 of 128 on node021 (pshm node 5 of 8, process  94 of 128, pid=3940)
UPCR: UPC thread  92 of 128 on node021 (pshm node 5 of 8, process  92 of 128, pid=3935)
UPCR: UPC thread  90 of 128 on node021 (pshm node 5 of 8, process  90 of 128, pid=3931)
UPCR: UPC thread  82 of 128 on node021 (pshm node 5 of 8, process  82 of 128, pid=3918)
UPCR: UPC thread  86 of 128 on node021 (pshm node 5 of 8, process  86 of 128, pid=3923)
UPCR: UPC thread  91 of 128 on node021 (pshm node 5 of 8, process  91 of 128, pid=3933)
UPCR: UPC thread  84 of 128 on node021 (pshm node 5 of 8, process  84 of 128, pid=3920)
UPCR: UPC thread 110 of 128 on node022 (pshm node 6 of 8, process 110 of 128, pid=1032)
UPCR: UPC thread 101 of 128 on node022 (pshm node 6 of 8, process 101 of 128, pid=1012)
UPCR: UPC thread 108 of 128 on node022 (pshm node 6 of 8, process 108 of 128, pid=1028)
UPCR: UPC thread 106 of 128 on node022 (pshm node 6 of 8, process 106 of 128, pid=1023)
using a cache granularity of 8
using linear probing in the BDD table
using a memoization table of 2^23 = 8388608 entries (~320 MB) per thread
using a BDD table of 2^23 = 8388608 entries (~192 MB) per thread
Initializing /home/oortwijn/distdd/models/beem/production_cell.2.bdd!
vector size: 18
bits per integer: 8
number of BDD variables: 144
Loading initial states: 
Initial states loaded... 
Loading transition relations... 
18 integers per state, 8 bits per integer, 23 transition groups
BDD nodes:
Initial states: 144 BDD nodes
Transition 0: 66 BDD nodes
Transition 1: 83 BDD nodes
Transition 2: 56 BDD nodes
Transition 3: 56 BDD nodes
Transition 4: 64 BDD nodes
Transition 5: 97 BDD nodes
Transition 6: 64 BDD nodes
Transition 7: 64 BDD nodes
Transition 8: 64 BDD nodes
Transition 9: 88 BDD nodes
Transition 10: 64 BDD nodes
Transition 11: 129 BDD nodes
Transition 12: 32 BDD nodes
Transition 13: 64 BDD nodes
Transition 14: 88 BDD nodes
Transition 15: 119 BDD nodes
Transition 16: 161 BDD nodes
Transition 17: 97 BDD nodes
Transition 18: 64 BDD nodes
Transition 19: 290 BDD nodes
Transition 20: 223 BDD nodes
Transition 21: 49 BDD nodes
Transition 22: 69 BDD nodes
Level 1... done.
Level 2... done.
Level 3... done.
Level 4... done.
Level 5... done.
Level 6... done.
Level 7... done.
Level 8... done.
Level 9... done.
Level 10... done.
Level 11... done.
Level 12... done.
Level 13... done.
Level 14... done.
Level 15... done.
Level 16... done.
Level 17... done.
Level 18... done.
Level 19... done.
Level 20... done.
Level 21... done.
Level 22... done.
Level 23... done.
Level 24... done.
Level 25... done.
Level 26... done.
Level 27... done.
Level 28... done.
Level 29... done.
Level 30... done.
Level 31... done.
Level 32... done.
Level 33... done.
Level 34... done.
Level 35... done.
Level 36... done.
Level 37... done.
Level 38... done.
Level 39... done.
Level 40... done.
Level 41... done.
Level 42... done.
Level 43... done.
Level 44... done.
Level 45... done.
Level 46... done.
Level 47... done.
Level 48... done.
Level 49... done.
Level 50... done.
Level 51... done.
Level 52... done.
Level 53... done.
Level 54... done.
Level 55... done.
Level 56... done.
Level 57... done.
Level 58... done.
Level 59... done.
Level 60... done.
Level 61... done.
Level 62... done.
Level 63... done.
Level 64... done.
Level 65... done.
Level 66... done.
Level 67... done.
Level 68... done.
Level 69... done.
Level 70... done.
Level 71... done.
Level 72... done.
Level 73... done.
Level 74... done.
Level 75... done.
Level 76... done.
Level 77... done.
Level 78... done.
Level 79... done.
Level 80... done.
Level 81... done.
Level 82... done.
Level 83... done.
Level 84... done.
Level 85... done.
Level 86... done.
Level 87... done.
Level 88... done.
Level 89... done.
Level 90... done.
Level 91... done.
Level 92... done.
Level 93... done.
Level 94... done.
Level 95... done.
Level 96... done.
Level 97... done.
Level 98... done.
Level 99... done.
Level 100... done.
Level 101... done.
Level 102... done.
Level 103... done.
Level 104... done.
Level 105... done.
Level 106... done.
Level 107... done.
Level 108... done.
Level 109... done.
Level 110... done.
Level 111... done.
Level 112... done.
Level 113... done.
Level 114... done.
Level 115... done.
Level 116... done.
Level 117... done.
Level 118... done.
Level 119... done.
Level 120... done.
Level 121... done.
Level 122... done.
Level 123... done.
Level 124... done.
Level 125... done.
Level 126... done.
Level 127... done.
Level 128... done.
Level 129... done.
Level 130... done.
Level 131... done.
Level 132... done.
Level 133... done.
Level 134... done.
Level 135... done.
Level 136... done.
Level 137... done.
Level 138... done.
Level 139... done.
Level 140... done.
Level 141... done.
Level 142... done.
Level 143... done.
Level 144... done.
Level 145... done.
Level 146... done.
Level 147... done.
PAR Time: 1.982998
Final states: 9003 states
Final states: 2692 BDD nodes
[1468058654.349916] [node023:8154 :0]         sys.c:744  MXM  WARN  Conflicting CPU frequencies detected, using: 1896.66
[1468058654.344192] [node017:20889:0]         sys.c:744  MXM  WARN  Conflicting CPU frequencies detected, using: 1395.00
[1468058654.340573] [node021:3874 :0]         sys.c:744  MXM  WARN  Conflicting CPU frequencies detected, using: 1496.06
[1468058654.348892] [node018:12709:0]         sys.c:744  MXM  WARN  Conflicting CPU frequencies detected, using: 1496.25
[1468058654.345320] [node022:964  :0]         sys.c:744  MXM  WARN  Conflicting CPU frequencies detected, using: 1401.00
[1468058654.339447] [node020:23865:0]         sys.c:744  MXM  WARN  Conflicting CPU frequencies detected, using: 1458.94
[1468058654.354337] [node019:7062 :0]         sys.c:744  MXM  WARN  Conflicting CPU frequencies detected, using: 1496.16
[1468058653.984799] [node016:27881:0]         sys.c:744  MXM  WARN  Conflicting CPU frequencies detected, using: 1789.50
[1468058653.965495] [node016:27836:0]         sys.c:744  MXM  WARN  Conflicting CPU frequencies detected, using: 1698.66
