performing reachability, flags: -n 64 -N 8 -shared-heap 2GB --tablesize=24 --cachesize=23  
This is upcrun, job spawner for the Berkeley UPC compiler (http://upc.lbl.gov).
upcrun version 2.22.2
Network conduits supported by this installation: smp mxm ibv
[1468058864.428620] [node061:23138:0]         sys.c:744  MXM  WARN  Conflicting CPU frequencies detected, using: 1598.72
[1468058864.435359] [node061:23138:0]         mxm.c:196  MXM  WARN  The 'ulimit -s' on the system is set to 'unlimited'. This may have negative performance implications. Please set the stack size to the default value (10240) 
[1468058864.428620] [node061:23138:0]         sys.c:744  MXM  WARN  Conflicting CPU frequencies detected, using: 1598.72
[1468058864.434995] [node061:23138:0]         mxm.c:196  MXM  WARN  The 'ulimit -s' on the system is set to 'unlimited'. This may have negative performance implications. Please set the stack size to the default value (10240) 
[1468058864.428620] [node061:23138:0]         sys.c:744  MXM  WARN  Conflicting CPU frequencies detected, using: 1598.72
[1468058864.436430] [node061:23138:0]         mxm.c:196  MXM  WARN  The 'ulimit -s' on the system is set to 'unlimited'. This may have negative performance implications. Please set the stack size to the default value (10240) 
[1468058864.428620] [node061:23138:0]         sys.c:744  MXM  WARN  Conflicting CPU frequencies detected, using: 1598.72
[1468058864.437724] [node061:23138:0]         mxm.c:196  MXM  WARN  The 'ulimit -s' on the system is set to 'unlimited'. This may have negative performance implications. Please set the stack size to the default value (10240) 
[1468058864.428620] [node061:23138:0]         sys.c:744  MXM  WARN  Conflicting CPU frequencies detected, using: 1598.72
[1468058864.435278] [node061:23138:0]         mxm.c:196  MXM  WARN  The 'ulimit -s' on the system is set to 'unlimited'. This may have negative performance implications. Please set the stack size to the default value (10240) 
[1468058864.428620] [node061:23138:0]         sys.c:744  MXM  WARN  Conflicting CPU frequencies detected, using: 1598.72
[1468058864.435899] [node061:23138:0]         mxm.c:196  MXM  WARN  The 'ulimit -s' on the system is set to 'unlimited'. This may have negative performance implications. Please set the stack size to the default value (10240) 
[1468058864.428620] [node061:23138:0]         sys.c:744  MXM  WARN  Conflicting CPU frequencies detected, using: 1598.72
[1468058864.436194] [node061:23138:0]         mxm.c:196  MXM  WARN  The 'ulimit -s' on the system is set to 'unlimited'. This may have negative performance implications. Please set the stack size to the default value (10240) 
[1468058864.428620] [node061:23138:0]         sys.c:744  MXM  WARN  Conflicting CPU frequencies detected, using: 1598.72
[1468058864.436784] [node061:23138:0]         mxm.c:196  MXM  WARN  The 'ulimit -s' on the system is set to 'unlimited'. This may have negative performance implications. Please set the stack size to the default value (10240) 
[1468058864.787266] [node062:25581:0]         sys.c:744  MXM  WARN  Conflicting CPU frequencies detected, using: 1478.53
[1468058864.822664] [node062:25581:0]         mxm.c:196  MXM  WARN  The 'ulimit -s' on the system is set to 'unlimited'. This may have negative performance implications. Please set the stack size to the default value (10240) 
[1468058864.787266] [node062:25581:0]         sys.c:744  MXM  WARN  Conflicting CPU frequencies detected, using: 1478.53
[1468058864.794283] [node067:2440 :0]         sys.c:744  MXM  WARN  Conflicting CPU frequencies detected, using: 1997.25
[1468058864.839078] [node067:2440 :0]         mxm.c:196  MXM  WARN  The 'ulimit -s' on the system is set to 'unlimited'. This may have negative performance implications. Please set the stack size to the default value (10240) 
[1468058864.795767] [node065:28417:0]         sys.c:744  MXM  WARN  Conflicting CPU frequencies detected, using: 2100.09
[1468058864.805514] [node065:28417:0]         mxm.c:196  MXM  WARN  The 'ulimit -s' on the system is set to 'unlimited'. This may have negative performance implications. Please set the stack size to the default value (10240) 
[1468058864.795767] [node065:28417:0]         sys.c:744  MXM  WARN  Conflicting CPU frequencies detected, using: 2100.09
[1468058864.803597] [node065:28417:0]         mxm.c:196  MXM  WARN  The 'ulimit -s' on the system is set to 'unlimited'. This may have negative performance implications. Please set the stack size to the default value (10240) 
[1468058864.795767] [node065:28417:0]         sys.c:744  MXM  WARN  Conflicting CPU frequencies detected, using: 2100.09
[1468058864.804512] [node065:28417:0]         mxm.c:196  MXM  WARN  The 'ulimit -s' on the system is set to 'unlimited'. This may have negative performance implications. Please set the stack size to the default value (10240) 
[1468058864.795767] [node065:28417:0]         sys.c:744  MXM  WARN  Conflicting CPU frequencies detected, using: 2100.09
[1468058864.802135] [node065:28417:0]         mxm.c:196  MXM  WARN  The 'ulimit -s' on the system is set to 'unlimited'. This may have negative performance implications. Please set the stack size to the default value (10240) 
[1468058864.795767] [node065:28417:0]         sys.c:744  MXM  WARN  Conflicting CPU frequencies detected, using: 2100.09
[1468058864.803175] [node065:28417:0]         mxm.c:196  MXM  WARN  The 'ulimit -s' on the system is set to 'unlimited'. This may have negative performance implications. Please set the stack size to the default value (10240) 
[1468058864.785003] [node063:32088:0]         sys.c:744  MXM  WARN  Conflicting CPU frequencies detected, using: 2140.22
[1468058864.794074] [node063:32088:0]         mxm.c:196  MXM  WARN  The 'ulimit -s' on the system is set to 'unlimited'. This may have negative performance implications. Please set the stack size to the default value (10240) 
[1468058864.785003] [node063:32088:0]         sys.c:744  MXM  WARN  Conflicting CPU frequencies detected, using: 2140.22
[1468058864.794258] [node063:32088:0]         mxm.c:196  MXM  WARN  The 'ulimit -s' on the system is set to 'unlimited'. This may have negative performance implications. Please set the stack size to the default value (10240) 
[1468058864.785003] [node063:32088:0]         sys.c:744  MXM  WARN  Conflicting CPU frequencies detected, using: 2140.22
[1468058864.793161] [node063:32088:0]         mxm.c:196  MXM  WARN  The 'ulimit -s' on the system is set to 'unlimited'. This may have negative performance implications. Please set the stack size to the default value (10240) 
[1468058864.785003] [node063:32088:0]         sys.c:744  MXM  WARN  Conflicting CPU frequencies detected, using: 2140.22
[1468058864.793790] [node063:32088:0]         mxm.c:196  MXM  WARN  The 'ulimit -s' on the system is set to 'unlimited'. This may have negative performance implications. Please set the stack size to the default value (10240) 
[1468058864.785003] [node063:32088:0]         sys.c:744  MXM  WARN  Conflicting CPU frequencies detected, using: 2140.22
[1468058864.793895] [node063:32088:0]         mxm.c:196  MXM  WARN  The 'ulimit -s' on the system is set to 'unlimited'. This may have negative performance implications. Please set the stack size to the default value (10240) 
[1468058864.795767] [node065:28417:0]         sys.c:744  MXM  WARN  Conflicting CPU frequencies detected, using: 2100.09
[1468058864.804591] [node065:28417:0]         mxm.c:196  MXM  WARN  The 'ulimit -s' on the system is set to 'unlimited'. This may have negative performance implications. Please set the stack size to the default value (10240) 
[1468058864.785003] [node063:32088:0]         sys.c:744  MXM  WARN  Conflicting CPU frequencies detected, using: 2140.22
[1468058864.793280] [node063:32088:0]         mxm.c:196  MXM  WARN  The 'ulimit -s' on the system is set to 'unlimited'. This may have negative performance implications. Please set the stack size to the default value (10240) 
[1468058864.795767] [node065:28417:0]         sys.c:744  MXM  WARN  Conflicting CPU frequencies detected, using: 2100.09
[1468058864.804244] [node065:28417:0]         mxm.c:196  MXM  WARN  The 'ulimit -s' on the system is set to 'unlimited'. This may have negative performance implications. Please set the stack size to the default value (10240) 
[1468058864.795767] [node065:28417:0]         sys.c:744  MXM  WARN  Conflicting CPU frequencies detected, using: 2100.09
[1468058864.804122] [node065:28417:0]         mxm.c:196  MXM  WARN  The 'ulimit -s' on the system is set to 'unlimited'. This may have negative performance implications. Please set the stack size to the default value (10240) 
[1468058864.785003] [node063:32088:0]         sys.c:744  MXM  WARN  Conflicting CPU frequencies detected, using: 2140.22
[1468058864.793697] [node063:32088:0]         mxm.c:196  MXM  WARN  The 'ulimit -s' on the system is set to 'unlimited'. This may have negative performance implications. Please set the stack size to the default value (10240) 
[1468058864.785003] [node063:32088:0]         sys.c:744  MXM  WARN  Conflicting CPU frequencies detected, using: 2140.22
[1468058864.794154] [node063:32088:0]         mxm.c:196  MXM  WARN  The 'ulimit -s' on the system is set to 'unlimited'. This may have negative performance implications. Please set the stack size to the default value (10240) 
[1468058864.785377] [node064:5196 :0]         sys.c:744  MXM  WARN  Conflicting CPU frequencies detected, using: 1953.00
[1468058864.817515] [node064:5196 :0]         mxm.c:196  MXM  WARN  The 'ulimit -s' on the system is set to 'unlimited'. This may have negative performance implications. Please set the stack size to the default value (10240) 
[1468058864.787266] [node062:25581:0]         sys.c:744  MXM  WARN  Conflicting CPU frequencies detected, using: 1478.53
[1468058864.813553] [node062:25581:0]         mxm.c:196  MXM  WARN  The 'ulimit -s' on the system is set to 'unlimited'. This may have negative performance implications. Please set the stack size to the default value (10240) 
[1468058864.787266] [node062:25581:0]         sys.c:744  MXM  WARN  Conflicting CPU frequencies detected, using: 1478.53
[1468058864.806524] [node062:25581:0]         mxm.c:196  MXM  WARN  The 'ulimit -s' on the system is set to 'unlimited'. This may have negative performance implications. Please set the stack size to the default value (10240) 
[1468058864.838116] [node062:25581:0]         mxm.c:196  MXM  WARN  The 'ulimit -s' on the system is set to 'unlimited'. This may have negative performance implications. Please set the stack size to the default value (10240) 
[1468058864.785377] [node064:5196 :0]         sys.c:744  MXM  WARN  Conflicting CPU frequencies detected, using: 1953.00
[1468058864.812750] [node064:5196 :0]         mxm.c:196  MXM  WARN  The 'ulimit -s' on the system is set to 'unlimited'. This may have negative performance implications. Please set the stack size to the default value (10240) 
[1468058864.794283] [node067:2440 :0]         sys.c:744  MXM  WARN  Conflicting CPU frequencies detected, using: 1997.25
[1468058864.812704] [node067:2440 :0]         mxm.c:196  MXM  WARN  The 'ulimit -s' on the system is set to 'unlimited'. This may have negative performance implications. Please set the stack size to the default value (10240) 
[1468058864.785377] [node064:5196 :0]         sys.c:744  MXM  WARN  Conflicting CPU frequencies detected, using: 1953.00
[1468058864.815725] [node064:5196 :0]         mxm.c:196  MXM  WARN  The 'ulimit -s' on the system is set to 'unlimited'. This may have negative performance implications. Please set the stack size to the default value (10240) 
[1468058864.785377] [node064:5196 :0]         sys.c:744  MXM  WARN  Conflicting CPU frequencies detected, using: 1953.00
[1468058864.811746] [node064:5196 :0]         mxm.c:196  MXM  WARN  The 'ulimit -s' on the system is set to 'unlimited'. This may have negative performance implications. Please set the stack size to the default value (10240) 
[1468058864.787266] [node062:25581:0]         sys.c:744  MXM  WARN  Conflicting CPU frequencies detected, using: 1478.53
[1468058864.821858] [node062:25581:0]         mxm.c:196  MXM  WARN  The 'ulimit -s' on the system is set to 'unlimited'. This may have negative performance implications. Please set the stack size to the default value (10240) 
[1468058864.785377] [node064:5196 :0]         sys.c:744  MXM  WARN  Conflicting CPU frequencies detected, using: 1953.00
[1468058864.824212] [node064:5196 :0]         mxm.c:196  MXM  WARN  The 'ulimit -s' on the system is set to 'unlimited'. This may have negative performance implications. Please set the stack size to the default value (10240) 
[1468058864.787266] [node062:25581:0]         sys.c:744  MXM  WARN  Conflicting CPU frequencies detected, using: 1478.53
[1468058864.821132] [node062:25581:0]         mxm.c:196  MXM  WARN  The 'ulimit -s' on the system is set to 'unlimited'. This may have negative performance implications. Please set the stack size to the default value (10240) 
[1468058864.794283] [node067:2440 :0]         sys.c:744  MXM  WARN  Conflicting CPU frequencies detected, using: 1997.25
[1468058864.825479] [node067:2440 :0]         mxm.c:196  MXM  WARN  The 'ulimit -s' on the system is set to 'unlimited'. This may have negative performance implications. Please set the stack size to the default value (10240) 
[1468058864.805920] [node066:30897:0]         sys.c:744  MXM  WARN  Conflicting CPU frequencies detected, using: 1797.84
[1468058864.834495] [node066:30897:0]         mxm.c:196  MXM  WARN  The 'ulimit -s' on the system is set to 'unlimited'. This may have negative performance implications. Please set the stack size to the default value (10240) 
[1468058864.794283] [node067:2440 :0]         sys.c:744  MXM  WARN  Conflicting CPU frequencies detected, using: 1997.25
[1468058864.819185] [node067:2440 :0]         mxm.c:196  MXM  WARN  The 'ulimit -s' on the system is set to 'unlimited'. This may have negative performance implications. Please set the stack size to the default value (10240) 
[1468058864.787266] [node062:25581:0]         sys.c:744  MXM  WARN  Conflicting CPU frequencies detected, using: 1478.53
[1468058864.815231] [node062:25581:0]         mxm.c:196  MXM  WARN  The 'ulimit -s' on the system is set to 'unlimited'. This may have negative performance implications. Please set the stack size to the default value (10240) 
[1468058864.805920] [node066:30897:0]         sys.c:744  MXM  WARN  Conflicting CPU frequencies detected, using: 1797.84
[1468058864.838621] [node066:30897:0]         mxm.c:196  MXM  WARN  The 'ulimit -s' on the system is set to 'unlimited'. This may have negative performance implications. Please set the stack size to the default value (10240) 
[1468058864.785377] [node064:5196 :0]         sys.c:744  MXM  WARN  Conflicting CPU frequencies detected, using: 1953.00
[1468058864.816528] [node064:5196 :0]         mxm.c:196  MXM  WARN  The 'ulimit -s' on the system is set to 'unlimited'. This may have negative performance implications. Please set the stack size to the default value (10240) 
[1468058864.794283] [node067:2440 :0]         sys.c:744  MXM  WARN  Conflicting CPU frequencies detected, using: 1997.25
[1468058864.831318] [node067:2440 :0]         mxm.c:196  MXM  WARN  The 'ulimit -s' on the system is set to 'unlimited'. This may have negative performance implications. Please set the stack size to the default value (10240) 
[1468058864.805920] [node066:30897:0]         sys.c:744  MXM  WARN  Conflicting CPU frequencies detected, using: 1797.84
[1468058864.841169] [node066:30897:0]         mxm.c:196  MXM  WARN  The 'ulimit -s' on the system is set to 'unlimited'. This may have negative performance implications. Please set the stack size to the default value (10240) 
[1468058864.794283] [node067:2440 :0]         sys.c:744  MXM  WARN  Conflicting CPU frequencies detected, using: 1997.25
[1468058864.822141] [node067:2440 :0]         mxm.c:196  MXM  WARN  The 'ulimit -s' on the system is set to 'unlimited'. This may have negative performance implications. Please set the stack size to the default value (10240) 
[1468058864.785377] [node064:5196 :0]         sys.c:744  MXM  WARN  Conflicting CPU frequencies detected, using: 1953.00
[1468058864.820670] [node064:5196 :0]         mxm.c:196  MXM  WARN  The 'ulimit -s' on the system is set to 'unlimited'. This may have negative performance implications. Please set the stack size to the default value (10240) 
[1468058864.805920] [node066:30897:0]         sys.c:744  MXM  WARN  Conflicting CPU frequencies detected, using: 1797.84
[1468058864.840171] [node066:30897:0]         mxm.c:196  MXM  WARN  The 'ulimit -s' on the system is set to 'unlimited'. This may have negative performance implications. Please set the stack size to the default value (10240) 
[1468058864.794283] [node067:2440 :0]         sys.c:744  MXM  WARN  Conflicting CPU frequencies detected, using: 1997.25
[1468058864.827129] [node067:2440 :0]         mxm.c:196  MXM  WARN  The 'ulimit -s' on the system is set to 'unlimited'. This may have negative performance implications. Please set the stack size to the default value (10240) 
[1468058864.805920] [node066:30897:0]         sys.c:744  MXM  WARN  Conflicting CPU frequencies detected, using: 1797.84
[1468058864.827429] [node066:30897:0]         mxm.c:196  MXM  WARN  The 'ulimit -s' on the system is set to 'unlimited'. This may have negative performance implications. Please set the stack size to the default value (10240) 
[1468058864.787266] [node062:25581:0]         sys.c:744  MXM  WARN  Conflicting CPU frequencies detected, using: 1478.53
[1468058864.807278] [node062:25581:0]         mxm.c:196  MXM  WARN  The 'ulimit -s' on the system is set to 'unlimited'. This may have negative performance implications. Please set the stack size to the default value (10240) 
[1468058864.785377] [node064:5196 :0]         sys.c:744  MXM  WARN  Conflicting CPU frequencies detected, using: 1953.00
[1468058864.819042] [node064:5196 :0]         mxm.c:196  MXM  WARN  The 'ulimit -s' on the system is set to 'unlimited'. This may have negative performance implications. Please set the stack size to the default value (10240) 
[1468058864.794283] [node067:2440 :0]         sys.c:744  MXM  WARN  Conflicting CPU frequencies detected, using: 1997.25
[1468058864.832106] [node067:2440 :0]         mxm.c:196  MXM  WARN  The 'ulimit -s' on the system is set to 'unlimited'. This may have negative performance implications. Please set the stack size to the default value (10240) 
[1468058864.805920] [node066:30897:0]         sys.c:744  MXM  WARN  Conflicting CPU frequencies detected, using: 1797.84
[1468058864.836201] [node066:30897:0]         mxm.c:196  MXM  WARN  The 'ulimit -s' on the system is set to 'unlimited'. This may have negative performance implications. Please set the stack size to the default value (10240) 
[1468058864.805920] [node066:30897:0]         sys.c:744  MXM  WARN  Conflicting CPU frequencies detected, using: 1797.84
[1468058864.847090] [node066:30897:0]         mxm.c:196  MXM  WARN  The 'ulimit -s' on the system is set to 'unlimited'. This may have negative performance implications. Please set the stack size to the default value (10240) 
[1468058864.805920] [node066:30897:0]         sys.c:744  MXM  WARN  Conflicting CPU frequencies detected, using: 1797.84
[1468058864.832962] [node066:30897:0]         mxm.c:196  MXM  WARN  The 'ulimit -s' on the system is set to 'unlimited'. This may have negative performance implications. Please set the stack size to the default value (10240) 
[1468058865.806666] [node068:32054:0]         sys.c:744  MXM  WARN  Conflicting CPU frequencies detected, using: 1996.97
[1468058865.827236] [node068:32054:0]         mxm.c:196  MXM  WARN  The 'ulimit -s' on the system is set to 'unlimited'. This may have negative performance implications. Please set the stack size to the default value (10240) 
[1468058865.806666] [node068:32054:0]         sys.c:744  MXM  WARN  Conflicting CPU frequencies detected, using: 1996.97
[1468058865.832022] [node068:32054:0]         mxm.c:196  MXM  WARN  The 'ulimit -s' on the system is set to 'unlimited'. This may have negative performance implications. Please set the stack size to the default value (10240) 
[1468058865.806666] [node068:32054:0]         sys.c:744  MXM  WARN  Conflicting CPU frequencies detected, using: 1996.97
[1468058865.843353] [node068:32054:0]         mxm.c:196  MXM  WARN  The 'ulimit -s' on the system is set to 'unlimited'. This may have negative performance implications. Please set the stack size to the default value (10240) 
[1468058865.806666] [node068:32054:0]         sys.c:744  MXM  WARN  Conflicting CPU frequencies detected, using: 1996.97
[1468058865.840743] [node068:32054:0]         mxm.c:196  MXM  WARN  The 'ulimit -s' on the system is set to 'unlimited'. This may have negative performance implications. Please set the stack size to the default value (10240) 
[1468058865.806666] [node068:32054:0]         sys.c:744  MXM  WARN  Conflicting CPU frequencies detected, using: 1996.97
[1468058865.834308] [node068:32054:0]         mxm.c:196  MXM  WARN  The 'ulimit -s' on the system is set to 'unlimited'. This may have negative performance implications. Please set the stack size to the default value (10240) 
[1468058865.806666] [node068:32054:0]         sys.c:744  MXM  WARN  Conflicting CPU frequencies detected, using: 1996.97
[1468058865.845051] [node068:32054:0]         mxm.c:196  MXM  WARN  The 'ulimit -s' on the system is set to 'unlimited'. This may have negative performance implications. Please set the stack size to the default value (10240) 
[1468058865.806666] [node068:32054:0]         sys.c:744  MXM  WARN  Conflicting CPU frequencies detected, using: 1996.97
[1468058865.845834] [node068:32054:0]         mxm.c:196  MXM  WARN  The 'ulimit -s' on the system is set to 'unlimited'. This may have negative performance implications. Please set the stack size to the default value (10240) 
[1468058865.806666] [node068:32054:0]         sys.c:744  MXM  WARN  Conflicting CPU frequencies detected, using: 1996.97
[1468058865.839934] [node068:32054:0]         mxm.c:196  MXM  WARN  The 'ulimit -s' on the system is set to 'unlimited'. This may have negative performance implications. Please set the stack size to the default value (10240) 
UPCR: UPC thread  7 of 64 on node061 (pshm node 0 of 8, process  7 of 64, pid=23155)
UPCR: UPC thread  4 of 64 on node061 (pshm node 0 of 8, process  4 of 64, pid=23150)
UPCR: UPC thread  5 of 64 on node061 (pshm node 0 of 8, process  5 of 64, pid=23151)
UPCR: UPC thread  0 of 64 on node061 (pshm node 0 of 8, process  0 of 64, pid=23146)
UPCR: UPC thread  3 of 64 on node061 (pshm node 0 of 8, process  3 of 64, pid=23149)
UPCR: UPC thread  2 of 64 on node061 (pshm node 0 of 8, process  2 of 64, pid=23148)
UPCR: UPC thread  1 of 64 on node061 (pshm node 0 of 8, process  1 of 64, pid=23147)
UPCR: UPC thread  6 of 64 on node061 (pshm node 0 of 8, process  6 of 64, pid=23152)
UPCR: UPC thread 57 of 64 on node068 (pshm node 7 of 8, process 57 of 64, pid=32097)
UPCR: UPC thread 59 of 64 on node068 (pshm node 7 of 8, process 59 of 64, pid=32099)
UPCR: UPC thread 60 of 64 on node068 (pshm node 7 of 8, process 60 of 64, pid=32100)
UPCR: UPC thread 62 of 64 on node068 (pshm node 7 of 8, process 62 of 64, pid=32103)
UPCR: UPC thread 58 of 64 on node068 (pshm node 7 of 8, process 58 of 64, pid=32098)
UPCR: UPC thread 56 of 64 on node068 (pshm node 7 of 8, process 56 of 64, pid=32096)
UPCR: UPC thread 63 of 64 on node068 (pshm node 7 of 8, process 63 of 64, pid=32105)
UPCR: UPC thread 61 of 64 on node068 (pshm node 7 of 8, process 61 of 64, pid=32101)
UPCR: UPC thread 37 of 64 on node065 (pshm node 4 of 8, process 37 of 64, pid=28467)
UPCR: UPC thread 39 of 64 on node065 (pshm node 4 of 8, process 39 of 64, pid=28470)
UPCR: UPC thread 38 of 64 on node065 (pshm node 4 of 8, process 38 of 64, pid=28468)
UPCR: UPC thread 35 of 64 on node065 (pshm node 4 of 8, process 35 of 64, pid=28464)
UPCR: UPC thread 36 of 64 on node065 (pshm node 4 of 8, process 36 of 64, pid=28465)
UPCR: UPC thread 33 of 64 on node065 (pshm node 4 of 8, process 33 of 64, pid=28462)
UPCR: UPC thread 32 of 64 on node065 (pshm node 4 of 8, process 32 of 64, pid=28461)
UPCR: UPC thread 34 of 64 on node065 (pshm node 4 of 8, process 34 of 64, pid=28463)
UPCR: UPC thread 49 of 64 on node067 (pshm node 6 of 8, process 49 of 64, pid=2483)
UPCR: UPC thread 51 of 64 on node067 (pshm node 6 of 8, process 51 of 64, pid=2485)
UPCR: UPC thread 52 of 64 on node067 (pshm node 6 of 8, process 52 of 64, pid=2486)
UPCR: UPC thread 53 of 64 on node067 (pshm node 6 of 8, process 53 of 64, pid=2487)
UPCR: UPC thread 55 of 64 on node067 (pshm node 6 of 8, process 55 of 64, pid=2490)
UPCR: UPC thread 54 of 64 on node067 (pshm node 6 of 8, process 54 of 64, pid=2488)
UPCR: UPC thread 50 of 64 on node067 (pshm node 6 of 8, process 50 of 64, pid=2484)
UPCR: UPC thread 48 of 64 on node067 (pshm node 6 of 8, process 48 of 64, pid=2482)
UPCR: UPC thread 16 of 64 on node063 (pshm node 2 of 8, process 16 of 64, pid=32130)
UPCR: UPC thread 23 of 64 on node063 (pshm node 2 of 8, process 23 of 64, pid=32140)
UPCR: UPC thread 20 of 64 on node063 (pshm node 2 of 8, process 20 of 64, pid=32134)
UPCR: UPC thread 21 of 64 on node063 (pshm node 2 of 8, process 21 of 64, pid=32135)
UPCR: UPC thread 17 of 64 on node063 (pshm node 2 of 8, process 17 of 64, pid=32131)
UPCR: UPC thread 22 of 64 on node063 (pshm node 2 of 8, process 22 of 64, pid=32137)
UPCR: UPC thread 19 of 64 on node063 (pshm node 2 of 8, process 19 of 64, pid=32133)
UPCR: UPC thread 18 of 64 on node063 (pshm node 2 of 8, process 18 of 64, pid=32132)
UPCR: UPC thread 31 of 64 on node064 (pshm node 3 of 8, process 31 of 64, pid=5247)
UPCR: UPC thread 27 of 64 on node064 (pshm node 3 of 8, process 27 of 64, pid=5241)
UPCR: UPC thread 26 of 64 on node064 (pshm node 3 of 8, process 26 of 64, pid=5240)
UPCR: UPC thread 29 of 64 on node064 (pshm node 3 of 8, process 29 of 64, pid=5243)
UPCR: UPC thread 25 of 64 on node064 (pshm node 3 of 8, process 25 of 64, pid=5239)
UPCR: UPC thread 30 of 64 on node064 (pshm node 3 of 8, process 30 of 64, pid=5245)
UPCR: UPC thread 24 of 64 on node064 (pshm node 3 of 8, process 24 of 64, pid=5238)
UPCR: UPC thread 28 of 64 on node064 (pshm node 3 of 8, process 28 of 64, pid=5242)
UPCR: UPC thread  8 of 64 on node062 (pshm node 1 of 8, process  8 of 64, pid=25623)
UPCR: UPC thread 15 of 64 on node062 (pshm node 1 of 8, process 15 of 64, pid=25632)
UPCR: UPC thread 14 of 64 on node062 (pshm node 1 of 8, process 14 of 64, pid=25631)
UPCR: UPC thread 12 of 64 on node062 (pshm node 1 of 8, process 12 of 64, pid=25627)
UPCR: UPC thread 11 of 64 on node062 (pshm node 1 of 8, process 11 of 64, pid=25626)
UPCR: UPC thread  9 of 64 on node062 (pshm node 1 of 8, process  9 of 64, pid=25624)
UPCR: UPC thread 10 of 64 on node062 (pshm node 1 of 8, process 10 of 64, pid=25625)
UPCR: UPC thread 13 of 64 on node062 (pshm node 1 of 8, process 13 of 64, pid=25630)
UPCR: UPC thread 42 of 64 on node066 (pshm node 5 of 8, process 42 of 64, pid=30941)
UPCR: UPC thread 45 of 64 on node066 (pshm node 5 of 8, process 45 of 64, pid=30945)
UPCR: UPC thread 46 of 64 on node066 (pshm node 5 of 8, process 46 of 64, pid=30948)
UPCR: UPC thread 43 of 64 on node066 (pshm node 5 of 8, process 43 of 64, pid=30942)
UPCR: UPC thread 44 of 64 on node066 (pshm node 5 of 8, process 44 of 64, pid=30943)
UPCR: UPC thread 41 of 64 on node066 (pshm node 5 of 8, process 41 of 64, pid=30940)
UPCR: UPC thread 47 of 64 on node066 (pshm node 5 of 8, process 47 of 64, pid=30949)
UPCR: UPC thread 40 of 64 on node066 (pshm node 5 of 8, process 40 of 64, pid=30939)
using a cache granularity of 8
using linear probing in the BDD table
using a memoization table of 2^23 = 8388608 entries (~320 MB) per thread
using a BDD table of 2^24 = 16777216 entries (~384 MB) per thread
Initializing /home/oortwijn/distdd/models/beem/production_cell.4.bdd!
vector size: 20
bits per integer: 8
number of BDD variables: 160
Loading initial states: 
Initial states loaded... 
Loading transition relations... 
20 integers per state, 8 bits per integer, 33 transition groups
BDD nodes:
Initial states: 160 BDD nodes
Transition 0: 66 BDD nodes
Transition 1: 83 BDD nodes
Transition 2: 56 BDD nodes
Transition 3: 56 BDD nodes
Transition 4: 56 BDD nodes
Transition 5: 56 BDD nodes
Transition 6: 64 BDD nodes
Transition 7: 64 BDD nodes
Transition 8: 147 BDD nodes
Transition 9: 64 BDD nodes
Transition 10: 64 BDD nodes
Transition 11: 64 BDD nodes
Transition 12: 64 BDD nodes
Transition 13: 85 BDD nodes
Transition 14: 64 BDD nodes
Transition 15: 64 BDD nodes
Transition 16: 85 BDD nodes
Transition 17: 64 BDD nodes
Transition 18: 64 BDD nodes
Transition 19: 193 BDD nodes
Transition 20: 32 BDD nodes
Transition 21: 64 BDD nodes
Transition 22: 85 BDD nodes
Transition 23: 64 BDD nodes
Transition 24: 85 BDD nodes
Transition 25: 178 BDD nodes
Transition 26: 289 BDD nodes
Transition 27: 147 BDD nodes
Transition 28: 50 BDD nodes
Transition 29: 64 BDD nodes
Transition 30: 386 BDD nodes
Transition 31: 319 BDD nodes
Transition 32: 70 BDD nodes
Level 1... done.
Level 2... done.
Level 3... done.
Level 4... done.
Level 5... done.
Level 6... done.
Level 7... done.
Level 8... done.
Level 9... done.
Level 10... done.
Level 11... done.
Level 12... done.
Level 13... done.
Level 14... done.
Level 15... done.
Level 16... done.
Level 17... done.
Level 18... done.
Level 19... done.
Level 20... done.
Level 21... done.
Level 22... done.
Level 23... done.
Level 24... done.
Level 25... done.
Level 26... done.
Level 27... done.
Level 28... done.
Level 29... done.
Level 30... done.
Level 31... done.
Level 32... done.
Level 33... done.
Level 34... done.
Level 35... done.
Level 36... done.
Level 37... done.
Level 38... done.
Level 39... done.
Level 40... done.
Level 41... done.
Level 42... done.
Level 43... done.
Level 44... done.
Level 45... done.
Level 46... done.
Level 47... done.
Level 48... done.
Level 49... done.
Level 50... done.
Level 51... done.
Level 52... done.
Level 53... done.
Level 54... done.
Level 55... done.
Level 56... done.
Level 57... done.
Level 58... done.
Level 59... done.
Level 60... done.
Level 61... done.
Level 62... done.
Level 63... done.
Level 64... done.
Level 65... done.
Level 66... done.
Level 67... done.
Level 68... done.
Level 69... done.
Level 70... done.
Level 71... done.
Level 72... done.
Level 73... done.
Level 74... done.
Level 75... done.
Level 76... done.
Level 77... done.
Level 78... done.
Level 79... done.
Level 80... done.
Level 81... done.
Level 82... done.
Level 83... done.
Level 84... done.
Level 85... done.
Level 86... done.
Level 87... done.
Level 88... done.
Level 89... done.
Level 90... done.
Level 91... done.
Level 92... done.
Level 93... done.
Level 94... done.
Level 95... done.
Level 96... done.
Level 97... done.
Level 98... done.
Level 99... done.
Level 100... done.
Level 101... done.
Level 102... done.
Level 103... done.
Level 104... done.
Level 105... done.
Level 106... done.
Level 107... done.
Level 108... done.
Level 109... done.
Level 110... done.
Level 111... done.
Level 112... done.
Level 113... done.
Level 114... done.
Level 115... done.
Level 116... done.
Level 117... done.
Level 118... done.
Level 119... done.
Level 120... done.
Level 121... done.
Level 122... done.
Level 123... done.
Level 124... done.
Level 125... done.
Level 126... done.
Level 127... done.
Level 128... done.
Level 129... done.
Level 130... done.
Level 131... done.
Level 132... done.
Level 133... done.
Level 134... done.
Level 135... done.
Level 136... done.
Level 137... done.
Level 138... done.
Level 139... done.
Level 140... done.
Level 141... done.
Level 142... done.
Level 143... done.
Level 144... done.
PAR Time: 5.440499
Final states: 340685 states
Final states: 21891 BDD nodes
[1468058865.806666] [node068:32054:0]         sys.c:744  MXM  WARN  Conflicting CPU frequencies detected, using: 1996.97
[1468058864.785377] [node064:5196 :0]         sys.c:744  MXM  WARN  Conflicting CPU frequencies detected, using: 1953.00
[1468058864.428620] [node061:23138:0]         sys.c:744  MXM  WARN  Conflicting CPU frequencies detected, using: 1598.72
[1468058864.794283] [node067:2440 :0]         sys.c:744  MXM  WARN  Conflicting CPU frequencies detected, using: 1997.25
[1468058864.805920] [node066:30897:0]         sys.c:744  MXM  WARN  Conflicting CPU frequencies detected, using: 1797.84
[1468058864.787266] [node062:25581:0]         sys.c:744  MXM  WARN  Conflicting CPU frequencies detected, using: 1478.53
[1468058864.795767] [node065:28417:0]         sys.c:744  MXM  WARN  Conflicting CPU frequencies detected, using: 2100.09
[1468058864.785003] [node063:32088:0]         sys.c:744  MXM  WARN  Conflicting CPU frequencies detected, using: 2140.22
[1468058864.409580] [node061:23094:0]         sys.c:744  MXM  WARN  Conflicting CPU frequencies detected, using: 1598.72
