performing reachability, flags: -n 64 -N 8 -shared-heap 2GB --tablesize=24 --cachesize=23  
This is upcrun, job spawner for the Berkeley UPC compiler (http://upc.lbl.gov).
upcrun version 2.22.2
Network conduits supported by this installation: smp mxm ibv
[1468149336.555545] [node016:6196 :0]         sys.c:744  MXM  WARN  Conflicting CPU frequencies detected, using: 2192.72
[1468149336.563402] [node016:6196 :0]         mxm.c:196  MXM  WARN  The 'ulimit -s' on the system is set to 'unlimited'. This may have negative performance implications. Please set the stack size to the default value (10240) 
[1468149336.555545] [node016:6196 :0]         sys.c:744  MXM  WARN  Conflicting CPU frequencies detected, using: 2192.72
[1468149336.563203] [node016:6196 :0]         mxm.c:196  MXM  WARN  The 'ulimit -s' on the system is set to 'unlimited'. This may have negative performance implications. Please set the stack size to the default value (10240) 
[1468149336.555545] [node016:6196 :0]         sys.c:744  MXM  WARN  Conflicting CPU frequencies detected, using: 2192.72
[1468149336.562948] [node016:6196 :0]         mxm.c:196  MXM  WARN  The 'ulimit -s' on the system is set to 'unlimited'. This may have negative performance implications. Please set the stack size to the default value (10240) 
[1468149336.555545] [node016:6196 :0]         sys.c:744  MXM  WARN  Conflicting CPU frequencies detected, using: 2192.72
[1468149336.562140] [node016:6196 :0]         mxm.c:196  MXM  WARN  The 'ulimit -s' on the system is set to 'unlimited'. This may have negative performance implications. Please set the stack size to the default value (10240) 
[1468149336.555545] [node016:6196 :0]         sys.c:744  MXM  WARN  Conflicting CPU frequencies detected, using: 2192.72
[1468149336.563990] [node016:6196 :0]         mxm.c:196  MXM  WARN  The 'ulimit -s' on the system is set to 'unlimited'. This may have negative performance implications. Please set the stack size to the default value (10240) 
[1468149336.555545] [node016:6196 :0]         sys.c:744  MXM  WARN  Conflicting CPU frequencies detected, using: 2192.72
[1468149336.563820] [node016:6196 :0]         mxm.c:196  MXM  WARN  The 'ulimit -s' on the system is set to 'unlimited'. This may have negative performance implications. Please set the stack size to the default value (10240) 
[1468149336.555545] [node016:6196 :0]         sys.c:744  MXM  WARN  Conflicting CPU frequencies detected, using: 2192.72
[1468149336.563022] [node016:6196 :0]         mxm.c:196  MXM  WARN  The 'ulimit -s' on the system is set to 'unlimited'. This may have negative performance implications. Please set the stack size to the default value (10240) 
[1468149336.555545] [node016:6196 :0]         sys.c:744  MXM  WARN  Conflicting CPU frequencies detected, using: 2192.72
[1468149336.563597] [node016:6196 :0]         mxm.c:196  MXM  WARN  The 'ulimit -s' on the system is set to 'unlimited'. This may have negative performance implications. Please set the stack size to the default value (10240) 
[1468149336.909967] [node020:13707:0]         sys.c:744  MXM  WARN  Conflicting CPU frequencies detected, using: 1435.03
[1468149336.942862] [node020:13707:0]         mxm.c:196  MXM  WARN  The 'ulimit -s' on the system is set to 'unlimited'. This may have negative performance implications. Please set the stack size to the default value (10240) 
[1468149336.909967] [node020:13707:0]         sys.c:744  MXM  WARN  Conflicting CPU frequencies detected, using: 1435.03
[1468149336.909967] [node020:13707:0]         sys.c:744  MXM  WARN  Conflicting CPU frequencies detected, using: 1435.03
[1468149336.909946] [node018:12620:0]         sys.c:744  MXM  WARN  Conflicting CPU frequencies detected, using: 1471.69
[1468149336.944993] [node018:12620:0]         mxm.c:196  MXM  WARN  The 'ulimit -s' on the system is set to 'unlimited'. This may have negative performance implications. Please set the stack size to the default value (10240) 
[1468149336.909967] [node020:13707:0]         sys.c:744  MXM  WARN  Conflicting CPU frequencies detected, using: 1435.03
[1468149336.909946] [node018:12620:0]         sys.c:744  MXM  WARN  Conflicting CPU frequencies detected, using: 1471.69
[1468149336.950170] [node018:12620:0]         mxm.c:196  MXM  WARN  The 'ulimit -s' on the system is set to 'unlimited'. This may have negative performance implications. Please set the stack size to the default value (10240) 
[1468149336.913716] [node017:26002:0]         sys.c:744  MXM  WARN  Conflicting CPU frequencies detected, using: 1496.16
[1468149336.913716] [node017:26002:0]         sys.c:744  MXM  WARN  Conflicting CPU frequencies detected, using: 1496.16
[1468149336.954272] [node017:26002:0]         mxm.c:196  MXM  WARN  The 'ulimit -s' on the system is set to 'unlimited'. This may have negative performance implications. Please set the stack size to the default value (10240) 
[1468149336.913716] [node017:26002:0]         sys.c:744  MXM  WARN  Conflicting CPU frequencies detected, using: 1496.16
[1468149336.954586] [node017:26002:0]         mxm.c:196  MXM  WARN  The 'ulimit -s' on the system is set to 'unlimited'. This may have negative performance implications. Please set the stack size to the default value (10240) 
[1468149336.909946] [node018:12620:0]         sys.c:744  MXM  WARN  Conflicting CPU frequencies detected, using: 1471.69
[1468149336.909071] [node021:1739 :0]         sys.c:744  MXM  WARN  Conflicting CPU frequencies detected, using: 1983.00
[1468149336.916838] [node021:1739 :0]         mxm.c:196  MXM  WARN  The 'ulimit -s' on the system is set to 'unlimited'. This may have negative performance implications. Please set the stack size to the default value (10240) 
[1468149336.909071] [node021:1739 :0]         sys.c:744  MXM  WARN  Conflicting CPU frequencies detected, using: 1983.00
[1468149336.917254] [node021:1739 :0]         mxm.c:196  MXM  WARN  The 'ulimit -s' on the system is set to 'unlimited'. This may have negative performance implications. Please set the stack size to the default value (10240) 
[1468149336.909071] [node021:1739 :0]         sys.c:744  MXM  WARN  Conflicting CPU frequencies detected, using: 1983.00
[1468149336.916535] [node021:1739 :0]         mxm.c:196  MXM  WARN  The 'ulimit -s' on the system is set to 'unlimited'. This may have negative performance implications. Please set the stack size to the default value (10240) 
[1468149336.909071] [node021:1739 :0]         sys.c:744  MXM  WARN  Conflicting CPU frequencies detected, using: 1983.00
[1468149336.917916] [node021:1739 :0]         mxm.c:196  MXM  WARN  The 'ulimit -s' on the system is set to 'unlimited'. This may have negative performance implications. Please set the stack size to the default value (10240) 
[1468149336.913078] [node019:2929 :0]         sys.c:744  MXM  WARN  Conflicting CPU frequencies detected, using: 1829.34
[1468149336.921618] [node019:2929 :0]         mxm.c:196  MXM  WARN  The 'ulimit -s' on the system is set to 'unlimited'. This may have negative performance implications. Please set the stack size to the default value (10240) 
[1468149336.913078] [node019:2929 :0]         sys.c:744  MXM  WARN  Conflicting CPU frequencies detected, using: 1829.34
[1468149336.920686] [node019:2929 :0]         mxm.c:196  MXM  WARN  The 'ulimit -s' on the system is set to 'unlimited'. This may have negative performance implications. Please set the stack size to the default value (10240) 
[1468149336.913078] [node019:2929 :0]         sys.c:744  MXM  WARN  Conflicting CPU frequencies detected, using: 1829.34
[1468149336.921496] [node019:2929 :0]         mxm.c:196  MXM  WARN  The 'ulimit -s' on the system is set to 'unlimited'. This may have negative performance implications. Please set the stack size to the default value (10240) 
[1468149336.913078] [node019:2929 :0]         sys.c:744  MXM  WARN  Conflicting CPU frequencies detected, using: 1829.34
[1468149336.921881] [node019:2929 :0]         mxm.c:196  MXM  WARN  The 'ulimit -s' on the system is set to 'unlimited'. This may have negative performance implications. Please set the stack size to the default value (10240) 
[1468149336.913078] [node019:2929 :0]         sys.c:744  MXM  WARN  Conflicting CPU frequencies detected, using: 1829.34
[1468149336.919098] [node019:2929 :0]         mxm.c:196  MXM  WARN  The 'ulimit -s' on the system is set to 'unlimited'. This may have negative performance implications. Please set the stack size to the default value (10240) 
[1468149336.913078] [node019:2929 :0]         sys.c:744  MXM  WARN  Conflicting CPU frequencies detected, using: 1829.34
[1468149336.922207] [node019:2929 :0]         mxm.c:196  MXM  WARN  The 'ulimit -s' on the system is set to 'unlimited'. This may have negative performance implications. Please set the stack size to the default value (10240) 
[1468149336.913078] [node019:2929 :0]         sys.c:744  MXM  WARN  Conflicting CPU frequencies detected, using: 1829.34
[1468149336.921280] [node019:2929 :0]         mxm.c:196  MXM  WARN  The 'ulimit -s' on the system is set to 'unlimited'. This may have negative performance implications. Please set the stack size to the default value (10240) 
[1468149336.909071] [node021:1739 :0]         sys.c:744  MXM  WARN  Conflicting CPU frequencies detected, using: 1983.00
[1468149336.918023] [node021:1739 :0]         mxm.c:196  MXM  WARN  The 'ulimit -s' on the system is set to 'unlimited'. This may have negative performance implications. Please set the stack size to the default value (10240) 
[1468149336.909071] [node021:1739 :0]         sys.c:744  MXM  WARN  Conflicting CPU frequencies detected, using: 1983.00
[1468149336.918219] [node021:1739 :0]         mxm.c:196  MXM  WARN  The 'ulimit -s' on the system is set to 'unlimited'. This may have negative performance implications. Please set the stack size to the default value (10240) 
[1468149336.909071] [node021:1739 :0]         sys.c:744  MXM  WARN  Conflicting CPU frequencies detected, using: 1983.00
[1468149336.918109] [node021:1739 :0]         mxm.c:196  MXM  WARN  The 'ulimit -s' on the system is set to 'unlimited'. This may have negative performance implications. Please set the stack size to the default value (10240) 
[1468149336.909071] [node021:1739 :0]         sys.c:744  MXM  WARN  Conflicting CPU frequencies detected, using: 1983.00
[1468149336.917171] [node021:1739 :0]         mxm.c:196  MXM  WARN  The 'ulimit -s' on the system is set to 'unlimited'. This may have negative performance implications. Please set the stack size to the default value (10240) 
[1468149336.913078] [node019:2929 :0]         sys.c:744  MXM  WARN  Conflicting CPU frequencies detected, using: 1829.34
[1468149336.922604] [node019:2929 :0]         mxm.c:196  MXM  WARN  The 'ulimit -s' on the system is set to 'unlimited'. This may have negative performance implications. Please set the stack size to the default value (10240) 
[1468149336.913716] [node017:26002:0]         sys.c:744  MXM  WARN  Conflicting CPU frequencies detected, using: 1496.16
[1468149336.940294] [node017:26002:0]         mxm.c:196  MXM  WARN  The 'ulimit -s' on the system is set to 'unlimited'. This may have negative performance implications. Please set the stack size to the default value (10240) 
[1468149336.956054] [node018:12620:0]         mxm.c:196  MXM  WARN  The 'ulimit -s' on the system is set to 'unlimited'. This may have negative performance implications. Please set the stack size to the default value (10240) 
[1468149336.905525] [node023:3198 :0]         sys.c:744  MXM  WARN  Conflicting CPU frequencies detected, using: 1809.28
[1468149336.920098] [node023:3198 :0]         mxm.c:196  MXM  WARN  The 'ulimit -s' on the system is set to 'unlimited'. This may have negative performance implications. Please set the stack size to the default value (10240) 
[1468149336.945164] [node020:13707:0]         mxm.c:196  MXM  WARN  The 'ulimit -s' on the system is set to 'unlimited'. This may have negative performance implications. Please set the stack size to the default value (10240) 
[1468149336.905525] [node023:3198 :0]         sys.c:744  MXM  WARN  Conflicting CPU frequencies detected, using: 1809.28
[1468149336.940110] [node023:3198 :0]         mxm.c:196  MXM  WARN  The 'ulimit -s' on the system is set to 'unlimited'. This may have negative performance implications. Please set the stack size to the default value (10240) 
[1468149336.909946] [node018:12620:0]         sys.c:744  MXM  WARN  Conflicting CPU frequencies detected, using: 1471.69
[1468149336.939856] [node018:12620:0]         mxm.c:196  MXM  WARN  The 'ulimit -s' on the system is set to 'unlimited'. This may have negative performance implications. Please set the stack size to the default value (10240) 
[1468149336.909967] [node020:13707:0]         sys.c:744  MXM  WARN  Conflicting CPU frequencies detected, using: 1435.03
[1468149336.940274] [node020:13707:0]         mxm.c:196  MXM  WARN  The 'ulimit -s' on the system is set to 'unlimited'. This may have negative performance implications. Please set the stack size to the default value (10240) 
[1468149336.916296] [node022:7419 :0]         sys.c:744  MXM  WARN  Conflicting CPU frequencies detected, using: 1787.44
[1468149336.950331] [node022:7419 :0]         mxm.c:196  MXM  WARN  The 'ulimit -s' on the system is set to 'unlimited'. This may have negative performance implications. Please set the stack size to the default value (10240) 
[1468149336.916296] [node022:7419 :0]         sys.c:744  MXM  WARN  Conflicting CPU frequencies detected, using: 1787.44
[1468149336.948630] [node022:7419 :0]         mxm.c:196  MXM  WARN  The 'ulimit -s' on the system is set to 'unlimited'. This may have negative performance implications. Please set the stack size to the default value (10240) 
[1468149336.916296] [node022:7419 :0]         sys.c:744  MXM  WARN  Conflicting CPU frequencies detected, using: 1787.44
[1468149336.955322] [node022:7419 :0]         mxm.c:196  MXM  WARN  The 'ulimit -s' on the system is set to 'unlimited'. This may have negative performance implications. Please set the stack size to the default value (10240) 
[1468149336.916296] [node022:7419 :0]         sys.c:744  MXM  WARN  Conflicting CPU frequencies detected, using: 1787.44
[1468149336.952576] [node022:7419 :0]         mxm.c:196  MXM  WARN  The 'ulimit -s' on the system is set to 'unlimited'. This may have negative performance implications. Please set the stack size to the default value (10240) 
[1468149336.916296] [node022:7419 :0]         sys.c:744  MXM  WARN  Conflicting CPU frequencies detected, using: 1787.44
[1468149336.939063] [node022:7419 :0]         mxm.c:196  MXM  WARN  The 'ulimit -s' on the system is set to 'unlimited'. This may have negative performance implications. Please set the stack size to the default value (10240) 
[1468149336.913716] [node017:26002:0]         sys.c:744  MXM  WARN  Conflicting CPU frequencies detected, using: 1496.16
[1468149336.936538] [node017:26002:0]         mxm.c:196  MXM  WARN  The 'ulimit -s' on the system is set to 'unlimited'. This may have negative performance implications. Please set the stack size to the default value (10240) 
[1468149336.913716] [node017:26002:0]         sys.c:744  MXM  WARN  Conflicting CPU frequencies detected, using: 1496.16
[1468149336.927767] [node017:26002:0]         mxm.c:196  MXM  WARN  The 'ulimit -s' on the system is set to 'unlimited'. This may have negative performance implications. Please set the stack size to the default value (10240) 
[1468149336.909946] [node018:12620:0]         sys.c:744  MXM  WARN  Conflicting CPU frequencies detected, using: 1471.69
[1468149336.932844] [node018:12620:0]         mxm.c:196  MXM  WARN  The 'ulimit -s' on the system is set to 'unlimited'. This may have negative performance implications. Please set the stack size to the default value (10240) 
[1468149336.909946] [node018:12620:0]         sys.c:744  MXM  WARN  Conflicting CPU frequencies detected, using: 1471.69
[1468149336.942283] [node018:12620:0]         mxm.c:196  MXM  WARN  The 'ulimit -s' on the system is set to 'unlimited'. This may have negative performance implications. Please set the stack size to the default value (10240) 
[1468149336.909946] [node018:12620:0]         sys.c:744  MXM  WARN  Conflicting CPU frequencies detected, using: 1471.69
[1468149336.931842] [node018:12620:0]         mxm.c:196  MXM  WARN  The 'ulimit -s' on the system is set to 'unlimited'. This may have negative performance implications. Please set the stack size to the default value (10240) 
[1468149336.909967] [node020:13707:0]         sys.c:744  MXM  WARN  Conflicting CPU frequencies detected, using: 1435.03
[1468149336.929838] [node020:13707:0]         mxm.c:196  MXM  WARN  The 'ulimit -s' on the system is set to 'unlimited'. This may have negative performance implications. Please set the stack size to the default value (10240) 
[1468149336.944401] [node020:13707:0]         mxm.c:196  MXM  WARN  The 'ulimit -s' on the system is set to 'unlimited'. This may have negative performance implications. Please set the stack size to the default value (10240) 
[1468149336.909946] [node018:12620:0]         sys.c:744  MXM  WARN  Conflicting CPU frequencies detected, using: 1471.69
[1468149336.938358] [node018:12620:0]         mxm.c:196  MXM  WARN  The 'ulimit -s' on the system is set to 'unlimited'. This may have negative performance implications. Please set the stack size to the default value (10240) 
[1468149336.953278] [node017:26002:0]         mxm.c:196  MXM  WARN  The 'ulimit -s' on the system is set to 'unlimited'. This may have negative performance implications. Please set the stack size to the default value (10240) 
[1468149336.913716] [node017:26002:0]         sys.c:744  MXM  WARN  Conflicting CPU frequencies detected, using: 1496.16
[1468149336.947818] [node017:26002:0]         mxm.c:196  MXM  WARN  The 'ulimit -s' on the system is set to 'unlimited'. This may have negative performance implications. Please set the stack size to the default value (10240) 
[1468149336.913716] [node017:26002:0]         sys.c:744  MXM  WARN  Conflicting CPU frequencies detected, using: 1496.16
[1468149336.946269] [node017:26002:0]         mxm.c:196  MXM  WARN  The 'ulimit -s' on the system is set to 'unlimited'. This may have negative performance implications. Please set the stack size to the default value (10240) 
[1468149336.909967] [node020:13707:0]         sys.c:744  MXM  WARN  Conflicting CPU frequencies detected, using: 1435.03
[1468149336.943644] [node020:13707:0]         mxm.c:196  MXM  WARN  The 'ulimit -s' on the system is set to 'unlimited'. This may have negative performance implications. Please set the stack size to the default value (10240) 
[1468149336.909967] [node020:13707:0]         sys.c:744  MXM  WARN  Conflicting CPU frequencies detected, using: 1435.03
[1468149336.942107] [node020:13707:0]         mxm.c:196  MXM  WARN  The 'ulimit -s' on the system is set to 'unlimited'. This may have negative performance implications. Please set the stack size to the default value (10240) 
[1468149336.905525] [node023:3198 :0]         sys.c:744  MXM  WARN  Conflicting CPU frequencies detected, using: 1809.28
[1468149336.944292] [node023:3198 :0]         mxm.c:196  MXM  WARN  The 'ulimit -s' on the system is set to 'unlimited'. This may have negative performance implications. Please set the stack size to the default value (10240) 
[1468149336.905525] [node023:3198 :0]         sys.c:744  MXM  WARN  Conflicting CPU frequencies detected, using: 1809.28
[1468149336.941120] [node023:3198 :0]         mxm.c:196  MXM  WARN  The 'ulimit -s' on the system is set to 'unlimited'. This may have negative performance implications. Please set the stack size to the default value (10240) 
[1468149336.905525] [node023:3198 :0]         sys.c:744  MXM  WARN  Conflicting CPU frequencies detected, using: 1809.28
[1468149336.942656] [node023:3198 :0]         mxm.c:196  MXM  WARN  The 'ulimit -s' on the system is set to 'unlimited'. This may have negative performance implications. Please set the stack size to the default value (10240) 
[1468149336.905525] [node023:3198 :0]         sys.c:744  MXM  WARN  Conflicting CPU frequencies detected, using: 1809.28
[1468149336.942126] [node023:3198 :0]         mxm.c:196  MXM  WARN  The 'ulimit -s' on the system is set to 'unlimited'. This may have negative performance implications. Please set the stack size to the default value (10240) 
[1468149336.905525] [node023:3198 :0]         sys.c:744  MXM  WARN  Conflicting CPU frequencies detected, using: 1809.28
[1468149336.938435] [node023:3198 :0]         mxm.c:196  MXM  WARN  The 'ulimit -s' on the system is set to 'unlimited'. This may have negative performance implications. Please set the stack size to the default value (10240) 
[1468149336.947784] [node020:13707:0]         mxm.c:196  MXM  WARN  The 'ulimit -s' on the system is set to 'unlimited'. This may have negative performance implications. Please set the stack size to the default value (10240) 
[1468149336.905525] [node023:3198 :0]         sys.c:744  MXM  WARN  Conflicting CPU frequencies detected, using: 1809.28
[1468149336.931446] [node023:3198 :0]         mxm.c:196  MXM  WARN  The 'ulimit -s' on the system is set to 'unlimited'. This may have negative performance implications. Please set the stack size to the default value (10240) 
[1468149336.916296] [node022:7419 :0]         sys.c:744  MXM  WARN  Conflicting CPU frequencies detected, using: 1787.44
[1468149336.943799] [node022:7419 :0]         mxm.c:196  MXM  WARN  The 'ulimit -s' on the system is set to 'unlimited'. This may have negative performance implications. Please set the stack size to the default value (10240) 
[1468149336.916296] [node022:7419 :0]         sys.c:744  MXM  WARN  Conflicting CPU frequencies detected, using: 1787.44
[1468149336.945300] [node022:7419 :0]         mxm.c:196  MXM  WARN  The 'ulimit -s' on the system is set to 'unlimited'. This may have negative performance implications. Please set the stack size to the default value (10240) 
[1468149336.916296] [node022:7419 :0]         sys.c:744  MXM  WARN  Conflicting CPU frequencies detected, using: 1787.44
[1468149336.951863] [node022:7419 :0]         mxm.c:196  MXM  WARN  The 'ulimit -s' on the system is set to 'unlimited'. This may have negative performance implications. Please set the stack size to the default value (10240) 
UPCR: UPC thread  3 of 64 on node016 (pshm node 0 of 8, process  3 of 64, pid=6207)
UPCR: UPC thread  1 of 64 on node016 (pshm node 0 of 8, process  1 of 64, pid=6205)
UPCR: UPC thread  0 of 64 on node016 (pshm node 0 of 8, process  0 of 64, pid=6204)
UPCR: UPC thread  5 of 64 on node016 (pshm node 0 of 8, process  5 of 64, pid=6209)
UPCR: UPC thread  6 of 64 on node016 (pshm node 0 of 8, process  6 of 64, pid=6210)
UPCR: UPC thread  4 of 64 on node016 (pshm node 0 of 8, process  4 of 64, pid=6208)
UPCR: UPC thread  2 of 64 on node016 (pshm node 0 of 8, process  2 of 64, pid=6206)
UPCR: UPC thread  7 of 64 on node016 (pshm node 0 of 8, process  7 of 64, pid=6212)
UPCR: UPC thread 18 of 64 on node018 (pshm node 2 of 8, process 18 of 64, pid=12664)
UPCR: UPC thread 19 of 64 on node018 (pshm node 2 of 8, process 19 of 64, pid=12665)
UPCR: UPC thread 20 of 64 on node018 (pshm node 2 of 8, process 20 of 64, pid=12666)
UPCR: UPC thread 38 of 64 on node020 (pshm node 4 of 8, process 38 of 64, pid=13756)
UPCR: UPC thread 32 of 64 on node020 (pshm node 4 of 8, process 32 of 64, pid=13749)
UPCR: UPC thread 34 of 64 on node020 (pshm node 4 of 8, process 34 of 64, pid=13751)
UPCR: UPC thread 33 of 64 on node020 (pshm node 4 of 8, process 33 of 64, pid=13750)
UPCR: UPC thread 39 of 64 on node020 (pshm node 4 of 8, process 39 of 64, pid=13759)
UPCR: UPC thread 12 of 64 on node017 (pshm node 1 of 8, process 12 of 64, pid=26048)
UPCR: UPC thread 15 of 64 on node017 (pshm node 1 of 8, process 15 of 64, pid=26054)
UPCR: UPC thread 10 of 64 on node017 (pshm node 1 of 8, process 10 of 64, pid=26046)
UPCR: UPC thread 11 of 64 on node017 (pshm node 1 of 8, process 11 of 64, pid=26047)
UPCR: UPC thread 14 of 64 on node017 (pshm node 1 of 8, process 14 of 64, pid=26051)
UPCR: UPC thread 13 of 64 on node017 (pshm node 1 of 8, process 13 of 64, pid=26050)
UPCR: UPC thread 61 of 64 on node023 (pshm node 7 of 8, process 61 of 64, pid=3246)
UPCR: UPC thread 60 of 64 on node023 (pshm node 7 of 8, process 60 of 64, pid=3244)
UPCR: UPC thread 59 of 64 on node023 (pshm node 7 of 8, process 59 of 64, pid=3243)
UPCR: UPC thread 62 of 64 on node023 (pshm node 7 of 8, process 62 of 64, pid=3247)
UPCR: UPC thread 57 of 64 on node023 (pshm node 7 of 8, process 57 of 64, pid=3241)
UPCR: UPC thread 58 of 64 on node023 (pshm node 7 of 8, process 58 of 64, pid=3242)
UPCR: UPC thread 63 of 64 on node023 (pshm node 7 of 8, process 63 of 64, pid=3250)
UPCR: UPC thread 56 of 64 on node023 (pshm node 7 of 8, process 56 of 64, pid=3240)
UPCR: UPC thread  8 of 64 on node017 (pshm node 1 of 8, process  8 of 64, pid=26044)
UPCR: UPC thread  9 of 64 on node017 (pshm node 1 of 8, process  9 of 64, pid=26045)
UPCR: UPC thread 52 of 64 on node022 (pshm node 6 of 8, process 52 of 64, pid=7465)
UPCR: UPC thread 51 of 64 on node022 (pshm node 6 of 8, process 51 of 64, pid=7464)
UPCR: UPC thread 49 of 64 on node022 (pshm node 6 of 8, process 49 of 64, pid=7462)
UPCR: UPC thread 54 of 64 on node022 (pshm node 6 of 8, process 54 of 64, pid=7469)
UPCR: UPC thread 55 of 64 on node022 (pshm node 6 of 8, process 55 of 64, pid=7471)
UPCR: UPC thread 50 of 64 on node022 (pshm node 6 of 8, process 50 of 64, pid=7463)
UPCR: UPC thread 48 of 64 on node022 (pshm node 6 of 8, process 48 of 64, pid=7461)
UPCR: UPC thread 53 of 64 on node022 (pshm node 6 of 8, process 53 of 64, pid=7467)
UPCR: UPC thread 23 of 64 on node018 (pshm node 2 of 8, process 23 of 64, pid=12671)
UPCR: UPC thread 21 of 64 on node018 (pshm node 2 of 8, process 21 of 64, pid=12667)
UPCR: UPC thread 17 of 64 on node018 (pshm node 2 of 8, process 17 of 64, pid=12663)
UPCR: UPC thread 16 of 64 on node018 (pshm node 2 of 8, process 16 of 64, pid=12662)
UPCR: UPC thread 22 of 64 on node018 (pshm node 2 of 8, process 22 of 64, pid=12669)
UPCR: UPC thread 24 of 64 on node019 (pshm node 3 of 8, process 24 of 64, pid=2972)
UPCR: UPC thread 26 of 64 on node019 (pshm node 3 of 8, process 26 of 64, pid=2974)
UPCR: UPC thread 27 of 64 on node019 (pshm node 3 of 8, process 27 of 64, pid=2975)
UPCR: UPC thread 25 of 64 on node019 (pshm node 3 of 8, process 25 of 64, pid=2973)
UPCR: UPC thread 29 of 64 on node019 (pshm node 3 of 8, process 29 of 64, pid=2985)
UPCR: UPC thread 28 of 64 on node019 (pshm node 3 of 8, process 28 of 64, pid=2976)
UPCR: UPC thread 31 of 64 on node019 (pshm node 3 of 8, process 31 of 64, pid=2990)
UPCR: UPC thread 30 of 64 on node019 (pshm node 3 of 8, process 30 of 64, pid=2986)
UPCR: UPC thread 46 of 64 on node021 (pshm node 5 of 8, process 46 of 64, pid=1788)
UPCR: UPC thread 40 of 64 on node021 (pshm node 5 of 8, process 40 of 64, pid=1781)
UPCR: UPC thread 44 of 64 on node021 (pshm node 5 of 8, process 44 of 64, pid=1785)
UPCR: UPC thread 45 of 64 on node021 (pshm node 5 of 8, process 45 of 64, pid=1786)
UPCR: UPC thread 42 of 64 on node021 (pshm node 5 of 8, process 42 of 64, pid=1783)
UPCR: UPC thread 41 of 64 on node021 (pshm node 5 of 8, process 41 of 64, pid=1782)
UPCR: UPC thread 43 of 64 on node021 (pshm node 5 of 8, process 43 of 64, pid=1784)
UPCR: UPC thread 47 of 64 on node021 (pshm node 5 of 8, process 47 of 64, pid=1789)
UPCR: UPC thread 36 of 64 on node020 (pshm node 4 of 8, process 36 of 64, pid=13753)
UPCR: UPC thread 37 of 64 on node020 (pshm node 4 of 8, process 37 of 64, pid=13755)
UPCR: UPC thread 35 of 64 on node020 (pshm node 4 of 8, process 35 of 64, pid=13752)
using a cache granularity of 8
using linear probing in the BDD table
using a memoization table of 2^23 = 8388608 entries (~320 MB) per thread
using a BDD table of 2^24 = 16777216 entries (~384 MB) per thread
Initializing /home/oortwijn/distdd/models/beem/protocols.3.bdd!
vector size: 16
bits per integer: 3
number of BDD variables: 48
Loading initial states: 
Initial states loaded... 
Loading transition relations... 
16 integers per state, 3 bits per integer, 14 transition groups
BDD nodes:
Initial states: 48 BDD nodes
Transition 0: 51 BDD nodes
Transition 1: 24 BDD nodes
Transition 2: 40 BDD nodes
Transition 3: 133 BDD nodes
Transition 4: 89 BDD nodes
Transition 5: 28 BDD nodes
Transition 6: 97 BDD nodes
Transition 7: 0 BDD nodes
Transition 8: 0 BDD nodes
Transition 9: 38 BDD nodes
Transition 10: 65 BDD nodes
Transition 11: 43 BDD nodes
Transition 12: 34 BDD nodes
Transition 13: 21 BDD nodes
Level 1... done.
Level 2... done.
Level 3... done.
Level 4... done.
Level 5... done.
Level 6... done.
Level 7... done.
Level 8... done.
Level 9... done.
Level 10... done.
Level 11... done.
Level 12... done.
Level 13... done.
Level 14... done.
Level 15... done.
Level 16... done.
Level 17... done.
Level 18... done.
Level 19... done.
Level 20... done.
Level 21... done.
Level 22... done.
Level 23... done.
Level 24... done.
Level 25... done.
Level 26... done.
Level 27... done.
Level 28... done.
Level 29... done.
Level 30... done.
Level 31... done.
Level 32... done.
Level 33... done.
Level 34... done.
PAR Time: 0.115266
Final states: 2817 states
Final states: 565 BDD nodes
[1468149336.913716] [node017:26002:0]         sys.c:744  MXM  WARN  Conflicting CPU frequencies detected, using: 1496.16
[1468149336.909967] [node020:13707:0]         sys.c:744  MXM  WARN  Conflicting CPU frequencies detected, using: 1435.03
[1468149336.913078] [node019:2929 :0]         sys.c:744  MXM  WARN  Conflicting CPU frequencies detected, using: 1829.34
[1468149336.909946] [node018:12620:0]         sys.c:744  MXM  WARN  Conflicting CPU frequencies detected, using: 1471.69
[1468149336.905525] [node023:3198 :0]         sys.c:744  MXM  WARN  Conflicting CPU frequencies detected, using: 1809.28
[1468149336.909071] [node021:1739 :0]         sys.c:744  MXM  WARN  Conflicting CPU frequencies detected, using: 1983.00
[1468149336.555545] [node016:6196 :0]         sys.c:744  MXM  WARN  Conflicting CPU frequencies detected, using: 2192.72
[1468149336.916296] [node022:7419 :0]         sys.c:744  MXM  WARN  Conflicting CPU frequencies detected, using: 1787.44
[1468149336.537212] [node016:6152 :0]         sys.c:744  MXM  WARN  Conflicting CPU frequencies detected, using: 2099.06
