performing reachability, flags: -n 16 -N 8 -shared-heap 8GB --tablesize=26 --cachesize=25  
This is upcrun, job spawner for the Berkeley UPC compiler (http://upc.lbl.gov).
upcrun version 2.22.2
Network conduits supported by this installation: smp mxm ibv
[1468059337.162924] [node053:16358:0]         sys.c:744  MXM  WARN  Conflicting CPU frequencies detected, using: 1693.41
[1468059337.168627] [node053:16358:0]         mxm.c:196  MXM  WARN  The 'ulimit -s' on the system is set to 'unlimited'. This may have negative performance implications. Please set the stack size to the default value (10240) 
[1468059337.162924] [node053:16358:0]         sys.c:744  MXM  WARN  Conflicting CPU frequencies detected, using: 1693.41
[1468059337.168290] [node053:16358:0]         mxm.c:196  MXM  WARN  The 'ulimit -s' on the system is set to 'unlimited'. This may have negative performance implications. Please set the stack size to the default value (10240) 
[1468059337.499759] [node060:23024:0]         sys.c:744  MXM  WARN  Conflicting CPU frequencies detected, using: 2092.88
[1468059337.506229] [node060:23024:0]         mxm.c:196  MXM  WARN  The 'ulimit -s' on the system is set to 'unlimited'. This may have negative performance implications. Please set the stack size to the default value (10240) 
[1468059337.499759] [node060:23024:0]         sys.c:744  MXM  WARN  Conflicting CPU frequencies detected, using: 2092.88
[1468059337.505757] [node060:23024:0]         mxm.c:196  MXM  WARN  The 'ulimit -s' on the system is set to 'unlimited'. This may have negative performance implications. Please set the stack size to the default value (10240) 
[1468059337.501850] [node057:19340:0]         sys.c:744  MXM  WARN  Conflicting CPU frequencies detected, using: 1637.34
[1468059337.508323] [node057:19340:0]         mxm.c:196  MXM  WARN  The 'ulimit -s' on the system is set to 'unlimited'. This may have negative performance implications. Please set the stack size to the default value (10240) 
[1468059337.501850] [node057:19340:0]         sys.c:744  MXM  WARN  Conflicting CPU frequencies detected, using: 1637.34
[1468059337.507901] [node057:19340:0]         mxm.c:196  MXM  WARN  The 'ulimit -s' on the system is set to 'unlimited'. This may have negative performance implications. Please set the stack size to the default value (10240) 
[1468059337.520561] [node058:17761:0]         sys.c:744  MXM  WARN  Conflicting CPU frequencies detected, using: 1399.78
[1468059337.527021] [node058:17761:0]         mxm.c:196  MXM  WARN  The 'ulimit -s' on the system is set to 'unlimited'. This may have negative performance implications. Please set the stack size to the default value (10240) 
[1468059337.520561] [node058:17761:0]         sys.c:744  MXM  WARN  Conflicting CPU frequencies detected, using: 1399.78
[1468059337.526564] [node058:17761:0]         mxm.c:196  MXM  WARN  The 'ulimit -s' on the system is set to 'unlimited'. This may have negative performance implications. Please set the stack size to the default value (10240) 
[1468059337.525510] [node059:20845:0]         sys.c:744  MXM  WARN  Conflicting CPU frequencies detected, using: 1899.00
[1468059337.532243] [node059:20845:0]         mxm.c:196  MXM  WARN  The 'ulimit -s' on the system is set to 'unlimited'. This may have negative performance implications. Please set the stack size to the default value (10240) 
[1468059337.525510] [node059:20845:0]         sys.c:744  MXM  WARN  Conflicting CPU frequencies detected, using: 1899.00
[1468059337.531590] [node059:20845:0]         mxm.c:196  MXM  WARN  The 'ulimit -s' on the system is set to 'unlimited'. This may have negative performance implications. Please set the stack size to the default value (10240) 
[1468059337.520011] [node054:31932:0]         sys.c:744  MXM  WARN  Conflicting CPU frequencies detected, using: 1588.88
[1468059337.531962] [node054:31932:0]         mxm.c:196  MXM  WARN  The 'ulimit -s' on the system is set to 'unlimited'. This may have negative performance implications. Please set the stack size to the default value (10240) 
[1468059337.528396] [node055:25103:0]         sys.c:744  MXM  WARN  Conflicting CPU frequencies detected, using: 1399.12
[1468059337.539764] [node055:25103:0]         mxm.c:196  MXM  WARN  The 'ulimit -s' on the system is set to 'unlimited'. This may have negative performance implications. Please set the stack size to the default value (10240) 
[1468059337.528396] [node055:25103:0]         sys.c:744  MXM  WARN  Conflicting CPU frequencies detected, using: 1399.12
[1468059337.540753] [node055:25103:0]         mxm.c:196  MXM  WARN  The 'ulimit -s' on the system is set to 'unlimited'. This may have negative performance implications. Please set the stack size to the default value (10240) 
[1468059337.524851] [node056:22347:0]         sys.c:744  MXM  WARN  Conflicting CPU frequencies detected, using: 1871.25
[1468059337.536776] [node056:22347:0]         mxm.c:196  MXM  WARN  The 'ulimit -s' on the system is set to 'unlimited'. This may have negative performance implications. Please set the stack size to the default value (10240) 
[1468059337.520011] [node054:31932:0]         sys.c:744  MXM  WARN  Conflicting CPU frequencies detected, using: 1588.88
[1468059337.531145] [node054:31932:0]         mxm.c:196  MXM  WARN  The 'ulimit -s' on the system is set to 'unlimited'. This may have negative performance implications. Please set the stack size to the default value (10240) 
[1468059337.524851] [node056:22347:0]         sys.c:744  MXM  WARN  Conflicting CPU frequencies detected, using: 1871.25
[1468059337.536012] [node056:22347:0]         mxm.c:196  MXM  WARN  The 'ulimit -s' on the system is set to 'unlimited'. This may have negative performance implications. Please set the stack size to the default value (10240) 
UPCR: UPC thread  1 of 16 on node053 (pshm node 0 of 8, process  1 of 16, pid=16367)
UPCR: UPC thread  0 of 16 on node053 (pshm node 0 of 8, process  0 of 16, pid=16366)
UPCR: UPC thread 13 of 16 on node059 (pshm node 6 of 8, process 13 of 16, pid=20888)
UPCR: UPC thread 12 of 16 on node059 (pshm node 6 of 8, process 12 of 16, pid=20887)
UPCR: UPC thread  3 of 16 on node054 (pshm node 1 of 8, process  3 of 16, pid=31975)
UPCR: UPC thread  2 of 16 on node054 (pshm node 1 of 8, process  2 of 16, pid=31974)
UPCR: UPC thread  7 of 16 on node056 (pshm node 3 of 8, process  7 of 16, pid=22390)
UPCR: UPC thread  6 of 16 on node056 (pshm node 3 of 8, process  6 of 16, pid=22389)
UPCR: UPC thread  9 of 16 on node057 (pshm node 4 of 8, process  9 of 16, pid=19383)
UPCR: UPC thread  8 of 16 on node057 (pshm node 4 of 8, process  8 of 16, pid=19382)
UPCR: UPC thread 15 of 16 on node060 (pshm node 7 of 8, process 15 of 16, pid=23067)
UPCR: UPC thread 14 of 16 on node060 (pshm node 7 of 8, process 14 of 16, pid=23066)
UPCR: UPC thread  5 of 16 on node055 (pshm node 2 of 8, process  5 of 16, pid=25146)
UPCR: UPC thread  4 of 16 on node055 (pshm node 2 of 8, process  4 of 16, pid=25145)
UPCR: UPC thread 11 of 16 on node058 (pshm node 5 of 8, process 11 of 16, pid=17804)
UPCR: UPC thread 10 of 16 on node058 (pshm node 5 of 8, process 10 of 16, pid=17803)
using a cache granularity of 8
using linear probing in the BDD table
using a memoization table of 2^25 = 33554432 entries (~1280 MB) per thread
using a BDD table of 2^26 = 67108864 entries (~1536 MB) per thread
Initializing /home/oortwijn/distdd/models/beem/protocols.3.bdd!
vector size: 16
bits per integer: 3
number of BDD variables: 48
Loading initial states: 
Initial states loaded... 
Loading transition relations... 
16 integers per state, 3 bits per integer, 14 transition groups
BDD nodes:
Initial states: 48 BDD nodes
Transition 0: 51 BDD nodes
Transition 1: 24 BDD nodes
Transition 2: 40 BDD nodes
Transition 3: 133 BDD nodes
Transition 4: 89 BDD nodes
Transition 5: 28 BDD nodes
Transition 6: 97 BDD nodes
Transition 7: 0 BDD nodes
Transition 8: 0 BDD nodes
Transition 9: 38 BDD nodes
Transition 10: 65 BDD nodes
Transition 11: 43 BDD nodes
Transition 12: 34 BDD nodes
Transition 13: 21 BDD nodes
Level 1... done.
Level 2... done.
Level 3... done.
Level 4... done.
Level 5... done.
Level 6... done.
Level 7... done.
Level 8... done.
Level 9... done.
Level 10... done.
Level 11... done.
Level 12... done.
Level 13... done.
Level 14... done.
Level 15... done.
Level 16... done.
Level 17... done.
Level 18... done.
Level 19... done.
Level 20... done.
Level 21... done.
Level 22... done.
Level 23... done.
Level 24... done.
Level 25... done.
Level 26... done.
Level 27... done.
Level 28... done.
Level 29... done.
Level 30... done.
Level 31... done.
Level 32... done.
Level 33... done.
Level 34... done.
PAR Time: 0.111420
Final states: 2817 states
Final states: 565 BDD nodes
[1468059337.520011] [node054:31932:0]         sys.c:744  MXM  WARN  Conflicting CPU frequencies detected, using: 1588.88
[1468059337.524851] [node056:22347:0]         sys.c:744  MXM  WARN  Conflicting CPU frequencies detected, using: 1871.25
[1468059337.501850] [node057:19340:0]         sys.c:744  MXM  WARN  Conflicting CPU frequencies detected, using: 1637.34
[1468059337.528396] [node055:25103:0]         sys.c:744  MXM  WARN  Conflicting CPU frequencies detected, using: 1399.12
[1468059337.525510] [node059:20845:0]         sys.c:744  MXM  WARN  Conflicting CPU frequencies detected, using: 1899.00
[1468059337.520561] [node058:17761:0]         sys.c:744  MXM  WARN  Conflicting CPU frequencies detected, using: 1399.78
[1468059337.499759] [node060:23024:0]         sys.c:744  MXM  WARN  Conflicting CPU frequencies detected, using: 2092.88
[1468059337.162924] [node053:16358:0]         sys.c:744  MXM  WARN  Conflicting CPU frequencies detected, using: 1693.41
[1468059337.143625] [node053:16314:0]         sys.c:744  MXM  WARN  Conflicting CPU frequencies detected, using: 1598.44
