performing reachability, flags: -n 8 -N 8 -shared-heap 16GB --tablesize=27 --cachesize=26  
This is upcrun, job spawner for the Berkeley UPC compiler (http://upc.lbl.gov).
upcrun version 2.22.2
Network conduits supported by this installation: smp mxm ibv
[1468059337.161741] [node010:5098 :0]         sys.c:744  MXM  WARN  Conflicting CPU frequencies detected, using: 1897.88
[1468059337.166683] [node010:5098 :0]         mxm.c:196  MXM  WARN  The 'ulimit -s' on the system is set to 'unlimited'. This may have negative performance implications. Please set the stack size to the default value (10240) 
[1468059337.511950] [node016:28698:0]         sys.c:744  MXM  WARN  Conflicting CPU frequencies detected, using: 1556.44
[1468059337.517905] [node016:28698:0]         mxm.c:196  MXM  WARN  The 'ulimit -s' on the system is set to 'unlimited'. This may have negative performance implications. Please set the stack size to the default value (10240) 
[1468059337.513771] [node014:9295 :0]         sys.c:744  MXM  WARN  Conflicting CPU frequencies detected, using: 2298.94
[1468059337.519766] [node014:9295 :0]         mxm.c:196  MXM  WARN  The 'ulimit -s' on the system is set to 'unlimited'. This may have negative performance implications. Please set the stack size to the default value (10240) 
[1468059337.501888] [node012:5612 :0]         sys.c:744  MXM  WARN  Conflicting CPU frequencies detected, using: 1547.25
[1468059337.510693] [node012:5612 :0]         mxm.c:196  MXM  WARN  The 'ulimit -s' on the system is set to 'unlimited'. This may have negative performance implications. Please set the stack size to the default value (10240) 
[1468059337.525370] [node011:17088:0]         sys.c:744  MXM  WARN  Conflicting CPU frequencies detected, using: 1699.41
[1468059337.534202] [node011:17088:0]         mxm.c:196  MXM  WARN  The 'ulimit -s' on the system is set to 'unlimited'. This may have negative performance implications. Please set the stack size to the default value (10240) 
[1468059337.511460] [node015:712  :0]         sys.c:744  MXM  WARN  Conflicting CPU frequencies detected, using: 1995.75
[1468059337.520470] [node015:712  :0]         mxm.c:196  MXM  WARN  The 'ulimit -s' on the system is set to 'unlimited'. This may have negative performance implications. Please set the stack size to the default value (10240) 
[1468059337.493093] [node017:21623:0]         sys.c:744  MXM  WARN  Conflicting CPU frequencies detected, using: 2400.00
[1468059337.501887] [node017:21623:0]         mxm.c:196  MXM  WARN  The 'ulimit -s' on the system is set to 'unlimited'. This may have negative performance implications. Please set the stack size to the default value (10240) 
[1468059337.510844] [node013:23277:0]         sys.c:744  MXM  WARN  Conflicting CPU frequencies detected, using: 1899.84
[1468059337.519901] [node013:23277:0]         mxm.c:196  MXM  WARN  The 'ulimit -s' on the system is set to 'unlimited'. This may have negative performance implications. Please set the stack size to the default value (10240) 
UPCR: UPC thread 0 of 8 on node010 (pshm node 0 of 8, process 0 of 8, pid=5106)
UPCR: UPC thread 7 of 8 on node017 (pshm node 7 of 8, process 7 of 8, pid=21665)
UPCR: UPC thread 6 of 8 on node016 (pshm node 6 of 8, process 6 of 8, pid=28741)
UPCR: UPC thread 5 of 8 on node015 (pshm node 5 of 8, process 5 of 8, pid=758)
UPCR: UPC thread 4 of 8 on node014 (pshm node 4 of 8, process 4 of 8, pid=9337)
UPCR: UPC thread 1 of 8 on node011 (pshm node 1 of 8, process 1 of 8, pid=17130)
UPCR: UPC thread 3 of 8 on node013 (pshm node 3 of 8, process 3 of 8, pid=23319)
UPCR: UPC thread 2 of 8 on node012 (pshm node 2 of 8, process 2 of 8, pid=5654)
using a cache granularity of 8
using linear probing in the BDD table
using a memoization table of 2^26 = 67108864 entries (~2560 MB) per thread
using a BDD table of 2^27 = 134217728 entries (~3072 MB) per thread
Initializing /home/oortwijn/distdd/models/beem/protocols.3.bdd!
vector size: 16
bits per integer: 3
number of BDD variables: 48
Loading initial states: 
Initial states loaded... 
Loading transition relations... 
16 integers per state, 3 bits per integer, 14 transition groups
BDD nodes:
Initial states: 48 BDD nodes
Transition 0: 51 BDD nodes
Transition 1: 24 BDD nodes
Transition 2: 40 BDD nodes
Transition 3: 133 BDD nodes
Transition 4: 89 BDD nodes
Transition 5: 28 BDD nodes
Transition 6: 97 BDD nodes
Transition 7: 0 BDD nodes
Transition 8: 0 BDD nodes
Transition 9: 38 BDD nodes
Transition 10: 65 BDD nodes
Transition 11: 43 BDD nodes
Transition 12: 34 BDD nodes
Transition 13: 21 BDD nodes
Level 1... done.
Level 2... done.
Level 3... done.
Level 4... done.
Level 5... done.
Level 6... done.
Level 7... done.
Level 8... done.
Level 9... done.
Level 10... done.
Level 11... done.
Level 12... done.
Level 13... done.
Level 14... done.
Level 15... done.
Level 16... done.
Level 17... done.
Level 18... done.
Level 19... done.
Level 20... done.
Level 21... done.
Level 22... done.
Level 23... done.
Level 24... done.
Level 25... done.
Level 26... done.
Level 27... done.
Level 28... done.
Level 29... done.
Level 30... done.
Level 31... done.
Level 32... done.
Level 33... done.
Level 34... done.
PAR Time: 0.132338
Final states: 2817 states
Final states: 565 BDD nodes
[1468059337.501888] [node012:5612 :0]         sys.c:744  MXM  WARN  Conflicting CPU frequencies detected, using: 1547.25
[1468059337.511460] [node015:712  :0]         sys.c:744  MXM  WARN  Conflicting CPU frequencies detected, using: 1995.75
[1468059337.493093] [node017:21623:0]         sys.c:744  MXM  WARN  Conflicting CPU frequencies detected, using: 2400.00
[1468059337.161741] [node010:5098 :0]         sys.c:744  MXM  WARN  Conflicting CPU frequencies detected, using: 1897.88
[1468059337.510844] [node013:23277:0]         sys.c:744  MXM  WARN  Conflicting CPU frequencies detected, using: 1899.84
[1468059337.513771] [node014:9295 :0]         sys.c:744  MXM  WARN  Conflicting CPU frequencies detected, using: 2298.94
[1468059337.525370] [node011:17088:0]         sys.c:744  MXM  WARN  Conflicting CPU frequencies detected, using: 1699.41
[1468059337.511950] [node016:28698:0]         sys.c:744  MXM  WARN  Conflicting CPU frequencies detected, using: 1556.44
[1468059337.144874] [node010:5054 :0]         sys.c:744  MXM  WARN  Conflicting CPU frequencies detected, using: 1796.16
