performing reachability, flags: -n 128 -N 16 -shared-heap 2GB --tablesize=24 --cachesize=23  
This is upcrun, job spawner for the Berkeley UPC compiler (http://upc.lbl.gov).
upcrun version 2.22.2
Network conduits supported by this installation: smp mxm ibv
[1468266325.138135] [node030:1342 :0]         sys.c:744  MXM  WARN  Conflicting CPU frequencies detected, using: 1690.88
[1468266325.181571] [node030:1342 :0]         mxm.c:196  MXM  WARN  The 'ulimit -s' on the system is set to 'unlimited'. This may have negative performance implications. Please set the stack size to the default value (10240) 
[1468266325.138135] [node030:1342 :0]         sys.c:744  MXM  WARN  Conflicting CPU frequencies detected, using: 1690.88
[1468266325.482160] [node033:16103:0]         sys.c:744  MXM  WARN  Conflicting CPU frequencies detected, using: 1597.41
[1468266325.498740] [node044:15906:0]         sys.c:744  MXM  WARN  Conflicting CPU frequencies detected, using: 1393.41
[1468266325.531314] [node044:15906:0]         mxm.c:196  MXM  WARN  The 'ulimit -s' on the system is set to 'unlimited'. This may have negative performance implications. Please set the stack size to the default value (10240) 
[1468266325.498740] [node044:15906:0]         sys.c:744  MXM  WARN  Conflicting CPU frequencies detected, using: 1393.41
[1468266325.498740] [node044:15906:0]         sys.c:744  MXM  WARN  Conflicting CPU frequencies detected, using: 1393.41
[1468266325.533694] [node044:15906:0]         mxm.c:196  MXM  WARN  The 'ulimit -s' on the system is set to 'unlimited'. This may have negative performance implications. Please set the stack size to the default value (10240) 
[1468266325.498740] [node044:15906:0]         sys.c:744  MXM  WARN  Conflicting CPU frequencies detected, using: 1393.41
[1468266325.534508] [node044:15906:0]         mxm.c:196  MXM  WARN  The 'ulimit -s' on the system is set to 'unlimited'. This may have negative performance implications. Please set the stack size to the default value (10240) 
[1468266325.495842] [node032:31006:0]         sys.c:744  MXM  WARN  Conflicting CPU frequencies detected, using: 1497.28
[1468266325.537249] [node032:31006:0]         mxm.c:196  MXM  WARN  The 'ulimit -s' on the system is set to 'unlimited'. This may have negative performance implications. Please set the stack size to the default value (10240) 
[1468266325.495842] [node032:31006:0]         sys.c:744  MXM  WARN  Conflicting CPU frequencies detected, using: 1497.28
[1468266325.538117] [node032:31006:0]         mxm.c:196  MXM  WARN  The 'ulimit -s' on the system is set to 'unlimited'. This may have negative performance implications. Please set the stack size to the default value (10240) 
[1468266325.498740] [node044:15906:0]         sys.c:744  MXM  WARN  Conflicting CPU frequencies detected, using: 1393.41
[1468266325.501013] [node043:17699:0]         sys.c:744  MXM  WARN  Conflicting CPU frequencies detected, using: 1600.12
[1468266325.538446] [node043:17699:0]         mxm.c:196  MXM  WARN  The 'ulimit -s' on the system is set to 'unlimited'. This may have negative performance implications. Please set the stack size to the default value (10240) 
[1468266325.506284] [node045:25709:0]         sys.c:744  MXM  WARN  Conflicting CPU frequencies detected, using: 1489.03
[1468266325.540842] [node045:25709:0]         mxm.c:196  MXM  WARN  The 'ulimit -s' on the system is set to 'unlimited'. This may have negative performance implications. Please set the stack size to the default value (10240) 
[1468266325.506284] [node045:25709:0]         sys.c:744  MXM  WARN  Conflicting CPU frequencies detected, using: 1489.03
[1468266325.506284] [node045:25709:0]         sys.c:744  MXM  WARN  Conflicting CPU frequencies detected, using: 1489.03
[1468266325.542380] [node045:25709:0]         mxm.c:196  MXM  WARN  The 'ulimit -s' on the system is set to 'unlimited'. This may have negative performance implications. Please set the stack size to the default value (10240) 
[1468266325.501013] [node043:17699:0]         sys.c:744  MXM  WARN  Conflicting CPU frequencies detected, using: 1600.12
[1468266325.541546] [node043:17699:0]         mxm.c:196  MXM  WARN  The 'ulimit -s' on the system is set to 'unlimited'. This may have negative performance implications. Please set the stack size to the default value (10240) 
[1468266325.501013] [node043:17699:0]         sys.c:744  MXM  WARN  Conflicting CPU frequencies detected, using: 1600.12
[1468266325.500375] [node040:29344:0]         sys.c:744  MXM  WARN  Conflicting CPU frequencies detected, using: 1797.28
[1468266325.542880] [node040:29344:0]         mxm.c:196  MXM  WARN  The 'ulimit -s' on the system is set to 'unlimited'. This may have negative performance implications. Please set the stack size to the default value (10240) 
[1468266325.504278] [node034:28923:0]         sys.c:744  MXM  WARN  Conflicting CPU frequencies detected, using: 1697.53
[1468266325.544413] [node034:28923:0]         mxm.c:196  MXM  WARN  The 'ulimit -s' on the system is set to 'unlimited'. This may have negative performance implications. Please set the stack size to the default value (10240) 
[1468266325.504278] [node034:28923:0]         sys.c:744  MXM  WARN  Conflicting CPU frequencies detected, using: 1697.53
[1468266325.503719] [node042:24713:0]         sys.c:744  MXM  WARN  Conflicting CPU frequencies detected, using: 1795.69
[1468266325.549890] [node042:24713:0]         mxm.c:196  MXM  WARN  The 'ulimit -s' on the system is set to 'unlimited'. This may have negative performance implications. Please set the stack size to the default value (10240) 
[1468266325.516274] [node038:1729 :0]         sys.c:744  MXM  WARN  Conflicting CPU frequencies detected, using: 1799.62
[1468266325.558288] [node038:1729 :0]         mxm.c:196  MXM  WARN  The 'ulimit -s' on the system is set to 'unlimited'. This may have negative performance implications. Please set the stack size to the default value (10240) 
[1468266325.138135] [node030:1342 :0]         sys.c:744  MXM  WARN  Conflicting CPU frequencies detected, using: 1690.88
[1468266325.166392] [node030:1342 :0]         mxm.c:196  MXM  WARN  The 'ulimit -s' on the system is set to 'unlimited'. This may have negative performance implications. Please set the stack size to the default value (10240) 
[1468266325.183096] [node030:1342 :0]         mxm.c:196  MXM  WARN  The 'ulimit -s' on the system is set to 'unlimited'. This may have negative performance implications. Please set the stack size to the default value (10240) 
[1468266325.138135] [node030:1342 :0]         sys.c:744  MXM  WARN  Conflicting CPU frequencies detected, using: 1690.88
[1468266325.154260] [node030:1342 :0]         mxm.c:196  MXM  WARN  The 'ulimit -s' on the system is set to 'unlimited'. This may have negative performance implications. Please set the stack size to the default value (10240) 
[1468266325.138135] [node030:1342 :0]         sys.c:744  MXM  WARN  Conflicting CPU frequencies detected, using: 1690.88
[1468266325.174958] [node030:1342 :0]         mxm.c:196  MXM  WARN  The 'ulimit -s' on the system is set to 'unlimited'. This may have negative performance implications. Please set the stack size to the default value (10240) 
[1468266325.138135] [node030:1342 :0]         sys.c:744  MXM  WARN  Conflicting CPU frequencies detected, using: 1690.88
[1468266325.167860] [node030:1342 :0]         mxm.c:196  MXM  WARN  The 'ulimit -s' on the system is set to 'unlimited'. This may have negative performance implications. Please set the stack size to the default value (10240) 
[1468266325.138135] [node030:1342 :0]         sys.c:744  MXM  WARN  Conflicting CPU frequencies detected, using: 1690.88
[1468266325.161458] [node030:1342 :0]         mxm.c:196  MXM  WARN  The 'ulimit -s' on the system is set to 'unlimited'. This may have negative performance implications. Please set the stack size to the default value (10240) 
[1468266325.138135] [node030:1342 :0]         sys.c:744  MXM  WARN  Conflicting CPU frequencies detected, using: 1690.88
[1468266325.167140] [node030:1342 :0]         mxm.c:196  MXM  WARN  The 'ulimit -s' on the system is set to 'unlimited'. This may have negative performance implications. Please set the stack size to the default value (10240) 
[1468266325.493909] [node037:1637 :0]         sys.c:744  MXM  WARN  Conflicting CPU frequencies detected, using: 1894.97
[1468266325.502023] [node037:1637 :0]         mxm.c:196  MXM  WARN  The 'ulimit -s' on the system is set to 'unlimited'. This may have negative performance implications. Please set the stack size to the default value (10240) 
[1468266325.493909] [node037:1637 :0]         sys.c:744  MXM  WARN  Conflicting CPU frequencies detected, using: 1894.97
[1468266325.501203] [node037:1637 :0]         mxm.c:196  MXM  WARN  The 'ulimit -s' on the system is set to 'unlimited'. This may have negative performance implications. Please set the stack size to the default value (10240) 
[1468266325.493909] [node037:1637 :0]         sys.c:744  MXM  WARN  Conflicting CPU frequencies detected, using: 1894.97
[1468266325.501044] [node037:1637 :0]         mxm.c:196  MXM  WARN  The 'ulimit -s' on the system is set to 'unlimited'. This may have negative performance implications. Please set the stack size to the default value (10240) 
[1468266325.493909] [node037:1637 :0]         sys.c:744  MXM  WARN  Conflicting CPU frequencies detected, using: 1894.97
[1468266325.502927] [node037:1637 :0]         mxm.c:196  MXM  WARN  The 'ulimit -s' on the system is set to 'unlimited'. This may have negative performance implications. Please set the stack size to the default value (10240) 
[1468266325.499934] [node035:17543:0]         sys.c:744  MXM  WARN  Conflicting CPU frequencies detected, using: 1396.59
[1468266325.508720] [node035:17543:0]         mxm.c:196  MXM  WARN  The 'ulimit -s' on the system is set to 'unlimited'. This may have negative performance implications. Please set the stack size to the default value (10240) 
[1468266325.499934] [node035:17543:0]         sys.c:744  MXM  WARN  Conflicting CPU frequencies detected, using: 1396.59
[1468266325.507228] [node035:17543:0]         mxm.c:196  MXM  WARN  The 'ulimit -s' on the system is set to 'unlimited'. This may have negative performance implications. Please set the stack size to the default value (10240) 
[1468266325.499934] [node035:17543:0]         sys.c:744  MXM  WARN  Conflicting CPU frequencies detected, using: 1396.59
[1468266325.508811] [node035:17543:0]         mxm.c:196  MXM  WARN  The 'ulimit -s' on the system is set to 'unlimited'. This may have negative performance implications. Please set the stack size to the default value (10240) 
[1468266325.499934] [node035:17543:0]         sys.c:744  MXM  WARN  Conflicting CPU frequencies detected, using: 1396.59
[1468266325.507503] [node035:17543:0]         mxm.c:196  MXM  WARN  The 'ulimit -s' on the system is set to 'unlimited'. This may have negative performance implications. Please set the stack size to the default value (10240) 
[1468266325.499934] [node035:17543:0]         sys.c:744  MXM  WARN  Conflicting CPU frequencies detected, using: 1396.59
[1468266325.507702] [node035:17543:0]         mxm.c:196  MXM  WARN  The 'ulimit -s' on the system is set to 'unlimited'. This may have negative performance implications. Please set the stack size to the default value (10240) 
[1468266325.499934] [node035:17543:0]         sys.c:744  MXM  WARN  Conflicting CPU frequencies detected, using: 1396.59
[1468266325.508036] [node035:17543:0]         mxm.c:196  MXM  WARN  The 'ulimit -s' on the system is set to 'unlimited'. This may have negative performance implications. Please set the stack size to the default value (10240) 
[1468266325.499934] [node035:17543:0]         sys.c:744  MXM  WARN  Conflicting CPU frequencies detected, using: 1396.59
[1468266325.508485] [node035:17543:0]         mxm.c:196  MXM  WARN  The 'ulimit -s' on the system is set to 'unlimited'. This may have negative performance implications. Please set the stack size to the default value (10240) 
[1468266325.499934] [node035:17543:0]         sys.c:744  MXM  WARN  Conflicting CPU frequencies detected, using: 1396.59
[1468266325.506886] [node035:17543:0]         mxm.c:196  MXM  WARN  The 'ulimit -s' on the system is set to 'unlimited'. This may have negative performance implications. Please set the stack size to the default value (10240) 
[1468266325.514510] [node036:28204:0]         sys.c:744  MXM  WARN  Conflicting CPU frequencies detected, using: 1615.50
[1468266325.523135] [node036:28204:0]         mxm.c:196  MXM  WARN  The 'ulimit -s' on the system is set to 'unlimited'. This may have negative performance implications. Please set the stack size to the default value (10240) 
[1468266325.514510] [node036:28204:0]         sys.c:744  MXM  WARN  Conflicting CPU frequencies detected, using: 1615.50
[1468266325.522607] [node036:28204:0]         mxm.c:196  MXM  WARN  The 'ulimit -s' on the system is set to 'unlimited'. This may have negative performance implications. Please set the stack size to the default value (10240) 
[1468266325.514510] [node036:28204:0]         sys.c:744  MXM  WARN  Conflicting CPU frequencies detected, using: 1615.50
[1468266325.523207] [node036:28204:0]         mxm.c:196  MXM  WARN  The 'ulimit -s' on the system is set to 'unlimited'. This may have negative performance implications. Please set the stack size to the default value (10240) 
[1468266325.514510] [node036:28204:0]         sys.c:744  MXM  WARN  Conflicting CPU frequencies detected, using: 1615.50
[1468266325.522374] [node036:28204:0]         mxm.c:196  MXM  WARN  The 'ulimit -s' on the system is set to 'unlimited'. This may have negative performance implications. Please set the stack size to the default value (10240) 
[1468266325.514510] [node036:28204:0]         sys.c:744  MXM  WARN  Conflicting CPU frequencies detected, using: 1615.50
[1468266325.522905] [node036:28204:0]         mxm.c:196  MXM  WARN  The 'ulimit -s' on the system is set to 'unlimited'. This may have negative performance implications. Please set the stack size to the default value (10240) 
[1468266325.514510] [node036:28204:0]         sys.c:744  MXM  WARN  Conflicting CPU frequencies detected, using: 1615.50
[1468266325.522195] [node036:28204:0]         mxm.c:196  MXM  WARN  The 'ulimit -s' on the system is set to 'unlimited'. This may have negative performance implications. Please set the stack size to the default value (10240) 
[1468266325.514510] [node036:28204:0]         sys.c:744  MXM  WARN  Conflicting CPU frequencies detected, using: 1615.50
[1468266325.520906] [node036:28204:0]         mxm.c:196  MXM  WARN  The 'ulimit -s' on the system is set to 'unlimited'. This may have negative performance implications. Please set the stack size to the default value (10240) 
[1468266325.514510] [node036:28204:0]         sys.c:744  MXM  WARN  Conflicting CPU frequencies detected, using: 1615.50
[1468266325.521567] [node036:28204:0]         mxm.c:196  MXM  WARN  The 'ulimit -s' on the system is set to 'unlimited'. This may have negative performance implications. Please set the stack size to the default value (10240) 
[1468266325.493909] [node037:1637 :0]         sys.c:744  MXM  WARN  Conflicting CPU frequencies detected, using: 1894.97
[1468266325.501810] [node037:1637 :0]         mxm.c:196  MXM  WARN  The 'ulimit -s' on the system is set to 'unlimited'. This may have negative performance implications. Please set the stack size to the default value (10240) 
[1468266325.493909] [node037:1637 :0]         sys.c:744  MXM  WARN  Conflicting CPU frequencies detected, using: 1894.97
[1468266325.503718] [node037:1637 :0]         mxm.c:196  MXM  WARN  The 'ulimit -s' on the system is set to 'unlimited'. This may have negative performance implications. Please set the stack size to the default value (10240) 
[1468266325.493909] [node037:1637 :0]         sys.c:744  MXM  WARN  Conflicting CPU frequencies detected, using: 1894.97
[1468266325.502732] [node037:1637 :0]         mxm.c:196  MXM  WARN  The 'ulimit -s' on the system is set to 'unlimited'. This may have negative performance implications. Please set the stack size to the default value (10240) 
[1468266325.493909] [node037:1637 :0]         sys.c:744  MXM  WARN  Conflicting CPU frequencies detected, using: 1894.97
[1468266325.502636] [node037:1637 :0]         mxm.c:196  MXM  WARN  The 'ulimit -s' on the system is set to 'unlimited'. This may have negative performance implications. Please set the stack size to the default value (10240) 
[1468266325.500375] [node040:29344:0]         sys.c:744  MXM  WARN  Conflicting CPU frequencies detected, using: 1797.28
[1468266325.531879] [node040:29344:0]         mxm.c:196  MXM  WARN  The 'ulimit -s' on the system is set to 'unlimited'. This may have negative performance implications. Please set the stack size to the default value (10240) 
[1468266325.504278] [node034:28923:0]         sys.c:744  MXM  WARN  Conflicting CPU frequencies detected, using: 1697.53
[1468266325.526479] [node034:28923:0]         mxm.c:196  MXM  WARN  The 'ulimit -s' on the system is set to 'unlimited'. This may have negative performance implications. Please set the stack size to the default value (10240) 
[1468266325.482160] [node033:16103:0]         sys.c:744  MXM  WARN  Conflicting CPU frequencies detected, using: 1597.41
[1468266325.514122] [node033:16103:0]         mxm.c:196  MXM  WARN  The 'ulimit -s' on the system is set to 'unlimited'. This may have negative performance implications. Please set the stack size to the default value (10240) 
[1468266325.482160] [node033:16103:0]         sys.c:744  MXM  WARN  Conflicting CPU frequencies detected, using: 1597.41
[1468266325.512392] [node033:16103:0]         mxm.c:196  MXM  WARN  The 'ulimit -s' on the system is set to 'unlimited'. This may have negative performance implications. Please set the stack size to the default value (10240) 
[1468266325.503719] [node042:24713:0]         sys.c:744  MXM  WARN  Conflicting CPU frequencies detected, using: 1795.69
[1468266325.531904] [node042:24713:0]         mxm.c:196  MXM  WARN  The 'ulimit -s' on the system is set to 'unlimited'. This may have negative performance implications. Please set the stack size to the default value (10240) 
[1468266325.503899] [node031:2400 :0]         sys.c:744  MXM  WARN  Conflicting CPU frequencies detected, using: 3143.62
[1468266325.535368] [node031:2400 :0]         mxm.c:196  MXM  WARN  The 'ulimit -s' on the system is set to 'unlimited'. This may have negative performance implications. Please set the stack size to the default value (10240) 
[1468266325.482160] [node033:16103:0]         sys.c:744  MXM  WARN  Conflicting CPU frequencies detected, using: 1597.41
[1468266325.510862] [node033:16103:0]         mxm.c:196  MXM  WARN  The 'ulimit -s' on the system is set to 'unlimited'. This may have negative performance implications. Please set the stack size to the default value (10240) 
[1468266325.495842] [node032:31006:0]         sys.c:744  MXM  WARN  Conflicting CPU frequencies detected, using: 1497.28
[1468266325.524585] [node032:31006:0]         mxm.c:196  MXM  WARN  The 'ulimit -s' on the system is set to 'unlimited'. This may have negative performance implications. Please set the stack size to the default value (10240) 
[1468266325.541607] [node045:25709:0]         mxm.c:196  MXM  WARN  The 'ulimit -s' on the system is set to 'unlimited'. This may have negative performance implications. Please set the stack size to the default value (10240) 
[1468266325.504278] [node034:28923:0]         sys.c:744  MXM  WARN  Conflicting CPU frequencies detected, using: 1697.53
[1468266325.525675] [node034:28923:0]         mxm.c:196  MXM  WARN  The 'ulimit -s' on the system is set to 'unlimited'. This may have negative performance implications. Please set the stack size to the default value (10240) 
[1468266325.501013] [node043:17699:0]         sys.c:744  MXM  WARN  Conflicting CPU frequencies detected, using: 1600.12
[1468266325.520747] [node043:17699:0]         mxm.c:196  MXM  WARN  The 'ulimit -s' on the system is set to 'unlimited'. This may have negative performance implications. Please set the stack size to the default value (10240) 
[1468266325.516274] [node038:1729 :0]         sys.c:744  MXM  WARN  Conflicting CPU frequencies detected, using: 1799.62
[1468266325.538979] [node038:1729 :0]         mxm.c:196  MXM  WARN  The 'ulimit -s' on the system is set to 'unlimited'. This may have negative performance implications. Please set the stack size to the default value (10240) 
[1468266325.495842] [node032:31006:0]         sys.c:744  MXM  WARN  Conflicting CPU frequencies detected, using: 1497.28
[1468266325.526153] [node032:31006:0]         mxm.c:196  MXM  WARN  The 'ulimit -s' on the system is set to 'unlimited'. This may have negative performance implications. Please set the stack size to the default value (10240) 
[1468266325.506284] [node045:25709:0]         sys.c:744  MXM  WARN  Conflicting CPU frequencies detected, using: 1489.03
[1468266325.532747] [node045:25709:0]         mxm.c:196  MXM  WARN  The 'ulimit -s' on the system is set to 'unlimited'. This may have negative performance implications. Please set the stack size to the default value (10240) 
[1468266325.495842] [node032:31006:0]         sys.c:744  MXM  WARN  Conflicting CPU frequencies detected, using: 1497.28
[1468266325.528558] [node032:31006:0]         mxm.c:196  MXM  WARN  The 'ulimit -s' on the system is set to 'unlimited'. This may have negative performance implications. Please set the stack size to the default value (10240) 
[1468266325.501013] [node043:17699:0]         sys.c:744  MXM  WARN  Conflicting CPU frequencies detected, using: 1600.12
[1468266325.531954] [node043:17699:0]         mxm.c:196  MXM  WARN  The 'ulimit -s' on the system is set to 'unlimited'. This may have negative performance implications. Please set the stack size to the default value (10240) 
[1468266325.501013] [node043:17699:0]         sys.c:744  MXM  WARN  Conflicting CPU frequencies detected, using: 1600.12
[1468266325.535296] [node043:17699:0]         mxm.c:196  MXM  WARN  The 'ulimit -s' on the system is set to 'unlimited'. This may have negative performance implications. Please set the stack size to the default value (10240) 
[1468266325.504278] [node034:28923:0]         sys.c:744  MXM  WARN  Conflicting CPU frequencies detected, using: 1697.53
[1468266325.533510] [node034:28923:0]         mxm.c:196  MXM  WARN  The 'ulimit -s' on the system is set to 'unlimited'. This may have negative performance implications. Please set the stack size to the default value (10240) 
[1468266325.495842] [node032:31006:0]         sys.c:744  MXM  WARN  Conflicting CPU frequencies detected, using: 1497.28
[1468266325.517304] [node032:31006:0]         mxm.c:196  MXM  WARN  The 'ulimit -s' on the system is set to 'unlimited'. This may have negative performance implications. Please set the stack size to the default value (10240) 
[1468266325.482160] [node033:16103:0]         sys.c:744  MXM  WARN  Conflicting CPU frequencies detected, using: 1597.41
[1468266325.513323] [node033:16103:0]         mxm.c:196  MXM  WARN  The 'ulimit -s' on the system is set to 'unlimited'. This may have negative performance implications. Please set the stack size to the default value (10240) 
[1468266325.498740] [node044:15906:0]         sys.c:744  MXM  WARN  Conflicting CPU frequencies detected, using: 1393.41
[1468266325.525559] [node044:15906:0]         mxm.c:196  MXM  WARN  The 'ulimit -s' on the system is set to 'unlimited'. This may have negative performance implications. Please set the stack size to the default value (10240) 
[1468266325.500375] [node040:29344:0]         sys.c:744  MXM  WARN  Conflicting CPU frequencies detected, using: 1797.28
[1468266325.535411] [node040:29344:0]         mxm.c:196  MXM  WARN  The 'ulimit -s' on the system is set to 'unlimited'. This may have negative performance implications. Please set the stack size to the default value (10240) 
[1468266325.506284] [node045:25709:0]         sys.c:744  MXM  WARN  Conflicting CPU frequencies detected, using: 1489.03
[1468266325.534478] [node045:25709:0]         mxm.c:196  MXM  WARN  The 'ulimit -s' on the system is set to 'unlimited'. This may have negative performance implications. Please set the stack size to the default value (10240) 
[1468266325.498740] [node044:15906:0]         sys.c:744  MXM  WARN  Conflicting CPU frequencies detected, using: 1393.41
[1468266325.523312] [node044:15906:0]         mxm.c:196  MXM  WARN  The 'ulimit -s' on the system is set to 'unlimited'. This may have negative performance implications. Please set the stack size to the default value (10240) 
[1468266325.516274] [node038:1729 :0]         sys.c:744  MXM  WARN  Conflicting CPU frequencies detected, using: 1799.62
[1468266325.542017] [node038:1729 :0]         mxm.c:196  MXM  WARN  The 'ulimit -s' on the system is set to 'unlimited'. This may have negative performance implications. Please set the stack size to the default value (10240) 
[1468266325.482160] [node033:16103:0]         sys.c:744  MXM  WARN  Conflicting CPU frequencies detected, using: 1597.41
[1468266325.515647] [node033:16103:0]         mxm.c:196  MXM  WARN  The 'ulimit -s' on the system is set to 'unlimited'. This may have negative performance implications. Please set the stack size to the default value (10240) 
[1468266325.504278] [node034:28923:0]         sys.c:744  MXM  WARN  Conflicting CPU frequencies detected, using: 1697.53
[1468266325.543390] [node034:28923:0]         mxm.c:196  MXM  WARN  The 'ulimit -s' on the system is set to 'unlimited'. This may have negative performance implications. Please set the stack size to the default value (10240) 
[1468266325.495842] [node032:31006:0]         sys.c:744  MXM  WARN  Conflicting CPU frequencies detected, using: 1497.28
[1468266325.520519] [node032:31006:0]         mxm.c:196  MXM  WARN  The 'ulimit -s' on the system is set to 'unlimited'. This may have negative performance implications. Please set the stack size to the default value (10240) 
[1468266325.500375] [node040:29344:0]         sys.c:744  MXM  WARN  Conflicting CPU frequencies detected, using: 1797.28
[1468266325.518547] [node040:29344:0]         mxm.c:196  MXM  WARN  The 'ulimit -s' on the system is set to 'unlimited'. This may have negative performance implications. Please set the stack size to the default value (10240) 
[1468266325.503719] [node042:24713:0]         sys.c:744  MXM  WARN  Conflicting CPU frequencies detected, using: 1795.69
[1468266325.540291] [node042:24713:0]         mxm.c:196  MXM  WARN  The 'ulimit -s' on the system is set to 'unlimited'. This may have negative performance implications. Please set the stack size to the default value (10240) 
[1468266325.538117] [node044:15906:0]         mxm.c:196  MXM  WARN  The 'ulimit -s' on the system is set to 'unlimited'. This may have negative performance implications. Please set the stack size to the default value (10240) 
[1468266325.503719] [node042:24713:0]         sys.c:744  MXM  WARN  Conflicting CPU frequencies detected, using: 1795.69
[1468266325.528679] [node042:24713:0]         mxm.c:196  MXM  WARN  The 'ulimit -s' on the system is set to 'unlimited'. This may have negative performance implications. Please set the stack size to the default value (10240) 
[1468266325.510634] [node039:28622:0]         sys.c:744  MXM  WARN  Conflicting CPU frequencies detected, using: 1696.50
[1468266325.534794] [node039:28622:0]         mxm.c:196  MXM  WARN  The 'ulimit -s' on the system is set to 'unlimited'. This may have negative performance implications. Please set the stack size to the default value (10240) 
[1468266325.510634] [node039:28622:0]         sys.c:744  MXM  WARN  Conflicting CPU frequencies detected, using: 1696.50
[1468266325.545848] [node039:28622:0]         mxm.c:196  MXM  WARN  The 'ulimit -s' on the system is set to 'unlimited'. This may have negative performance implications. Please set the stack size to the default value (10240) 
[1468266325.503719] [node042:24713:0]         sys.c:744  MXM  WARN  Conflicting CPU frequencies detected, using: 1795.69
[1468266325.536767] [node042:24713:0]         mxm.c:196  MXM  WARN  The 'ulimit -s' on the system is set to 'unlimited'. This may have negative performance implications. Please set the stack size to the default value (10240) 
[1468266325.503899] [node031:2400 :0]         sys.c:744  MXM  WARN  Conflicting CPU frequencies detected, using: 3143.62
[1468266325.520991] [node031:2400 :0]         mxm.c:196  MXM  WARN  The 'ulimit -s' on the system is set to 'unlimited'. This may have negative performance implications. Please set the stack size to the default value (10240) 
[1468266325.503899] [node031:2400 :0]         sys.c:744  MXM  WARN  Conflicting CPU frequencies detected, using: 3143.62
[1468266325.541108] [node031:2400 :0]         mxm.c:196  MXM  WARN  The 'ulimit -s' on the system is set to 'unlimited'. This may have negative performance implications. Please set the stack size to the default value (10240) 
[1468266325.503899] [node031:2400 :0]         sys.c:744  MXM  WARN  Conflicting CPU frequencies detected, using: 3143.62
[1468266325.531258] [node031:2400 :0]         mxm.c:196  MXM  WARN  The 'ulimit -s' on the system is set to 'unlimited'. This may have negative performance implications. Please set the stack size to the default value (10240) 
[1468266325.545436] [node034:28923:0]         mxm.c:196  MXM  WARN  The 'ulimit -s' on the system is set to 'unlimited'. This may have negative performance implications. Please set the stack size to the default value (10240) 
[1468266325.503899] [node031:2400 :0]         sys.c:744  MXM  WARN  Conflicting CPU frequencies detected, using: 3143.62
[1468266325.536907] [node031:2400 :0]         mxm.c:196  MXM  WARN  The 'ulimit -s' on the system is set to 'unlimited'. This may have negative performance implications. Please set the stack size to the default value (10240) 
[1468266325.503899] [node031:2400 :0]         sys.c:744  MXM  WARN  Conflicting CPU frequencies detected, using: 3143.62
[1468266325.537649] [node031:2400 :0]         mxm.c:196  MXM  WARN  The 'ulimit -s' on the system is set to 'unlimited'. This may have negative performance implications. Please set the stack size to the default value (10240) 
[1468266325.503899] [node031:2400 :0]         sys.c:744  MXM  WARN  Conflicting CPU frequencies detected, using: 3143.62
[1468266325.544200] [node031:2400 :0]         mxm.c:196  MXM  WARN  The 'ulimit -s' on the system is set to 'unlimited'. This may have negative performance implications. Please set the stack size to the default value (10240) 
[1468266325.504278] [node034:28923:0]         sys.c:744  MXM  WARN  Conflicting CPU frequencies detected, using: 1697.53
[1468266325.540509] [node034:28923:0]         mxm.c:196  MXM  WARN  The 'ulimit -s' on the system is set to 'unlimited'. This may have negative performance implications. Please set the stack size to the default value (10240) 
[1468266325.506284] [node045:25709:0]         sys.c:744  MXM  WARN  Conflicting CPU frequencies detected, using: 1489.03
[1468266325.538505] [node045:25709:0]         mxm.c:196  MXM  WARN  The 'ulimit -s' on the system is set to 'unlimited'. This may have negative performance implications. Please set the stack size to the default value (10240) 
[1468266325.503899] [node031:2400 :0]         sys.c:744  MXM  WARN  Conflicting CPU frequencies detected, using: 3143.62
[1468266325.540328] [node031:2400 :0]         mxm.c:196  MXM  WARN  The 'ulimit -s' on the system is set to 'unlimited'. This may have negative performance implications. Please set the stack size to the default value (10240) 
[1468266325.511598] [node041:23283:0]         sys.c:744  MXM  WARN  Conflicting CPU frequencies detected, using: 2600.62
[1468266325.547997] [node041:23283:0]         mxm.c:196  MXM  WARN  The 'ulimit -s' on the system is set to 'unlimited'. This may have negative performance implications. Please set the stack size to the default value (10240) 
[1468266325.511598] [node041:23283:0]         sys.c:744  MXM  WARN  Conflicting CPU frequencies detected, using: 2600.62
[1468266325.539754] [node041:23283:0]         mxm.c:196  MXM  WARN  The 'ulimit -s' on the system is set to 'unlimited'. This may have negative performance implications. Please set the stack size to the default value (10240) 
[1468266325.511598] [node041:23283:0]         sys.c:744  MXM  WARN  Conflicting CPU frequencies detected, using: 2600.62
[1468266325.544511] [node041:23283:0]         mxm.c:196  MXM  WARN  The 'ulimit -s' on the system is set to 'unlimited'. This may have negative performance implications. Please set the stack size to the default value (10240) 
[1468266325.482160] [node033:16103:0]         sys.c:744  MXM  WARN  Conflicting CPU frequencies detected, using: 1597.41
[1468266325.506094] [node033:16103:0]         mxm.c:196  MXM  WARN  The 'ulimit -s' on the system is set to 'unlimited'. This may have negative performance implications. Please set the stack size to the default value (10240) 
[1468266325.521843] [node033:16103:0]         mxm.c:196  MXM  WARN  The 'ulimit -s' on the system is set to 'unlimited'. This may have negative performance implications. Please set the stack size to the default value (10240) 
[1468266325.482160] [node033:16103:0]         sys.c:744  MXM  WARN  Conflicting CPU frequencies detected, using: 1597.41
[1468266325.518053] [node033:16103:0]         mxm.c:196  MXM  WARN  The 'ulimit -s' on the system is set to 'unlimited'. This may have negative performance implications. Please set the stack size to the default value (10240) 
[1468266325.501013] [node043:17699:0]         sys.c:744  MXM  WARN  Conflicting CPU frequencies detected, using: 1600.12
[1468266325.521529] [node043:17699:0]         mxm.c:196  MXM  WARN  The 'ulimit -s' on the system is set to 'unlimited'. This may have negative performance implications. Please set the stack size to the default value (10240) 
[1468266325.501013] [node043:17699:0]         sys.c:744  MXM  WARN  Conflicting CPU frequencies detected, using: 1600.12
[1468266325.536834] [node043:17699:0]         mxm.c:196  MXM  WARN  The 'ulimit -s' on the system is set to 'unlimited'. This may have negative performance implications. Please set the stack size to the default value (10240) 
[1468266325.506284] [node045:25709:0]         sys.c:744  MXM  WARN  Conflicting CPU frequencies detected, using: 1489.03
[1468266325.540044] [node045:25709:0]         mxm.c:196  MXM  WARN  The 'ulimit -s' on the system is set to 'unlimited'. This may have negative performance implications. Please set the stack size to the default value (10240) 
[1468266325.511598] [node041:23283:0]         sys.c:744  MXM  WARN  Conflicting CPU frequencies detected, using: 2600.62
[1468266325.542221] [node041:23283:0]         mxm.c:196  MXM  WARN  The 'ulimit -s' on the system is set to 'unlimited'. This may have negative performance implications. Please set the stack size to the default value (10240) 
[1468266325.511598] [node041:23283:0]         sys.c:744  MXM  WARN  Conflicting CPU frequencies detected, using: 2600.62
[1468266325.536507] [node041:23283:0]         mxm.c:196  MXM  WARN  The 'ulimit -s' on the system is set to 'unlimited'. This may have negative performance implications. Please set the stack size to the default value (10240) 
[1468266325.511598] [node041:23283:0]         sys.c:744  MXM  WARN  Conflicting CPU frequencies detected, using: 2600.62
[1468266325.538204] [node041:23283:0]         mxm.c:196  MXM  WARN  The 'ulimit -s' on the system is set to 'unlimited'. This may have negative performance implications. Please set the stack size to the default value (10240) 
[1468266325.510634] [node039:28622:0]         sys.c:744  MXM  WARN  Conflicting CPU frequencies detected, using: 1696.50
[1468266325.539528] [node039:28622:0]         mxm.c:196  MXM  WARN  The 'ulimit -s' on the system is set to 'unlimited'. This may have negative performance implications. Please set the stack size to the default value (10240) 
[1468266325.510634] [node039:28622:0]         sys.c:744  MXM  WARN  Conflicting CPU frequencies detected, using: 1696.50
[1468266325.547497] [node039:28622:0]         mxm.c:196  MXM  WARN  The 'ulimit -s' on the system is set to 'unlimited'. This may have negative performance implications. Please set the stack size to the default value (10240) 
[1468266325.510634] [node039:28622:0]         sys.c:744  MXM  WARN  Conflicting CPU frequencies detected, using: 1696.50
[1468266325.545081] [node039:28622:0]         mxm.c:196  MXM  WARN  The 'ulimit -s' on the system is set to 'unlimited'. This may have negative performance implications. Please set the stack size to the default value (10240) 
[1468266325.510634] [node039:28622:0]         sys.c:744  MXM  WARN  Conflicting CPU frequencies detected, using: 1696.50
[1468266325.543318] [node039:28622:0]         mxm.c:196  MXM  WARN  The 'ulimit -s' on the system is set to 'unlimited'. This may have negative performance implications. Please set the stack size to the default value (10240) 
[1468266325.510634] [node039:28622:0]         sys.c:744  MXM  WARN  Conflicting CPU frequencies detected, using: 1696.50
[1468266325.538557] [node039:28622:0]         mxm.c:196  MXM  WARN  The 'ulimit -s' on the system is set to 'unlimited'. This may have negative performance implications. Please set the stack size to the default value (10240) 
[1468266325.510634] [node039:28622:0]         sys.c:744  MXM  WARN  Conflicting CPU frequencies detected, using: 1696.50
[1468266325.544313] [node039:28622:0]         mxm.c:196  MXM  WARN  The 'ulimit -s' on the system is set to 'unlimited'. This may have negative performance implications. Please set the stack size to the default value (10240) 
[1468266325.503719] [node042:24713:0]         sys.c:744  MXM  WARN  Conflicting CPU frequencies detected, using: 1795.69
[1468266325.527155] [node042:24713:0]         mxm.c:196  MXM  WARN  The 'ulimit -s' on the system is set to 'unlimited'. This may have negative performance implications. Please set the stack size to the default value (10240) 
[1468266325.503719] [node042:24713:0]         sys.c:744  MXM  WARN  Conflicting CPU frequencies detected, using: 1795.69
[1468266325.532672] [node042:24713:0]         mxm.c:196  MXM  WARN  The 'ulimit -s' on the system is set to 'unlimited'. This may have negative performance implications. Please set the stack size to the default value (10240) 
[1468266325.516274] [node038:1729 :0]         sys.c:744  MXM  WARN  Conflicting CPU frequencies detected, using: 1799.62
[1468266325.552505] [node038:1729 :0]         mxm.c:196  MXM  WARN  The 'ulimit -s' on the system is set to 'unlimited'. This may have negative performance implications. Please set the stack size to the default value (10240) 
[1468266325.516274] [node038:1729 :0]         sys.c:744  MXM  WARN  Conflicting CPU frequencies detected, using: 1799.62
[1468266325.554344] [node038:1729 :0]         mxm.c:196  MXM  WARN  The 'ulimit -s' on the system is set to 'unlimited'. This may have negative performance implications. Please set the stack size to the default value (10240) 
[1468266325.516274] [node038:1729 :0]         sys.c:744  MXM  WARN  Conflicting CPU frequencies detected, using: 1799.62
[1468266325.541247] [node038:1729 :0]         mxm.c:196  MXM  WARN  The 'ulimit -s' on the system is set to 'unlimited'. This may have negative performance implications. Please set the stack size to the default value (10240) 
[1468266325.516274] [node038:1729 :0]         sys.c:744  MXM  WARN  Conflicting CPU frequencies detected, using: 1799.62
[1468266325.540486] [node038:1729 :0]         mxm.c:196  MXM  WARN  The 'ulimit -s' on the system is set to 'unlimited'. This may have negative performance implications. Please set the stack size to the default value (10240) 
[1468266325.516274] [node038:1729 :0]         sys.c:744  MXM  WARN  Conflicting CPU frequencies detected, using: 1799.62
[1468266325.549284] [node038:1729 :0]         mxm.c:196  MXM  WARN  The 'ulimit -s' on the system is set to 'unlimited'. This may have negative performance implications. Please set the stack size to the default value (10240) 
[1468266325.500375] [node040:29344:0]         sys.c:744  MXM  WARN  Conflicting CPU frequencies detected, using: 1797.28
[1468266325.524802] [node040:29344:0]         mxm.c:196  MXM  WARN  The 'ulimit -s' on the system is set to 'unlimited'. This may have negative performance implications. Please set the stack size to the default value (10240) 
[1468266325.500375] [node040:29344:0]         sys.c:744  MXM  WARN  Conflicting CPU frequencies detected, using: 1797.28
[1468266325.531148] [node040:29344:0]         mxm.c:196  MXM  WARN  The 'ulimit -s' on the system is set to 'unlimited'. This may have negative performance implications. Please set the stack size to the default value (10240) 
[1468266325.500375] [node040:29344:0]         sys.c:744  MXM  WARN  Conflicting CPU frequencies detected, using: 1797.28
[1468266325.540841] [node040:29344:0]         mxm.c:196  MXM  WARN  The 'ulimit -s' on the system is set to 'unlimited'. This may have negative performance implications. Please set the stack size to the default value (10240) 
[1468266325.498740] [node044:15906:0]         sys.c:744  MXM  WARN  Conflicting CPU frequencies detected, using: 1393.41
[1468266325.527315] [node044:15906:0]         mxm.c:196  MXM  WARN  The 'ulimit -s' on the system is set to 'unlimited'. This may have negative performance implications. Please set the stack size to the default value (10240) 
[1468266325.532962] [node044:15906:0]         mxm.c:196  MXM  WARN  The 'ulimit -s' on the system is set to 'unlimited'. This may have negative performance implications. Please set the stack size to the default value (10240) 
[1468266325.542514] [node043:17699:0]         mxm.c:196  MXM  WARN  The 'ulimit -s' on the system is set to 'unlimited'. This may have negative performance implications. Please set the stack size to the default value (10240) 
[1468266325.511598] [node041:23283:0]         sys.c:744  MXM  WARN  Conflicting CPU frequencies detected, using: 2600.62
[1468266325.543706] [node041:23283:0]         mxm.c:196  MXM  WARN  The 'ulimit -s' on the system is set to 'unlimited'. This may have negative performance implications. Please set the stack size to the default value (10240) 
[1468266325.511598] [node041:23283:0]         sys.c:744  MXM  WARN  Conflicting CPU frequencies detected, using: 2600.62
[1468266325.553208] [node041:23283:0]         mxm.c:196  MXM  WARN  The 'ulimit -s' on the system is set to 'unlimited'. This may have negative performance implications. Please set the stack size to the default value (10240) 
[1468266325.506284] [node045:25709:0]         sys.c:744  MXM  WARN  Conflicting CPU frequencies detected, using: 1489.03
[1468266325.539313] [node045:25709:0]         mxm.c:196  MXM  WARN  The 'ulimit -s' on the system is set to 'unlimited'. This may have negative performance implications. Please set the stack size to the default value (10240) 
[1468266325.495842] [node032:31006:0]         sys.c:744  MXM  WARN  Conflicting CPU frequencies detected, using: 1497.28
[1468266325.521294] [node032:31006:0]         mxm.c:196  MXM  WARN  The 'ulimit -s' on the system is set to 'unlimited'. This may have negative performance implications. Please set the stack size to the default value (10240) 
[1468266325.503719] [node042:24713:0]         sys.c:744  MXM  WARN  Conflicting CPU frequencies detected, using: 1795.69
[1468266325.536000] [node042:24713:0]         mxm.c:196  MXM  WARN  The 'ulimit -s' on the system is set to 'unlimited'. This may have negative performance implications. Please set the stack size to the default value (10240) 
[1468266325.504278] [node034:28923:0]         sys.c:744  MXM  WARN  Conflicting CPU frequencies detected, using: 1697.53
[1468266325.536857] [node034:28923:0]         mxm.c:196  MXM  WARN  The 'ulimit -s' on the system is set to 'unlimited'. This may have negative performance implications. Please set the stack size to the default value (10240) 
[1468266325.500375] [node040:29344:0]         sys.c:744  MXM  WARN  Conflicting CPU frequencies detected, using: 1797.28
[1468266325.529645] [node040:29344:0]         mxm.c:196  MXM  WARN  The 'ulimit -s' on the system is set to 'unlimited'. This may have negative performance implications. Please set the stack size to the default value (10240) 
UPCR: UPC thread   3 of 128 on node030 (pshm node  0 of 16, process   3 of 128, pid=1362)
UPCR: UPC thread   5 of 128 on node030 (pshm node  0 of 16, process   5 of 128, pid=1364)
UPCR: UPC thread   2 of 128 on node030 (pshm node  0 of 16, process   2 of 128, pid=1361)
UPCR: UPC thread   0 of 128 on node030 (pshm node  0 of 16, process   0 of 128, pid=1359)
UPCR: UPC thread   1 of 128 on node030 (pshm node  0 of 16, process   1 of 128, pid=1360)
UPCR: UPC thread   7 of 128 on node030 (pshm node  0 of 16, process   7 of 128, pid=1369)
UPCR: UPC thread   6 of 128 on node030 (pshm node  0 of 16, process   6 of 128, pid=1367)
UPCR: UPC thread   4 of 128 on node030 (pshm node  0 of 16, process   4 of 128, pid=1363)
UPCR: UPC thread 107 of 128 on node043 (pshm node 13 of 16, process 107 of 128, pid=17744)
UPCR: UPC thread 109 of 128 on node043 (pshm node 13 of 16, process 109 of 128, pid=17747)
UPCR: UPC thread 106 of 128 on node043 (pshm node 13 of 16, process 106 of 128, pid=17743)
UPCR: UPC thread 104 of 128 on node043 (pshm node 13 of 16, process 104 of 128, pid=17741)
UPCR: UPC thread 111 of 128 on node043 (pshm node 13 of 16, process 111 of 128, pid=17751)
UPCR: UPC thread 105 of 128 on node043 (pshm node 13 of 16, process 105 of 128, pid=17742)
UPCR: UPC thread 110 of 128 on node043 (pshm node 13 of 16, process 110 of 128, pid=17748)
UPCR: UPC thread 108 of 128 on node043 (pshm node 13 of 16, process 108 of 128, pid=17745)
UPCR: UPC thread  64 of 128 on node038 (pshm node  8 of 16, process  64 of 128, pid=1772)
UPCR: UPC thread  68 of 128 on node038 (pshm node  8 of 16, process  68 of 128, pid=1776)
UPCR: UPC thread  66 of 128 on node038 (pshm node  8 of 16, process  66 of 128, pid=1774)
UPCR: UPC thread  65 of 128 on node038 (pshm node  8 of 16, process  65 of 128, pid=1773)
UPCR: UPC thread  67 of 128 on node038 (pshm node  8 of 16, process  67 of 128, pid=1775)
UPCR: UPC thread  70 of 128 on node038 (pshm node  8 of 16, process  70 of 128, pid=1779)
UPCR: UPC thread  71 of 128 on node038 (pshm node  8 of 16, process  71 of 128, pid=1782)
UPCR: UPC thread  69 of 128 on node038 (pshm node  8 of 16, process  69 of 128, pid=1777)
UPCR: UPC thread  97 of 128 on node042 (pshm node 12 of 16, process  97 of 128, pid=24756)
UPCR: UPC thread 100 of 128 on node042 (pshm node 12 of 16, process 100 of 128, pid=24759)
UPCR: UPC thread 101 of 128 on node042 (pshm node 12 of 16, process 101 of 128, pid=24760)
UPCR: UPC thread  99 of 128 on node042 (pshm node 12 of 16, process  99 of 128, pid=24758)
UPCR: UPC thread  96 of 128 on node042 (pshm node 12 of 16, process  96 of 128, pid=24755)
UPCR: UPC thread   8 of 128 on node031 (pshm node  1 of 16, process   8 of 128, pid=2443)
UPCR: UPC thread  15 of 128 on node031 (pshm node  1 of 16, process  15 of 128, pid=2452)
UPCR: UPC thread  12 of 128 on node031 (pshm node  1 of 16, process  12 of 128, pid=2447)
UPCR: UPC thread  11 of 128 on node031 (pshm node  1 of 16, process  11 of 128, pid=2446)
UPCR: UPC thread   9 of 128 on node031 (pshm node  1 of 16, process   9 of 128, pid=2444)
UPCR: UPC thread  10 of 128 on node031 (pshm node  1 of 16, process  10 of 128, pid=2445)
UPCR: UPC thread  89 of 128 on node041 (pshm node 11 of 16, process  89 of 128, pid=23326)
UPCR: UPC thread  92 of 128 on node041 (pshm node 11 of 16, process  92 of 128, pid=23329)
UPCR: UPC thread  93 of 128 on node041 (pshm node 11 of 16, process  93 of 128, pid=23331)
UPCR: UPC thread  90 of 128 on node041 (pshm node 11 of 16, process  90 of 128, pid=23327)
UPCR: UPC thread  91 of 128 on node041 (pshm node 11 of 16, process  91 of 128, pid=23328)
UPCR: UPC thread  95 of 128 on node041 (pshm node 11 of 16, process  95 of 128, pid=23334)
UPCR: UPC thread  94 of 128 on node041 (pshm node 11 of 16, process  94 of 128, pid=23332)
UPCR: UPC thread  88 of 128 on node041 (pshm node 11 of 16, process  88 of 128, pid=23325)
UPCR: UPC thread 112 of 128 on node044 (pshm node 14 of 16, process 112 of 128, pid=15950)
UPCR: UPC thread 115 of 128 on node044 (pshm node 14 of 16, process 115 of 128, pid=15953)
UPCR: UPC thread 119 of 128 on node044 (pshm node 14 of 16, process 119 of 128, pid=15959)
UPCR: UPC thread 116 of 128 on node044 (pshm node 14 of 16, process 116 of 128, pid=15954)
UPCR: UPC thread 117 of 128 on node044 (pshm node 14 of 16, process 117 of 128, pid=15956)
UPCR: UPC thread 114 of 128 on node044 (pshm node 14 of 16, process 114 of 128, pid=15952)
UPCR: UPC thread 113 of 128 on node044 (pshm node 14 of 16, process 113 of 128, pid=15951)
UPCR: UPC thread 118 of 128 on node044 (pshm node 14 of 16, process 118 of 128, pid=15958)
UPCR: UPC thread  83 of 128 on node040 (pshm node 10 of 16, process  83 of 128, pid=29389)
UPCR: UPC thread  84 of 128 on node040 (pshm node 10 of 16, process  84 of 128, pid=29390)
UPCR: UPC thread  85 of 128 on node040 (pshm node 10 of 16, process  85 of 128, pid=29391)
UPCR: UPC thread  80 of 128 on node040 (pshm node 10 of 16, process  80 of 128, pid=29386)
UPCR: UPC thread  86 of 128 on node040 (pshm node 10 of 16, process  86 of 128, pid=29394)
UPCR: UPC thread  73 of 128 on node039 (pshm node  9 of 16, process  73 of 128, pid=28665)
UPCR: UPC thread  76 of 128 on node039 (pshm node  9 of 16, process  76 of 128, pid=28668)
UPCR: UPC thread  75 of 128 on node039 (pshm node  9 of 16, process  75 of 128, pid=28667)
UPCR: UPC thread  72 of 128 on node039 (pshm node  9 of 16, process  72 of 128, pid=28664)
UPCR: UPC thread  78 of 128 on node039 (pshm node  9 of 16, process  78 of 128, pid=28672)
UPCR: UPC thread  77 of 128 on node039 (pshm node  9 of 16, process  77 of 128, pid=28670)
UPCR: UPC thread  74 of 128 on node039 (pshm node  9 of 16, process  74 of 128, pid=28666)
UPCR: UPC thread  79 of 128 on node039 (pshm node  9 of 16, process  79 of 128, pid=28674)
UPCR: UPC thread  98 of 128 on node042 (pshm node 12 of 16, process  98 of 128, pid=24757)
UPCR: UPC thread 102 of 128 on node042 (pshm node 12 of 16, process 102 of 128, pid=24762)
UPCR: UPC thread 103 of 128 on node042 (pshm node 12 of 16, process 103 of 128, pid=24764)
UPCR: UPC thread  41 of 128 on node035 (pshm node  5 of 16, process  41 of 128, pid=17587)
UPCR: UPC thread  46 of 128 on node035 (pshm node  5 of 16, process  46 of 128, pid=17594)
UPCR: UPC thread  47 of 128 on node035 (pshm node  5 of 16, process  47 of 128, pid=17596)
UPCR: UPC thread  43 of 128 on node035 (pshm node  5 of 16, process  43 of 128, pid=17589)
UPCR: UPC thread  45 of 128 on node035 (pshm node  5 of 16, process  45 of 128, pid=17592)
UPCR: UPC thread  44 of 128 on node035 (pshm node  5 of 16, process  44 of 128, pid=17590)
UPCR: UPC thread  42 of 128 on node035 (pshm node  5 of 16, process  42 of 128, pid=17588)
UPCR: UPC thread  40 of 128 on node035 (pshm node  5 of 16, process  40 of 128, pid=17586)
UPCR: UPC thread  25 of 128 on node033 (pshm node  3 of 16, process  25 of 128, pid=16146)
UPCR: UPC thread  31 of 128 on node033 (pshm node  3 of 16, process  31 of 128, pid=16155)
UPCR: UPC thread  29 of 128 on node033 (pshm node  3 of 16, process  29 of 128, pid=16151)
UPCR: UPC thread  26 of 128 on node033 (pshm node  3 of 16, process  26 of 128, pid=16147)
UPCR: UPC thread  27 of 128 on node033 (pshm node  3 of 16, process  27 of 128, pid=16148)
UPCR: UPC thread  28 of 128 on node033 (pshm node  3 of 16, process  28 of 128, pid=16149)
UPCR: UPC thread  30 of 128 on node033 (pshm node  3 of 16, process  30 of 128, pid=16153)
UPCR: UPC thread  24 of 128 on node033 (pshm node  3 of 16, process  24 of 128, pid=16145)
UPCR: UPC thread  63 of 128 on node037 (pshm node  7 of 16, process  63 of 128, pid=1689)
UPCR: UPC thread  58 of 128 on node037 (pshm node  7 of 16, process  58 of 128, pid=1681)
UPCR: UPC thread  56 of 128 on node037 (pshm node  7 of 16, process  56 of 128, pid=1679)
UPCR: UPC thread  61 of 128 on node037 (pshm node  7 of 16, process  61 of 128, pid=1685)
UPCR: UPC thread  57 of 128 on node037 (pshm node  7 of 16, process  57 of 128, pid=1680)
UPCR: UPC thread  59 of 128 on node037 (pshm node  7 of 16, process  59 of 128, pid=1682)
UPCR: UPC thread  60 of 128 on node037 (pshm node  7 of 16, process  60 of 128, pid=1683)
UPCR: UPC thread  62 of 128 on node037 (pshm node  7 of 16, process  62 of 128, pid=1686)
UPCR: UPC thread  17 of 128 on node032 (pshm node  2 of 16, process  17 of 128, pid=31049)
UPCR: UPC thread  22 of 128 on node032 (pshm node  2 of 16, process  22 of 128, pid=31055)
UPCR: UPC thread  19 of 128 on node032 (pshm node  2 of 16, process  19 of 128, pid=31051)
UPCR: UPC thread  18 of 128 on node032 (pshm node  2 of 16, process  18 of 128, pid=31050)
UPCR: UPC thread  20 of 128 on node032 (pshm node  2 of 16, process  20 of 128, pid=31052)
UPCR: UPC thread  21 of 128 on node032 (pshm node  2 of 16, process  21 of 128, pid=31054)
UPCR: UPC thread  23 of 128 on node032 (pshm node  2 of 16, process  23 of 128, pid=31058)
UPCR: UPC thread  16 of 128 on node032 (pshm node  2 of 16, process  16 of 128, pid=31048)
UPCR: UPC thread  13 of 128 on node031 (pshm node  1 of 16, process  13 of 128, pid=2448)
UPCR: UPC thread  14 of 128 on node031 (pshm node  1 of 16, process  14 of 128, pid=2450)
UPCR: UPC thread  33 of 128 on node034 (pshm node  4 of 16, process  33 of 128, pid=28966)
UPCR: UPC thread  34 of 128 on node034 (pshm node  4 of 16, process  34 of 128, pid=28967)
UPCR: UPC thread  39 of 128 on node034 (pshm node  4 of 16, process  39 of 128, pid=28975)
UPCR: UPC thread  36 of 128 on node034 (pshm node  4 of 16, process  36 of 128, pid=28969)
UPCR: UPC thread  35 of 128 on node034 (pshm node  4 of 16, process  35 of 128, pid=28968)
UPCR: UPC thread  37 of 128 on node034 (pshm node  4 of 16, process  37 of 128, pid=28971)
UPCR: UPC thread  38 of 128 on node034 (pshm node  4 of 16, process  38 of 128, pid=28972)
UPCR: UPC thread  32 of 128 on node034 (pshm node  4 of 16, process  32 of 128, pid=28965)
UPCR: UPC thread  51 of 128 on node036 (pshm node  6 of 16, process  51 of 128, pid=28249)
UPCR: UPC thread  49 of 128 on node036 (pshm node  6 of 16, process  49 of 128, pid=28247)
UPCR: UPC thread  48 of 128 on node036 (pshm node  6 of 16, process  48 of 128, pid=28246)
UPCR: UPC thread  53 of 128 on node036 (pshm node  6 of 16, process  53 of 128, pid=28252)
UPCR: UPC thread  50 of 128 on node036 (pshm node  6 of 16, process  50 of 128, pid=28248)
UPCR: UPC thread  55 of 128 on node036 (pshm node  6 of 16, process  55 of 128, pid=28256)
UPCR: UPC thread  54 of 128 on node036 (pshm node  6 of 16, process  54 of 128, pid=28254)
UPCR: UPC thread  52 of 128 on node036 (pshm node  6 of 16, process  52 of 128, pid=28250)
UPCR: UPC thread  82 of 128 on node040 (pshm node 10 of 16, process  82 of 128, pid=29388)
UPCR: UPC thread  81 of 128 on node040 (pshm node 10 of 16, process  81 of 128, pid=29387)
UPCR: UPC thread  87 of 128 on node040 (pshm node 10 of 16, process  87 of 128, pid=29396)
UPCR: UPC thread 124 of 128 on node045 (pshm node 15 of 16, process 124 of 128, pid=25755)
UPCR: UPC thread 127 of 128 on node045 (pshm node 15 of 16, process 127 of 128, pid=25761)
UPCR: UPC thread 125 of 128 on node045 (pshm node 15 of 16, process 125 of 128, pid=25757)
UPCR: UPC thread 121 of 128 on node045 (pshm node 15 of 16, process 121 of 128, pid=25752)
UPCR: UPC thread 126 of 128 on node045 (pshm node 15 of 16, process 126 of 128, pid=25758)
UPCR: UPC thread 123 of 128 on node045 (pshm node 15 of 16, process 123 of 128, pid=25754)
UPCR: UPC thread 120 of 128 on node045 (pshm node 15 of 16, process 120 of 128, pid=25751)
UPCR: UPC thread 122 of 128 on node045 (pshm node 15 of 16, process 122 of 128, pid=25753)
using a cache granularity of 8
using linear probing in the BDD table
using a memoization table of 2^23 = 8388608 entries (~320 MB) per thread
using a BDD table of 2^24 = 16777216 entries (~384 MB) per thread
Initializing /home/oortwijn/distdd/models/beem/public_subscribe.4.bdd!
vector size: 34
bits per integer: 8
number of BDD variables: 272
Loading initial states: 
Initial states loaded... 
Loading transition relations... 
34 integers per state, 8 bits per integer, 46 transition groups
BDD nodes:
Initial states: 272 BDD nodes
Transition 0: 125 BDD nodes
Transition 1: 56 BDD nodes
Transition 2: 169 BDD nodes
Transition 3: 64 BDD nodes
Transition 4: 88 BDD nodes
Transition 5: 56 BDD nodes
Transition 6: 63 BDD nodes
Transition 7: 56 BDD nodes
Transition 8: 72 BDD nodes
Transition 9: 36 BDD nodes
Transition 10: 48 BDD nodes
Transition 11: 88 BDD nodes
Transition 12: 103 BDD nodes
Transition 13: 125 BDD nodes
Transition 14: 56 BDD nodes
Transition 15: 169 BDD nodes
Transition 16: 64 BDD nodes
Transition 17: 88 BDD nodes
Transition 18: 56 BDD nodes
Transition 19: 63 BDD nodes
Transition 20: 72 BDD nodes
Transition 21: 56 BDD nodes
Transition 22: 48 BDD nodes
Transition 23: 36 BDD nodes
Transition 24: 103 BDD nodes
Transition 25: 88 BDD nodes
Transition 26: 287 BDD nodes
Transition 27: 231 BDD nodes
Transition 28: 48 BDD nodes
Transition 29: 88 BDD nodes
Transition 30: 224 BDD nodes
Transition 31: 57 BDD nodes
Transition 32: 128 BDD nodes
Transition 33: 49 BDD nodes
Transition 34: 53 BDD nodes
Transition 35: 223 BDD nodes
Transition 36: 103 BDD nodes
Transition 37: 223 BDD nodes
Transition 38: 100 BDD nodes
Transition 39: 201 BDD nodes
Transition 40: 48 BDD nodes
Transition 41: 286 BDD nodes
Transition 42: 90 BDD nodes
Transition 43: 49 BDD nodes
Transition 44: 31 BDD nodes
Transition 45: 31 BDD nodes
Level 1... done.
Level 2... done.
PAR Time: 0.018852
Final states: 0 states
Final states: 0 BDD nodes
[1468266325.503899] [node031:2400 :0]         sys.c:744  MXM  WARN  Conflicting CPU frequencies detected, using: 3143.62
[1468266325.500375] [node040:29344:0]         sys.c:744  MXM  WARN  Conflicting CPU frequencies detected, using: 1797.28
[1468266325.503719] [node042:24713:0]         sys.c:744  MXM  WARN  Conflicting CPU frequencies detected, using: 1795.69
[1468266325.498740] [node044:15906:0]         sys.c:744  MXM  WARN  Conflicting CPU frequencies detected, using: 1393.41
[1468266325.516274] [node038:1729 :0]         sys.c:744  MXM  WARN  Conflicting CPU frequencies detected, using: 1799.62
[1468266325.504278] [node034:28923:0]         sys.c:744  MXM  WARN  Conflicting CPU frequencies detected, using: 1697.53
[1468266325.501013] [node043:17699:0]         sys.c:744  MXM  WARN  Conflicting CPU frequencies detected, using: 1600.12
[1468266325.495842] [node032:31006:0]         sys.c:744  MXM  WARN  Conflicting CPU frequencies detected, using: 1497.28
[1468266325.514510] [node036:28204:0]         sys.c:744  MXM  WARN  Conflicting CPU frequencies detected, using: 1615.50
[1468266325.506284] [node045:25709:0]         sys.c:744  MXM  WARN  Conflicting CPU frequencies detected, using: 1489.03
[1468266325.510634] [node039:28622:0]         sys.c:744  MXM  WARN  Conflicting CPU frequencies detected, using: 1696.50
[1468266325.499934] [node035:17543:0]         sys.c:744  MXM  WARN  Conflicting CPU frequencies detected, using: 1396.59
[1468266325.138135] [node030:1342 :0]         sys.c:744  MXM  WARN  Conflicting CPU frequencies detected, using: 1690.88
[1468266325.482160] [node033:16103:0]         sys.c:744  MXM  WARN  Conflicting CPU frequencies detected, using: 1597.41
[1468266325.511598] [node041:23283:0]         sys.c:744  MXM  WARN  Conflicting CPU frequencies detected, using: 2600.62
[1468266325.493909] [node037:1637 :0]         sys.c:744  MXM  WARN  Conflicting CPU frequencies detected, using: 1894.97
[1468266325.118787] [node030:1298 :0]         sys.c:744  MXM  WARN  Conflicting CPU frequencies detected, using: 1595.34
