performing reachability, flags: -n 128 -N 8 -shared-heap 1GB --tablesize=23 --cachesize=22  
This is upcrun, job spawner for the Berkeley UPC compiler (http://upc.lbl.gov).
upcrun version 2.22.2
Network conduits supported by this installation: smp mxm ibv
[1468149618.340869] [node053:7439 :0]         sys.c:744  MXM  WARN  Conflicting CPU frequencies detected, using: 1879.78
[1468149618.352945] [node053:7439 :0]         mxm.c:196  MXM  WARN  The 'ulimit -s' on the system is set to 'unlimited'. This may have negative performance implications. Please set the stack size to the default value (10240) 
[1468149618.340869] [node053:7439 :0]         sys.c:744  MXM  WARN  Conflicting CPU frequencies detected, using: 1879.78
[1468149618.353288] [node053:7439 :0]         mxm.c:196  MXM  WARN  The 'ulimit -s' on the system is set to 'unlimited'. This may have negative performance implications. Please set the stack size to the default value (10240) 
[1468149618.340869] [node053:7439 :0]         sys.c:744  MXM  WARN  Conflicting CPU frequencies detected, using: 1879.78
[1468149618.351970] [node053:7439 :0]         mxm.c:196  MXM  WARN  The 'ulimit -s' on the system is set to 'unlimited'. This may have negative performance implications. Please set the stack size to the default value (10240) 
[1468149618.340869] [node053:7439 :0]         sys.c:744  MXM  WARN  Conflicting CPU frequencies detected, using: 1879.78
[1468149618.351463] [node053:7439 :0]         mxm.c:196  MXM  WARN  The 'ulimit -s' on the system is set to 'unlimited'. This may have negative performance implications. Please set the stack size to the default value (10240) 
[1468149618.340869] [node053:7439 :0]         sys.c:744  MXM  WARN  Conflicting CPU frequencies detected, using: 1879.78
[1468149618.351598] [node053:7439 :0]         mxm.c:196  MXM  WARN  The 'ulimit -s' on the system is set to 'unlimited'. This may have negative performance implications. Please set the stack size to the default value (10240) 
[1468149618.340869] [node053:7439 :0]         sys.c:744  MXM  WARN  Conflicting CPU frequencies detected, using: 1879.78
[1468149618.349975] [node053:7439 :0]         mxm.c:196  MXM  WARN  The 'ulimit -s' on the system is set to 'unlimited'. This may have negative performance implications. Please set the stack size to the default value (10240) 
[1468149618.340869] [node053:7439 :0]         sys.c:744  MXM  WARN  Conflicting CPU frequencies detected, using: 1879.78
[1468149618.353864] [node053:7439 :0]         mxm.c:196  MXM  WARN  The 'ulimit -s' on the system is set to 'unlimited'. This may have negative performance implications. Please set the stack size to the default value (10240) 
[1468149618.340869] [node053:7439 :0]         sys.c:744  MXM  WARN  Conflicting CPU frequencies detected, using: 1879.78
[1468149618.349662] [node053:7439 :0]         mxm.c:196  MXM  WARN  The 'ulimit -s' on the system is set to 'unlimited'. This may have negative performance implications. Please set the stack size to the default value (10240) 
[1468149618.340869] [node053:7439 :0]         sys.c:744  MXM  WARN  Conflicting CPU frequencies detected, using: 1879.78
[1468149618.349109] [node053:7439 :0]         mxm.c:196  MXM  WARN  The 'ulimit -s' on the system is set to 'unlimited'. This may have negative performance implications. Please set the stack size to the default value (10240) 
[1468149618.340869] [node053:7439 :0]         sys.c:744  MXM  WARN  Conflicting CPU frequencies detected, using: 1879.78
[1468149618.352739] [node053:7439 :0]         mxm.c:196  MXM  WARN  The 'ulimit -s' on the system is set to 'unlimited'. This may have negative performance implications. Please set the stack size to the default value (10240) 
[1468149618.340869] [node053:7439 :0]         sys.c:744  MXM  WARN  Conflicting CPU frequencies detected, using: 1879.78
[1468149618.350995] [node053:7439 :0]         mxm.c:196  MXM  WARN  The 'ulimit -s' on the system is set to 'unlimited'. This may have negative performance implications. Please set the stack size to the default value (10240) 
[1468149618.340869] [node053:7439 :0]         sys.c:744  MXM  WARN  Conflicting CPU frequencies detected, using: 1879.78
[1468149618.350581] [node053:7439 :0]         mxm.c:196  MXM  WARN  The 'ulimit -s' on the system is set to 'unlimited'. This may have negative performance implications. Please set the stack size to the default value (10240) 
[1468149618.340869] [node053:7439 :0]         sys.c:744  MXM  WARN  Conflicting CPU frequencies detected, using: 1879.78
[1468149618.350857] [node053:7439 :0]         mxm.c:196  MXM  WARN  The 'ulimit -s' on the system is set to 'unlimited'. This may have negative performance implications. Please set the stack size to the default value (10240) 
[1468149618.340869] [node053:7439 :0]         sys.c:744  MXM  WARN  Conflicting CPU frequencies detected, using: 1879.78
[1468149618.350776] [node053:7439 :0]         mxm.c:196  MXM  WARN  The 'ulimit -s' on the system is set to 'unlimited'. This may have negative performance implications. Please set the stack size to the default value (10240) 
[1468149618.340869] [node053:7439 :0]         sys.c:744  MXM  WARN  Conflicting CPU frequencies detected, using: 1879.78
[1468149618.353162] [node053:7439 :0]         mxm.c:196  MXM  WARN  The 'ulimit -s' on the system is set to 'unlimited'. This may have negative performance implications. Please set the stack size to the default value (10240) 
[1468149618.340869] [node053:7439 :0]         sys.c:744  MXM  WARN  Conflicting CPU frequencies detected, using: 1879.78
[1468149618.351207] [node053:7439 :0]         mxm.c:196  MXM  WARN  The 'ulimit -s' on the system is set to 'unlimited'. This may have negative performance implications. Please set the stack size to the default value (10240) 
[1468149618.694923] [node054:1831 :0]         sys.c:744  MXM  WARN  Conflicting CPU frequencies detected, using: 1797.00
[1468149618.741000] [node054:1831 :0]         mxm.c:196  MXM  WARN  The 'ulimit -s' on the system is set to 'unlimited'. This may have negative performance implications. Please set the stack size to the default value (10240) 
[1468149618.697833] [node056:19878:0]         sys.c:744  MXM  WARN  Conflicting CPU frequencies detected, using: 1697.16
[1468149618.742860] [node056:19878:0]         mxm.c:196  MXM  WARN  The 'ulimit -s' on the system is set to 'unlimited'. This may have negative performance implications. Please set the stack size to the default value (10240) 
[1468149618.694923] [node054:1831 :0]         sys.c:744  MXM  WARN  Conflicting CPU frequencies detected, using: 1797.00
[1468149618.742866] [node054:1831 :0]         mxm.c:196  MXM  WARN  The 'ulimit -s' on the system is set to 'unlimited'. This may have negative performance implications. Please set the stack size to the default value (10240) 
[1468149618.697833] [node056:19878:0]         sys.c:744  MXM  WARN  Conflicting CPU frequencies detected, using: 1697.16
[1468149618.743597] [node056:19878:0]         mxm.c:196  MXM  WARN  The 'ulimit -s' on the system is set to 'unlimited'. This may have negative performance implications. Please set the stack size to the default value (10240) 
[1468149618.697833] [node056:19878:0]         sys.c:744  MXM  WARN  Conflicting CPU frequencies detected, using: 1697.16
[1468149618.745352] [node056:19878:0]         mxm.c:196  MXM  WARN  The 'ulimit -s' on the system is set to 'unlimited'. This may have negative performance implications. Please set the stack size to the default value (10240) 
[1468149618.697833] [node056:19878:0]         sys.c:744  MXM  WARN  Conflicting CPU frequencies detected, using: 1697.16
[1468149618.701365] [node055:26279:0]         sys.c:744  MXM  WARN  Conflicting CPU frequencies detected, using: 1799.16
[1468149618.694923] [node054:1831 :0]         sys.c:744  MXM  WARN  Conflicting CPU frequencies detected, using: 1797.00
[1468149618.701365] [node055:26279:0]         sys.c:744  MXM  WARN  Conflicting CPU frequencies detected, using: 1799.16
[1468149618.748879] [node055:26279:0]         mxm.c:196  MXM  WARN  The 'ulimit -s' on the system is set to 'unlimited'. This may have negative performance implications. Please set the stack size to the default value (10240) 
[1468149618.694923] [node054:1831 :0]         sys.c:744  MXM  WARN  Conflicting CPU frequencies detected, using: 1797.00
[1468149618.694923] [node054:1831 :0]         sys.c:744  MXM  WARN  Conflicting CPU frequencies detected, using: 1797.00
[1468149618.694923] [node054:1831 :0]         sys.c:744  MXM  WARN  Conflicting CPU frequencies detected, using: 1797.00
[1468149618.694923] [node054:1831 :0]         sys.c:744  MXM  WARN  Conflicting CPU frequencies detected, using: 1797.00
[1468149618.697833] [node056:19878:0]         sys.c:744  MXM  WARN  Conflicting CPU frequencies detected, using: 1697.16
[1468149618.749312] [node056:19878:0]         mxm.c:196  MXM  WARN  The 'ulimit -s' on the system is set to 'unlimited'. This may have negative performance implications. Please set the stack size to the default value (10240) 
[1468149618.694923] [node054:1831 :0]         sys.c:744  MXM  WARN  Conflicting CPU frequencies detected, using: 1797.00
[1468149618.694923] [node054:1831 :0]         sys.c:744  MXM  WARN  Conflicting CPU frequencies detected, using: 1797.00
[1468149618.694923] [node054:1831 :0]         sys.c:744  MXM  WARN  Conflicting CPU frequencies detected, using: 1797.00
[1468149618.694923] [node054:1831 :0]         sys.c:744  MXM  WARN  Conflicting CPU frequencies detected, using: 1797.00
[1468149618.697833] [node056:19878:0]         sys.c:744  MXM  WARN  Conflicting CPU frequencies detected, using: 1697.16
[1468149618.694923] [node054:1831 :0]         sys.c:744  MXM  WARN  Conflicting CPU frequencies detected, using: 1797.00
[1468149618.697833] [node056:19878:0]         sys.c:744  MXM  WARN  Conflicting CPU frequencies detected, using: 1697.16
[1468149618.694923] [node054:1831 :0]         sys.c:744  MXM  WARN  Conflicting CPU frequencies detected, using: 1797.00
[1468149618.697833] [node056:19878:0]         sys.c:744  MXM  WARN  Conflicting CPU frequencies detected, using: 1697.16
[1468149618.697833] [node056:19878:0]         sys.c:744  MXM  WARN  Conflicting CPU frequencies detected, using: 1697.16
[1468149618.697833] [node056:19878:0]         sys.c:744  MXM  WARN  Conflicting CPU frequencies detected, using: 1697.16
[1468149618.697833] [node056:19878:0]         sys.c:744  MXM  WARN  Conflicting CPU frequencies detected, using: 1697.16
[1468149618.697833] [node056:19878:0]         sys.c:744  MXM  WARN  Conflicting CPU frequencies detected, using: 1697.16
[1468149618.697833] [node056:19878:0]         sys.c:744  MXM  WARN  Conflicting CPU frequencies detected, using: 1697.16
[1468149618.697833] [node056:19878:0]         sys.c:744  MXM  WARN  Conflicting CPU frequencies detected, using: 1697.16
[1468149618.701365] [node055:26279:0]         sys.c:744  MXM  WARN  Conflicting CPU frequencies detected, using: 1799.16
[1468149618.701365] [node055:26279:0]         sys.c:744  MXM  WARN  Conflicting CPU frequencies detected, using: 1799.16
[1468149618.701365] [node055:26279:0]         sys.c:744  MXM  WARN  Conflicting CPU frequencies detected, using: 1799.16
[1468149618.701365] [node055:26279:0]         sys.c:744  MXM  WARN  Conflicting CPU frequencies detected, using: 1799.16
[1468149618.701365] [node055:26279:0]         sys.c:744  MXM  WARN  Conflicting CPU frequencies detected, using: 1799.16
[1468149618.701365] [node055:26279:0]         sys.c:744  MXM  WARN  Conflicting CPU frequencies detected, using: 1799.16
[1468149618.701365] [node055:26279:0]         sys.c:744  MXM  WARN  Conflicting CPU frequencies detected, using: 1799.16
[1468149618.701365] [node055:26279:0]         sys.c:744  MXM  WARN  Conflicting CPU frequencies detected, using: 1799.16
[1468149618.701365] [node055:26279:0]         sys.c:744  MXM  WARN  Conflicting CPU frequencies detected, using: 1799.16
[1468149618.701365] [node055:26279:0]         sys.c:744  MXM  WARN  Conflicting CPU frequencies detected, using: 1799.16
[1468149618.701365] [node055:26279:0]         sys.c:744  MXM  WARN  Conflicting CPU frequencies detected, using: 1799.16
[1468149618.701365] [node055:26279:0]         sys.c:744  MXM  WARN  Conflicting CPU frequencies detected, using: 1799.16
[1468149618.701365] [node055:26279:0]         sys.c:744  MXM  WARN  Conflicting CPU frequencies detected, using: 1799.16
[1468149618.698595] [node060:21721:0]         sys.c:744  MXM  WARN  Conflicting CPU frequencies detected, using: 1485.47
[1468149618.710910] [node060:21721:0]         mxm.c:196  MXM  WARN  The 'ulimit -s' on the system is set to 'unlimited'. This may have negative performance implications. Please set the stack size to the default value (10240) 
[1468149618.695923] [node058:16830:0]         sys.c:744  MXM  WARN  Conflicting CPU frequencies detected, using: 1796.53
[1468149618.708869] [node058:16830:0]         mxm.c:196  MXM  WARN  The 'ulimit -s' on the system is set to 'unlimited'. This may have negative performance implications. Please set the stack size to the default value (10240) 
[1468149618.698595] [node060:21721:0]         sys.c:744  MXM  WARN  Conflicting CPU frequencies detected, using: 1485.47
[1468149618.706214] [node060:21721:0]         mxm.c:196  MXM  WARN  The 'ulimit -s' on the system is set to 'unlimited'. This may have negative performance implications. Please set the stack size to the default value (10240) 
[1468149618.698595] [node060:21721:0]         sys.c:744  MXM  WARN  Conflicting CPU frequencies detected, using: 1485.47
[1468149618.708659] [node060:21721:0]         mxm.c:196  MXM  WARN  The 'ulimit -s' on the system is set to 'unlimited'. This may have negative performance implications. Please set the stack size to the default value (10240) 
[1468149618.695923] [node058:16830:0]         sys.c:744  MXM  WARN  Conflicting CPU frequencies detected, using: 1796.53
[1468149618.709834] [node058:16830:0]         mxm.c:196  MXM  WARN  The 'ulimit -s' on the system is set to 'unlimited'. This may have negative performance implications. Please set the stack size to the default value (10240) 
[1468149618.698595] [node060:21721:0]         sys.c:744  MXM  WARN  Conflicting CPU frequencies detected, using: 1485.47
[1468149618.711503] [node060:21721:0]         mxm.c:196  MXM  WARN  The 'ulimit -s' on the system is set to 'unlimited'. This may have negative performance implications. Please set the stack size to the default value (10240) 
[1468149618.698595] [node060:21721:0]         sys.c:744  MXM  WARN  Conflicting CPU frequencies detected, using: 1485.47
[1468149618.708217] [node060:21721:0]         mxm.c:196  MXM  WARN  The 'ulimit -s' on the system is set to 'unlimited'. This may have negative performance implications. Please set the stack size to the default value (10240) 
[1468149618.695923] [node058:16830:0]         sys.c:744  MXM  WARN  Conflicting CPU frequencies detected, using: 1796.53
[1468149618.705473] [node058:16830:0]         mxm.c:196  MXM  WARN  The 'ulimit -s' on the system is set to 'unlimited'. This may have negative performance implications. Please set the stack size to the default value (10240) 
[1468149618.693077] [node057:18778:0]         sys.c:744  MXM  WARN  Conflicting CPU frequencies detected, using: 1898.62
[1468149618.705597] [node057:18778:0]         mxm.c:196  MXM  WARN  The 'ulimit -s' on the system is set to 'unlimited'. This may have negative performance implications. Please set the stack size to the default value (10240) 
[1468149618.698595] [node060:21721:0]         sys.c:744  MXM  WARN  Conflicting CPU frequencies detected, using: 1485.47
[1468149618.711813] [node060:21721:0]         mxm.c:196  MXM  WARN  The 'ulimit -s' on the system is set to 'unlimited'. This may have negative performance implications. Please set the stack size to the default value (10240) 
[1468149618.693077] [node057:18778:0]         sys.c:744  MXM  WARN  Conflicting CPU frequencies detected, using: 1898.62
[1468149618.701303] [node057:18778:0]         mxm.c:196  MXM  WARN  The 'ulimit -s' on the system is set to 'unlimited'. This may have negative performance implications. Please set the stack size to the default value (10240) 
[1468149618.698595] [node060:21721:0]         sys.c:744  MXM  WARN  Conflicting CPU frequencies detected, using: 1485.47
[1468149618.709987] [node060:21721:0]         mxm.c:196  MXM  WARN  The 'ulimit -s' on the system is set to 'unlimited'. This may have negative performance implications. Please set the stack size to the default value (10240) 
[1468149618.698595] [node060:21721:0]         sys.c:744  MXM  WARN  Conflicting CPU frequencies detected, using: 1485.47
[1468149618.706475] [node060:21721:0]         mxm.c:196  MXM  WARN  The 'ulimit -s' on the system is set to 'unlimited'. This may have negative performance implications. Please set the stack size to the default value (10240) 
[1468149618.695923] [node058:16830:0]         sys.c:744  MXM  WARN  Conflicting CPU frequencies detected, using: 1796.53
[1468149618.708156] [node058:16830:0]         mxm.c:196  MXM  WARN  The 'ulimit -s' on the system is set to 'unlimited'. This may have negative performance implications. Please set the stack size to the default value (10240) 
[1468149618.695923] [node058:16830:0]         sys.c:744  MXM  WARN  Conflicting CPU frequencies detected, using: 1796.53
[1468149618.708501] [node058:16830:0]         mxm.c:196  MXM  WARN  The 'ulimit -s' on the system is set to 'unlimited'. This may have negative performance implications. Please set the stack size to the default value (10240) 
[1468149618.698595] [node060:21721:0]         sys.c:744  MXM  WARN  Conflicting CPU frequencies detected, using: 1485.47
[1468149618.711029] [node060:21721:0]         mxm.c:196  MXM  WARN  The 'ulimit -s' on the system is set to 'unlimited'. This may have negative performance implications. Please set the stack size to the default value (10240) 
[1468149618.693077] [node057:18778:0]         sys.c:744  MXM  WARN  Conflicting CPU frequencies detected, using: 1898.62
[1468149618.705752] [node057:18778:0]         mxm.c:196  MXM  WARN  The 'ulimit -s' on the system is set to 'unlimited'. This may have negative performance implications. Please set the stack size to the default value (10240) 
[1468149618.693077] [node057:18778:0]         sys.c:744  MXM  WARN  Conflicting CPU frequencies detected, using: 1898.62
[1468149618.704859] [node057:18778:0]         mxm.c:196  MXM  WARN  The 'ulimit -s' on the system is set to 'unlimited'. This may have negative performance implications. Please set the stack size to the default value (10240) 
[1468149618.698595] [node060:21721:0]         sys.c:744  MXM  WARN  Conflicting CPU frequencies detected, using: 1485.47
[1468149618.710297] [node060:21721:0]         mxm.c:196  MXM  WARN  The 'ulimit -s' on the system is set to 'unlimited'. This may have negative performance implications. Please set the stack size to the default value (10240) 
[1468149618.693077] [node057:18778:0]         sys.c:744  MXM  WARN  Conflicting CPU frequencies detected, using: 1898.62
[1468149618.701703] [node057:18778:0]         mxm.c:196  MXM  WARN  The 'ulimit -s' on the system is set to 'unlimited'. This may have negative performance implications. Please set the stack size to the default value (10240) 
[1468149618.693077] [node057:18778:0]         sys.c:744  MXM  WARN  Conflicting CPU frequencies detected, using: 1898.62
[1468149618.705965] [node057:18778:0]         mxm.c:196  MXM  WARN  The 'ulimit -s' on the system is set to 'unlimited'. This may have negative performance implications. Please set the stack size to the default value (10240) 
[1468149618.693077] [node057:18778:0]         sys.c:744  MXM  WARN  Conflicting CPU frequencies detected, using: 1898.62
[1468149618.704684] [node057:18778:0]         mxm.c:196  MXM  WARN  The 'ulimit -s' on the system is set to 'unlimited'. This may have negative performance implications. Please set the stack size to the default value (10240) 
[1468149618.693077] [node057:18778:0]         sys.c:744  MXM  WARN  Conflicting CPU frequencies detected, using: 1898.62
[1468149618.703424] [node057:18778:0]         mxm.c:196  MXM  WARN  The 'ulimit -s' on the system is set to 'unlimited'. This may have negative performance implications. Please set the stack size to the default value (10240) 
[1468149618.695923] [node058:16830:0]         sys.c:744  MXM  WARN  Conflicting CPU frequencies detected, using: 1796.53
[1468149618.703925] [node058:16830:0]         mxm.c:196  MXM  WARN  The 'ulimit -s' on the system is set to 'unlimited'. This may have negative performance implications. Please set the stack size to the default value (10240) 
[1468149618.693077] [node057:18778:0]         sys.c:744  MXM  WARN  Conflicting CPU frequencies detected, using: 1898.62
[1468149618.701885] [node057:18778:0]         mxm.c:196  MXM  WARN  The 'ulimit -s' on the system is set to 'unlimited'. This may have negative performance implications. Please set the stack size to the default value (10240) 
[1468149618.698595] [node060:21721:0]         sys.c:744  MXM  WARN  Conflicting CPU frequencies detected, using: 1485.47
[1468149618.709269] [node060:21721:0]         mxm.c:196  MXM  WARN  The 'ulimit -s' on the system is set to 'unlimited'. This may have negative performance implications. Please set the stack size to the default value (10240) 
[1468149618.698652] [node059:18946:0]         sys.c:744  MXM  WARN  Conflicting CPU frequencies detected, using: 1794.84
[1468149618.711588] [node059:18946:0]         mxm.c:196  MXM  WARN  The 'ulimit -s' on the system is set to 'unlimited'. This may have negative performance implications. Please set the stack size to the default value (10240) 
[1468149618.695923] [node058:16830:0]         sys.c:744  MXM  WARN  Conflicting CPU frequencies detected, using: 1796.53
[1468149618.708252] [node058:16830:0]         mxm.c:196  MXM  WARN  The 'ulimit -s' on the system is set to 'unlimited'. This may have negative performance implications. Please set the stack size to the default value (10240) 
[1468149618.698652] [node059:18946:0]         sys.c:744  MXM  WARN  Conflicting CPU frequencies detected, using: 1794.84
[1468149618.710446] [node059:18946:0]         mxm.c:196  MXM  WARN  The 'ulimit -s' on the system is set to 'unlimited'. This may have negative performance implications. Please set the stack size to the default value (10240) 
[1468149618.698652] [node059:18946:0]         sys.c:744  MXM  WARN  Conflicting CPU frequencies detected, using: 1794.84
[1468149618.705770] [node059:18946:0]         mxm.c:196  MXM  WARN  The 'ulimit -s' on the system is set to 'unlimited'. This may have negative performance implications. Please set the stack size to the default value (10240) 
[1468149618.698652] [node059:18946:0]         sys.c:744  MXM  WARN  Conflicting CPU frequencies detected, using: 1794.84
[1468149618.711181] [node059:18946:0]         mxm.c:196  MXM  WARN  The 'ulimit -s' on the system is set to 'unlimited'. This may have negative performance implications. Please set the stack size to the default value (10240) 
[1468149618.698652] [node059:18946:0]         sys.c:744  MXM  WARN  Conflicting CPU frequencies detected, using: 1794.84
[1468149618.710609] [node059:18946:0]         mxm.c:196  MXM  WARN  The 'ulimit -s' on the system is set to 'unlimited'. This may have negative performance implications. Please set the stack size to the default value (10240) 
[1468149618.693077] [node057:18778:0]         sys.c:744  MXM  WARN  Conflicting CPU frequencies detected, using: 1898.62
[1468149618.703830] [node057:18778:0]         mxm.c:196  MXM  WARN  The 'ulimit -s' on the system is set to 'unlimited'. This may have negative performance implications. Please set the stack size to the default value (10240) 
[1468149618.693077] [node057:18778:0]         sys.c:744  MXM  WARN  Conflicting CPU frequencies detected, using: 1898.62
[1468149618.704342] [node057:18778:0]         mxm.c:196  MXM  WARN  The 'ulimit -s' on the system is set to 'unlimited'. This may have negative performance implications. Please set the stack size to the default value (10240) 
[1468149618.698652] [node059:18946:0]         sys.c:744  MXM  WARN  Conflicting CPU frequencies detected, using: 1794.84
[1468149618.709741] [node059:18946:0]         mxm.c:196  MXM  WARN  The 'ulimit -s' on the system is set to 'unlimited'. This may have negative performance implications. Please set the stack size to the default value (10240) 
[1468149618.698595] [node060:21721:0]         sys.c:744  MXM  WARN  Conflicting CPU frequencies detected, using: 1485.47
[1468149618.711596] [node060:21721:0]         mxm.c:196  MXM  WARN  The 'ulimit -s' on the system is set to 'unlimited'. This may have negative performance implications. Please set the stack size to the default value (10240) 
[1468149618.698652] [node059:18946:0]         sys.c:744  MXM  WARN  Conflicting CPU frequencies detected, using: 1794.84
[1468149618.709357] [node059:18946:0]         mxm.c:196  MXM  WARN  The 'ulimit -s' on the system is set to 'unlimited'. This may have negative performance implications. Please set the stack size to the default value (10240) 
[1468149618.695923] [node058:16830:0]         sys.c:744  MXM  WARN  Conflicting CPU frequencies detected, using: 1796.53
[1468149618.707522] [node058:16830:0]         mxm.c:196  MXM  WARN  The 'ulimit -s' on the system is set to 'unlimited'. This may have negative performance implications. Please set the stack size to the default value (10240) 
[1468149618.698652] [node059:18946:0]         sys.c:744  MXM  WARN  Conflicting CPU frequencies detected, using: 1794.84
[1468149618.706856] [node059:18946:0]         mxm.c:196  MXM  WARN  The 'ulimit -s' on the system is set to 'unlimited'. This may have negative performance implications. Please set the stack size to the default value (10240) 
[1468149618.695923] [node058:16830:0]         sys.c:744  MXM  WARN  Conflicting CPU frequencies detected, using: 1796.53
[1468149618.707888] [node058:16830:0]         mxm.c:196  MXM  WARN  The 'ulimit -s' on the system is set to 'unlimited'. This may have negative performance implications. Please set the stack size to the default value (10240) 
[1468149618.698652] [node059:18946:0]         sys.c:744  MXM  WARN  Conflicting CPU frequencies detected, using: 1794.84
[1468149618.711657] [node059:18946:0]         mxm.c:196  MXM  WARN  The 'ulimit -s' on the system is set to 'unlimited'. This may have negative performance implications. Please set the stack size to the default value (10240) 
[1468149618.693077] [node057:18778:0]         sys.c:744  MXM  WARN  Conflicting CPU frequencies detected, using: 1898.62
[1468149618.705904] [node057:18778:0]         mxm.c:196  MXM  WARN  The 'ulimit -s' on the system is set to 'unlimited'. This may have negative performance implications. Please set the stack size to the default value (10240) 
[1468149618.698652] [node059:18946:0]         sys.c:744  MXM  WARN  Conflicting CPU frequencies detected, using: 1794.84
[1468149618.710196] [node059:18946:0]         mxm.c:196  MXM  WARN  The 'ulimit -s' on the system is set to 'unlimited'. This may have negative performance implications. Please set the stack size to the default value (10240) 
[1468149618.698652] [node059:18946:0]         sys.c:744  MXM  WARN  Conflicting CPU frequencies detected, using: 1794.84
[1468149618.709468] [node059:18946:0]         mxm.c:196  MXM  WARN  The 'ulimit -s' on the system is set to 'unlimited'. This may have negative performance implications. Please set the stack size to the default value (10240) 
[1468149618.698652] [node059:18946:0]         sys.c:744  MXM  WARN  Conflicting CPU frequencies detected, using: 1794.84
[1468149618.705972] [node059:18946:0]         mxm.c:196  MXM  WARN  The 'ulimit -s' on the system is set to 'unlimited'. This may have negative performance implications. Please set the stack size to the default value (10240) 
[1468149618.693077] [node057:18778:0]         sys.c:744  MXM  WARN  Conflicting CPU frequencies detected, using: 1898.62
[1468149618.705272] [node057:18778:0]         mxm.c:196  MXM  WARN  The 'ulimit -s' on the system is set to 'unlimited'. This may have negative performance implications. Please set the stack size to the default value (10240) 
[1468149618.695923] [node058:16830:0]         sys.c:744  MXM  WARN  Conflicting CPU frequencies detected, using: 1796.53
[1468149618.703717] [node058:16830:0]         mxm.c:196  MXM  WARN  The 'ulimit -s' on the system is set to 'unlimited'. This may have negative performance implications. Please set the stack size to the default value (10240) 
[1468149618.698652] [node059:18946:0]         sys.c:744  MXM  WARN  Conflicting CPU frequencies detected, using: 1794.84
[1468149618.711483] [node059:18946:0]         mxm.c:196  MXM  WARN  The 'ulimit -s' on the system is set to 'unlimited'. This may have negative performance implications. Please set the stack size to the default value (10240) 
[1468149618.698652] [node059:18946:0]         sys.c:744  MXM  WARN  Conflicting CPU frequencies detected, using: 1794.84
[1468149618.707477] [node059:18946:0]         mxm.c:196  MXM  WARN  The 'ulimit -s' on the system is set to 'unlimited'. This may have negative performance implications. Please set the stack size to the default value (10240) 
[1468149618.698595] [node060:21721:0]         sys.c:744  MXM  WARN  Conflicting CPU frequencies detected, using: 1485.47
[1468149618.711939] [node060:21721:0]         mxm.c:196  MXM  WARN  The 'ulimit -s' on the system is set to 'unlimited'. This may have negative performance implications. Please set the stack size to the default value (10240) 
[1468149618.693077] [node057:18778:0]         sys.c:744  MXM  WARN  Conflicting CPU frequencies detected, using: 1898.62
[1468149618.704786] [node057:18778:0]         mxm.c:196  MXM  WARN  The 'ulimit -s' on the system is set to 'unlimited'. This may have negative performance implications. Please set the stack size to the default value (10240) 
[1468149618.695923] [node058:16830:0]         sys.c:744  MXM  WARN  Conflicting CPU frequencies detected, using: 1796.53
[1468149618.709187] [node058:16830:0]         mxm.c:196  MXM  WARN  The 'ulimit -s' on the system is set to 'unlimited'. This may have negative performance implications. Please set the stack size to the default value (10240) 
[1468149618.695923] [node058:16830:0]         sys.c:744  MXM  WARN  Conflicting CPU frequencies detected, using: 1796.53
[1468149618.707806] [node058:16830:0]         mxm.c:196  MXM  WARN  The 'ulimit -s' on the system is set to 'unlimited'. This may have negative performance implications. Please set the stack size to the default value (10240) 
[1468149618.698595] [node060:21721:0]         sys.c:744  MXM  WARN  Conflicting CPU frequencies detected, using: 1485.47
[1468149618.711160] [node060:21721:0]         mxm.c:196  MXM  WARN  The 'ulimit -s' on the system is set to 'unlimited'. This may have negative performance implications. Please set the stack size to the default value (10240) 
[1468149618.698595] [node060:21721:0]         sys.c:744  MXM  WARN  Conflicting CPU frequencies detected, using: 1485.47
[1468149618.711761] [node060:21721:0]         mxm.c:196  MXM  WARN  The 'ulimit -s' on the system is set to 'unlimited'. This may have negative performance implications. Please set the stack size to the default value (10240) 
[1468149618.695923] [node058:16830:0]         sys.c:744  MXM  WARN  Conflicting CPU frequencies detected, using: 1796.53
[1468149618.702853] [node058:16830:0]         mxm.c:196  MXM  WARN  The 'ulimit -s' on the system is set to 'unlimited'. This may have negative performance implications. Please set the stack size to the default value (10240) 
[1468149618.693077] [node057:18778:0]         sys.c:744  MXM  WARN  Conflicting CPU frequencies detected, using: 1898.62
[1468149618.700453] [node057:18778:0]         mxm.c:196  MXM  WARN  The 'ulimit -s' on the system is set to 'unlimited'. This may have negative performance implications. Please set the stack size to the default value (10240) 
[1468149618.695923] [node058:16830:0]         sys.c:744  MXM  WARN  Conflicting CPU frequencies detected, using: 1796.53
[1468149618.704685] [node058:16830:0]         mxm.c:196  MXM  WARN  The 'ulimit -s' on the system is set to 'unlimited'. This may have negative performance implications. Please set the stack size to the default value (10240) 
[1468149618.693077] [node057:18778:0]         sys.c:744  MXM  WARN  Conflicting CPU frequencies detected, using: 1898.62
[1468149618.700158] [node057:18778:0]         mxm.c:196  MXM  WARN  The 'ulimit -s' on the system is set to 'unlimited'. This may have negative performance implications. Please set the stack size to the default value (10240) 
[1468149618.698652] [node059:18946:0]         sys.c:744  MXM  WARN  Conflicting CPU frequencies detected, using: 1794.84
[1468149618.708514] [node059:18946:0]         mxm.c:196  MXM  WARN  The 'ulimit -s' on the system is set to 'unlimited'. This may have negative performance implications. Please set the stack size to the default value (10240) 
[1468149618.698652] [node059:18946:0]         sys.c:744  MXM  WARN  Conflicting CPU frequencies detected, using: 1794.84
[1468149618.708398] [node059:18946:0]         mxm.c:196  MXM  WARN  The 'ulimit -s' on the system is set to 'unlimited'. This may have negative performance implications. Please set the stack size to the default value (10240) 
[1468149618.698595] [node060:21721:0]         sys.c:744  MXM  WARN  Conflicting CPU frequencies detected, using: 1485.47
[1468149618.707458] [node060:21721:0]         mxm.c:196  MXM  WARN  The 'ulimit -s' on the system is set to 'unlimited'. This may have negative performance implications. Please set the stack size to the default value (10240) 
[1468149618.695923] [node058:16830:0]         sys.c:744  MXM  WARN  Conflicting CPU frequencies detected, using: 1796.53
[1468149618.707226] [node058:16830:0]         mxm.c:196  MXM  WARN  The 'ulimit -s' on the system is set to 'unlimited'. This may have negative performance implications. Please set the stack size to the default value (10240) 
[1468149618.695923] [node058:16830:0]         sys.c:744  MXM  WARN  Conflicting CPU frequencies detected, using: 1796.53
[1468149618.704506] [node058:16830:0]         mxm.c:196  MXM  WARN  The 'ulimit -s' on the system is set to 'unlimited'. This may have negative performance implications. Please set the stack size to the default value (10240) 
[1468149618.759428] [node055:26279:0]         mxm.c:196  MXM  WARN  The 'ulimit -s' on the system is set to 'unlimited'. This may have negative performance implications. Please set the stack size to the default value (10240) 
[1468149618.694923] [node054:1831 :0]         sys.c:744  MXM  WARN  Conflicting CPU frequencies detected, using: 1797.00
[1468149618.729845] [node054:1831 :0]         mxm.c:196  MXM  WARN  The 'ulimit -s' on the system is set to 'unlimited'. This may have negative performance implications. Please set the stack size to the default value (10240) 
[1468149618.747775] [node056:19878:0]         mxm.c:196  MXM  WARN  The 'ulimit -s' on the system is set to 'unlimited'. This may have negative performance implications. Please set the stack size to the default value (10240) 
[1468149618.767831] [node054:1831 :0]         mxm.c:196  MXM  WARN  The 'ulimit -s' on the system is set to 'unlimited'. This may have negative performance implications. Please set the stack size to the default value (10240) 
[1468149618.694923] [node054:1831 :0]         sys.c:744  MXM  WARN  Conflicting CPU frequencies detected, using: 1797.00
[1468149618.726616] [node054:1831 :0]         mxm.c:196  MXM  WARN  The 'ulimit -s' on the system is set to 'unlimited'. This may have negative performance implications. Please set the stack size to the default value (10240) 
[1468149618.799546] [node056:19878:0]         mxm.c:196  MXM  WARN  The 'ulimit -s' on the system is set to 'unlimited'. This may have negative performance implications. Please set the stack size to the default value (10240) 
[1468149618.697833] [node056:19878:0]         sys.c:744  MXM  WARN  Conflicting CPU frequencies detected, using: 1697.16
[1468149618.735050] [node056:19878:0]         mxm.c:196  MXM  WARN  The 'ulimit -s' on the system is set to 'unlimited'. This may have negative performance implications. Please set the stack size to the default value (10240) 
[1468149618.766246] [node056:19878:0]         mxm.c:196  MXM  WARN  The 'ulimit -s' on the system is set to 'unlimited'. This may have negative performance implications. Please set the stack size to the default value (10240) 
[1468149618.764240] [node054:1831 :0]         mxm.c:196  MXM  WARN  The 'ulimit -s' on the system is set to 'unlimited'. This may have negative performance implications. Please set the stack size to the default value (10240) 
[1468149618.767034] [node056:19878:0]         mxm.c:196  MXM  WARN  The 'ulimit -s' on the system is set to 'unlimited'. This may have negative performance implications. Please set the stack size to the default value (10240) 
[1468149618.769444] [node056:19878:0]         mxm.c:196  MXM  WARN  The 'ulimit -s' on the system is set to 'unlimited'. This may have negative performance implications. Please set the stack size to the default value (10240) 
[1468149618.760003] [node054:1831 :0]         mxm.c:196  MXM  WARN  The 'ulimit -s' on the system is set to 'unlimited'. This may have negative performance implications. Please set the stack size to the default value (10240) 
[1468149618.748131] [node055:26279:0]         mxm.c:196  MXM  WARN  The 'ulimit -s' on the system is set to 'unlimited'. This may have negative performance implications. Please set the stack size to the default value (10240) 
[1468149618.770972] [node054:1831 :0]         mxm.c:196  MXM  WARN  The 'ulimit -s' on the system is set to 'unlimited'. This may have negative performance implications. Please set the stack size to the default value (10240) 
[1468149618.778629] [node055:26279:0]         mxm.c:196  MXM  WARN  The 'ulimit -s' on the system is set to 'unlimited'. This may have negative performance implications. Please set the stack size to the default value (10240) 
[1468149618.780611] [node056:19878:0]         mxm.c:196  MXM  WARN  The 'ulimit -s' on the system is set to 'unlimited'. This may have negative performance implications. Please set the stack size to the default value (10240) 
[1468149618.697833] [node056:19878:0]         sys.c:744  MXM  WARN  Conflicting CPU frequencies detected, using: 1697.16
[1468149618.736598] [node056:19878:0]         mxm.c:196  MXM  WARN  The 'ulimit -s' on the system is set to 'unlimited'. This may have negative performance implications. Please set the stack size to the default value (10240) 
[1468149618.753460] [node054:1831 :0]         mxm.c:196  MXM  WARN  The 'ulimit -s' on the system is set to 'unlimited'. This may have negative performance implications. Please set the stack size to the default value (10240) 
[1468149618.758649] [node055:26279:0]         mxm.c:196  MXM  WARN  The 'ulimit -s' on the system is set to 'unlimited'. This may have negative performance implications. Please set the stack size to the default value (10240) 
[1468149618.785568] [node054:1831 :0]         mxm.c:196  MXM  WARN  The 'ulimit -s' on the system is set to 'unlimited'. This may have negative performance implications. Please set the stack size to the default value (10240) 
[1468149618.792551] [node055:26279:0]         mxm.c:196  MXM  WARN  The 'ulimit -s' on the system is set to 'unlimited'. This may have negative performance implications. Please set the stack size to the default value (10240) 
[1468149618.760192] [node055:26279:0]         mxm.c:196  MXM  WARN  The 'ulimit -s' on the system is set to 'unlimited'. This may have negative performance implications. Please set the stack size to the default value (10240) 
[1468149618.701365] [node055:26279:0]         sys.c:744  MXM  WARN  Conflicting CPU frequencies detected, using: 1799.16
[1468149618.741686] [node055:26279:0]         mxm.c:196  MXM  WARN  The 'ulimit -s' on the system is set to 'unlimited'. This may have negative performance implications. Please set the stack size to the default value (10240) 
[1468149618.774539] [node054:1831 :0]         mxm.c:196  MXM  WARN  The 'ulimit -s' on the system is set to 'unlimited'. This may have negative performance implications. Please set the stack size to the default value (10240) 
[1468149618.754478] [node055:26279:0]         mxm.c:196  MXM  WARN  The 'ulimit -s' on the system is set to 'unlimited'. This may have negative performance implications. Please set the stack size to the default value (10240) 
[1468149618.771746] [node054:1831 :0]         mxm.c:196  MXM  WARN  The 'ulimit -s' on the system is set to 'unlimited'. This may have negative performance implications. Please set the stack size to the default value (10240) 
[1468149618.760825] [node054:1831 :0]         mxm.c:196  MXM  WARN  The 'ulimit -s' on the system is set to 'unlimited'. This may have negative performance implications. Please set the stack size to the default value (10240) 
[1468149618.768548] [node054:1831 :0]         mxm.c:196  MXM  WARN  The 'ulimit -s' on the system is set to 'unlimited'. This may have negative performance implications. Please set the stack size to the default value (10240) 
[1468149618.802995] [node056:19878:0]         mxm.c:196  MXM  WARN  The 'ulimit -s' on the system is set to 'unlimited'. This may have negative performance implications. Please set the stack size to the default value (10240) 
[1468149618.765470] [node056:19878:0]         mxm.c:196  MXM  WARN  The 'ulimit -s' on the system is set to 'unlimited'. This may have negative performance implications. Please set the stack size to the default value (10240) 
[1468149618.763454] [node055:26279:0]         mxm.c:196  MXM  WARN  The 'ulimit -s' on the system is set to 'unlimited'. This may have negative performance implications. Please set the stack size to the default value (10240) 
[1468149618.764963] [node055:26279:0]         mxm.c:196  MXM  WARN  The 'ulimit -s' on the system is set to 'unlimited'. This may have negative performance implications. Please set the stack size to the default value (10240) 
[1468149618.771660] [node055:26279:0]         mxm.c:196  MXM  WARN  The 'ulimit -s' on the system is set to 'unlimited'. This may have negative performance implications. Please set the stack size to the default value (10240) 
[1468149618.776742] [node055:26279:0]         mxm.c:196  MXM  WARN  The 'ulimit -s' on the system is set to 'unlimited'. This may have negative performance implications. Please set the stack size to the default value (10240) 
[1468149618.757866] [node055:26279:0]         mxm.c:196  MXM  WARN  The 'ulimit -s' on the system is set to 'unlimited'. This may have negative performance implications. Please set the stack size to the default value (10240) 
[1468149618.764225] [node055:26279:0]         mxm.c:196  MXM  WARN  The 'ulimit -s' on the system is set to 'unlimited'. This may have negative performance implications. Please set the stack size to the default value (10240) 
[1468149618.760959] [node055:26279:0]         mxm.c:196  MXM  WARN  The 'ulimit -s' on the system is set to 'unlimited'. This may have negative performance implications. Please set the stack size to the default value (10240) 
[1468149618.770225] [node054:1831 :0]         mxm.c:196  MXM  WARN  The 'ulimit -s' on the system is set to 'unlimited'. This may have negative performance implications. Please set the stack size to the default value (10240) 
[1468149618.762755] [node056:19878:0]         mxm.c:196  MXM  WARN  The 'ulimit -s' on the system is set to 'unlimited'. This may have negative performance implications. Please set the stack size to the default value (10240) 
[1468149618.766260] [node056:19878:0]         mxm.c:196  MXM  WARN  The 'ulimit -s' on the system is set to 'unlimited'. This may have negative performance implications. Please set the stack size to the default value (10240) 
[1468149618.694923] [node054:1831 :0]         sys.c:744  MXM  WARN  Conflicting CPU frequencies detected, using: 1797.00
[1468149618.728336] [node054:1831 :0]         mxm.c:196  MXM  WARN  The 'ulimit -s' on the system is set to 'unlimited'. This may have negative performance implications. Please set the stack size to the default value (10240) 
UPCR: UPC thread   8 of 128 on node053 (pshm node 0 of 8, process   8 of 128, pid=7459)
UPCR: UPC thread  12 of 128 on node053 (pshm node 0 of 8, process  12 of 128, pid=7467)
UPCR: UPC thread  10 of 128 on node053 (pshm node 0 of 8, process  10 of 128, pid=7463)
UPCR: UPC thread   9 of 128 on node053 (pshm node 0 of 8, process   9 of 128, pid=7461)
UPCR: UPC thread  11 of 128 on node053 (pshm node 0 of 8, process  11 of 128, pid=7465)
UPCR: UPC thread   5 of 128 on node053 (pshm node 0 of 8, process   5 of 128, pid=7452)
UPCR: UPC thread   4 of 128 on node053 (pshm node 0 of 8, process   4 of 128, pid=7451)
UPCR: UPC thread  14 of 128 on node053 (pshm node 0 of 8, process  14 of 128, pid=7471)
UPCR: UPC thread   0 of 128 on node053 (pshm node 0 of 8, process   0 of 128, pid=7447)
UPCR: UPC thread   6 of 128 on node053 (pshm node 0 of 8, process   6 of 128, pid=7454)
UPCR: UPC thread   2 of 128 on node053 (pshm node 0 of 8, process   2 of 128, pid=7449)
UPCR: UPC thread   1 of 128 on node053 (pshm node 0 of 8, process   1 of 128, pid=7448)
UPCR: UPC thread  15 of 128 on node053 (pshm node 0 of 8, process  15 of 128, pid=7474)
UPCR: UPC thread   3 of 128 on node053 (pshm node 0 of 8, process   3 of 128, pid=7450)
UPCR: UPC thread   7 of 128 on node053 (pshm node 0 of 8, process   7 of 128, pid=7456)
UPCR: UPC thread  13 of 128 on node053 (pshm node 0 of 8, process  13 of 128, pid=7469)
UPCR: UPC thread  18 of 128 on node054 (pshm node 1 of 8, process  18 of 128, pid=1877)
UPCR: UPC thread  31 of 128 on node054 (pshm node 1 of 8, process  31 of 128, pid=1901)
UPCR: UPC thread  37 of 128 on node055 (pshm node 2 of 8, process  37 of 128, pid=26326)
UPCR: UPC thread  40 of 128 on node055 (pshm node 2 of 8, process  40 of 128, pid=26332)
UPCR: UPC thread  39 of 128 on node055 (pshm node 2 of 8, process  39 of 128, pid=26330)
UPCR: UPC thread  32 of 128 on node055 (pshm node 2 of 8, process  32 of 128, pid=26321)
UPCR: UPC thread 100 of 128 on node059 (pshm node 6 of 8, process 100 of 128, pid=18992)
UPCR: UPC thread 105 of 128 on node059 (pshm node 6 of 8, process 105 of 128, pid=19002)
UPCR: UPC thread 109 of 128 on node059 (pshm node 6 of 8, process 109 of 128, pid=19011)
UPCR: UPC thread 102 of 128 on node059 (pshm node 6 of 8, process 102 of 128, pid=18996)
UPCR: UPC thread 107 of 128 on node059 (pshm node 6 of 8, process 107 of 128, pid=19006)
UPCR: UPC thread 103 of 128 on node059 (pshm node 6 of 8, process 103 of 128, pid=18998)
UPCR: UPC thread  20 of 128 on node054 (pshm node 1 of 8, process  20 of 128, pid=1879)
UPCR: UPC thread  26 of 128 on node054 (pshm node 1 of 8, process  26 of 128, pid=1892)
UPCR: UPC thread  23 of 128 on node054 (pshm node 1 of 8, process  23 of 128, pid=1886)
UPCR: UPC thread  25 of 128 on node054 (pshm node 1 of 8, process  25 of 128, pid=1890)
UPCR: UPC thread  24 of 128 on node054 (pshm node 1 of 8, process  24 of 128, pid=1888)
UPCR: UPC thread  30 of 128 on node054 (pshm node 1 of 8, process  30 of 128, pid=1900)
UPCR: UPC thread  42 of 128 on node055 (pshm node 2 of 8, process  42 of 128, pid=26336)
UPCR: UPC thread  36 of 128 on node055 (pshm node 2 of 8, process  36 of 128, pid=26325)
UPCR: UPC thread  35 of 128 on node055 (pshm node 2 of 8, process  35 of 128, pid=26324)
UPCR: UPC thread  38 of 128 on node055 (pshm node 2 of 8, process  38 of 128, pid=26328)
UPCR: UPC thread  43 of 128 on node055 (pshm node 2 of 8, process  43 of 128, pid=26339)
UPCR: UPC thread  34 of 128 on node055 (pshm node 2 of 8, process  34 of 128, pid=26323)
UPCR: UPC thread  45 of 128 on node055 (pshm node 2 of 8, process  45 of 128, pid=26344)
UPCR: UPC thread 101 of 128 on node059 (pshm node 6 of 8, process 101 of 128, pid=18993)
UPCR: UPC thread 111 of 128 on node059 (pshm node 6 of 8, process 111 of 128, pid=19015)
UPCR: UPC thread 104 of 128 on node059 (pshm node 6 of 8, process 104 of 128, pid=19000)
UPCR: UPC thread 110 of 128 on node059 (pshm node 6 of 8, process 110 of 128, pid=19012)
UPCR: UPC thread  33 of 128 on node055 (pshm node 2 of 8, process  33 of 128, pid=26322)
UPCR: UPC thread  46 of 128 on node055 (pshm node 2 of 8, process  46 of 128, pid=26345)
UPCR: UPC thread  44 of 128 on node055 (pshm node 2 of 8, process  44 of 128, pid=26341)
UPCR: UPC thread  47 of 128 on node055 (pshm node 2 of 8, process  47 of 128, pid=26348)
UPCR: UPC thread  41 of 128 on node055 (pshm node 2 of 8, process  41 of 128, pid=26335)
UPCR: UPC thread 126 of 128 on node060 (pshm node 7 of 8, process 126 of 128, pid=21787)
UPCR: UPC thread 119 of 128 on node060 (pshm node 7 of 8, process 119 of 128, pid=21773)
UPCR: UPC thread 118 of 128 on node060 (pshm node 7 of 8, process 118 of 128, pid=21770)
UPCR: UPC thread 125 of 128 on node060 (pshm node 7 of 8, process 125 of 128, pid=21785)
UPCR: UPC thread 120 of 128 on node060 (pshm node 7 of 8, process 120 of 128, pid=21775)
UPCR: UPC thread 127 of 128 on node060 (pshm node 7 of 8, process 127 of 128, pid=21789)
UPCR: UPC thread 124 of 128 on node060 (pshm node 7 of 8, process 124 of 128, pid=21783)
UPCR: UPC thread 122 of 128 on node060 (pshm node 7 of 8, process 122 of 128, pid=21779)
UPCR: UPC thread 113 of 128 on node060 (pshm node 7 of 8, process 113 of 128, pid=21764)
UPCR: UPC thread  92 of 128 on node058 (pshm node 5 of 8, process  92 of 128, pid=16893)
UPCR: UPC thread  84 of 128 on node058 (pshm node 5 of 8, process  84 of 128, pid=16876)
UPCR: UPC thread  94 of 128 on node058 (pshm node 5 of 8, process  94 of 128, pid=16896)
UPCR: UPC thread  93 of 128 on node058 (pshm node 5 of 8, process  93 of 128, pid=16894)
UPCR: UPC thread  83 of 128 on node058 (pshm node 5 of 8, process  83 of 128, pid=16875)
UPCR: UPC thread  82 of 128 on node058 (pshm node 5 of 8, process  82 of 128, pid=16874)
UPCR: UPC thread  95 of 128 on node058 (pshm node 5 of 8, process  95 of 128, pid=16898)
UPCR: UPC thread  86 of 128 on node058 (pshm node 5 of 8, process  86 of 128, pid=16880)
UPCR: UPC thread  91 of 128 on node058 (pshm node 5 of 8, process  91 of 128, pid=16891)
UPCR: UPC thread  88 of 128 on node058 (pshm node 5 of 8, process  88 of 128, pid=16883)
UPCR: UPC thread  80 of 128 on node058 (pshm node 5 of 8, process  80 of 128, pid=16872)
UPCR: UPC thread  51 of 128 on node056 (pshm node 3 of 8, process  51 of 128, pid=19923)
UPCR: UPC thread  62 of 128 on node056 (pshm node 3 of 8, process  62 of 128, pid=19944)
UPCR: UPC thread  48 of 128 on node056 (pshm node 3 of 8, process  48 of 128, pid=19920)
UPCR: UPC thread  52 of 128 on node056 (pshm node 3 of 8, process  52 of 128, pid=19924)
UPCR: UPC thread  59 of 128 on node056 (pshm node 3 of 8, process  59 of 128, pid=19938)
UPCR: UPC thread  53 of 128 on node056 (pshm node 3 of 8, process  53 of 128, pid=19925)
UPCR: UPC thread  58 of 128 on node056 (pshm node 3 of 8, process  58 of 128, pid=19935)
UPCR: UPC thread  61 of 128 on node056 (pshm node 3 of 8, process  61 of 128, pid=19942)
UPCR: UPC thread  57 of 128 on node056 (pshm node 3 of 8, process  57 of 128, pid=19933)
UPCR: UPC thread  63 of 128 on node056 (pshm node 3 of 8, process  63 of 128, pid=19946)
UPCR: UPC thread  49 of 128 on node056 (pshm node 3 of 8, process  49 of 128, pid=19921)
UPCR: UPC thread  55 of 128 on node056 (pshm node 3 of 8, process  55 of 128, pid=19929)
UPCR: UPC thread  60 of 128 on node056 (pshm node 3 of 8, process  60 of 128, pid=19941)
UPCR: UPC thread  50 of 128 on node056 (pshm node 3 of 8, process  50 of 128, pid=19922)
UPCR: UPC thread  54 of 128 on node056 (pshm node 3 of 8, process  54 of 128, pid=19928)
UPCR: UPC thread  79 of 128 on node057 (pshm node 4 of 8, process  79 of 128, pid=18847)
UPCR: UPC thread  75 of 128 on node057 (pshm node 4 of 8, process  75 of 128, pid=18839)
UPCR: UPC thread  67 of 128 on node057 (pshm node 4 of 8, process  67 of 128, pid=18824)
UPCR: UPC thread  74 of 128 on node057 (pshm node 4 of 8, process  74 of 128, pid=18836)
UPCR: UPC thread  72 of 128 on node057 (pshm node 4 of 8, process  72 of 128, pid=18833)
UPCR: UPC thread  69 of 128 on node057 (pshm node 4 of 8, process  69 of 128, pid=18827)
UPCR: UPC thread  73 of 128 on node057 (pshm node 4 of 8, process  73 of 128, pid=18835)
UPCR: UPC thread  66 of 128 on node057 (pshm node 4 of 8, process  66 of 128, pid=18823)
UPCR: UPC thread  78 of 128 on node057 (pshm node 4 of 8, process  78 of 128, pid=18845)
UPCR: UPC thread  71 of 128 on node057 (pshm node 4 of 8, process  71 of 128, pid=18831)
UPCR: UPC thread  81 of 128 on node058 (pshm node 5 of 8, process  81 of 128, pid=16873)
UPCR: UPC thread  90 of 128 on node058 (pshm node 5 of 8, process  90 of 128, pid=16888)
UPCR: UPC thread  89 of 128 on node058 (pshm node 5 of 8, process  89 of 128, pid=16886)
UPCR: UPC thread  85 of 128 on node058 (pshm node 5 of 8, process  85 of 128, pid=16878)
UPCR: UPC thread  87 of 128 on node058 (pshm node 5 of 8, process  87 of 128, pid=16882)
UPCR: UPC thread  56 of 128 on node056 (pshm node 3 of 8, process  56 of 128, pid=19931)
UPCR: UPC thread  65 of 128 on node057 (pshm node 4 of 8, process  65 of 128, pid=18822)
UPCR: UPC thread  76 of 128 on node057 (pshm node 4 of 8, process  76 of 128, pid=18841)
UPCR: UPC thread  70 of 128 on node057 (pshm node 4 of 8, process  70 of 128, pid=18829)
UPCR: UPC thread  77 of 128 on node057 (pshm node 4 of 8, process  77 of 128, pid=18843)
UPCR: UPC thread  68 of 128 on node057 (pshm node 4 of 8, process  68 of 128, pid=18825)
UPCR: UPC thread  64 of 128 on node057 (pshm node 4 of 8, process  64 of 128, pid=18821)
UPCR: UPC thread 114 of 128 on node060 (pshm node 7 of 8, process 114 of 128, pid=21765)
UPCR: UPC thread 112 of 128 on node060 (pshm node 7 of 8, process 112 of 128, pid=21763)
UPCR: UPC thread 115 of 128 on node060 (pshm node 7 of 8, process 115 of 128, pid=21766)
UPCR: UPC thread 121 of 128 on node060 (pshm node 7 of 8, process 121 of 128, pid=21777)
UPCR: UPC thread 123 of 128 on node060 (pshm node 7 of 8, process 123 of 128, pid=21782)
UPCR: UPC thread 116 of 128 on node060 (pshm node 7 of 8, process 116 of 128, pid=21767)
UPCR: UPC thread 117 of 128 on node060 (pshm node 7 of 8, process 117 of 128, pid=21769)
UPCR: UPC thread  28 of 128 on node054 (pshm node 1 of 8, process  28 of 128, pid=1897)
UPCR: UPC thread  22 of 128 on node054 (pshm node 1 of 8, process  22 of 128, pid=1884)
UPCR: UPC thread  29 of 128 on node054 (pshm node 1 of 8, process  29 of 128, pid=1899)
UPCR: UPC thread  19 of 128 on node054 (pshm node 1 of 8, process  19 of 128, pid=1878)
UPCR: UPC thread  17 of 128 on node054 (pshm node 1 of 8, process  17 of 128, pid=1876)
UPCR: UPC thread  21 of 128 on node054 (pshm node 1 of 8, process  21 of 128, pid=1881)
UPCR: UPC thread  16 of 128 on node054 (pshm node 1 of 8, process  16 of 128, pid=1875)
UPCR: UPC thread  27 of 128 on node054 (pshm node 1 of 8, process  27 of 128, pid=1894)
UPCR: UPC thread 106 of 128 on node059 (pshm node 6 of 8, process 106 of 128, pid=19004)
UPCR: UPC thread  97 of 128 on node059 (pshm node 6 of 8, process  97 of 128, pid=18989)
UPCR: UPC thread 108 of 128 on node059 (pshm node 6 of 8, process 108 of 128, pid=19009)
UPCR: UPC thread  99 of 128 on node059 (pshm node 6 of 8, process  99 of 128, pid=18991)
UPCR: UPC thread  98 of 128 on node059 (pshm node 6 of 8, process  98 of 128, pid=18990)
UPCR: UPC thread  96 of 128 on node059 (pshm node 6 of 8, process  96 of 128, pid=18988)
using a cache granularity of 8
using linear probing in the BDD table
using a memoization table of 2^23 = 8388608 entries (~320 MB) per thread
using a BDD table of 2^23 = 8388608 entries (~192 MB) per thread
Initializing /home/oortwijn/distdd/models/beem/reader_writer.1.bdd!
vector size: 18
bits per integer: 4
number of BDD variables: 72
Loading initial states: 
Initial states loaded... 
Loading transition relations... 
18 integers per state, 4 bits per integer, 30 transition groups
BDD nodes:
Initial states: 72 BDD nodes
Transition 0: 39 BDD nodes
Transition 1: 39 BDD nodes
Transition 2: 39 BDD nodes
Transition 3: 36 BDD nodes
Transition 4: 74 BDD nodes
Transition 5: 32 BDD nodes
Transition 6: 74 BDD nodes
Transition 7: 36 BDD nodes
Transition 8: 32 BDD nodes
Transition 9: 74 BDD nodes
Transition 10: 36 BDD nodes
Transition 11: 32 BDD nodes
Transition 12: 36 BDD nodes
Transition 13: 74 BDD nodes
Transition 14: 32 BDD nodes
Transition 15: 36 BDD nodes
Transition 16: 85 BDD nodes
Transition 17: 36 BDD nodes
Transition 18: 85 BDD nodes
Transition 19: 85 BDD nodes
Transition 20: 36 BDD nodes
Transition 21: 32 BDD nodes
Transition 22: 32 BDD nodes
Transition 23: 32 BDD nodes
Transition 24: 43 BDD nodes
Transition 25: 43 BDD nodes
Transition 26: 43 BDD nodes
Transition 27: 43 BDD nodes
Transition 28: 43 BDD nodes
Transition 29: 43 BDD nodes
Level 1... done.
Level 2... done.
PAR Time: 0.010031
Final states: 0 states
Final states: 0 BDD nodes
[1468149618.698595] [node060:21721:0]         sys.c:744  MXM  WARN  Conflicting CPU frequencies detected, using: 1485.47
[1468149618.698652] [node059:18946:0]         sys.c:744  MXM  WARN  Conflicting CPU frequencies detected, using: 1794.84
[1468149618.695923] [node058:16830:0]         sys.c:744  MXM  WARN  Conflicting CPU frequencies detected, using: 1796.53
[1468149618.697833] [node056:19878:0]         sys.c:744  MXM  WARN  Conflicting CPU frequencies detected, using: 1697.16
[1468149618.701365] [node055:26279:0]         sys.c:744  MXM  WARN  Conflicting CPU frequencies detected, using: 1799.16
[1468149618.694923] [node054:1831 :0]         sys.c:744  MXM  WARN  Conflicting CPU frequencies detected, using: 1797.00
[1468149618.340869] [node053:7439 :0]         sys.c:744  MXM  WARN  Conflicting CPU frequencies detected, using: 1879.78
[1468149618.693077] [node057:18778:0]         sys.c:744  MXM  WARN  Conflicting CPU frequencies detected, using: 1898.62
[1468149618.321953] [node053:7395 :0]         sys.c:744  MXM  WARN  Conflicting CPU frequencies detected, using: 1797.19
