performing reachability, flags: -n 16 -N 1 -shared-heap 1GB --tablesize=23 --cachesize=22 --quadratic-probing--chunk-size=8 
This is upcrun, job spawner for the Berkeley UPC compiler (http://upc.lbl.gov).
upcrun version 2.22.2
Network conduits supported by this installation: smp mxm ibv
[1468149638.392985] [node008:9762 :0]         sys.c:744  MXM  WARN  Conflicting CPU frequencies detected, using: 2099.06
[1468149638.443224] [node008:9762 :0]         mxm.c:196  MXM  WARN  The 'ulimit -s' on the system is set to 'unlimited'. This may have negative performance implications. Please set the stack size to the default value (10240) 
[1468149638.392985] [node008:9762 :0]         sys.c:744  MXM  WARN  Conflicting CPU frequencies detected, using: 2099.06
[1468149638.444707] [node008:9762 :0]         mxm.c:196  MXM  WARN  The 'ulimit -s' on the system is set to 'unlimited'. This may have negative performance implications. Please set the stack size to the default value (10240) 
[1468149638.392985] [node008:9762 :0]         sys.c:744  MXM  WARN  Conflicting CPU frequencies detected, using: 2099.06
[1468149638.392985] [node008:9762 :0]         sys.c:744  MXM  WARN  Conflicting CPU frequencies detected, using: 2099.06
[1468149638.392985] [node008:9762 :0]         sys.c:744  MXM  WARN  Conflicting CPU frequencies detected, using: 2099.06
[1468149638.392985] [node008:9762 :0]         sys.c:744  MXM  WARN  Conflicting CPU frequencies detected, using: 2099.06
[1468149638.392985] [node008:9762 :0]         sys.c:744  MXM  WARN  Conflicting CPU frequencies detected, using: 2099.06
[1468149638.392985] [node008:9762 :0]         sys.c:744  MXM  WARN  Conflicting CPU frequencies detected, using: 2099.06
[1468149638.392985] [node008:9762 :0]         sys.c:744  MXM  WARN  Conflicting CPU frequencies detected, using: 2099.06
[1468149638.392985] [node008:9762 :0]         sys.c:744  MXM  WARN  Conflicting CPU frequencies detected, using: 2099.06
[1468149638.392985] [node008:9762 :0]         sys.c:744  MXM  WARN  Conflicting CPU frequencies detected, using: 2099.06
[1468149638.392985] [node008:9762 :0]         sys.c:744  MXM  WARN  Conflicting CPU frequencies detected, using: 2099.06
[1468149638.392985] [node008:9762 :0]         sys.c:744  MXM  WARN  Conflicting CPU frequencies detected, using: 2099.06
[1468149638.468954] [node008:9762 :0]         mxm.c:196  MXM  WARN  The 'ulimit -s' on the system is set to 'unlimited'. This may have negative performance implications. Please set the stack size to the default value (10240) 
[1468149638.456546] [node008:9762 :0]         mxm.c:196  MXM  WARN  The 'ulimit -s' on the system is set to 'unlimited'. This may have negative performance implications. Please set the stack size to the default value (10240) 
[1468149638.472303] [node008:9762 :0]         mxm.c:196  MXM  WARN  The 'ulimit -s' on the system is set to 'unlimited'. This may have negative performance implications. Please set the stack size to the default value (10240) 
[1468149638.471575] [node008:9762 :0]         mxm.c:196  MXM  WARN  The 'ulimit -s' on the system is set to 'unlimited'. This may have negative performance implications. Please set the stack size to the default value (10240) 
[1468149638.392985] [node008:9762 :0]         sys.c:744  MXM  WARN  Conflicting CPU frequencies detected, using: 2099.06
[1468149638.416902] [node008:9762 :0]         mxm.c:196  MXM  WARN  The 'ulimit -s' on the system is set to 'unlimited'. This may have negative performance implications. Please set the stack size to the default value (10240) 
[1468149638.453955] [node008:9762 :0]         mxm.c:196  MXM  WARN  The 'ulimit -s' on the system is set to 'unlimited'. This may have negative performance implications. Please set the stack size to the default value (10240) 
[1468149638.464734] [node008:9762 :0]         mxm.c:196  MXM  WARN  The 'ulimit -s' on the system is set to 'unlimited'. This may have negative performance implications. Please set the stack size to the default value (10240) 
[1468149638.451585] [node008:9762 :0]         mxm.c:196  MXM  WARN  The 'ulimit -s' on the system is set to 'unlimited'. This may have negative performance implications. Please set the stack size to the default value (10240) 
[1468149638.467469] [node008:9762 :0]         mxm.c:196  MXM  WARN  The 'ulimit -s' on the system is set to 'unlimited'. This may have negative performance implications. Please set the stack size to the default value (10240) 
[1468149638.448955] [node008:9762 :0]         mxm.c:196  MXM  WARN  The 'ulimit -s' on the system is set to 'unlimited'. This may have negative performance implications. Please set the stack size to the default value (10240) 
[1468149638.392985] [node008:9762 :0]         sys.c:744  MXM  WARN  Conflicting CPU frequencies detected, using: 2099.06
[1468149638.436777] [node008:9762 :0]         mxm.c:196  MXM  WARN  The 'ulimit -s' on the system is set to 'unlimited'. This may have negative performance implications. Please set the stack size to the default value (10240) 
[1468149638.392985] [node008:9762 :0]         sys.c:744  MXM  WARN  Conflicting CPU frequencies detected, using: 2099.06
[1468149638.432780] [node008:9762 :0]         mxm.c:196  MXM  WARN  The 'ulimit -s' on the system is set to 'unlimited'. This may have negative performance implications. Please set the stack size to the default value (10240) 
[1468149638.486972] [node008:9762 :0]         mxm.c:196  MXM  WARN  The 'ulimit -s' on the system is set to 'unlimited'. This may have negative performance implications. Please set the stack size to the default value (10240) 
[1468149638.478241] [node008:9762 :0]         mxm.c:196  MXM  WARN  The 'ulimit -s' on the system is set to 'unlimited'. This may have negative performance implications. Please set the stack size to the default value (10240) 
UPCR: UPC thread  3 of 16 on node008 (pshm node 0 of 1, process  3 of 16, pid=9766)
UPCR: UPC thread 12 of 16 on node008 (pshm node 0 of 1, process 12 of 16, pid=9782)
UPCR: UPC thread 13 of 16 on node008 (pshm node 0 of 1, process 13 of 16, pid=9784)
UPCR: UPC thread  0 of 16 on node008 (pshm node 0 of 1, process  0 of 16, pid=9763)
UPCR: UPC thread 15 of 16 on node008 (pshm node 0 of 1, process 15 of 16, pid=9788)
UPCR: UPC thread  9 of 16 on node008 (pshm node 0 of 1, process  9 of 16, pid=9777)
UPCR: UPC thread  4 of 16 on node008 (pshm node 0 of 1, process  4 of 16, pid=9767)
UPCR: UPC thread 10 of 16 on node008 (pshm node 0 of 1, process 10 of 16, pid=9778)
UPCR: UPC thread 14 of 16 on node008 (pshm node 0 of 1, process 14 of 16, pid=9787)
UPCR: UPC thread  5 of 16 on node008 (pshm node 0 of 1, process  5 of 16, pid=9768)
UPCR: UPC thread 11 of 16 on node008 (pshm node 0 of 1, process 11 of 16, pid=9780)
UPCR: UPC thread  7 of 16 on node008 (pshm node 0 of 1, process  7 of 16, pid=9772)
UPCR: UPC thread  1 of 16 on node008 (pshm node 0 of 1, process  1 of 16, pid=9764)
UPCR: UPC thread  6 of 16 on node008 (pshm node 0 of 1, process  6 of 16, pid=9769)
UPCR: UPC thread  8 of 16 on node008 (pshm node 0 of 1, process  8 of 16, pid=9774)
UPCR: UPC thread  2 of 16 on node008 (pshm node 0 of 1, process  2 of 16, pid=9765)
using a cache granularity of 8
using linear probing in the BDD table
using a memoization table of 2^23 = 8388608 entries (~320 MB) per thread
using a BDD table of 2^23 = 8388608 entries (~192 MB) per thread
Initializing /home/oortwijn/distdd/models/beem/reader_writer.2.bdd!
vector size: 21
bits per integer: 4
number of BDD variables: 84
Loading initial states: 
Initial states loaded... 
Loading transition relations... 
21 integers per state, 4 bits per integer, 43 transition groups
BDD nodes:
Initial states: 84 BDD nodes
Transition 0: 39 BDD nodes
Transition 1: 39 BDD nodes
Transition 2: 39 BDD nodes
Transition 3: 36 BDD nodes
Transition 4: 75 BDD nodes
Transition 5: 0 BDD nodes
Transition 6: 36 BDD nodes
Transition 7: 75 BDD nodes
Transition 8: 0 BDD nodes
Transition 9: 75 BDD nodes
Transition 10: 36 BDD nodes
Transition 11: 0 BDD nodes
Transition 12: 75 BDD nodes
Transition 13: 36 BDD nodes
Transition 14: 0 BDD nodes
Transition 15: 75 BDD nodes
Transition 16: 36 BDD nodes
Transition 17: 0 BDD nodes
Transition 18: 36 BDD nodes
Transition 19: 75 BDD nodes
Transition 20: 0 BDD nodes
Transition 21: 86 BDD nodes
Transition 22: 36 BDD nodes
Transition 23: 36 BDD nodes
Transition 24: 86 BDD nodes
Transition 25: 36 BDD nodes
Transition 26: 86 BDD nodes
Transition 27: 36 BDD nodes
Transition 28: 86 BDD nodes
Transition 29: 86 BDD nodes
Transition 30: 36 BDD nodes
Transition 31: 36 BDD nodes
Transition 32: 86 BDD nodes
Transition 33: 0 BDD nodes
Transition 34: 0 BDD nodes
Transition 35: 0 BDD nodes
Transition 36: 0 BDD nodes
Transition 37: 0 BDD nodes
Transition 38: 0 BDD nodes
Transition 39: 43 BDD nodes
Transition 40: 43 BDD nodes
Transition 41: 43 BDD nodes
Transition 42: 43 BDD nodes
Level 1... done.
Level 2... done.
PAR Time: 0.003984
Final states: 0 states
Final states: 0 BDD nodes
[1468149638.392985] [node008:9762 :0]         sys.c:744  MXM  WARN  Conflicting CPU frequencies detected, using: 2099.06
[1468149638.374607] [node008:9718 :0]         sys.c:744  MXM  WARN  Conflicting CPU frequencies detected, using: 2099.06
