performing reachability, flags: -n 32 -N 32 -shared-heap 16GB --tablesize=27 --cachesize=26  
This is upcrun, job spawner for the Berkeley UPC compiler (http://upc.lbl.gov).
upcrun version 2.22.2
Network conduits supported by this installation: smp mxm ibv
[1468113020.171083] [node008:17127:0]         sys.c:744  MXM  WARN  Conflicting CPU frequencies detected, using: 1659.28
[1468113020.182498] [node008:17127:0]         mxm.c:196  MXM  WARN  The 'ulimit -s' on the system is set to 'unlimited'. This may have negative performance implications. Please set the stack size to the default value (10240) 
[1468113020.508670] [node063:20732:0]         sys.c:744  MXM  WARN  Conflicting CPU frequencies detected, using: 2154.94
[1468113020.515073] [node063:20732:0]         mxm.c:196  MXM  WARN  The 'ulimit -s' on the system is set to 'unlimited'. This may have negative performance implications. Please set the stack size to the default value (10240) 
[1468113020.511100] [node057:19743:0]         sys.c:744  MXM  WARN  Conflicting CPU frequencies detected, using: 2200.88
[1468113020.516988] [node057:19743:0]         mxm.c:196  MXM  WARN  The 'ulimit -s' on the system is set to 'unlimited'. This may have negative performance implications. Please set the stack size to the default value (10240) 
[1468113020.530204] [node053:25929:0]         sys.c:744  MXM  WARN  Conflicting CPU frequencies detected, using: 1899.19
[1468113020.536146] [node053:25929:0]         mxm.c:196  MXM  WARN  The 'ulimit -s' on the system is set to 'unlimited'. This may have negative performance implications. Please set the stack size to the default value (10240) 
[1468113020.530096] [node010:19984:0]         sys.c:744  MXM  WARN  Conflicting CPU frequencies detected, using: 1797.00
[1468113020.536048] [node010:19984:0]         mxm.c:196  MXM  WARN  The 'ulimit -s' on the system is set to 'unlimited'. This may have negative performance implications. Please set the stack size to the default value (10240) 
[1468113020.531567] [node016:2676 :0]         sys.c:744  MXM  WARN  Conflicting CPU frequencies detected, using: 1799.62
[1468113020.537896] [node016:2676 :0]         mxm.c:196  MXM  WARN  The 'ulimit -s' on the system is set to 'unlimited'. This may have negative performance implications. Please set the stack size to the default value (10240) 
[1468113020.534857] [node061:13885:0]         sys.c:744  MXM  WARN  Conflicting CPU frequencies detected, using: 1873.78
[1468113020.540875] [node061:13885:0]         mxm.c:196  MXM  WARN  The 'ulimit -s' on the system is set to 'unlimited'. This may have negative performance implications. Please set the stack size to the default value (10240) 
[1468113020.535638] [node014:12975:0]         sys.c:744  MXM  WARN  Conflicting CPU frequencies detected, using: 2125.69
[1468113020.541796] [node014:12975:0]         mxm.c:196  MXM  WARN  The 'ulimit -s' on the system is set to 'unlimited'. This may have negative performance implications. Please set the stack size to the default value (10240) 
[1468113020.535919] [node058:17734:0]         sys.c:744  MXM  WARN  Conflicting CPU frequencies detected, using: 1898.16
[1468113020.542226] [node058:17734:0]         mxm.c:196  MXM  WARN  The 'ulimit -s' on the system is set to 'unlimited'. This may have negative performance implications. Please set the stack size to the default value (10240) 
[1468113020.537753] [node021:29288:0]         sys.c:744  MXM  WARN  Conflicting CPU frequencies detected, using: 1896.19
[1468113020.543601] [node021:29288:0]         mxm.c:196  MXM  WARN  The 'ulimit -s' on the system is set to 'unlimited'. This may have negative performance implications. Please set the stack size to the default value (10240) 
[1468113020.541966] [node059:20123:0]         sys.c:744  MXM  WARN  Conflicting CPU frequencies detected, using: 1889.34
[1468113020.547934] [node059:20123:0]         mxm.c:196  MXM  WARN  The 'ulimit -s' on the system is set to 'unlimited'. This may have negative performance implications. Please set the stack size to the default value (10240) 
[1468113020.541204] [node060:22898:0]         sys.c:744  MXM  WARN  Conflicting CPU frequencies detected, using: 1899.47
[1468113020.547093] [node060:22898:0]         mxm.c:196  MXM  WARN  The 'ulimit -s' on the system is set to 'unlimited'. This may have negative performance implications. Please set the stack size to the default value (10240) 
[1468113020.543834] [node019:4941 :0]         sys.c:744  MXM  WARN  Conflicting CPU frequencies detected, using: 1795.22
[1468113020.550077] [node019:4941 :0]         mxm.c:196  MXM  WARN  The 'ulimit -s' on the system is set to 'unlimited'. This may have negative performance implications. Please set the stack size to the default value (10240) 
[1468113020.543678] [node065:17514:0]         sys.c:744  MXM  WARN  Conflicting CPU frequencies detected, using: 1798.78
[1468113020.549874] [node065:17514:0]         mxm.c:196  MXM  WARN  The 'ulimit -s' on the system is set to 'unlimited'. This may have negative performance implications. Please set the stack size to the default value (10240) 
[1468113020.533947] [node023:32076:0]         sys.c:744  MXM  WARN  Conflicting CPU frequencies detected, using: 1881.38
[1468113020.542833] [node023:32076:0]         mxm.c:196  MXM  WARN  The 'ulimit -s' on the system is set to 'unlimited'. This may have negative performance implications. Please set the stack size to the default value (10240) 
[1468113020.535949] [node017:26047:0]         sys.c:744  MXM  WARN  Conflicting CPU frequencies detected, using: 1795.03
[1468113020.544866] [node017:26047:0]         mxm.c:196  MXM  WARN  The 'ulimit -s' on the system is set to 'unlimited'. This may have negative performance implications. Please set the stack size to the default value (10240) 
[1468113020.532200] [node012:24315:0]         sys.c:744  MXM  WARN  Conflicting CPU frequencies detected, using: 1696.78
[1468113020.540952] [node012:24315:0]         mxm.c:196  MXM  WARN  The 'ulimit -s' on the system is set to 'unlimited'. This may have negative performance implications. Please set the stack size to the default value (10240) 
[1468113020.523099] [node011:26978:0]         sys.c:744  MXM  WARN  Conflicting CPU frequencies detected, using: 1496.72
[1468113020.531708] [node011:26978:0]         mxm.c:196  MXM  WARN  The 'ulimit -s' on the system is set to 'unlimited'. This may have negative performance implications. Please set the stack size to the default value (10240) 
[1468113020.532975] [node015:2927 :0]         sys.c:744  MXM  WARN  Conflicting CPU frequencies detected, using: 1441.88
[1468113020.541279] [node015:2927 :0]         mxm.c:196  MXM  WARN  The 'ulimit -s' on the system is set to 'unlimited'. This may have negative performance implications. Please set the stack size to the default value (10240) 
[1468113020.536682] [node062:15286:0]         sys.c:744  MXM  WARN  Conflicting CPU frequencies detected, using: 1965.19
[1468113020.545503] [node062:15286:0]         mxm.c:196  MXM  WARN  The 'ulimit -s' on the system is set to 'unlimited'. This may have negative performance implications. Please set the stack size to the default value (10240) 
[1468113020.523879] [node009:22843:0]         sys.c:744  MXM  WARN  Conflicting CPU frequencies detected, using: 1484.44
[1468113020.532728] [node009:22843:0]         mxm.c:196  MXM  WARN  The 'ulimit -s' on the system is set to 'unlimited'. This may have negative performance implications. Please set the stack size to the default value (10240) 
[1468113020.536668] [node022:26530:0]         sys.c:744  MXM  WARN  Conflicting CPU frequencies detected, using: 1897.41
[1468113020.545460] [node022:26530:0]         mxm.c:196  MXM  WARN  The 'ulimit -s' on the system is set to 'unlimited'. This may have negative performance implications. Please set the stack size to the default value (10240) 
[1468113020.530616] [node054:32022:0]         sys.c:744  MXM  WARN  Conflicting CPU frequencies detected, using: 1998.84
[1468113020.539300] [node054:32022:0]         mxm.c:196  MXM  WARN  The 'ulimit -s' on the system is set to 'unlimited'. This may have negative performance implications. Please set the stack size to the default value (10240) 
[1468113020.541217] [node067:26252:0]         sys.c:744  MXM  WARN  Conflicting CPU frequencies detected, using: 1796.91
[1468113020.549910] [node067:26252:0]         mxm.c:196  MXM  WARN  The 'ulimit -s' on the system is set to 'unlimited'. This may have negative performance implications. Please set the stack size to the default value (10240) 
[1468113020.527952] [node013:2186 :0]         sys.c:744  MXM  WARN  Conflicting CPU frequencies detected, using: 1898.06
[1468113020.536859] [node013:2186 :0]         mxm.c:196  MXM  WARN  The 'ulimit -s' on the system is set to 'unlimited'. This may have negative performance implications. Please set the stack size to the default value (10240) 
[1468113020.513504] [node020:16541:0]         sys.c:744  MXM  WARN  Conflicting CPU frequencies detected, using: 1898.34
[1468113020.522192] [node020:16541:0]         mxm.c:196  MXM  WARN  The 'ulimit -s' on the system is set to 'unlimited'. This may have negative performance implications. Please set the stack size to the default value (10240) 
[1468113020.525505] [node055:26508:0]         sys.c:744  MXM  WARN  Conflicting CPU frequencies detected, using: 2276.72
[1468113020.534332] [node055:26508:0]         mxm.c:196  MXM  WARN  The 'ulimit -s' on the system is set to 'unlimited'. This may have negative performance implications. Please set the stack size to the default value (10240) 
[1468113020.539546] [node018:13965:0]         sys.c:744  MXM  WARN  Conflicting CPU frequencies detected, using: 1795.31
[1468113020.548439] [node018:13965:0]         mxm.c:196  MXM  WARN  The 'ulimit -s' on the system is set to 'unlimited'. This may have negative performance implications. Please set the stack size to the default value (10240) 
[1468113020.548222] [node056:21075:0]         sys.c:744  MXM  WARN  Conflicting CPU frequencies detected, using: 1878.00
[1468113020.556985] [node056:21075:0]         mxm.c:196  MXM  WARN  The 'ulimit -s' on the system is set to 'unlimited'. This may have negative performance implications. Please set the stack size to the default value (10240) 
[1468113020.536054] [node068:21903:0]         sys.c:744  MXM  WARN  Conflicting CPU frequencies detected, using: 1476.19
[1468113020.544703] [node068:21903:0]         mxm.c:196  MXM  WARN  The 'ulimit -s' on the system is set to 'unlimited'. This may have negative performance implications. Please set the stack size to the default value (10240) 
[1468113020.537563] [node064:26545:0]         sys.c:744  MXM  WARN  Conflicting CPU frequencies detected, using: 1896.94
[1468113020.546407] [node064:26545:0]         mxm.c:196  MXM  WARN  The 'ulimit -s' on the system is set to 'unlimited'. This may have negative performance implications. Please set the stack size to the default value (10240) 
[1468113020.540370] [node066:19795:0]         sys.c:744  MXM  WARN  Conflicting CPU frequencies detected, using: 1696.50
[1468113020.549138] [node066:19795:0]         mxm.c:196  MXM  WARN  The 'ulimit -s' on the system is set to 'unlimited'. This may have negative performance implications. Please set the stack size to the default value (10240) 
UPCR: UPC thread  0 of 32 on node008 (pshm node  0 of 32, process  0 of 32, pid=17159)
UPCR: UPC thread  7 of 32 on node015 (pshm node  7 of 32, process  7 of 32, pid=2969)
UPCR: UPC thread 15 of 32 on node023 (pshm node 15 of 32, process 15 of 32, pid=32118)
UPCR: UPC thread  3 of 32 on node011 (pshm node  3 of 32, process  3 of 32, pid=27020)
UPCR: UPC thread 17 of 32 on node054 (pshm node 17 of 32, process 17 of 32, pid=32065)
UPCR: UPC thread 11 of 32 on node019 (pshm node 11 of 32, process 11 of 32, pid=4983)
UPCR: UPC thread 23 of 32 on node060 (pshm node 23 of 32, process 23 of 32, pid=22948)
UPCR: UPC thread 25 of 32 on node062 (pshm node 25 of 32, process 25 of 32, pid=15331)
UPCR: UPC thread 27 of 32 on node064 (pshm node 27 of 32, process 27 of 32, pid=26587)
UPCR: UPC thread 20 of 32 on node057 (pshm node 20 of 32, process 20 of 32, pid=19785)
UPCR: UPC thread 22 of 32 on node059 (pshm node 22 of 32, process 22 of 32, pid=20165)
UPCR: UPC thread 31 of 32 on node068 (pshm node 31 of 32, process 31 of 32, pid=21945)
UPCR: UPC thread 13 of 32 on node021 (pshm node 13 of 32, process 13 of 32, pid=29330)
UPCR: UPC thread  9 of 32 on node017 (pshm node  9 of 32, process  9 of 32, pid=26089)
UPCR: UPC thread  4 of 32 on node012 (pshm node  4 of 32, process  4 of 32, pid=24357)
UPCR: UPC thread 26 of 32 on node063 (pshm node 26 of 32, process 26 of 32, pid=20774)
UPCR: UPC thread 18 of 32 on node055 (pshm node 18 of 32, process 18 of 32, pid=26550)
UPCR: UPC thread  6 of 32 on node014 (pshm node  6 of 32, process  6 of 32, pid=13017)
UPCR: UPC thread 14 of 32 on node022 (pshm node 14 of 32, process 14 of 32, pid=26572)
UPCR: UPC thread 12 of 32 on node020 (pshm node 12 of 32, process 12 of 32, pid=16583)
UPCR: UPC thread 28 of 32 on node065 (pshm node 28 of 32, process 28 of 32, pid=17556)
UPCR: UPC thread  5 of 32 on node013 (pshm node  5 of 32, process  5 of 32, pid=2229)
UPCR: UPC thread 10 of 32 on node018 (pshm node 10 of 32, process 10 of 32, pid=14007)
UPCR: UPC thread 16 of 32 on node053 (pshm node 16 of 32, process 16 of 32, pid=25971)
UPCR: UPC thread 29 of 32 on node066 (pshm node 29 of 32, process 29 of 32, pid=19837)
UPCR: UPC thread  1 of 32 on node009 (pshm node  1 of 32, process  1 of 32, pid=22885)
UPCR: UPC thread 24 of 32 on node061 (pshm node 24 of 32, process 24 of 32, pid=13927)
UPCR: UPC thread 19 of 32 on node056 (pshm node 19 of 32, process 19 of 32, pid=21120)
UPCR: UPC thread 30 of 32 on node067 (pshm node 30 of 32, process 30 of 32, pid=26294)
UPCR: UPC thread  2 of 32 on node010 (pshm node  2 of 32, process  2 of 32, pid=20026)
UPCR: UPC thread  8 of 32 on node016 (pshm node  8 of 32, process  8 of 32, pid=2718)
UPCR: UPC thread 21 of 32 on node058 (pshm node 21 of 32, process 21 of 32, pid=17776)
using a cache granularity of 8
using linear probing in the BDD table
using a memoization table of 2^26 = 67108864 entries (~2560 MB) per thread
using a BDD table of 2^27 = 134217728 entries (~3072 MB) per thread
Initializing /home/oortwijn/distdd/models/beem/reader_writer.1.bdd!
vector size: 18
bits per integer: 4
number of BDD variables: 72
Loading initial states: 
Initial states loaded... 
Loading transition relations... 
18 integers per state, 4 bits per integer, 30 transition groups
BDD nodes:
Initial states: 72 BDD nodes
Transition 0: 39 BDD nodes
Transition 1: 39 BDD nodes
Transition 2: 39 BDD nodes
Transition 3: 36 BDD nodes
Transition 4: 74 BDD nodes
Transition 5: 32 BDD nodes
Transition 6: 74 BDD nodes
Transition 7: 36 BDD nodes
Transition 8: 32 BDD nodes
Transition 9: 74 BDD nodes
Transition 10: 36 BDD nodes
Transition 11: 32 BDD nodes
Transition 12: 36 BDD nodes
Transition 13: 74 BDD nodes
Transition 14: 32 BDD nodes
Transition 15: 36 BDD nodes
Transition 16: 85 BDD nodes
Transition 17: 36 BDD nodes
Transition 18: 85 BDD nodes
Transition 19: 85 BDD nodes
Transition 20: 36 BDD nodes
Transition 21: 32 BDD nodes
Transition 22: 32 BDD nodes
Transition 23: 32 BDD nodes
Transition 24: 43 BDD nodes
Transition 25: 43 BDD nodes
Transition 26: 43 BDD nodes
Transition 27: 43 BDD nodes
Transition 28: 43 BDD nodes
Transition 29: 43 BDD nodes
Level 1... done.
Level 2... done.
PAR Time: 0.009845
Final states: 0 states
Final states: 0 BDD nodes
[1468113020.508670] [node063:20732:0]         sys.c:744  MXM  WARN  Conflicting CPU frequencies detected, using: 2154.94
[1468113020.534857] [node061:13885:0]         sys.c:744  MXM  WARN  Conflicting CPU frequencies detected, using: 1873.78
[1468113020.537563] [node064:26545:0]         sys.c:744  MXM  WARN  Conflicting CPU frequencies detected, using: 1896.94
[1468113020.525505] [node055:26508:0]         sys.c:744  MXM  WARN  Conflicting CPU frequencies detected, using: 2276.72
[1468113020.541204] [node060:22898:0]         sys.c:744  MXM  WARN  Conflicting CPU frequencies detected, using: 1899.47
[1468113020.536054] [node068:21903:0]         sys.c:744  MXM  WARN  Conflicting CPU frequencies detected, using: 1476.19
[1468113020.540370] [node066:19795:0]         sys.c:744  MXM  WARN  Conflicting CPU frequencies detected, using: 1696.50
[1468113020.533947] [node023:32076:0]         sys.c:744  MXM  WARN  Conflicting CPU frequencies detected, using: 1881.38
[1468113020.523879] [node009:22843:0]         sys.c:744  MXM  WARN  Conflicting CPU frequencies detected, using: 1484.44
[1468113020.535919] [node058:17734:0]         sys.c:744  MXM  WARN  Conflicting CPU frequencies detected, using: 1898.16
[1468113020.536682] [node062:15286:0]         sys.c:744  MXM  WARN  Conflicting CPU frequencies detected, using: 1965.19
[1468113020.541966] [node059:20123:0]         sys.c:744  MXM  WARN  Conflicting CPU frequencies detected, using: 1889.34
[1468113020.532200] [node012:24315:0]         sys.c:744  MXM  WARN  Conflicting CPU frequencies detected, using: 1696.78
[1468113020.513504] [node020:16541:0]         sys.c:744  MXM  WARN  Conflicting CPU frequencies detected, using: 1898.34
[1468113020.532975] [node015:2927 :0]         sys.c:744  MXM  WARN  Conflicting CPU frequencies detected, using: 1441.88
[1468113020.539546] [node018:13965:0]         sys.c:744  MXM  WARN  Conflicting CPU frequencies detected, using: 1795.31
[1468113020.535949] [node017:26047:0]         sys.c:744  MXM  WARN  Conflicting CPU frequencies detected, using: 1795.03
[1468113020.548222] [node056:21075:0]         sys.c:744  MXM  WARN  Conflicting CPU frequencies detected, using: 1878.00
[1468113020.530616] [node054:32022:0]         sys.c:744  MXM  WARN  Conflicting CPU frequencies detected, using: 1998.84
[1468113020.511100] [node057:19743:0]         sys.c:744  MXM  WARN  Conflicting CPU frequencies detected, using: 2200.88
[1468113020.536668] [node022:26530:0]         sys.c:744  MXM  WARN  Conflicting CPU frequencies detected, using: 1897.41
[1468113020.543678] [node065:17514:0]         sys.c:744  MXM  WARN  Conflicting CPU frequencies detected, using: 1798.78
[1468113020.541217] [node067:26252:0]         sys.c:744  MXM  WARN  Conflicting CPU frequencies detected, using: 1796.91
[1468113020.537753] [node021:29288:0]         sys.c:744  MXM  WARN  Conflicting CPU frequencies detected, using: 1896.19
[1468113020.530204] [node053:25929:0]         sys.c:744  MXM  WARN  Conflicting CPU frequencies detected, using: 1899.19
[1468113020.543834] [node019:4941 :0]         sys.c:744  MXM  WARN  Conflicting CPU frequencies detected, using: 1795.22
[1468113020.171083] [node008:17127:0]         sys.c:744  MXM  WARN  Conflicting CPU frequencies detected, using: 1659.28
[1468113020.527952] [node013:2186 :0]         sys.c:744  MXM  WARN  Conflicting CPU frequencies detected, using: 1898.06
[1468113020.523099] [node011:26978:0]         sys.c:744  MXM  WARN  Conflicting CPU frequencies detected, using: 1496.72
[1468113020.531567] [node016:2676 :0]         sys.c:744  MXM  WARN  Conflicting CPU frequencies detected, using: 1799.62
[1468113020.530096] [node010:19984:0]         sys.c:744  MXM  WARN  Conflicting CPU frequencies detected, using: 1797.00
[1468113020.535638] [node014:12975:0]         sys.c:744  MXM  WARN  Conflicting CPU frequencies detected, using: 2125.69
[1468113020.149099] [node008:17083:0]         sys.c:744  MXM  WARN  Conflicting CPU frequencies detected, using: 1597.97
