performing reachability, flags: -n 128 -N 16 -shared-heap 2GB --tablesize=24 --cachesize=23  
This is upcrun, job spawner for the Berkeley UPC compiler (http://upc.lbl.gov).
upcrun version 2.22.2
Network conduits supported by this installation: smp mxm ibv
[1469912675.775610] [node008:5813 :0]         sys.c:744  MXM  WARN  Conflicting CPU frequencies detected, using: 1698.66
[1469912676.123536] [node013:28856:0]         sys.c:744  MXM  WARN  Conflicting CPU frequencies detected, using: 1593.38
[1469912676.161767] [node013:28856:0]         mxm.c:196  MXM  WARN  The 'ulimit -s' on the system is set to 'unlimited'. This may have negative performance implications. Please set the stack size to the default value (10240) 
[1469912676.123536] [node013:28856:0]         sys.c:744  MXM  WARN  Conflicting CPU frequencies detected, using: 1593.38
[1469912676.166084] [node013:28856:0]         mxm.c:196  MXM  WARN  The 'ulimit -s' on the system is set to 'unlimited'. This may have negative performance implications. Please set the stack size to the default value (10240) 
[1469912676.135720] [node020:28097:0]         sys.c:744  MXM  WARN  Conflicting CPU frequencies detected, using: 1592.06
[1469912676.135720] [node020:28097:0]         sys.c:744  MXM  WARN  Conflicting CPU frequencies detected, using: 1592.06
[1469912675.775610] [node008:5813 :0]         sys.c:744  MXM  WARN  Conflicting CPU frequencies detected, using: 1698.66
[1469912675.803608] [node008:5813 :0]         mxm.c:196  MXM  WARN  The 'ulimit -s' on the system is set to 'unlimited'. This may have negative performance implications. Please set the stack size to the default value (10240) 
[1469912675.775610] [node008:5813 :0]         sys.c:744  MXM  WARN  Conflicting CPU frequencies detected, using: 1698.66
[1469912675.810071] [node008:5813 :0]         mxm.c:196  MXM  WARN  The 'ulimit -s' on the system is set to 'unlimited'. This may have negative performance implications. Please set the stack size to the default value (10240) 
[1469912675.775610] [node008:5813 :0]         sys.c:744  MXM  WARN  Conflicting CPU frequencies detected, using: 1698.66
[1469912675.805164] [node008:5813 :0]         mxm.c:196  MXM  WARN  The 'ulimit -s' on the system is set to 'unlimited'. This may have negative performance implications. Please set the stack size to the default value (10240) 
[1469912675.816295] [node008:5813 :0]         mxm.c:196  MXM  WARN  The 'ulimit -s' on the system is set to 'unlimited'. This may have negative performance implications. Please set the stack size to the default value (10240) 
[1469912675.775610] [node008:5813 :0]         sys.c:744  MXM  WARN  Conflicting CPU frequencies detected, using: 1698.66
[1469912675.802859] [node008:5813 :0]         mxm.c:196  MXM  WARN  The 'ulimit -s' on the system is set to 'unlimited'. This may have negative performance implications. Please set the stack size to the default value (10240) 
[1469912675.775610] [node008:5813 :0]         sys.c:744  MXM  WARN  Conflicting CPU frequencies detected, using: 1698.66
[1469912675.806134] [node008:5813 :0]         mxm.c:196  MXM  WARN  The 'ulimit -s' on the system is set to 'unlimited'. This may have negative performance implications. Please set the stack size to the default value (10240) 
[1469912675.775610] [node008:5813 :0]         sys.c:744  MXM  WARN  Conflicting CPU frequencies detected, using: 1698.66
[1469912675.798890] [node008:5813 :0]         mxm.c:196  MXM  WARN  The 'ulimit -s' on the system is set to 'unlimited'. This may have negative performance implications. Please set the stack size to the default value (10240) 
[1469912675.775610] [node008:5813 :0]         sys.c:744  MXM  WARN  Conflicting CPU frequencies detected, using: 1698.66
[1469912675.809303] [node008:5813 :0]         mxm.c:196  MXM  WARN  The 'ulimit -s' on the system is set to 'unlimited'. This may have negative performance implications. Please set the stack size to the default value (10240) 
[1469912676.139494] [node016:2736 :0]         sys.c:744  MXM  WARN  Conflicting CPU frequencies detected, using: 1486.31
[1469912676.146319] [node016:2736 :0]         mxm.c:196  MXM  WARN  The 'ulimit -s' on the system is set to 'unlimited'. This may have negative performance implications. Please set the stack size to the default value (10240) 
[1469912676.139494] [node016:2736 :0]         sys.c:744  MXM  WARN  Conflicting CPU frequencies detected, using: 1486.31
[1469912676.146895] [node016:2736 :0]         mxm.c:196  MXM  WARN  The 'ulimit -s' on the system is set to 'unlimited'. This may have negative performance implications. Please set the stack size to the default value (10240) 
[1469912676.139494] [node016:2736 :0]         sys.c:744  MXM  WARN  Conflicting CPU frequencies detected, using: 1486.31
[1469912676.148238] [node016:2736 :0]         mxm.c:196  MXM  WARN  The 'ulimit -s' on the system is set to 'unlimited'. This may have negative performance implications. Please set the stack size to the default value (10240) 
[1469912676.139494] [node016:2736 :0]         sys.c:744  MXM  WARN  Conflicting CPU frequencies detected, using: 1486.31
[1469912676.148513] [node016:2736 :0]         mxm.c:196  MXM  WARN  The 'ulimit -s' on the system is set to 'unlimited'. This may have negative performance implications. Please set the stack size to the default value (10240) 
[1469912676.139494] [node016:2736 :0]         sys.c:744  MXM  WARN  Conflicting CPU frequencies detected, using: 1486.31
[1469912676.147753] [node016:2736 :0]         mxm.c:196  MXM  WARN  The 'ulimit -s' on the system is set to 'unlimited'. This may have negative performance implications. Please set the stack size to the default value (10240) 
[1469912676.139494] [node016:2736 :0]         sys.c:744  MXM  WARN  Conflicting CPU frequencies detected, using: 1486.31
[1469912676.148608] [node016:2736 :0]         mxm.c:196  MXM  WARN  The 'ulimit -s' on the system is set to 'unlimited'. This may have negative performance implications. Please set the stack size to the default value (10240) 
[1469912676.139494] [node016:2736 :0]         sys.c:744  MXM  WARN  Conflicting CPU frequencies detected, using: 1486.31
[1469912676.147290] [node016:2736 :0]         mxm.c:196  MXM  WARN  The 'ulimit -s' on the system is set to 'unlimited'. This may have negative performance implications. Please set the stack size to the default value (10240) 
[1469912676.146473] [node019:9450 :0]         sys.c:744  MXM  WARN  Conflicting CPU frequencies detected, using: 1827.09
[1469912676.154605] [node019:9450 :0]         mxm.c:196  MXM  WARN  The 'ulimit -s' on the system is set to 'unlimited'. This may have negative performance implications. Please set the stack size to the default value (10240) 
[1469912676.151118] [node021:28908:0]         sys.c:744  MXM  WARN  Conflicting CPU frequencies detected, using: 1894.88
[1469912676.158540] [node021:28908:0]         mxm.c:196  MXM  WARN  The 'ulimit -s' on the system is set to 'unlimited'. This may have negative performance implications. Please set the stack size to the default value (10240) 
[1469912676.151118] [node021:28908:0]         sys.c:744  MXM  WARN  Conflicting CPU frequencies detected, using: 1894.88
[1469912676.159833] [node021:28908:0]         mxm.c:196  MXM  WARN  The 'ulimit -s' on the system is set to 'unlimited'. This may have negative performance implications. Please set the stack size to the default value (10240) 
[1469912676.146473] [node019:9450 :0]         sys.c:744  MXM  WARN  Conflicting CPU frequencies detected, using: 1827.09
[1469912676.153035] [node019:9450 :0]         mxm.c:196  MXM  WARN  The 'ulimit -s' on the system is set to 'unlimited'. This may have negative performance implications. Please set the stack size to the default value (10240) 
[1469912676.134246] [node010:589  :0]         sys.c:744  MXM  WARN  Conflicting CPU frequencies detected, using: 1999.22
[1469912676.144052] [node010:589  :0]         mxm.c:196  MXM  WARN  The 'ulimit -s' on the system is set to 'unlimited'. This may have negative performance implications. Please set the stack size to the default value (10240) 
[1469912676.134246] [node010:589  :0]         sys.c:744  MXM  WARN  Conflicting CPU frequencies detected, using: 1999.22
[1469912676.142186] [node010:589  :0]         mxm.c:196  MXM  WARN  The 'ulimit -s' on the system is set to 'unlimited'. This may have negative performance implications. Please set the stack size to the default value (10240) 
[1469912676.134246] [node010:589  :0]         sys.c:744  MXM  WARN  Conflicting CPU frequencies detected, using: 1999.22
[1469912676.142501] [node010:589  :0]         mxm.c:196  MXM  WARN  The 'ulimit -s' on the system is set to 'unlimited'. This may have negative performance implications. Please set the stack size to the default value (10240) 
[1469912676.134246] [node010:589  :0]         sys.c:744  MXM  WARN  Conflicting CPU frequencies detected, using: 1999.22
[1469912676.142058] [node010:589  :0]         mxm.c:196  MXM  WARN  The 'ulimit -s' on the system is set to 'unlimited'. This may have negative performance implications. Please set the stack size to the default value (10240) 
[1469912676.134246] [node010:589  :0]         sys.c:744  MXM  WARN  Conflicting CPU frequencies detected, using: 1999.22
[1469912676.142319] [node010:589  :0]         mxm.c:196  MXM  WARN  The 'ulimit -s' on the system is set to 'unlimited'. This may have negative performance implications. Please set the stack size to the default value (10240) 
[1469912676.134246] [node010:589  :0]         sys.c:744  MXM  WARN  Conflicting CPU frequencies detected, using: 1999.22
[1469912676.142940] [node010:589  :0]         mxm.c:196  MXM  WARN  The 'ulimit -s' on the system is set to 'unlimited'. This may have negative performance implications. Please set the stack size to the default value (10240) 
[1469912676.134246] [node010:589  :0]         sys.c:744  MXM  WARN  Conflicting CPU frequencies detected, using: 1999.22
[1469912676.142707] [node010:589  :0]         mxm.c:196  MXM  WARN  The 'ulimit -s' on the system is set to 'unlimited'. This may have negative performance implications. Please set the stack size to the default value (10240) 
[1469912676.146473] [node019:9450 :0]         sys.c:744  MXM  WARN  Conflicting CPU frequencies detected, using: 1827.09
[1469912676.155570] [node019:9450 :0]         mxm.c:196  MXM  WARN  The 'ulimit -s' on the system is set to 'unlimited'. This may have negative performance implications. Please set the stack size to the default value (10240) 
[1469912676.134246] [node010:589  :0]         sys.c:744  MXM  WARN  Conflicting CPU frequencies detected, using: 1999.22
[1469912676.143056] [node010:589  :0]         mxm.c:196  MXM  WARN  The 'ulimit -s' on the system is set to 'unlimited'. This may have negative performance implications. Please set the stack size to the default value (10240) 
[1469912676.146473] [node019:9450 :0]         sys.c:744  MXM  WARN  Conflicting CPU frequencies detected, using: 1827.09
[1469912676.156136] [node019:9450 :0]         mxm.c:196  MXM  WARN  The 'ulimit -s' on the system is set to 'unlimited'. This may have negative performance implications. Please set the stack size to the default value (10240) 
[1469912676.146473] [node019:9450 :0]         sys.c:744  MXM  WARN  Conflicting CPU frequencies detected, using: 1827.09
[1469912676.156269] [node019:9450 :0]         mxm.c:196  MXM  WARN  The 'ulimit -s' on the system is set to 'unlimited'. This may have negative performance implications. Please set the stack size to the default value (10240) 
[1469912676.146473] [node019:9450 :0]         sys.c:744  MXM  WARN  Conflicting CPU frequencies detected, using: 1827.09
[1469912676.155127] [node019:9450 :0]         mxm.c:196  MXM  WARN  The 'ulimit -s' on the system is set to 'unlimited'. This may have negative performance implications. Please set the stack size to the default value (10240) 
[1469912676.146473] [node019:9450 :0]         sys.c:744  MXM  WARN  Conflicting CPU frequencies detected, using: 1827.09
[1469912676.155980] [node019:9450 :0]         mxm.c:196  MXM  WARN  The 'ulimit -s' on the system is set to 'unlimited'. This may have negative performance implications. Please set the stack size to the default value (10240) 
[1469912676.139494] [node016:2736 :0]         sys.c:744  MXM  WARN  Conflicting CPU frequencies detected, using: 1486.31
[1469912676.147929] [node016:2736 :0]         mxm.c:196  MXM  WARN  The 'ulimit -s' on the system is set to 'unlimited'. This may have negative performance implications. Please set the stack size to the default value (10240) 
[1469912676.146473] [node019:9450 :0]         sys.c:744  MXM  WARN  Conflicting CPU frequencies detected, using: 1827.09
[1469912676.155022] [node019:9450 :0]         mxm.c:196  MXM  WARN  The 'ulimit -s' on the system is set to 'unlimited'. This may have negative performance implications. Please set the stack size to the default value (10240) 
[1469912676.148128] [node014:30845:0]         sys.c:744  MXM  WARN  Conflicting CPU frequencies detected, using: 1897.03
[1469912676.157334] [node014:30845:0]         mxm.c:196  MXM  WARN  The 'ulimit -s' on the system is set to 'unlimited'. This may have negative performance implications. Please set the stack size to the default value (10240) 
[1469912676.151118] [node021:28908:0]         sys.c:744  MXM  WARN  Conflicting CPU frequencies detected, using: 1894.88
[1469912676.160179] [node021:28908:0]         mxm.c:196  MXM  WARN  The 'ulimit -s' on the system is set to 'unlimited'. This may have negative performance implications. Please set the stack size to the default value (10240) 
[1469912676.148128] [node014:30845:0]         sys.c:744  MXM  WARN  Conflicting CPU frequencies detected, using: 1897.03
[1469912676.156869] [node014:30845:0]         mxm.c:196  MXM  WARN  The 'ulimit -s' on the system is set to 'unlimited'. This may have negative performance implications. Please set the stack size to the default value (10240) 
[1469912676.148128] [node014:30845:0]         sys.c:744  MXM  WARN  Conflicting CPU frequencies detected, using: 1897.03
[1469912676.156406] [node014:30845:0]         mxm.c:196  MXM  WARN  The 'ulimit -s' on the system is set to 'unlimited'. This may have negative performance implications. Please set the stack size to the default value (10240) 
[1469912676.148128] [node014:30845:0]         sys.c:744  MXM  WARN  Conflicting CPU frequencies detected, using: 1897.03
[1469912676.157032] [node014:30845:0]         mxm.c:196  MXM  WARN  The 'ulimit -s' on the system is set to 'unlimited'. This may have negative performance implications. Please set the stack size to the default value (10240) 
[1469912676.151118] [node021:28908:0]         sys.c:744  MXM  WARN  Conflicting CPU frequencies detected, using: 1894.88
[1469912676.160081] [node021:28908:0]         mxm.c:196  MXM  WARN  The 'ulimit -s' on the system is set to 'unlimited'. This may have negative performance implications. Please set the stack size to the default value (10240) 
[1469912676.148128] [node014:30845:0]         sys.c:744  MXM  WARN  Conflicting CPU frequencies detected, using: 1897.03
[1469912676.155619] [node014:30845:0]         mxm.c:196  MXM  WARN  The 'ulimit -s' on the system is set to 'unlimited'. This may have negative performance implications. Please set the stack size to the default value (10240) 
[1469912676.148128] [node014:30845:0]         sys.c:744  MXM  WARN  Conflicting CPU frequencies detected, using: 1897.03
[1469912676.156044] [node014:30845:0]         mxm.c:196  MXM  WARN  The 'ulimit -s' on the system is set to 'unlimited'. This may have negative performance implications. Please set the stack size to the default value (10240) 
[1469912676.148128] [node014:30845:0]         sys.c:744  MXM  WARN  Conflicting CPU frequencies detected, using: 1897.03
[1469912676.156262] [node014:30845:0]         mxm.c:196  MXM  WARN  The 'ulimit -s' on the system is set to 'unlimited'. This may have negative performance implications. Please set the stack size to the default value (10240) 
[1469912676.151118] [node021:28908:0]         sys.c:744  MXM  WARN  Conflicting CPU frequencies detected, using: 1894.88
[1469912676.157689] [node021:28908:0]         mxm.c:196  MXM  WARN  The 'ulimit -s' on the system is set to 'unlimited'. This may have negative performance implications. Please set the stack size to the default value (10240) 
[1469912676.151118] [node021:28908:0]         sys.c:744  MXM  WARN  Conflicting CPU frequencies detected, using: 1894.88
[1469912676.158022] [node021:28908:0]         mxm.c:196  MXM  WARN  The 'ulimit -s' on the system is set to 'unlimited'. This may have negative performance implications. Please set the stack size to the default value (10240) 
[1469912676.148128] [node014:30845:0]         sys.c:744  MXM  WARN  Conflicting CPU frequencies detected, using: 1897.03
[1469912676.154906] [node014:30845:0]         mxm.c:196  MXM  WARN  The 'ulimit -s' on the system is set to 'unlimited'. This may have negative performance implications. Please set the stack size to the default value (10240) 
[1469912676.151118] [node021:28908:0]         sys.c:744  MXM  WARN  Conflicting CPU frequencies detected, using: 1894.88
[1469912676.158140] [node021:28908:0]         mxm.c:196  MXM  WARN  The 'ulimit -s' on the system is set to 'unlimited'. This may have negative performance implications. Please set the stack size to the default value (10240) 
[1469912676.151118] [node021:28908:0]         sys.c:744  MXM  WARN  Conflicting CPU frequencies detected, using: 1894.88
[1469912676.159067] [node021:28908:0]         mxm.c:196  MXM  WARN  The 'ulimit -s' on the system is set to 'unlimited'. This may have negative performance implications. Please set the stack size to the default value (10240) 
[1469912676.138160] [node022:21395:0]         sys.c:744  MXM  WARN  Conflicting CPU frequencies detected, using: 2120.34
[1469912676.161469] [node022:21395:0]         mxm.c:196  MXM  WARN  The 'ulimit -s' on the system is set to 'unlimited'. This may have negative performance implications. Please set the stack size to the default value (10240) 
[1469912676.139337] [node012:27390:0]         sys.c:744  MXM  WARN  Conflicting CPU frequencies detected, using: 3190.31
[1469912676.173911] [node012:27390:0]         mxm.c:196  MXM  WARN  The 'ulimit -s' on the system is set to 'unlimited'. This may have negative performance implications. Please set the stack size to the default value (10240) 
[1469912676.134634] [node009:24204:0]         sys.c:744  MXM  WARN  Conflicting CPU frequencies detected, using: 1999.12
[1469912676.161985] [node009:24204:0]         mxm.c:196  MXM  WARN  The 'ulimit -s' on the system is set to 'unlimited'. This may have negative performance implications. Please set the stack size to the default value (10240) 
[1469912676.136218] [node017:21362:0]         sys.c:744  MXM  WARN  Conflicting CPU frequencies detected, using: 3199.97
[1469912676.168388] [node017:21362:0]         mxm.c:196  MXM  WARN  The 'ulimit -s' on the system is set to 'unlimited'. This may have negative performance implications. Please set the stack size to the default value (10240) 
[1469912676.139571] [node011:13152:0]         sys.c:744  MXM  WARN  Conflicting CPU frequencies detected, using: 2098.12
[1469912676.171779] [node011:13152:0]         mxm.c:196  MXM  WARN  The 'ulimit -s' on the system is set to 'unlimited'. This may have negative performance implications. Please set the stack size to the default value (10240) 
[1469912676.135720] [node020:28097:0]         sys.c:744  MXM  WARN  Conflicting CPU frequencies detected, using: 1592.06
[1469912676.156881] [node020:28097:0]         mxm.c:196  MXM  WARN  The 'ulimit -s' on the system is set to 'unlimited'. This may have negative performance implications. Please set the stack size to the default value (10240) 
[1469912676.135720] [node020:28097:0]         sys.c:744  MXM  WARN  Conflicting CPU frequencies detected, using: 1592.06
[1469912676.157614] [node020:28097:0]         mxm.c:196  MXM  WARN  The 'ulimit -s' on the system is set to 'unlimited'. This may have negative performance implications. Please set the stack size to the default value (10240) 
[1469912676.123536] [node013:28856:0]         sys.c:744  MXM  WARN  Conflicting CPU frequencies detected, using: 1593.38
[1469912676.149529] [node013:28856:0]         mxm.c:196  MXM  WARN  The 'ulimit -s' on the system is set to 'unlimited'. This may have negative performance implications. Please set the stack size to the default value (10240) 
[1469912676.134634] [node009:24204:0]         sys.c:744  MXM  WARN  Conflicting CPU frequencies detected, using: 1999.12
[1469912676.157881] [node009:24204:0]         mxm.c:196  MXM  WARN  The 'ulimit -s' on the system is set to 'unlimited'. This may have negative performance implications. Please set the stack size to the default value (10240) 
[1469912676.140261] [node015:23246:0]         sys.c:744  MXM  WARN  Conflicting CPU frequencies detected, using: 2079.75
[1469912676.164327] [node015:23246:0]         mxm.c:196  MXM  WARN  The 'ulimit -s' on the system is set to 'unlimited'. This may have negative performance implications. Please set the stack size to the default value (10240) 
[1469912676.123536] [node013:28856:0]         sys.c:744  MXM  WARN  Conflicting CPU frequencies detected, using: 1593.38
[1469912676.153355] [node013:28856:0]         mxm.c:196  MXM  WARN  The 'ulimit -s' on the system is set to 'unlimited'. This may have negative performance implications. Please set the stack size to the default value (10240) 
[1469912676.138160] [node022:21395:0]         sys.c:744  MXM  WARN  Conflicting CPU frequencies detected, using: 2120.34
[1469912676.166987] [node022:21395:0]         mxm.c:196  MXM  WARN  The 'ulimit -s' on the system is set to 'unlimited'. This may have negative performance implications. Please set the stack size to the default value (10240) 
[1469912676.134634] [node009:24204:0]         sys.c:744  MXM  WARN  Conflicting CPU frequencies detected, using: 1999.12
[1469912676.165183] [node009:24204:0]         mxm.c:196  MXM  WARN  The 'ulimit -s' on the system is set to 'unlimited'. This may have negative performance implications. Please set the stack size to the default value (10240) 
[1469912676.135720] [node020:28097:0]         sys.c:744  MXM  WARN  Conflicting CPU frequencies detected, using: 1592.06
[1469912676.165639] [node020:28097:0]         mxm.c:196  MXM  WARN  The 'ulimit -s' on the system is set to 'unlimited'. This may have negative performance implications. Please set the stack size to the default value (10240) 
[1469912676.134634] [node009:24204:0]         sys.c:744  MXM  WARN  Conflicting CPU frequencies detected, using: 1999.12
[1469912676.167621] [node009:24204:0]         mxm.c:196  MXM  WARN  The 'ulimit -s' on the system is set to 'unlimited'. This may have negative performance implications. Please set the stack size to the default value (10240) 
[1469912676.139571] [node011:13152:0]         sys.c:744  MXM  WARN  Conflicting CPU frequencies detected, using: 2098.12
[1469912676.170005] [node011:13152:0]         mxm.c:196  MXM  WARN  The 'ulimit -s' on the system is set to 'unlimited'. This may have negative performance implications. Please set the stack size to the default value (10240) 
[1469912676.134634] [node009:24204:0]         sys.c:744  MXM  WARN  Conflicting CPU frequencies detected, using: 1999.12
[1469912676.172504] [node009:24204:0]         mxm.c:196  MXM  WARN  The 'ulimit -s' on the system is set to 'unlimited'. This may have negative performance implications. Please set the stack size to the default value (10240) 
[1469912676.123536] [node013:28856:0]         sys.c:744  MXM  WARN  Conflicting CPU frequencies detected, using: 1593.38
[1469912676.160199] [node013:28856:0]         mxm.c:196  MXM  WARN  The 'ulimit -s' on the system is set to 'unlimited'. This may have negative performance implications. Please set the stack size to the default value (10240) 
[1469912676.135720] [node020:28097:0]         sys.c:744  MXM  WARN  Conflicting CPU frequencies detected, using: 1592.06
[1469912676.166423] [node020:28097:0]         mxm.c:196  MXM  WARN  The 'ulimit -s' on the system is set to 'unlimited'. This may have negative performance implications. Please set the stack size to the default value (10240) 
[1469912676.139571] [node011:13152:0]         sys.c:744  MXM  WARN  Conflicting CPU frequencies detected, using: 2098.12
[1469912676.167709] [node011:13152:0]         mxm.c:196  MXM  WARN  The 'ulimit -s' on the system is set to 'unlimited'. This may have negative performance implications. Please set the stack size to the default value (10240) 
[1469912676.138160] [node022:21395:0]         sys.c:744  MXM  WARN  Conflicting CPU frequencies detected, using: 2120.34
[1469912676.171755] [node022:21395:0]         mxm.c:196  MXM  WARN  The 'ulimit -s' on the system is set to 'unlimited'. This may have negative performance implications. Please set the stack size to the default value (10240) 
[1469912676.123536] [node013:28856:0]         sys.c:744  MXM  WARN  Conflicting CPU frequencies detected, using: 1593.38
[1469912676.147753] [node013:28856:0]         mxm.c:196  MXM  WARN  The 'ulimit -s' on the system is set to 'unlimited'. This may have negative performance implications. Please set the stack size to the default value (10240) 
[1469912676.134634] [node009:24204:0]         sys.c:744  MXM  WARN  Conflicting CPU frequencies detected, using: 1999.12
[1469912676.171785] [node009:24204:0]         mxm.c:196  MXM  WARN  The 'ulimit -s' on the system is set to 'unlimited'. This may have negative performance implications. Please set the stack size to the default value (10240) 
[1469912676.140261] [node015:23246:0]         sys.c:744  MXM  WARN  Conflicting CPU frequencies detected, using: 2079.75
[1469912676.175590] [node015:23246:0]         mxm.c:196  MXM  WARN  The 'ulimit -s' on the system is set to 'unlimited'. This may have negative performance implications. Please set the stack size to the default value (10240) 
[1469912676.123536] [node013:28856:0]         sys.c:744  MXM  WARN  Conflicting CPU frequencies detected, using: 1593.38
[1469912676.155052] [node013:28856:0]         mxm.c:196  MXM  WARN  The 'ulimit -s' on the system is set to 'unlimited'. This may have negative performance implications. Please set the stack size to the default value (10240) 
[1469912676.134634] [node009:24204:0]         sys.c:744  MXM  WARN  Conflicting CPU frequencies detected, using: 1999.12
[1469912676.169113] [node009:24204:0]         mxm.c:196  MXM  WARN  The 'ulimit -s' on the system is set to 'unlimited'. This may have negative performance implications. Please set the stack size to the default value (10240) 
[1469912676.134634] [node009:24204:0]         sys.c:744  MXM  WARN  Conflicting CPU frequencies detected, using: 1999.12
[1469912676.170132] [node009:24204:0]         mxm.c:196  MXM  WARN  The 'ulimit -s' on the system is set to 'unlimited'. This may have negative performance implications. Please set the stack size to the default value (10240) 
[1469912676.139571] [node011:13152:0]         sys.c:744  MXM  WARN  Conflicting CPU frequencies detected, using: 2098.12
[1469912676.174186] [node011:13152:0]         mxm.c:196  MXM  WARN  The 'ulimit -s' on the system is set to 'unlimited'. This may have negative performance implications. Please set the stack size to the default value (10240) 
[1469912676.139571] [node011:13152:0]         sys.c:744  MXM  WARN  Conflicting CPU frequencies detected, using: 2098.12
[1469912676.174948] [node011:13152:0]         mxm.c:196  MXM  WARN  The 'ulimit -s' on the system is set to 'unlimited'. This may have negative performance implications. Please set the stack size to the default value (10240) 
[1469912676.139571] [node011:13152:0]         sys.c:744  MXM  WARN  Conflicting CPU frequencies detected, using: 2098.12
[1469912676.176696] [node011:13152:0]         mxm.c:196  MXM  WARN  The 'ulimit -s' on the system is set to 'unlimited'. This may have negative performance implications. Please set the stack size to the default value (10240) 
[1469912676.123536] [node013:28856:0]         sys.c:744  MXM  WARN  Conflicting CPU frequencies detected, using: 1593.38
[1469912676.146941] [node013:28856:0]         mxm.c:196  MXM  WARN  The 'ulimit -s' on the system is set to 'unlimited'. This may have negative performance implications. Please set the stack size to the default value (10240) 
[1469912676.140261] [node015:23246:0]         sys.c:744  MXM  WARN  Conflicting CPU frequencies detected, using: 2079.75
[1469912676.186630] [node015:23246:0]         mxm.c:196  MXM  WARN  The 'ulimit -s' on the system is set to 'unlimited'. This may have negative performance implications. Please set the stack size to the default value (10240) 
[1469912676.135720] [node020:28097:0]         sys.c:744  MXM  WARN  Conflicting CPU frequencies detected, using: 1592.06
[1469912676.170647] [node020:28097:0]         mxm.c:196  MXM  WARN  The 'ulimit -s' on the system is set to 'unlimited'. This may have negative performance implications. Please set the stack size to the default value (10240) 
[1469912676.139337] [node012:27390:0]         sys.c:744  MXM  WARN  Conflicting CPU frequencies detected, using: 3190.31
[1469912676.186166] [node012:27390:0]         mxm.c:196  MXM  WARN  The 'ulimit -s' on the system is set to 'unlimited'. This may have negative performance implications. Please set the stack size to the default value (10240) 
[1469912676.140261] [node015:23246:0]         sys.c:744  MXM  WARN  Conflicting CPU frequencies detected, using: 2079.75
[1469912676.165864] [node015:23246:0]         mxm.c:196  MXM  WARN  The 'ulimit -s' on the system is set to 'unlimited'. This may have negative performance implications. Please set the stack size to the default value (10240) 
[1469912676.140261] [node015:23246:0]         sys.c:744  MXM  WARN  Conflicting CPU frequencies detected, using: 2079.75
[1469912676.165111] [node015:23246:0]         mxm.c:196  MXM  WARN  The 'ulimit -s' on the system is set to 'unlimited'. This may have negative performance implications. Please set the stack size to the default value (10240) 
[1469912676.140261] [node015:23246:0]         sys.c:744  MXM  WARN  Conflicting CPU frequencies detected, using: 2079.75
[1469912676.177230] [node015:23246:0]         mxm.c:196  MXM  WARN  The 'ulimit -s' on the system is set to 'unlimited'. This may have negative performance implications. Please set the stack size to the default value (10240) 
[1469912676.177363] [node020:28097:0]         mxm.c:196  MXM  WARN  The 'ulimit -s' on the system is set to 'unlimited'. This may have negative performance implications. Please set the stack size to the default value (10240) 
[1469912676.139571] [node011:13152:0]         sys.c:744  MXM  WARN  Conflicting CPU frequencies detected, using: 2098.12
[1469912676.175721] [node011:13152:0]         mxm.c:196  MXM  WARN  The 'ulimit -s' on the system is set to 'unlimited'. This may have negative performance implications. Please set the stack size to the default value (10240) 
[1469912676.139571] [node011:13152:0]         sys.c:744  MXM  WARN  Conflicting CPU frequencies detected, using: 2098.12
[1469912676.161276] [node011:13152:0]         mxm.c:196  MXM  WARN  The 'ulimit -s' on the system is set to 'unlimited'. This may have negative performance implications. Please set the stack size to the default value (10240) 
[1469912676.140261] [node015:23246:0]         sys.c:744  MXM  WARN  Conflicting CPU frequencies detected, using: 2079.75
[1469912676.171326] [node015:23246:0]         mxm.c:196  MXM  WARN  The 'ulimit -s' on the system is set to 'unlimited'. This may have negative performance implications. Please set the stack size to the default value (10240) 
[1469912676.140261] [node015:23246:0]         sys.c:744  MXM  WARN  Conflicting CPU frequencies detected, using: 2079.75
[1469912676.178008] [node015:23246:0]         mxm.c:196  MXM  WARN  The 'ulimit -s' on the system is set to 'unlimited'. This may have negative performance implications. Please set the stack size to the default value (10240) 
[1469912676.139337] [node012:27390:0]         sys.c:744  MXM  WARN  Conflicting CPU frequencies detected, using: 3190.31
[1469912676.168997] [node012:27390:0]         mxm.c:196  MXM  WARN  The 'ulimit -s' on the system is set to 'unlimited'. This may have negative performance implications. Please set the stack size to the default value (10240) 
[1469912676.139337] [node012:27390:0]         sys.c:744  MXM  WARN  Conflicting CPU frequencies detected, using: 3190.31
[1469912676.161210] [node012:27390:0]         mxm.c:196  MXM  WARN  The 'ulimit -s' on the system is set to 'unlimited'. This may have negative performance implications. Please set the stack size to the default value (10240) 
[1469912676.139337] [node012:27390:0]         sys.c:744  MXM  WARN  Conflicting CPU frequencies detected, using: 3190.31
[1469912676.169769] [node012:27390:0]         mxm.c:196  MXM  WARN  The 'ulimit -s' on the system is set to 'unlimited'. This may have negative performance implications. Please set the stack size to the default value (10240) 
[1469912676.139337] [node012:27390:0]         sys.c:744  MXM  WARN  Conflicting CPU frequencies detected, using: 3190.31
[1469912676.189318] [node012:27390:0]         mxm.c:196  MXM  WARN  The 'ulimit -s' on the system is set to 'unlimited'. This may have negative performance implications. Please set the stack size to the default value (10240) 
[1469912676.139337] [node012:27390:0]         sys.c:744  MXM  WARN  Conflicting CPU frequencies detected, using: 3190.31
[1469912676.165726] [node012:27390:0]         mxm.c:196  MXM  WARN  The 'ulimit -s' on the system is set to 'unlimited'. This may have negative performance implications. Please set the stack size to the default value (10240) 
[1469912676.139337] [node012:27390:0]         sys.c:744  MXM  WARN  Conflicting CPU frequencies detected, using: 3190.31
[1469912676.167434] [node012:27390:0]         mxm.c:196  MXM  WARN  The 'ulimit -s' on the system is set to 'unlimited'. This may have negative performance implications. Please set the stack size to the default value (10240) 
[1469912676.138160] [node022:21395:0]         sys.c:744  MXM  WARN  Conflicting CPU frequencies detected, using: 2120.34
[1469912676.173292] [node022:21395:0]         mxm.c:196  MXM  WARN  The 'ulimit -s' on the system is set to 'unlimited'. This may have negative performance implications. Please set the stack size to the default value (10240) 
[1469912676.138160] [node022:21395:0]         sys.c:744  MXM  WARN  Conflicting CPU frequencies detected, using: 2120.34
[1469912676.170780] [node022:21395:0]         mxm.c:196  MXM  WARN  The 'ulimit -s' on the system is set to 'unlimited'. This may have negative performance implications. Please set the stack size to the default value (10240) 
[1469912676.138160] [node022:21395:0]         sys.c:744  MXM  WARN  Conflicting CPU frequencies detected, using: 2120.34
[1469912676.172548] [node022:21395:0]         mxm.c:196  MXM  WARN  The 'ulimit -s' on the system is set to 'unlimited'. This may have negative performance implications. Please set the stack size to the default value (10240) 
[1469912676.138160] [node022:21395:0]         sys.c:744  MXM  WARN  Conflicting CPU frequencies detected, using: 2120.34
[1469912676.170012] [node022:21395:0]         mxm.c:196  MXM  WARN  The 'ulimit -s' on the system is set to 'unlimited'. This may have negative performance implications. Please set the stack size to the default value (10240) 
[1469912676.138160] [node022:21395:0]         sys.c:744  MXM  WARN  Conflicting CPU frequencies detected, using: 2120.34
[1469912676.175005] [node022:21395:0]         mxm.c:196  MXM  WARN  The 'ulimit -s' on the system is set to 'unlimited'. This may have negative performance implications. Please set the stack size to the default value (10240) 
[1469912676.143365] [node023:30803:0]         sys.c:744  MXM  WARN  Conflicting CPU frequencies detected, using: 3061.78
[1469912676.168946] [node023:30803:0]         mxm.c:196  MXM  WARN  The 'ulimit -s' on the system is set to 'unlimited'. This may have negative performance implications. Please set the stack size to the default value (10240) 
[1469912676.143365] [node023:30803:0]         sys.c:744  MXM  WARN  Conflicting CPU frequencies detected, using: 3061.78
[1469912676.184176] [node023:30803:0]         mxm.c:196  MXM  WARN  The 'ulimit -s' on the system is set to 'unlimited'. This may have negative performance implications. Please set the stack size to the default value (10240) 
[1469912676.143365] [node023:30803:0]         sys.c:744  MXM  WARN  Conflicting CPU frequencies detected, using: 3061.78
[1469912676.171247] [node023:30803:0]         mxm.c:196  MXM  WARN  The 'ulimit -s' on the system is set to 'unlimited'. This may have negative performance implications. Please set the stack size to the default value (10240) 
[1469912676.143365] [node023:30803:0]         sys.c:744  MXM  WARN  Conflicting CPU frequencies detected, using: 3061.78
[1469912676.185226] [node023:30803:0]         mxm.c:196  MXM  WARN  The 'ulimit -s' on the system is set to 'unlimited'. This may have negative performance implications. Please set the stack size to the default value (10240) 
[1469912676.143365] [node023:30803:0]         sys.c:744  MXM  WARN  Conflicting CPU frequencies detected, using: 3061.78
[1469912676.181207] [node023:30803:0]         mxm.c:196  MXM  WARN  The 'ulimit -s' on the system is set to 'unlimited'. This may have negative performance implications. Please set the stack size to the default value (10240) 
[1469912676.143365] [node023:30803:0]         sys.c:744  MXM  WARN  Conflicting CPU frequencies detected, using: 3061.78
[1469912676.167419] [node023:30803:0]         mxm.c:196  MXM  WARN  The 'ulimit -s' on the system is set to 'unlimited'. This may have negative performance implications. Please set the stack size to the default value (10240) 
[1469912676.128371] [node018:19141:0]         sys.c:744  MXM  WARN  Conflicting CPU frequencies detected, using: 2972.34
[1469912676.147703] [node018:19141:0]         mxm.c:196  MXM  WARN  The 'ulimit -s' on the system is set to 'unlimited'. This may have negative performance implications. Please set the stack size to the default value (10240) 
[1469912676.128371] [node018:19141:0]         sys.c:744  MXM  WARN  Conflicting CPU frequencies detected, using: 2972.34
[1469912676.164468] [node018:19141:0]         mxm.c:196  MXM  WARN  The 'ulimit -s' on the system is set to 'unlimited'. This may have negative performance implications. Please set the stack size to the default value (10240) 
[1469912676.128371] [node018:19141:0]         sys.c:744  MXM  WARN  Conflicting CPU frequencies detected, using: 2972.34
[1469912676.163713] [node018:19141:0]         mxm.c:196  MXM  WARN  The 'ulimit -s' on the system is set to 'unlimited'. This may have negative performance implications. Please set the stack size to the default value (10240) 
[1469912676.128371] [node018:19141:0]         sys.c:744  MXM  WARN  Conflicting CPU frequencies detected, using: 2972.34
[1469912676.161401] [node018:19141:0]         mxm.c:196  MXM  WARN  The 'ulimit -s' on the system is set to 'unlimited'. This may have negative performance implications. Please set the stack size to the default value (10240) 
[1469912676.128371] [node018:19141:0]         sys.c:744  MXM  WARN  Conflicting CPU frequencies detected, using: 2972.34
[1469912676.153889] [node018:19141:0]         mxm.c:196  MXM  WARN  The 'ulimit -s' on the system is set to 'unlimited'. This may have negative performance implications. Please set the stack size to the default value (10240) 
[1469912676.128371] [node018:19141:0]         sys.c:744  MXM  WARN  Conflicting CPU frequencies detected, using: 2972.34
[1469912676.166244] [node018:19141:0]         mxm.c:196  MXM  WARN  The 'ulimit -s' on the system is set to 'unlimited'. This may have negative performance implications. Please set the stack size to the default value (10240) 
[1469912676.128371] [node018:19141:0]         sys.c:744  MXM  WARN  Conflicting CPU frequencies detected, using: 2972.34
[1469912676.165185] [node018:19141:0]         mxm.c:196  MXM  WARN  The 'ulimit -s' on the system is set to 'unlimited'. This may have negative performance implications. Please set the stack size to the default value (10240) 
[1469912676.136218] [node017:21362:0]         sys.c:744  MXM  WARN  Conflicting CPU frequencies detected, using: 3199.97
[1469912676.165777] [node017:21362:0]         mxm.c:196  MXM  WARN  The 'ulimit -s' on the system is set to 'unlimited'. This may have negative performance implications. Please set the stack size to the default value (10240) 
[1469912676.136218] [node017:21362:0]         sys.c:744  MXM  WARN  Conflicting CPU frequencies detected, using: 3199.97
[1469912676.159492] [node017:21362:0]         mxm.c:196  MXM  WARN  The 'ulimit -s' on the system is set to 'unlimited'. This may have negative performance implications. Please set the stack size to the default value (10240) 
[1469912676.136218] [node017:21362:0]         sys.c:744  MXM  WARN  Conflicting CPU frequencies detected, using: 3199.97
[1469912676.175144] [node017:21362:0]         mxm.c:196  MXM  WARN  The 'ulimit -s' on the system is set to 'unlimited'. This may have negative performance implications. Please set the stack size to the default value (10240) 
[1469912676.136218] [node017:21362:0]         sys.c:744  MXM  WARN  Conflicting CPU frequencies detected, using: 3199.97
[1469912676.180141] [node017:21362:0]         mxm.c:196  MXM  WARN  The 'ulimit -s' on the system is set to 'unlimited'. This may have negative performance implications. Please set the stack size to the default value (10240) 
[1469912676.136218] [node017:21362:0]         sys.c:744  MXM  WARN  Conflicting CPU frequencies detected, using: 3199.97
[1469912676.158004] [node017:21362:0]         mxm.c:196  MXM  WARN  The 'ulimit -s' on the system is set to 'unlimited'. This may have negative performance implications. Please set the stack size to the default value (10240) 
[1469912676.136218] [node017:21362:0]         sys.c:744  MXM  WARN  Conflicting CPU frequencies detected, using: 3199.97
[1469912676.164258] [node017:21362:0]         mxm.c:196  MXM  WARN  The 'ulimit -s' on the system is set to 'unlimited'. This may have negative performance implications. Please set the stack size to the default value (10240) 
[1469912676.136218] [node017:21362:0]         sys.c:744  MXM  WARN  Conflicting CPU frequencies detected, using: 3199.97
[1469912676.171528] [node017:21362:0]         mxm.c:196  MXM  WARN  The 'ulimit -s' on the system is set to 'unlimited'. This may have negative performance implications. Please set the stack size to the default value (10240) 
[1469912676.178109] [node020:28097:0]         mxm.c:196  MXM  WARN  The 'ulimit -s' on the system is set to 'unlimited'. This may have negative performance implications. Please set the stack size to the default value (10240) 
[1469912676.135720] [node020:28097:0]         sys.c:744  MXM  WARN  Conflicting CPU frequencies detected, using: 1592.06
[1469912676.159344] [node020:28097:0]         mxm.c:196  MXM  WARN  The 'ulimit -s' on the system is set to 'unlimited'. This may have negative performance implications. Please set the stack size to the default value (10240) 
[1469912676.143365] [node023:30803:0]         sys.c:744  MXM  WARN  Conflicting CPU frequencies detected, using: 3061.78
[1469912676.178718] [node023:30803:0]         mxm.c:196  MXM  WARN  The 'ulimit -s' on the system is set to 'unlimited'. This may have negative performance implications. Please set the stack size to the default value (10240) 
[1469912676.128371] [node018:19141:0]         sys.c:744  MXM  WARN  Conflicting CPU frequencies detected, using: 2972.34
[1469912676.162916] [node018:19141:0]         mxm.c:196  MXM  WARN  The 'ulimit -s' on the system is set to 'unlimited'. This may have negative performance implications. Please set the stack size to the default value (10240) 
[1469912676.143365] [node023:30803:0]         sys.c:744  MXM  WARN  Conflicting CPU frequencies detected, using: 3061.78
[1469912676.164936] [node023:30803:0]         mxm.c:196  MXM  WARN  The 'ulimit -s' on the system is set to 'unlimited'. This may have negative performance implications. Please set the stack size to the default value (10240) 
UPCR: UPC thread   1 of 128 on node008 (pshm node  0 of 16, process   1 of 128, pid=5830)
UPCR: UPC thread   7 of 128 on node008 (pshm node  0 of 16, process   7 of 128, pid=5839)
UPCR: UPC thread   6 of 128 on node008 (pshm node  0 of 16, process   6 of 128, pid=5836)
UPCR: UPC thread   2 of 128 on node008 (pshm node  0 of 16, process   2 of 128, pid=5831)
UPCR: UPC thread   4 of 128 on node008 (pshm node  0 of 16, process   4 of 128, pid=5833)
UPCR: UPC thread   5 of 128 on node008 (pshm node  0 of 16, process   5 of 128, pid=5834)
UPCR: UPC thread   0 of 128 on node008 (pshm node  0 of 16, process   0 of 128, pid=5829)
UPCR: UPC thread   3 of 128 on node008 (pshm node  0 of 16, process   3 of 128, pid=5832)
UPCR: UPC thread  58 of 128 on node015 (pshm node  7 of 16, process  58 of 128, pid=23290)
UPCR: UPC thread  63 of 128 on node015 (pshm node  7 of 16, process  63 of 128, pid=23298)
UPCR: UPC thread  60 of 128 on node015 (pshm node  7 of 16, process  60 of 128, pid=23292)
UPCR: UPC thread  61 of 128 on node015 (pshm node  7 of 16, process  61 of 128, pid=23294)
UPCR: UPC thread  59 of 128 on node015 (pshm node  7 of 16, process  59 of 128, pid=23291)
UPCR: UPC thread 127 of 128 on node023 (pshm node 15 of 16, process 127 of 128, pid=30856)
UPCR: UPC thread 121 of 128 on node023 (pshm node 15 of 16, process 121 of 128, pid=30847)
UPCR: UPC thread 124 of 128 on node023 (pshm node 15 of 16, process 124 of 128, pid=30850)
UPCR: UPC thread 122 of 128 on node023 (pshm node 15 of 16, process 122 of 128, pid=30848)
UPCR: UPC thread   9 of 128 on node009 (pshm node  1 of 16, process   9 of 128, pid=24247)
UPCR: UPC thread  15 of 128 on node009 (pshm node  1 of 16, process  15 of 128, pid=24255)
UPCR: UPC thread  10 of 128 on node009 (pshm node  1 of 16, process  10 of 128, pid=24248)
UPCR: UPC thread  13 of 128 on node009 (pshm node  1 of 16, process  13 of 128, pid=24252)
UPCR: UPC thread  12 of 128 on node009 (pshm node  1 of 16, process  12 of 128, pid=24250)
UPCR: UPC thread  62 of 128 on node015 (pshm node  7 of 16, process  62 of 128, pid=23296)
UPCR: UPC thread  57 of 128 on node015 (pshm node  7 of 16, process  57 of 128, pid=23289)
UPCR: UPC thread  56 of 128 on node015 (pshm node  7 of 16, process  56 of 128, pid=23288)
UPCR: UPC thread  11 of 128 on node009 (pshm node  1 of 16, process  11 of 128, pid=24249)
UPCR: UPC thread  14 of 128 on node009 (pshm node  1 of 16, process  14 of 128, pid=24253)
UPCR: UPC thread   8 of 128 on node009 (pshm node  1 of 16, process   8 of 128, pid=24246)
UPCR: UPC thread  20 of 128 on node010 (pshm node  2 of 16, process  20 of 128, pid=635)
UPCR: UPC thread  16 of 128 on node010 (pshm node  2 of 16, process  16 of 128, pid=631)
UPCR: UPC thread  18 of 128 on node010 (pshm node  2 of 16, process  18 of 128, pid=633)
UPCR: UPC thread  21 of 128 on node010 (pshm node  2 of 16, process  21 of 128, pid=637)
UPCR: UPC thread  23 of 128 on node010 (pshm node  2 of 16, process  23 of 128, pid=640)
UPCR: UPC thread  19 of 128 on node010 (pshm node  2 of 16, process  19 of 128, pid=634)
UPCR: UPC thread  22 of 128 on node010 (pshm node  2 of 16, process  22 of 128, pid=639)
UPCR: UPC thread  17 of 128 on node010 (pshm node  2 of 16, process  17 of 128, pid=632)
UPCR: UPC thread  28 of 128 on node011 (pshm node  3 of 16, process  28 of 128, pid=13198)
UPCR: UPC thread  25 of 128 on node011 (pshm node  3 of 16, process  25 of 128, pid=13195)
UPCR: UPC thread  27 of 128 on node011 (pshm node  3 of 16, process  27 of 128, pid=13197)
UPCR: UPC thread  29 of 128 on node011 (pshm node  3 of 16, process  29 of 128, pid=13200)
UPCR: UPC thread  31 of 128 on node011 (pshm node  3 of 16, process  31 of 128, pid=13205)
UPCR: UPC thread  30 of 128 on node011 (pshm node  3 of 16, process  30 of 128, pid=13202)
UPCR: UPC thread  24 of 128 on node011 (pshm node  3 of 16, process  24 of 128, pid=13194)
UPCR: UPC thread  26 of 128 on node011 (pshm node  3 of 16, process  26 of 128, pid=13196)
UPCR: UPC thread  81 of 128 on node018 (pshm node 10 of 16, process  81 of 128, pid=19184)
UPCR: UPC thread  83 of 128 on node018 (pshm node 10 of 16, process  83 of 128, pid=19186)
UPCR: UPC thread  82 of 128 on node018 (pshm node 10 of 16, process  82 of 128, pid=19185)
UPCR: UPC thread  85 of 128 on node018 (pshm node 10 of 16, process  85 of 128, pid=19188)
UPCR: UPC thread  84 of 128 on node018 (pshm node 10 of 16, process  84 of 128, pid=19187)
UPCR: UPC thread  80 of 128 on node018 (pshm node 10 of 16, process  80 of 128, pid=19183)
UPCR: UPC thread  86 of 128 on node018 (pshm node 10 of 16, process  86 of 128, pid=19191)
UPCR: UPC thread  87 of 128 on node018 (pshm node 10 of 16, process  87 of 128, pid=19193)
UPCR: UPC thread  35 of 128 on node012 (pshm node  4 of 16, process  35 of 128, pid=27435)
UPCR: UPC thread  36 of 128 on node012 (pshm node  4 of 16, process  36 of 128, pid=27436)
UPCR: UPC thread  37 of 128 on node012 (pshm node  4 of 16, process  37 of 128, pid=27438)
UPCR: UPC thread  38 of 128 on node012 (pshm node  4 of 16, process  38 of 128, pid=27439)
UPCR: UPC thread  33 of 128 on node012 (pshm node  4 of 16, process  33 of 128, pid=27433)
UPCR: UPC thread  39 of 128 on node012 (pshm node  4 of 16, process  39 of 128, pid=27442)
UPCR: UPC thread  32 of 128 on node012 (pshm node  4 of 16, process  32 of 128, pid=27432)
UPCR: UPC thread  34 of 128 on node012 (pshm node  4 of 16, process  34 of 128, pid=27434)
UPCR: UPC thread  65 of 128 on node016 (pshm node  8 of 16, process  65 of 128, pid=2779)
UPCR: UPC thread  68 of 128 on node016 (pshm node  8 of 16, process  68 of 128, pid=2782)
UPCR: UPC thread  70 of 128 on node016 (pshm node  8 of 16, process  70 of 128, pid=2786)
UPCR: UPC thread  71 of 128 on node016 (pshm node  8 of 16, process  71 of 128, pid=2787)
UPCR: UPC thread  64 of 128 on node016 (pshm node  8 of 16, process  64 of 128, pid=2778)
UPCR: UPC thread  66 of 128 on node016 (pshm node  8 of 16, process  66 of 128, pid=2780)
UPCR: UPC thread  69 of 128 on node016 (pshm node  8 of 16, process  69 of 128, pid=2784)
UPCR: UPC thread  67 of 128 on node016 (pshm node  8 of 16, process  67 of 128, pid=2781)
UPCR: UPC thread  75 of 128 on node017 (pshm node  9 of 16, process  75 of 128, pid=21407)
UPCR: UPC thread  77 of 128 on node017 (pshm node  9 of 16, process  77 of 128, pid=21410)
UPCR: UPC thread  74 of 128 on node017 (pshm node  9 of 16, process  74 of 128, pid=21406)
UPCR: UPC thread  73 of 128 on node017 (pshm node  9 of 16, process  73 of 128, pid=21405)
UPCR: UPC thread  72 of 128 on node017 (pshm node  9 of 16, process  72 of 128, pid=21404)
UPCR: UPC thread  78 of 128 on node017 (pshm node  9 of 16, process  78 of 128, pid=21411)
UPCR: UPC thread  79 of 128 on node017 (pshm node  9 of 16, process  79 of 128, pid=21413)
UPCR: UPC thread 123 of 128 on node023 (pshm node 15 of 16, process 123 of 128, pid=30849)
UPCR: UPC thread 126 of 128 on node023 (pshm node 15 of 16, process 126 of 128, pid=30854)
UPCR: UPC thread 120 of 128 on node023 (pshm node 15 of 16, process 120 of 128, pid=30846)
UPCR: UPC thread 125 of 128 on node023 (pshm node 15 of 16, process 125 of 128, pid=30852)
UPCR: UPC thread  40 of 128 on node013 (pshm node  5 of 16, process  40 of 128, pid=28898)
UPCR: UPC thread  43 of 128 on node013 (pshm node  5 of 16, process  43 of 128, pid=28901)
UPCR: UPC thread  45 of 128 on node013 (pshm node  5 of 16, process  45 of 128, pid=28904)
UPCR: UPC thread  47 of 128 on node013 (pshm node  5 of 16, process  47 of 128, pid=28907)
UPCR: UPC thread  42 of 128 on node013 (pshm node  5 of 16, process  42 of 128, pid=28900)
UPCR: UPC thread  41 of 128 on node013 (pshm node  5 of 16, process  41 of 128, pid=28899)
UPCR: UPC thread  44 of 128 on node013 (pshm node  5 of 16, process  44 of 128, pid=28902)
UPCR: UPC thread  46 of 128 on node013 (pshm node  5 of 16, process  46 of 128, pid=28906)
UPCR: UPC thread 105 of 128 on node021 (pshm node 13 of 16, process 105 of 128, pid=28953)
UPCR: UPC thread 110 of 128 on node021 (pshm node 13 of 16, process 110 of 128, pid=28961)
UPCR: UPC thread 108 of 128 on node021 (pshm node 13 of 16, process 108 of 128, pid=28956)
UPCR: UPC thread 111 of 128 on node021 (pshm node 13 of 16, process 111 of 128, pid=28962)
UPCR: UPC thread 106 of 128 on node021 (pshm node 13 of 16, process 106 of 128, pid=28954)
UPCR: UPC thread 107 of 128 on node021 (pshm node 13 of 16, process 107 of 128, pid=28955)
UPCR: UPC thread 113 of 128 on node022 (pshm node 14 of 16, process 113 of 128, pid=21438)
UPCR: UPC thread 115 of 128 on node022 (pshm node 14 of 16, process 115 of 128, pid=21440)
UPCR: UPC thread 118 of 128 on node022 (pshm node 14 of 16, process 118 of 128, pid=21444)
UPCR: UPC thread 119 of 128 on node022 (pshm node 14 of 16, process 119 of 128, pid=21447)
UPCR: UPC thread 114 of 128 on node022 (pshm node 14 of 16, process 114 of 128, pid=21439)
UPCR: UPC thread 116 of 128 on node022 (pshm node 14 of 16, process 116 of 128, pid=21441)
UPCR: UPC thread 117 of 128 on node022 (pshm node 14 of 16, process 117 of 128, pid=21443)
UPCR: UPC thread 112 of 128 on node022 (pshm node 14 of 16, process 112 of 128, pid=21437)
UPCR: UPC thread  76 of 128 on node017 (pshm node  9 of 16, process  76 of 128, pid=21408)
UPCR: UPC thread  92 of 128 on node019 (pshm node 11 of 16, process  92 of 128, pid=9496)
UPCR: UPC thread  90 of 128 on node019 (pshm node 11 of 16, process  90 of 128, pid=9494)
UPCR: UPC thread  89 of 128 on node019 (pshm node 11 of 16, process  89 of 128, pid=9493)
UPCR: UPC thread  88 of 128 on node019 (pshm node 11 of 16, process  88 of 128, pid=9492)
UPCR: UPC thread  95 of 128 on node019 (pshm node 11 of 16, process  95 of 128, pid=9501)
UPCR: UPC thread  91 of 128 on node019 (pshm node 11 of 16, process  91 of 128, pid=9495)
UPCR: UPC thread  93 of 128 on node019 (pshm node 11 of 16, process  93 of 128, pid=9498)
UPCR: UPC thread  94 of 128 on node019 (pshm node 11 of 16, process  94 of 128, pid=9499)
UPCR: UPC thread  49 of 128 on node014 (pshm node  6 of 16, process  49 of 128, pid=30889)
UPCR: UPC thread  52 of 128 on node014 (pshm node  6 of 16, process  52 of 128, pid=30892)
UPCR: UPC thread  50 of 128 on node014 (pshm node  6 of 16, process  50 of 128, pid=30890)
UPCR: UPC thread  48 of 128 on node014 (pshm node  6 of 16, process  48 of 128, pid=30888)
UPCR: UPC thread  51 of 128 on node014 (pshm node  6 of 16, process  51 of 128, pid=30891)
UPCR: UPC thread  54 of 128 on node014 (pshm node  6 of 16, process  54 of 128, pid=30896)
UPCR: UPC thread  55 of 128 on node014 (pshm node  6 of 16, process  55 of 128, pid=30898)
UPCR: UPC thread  53 of 128 on node014 (pshm node  6 of 16, process  53 of 128, pid=30894)
UPCR: UPC thread 109 of 128 on node021 (pshm node 13 of 16, process 109 of 128, pid=28958)
UPCR: UPC thread 104 of 128 on node021 (pshm node 13 of 16, process 104 of 128, pid=28952)
UPCR: UPC thread 100 of 128 on node020 (pshm node 12 of 16, process 100 of 128, pid=28143)
UPCR: UPC thread 103 of 128 on node020 (pshm node 12 of 16, process 103 of 128, pid=28149)
UPCR: UPC thread  99 of 128 on node020 (pshm node 12 of 16, process  99 of 128, pid=28142)
UPCR: UPC thread  97 of 128 on node020 (pshm node 12 of 16, process  97 of 128, pid=28140)
UPCR: UPC thread  96 of 128 on node020 (pshm node 12 of 16, process  96 of 128, pid=28139)
UPCR: UPC thread 101 of 128 on node020 (pshm node 12 of 16, process 101 of 128, pid=28145)
UPCR: UPC thread 102 of 128 on node020 (pshm node 12 of 16, process 102 of 128, pid=28146)
UPCR: UPC thread  98 of 128 on node020 (pshm node 12 of 16, process  98 of 128, pid=28141)
using a cache granularity of 8
using linear probing in the BDD table
using a memoization table of 2^23 = 8388608 entries (~320 MB) per thread
using a BDD table of 2^24 = 16777216 entries (~384 MB) per thread
Initializing /home/oortwijn/distdd/models/beem/rether.7.bdd!
vector size: 55
bits per integer: 4
number of BDD variables: 220
Loading initial states: 
Initial states loaded... 
Loading transition relations... 
55 integers per state, 4 bits per integer, 162 transition groups
BDD nodes:
Initial states: 220 BDD nodes
Transition 0: 238 BDD nodes
Transition 1: 60 BDD nodes
Transition 2: 60 BDD nodes
Transition 3: 238 BDD nodes
Transition 4: 238 BDD nodes
Transition 5: 60 BDD nodes
Transition 6: 238 BDD nodes
Transition 7: 60 BDD nodes
Transition 8: 60 BDD nodes
Transition 9: 238 BDD nodes
Transition 10: 60 BDD nodes
Transition 11: 230 BDD nodes
Transition 12: 40 BDD nodes
Transition 13: 28 BDD nodes
Transition 14: 186 BDD nodes
Transition 15: 261 BDD nodes
Transition 16: 44 BDD nodes
Transition 17: 40 BDD nodes
Transition 18: 40 BDD nodes
Transition 19: 56 BDD nodes
Transition 20: 23 BDD nodes
Transition 21: 0 BDD nodes
Transition 22: 41 BDD nodes
Transition 23: 40 BDD nodes
Transition 24: 28 BDD nodes
Transition 25: 186 BDD nodes
Transition 26: 269 BDD nodes
Transition 27: 44 BDD nodes
Transition 28: 40 BDD nodes
Transition 29: 40 BDD nodes
Transition 30: 56 BDD nodes
Transition 31: 0 BDD nodes
Transition 32: 23 BDD nodes
Transition 33: 41 BDD nodes
Transition 34: 40 BDD nodes
Transition 35: 28 BDD nodes
Transition 36: 269 BDD nodes
Transition 37: 186 BDD nodes
Transition 38: 44 BDD nodes
Transition 39: 40 BDD nodes
Transition 40: 40 BDD nodes
Transition 41: 56 BDD nodes
Transition 42: 23 BDD nodes
Transition 43: 41 BDD nodes
Transition 44: 0 BDD nodes
Transition 45: 40 BDD nodes
Transition 46: 28 BDD nodes
Transition 47: 186 BDD nodes
Transition 48: 269 BDD nodes
Transition 49: 44 BDD nodes
Transition 50: 40 BDD nodes
Transition 51: 40 BDD nodes
Transition 52: 56 BDD nodes
Transition 53: 0 BDD nodes
Transition 54: 23 BDD nodes
Transition 55: 41 BDD nodes
Transition 56: 40 BDD nodes
Transition 57: 28 BDD nodes
Transition 58: 186 BDD nodes
Transition 59: 269 BDD nodes
Transition 60: 44 BDD nodes
Transition 61: 40 BDD nodes
Transition 62: 40 BDD nodes
Transition 63: 56 BDD nodes
Transition 64: 0 BDD nodes
Transition 65: 41 BDD nodes
Transition 66: 23 BDD nodes
Transition 67: 40 BDD nodes
Transition 68: 28 BDD nodes
Transition 69: 269 BDD nodes
Transition 70: 186 BDD nodes
Transition 71: 44 BDD nodes
Transition 72: 40 BDD nodes
Transition 73: 40 BDD nodes
Transition 74: 56 BDD nodes
Transition 75: 0 BDD nodes
Transition 76: 41 BDD nodes
Transition 77: 23 BDD nodes
Transition 78: 269 BDD nodes
Transition 79: 186 BDD nodes
Transition 80: 186 BDD nodes
Transition 81: 269 BDD nodes
Transition 82: 269 BDD nodes
Transition 83: 186 BDD nodes
Transition 84: 186 BDD nodes
Transition 85: 269 BDD nodes
Transition 86: 186 BDD nodes
Transition 87: 269 BDD nodes
Transition 88: 269 BDD nodes
Transition 89: 186 BDD nodes
Transition 90: 40 BDD nodes
Transition 91: 44 BDD nodes
Transition 92: 40 BDD nodes
Transition 93: 44 BDD nodes
Transition 94: 40 BDD nodes
Transition 95: 44 BDD nodes
Transition 96: 40 BDD nodes
Transition 97: 44 BDD nodes
Transition 98: 40 BDD nodes
Transition 99: 44 BDD nodes
Transition 100: 40 BDD nodes
Transition 101: 44 BDD nodes
Transition 102: 40 BDD nodes
Transition 103: 40 BDD nodes
Transition 104: 40 BDD nodes
Transition 105: 40 BDD nodes
Transition 106: 40 BDD nodes
Transition 107: 40 BDD nodes
Transition 108: 0 BDD nodes
Transition 109: 28 BDD nodes
Transition 110: 40 BDD nodes
Transition 111: 56 BDD nodes
Transition 112: 238 BDD nodes
Transition 113: 60 BDD nodes
Transition 114: 0 BDD nodes
Transition 115: 23 BDD nodes
Transition 116: 40 BDD nodes
Transition 117: 40 BDD nodes
Transition 118: 40 BDD nodes
Transition 119: 40 BDD nodes
Transition 120: 40 BDD nodes
Transition 121: 40 BDD nodes
Transition 122: 2690 BDD nodes
Transition 123: 28 BDD nodes
Transition 124: 56 BDD nodes
Transition 125: 56 BDD nodes
Transition 126: 56 BDD nodes
Transition 127: 56 BDD nodes
Transition 128: 56 BDD nodes
Transition 129: 63 BDD nodes
Transition 130: 238 BDD nodes
Transition 131: 60 BDD nodes
Transition 132: 238 BDD nodes
Transition 133: 60 BDD nodes
Transition 134: 238 BDD nodes
Transition 135: 60 BDD nodes
Transition 136: 238 BDD nodes
Transition 137: 60 BDD nodes
Transition 138: 230 BDD nodes
Transition 139: 60 BDD nodes
Transition 140: 32 BDD nodes
Transition 141: 32 BDD nodes
Transition 142: 28 BDD nodes
Transition 143: 40 BDD nodes
Transition 144: 0 BDD nodes
Transition 145: 23 BDD nodes
Transition 146: 28 BDD nodes
Transition 147: 40 BDD nodes
Transition 148: 0 BDD nodes
Transition 149: 23 BDD nodes
Transition 150: 28 BDD nodes
Transition 151: 23 BDD nodes
Transition 152: 40 BDD nodes
Transition 153: 0 BDD nodes
Transition 154: 28 BDD nodes
Transition 155: 0 BDD nodes
Transition 156: 40 BDD nodes
Transition 157: 23 BDD nodes
Transition 158: 28 BDD nodes
Transition 159: 40 BDD nodes
Transition 160: 0 BDD nodes
Transition 161: 23 BDD nodes
Level 1... done.
Level 2... done.
Level 3... done.
Level 4... done.
Level 5... done.
Level 6... done.
Level 7... done.
Level 8... done.
Level 9... done.
Level 10... done.
Level 11... done.
Level 12... done.
Level 13... done.
Level 14... done.
Level 15... done.
Level 16... done.
Level 17... done.
Level 18... done.
Level 19... done.
Level 20... done.
Level 21... done.
Level 22... done.
Level 23... done.
Level 24... done.
Level 25... done.
Level 26... done.
Level 27... done.
Level 28... done.
Level 29... done.
Level 30... done.
Level 31... done.
Level 32... done.
Level 33... done.
Level 34... done.
Level 35... done.
Level 36... done.
Level 37... done.
Level 38... done.
Level 39... done.
Level 40... done.
Level 41... done.
Level 42... done.
Level 43... done.
Level 44... done.
Level 45... done.
Level 46... done.
Level 47... done.
Level 48... done.
Level 49... done.
Level 50... done.
Level 51... done.
Level 52... done.
Level 53... done.
Level 54... done.
Level 55... done.
Level 56... done.
Level 57... done.
Level 58... done.
Level 59... done.
Level 60... done.
Level 61... done.
Level 62... done.
Level 63... done.
Level 64... done.
Level 65... done.
Level 66... done.
Level 67... done.
Level 68... done.
Level 69... done.
Level 70... done.
Level 71... done.
Level 72... done.
Level 73... done.
Level 74... done.
Level 75... done.
Level 76... done.
Level 77... done.
Level 78... done.
Level 79... done.
Level 80... done.
Level 81... done.
Level 82... done.
Level 83... done.
Level 84... done.
Level 85... done.
Level 86... done.
Level 87... done.
Level 88... done.
Level 89... done.
Level 90... done.
Level 91... done.
Level 92... done.
Level 93... done.
Level 94... done.
Level 95... done.
Level 96... done.
Level 97... done.
Level 98... done.
Level 99... done.
Level 100... done.
Level 101... done.
Level 102... done.
Level 103... done.
Level 104... done.
Level 105... done.
Level 106... done.
Level 107... done.
Level 108... done.
Level 109... done.
Level 110... done.
Level 111... done.
Level 112... done.
Level 113... done.
Level 114... done.
Level 115... done.
Level 116... done.
Level 117... done.
Level 118... done.
Level 119... done.
Level 120... done.
Level 121... done.
Level 122... done.
Level 123... done.
Level 124... done.
Level 125... done.
Level 126... done.
Level 127... done.
Level 128... done.
Level 129... done.
Level 130... done.
Level 131... done.
Level 132... done.
Level 133... done.
Level 134... done.
Level 135... done.
Level 136... done.
Level 137... done.
Level 138... done.
Level 139... done.
Level 140... done.
Level 141... done.
Level 142... done.
Level 143... done.
Level 144... done.
Level 145... done.
Level 146... done.
Level 147... done.
Level 148... done.
Level 149... done.
Level 150... done.
Level 151... done.
Level 152... done.
Level 153... done.
Level 154... done.
Level 155... done.
Level 156... done.
Level 157... done.
Level 158... done.
Level 159... done.
Level 160... done.
Level 161... done.
Level 162... done.
Level 163... done.
Level 164... done.
Level 165... done.
Level 166... done.
Level 167... done.
Level 168... done.
Level 169... done.
Level 170... done.
Level 171... done.
Level 172... done.
Level 173... done.
Level 174... done.
Level 175... done.
Level 176... done.
Level 177... done.
Level 178... done.
Level 179... done.
Level 180... done.
Level 181... done.
Level 182... done.
Level 183... done.
Level 184... done.
Level 185... done.
Level 186... done.
Level 187... done.
Level 188... done.
Level 189... done.
Level 190... done.
Level 191... done.
Level 192... done.
Level 193... done.
Level 194... done.
Level 195... done.
Level 196... done.
Level 197... done.
Level 198... done.
Level 199... done.
Level 200... done.
Level 201... done.
Level 202... done.
Level 203... done.
Level 204... done.
Level 205... done.
Level 206... done.
Level 207... done.
Level 208... done.
Level 209... done.
Level 210... done.
Level 211... done.
Level 212... done.
Level 213... done.
Level 214... done.
Level 215... done.
Level 216... done.
Level 217... done.
Level 218... done.
Level 219... done.
Level 220... done.
Level 221... done.
Level 222... done.
Level 223... done.
Level 224... done.
Level 225... done.
Level 226... done.
Level 227... done.
Level 228... done.
Level 229... done.
Level 230... done.
Level 231... done.
Level 232... done.
Level 233... done.
Level 234... done.
Level 235... done.
Level 236... done.
Level 237... done.
Level 238... done.
Level 239... done.
Level 240... done.
Level 241... done.
Level 242... done.
Level 243... done.
Level 244... done.
Level 245... done.
Level 246... done.
Level 247... done.
Level 248... done.
Level 249... done.
Level 250... done.
Level 251... done.
Level 252... done.
Level 253... done.
Level 254... done.
Level 255... done.
Level 256... done.
Level 257... done.
Level 258... done.
Level 259... done.
Level 260... done.
Level 261... done.
Level 262... done.
Level 263... done.
Level 264... done.
Level 265... done.
Level 266... done.
Level 267... done.
Level 268... done.
Level 269... done.
Level 270... done.
Level 271... done.
Level 272... done.
Level 273... done.
Level 274... done.
Level 275... done.
Level 276... done.
Level 277... done.
Level 278... done.
Level 279... done.
Level 280... done.
Level 281... done.
Level 282... done.
Level 283... done.
Level 284... done.
Level 285... done.
Level 286... done.
Level 287... done.
Level 288... done.
Level 289... done.
Level 290... done.
Level 291... done.
Level 292... done.
Level 293... done.
Level 294... done.
Level 295... done.
Level 296... done.
Level 297... done.
Level 298... done.
Level 299... done.
Level 300... done.
Level 301... done.
Level 302... done.
Level 303... done.
Level 304... done.
Level 305... done.
Level 306... done.
Level 307... done.
Level 308... done.
Level 309... done.
Level 310... done.
Level 311... done.
Level 312... done.
Level 313... done.
Level 314... done.
Level 315... done.
Level 316... done.
Level 317... done.
Level 318... done.
Level 319... done.
Level 320... done.
Level 321... done.
Level 322... done.
Level 323... done.
Level 324... done.
Level 325... done.
Level 326... done.
Level 327... done.
Level 328... done.
Level 329... done.
Level 330... done.
Level 331... done.
Level 332... done.
Level 333... done.
Level 334... done.
Level 335... done.
Level 336... done.
Level 337... done.
Level 338... done.
Level 339... done.
Level 340... done.
Level 341... done.
Level 342... done.
Level 343... done.
Level 344... done.
Level 345... done.
Level 346... done.
Level 347... done.
Level 348... done.
Level 349... done.
Level 350... done.
Level 351... done.
Level 352... done.
Level 353... done.
Level 354... done.
Level 355... done.
Level 356... done.
Level 357... done.
Level 358... done.
Level 359... done.
Level 360... done.
Level 361... done.
Level 362... done.
Level 363... done.
Level 364... done.
Level 365... done.
Level 366... done.
Level 367... done.
Level 368... done.
Level 369... done.
Level 370... done.
Level 371... done.
Level 372... done.
Level 373... done.
Level 374... done.
Level 375... done.
Level 376... done.
Level 377... done.
Level 378... done.
Level 379... done.
Level 380... done.
Level 381... done.
Level 382... done.
Level 383... done.
Level 384... done.
Level 385... done.
Level 386... done.
Level 387... done.
Level 388... done.
Level 389... done.
Level 390... done.
Level 391... done.
Level 392... done.
Level 393... done.
Level 394... done.
Level 395... done.
Level 396... done.
Level 397... done.
Level 398... done.
Level 399... done.
Level 400... done.
Level 401... done.
Level 402... done.
Level 403... done.
Level 404... done.
Level 405... done.
Level 406... done.
Level 407... done.
Level 408... done.
Level 409... done.
Level 410... done.
Level 411... done.
Level 412... done.
Level 413... done.
Level 414... done.
Level 415... done.
Level 416... done.
PAR Time: 77.240530
Final states: 4789409 states
Final states: 2888864 BDD nodes
[1469912676.139337] [node012:27390:0]         sys.c:744  MXM  WARN  Conflicting CPU frequencies detected, using: 3190.31
[1469912676.139494] [node016:2736 :0]         sys.c:744  MXM  WARN  Conflicting CPU frequencies detected, using: 1486.31
[1469912676.138160] [node022:21395:0]         sys.c:744  MXM  WARN  Conflicting CPU frequencies detected, using: 2120.34
[1469912676.148128] [node014:30845:0]         sys.c:744  MXM  WARN  Conflicting CPU frequencies detected, using: 1897.03
[1469912676.128371] [node018:19141:0]         sys.c:744  MXM  WARN  Conflicting CPU frequencies detected, using: 2972.34
[1469912676.134634] [node009:24204:0]         sys.c:744  MXM  WARN  Conflicting CPU frequencies detected, using: 1999.12
[1469912676.151118] [node021:28908:0]         sys.c:744  MXM  WARN  Conflicting CPU frequencies detected, using: 1894.88
[1469912676.123536] [node013:28856:0]         sys.c:744  MXM  WARN  Conflicting CPU frequencies detected, using: 1593.38
[1469912676.134246] [node010:589  :0]         sys.c:744  MXM  WARN  Conflicting CPU frequencies detected, using: 1999.22
[1469912675.775610] [node008:5813 :0]         sys.c:744  MXM  WARN  Conflicting CPU frequencies detected, using: 1698.66
[1469912676.139571] [node011:13152:0]         sys.c:744  MXM  WARN  Conflicting CPU frequencies detected, using: 2098.12
[1469912676.140261] [node015:23246:0]         sys.c:744  MXM  WARN  Conflicting CPU frequencies detected, using: 2079.75
[1469912676.146473] [node019:9450 :0]         sys.c:744  MXM  WARN  Conflicting CPU frequencies detected, using: 1827.09
[1469912676.136218] [node017:21362:0]         sys.c:744  MXM  WARN  Conflicting CPU frequencies detected, using: 3199.97
[1469912676.143365] [node023:30803:0]         sys.c:744  MXM  WARN  Conflicting CPU frequencies detected, using: 3061.78
[1469912676.135720] [node020:28097:0]         sys.c:744  MXM  WARN  Conflicting CPU frequencies detected, using: 1592.06
[1469912675.755493] [node008:5769 :0]         sys.c:744  MXM  WARN  Conflicting CPU frequencies detected, using: 1598.91
