performing reachability, flags: -n 16 -N 16 -shared-heap 16GB --tablesize=27 --cachesize=26  
This is upcrun, job spawner for the Berkeley UPC compiler (http://upc.lbl.gov).
upcrun version 2.22.2
Network conduits supported by this installation: smp mxm ibv
[1468012909.153936] [node053:20637:0]         sys.c:744  MXM  WARN  Conflicting CPU frequencies detected, using: 2398.88
[1468012909.159376] [node053:20637:0]         mxm.c:196  MXM  WARN  The 'ulimit -s' on the system is set to 'unlimited'. This may have negative performance implications. Please set the stack size to the default value (10240) 
[1468012909.510522] [node065:5908 :0]         sys.c:744  MXM  WARN  Conflicting CPU frequencies detected, using: 1582.12
[1468012909.516431] [node065:5908 :0]         mxm.c:196  MXM  WARN  The 'ulimit -s' on the system is set to 'unlimited'. This may have negative performance implications. Please set the stack size to the default value (10240) 
[1468012909.511023] [node060:25330:0]         sys.c:744  MXM  WARN  Conflicting CPU frequencies detected, using: 1395.75
[1468012909.516981] [node060:25330:0]         mxm.c:196  MXM  WARN  The 'ulimit -s' on the system is set to 'unlimited'. This may have negative performance implications. Please set the stack size to the default value (10240) 
[1468012909.517911] [node057:21641:0]         sys.c:744  MXM  WARN  Conflicting CPU frequencies detected, using: 2056.59
[1468012909.523995] [node057:21641:0]         mxm.c:196  MXM  WARN  The 'ulimit -s' on the system is set to 'unlimited'. This may have negative performance implications. Please set the stack size to the default value (10240) 
[1468012909.517345] [node064:14725:0]         sys.c:744  MXM  WARN  Conflicting CPU frequencies detected, using: 1799.44
[1468012909.525937] [node064:14725:0]         mxm.c:196  MXM  WARN  The 'ulimit -s' on the system is set to 'unlimited'. This may have negative performance implications. Please set the stack size to the default value (10240) 
[1468012909.515378] [node055:26434:0]         sys.c:744  MXM  WARN  Conflicting CPU frequencies detected, using: 2599.97
[1468012909.524303] [node055:26434:0]         mxm.c:196  MXM  WARN  The 'ulimit -s' on the system is set to 'unlimited'. This may have negative performance implications. Please set the stack size to the default value (10240) 
[1468012909.516861] [node061:29214:0]         sys.c:744  MXM  WARN  Conflicting CPU frequencies detected, using: 2279.53
[1468012909.522877] [node061:29214:0]         mxm.c:196  MXM  WARN  The 'ulimit -s' on the system is set to 'unlimited'. This may have negative performance implications. Please set the stack size to the default value (10240) 
[1468012909.518099] [node062:1780 :0]         sys.c:744  MXM  WARN  Conflicting CPU frequencies detected, using: 1695.47
[1468012909.527119] [node062:1780 :0]         mxm.c:196  MXM  WARN  The 'ulimit -s' on the system is set to 'unlimited'. This may have negative performance implications. Please set the stack size to the default value (10240) 
[1468012909.516743] [node054:32204:0]         sys.c:744  MXM  WARN  Conflicting CPU frequencies detected, using: 2599.97
[1468012909.525582] [node054:32204:0]         mxm.c:196  MXM  WARN  The 'ulimit -s' on the system is set to 'unlimited'. This may have negative performance implications. Please set the stack size to the default value (10240) 
[1468012909.514972] [node056:23680:0]         sys.c:744  MXM  WARN  Conflicting CPU frequencies detected, using: 2599.88
[1468012909.523840] [node056:23680:0]         mxm.c:196  MXM  WARN  The 'ulimit -s' on the system is set to 'unlimited'. This may have negative performance implications. Please set the stack size to the default value (10240) 
[1468012909.510676] [node063:9458 :0]         sys.c:744  MXM  WARN  Conflicting CPU frequencies detected, using: 2752.31
[1468012909.516856] [node063:9458 :0]         mxm.c:196  MXM  WARN  The 'ulimit -s' on the system is set to 'unlimited'. This may have negative performance implications. Please set the stack size to the default value (10240) 
[1468012909.521952] [node059:23944:0]         sys.c:744  MXM  WARN  Conflicting CPU frequencies detected, using: 2627.25
[1468012909.528045] [node059:23944:0]         mxm.c:196  MXM  WARN  The 'ulimit -s' on the system is set to 'unlimited'. This may have negative performance implications. Please set the stack size to the default value (10240) 
[1468012909.502265] [node058:20450:0]         sys.c:744  MXM  WARN  Conflicting CPU frequencies detected, using: 2661.00
[1468012909.508700] [node058:20450:0]         mxm.c:196  MXM  WARN  The 'ulimit -s' on the system is set to 'unlimited'. This may have negative performance implications. Please set the stack size to the default value (10240) 
[1468012909.510680] [node066:8239 :0]         sys.c:744  MXM  WARN  Conflicting CPU frequencies detected, using: 2600.53
[1468012909.519408] [node066:8239 :0]         mxm.c:196  MXM  WARN  The 'ulimit -s' on the system is set to 'unlimited'. This may have negative performance implications. Please set the stack size to the default value (10240) 
[1468012909.512866] [node068:6808 :0]         sys.c:744  MXM  WARN  Conflicting CPU frequencies detected, using: 1798.31
[1468012909.521797] [node068:6808 :0]         mxm.c:196  MXM  WARN  The 'ulimit -s' on the system is set to 'unlimited'. This may have negative performance implications. Please set the stack size to the default value (10240) 
[1468012909.512163] [node067:9754 :0]         sys.c:744  MXM  WARN  Conflicting CPU frequencies detected, using: 1441.12
[1468012909.520963] [node067:9754 :0]         mxm.c:196  MXM  WARN  The 'ulimit -s' on the system is set to 'unlimited'. This may have negative performance implications. Please set the stack size to the default value (10240) 
UPCR: UPC thread  0 of 16 on node053 (pshm node  0 of 16, process  0 of 16, pid=20653)
UPCR: UPC thread  4 of 16 on node057 (pshm node  4 of 16, process  4 of 16, pid=21683)
UPCR: UPC thread 14 of 16 on node067 (pshm node 14 of 16, process 14 of 16, pid=9796)
UPCR: UPC thread  8 of 16 on node061 (pshm node  8 of 16, process  8 of 16, pid=29256)
UPCR: UPC thread  2 of 16 on node055 (pshm node  2 of 16, process  2 of 16, pid=26476)
UPCR: UPC thread  3 of 16 on node056 (pshm node  3 of 16, process  3 of 16, pid=23722)
UPCR: UPC thread 15 of 16 on node068 (pshm node 15 of 16, process 15 of 16, pid=6850)
UPCR: UPC thread 12 of 16 on node065 (pshm node 12 of 16, process 12 of 16, pid=5950)
UPCR: UPC thread  7 of 16 on node060 (pshm node  7 of 16, process  7 of 16, pid=25372)
UPCR: UPC thread  1 of 16 on node054 (pshm node  1 of 16, process  1 of 16, pid=32246)
UPCR: UPC thread 13 of 16 on node066 (pshm node 13 of 16, process 13 of 16, pid=8281)
UPCR: UPC thread 10 of 16 on node063 (pshm node 10 of 16, process 10 of 16, pid=9500)
UPCR: UPC thread  5 of 16 on node058 (pshm node  5 of 16, process  5 of 16, pid=20492)
UPCR: UPC thread 11 of 16 on node064 (pshm node 11 of 16, process 11 of 16, pid=14775)
UPCR: UPC thread  9 of 16 on node062 (pshm node  9 of 16, process  9 of 16, pid=1827)
UPCR: UPC thread  6 of 16 on node059 (pshm node  6 of 16, process  6 of 16, pid=23986)
using a cache granularity of 8
using linear probing in the BDD table
using a memoization table of 2^26 = 67108864 entries (~2560 MB) per thread
using a BDD table of 2^27 = 134217728 entries (~3072 MB) per thread
Initializing /home/oortwijn/distdd/models/beem/schedule_world.2.bdd!
vector size: 28
bits per integer: 8
number of BDD variables: 224
Loading initial states: 
Initial states loaded... 
Loading transition relations... 
28 integers per state, 8 bits per integer, 26 transition groups
BDD nodes:
Initial states: 224 BDD nodes
Transition 0: 112 BDD nodes
Transition 1: 96 BDD nodes
Transition 2: 113 BDD nodes
Transition 3: 105 BDD nodes
Transition 4: 88 BDD nodes
Transition 5: 96 BDD nodes
Transition 6: 95 BDD nodes
Transition 7: 79 BDD nodes
Transition 8: 136 BDD nodes
Transition 9: 112 BDD nodes
Transition 10: 112 BDD nodes
Transition 11: 96 BDD nodes
Transition 12: 96 BDD nodes
Transition 13: 113 BDD nodes
Transition 14: 105 BDD nodes
Transition 15: 88 BDD nodes
Transition 16: 96 BDD nodes
Transition 17: 95 BDD nodes
Transition 18: 79 BDD nodes
Transition 19: 96 BDD nodes
Transition 20: 88 BDD nodes
Transition 21: 113 BDD nodes
Transition 22: 105 BDD nodes
Transition 23: 95 BDD nodes
Transition 24: 79 BDD nodes
Transition 25: 112 BDD nodes
Level 1... done.
Level 2... done.
Level 3... done.
Level 4... done.
Level 5... done.
Level 6... done.
Level 7... done.
Level 8... done.
Level 9... done.
Level 10... done.
Level 11... done.
Level 12... done.
Level 13... done.
Level 14... done.
Level 15... done.
Level 16... done.
Level 17... done.
Level 18... done.
PAR Time: 13.887060
Final states: 1570340 states
Final states: 14491 BDD nodes
[1468012909.517911] [node057:21641:0]         sys.c:744  MXM  WARN  Conflicting CPU frequencies detected, using: 2056.59
[1468012909.502265] [node058:20450:0]         sys.c:744  MXM  WARN  Conflicting CPU frequencies detected, using: 2661.00
[1468012909.512866] [node068:6808 :0]         sys.c:744  MXM  WARN  Conflicting CPU frequencies detected, using: 1798.31
[1468012909.512163] [node067:9754 :0]         sys.c:744  MXM  WARN  Conflicting CPU frequencies detected, using: 1441.12
[1468012909.517345] [node064:14725:0]         sys.c:744  MXM  WARN  Conflicting CPU frequencies detected, using: 1799.44
[1468012909.514972] [node056:23680:0]         sys.c:744  MXM  WARN  Conflicting CPU frequencies detected, using: 2599.88
[1468012909.516743] [node054:32204:0]         sys.c:744  MXM  WARN  Conflicting CPU frequencies detected, using: 2599.97
[1468012909.516861] [node061:29214:0]         sys.c:744  MXM  WARN  Conflicting CPU frequencies detected, using: 2279.53
[1468012909.515378] [node055:26434:0]         sys.c:744  MXM  WARN  Conflicting CPU frequencies detected, using: 2599.97
[1468012909.153936] [node053:20637:0]         sys.c:744  MXM  WARN  Conflicting CPU frequencies detected, using: 2398.88
[1468012909.510522] [node065:5908 :0]         sys.c:744  MXM  WARN  Conflicting CPU frequencies detected, using: 1582.12
[1468012909.510676] [node063:9458 :0]         sys.c:744  MXM  WARN  Conflicting CPU frequencies detected, using: 2752.31
[1468012909.510680] [node066:8239 :0]         sys.c:744  MXM  WARN  Conflicting CPU frequencies detected, using: 2600.53
[1468012909.518099] [node062:1780 :0]         sys.c:744  MXM  WARN  Conflicting CPU frequencies detected, using: 1695.47
[1468012909.521952] [node059:23944:0]         sys.c:744  MXM  WARN  Conflicting CPU frequencies detected, using: 2627.25
[1468012909.511023] [node060:25330:0]         sys.c:744  MXM  WARN  Conflicting CPU frequencies detected, using: 1395.75
[1468012909.135599] [node053:20593:0]         sys.c:744  MXM  WARN  Conflicting CPU frequencies detected, using: 2599.97
