performing reachability, flags: -n 16 -N 8 -shared-heap 8GB --tablesize=26 --cachesize=25  
This is upcrun, job spawner for the Berkeley UPC compiler (http://upc.lbl.gov).
upcrun version 2.22.2
Network conduits supported by this installation: smp mxm ibv
[1468060453.394735] [node016:32176:0]         sys.c:744  MXM  WARN  Conflicting CPU frequencies detected, using: 1594.41
[1468060453.400615] [node016:32176:0]         mxm.c:196  MXM  WARN  The 'ulimit -s' on the system is set to 'unlimited'. This may have negative performance implications. Please set the stack size to the default value (10240) 
[1468060453.394735] [node016:32176:0]         sys.c:744  MXM  WARN  Conflicting CPU frequencies detected, using: 1594.41
[1468060453.400668] [node016:32176:0]         mxm.c:196  MXM  WARN  The 'ulimit -s' on the system is set to 'unlimited'. This may have negative performance implications. Please set the stack size to the default value (10240) 
[1468060453.752188] [node021:6422 :0]         sys.c:744  MXM  WARN  Conflicting CPU frequencies detected, using: 1479.94
[1468060453.758312] [node021:6422 :0]         mxm.c:196  MXM  WARN  The 'ulimit -s' on the system is set to 'unlimited'. This may have negative performance implications. Please set the stack size to the default value (10240) 
[1468060453.752188] [node021:6422 :0]         sys.c:744  MXM  WARN  Conflicting CPU frequencies detected, using: 1479.94
[1468060453.758528] [node021:6422 :0]         mxm.c:196  MXM  WARN  The 'ulimit -s' on the system is set to 'unlimited'. This may have negative performance implications. Please set the stack size to the default value (10240) 
[1468060453.755989] [node019:9472 :0]         sys.c:744  MXM  WARN  Conflicting CPU frequencies detected, using: 1799.44
[1468060453.762230] [node019:9472 :0]         mxm.c:196  MXM  WARN  The 'ulimit -s' on the system is set to 'unlimited'. This may have negative performance implications. Please set the stack size to the default value (10240) 
[1468060453.755989] [node019:9472 :0]         sys.c:744  MXM  WARN  Conflicting CPU frequencies detected, using: 1799.44
[1468060453.762580] [node019:9472 :0]         mxm.c:196  MXM  WARN  The 'ulimit -s' on the system is set to 'unlimited'. This may have negative performance implications. Please set the stack size to the default value (10240) 
[1468060453.759912] [node022:3509 :0]         sys.c:744  MXM  WARN  Conflicting CPU frequencies detected, using: 2422.78
[1468060453.771116] [node022:3509 :0]         mxm.c:196  MXM  WARN  The 'ulimit -s' on the system is set to 'unlimited'. This may have negative performance implications. Please set the stack size to the default value (10240) 
[1468060453.759912] [node022:3509 :0]         sys.c:744  MXM  WARN  Conflicting CPU frequencies detected, using: 2422.78
[1468060453.772078] [node022:3509 :0]         mxm.c:196  MXM  WARN  The 'ulimit -s' on the system is set to 'unlimited'. This may have negative performance implications. Please set the stack size to the default value (10240) 
[1468060453.757713] [node017:24473:0]         sys.c:744  MXM  WARN  Conflicting CPU frequencies detected, using: 1711.03
[1468060453.768911] [node017:24473:0]         mxm.c:196  MXM  WARN  The 'ulimit -s' on the system is set to 'unlimited'. This may have negative performance implications. Please set the stack size to the default value (10240) 
[1468060453.757713] [node017:24473:0]         sys.c:744  MXM  WARN  Conflicting CPU frequencies detected, using: 1711.03
[1468060453.769925] [node017:24473:0]         mxm.c:196  MXM  WARN  The 'ulimit -s' on the system is set to 'unlimited'. This may have negative performance implications. Please set the stack size to the default value (10240) 
[1468060453.758656] [node018:15309:0]         sys.c:744  MXM  WARN  Conflicting CPU frequencies detected, using: 1498.50
[1468060453.769844] [node018:15309:0]         mxm.c:196  MXM  WARN  The 'ulimit -s' on the system is set to 'unlimited'. This may have negative performance implications. Please set the stack size to the default value (10240) 
[1468060453.758656] [node018:15309:0]         sys.c:744  MXM  WARN  Conflicting CPU frequencies detected, using: 1498.50
[1468060453.770998] [node018:15309:0]         mxm.c:196  MXM  WARN  The 'ulimit -s' on the system is set to 'unlimited'. This may have negative performance implications. Please set the stack size to the default value (10240) 
[1468060453.752299] [node023:10403:0]         sys.c:744  MXM  WARN  Conflicting CPU frequencies detected, using: 1394.91
[1468060453.764360] [node023:10403:0]         mxm.c:196  MXM  WARN  The 'ulimit -s' on the system is set to 'unlimited'. This may have negative performance implications. Please set the stack size to the default value (10240) 
[1468060453.740039] [node020:26245:0]         sys.c:744  MXM  WARN  Conflicting CPU frequencies detected, using: 1497.19
[1468060453.752242] [node020:26245:0]         mxm.c:196  MXM  WARN  The 'ulimit -s' on the system is set to 'unlimited'. This may have negative performance implications. Please set the stack size to the default value (10240) 
[1468060453.740039] [node020:26245:0]         sys.c:744  MXM  WARN  Conflicting CPU frequencies detected, using: 1497.19
[1468060453.751462] [node020:26245:0]         mxm.c:196  MXM  WARN  The 'ulimit -s' on the system is set to 'unlimited'. This may have negative performance implications. Please set the stack size to the default value (10240) 
[1468060453.752299] [node023:10403:0]         sys.c:744  MXM  WARN  Conflicting CPU frequencies detected, using: 1394.91
[1468060453.763574] [node023:10403:0]         mxm.c:196  MXM  WARN  The 'ulimit -s' on the system is set to 'unlimited'. This may have negative performance implications. Please set the stack size to the default value (10240) 
UPCR: UPC thread  1 of 16 on node016 (pshm node 0 of 8, process  1 of 16, pid=32185)
UPCR: UPC thread  0 of 16 on node016 (pshm node 0 of 8, process  0 of 16, pid=32184)
UPCR: UPC thread 13 of 16 on node022 (pshm node 6 of 8, process 13 of 16, pid=3552)
UPCR: UPC thread 12 of 16 on node022 (pshm node 6 of 8, process 12 of 16, pid=3551)
UPCR: UPC thread 10 of 16 on node021 (pshm node 5 of 8, process 10 of 16, pid=6464)
UPCR: UPC thread 11 of 16 on node021 (pshm node 5 of 8, process 11 of 16, pid=6465)
UPCR: UPC thread  9 of 16 on node020 (pshm node 4 of 8, process  9 of 16, pid=26288)
UPCR: UPC thread  8 of 16 on node020 (pshm node 4 of 8, process  8 of 16, pid=26287)
UPCR: UPC thread  3 of 16 on node017 (pshm node 1 of 8, process  3 of 16, pid=24516)
UPCR: UPC thread  2 of 16 on node017 (pshm node 1 of 8, process  2 of 16, pid=24515)
UPCR: UPC thread  5 of 16 on node018 (pshm node 2 of 8, process  5 of 16, pid=15352)
UPCR: UPC thread  4 of 16 on node018 (pshm node 2 of 8, process  4 of 16, pid=15351)
UPCR: UPC thread 15 of 16 on node023 (pshm node 7 of 8, process 15 of 16, pid=10446)
UPCR: UPC thread 14 of 16 on node023 (pshm node 7 of 8, process 14 of 16, pid=10445)
UPCR: UPC thread  7 of 16 on node019 (pshm node 3 of 8, process  7 of 16, pid=9515)
UPCR: UPC thread  6 of 16 on node019 (pshm node 3 of 8, process  6 of 16, pid=9514)
using a cache granularity of 8
using linear probing in the BDD table
using a memoization table of 2^25 = 33554432 entries (~1280 MB) per thread
using a BDD table of 2^26 = 67108864 entries (~1536 MB) per thread
Initializing /home/oortwijn/distdd/models/beem/schedule_world.1.bdd!
vector size: 22
bits per integer: 8
number of BDD variables: 176
Loading initial states: 
Initial states loaded... 
Loading transition relations... 
22 integers per state, 8 bits per integer, 18 transition groups
BDD nodes:
Initial states: 176 BDD nodes
Transition 0: 96 BDD nodes
Transition 1: 112 BDD nodes
Transition 2: 128 BDD nodes
Transition 3: 96 BDD nodes
Transition 4: 112 BDD nodes
Transition 5: 105 BDD nodes
Transition 6: 105 BDD nodes
Transition 7: 113 BDD nodes
Transition 8: 113 BDD nodes
Transition 9: 96 BDD nodes
Transition 10: 88 BDD nodes
Transition 11: 96 BDD nodes
Transition 12: 95 BDD nodes
Transition 13: 79 BDD nodes
Transition 14: 88 BDD nodes
Transition 15: 95 BDD nodes
Transition 16: 79 BDD nodes
Transition 17: 112 BDD nodes
Level 1... done.
Level 2... done.
Level 3... done.
Level 4... done.
Level 5... done.
Level 6... done.
Level 7... done.
Level 8... done.
Level 9... done.
Level 10... done.
Level 11... done.
Level 12... done.
Level 13... done.
Level 14... done.
PAR Time: 1.186444
Final states: 23061 states
Final states: 7423 BDD nodes
[1468060453.757713] [node017:24473:0]         sys.c:744  MXM  WARN  Conflicting CPU frequencies detected, using: 1711.03
[1468060453.755989] [node019:9472 :0]         sys.c:744  MXM  WARN  Conflicting CPU frequencies detected, using: 1799.44
[1468060453.740039] [node020:26245:0]         sys.c:744  MXM  WARN  Conflicting CPU frequencies detected, using: 1497.19
[1468060453.394735] [node016:32176:0]         sys.c:744  MXM  WARN  Conflicting CPU frequencies detected, using: 1594.41
[1468060453.758656] [node018:15309:0]         sys.c:744  MXM  WARN  Conflicting CPU frequencies detected, using: 1498.50
[1468060453.759912] [node022:3509 :0]         sys.c:744  MXM  WARN  Conflicting CPU frequencies detected, using: 2422.78
[1468060453.752299] [node023:10403:0]         sys.c:744  MXM  WARN  Conflicting CPU frequencies detected, using: 1394.91
[1468060453.752188] [node021:6422 :0]         sys.c:744  MXM  WARN  Conflicting CPU frequencies detected, using: 1479.94
[1468060453.375927] [node016:32132:0]         sys.c:744  MXM  WARN  Conflicting CPU frequencies detected, using: 1497.09
