performing reachability, flags: -n 1 -N 1 -shared-heap 16GB --tablesize=27 --cachesize=26 --quadratic-probing--chunk-size=8 
This is upcrun, job spawner for the Berkeley UPC compiler (http://upc.lbl.gov).
upcrun version 2.22.2
Network conduits supported by this installation: smp mxm ibv
[1469711212.303184] [node054:28564:0]         sys.c:744  MXM  WARN  Conflicting CPU frequencies detected, using: 1874.72
[1469711212.311356] [node054:28564:0]         mxm.c:196  MXM  WARN  The 'ulimit -s' on the system is set to 'unlimited'. This may have negative performance implications. Please set the stack size to the default value (10240) 
UPCR: UPC thread 0 of 1 on node054 (pshm node 0 of 1, process 0 of 1, pid=28565)
using a cache granularity of 8
using linear probing in the BDD table
using a memoization table of 2^26 = 67108864 entries (~2560 MB) per thread
using a BDD table of 2^27 = 134217728 entries (~3072 MB) per thread
Initializing /home/oortwijn/distdd/models/beem/synapse.4.bdd!
vector size: 22
bits per integer: 16
number of BDD variables: 352
Loading initial states: 
Initial states loaded... 
Loading transition relations... 
22 integers per state, 16 bits per integer, 46 transition groups
BDD nodes:
Initial states: 352 BDD nodes
Transition 0: 1179 BDD nodes
Transition 1: 0 BDD nodes
Transition 2: 0 BDD nodes
Transition 3: 0 BDD nodes
Transition 4: 192 BDD nodes
Transition 5: 0 BDD nodes
Transition 6: 1885 BDD nodes
Transition 7: 1233 BDD nodes
Transition 8: 0 BDD nodes
Transition 9: 0 BDD nodes
Transition 10: 5014 BDD nodes
Transition 11: 319 BDD nodes
Transition 12: 0 BDD nodes
Transition 13: 0 BDD nodes
Transition 14: 0 BDD nodes
Transition 15: 0 BDD nodes
Transition 16: 168 BDD nodes
Transition 17: 3617 BDD nodes
Transition 18: 0 BDD nodes
Transition 19: 0 BDD nodes
Transition 20: 80 BDD nodes
Transition 21: 0 BDD nodes
Transition 22: 0 BDD nodes
Transition 23: 318 BDD nodes
Transition 24: 7222 BDD nodes
Transition 25: 0 BDD nodes
Transition 26: 0 BDD nodes
Transition 27: 483 BDD nodes
Transition 28: 0 BDD nodes
Transition 29: 0 BDD nodes
Transition 30: 149 BDD nodes
Transition 31: 115 BDD nodes
Transition 32: 1569 BDD nodes
Transition 33: 0 BDD nodes
Transition 34: 0 BDD nodes
Transition 35: 0 BDD nodes
Transition 36: 1697 BDD nodes
Transition 37: 192 BDD nodes
Transition 38: 0 BDD nodes
Transition 39: 0 BDD nodes
Transition 40: 1801 BDD nodes
Transition 41: 0 BDD nodes
Transition 42: 485 BDD nodes
Transition 43: 368 BDD nodes
Transition 44: 0 BDD nodes
Transition 45: 80 BDD nodes
Level 1... done.
Level 2... done.
Level 3... done.
Level 4... done.
Level 5... done.
Level 6... done.
Level 7... done.
Level 8... done.
Level 9... done.
Level 10... done.
Level 11... done.
Level 12... done.
Level 13... done.
Level 14... done.
Level 15... done.
Level 16... done.
Level 17... done.
Level 18... done.
Level 19... done.
Level 20... done.
Level 21... done.
Level 22... done.
Level 23... done.
Level 24... done.
Level 25... done.
Level 26... done.
Level 27... done.
Level 28... done.
Level 29... done.
Level 30... done.
Level 31... done.
Level 32... done.
Level 33... done.
Level 34... done.
Level 35... done.
Level 36... done.
Level 37... done.
Level 38... done.
Level 39... done.
Level 40... done.
Level 41... done.
Level 42... done.
Level 43... done.
Level 44... done.
Level 45... done.
Level 46... done.
Level 47... done.
Level 48... done.
Level 49... done.
PAR Time: 77.354674
Final states: 2292286 states
Final states: 1535653 BDD nodes
[1469711212.303184] [node054:28564:0]         sys.c:744  MXM  WARN  Conflicting CPU frequencies detected, using: 1874.72
[1469711212.284467] [node054:28520:0]         sys.c:744  MXM  WARN  Conflicting CPU frequencies detected, using: 1798.69
