performing reachability, flags: -n 16 -N 16 -shared-heap 16GB --tablesize=27 --cachesize=26  
This is upcrun, job spawner for the Berkeley UPC compiler (http://upc.lbl.gov).
upcrun version 2.22.2
Network conduits supported by this installation: smp mxm ibv
[1468271746.848491] [node030:18548:0]         sys.c:744  MXM  WARN  Conflicting CPU frequencies detected, using: 2081.62
[1468271746.856780] [node030:18548:0]         mxm.c:196  MXM  WARN  The 'ulimit -s' on the system is set to 'unlimited'. This may have negative performance implications. Please set the stack size to the default value (10240) 
[1468271747.216447] [node035:30789:0]         sys.c:744  MXM  WARN  Conflicting CPU frequencies detected, using: 2397.47
[1468271747.222565] [node035:30789:0]         mxm.c:196  MXM  WARN  The 'ulimit -s' on the system is set to 'unlimited'. This may have negative performance implications. Please set the stack size to the default value (10240) 
[1468271747.206779] [node039:9608 :0]         sys.c:744  MXM  WARN  Conflicting CPU frequencies detected, using: 2426.25
[1468271747.215667] [node039:9608 :0]         mxm.c:196  MXM  WARN  The 'ulimit -s' on the system is set to 'unlimited'. This may have negative performance implications. Please set the stack size to the default value (10240) 
[1468271747.211758] [node036:9153 :0]         sys.c:744  MXM  WARN  Conflicting CPU frequencies detected, using: 2622.09
[1468271747.217641] [node036:9153 :0]         mxm.c:196  MXM  WARN  The 'ulimit -s' on the system is set to 'unlimited'. This may have negative performance implications. Please set the stack size to the default value (10240) 
[1468271747.223103] [node032:12009:0]         sys.c:744  MXM  WARN  Conflicting CPU frequencies detected, using: 1694.81
[1468271747.231745] [node032:12009:0]         mxm.c:196  MXM  WARN  The 'ulimit -s' on the system is set to 'unlimited'. This may have negative performance implications. Please set the stack size to the default value (10240) 
[1468271747.197941] [node034:9918 :0]         sys.c:744  MXM  WARN  Conflicting CPU frequencies detected, using: 1577.34
[1468271747.206509] [node034:9918 :0]         mxm.c:196  MXM  WARN  The 'ulimit -s' on the system is set to 'unlimited'. This may have negative performance implications. Please set the stack size to the default value (10240) 
[1468271747.221354] [node040:10350:0]         sys.c:744  MXM  WARN  Conflicting CPU frequencies detected, using: 1868.34
[1468271747.229835] [node040:10350:0]         mxm.c:196  MXM  WARN  The 'ulimit -s' on the system is set to 'unlimited'. This may have negative performance implications. Please set the stack size to the default value (10240) 
[1468271747.206886] [node031:15757:0]         sys.c:744  MXM  WARN  Conflicting CPU frequencies detected, using: 1898.44
[1468271747.215839] [node031:15757:0]         mxm.c:196  MXM  WARN  The 'ulimit -s' on the system is set to 'unlimited'. This may have negative performance implications. Please set the stack size to the default value (10240) 
[1468271747.218946] [node033:29354:0]         sys.c:744  MXM  WARN  Conflicting CPU frequencies detected, using: 1381.50
[1468271747.227784] [node033:29354:0]         mxm.c:196  MXM  WARN  The 'ulimit -s' on the system is set to 'unlimited'. This may have negative performance implications. Please set the stack size to the default value (10240) 
[1468271747.216172] [node044:29186:0]         sys.c:744  MXM  WARN  Conflicting CPU frequencies detected, using: 1957.69
[1468271747.225001] [node044:29186:0]         mxm.c:196  MXM  WARN  The 'ulimit -s' on the system is set to 'unlimited'. This may have negative performance implications. Please set the stack size to the default value (10240) 
[1468271747.224138] [node037:15040:0]         sys.c:744  MXM  WARN  Conflicting CPU frequencies detected, using: 1961.44
[1468271747.230225] [node037:15040:0]         mxm.c:196  MXM  WARN  The 'ulimit -s' on the system is set to 'unlimited'. This may have negative performance implications. Please set the stack size to the default value (10240) 
[1468271747.224960] [node038:15138:0]         sys.c:744  MXM  WARN  Conflicting CPU frequencies detected, using: 2675.91
[1468271747.233757] [node038:15138:0]         mxm.c:196  MXM  WARN  The 'ulimit -s' on the system is set to 'unlimited'. This may have negative performance implications. Please set the stack size to the default value (10240) 
[1468271747.209402] [node042:5700 :0]         sys.c:744  MXM  WARN  Conflicting CPU frequencies detected, using: 2832.09
[1468271747.217587] [node042:5700 :0]         mxm.c:196  MXM  WARN  The 'ulimit -s' on the system is set to 'unlimited'. This may have negative performance implications. Please set the stack size to the default value (10240) 
[1468271747.218815] [node041:4266 :0]         sys.c:744  MXM  WARN  Conflicting CPU frequencies detected, using: 2670.28
[1468271747.227647] [node041:4266 :0]         mxm.c:196  MXM  WARN  The 'ulimit -s' on the system is set to 'unlimited'. This may have negative performance implications. Please set the stack size to the default value (10240) 
[1468271747.215900] [node043:31352:0]         sys.c:744  MXM  WARN  Conflicting CPU frequencies detected, using: 1595.25
[1468271747.225222] [node043:31352:0]         mxm.c:196  MXM  WARN  The 'ulimit -s' on the system is set to 'unlimited'. This may have negative performance implications. Please set the stack size to the default value (10240) 
[1468271747.213662] [node045:7171 :0]         sys.c:744  MXM  WARN  Conflicting CPU frequencies detected, using: 2321.16
[1468271747.222265] [node045:7171 :0]         mxm.c:196  MXM  WARN  The 'ulimit -s' on the system is set to 'unlimited'. This may have negative performance implications. Please set the stack size to the default value (10240) 
UPCR: UPC thread  0 of 16 on node030 (pshm node  0 of 16, process  0 of 16, pid=18564)
UPCR: UPC thread  6 of 16 on node036 (pshm node  6 of 16, process  6 of 16, pid=9195)
UPCR: UPC thread  8 of 16 on node038 (pshm node  8 of 16, process  8 of 16, pid=15180)
UPCR: UPC thread  3 of 16 on node033 (pshm node  3 of 16, process  3 of 16, pid=29396)
UPCR: UPC thread  1 of 16 on node031 (pshm node  1 of 16, process  1 of 16, pid=15799)
UPCR: UPC thread 15 of 16 on node045 (pshm node 15 of 16, process 15 of 16, pid=7213)
UPCR: UPC thread 11 of 16 on node041 (pshm node 11 of 16, process 11 of 16, pid=4308)
UPCR: UPC thread  2 of 16 on node032 (pshm node  2 of 16, process  2 of 16, pid=12051)
UPCR: UPC thread  7 of 16 on node037 (pshm node  7 of 16, process  7 of 16, pid=15082)
UPCR: UPC thread  5 of 16 on node035 (pshm node  5 of 16, process  5 of 16, pid=30831)
UPCR: UPC thread 12 of 16 on node042 (pshm node 12 of 16, process 12 of 16, pid=5742)
UPCR: UPC thread 14 of 16 on node044 (pshm node 14 of 16, process 14 of 16, pid=29228)
UPCR: UPC thread  9 of 16 on node039 (pshm node  9 of 16, process  9 of 16, pid=9650)
UPCR: UPC thread  4 of 16 on node034 (pshm node  4 of 16, process  4 of 16, pid=9960)
UPCR: UPC thread 13 of 16 on node043 (pshm node 13 of 16, process 13 of 16, pid=31396)
UPCR: UPC thread 10 of 16 on node040 (pshm node 10 of 16, process 10 of 16, pid=10392)
using a cache granularity of 8
using linear probing in the BDD table
using a memoization table of 2^26 = 67108864 entries (~2560 MB) per thread
using a BDD table of 2^27 = 134217728 entries (~3072 MB) per thread
Initializing /home/oortwijn/distdd/models/beem/synapse.2.bdd!
vector size: 22
bits per integer: 16
number of BDD variables: 352
Loading initial states: 
Initial states loaded... 
Loading transition relations... 
22 integers per state, 16 bits per integer, 46 transition groups
BDD nodes:
Initial states: 352 BDD nodes
Transition 0: 509 BDD nodes
Transition 1: 0 BDD nodes
Transition 2: 0 BDD nodes
Transition 3: 0 BDD nodes
Transition 4: 192 BDD nodes
Transition 5: 0 BDD nodes
Transition 6: 1170 BDD nodes
Transition 7: 493 BDD nodes
Transition 8: 0 BDD nodes
Transition 9: 0 BDD nodes
Transition 10: 1304 BDD nodes
Transition 11: 319 BDD nodes
Transition 12: 0 BDD nodes
Transition 13: 0 BDD nodes
Transition 14: 168 BDD nodes
Transition 15: 0 BDD nodes
Transition 16: 0 BDD nodes
Transition 17: 1021 BDD nodes
Transition 18: 0 BDD nodes
Transition 19: 0 BDD nodes
Transition 20: 80 BDD nodes
Transition 21: 0 BDD nodes
Transition 22: 0 BDD nodes
Transition 23: 318 BDD nodes
Transition 24: 0 BDD nodes
Transition 25: 0 BDD nodes
Transition 26: 1856 BDD nodes
Transition 27: 483 BDD nodes
Transition 28: 0 BDD nodes
Transition 29: 0 BDD nodes
Transition 30: 149 BDD nodes
Transition 31: 115 BDD nodes
Transition 32: 437 BDD nodes
Transition 33: 0 BDD nodes
Transition 34: 0 BDD nodes
Transition 35: 0 BDD nodes
Transition 36: 541 BDD nodes
Transition 37: 192 BDD nodes
Transition 38: 0 BDD nodes
Transition 39: 0 BDD nodes
Transition 40: 1124 BDD nodes
Transition 41: 0 BDD nodes
Transition 42: 349 BDD nodes
Transition 43: 295 BDD nodes
Transition 44: 0 BDD nodes
Transition 45: 80 BDD nodes
Level 1... done.
Level 2... done.
Level 3... done.
Level 4... done.
Level 5... done.
Level 6... done.
Level 7... done.
Level 8... done.
Level 9... done.
Level 10... done.
Level 11... done.
Level 12... done.
Level 13... done.
Level 14... done.
Level 15... done.
Level 16... done.
Level 17... done.
Level 18... done.
Level 19... done.
Level 20... done.
Level 21... done.
Level 22... done.
Level 23... done.
Level 24... done.
Level 25... done.
Level 26... done.
Level 27... done.
Level 28... done.
Level 29... done.
Level 30... done.
Level 31... done.
Level 32... done.
Level 33... done.
Level 34... done.
Level 35... done.
Level 36... done.
Level 37... done.
Level 38... done.
Level 39... done.
Level 40... done.
Level 41... done.
PAR Time: 4.869728
Final states: 61048 states
Final states: 134652 BDD nodes
[1468271747.213662] [node045:7171 :0]         sys.c:744  MXM  WARN  Conflicting CPU frequencies detected, using: 2321.16
[1468271747.209402] [node042:5700 :0]         sys.c:744  MXM  WARN  Conflicting CPU frequencies detected, using: 2832.09
[1468271747.224138] [node037:15040:0]         sys.c:744  MXM  WARN  Conflicting CPU frequencies detected, using: 1961.44
[1468271747.206779] [node039:9608 :0]         sys.c:744  MXM  WARN  Conflicting CPU frequencies detected, using: 2426.25
[1468271747.197941] [node034:9918 :0]         sys.c:744  MXM  WARN  Conflicting CPU frequencies detected, using: 1577.34
[1468271747.206886] [node031:15757:0]         sys.c:744  MXM  WARN  Conflicting CPU frequencies detected, using: 1898.44
[1468271747.218946] [node033:29354:0]         sys.c:744  MXM  WARN  Conflicting CPU frequencies detected, using: 1381.50
[1468271747.211758] [node036:9153 :0]         sys.c:744  MXM  WARN  Conflicting CPU frequencies detected, using: 2622.09
[1468271747.221354] [node040:10350:0]         sys.c:744  MXM  WARN  Conflicting CPU frequencies detected, using: 1868.34
[1468271747.218815] [node041:4266 :0]         sys.c:744  MXM  WARN  Conflicting CPU frequencies detected, using: 2670.28
[1468271747.215900] [node043:31352:0]         sys.c:744  MXM  WARN  Conflicting CPU frequencies detected, using: 1595.25
[1468271747.223103] [node032:12009:0]         sys.c:744  MXM  WARN  Conflicting CPU frequencies detected, using: 1694.81
[1468271747.216172] [node044:29186:0]         sys.c:744  MXM  WARN  Conflicting CPU frequencies detected, using: 1957.69
[1468271747.216447] [node035:30789:0]         sys.c:744  MXM  WARN  Conflicting CPU frequencies detected, using: 2397.47
[1468271746.848491] [node030:18548:0]         sys.c:744  MXM  WARN  Conflicting CPU frequencies detected, using: 2081.62
[1468271747.224960] [node038:15138:0]         sys.c:744  MXM  WARN  Conflicting CPU frequencies detected, using: 2675.91
[1468271746.829950] [node030:18504:0]         sys.c:744  MXM  WARN  Conflicting CPU frequencies detected, using: 2599.97
