performing reachability, flags: -n 16 -N 8 -shared-heap 8GB --tablesize=26 --cachesize=25  
This is upcrun, job spawner for the Berkeley UPC compiler (http://upc.lbl.gov).
upcrun version 2.22.2
Network conduits supported by this installation: smp mxm ibv
[1468155393.097974] [node008:16717:0]         sys.c:744  MXM  WARN  Conflicting CPU frequencies detected, using: 2400.00
[1468155393.108487] [node008:16717:0]         mxm.c:196  MXM  WARN  The 'ulimit -s' on the system is set to 'unlimited'. This may have negative performance implications. Please set the stack size to the default value (10240) 
[1468155393.097974] [node008:16717:0]         sys.c:744  MXM  WARN  Conflicting CPU frequencies detected, using: 2400.00
[1468155393.109152] [node008:16717:0]         mxm.c:196  MXM  WARN  The 'ulimit -s' on the system is set to 'unlimited'. This may have negative performance implications. Please set the stack size to the default value (10240) 
[1468155393.456560] [node010:15097:0]         sys.c:744  MXM  WARN  Conflicting CPU frequencies detected, using: 1518.38
[1468155393.462733] [node010:15097:0]         mxm.c:196  MXM  WARN  The 'ulimit -s' on the system is set to 'unlimited'. This may have negative performance implications. Please set the stack size to the default value (10240) 
[1468155393.456560] [node010:15097:0]         sys.c:744  MXM  WARN  Conflicting CPU frequencies detected, using: 1518.38
[1468155393.462828] [node010:15097:0]         mxm.c:196  MXM  WARN  The 'ulimit -s' on the system is set to 'unlimited'. This may have negative performance implications. Please set the stack size to the default value (10240) 
[1468155393.462266] [node014:27986:0]         sys.c:744  MXM  WARN  Conflicting CPU frequencies detected, using: 1486.59
[1468155393.468688] [node014:27986:0]         mxm.c:196  MXM  WARN  The 'ulimit -s' on the system is set to 'unlimited'. This may have negative performance implications. Please set the stack size to the default value (10240) 
[1468155393.462266] [node014:27986:0]         sys.c:744  MXM  WARN  Conflicting CPU frequencies detected, using: 1486.59
[1468155393.468448] [node014:27986:0]         mxm.c:196  MXM  WARN  The 'ulimit -s' on the system is set to 'unlimited'. This may have negative performance implications. Please set the stack size to the default value (10240) 
[1468155393.447662] [node015:9814 :0]         sys.c:744  MXM  WARN  Conflicting CPU frequencies detected, using: 1490.81
[1468155393.459013] [node015:9814 :0]         mxm.c:196  MXM  WARN  The 'ulimit -s' on the system is set to 'unlimited'. This may have negative performance implications. Please set the stack size to the default value (10240) 
[1468155393.451128] [node013:11925:0]         sys.c:744  MXM  WARN  Conflicting CPU frequencies detected, using: 1396.59
[1468155393.462593] [node013:11925:0]         mxm.c:196  MXM  WARN  The 'ulimit -s' on the system is set to 'unlimited'. This may have negative performance implications. Please set the stack size to the default value (10240) 
[1468155393.459146] [node009:20039:0]         sys.c:744  MXM  WARN  Conflicting CPU frequencies detected, using: 1464.66
[1468155393.471434] [node009:20039:0]         mxm.c:196  MXM  WARN  The 'ulimit -s' on the system is set to 'unlimited'. This may have negative performance implications. Please set the stack size to the default value (10240) 
[1468155393.465197] [node011:11072:0]         sys.c:744  MXM  WARN  Conflicting CPU frequencies detected, using: 1796.53
[1468155393.477305] [node011:11072:0]         mxm.c:196  MXM  WARN  The 'ulimit -s' on the system is set to 'unlimited'. This may have negative performance implications. Please set the stack size to the default value (10240) 
[1468155393.451128] [node013:11925:0]         sys.c:744  MXM  WARN  Conflicting CPU frequencies detected, using: 1396.59
[1468155393.463331] [node013:11925:0]         mxm.c:196  MXM  WARN  The 'ulimit -s' on the system is set to 'unlimited'. This may have negative performance implications. Please set the stack size to the default value (10240) 
[1468155393.447662] [node015:9814 :0]         sys.c:744  MXM  WARN  Conflicting CPU frequencies detected, using: 1490.81
[1468155393.459774] [node015:9814 :0]         mxm.c:196  MXM  WARN  The 'ulimit -s' on the system is set to 'unlimited'. This may have negative performance implications. Please set the stack size to the default value (10240) 
[1468155393.449291] [node012:5286 :0]         sys.c:744  MXM  WARN  Conflicting CPU frequencies detected, using: 1399.97
[1468155393.461374] [node012:5286 :0]         mxm.c:196  MXM  WARN  The 'ulimit -s' on the system is set to 'unlimited'. This may have negative performance implications. Please set the stack size to the default value (10240) 
[1468155393.459146] [node009:20039:0]         sys.c:744  MXM  WARN  Conflicting CPU frequencies detected, using: 1464.66
[1468155393.470674] [node009:20039:0]         mxm.c:196  MXM  WARN  The 'ulimit -s' on the system is set to 'unlimited'. This may have negative performance implications. Please set the stack size to the default value (10240) 
[1468155393.449291] [node012:5286 :0]         sys.c:744  MXM  WARN  Conflicting CPU frequencies detected, using: 1399.97
[1468155393.460621] [node012:5286 :0]         mxm.c:196  MXM  WARN  The 'ulimit -s' on the system is set to 'unlimited'. This may have negative performance implications. Please set the stack size to the default value (10240) 
[1468155393.465197] [node011:11072:0]         sys.c:744  MXM  WARN  Conflicting CPU frequencies detected, using: 1796.53
[1468155393.476557] [node011:11072:0]         mxm.c:196  MXM  WARN  The 'ulimit -s' on the system is set to 'unlimited'. This may have negative performance implications. Please set the stack size to the default value (10240) 
UPCR: UPC thread  0 of 16 on node008 (pshm node 0 of 8, process  0 of 16, pid=16725)
UPCR: UPC thread  1 of 16 on node008 (pshm node 0 of 8, process  1 of 16, pid=16726)
UPCR: UPC thread  8 of 16 on node012 (pshm node 4 of 8, process  8 of 16, pid=5328)
UPCR: UPC thread  9 of 16 on node012 (pshm node 4 of 8, process  9 of 16, pid=5329)
UPCR: UPC thread  3 of 16 on node009 (pshm node 1 of 8, process  3 of 16, pid=20082)
UPCR: UPC thread  2 of 16 on node009 (pshm node 1 of 8, process  2 of 16, pid=20081)
UPCR: UPC thread  7 of 16 on node011 (pshm node 3 of 8, process  7 of 16, pid=11115)
UPCR: UPC thread  6 of 16 on node011 (pshm node 3 of 8, process  6 of 16, pid=11114)
UPCR: UPC thread 15 of 16 on node015 (pshm node 7 of 8, process 15 of 16, pid=9857)
UPCR: UPC thread 14 of 16 on node015 (pshm node 7 of 8, process 14 of 16, pid=9856)
UPCR: UPC thread  4 of 16 on node010 (pshm node 2 of 8, process  4 of 16, pid=15139)
UPCR: UPC thread  5 of 16 on node010 (pshm node 2 of 8, process  5 of 16, pid=15140)
UPCR: UPC thread 10 of 16 on node013 (pshm node 5 of 8, process 10 of 16, pid=11967)
UPCR: UPC thread 11 of 16 on node013 (pshm node 5 of 8, process 11 of 16, pid=11968)
UPCR: UPC thread 13 of 16 on node014 (pshm node 6 of 8, process 13 of 16, pid=28029)
UPCR: UPC thread 12 of 16 on node014 (pshm node 6 of 8, process 12 of 16, pid=28028)
using a cache granularity of 8
using linear probing in the BDD table
using a memoization table of 2^25 = 33554432 entries (~1280 MB) per thread
using a BDD table of 2^26 = 67108864 entries (~1536 MB) per thread
Initializing /home/oortwijn/distdd/models/beem/szymanski.3.bdd!
vector size: 20
bits per integer: 4
number of BDD variables: 80
Loading initial states: 
Initial states loaded... 
Loading transition relations... 
20 integers per state, 4 bits per integer, 64 transition groups
BDD nodes:
Initial states: 80 BDD nodes
Transition 0: 36 BDD nodes
Transition 1: 36 BDD nodes
Transition 2: 32 BDD nodes
Transition 3: 50 BDD nodes
Transition 4: 172 BDD nodes
Transition 5: 169 BDD nodes
Transition 6: 33 BDD nodes
Transition 7: 282 BDD nodes
Transition 8: 176 BDD nodes
Transition 9: 43 BDD nodes
Transition 10: 28 BDD nodes
Transition 11: 155 BDD nodes
Transition 12: 32 BDD nodes
Transition 13: 66 BDD nodes
Transition 14: 282 BDD nodes
Transition 15: 172 BDD nodes
Transition 16: 32 BDD nodes
Transition 17: 32 BDD nodes
Transition 18: 32 BDD nodes
Transition 19: 32 BDD nodes
Transition 20: 32 BDD nodes
Transition 21: 32 BDD nodes
Transition 22: 36 BDD nodes
Transition 23: 36 BDD nodes
Transition 24: 129 BDD nodes
Transition 25: 300 BDD nodes
Transition 26: 33 BDD nodes
Transition 27: 137 BDD nodes
Transition 28: 50 BDD nodes
Transition 29: 165 BDD nodes
Transition 30: 43 BDD nodes
Transition 31: 28 BDD nodes
Transition 32: 166 BDD nodes
Transition 33: 167 BDD nodes
Transition 34: 217 BDD nodes
Transition 35: 66 BDD nodes
Transition 36: 36 BDD nodes
Transition 37: 36 BDD nodes
Transition 38: 33 BDD nodes
Transition 39: 353 BDD nodes
Transition 40: 123 BDD nodes
Transition 41: 50 BDD nodes
Transition 42: 150 BDD nodes
Transition 43: 102 BDD nodes
Transition 44: 43 BDD nodes
Transition 45: 28 BDD nodes
Transition 46: 150 BDD nodes
Transition 47: 151 BDD nodes
Transition 48: 66 BDD nodes
Transition 49: 208 BDD nodes
Transition 50: 43 BDD nodes
Transition 51: 36 BDD nodes
Transition 52: 36 BDD nodes
Transition 53: 262 BDD nodes
Transition 54: 28 BDD nodes
Transition 55: 256 BDD nodes
Transition 56: 45 BDD nodes
Transition 57: 264 BDD nodes
Transition 58: 123 BDD nodes
Transition 59: 33 BDD nodes
Transition 60: 630 BDD nodes
Transition 61: 438 BDD nodes
Transition 62: 71 BDD nodes
Transition 63: 255 BDD nodes
Level 1... done.
Level 2... done.
PAR Time: 0.013601
Final states: 0 states
Final states: 0 BDD nodes
[1468155393.449291] [node012:5286 :0]         sys.c:744  MXM  WARN  Conflicting CPU frequencies detected, using: 1399.97
[1468155393.097974] [node008:16717:0]         sys.c:744  MXM  WARN  Conflicting CPU frequencies detected, using: 2400.00
[1468155393.459146] [node009:20039:0]         sys.c:744  MXM  WARN  Conflicting CPU frequencies detected, using: 1464.66
[1468155393.456560] [node010:15097:0]         sys.c:744  MXM  WARN  Conflicting CPU frequencies detected, using: 1518.38
[1468155393.447662] [node015:9814 :0]         sys.c:744  MXM  WARN  Conflicting CPU frequencies detected, using: 1490.81
[1468155393.451128] [node013:11925:0]         sys.c:744  MXM  WARN  Conflicting CPU frequencies detected, using: 1396.59
[1468155393.462266] [node014:27986:0]         sys.c:744  MXM  WARN  Conflicting CPU frequencies detected, using: 1486.59
[1468155393.465197] [node011:11072:0]         sys.c:744  MXM  WARN  Conflicting CPU frequencies detected, using: 1796.53
[1468155393.082150] [node008:16673:0]         sys.c:744  MXM  WARN  Conflicting CPU frequencies detected, using: 2400.00
