performing reachability, flags: -n 16 -N 1 -shared-heap 1GB --tablesize=23 --cachesize=22 --quadratic-probing--chunk-size=8 
This is upcrun, job spawner for the Berkeley UPC compiler (http://upc.lbl.gov).
upcrun version 2.22.2
Network conduits supported by this installation: smp mxm ibv
[1467976490.475433] [node063:31822:0]         sys.c:744  MXM  WARN  Conflicting CPU frequencies detected, using: 1795.59
[1467976490.486080] [node063:31822:0]         mxm.c:196  MXM  WARN  The 'ulimit -s' on the system is set to 'unlimited'. This may have negative performance implications. Please set the stack size to the default value (10240) 
[1467976490.475433] [node063:31822:0]         sys.c:744  MXM  WARN  Conflicting CPU frequencies detected, using: 1795.59
[1467976490.485214] [node063:31822:0]         mxm.c:196  MXM  WARN  The 'ulimit -s' on the system is set to 'unlimited'. This may have negative performance implications. Please set the stack size to the default value (10240) 
[1467976490.475433] [node063:31822:0]         sys.c:744  MXM  WARN  Conflicting CPU frequencies detected, using: 1795.59
[1467976490.481971] [node063:31822:0]         mxm.c:196  MXM  WARN  The 'ulimit -s' on the system is set to 'unlimited'. This may have negative performance implications. Please set the stack size to the default value (10240) 
[1467976490.475433] [node063:31822:0]         sys.c:744  MXM  WARN  Conflicting CPU frequencies detected, using: 1795.59
[1467976490.485092] [node063:31822:0]         mxm.c:196  MXM  WARN  The 'ulimit -s' on the system is set to 'unlimited'. This may have negative performance implications. Please set the stack size to the default value (10240) 
[1467976490.475433] [node063:31822:0]         sys.c:744  MXM  WARN  Conflicting CPU frequencies detected, using: 1795.59
[1467976490.484451] [node063:31822:0]         mxm.c:196  MXM  WARN  The 'ulimit -s' on the system is set to 'unlimited'. This may have negative performance implications. Please set the stack size to the default value (10240) 
[1467976490.475433] [node063:31822:0]         sys.c:744  MXM  WARN  Conflicting CPU frequencies detected, using: 1795.59
[1467976490.482050] [node063:31822:0]         mxm.c:196  MXM  WARN  The 'ulimit -s' on the system is set to 'unlimited'. This may have negative performance implications. Please set the stack size to the default value (10240) 
[1467976490.475433] [node063:31822:0]         sys.c:744  MXM  WARN  Conflicting CPU frequencies detected, using: 1795.59
[1467976490.489865] [node063:31822:0]         mxm.c:196  MXM  WARN  The 'ulimit -s' on the system is set to 'unlimited'. This may have negative performance implications. Please set the stack size to the default value (10240) 
[1467976490.475433] [node063:31822:0]         sys.c:744  MXM  WARN  Conflicting CPU frequencies detected, using: 1795.59
[1467976490.490916] [node063:31822:0]         mxm.c:196  MXM  WARN  The 'ulimit -s' on the system is set to 'unlimited'. This may have negative performance implications. Please set the stack size to the default value (10240) 
[1467976490.475433] [node063:31822:0]         sys.c:744  MXM  WARN  Conflicting CPU frequencies detected, using: 1795.59
[1467976490.491968] [node063:31822:0]         mxm.c:196  MXM  WARN  The 'ulimit -s' on the system is set to 'unlimited'. This may have negative performance implications. Please set the stack size to the default value (10240) 
[1467976490.475433] [node063:31822:0]         sys.c:744  MXM  WARN  Conflicting CPU frequencies detected, using: 1795.59
[1467976490.488775] [node063:31822:0]         mxm.c:196  MXM  WARN  The 'ulimit -s' on the system is set to 'unlimited'. This may have negative performance implications. Please set the stack size to the default value (10240) 
[1467976490.475433] [node063:31822:0]         sys.c:744  MXM  WARN  Conflicting CPU frequencies detected, using: 1795.59
[1467976490.482969] [node063:31822:0]         mxm.c:196  MXM  WARN  The 'ulimit -s' on the system is set to 'unlimited'. This may have negative performance implications. Please set the stack size to the default value (10240) 
[1467976490.475433] [node063:31822:0]         sys.c:744  MXM  WARN  Conflicting CPU frequencies detected, using: 1795.59
[1467976490.488228] [node063:31822:0]         mxm.c:196  MXM  WARN  The 'ulimit -s' on the system is set to 'unlimited'. This may have negative performance implications. Please set the stack size to the default value (10240) 
[1467976490.475433] [node063:31822:0]         sys.c:744  MXM  WARN  Conflicting CPU frequencies detected, using: 1795.59
[1467976490.486993] [node063:31822:0]         mxm.c:196  MXM  WARN  The 'ulimit -s' on the system is set to 'unlimited'. This may have negative performance implications. Please set the stack size to the default value (10240) 
[1467976490.475433] [node063:31822:0]         sys.c:744  MXM  WARN  Conflicting CPU frequencies detected, using: 1795.59
[1467976490.487841] [node063:31822:0]         mxm.c:196  MXM  WARN  The 'ulimit -s' on the system is set to 'unlimited'. This may have negative performance implications. Please set the stack size to the default value (10240) 
[1467976490.475433] [node063:31822:0]         sys.c:744  MXM  WARN  Conflicting CPU frequencies detected, using: 1795.59
[1467976490.486236] [node063:31822:0]         mxm.c:196  MXM  WARN  The 'ulimit -s' on the system is set to 'unlimited'. This may have negative performance implications. Please set the stack size to the default value (10240) 
[1467976490.475433] [node063:31822:0]         sys.c:744  MXM  WARN  Conflicting CPU frequencies detected, using: 1795.59
[1467976490.489798] [node063:31822:0]         mxm.c:196  MXM  WARN  The 'ulimit -s' on the system is set to 'unlimited'. This may have negative performance implications. Please set the stack size to the default value (10240) 
UPCR: UPC thread 13 of 16 on node063 (pshm node 0 of 1, process 13 of 16, pid=31844)
UPCR: UPC thread  0 of 16 on node063 (pshm node 0 of 1, process  0 of 16, pid=31823)
UPCR: UPC thread  2 of 16 on node063 (pshm node 0 of 1, process  2 of 16, pid=31825)
UPCR: UPC thread 10 of 16 on node063 (pshm node 0 of 1, process 10 of 16, pid=31837)
UPCR: UPC thread  4 of 16 on node063 (pshm node 0 of 1, process  4 of 16, pid=31827)
UPCR: UPC thread 11 of 16 on node063 (pshm node 0 of 1, process 11 of 16, pid=31840)
UPCR: UPC thread  1 of 16 on node063 (pshm node 0 of 1, process  1 of 16, pid=31824)
UPCR: UPC thread  9 of 16 on node063 (pshm node 0 of 1, process  9 of 16, pid=31836)
UPCR: UPC thread  3 of 16 on node063 (pshm node 0 of 1, process  3 of 16, pid=31826)
UPCR: UPC thread  8 of 16 on node063 (pshm node 0 of 1, process  8 of 16, pid=31833)
UPCR: UPC thread 14 of 16 on node063 (pshm node 0 of 1, process 14 of 16, pid=31847)
UPCR: UPC thread 12 of 16 on node063 (pshm node 0 of 1, process 12 of 16, pid=31842)
UPCR: UPC thread  6 of 16 on node063 (pshm node 0 of 1, process  6 of 16, pid=31829)
UPCR: UPC thread  7 of 16 on node063 (pshm node 0 of 1, process  7 of 16, pid=31831)
UPCR: UPC thread  5 of 16 on node063 (pshm node 0 of 1, process  5 of 16, pid=31828)
UPCR: UPC thread 15 of 16 on node063 (pshm node 0 of 1, process 15 of 16, pid=31848)
using a cache granularity of 8
using linear probing in the BDD table
using a memoization table of 2^23 = 8388608 entries (~320 MB) per thread
using a BDD table of 2^23 = 8388608 entries (~192 MB) per thread
Initializing /home/oortwijn/distdd/models/beem/szymanski.2.bdd!
vector size: 15
bits per integer: 4
number of BDD variables: 60
Loading initial states: 
Initial states loaded... 
Loading transition relations... 
15 integers per state, 4 bits per integer, 48 transition groups
BDD nodes:
Initial states: 60 BDD nodes
Transition 0: 36 BDD nodes
Transition 1: 36 BDD nodes
Transition 2: 32 BDD nodes
Transition 3: 34 BDD nodes
Transition 4: 121 BDD nodes
Transition 5: 117 BDD nodes
Transition 6: 50 BDD nodes
Transition 7: 118 BDD nodes
Transition 8: 192 BDD nodes
Transition 9: 43 BDD nodes
Transition 10: 100 BDD nodes
Transition 11: 28 BDD nodes
Transition 12: 32 BDD nodes
Transition 13: 216 BDD nodes
Transition 14: 117 BDD nodes
Transition 15: 62 BDD nodes
Transition 16: 32 BDD nodes
Transition 17: 32 BDD nodes
Transition 18: 32 BDD nodes
Transition 19: 32 BDD nodes
Transition 20: 36 BDD nodes
Transition 21: 36 BDD nodes
Transition 22: 111 BDD nodes
Transition 23: 85 BDD nodes
Transition 24: 31 BDD nodes
Transition 25: 175 BDD nodes
Transition 26: 92 BDD nodes
Transition 27: 50 BDD nodes
Transition 28: 41 BDD nodes
Transition 29: 28 BDD nodes
Transition 30: 97 BDD nodes
Transition 31: 111 BDD nodes
Transition 32: 172 BDD nodes
Transition 33: 61 BDD nodes
Transition 34: 41 BDD nodes
Transition 35: 36 BDD nodes
Transition 36: 36 BDD nodes
Transition 37: 28 BDD nodes
Transition 38: 117 BDD nodes
Transition 39: 31 BDD nodes
Transition 40: 349 BDD nodes
Transition 41: 135 BDD nodes
Transition 42: 45 BDD nodes
Transition 43: 123 BDD nodes
Transition 44: 82 BDD nodes
Transition 45: 219 BDD nodes
Transition 46: 120 BDD nodes
Transition 47: 70 BDD nodes
Level 1... done.
Level 2... done.
PAR Time: 0.002446
Final states: 1152921504606846976 states
Final states: 0 BDD nodes
[1467976490.475433] [node063:31822:0]         sys.c:744  MXM  WARN  Conflicting CPU frequencies detected, using: 1795.59
[1467976490.457081] [node063:31778:0]         sys.c:744  MXM  WARN  Conflicting CPU frequencies detected, using: 1795.59
