performing reachability, flags: -n 16 -N 2 -shared-heap 2GB --tablesize=24 --cachesize=23  
This is upcrun, job spawner for the Berkeley UPC compiler (http://upc.lbl.gov).
upcrun version 2.22.2
Network conduits supported by this installation: smp mxm ibv
[1468155322.990849] [node055:30765:0]         sys.c:744  MXM  WARN  Conflicting CPU frequencies detected, using: 1599.84
[1468155322.990849] [node055:30765:0]         sys.c:744  MXM  WARN  Conflicting CPU frequencies detected, using: 1599.84
[1468155322.990849] [node055:30765:0]         sys.c:744  MXM  WARN  Conflicting CPU frequencies detected, using: 1599.84
[1468155323.035531] [node055:30765:0]         mxm.c:196  MXM  WARN  The 'ulimit -s' on the system is set to 'unlimited'. This may have negative performance implications. Please set the stack size to the default value (10240) 
[1468155322.990849] [node055:30765:0]         sys.c:744  MXM  WARN  Conflicting CPU frequencies detected, using: 1599.84
[1468155323.345120] [node056:29869:0]         sys.c:744  MXM  WARN  Conflicting CPU frequencies detected, using: 1768.88
[1468155323.387991] [node056:29869:0]         mxm.c:196  MXM  WARN  The 'ulimit -s' on the system is set to 'unlimited'. This may have negative performance implications. Please set the stack size to the default value (10240) 
[1468155322.990849] [node055:30765:0]         sys.c:744  MXM  WARN  Conflicting CPU frequencies detected, using: 1599.84
[1468155323.017173] [node055:30765:0]         mxm.c:196  MXM  WARN  The 'ulimit -s' on the system is set to 'unlimited'. This may have negative performance implications. Please set the stack size to the default value (10240) 
[1468155323.036299] [node055:30765:0]         mxm.c:196  MXM  WARN  The 'ulimit -s' on the system is set to 'unlimited'. This may have negative performance implications. Please set the stack size to the default value (10240) 
[1468155322.990849] [node055:30765:0]         sys.c:744  MXM  WARN  Conflicting CPU frequencies detected, using: 1599.84
[1468155323.016442] [node055:30765:0]         mxm.c:196  MXM  WARN  The 'ulimit -s' on the system is set to 'unlimited'. This may have negative performance implications. Please set the stack size to the default value (10240) 
[1468155322.990849] [node055:30765:0]         sys.c:744  MXM  WARN  Conflicting CPU frequencies detected, using: 1599.84
[1468155323.003484] [node055:30765:0]         mxm.c:196  MXM  WARN  The 'ulimit -s' on the system is set to 'unlimited'. This may have negative performance implications. Please set the stack size to the default value (10240) 
[1468155323.030527] [node055:30765:0]         mxm.c:196  MXM  WARN  The 'ulimit -s' on the system is set to 'unlimited'. This may have negative performance implications. Please set the stack size to the default value (10240) 
[1468155323.033825] [node055:30765:0]         mxm.c:196  MXM  WARN  The 'ulimit -s' on the system is set to 'unlimited'. This may have negative performance implications. Please set the stack size to the default value (10240) 
[1468155322.990849] [node055:30765:0]         sys.c:744  MXM  WARN  Conflicting CPU frequencies detected, using: 1599.84
[1468155323.015680] [node055:30765:0]         mxm.c:196  MXM  WARN  The 'ulimit -s' on the system is set to 'unlimited'. This may have negative performance implications. Please set the stack size to the default value (10240) 
[1468155323.345120] [node056:29869:0]         sys.c:744  MXM  WARN  Conflicting CPU frequencies detected, using: 1768.88
[1468155323.364770] [node056:29869:0]         mxm.c:196  MXM  WARN  The 'ulimit -s' on the system is set to 'unlimited'. This may have negative performance implications. Please set the stack size to the default value (10240) 
[1468155323.345120] [node056:29869:0]         sys.c:744  MXM  WARN  Conflicting CPU frequencies detected, using: 1768.88
[1468155323.370267] [node056:29869:0]         mxm.c:196  MXM  WARN  The 'ulimit -s' on the system is set to 'unlimited'. This may have negative performance implications. Please set the stack size to the default value (10240) 
[1468155323.345120] [node056:29869:0]         sys.c:744  MXM  WARN  Conflicting CPU frequencies detected, using: 1768.88
[1468155323.377665] [node056:29869:0]         mxm.c:196  MXM  WARN  The 'ulimit -s' on the system is set to 'unlimited'. This may have negative performance implications. Please set the stack size to the default value (10240) 
[1468155323.345120] [node056:29869:0]         sys.c:744  MXM  WARN  Conflicting CPU frequencies detected, using: 1768.88
[1468155323.383501] [node056:29869:0]         mxm.c:196  MXM  WARN  The 'ulimit -s' on the system is set to 'unlimited'. This may have negative performance implications. Please set the stack size to the default value (10240) 
[1468155323.345120] [node056:29869:0]         sys.c:744  MXM  WARN  Conflicting CPU frequencies detected, using: 1768.88
[1468155323.381578] [node056:29869:0]         mxm.c:196  MXM  WARN  The 'ulimit -s' on the system is set to 'unlimited'. This may have negative performance implications. Please set the stack size to the default value (10240) 
[1468155323.345120] [node056:29869:0]         sys.c:744  MXM  WARN  Conflicting CPU frequencies detected, using: 1768.88
[1468155323.373516] [node056:29869:0]         mxm.c:196  MXM  WARN  The 'ulimit -s' on the system is set to 'unlimited'. This may have negative performance implications. Please set the stack size to the default value (10240) 
[1468155323.345120] [node056:29869:0]         sys.c:744  MXM  WARN  Conflicting CPU frequencies detected, using: 1768.88
[1468155323.375931] [node056:29869:0]         mxm.c:196  MXM  WARN  The 'ulimit -s' on the system is set to 'unlimited'. This may have negative performance implications. Please set the stack size to the default value (10240) 
UPCR: UPC thread  3 of 16 on node055 (pshm node 0 of 2, process  3 of 16, pid=30770)
UPCR: UPC thread  4 of 16 on node055 (pshm node 0 of 2, process  4 of 16, pid=30771)
UPCR: UPC thread  0 of 16 on node055 (pshm node 0 of 2, process  0 of 16, pid=30767)
UPCR: UPC thread  6 of 16 on node055 (pshm node 0 of 2, process  6 of 16, pid=30774)
UPCR: UPC thread  1 of 16 on node055 (pshm node 0 of 2, process  1 of 16, pid=30768)
UPCR: UPC thread  2 of 16 on node055 (pshm node 0 of 2, process  2 of 16, pid=30769)
UPCR: UPC thread  7 of 16 on node055 (pshm node 0 of 2, process  7 of 16, pid=30775)
UPCR: UPC thread  5 of 16 on node055 (pshm node 0 of 2, process  5 of 16, pid=30772)
UPCR: UPC thread 13 of 16 on node056 (pshm node 1 of 2, process 13 of 16, pid=29917)
UPCR: UPC thread  8 of 16 on node056 (pshm node 1 of 2, process  8 of 16, pid=29911)
UPCR: UPC thread 10 of 16 on node056 (pshm node 1 of 2, process 10 of 16, pid=29913)
UPCR: UPC thread 12 of 16 on node056 (pshm node 1 of 2, process 12 of 16, pid=29915)
UPCR: UPC thread 15 of 16 on node056 (pshm node 1 of 2, process 15 of 16, pid=29921)
UPCR: UPC thread 11 of 16 on node056 (pshm node 1 of 2, process 11 of 16, pid=29914)
UPCR: UPC thread 14 of 16 on node056 (pshm node 1 of 2, process 14 of 16, pid=29919)
UPCR: UPC thread  9 of 16 on node056 (pshm node 1 of 2, process  9 of 16, pid=29912)
using a cache granularity of 8
using linear probing in the BDD table
using a memoization table of 2^23 = 8388608 entries (~320 MB) per thread
using a BDD table of 2^24 = 16777216 entries (~384 MB) per thread
Initializing /home/oortwijn/distdd/models/beem/szymanski.2.bdd!
vector size: 15
bits per integer: 4
number of BDD variables: 60
Loading initial states: 
Initial states loaded... 
Loading transition relations... 
15 integers per state, 4 bits per integer, 48 transition groups
BDD nodes:
Initial states: 60 BDD nodes
Transition 0: 36 BDD nodes
Transition 1: 36 BDD nodes
Transition 2: 32 BDD nodes
Transition 3: 34 BDD nodes
Transition 4: 121 BDD nodes
Transition 5: 117 BDD nodes
Transition 6: 50 BDD nodes
Transition 7: 118 BDD nodes
Transition 8: 192 BDD nodes
Transition 9: 43 BDD nodes
Transition 10: 100 BDD nodes
Transition 11: 28 BDD nodes
Transition 12: 32 BDD nodes
Transition 13: 216 BDD nodes
Transition 14: 117 BDD nodes
Transition 15: 62 BDD nodes
Transition 16: 32 BDD nodes
Transition 17: 32 BDD nodes
Transition 18: 32 BDD nodes
Transition 19: 32 BDD nodes
Transition 20: 36 BDD nodes
Transition 21: 36 BDD nodes
Transition 22: 111 BDD nodes
Transition 23: 85 BDD nodes
Transition 24: 31 BDD nodes
Transition 25: 175 BDD nodes
Transition 26: 92 BDD nodes
Transition 27: 50 BDD nodes
Transition 28: 41 BDD nodes
Transition 29: 28 BDD nodes
Transition 30: 97 BDD nodes
Transition 31: 111 BDD nodes
Transition 32: 172 BDD nodes
Transition 33: 61 BDD nodes
Transition 34: 41 BDD nodes
Transition 35: 36 BDD nodes
Transition 36: 36 BDD nodes
Transition 37: 28 BDD nodes
Transition 38: 117 BDD nodes
Transition 39: 31 BDD nodes
Transition 40: 349 BDD nodes
Transition 41: 135 BDD nodes
Transition 42: 45 BDD nodes
Transition 43: 123 BDD nodes
Transition 44: 82 BDD nodes
Transition 45: 219 BDD nodes
Transition 46: 120 BDD nodes
Transition 47: 70 BDD nodes
Level 1... done.
Level 2... done.
PAR Time: 0.006313
Final states: 1152921504606846976 states
Final states: 0 BDD nodes
[1468155323.345120] [node056:29869:0]         sys.c:744  MXM  WARN  Conflicting CPU frequencies detected, using: 1768.88
[1468155322.990849] [node055:30765:0]         sys.c:744  MXM  WARN  Conflicting CPU frequencies detected, using: 1599.84
[1468155322.971832] [node055:30721:0]         sys.c:744  MXM  WARN  Conflicting CPU frequencies detected, using: 1580.06
