dve2lts-sym, 0.000: Exploration order is bfs-prev
dve2lts-sym, 0.000: Saturation strategy is none
dve2lts-sym, 0.000: Guided search strategy is unguided
dve2lts-sym, 0.000: Attractor strategy is default
dve2lts-sym, 0.000: Precompiled divine module initialized
dve2lts-sym, 0.000: opening /home/oortwijn/repos/sylvan-tacas2015/models/at.4.dve
dve2lts-sym, 0.802: Regroup specification: gs
dve2lts-sym, 0.802: Regroup macro Group Safely: gc,gr,cw,rs
dve2lts-sym, 0.802: Regroup macro Cols: cs,cn
dve2lts-sym, 0.802: Regroup Column Sort
dve2lts-sym, 0.802: Regroup Column Nub
dve2lts-sym, 0.802: Regroup macro Rows: rs,rn
dve2lts-sym, 0.802: Regroup Row Sort
dve2lts-sym, 0.802: Regroup Row Nub
dve2lts-sym, 0.803: Regroup Column sWaps
dve2lts-sym, 0.804: Regroup Row Sort
dve2lts-sym, 0.804: Regrouping: 71->36 groups
dve2lts-sym, 0.804: state vector length is 14; there are 36 groups and 88 guards
dve2lts-sym, 0.804: Creating a Sylvan domain.
dve2lts-sym, 2.525: Using GBgetTransitionsShort as next-state function
dve2lts-sym, 2.543: got initial state
dve2lts-sym, 2.543: level 0 is finished
dve2lts-sym, 2.829: level 1 is finished
dve2lts-sym, 3.030: level 2 is finished
dve2lts-sym, 3.084: level 3 is finished
dve2lts-sym, 3.089: level 4 is finished
dve2lts-sym, 3.097: level 5 is finished
dve2lts-sym, 3.107: level 6 is finished
dve2lts-sym, 3.124: level 7 is finished
dve2lts-sym, 3.142: level 8 is finished
dve2lts-sym, 3.170: level 9 is finished
dve2lts-sym, 3.204: level 10 is finished
dve2lts-sym, 3.251: level 11 is finished
dve2lts-sym, 3.305: level 12 is finished
dve2lts-sym, 3.377: level 13 is finished
dve2lts-sym, 3.453: level 14 is finished
dve2lts-sym, 3.547: level 15 is finished
dve2lts-sym, 3.648: level 16 is finished
dve2lts-sym, 3.758: level 17 is finished
dve2lts-sym, 3.869: level 18 is finished
dve2lts-sym, 3.990: level 19 is finished
dve2lts-sym, 4.123: level 20 is finished
dve2lts-sym, 4.262: level 21 is finished
dve2lts-sym, 4.409: level 22 is finished
dve2lts-sym, 4.571: level 23 is finished
dve2lts-sym, 4.749: level 24 is finished
dve2lts-sym, 4.950: level 25 is finished
dve2lts-sym, 5.181: level 26 is finished
dve2lts-sym, 5.439: level 27 is finished
dve2lts-sym, 5.712: level 28 is finished
dve2lts-sym, 5.967: level 29 is finished
dve2lts-sym, 6.223: level 30 is finished
dve2lts-sym, 6.471: level 31 is finished
dve2lts-sym, 6.711: level 32 is finished
dve2lts-sym, 6.937: level 33 is finished
dve2lts-sym, 7.146: level 34 is finished
dve2lts-sym, 7.345: level 35 is finished
dve2lts-sym, 7.547: level 36 is finished
dve2lts-sym, 7.737: level 37 is finished
dve2lts-sym, 7.887: level 38 is finished
dve2lts-sym, 8.030: level 39 is finished
dve2lts-sym, 8.139: level 40 is finished
dve2lts-sym, 8.227: level 41 is finished
dve2lts-sym, 8.287: level 42 is finished
dve2lts-sym, 8.346: level 43 is finished
dve2lts-sym, 8.379: level 44 is finished
dve2lts-sym, 8.409: level 45 is finished
dve2lts-sym, 8.423: level 46 is finished
dve2lts-sym, 8.431: level 47 is finished
dve2lts-sym, 8.435: Exploration took 1728 group checks and 1728 next state calls
dve2lts-sym, 8.435: reachability took 5.890 real 92.530 user 1.400 sys
dve2lts-sym, 8.435: counting visited states...
dve2lts-sym, 8.439: counting took 0.010 real 0.080 user 0.000 sys
dve2lts-sym, 8.439: state space has 6597245 (~6.60e+06) states, 72362 BDD nodes
dve2lts-sym, 8.538: Transition relations written to 'transitions/at.4.bdd'

