dve2lts-sym, 0.000: Exploration order is bfs-prev
dve2lts-sym, 0.000: Saturation strategy is none
dve2lts-sym, 0.000: Guided search strategy is unguided
dve2lts-sym, 0.000: Attractor strategy is default
dve2lts-sym, 0.000: Precompiled divine module initialized
dve2lts-sym, 0.000: opening /home/oortwijn/repos/sylvan-tacas2015/models/frogs.4.dve
dve2lts-sym, 0.473: Regroup specification: gs
dve2lts-sym, 0.473: Regroup macro Group Safely: gc,gr,cw,rs
dve2lts-sym, 0.473: Regroup macro Cols: cs,cn
dve2lts-sym, 0.473: Regroup Column Sort
dve2lts-sym, 0.473: Regroup Column Nub
dve2lts-sym, 0.473: Regroup macro Rows: rs,rn
dve2lts-sym, 0.473: Regroup Row Sort
dve2lts-sym, 0.473: Regroup Row Nub
dve2lts-sym, 0.473: Regroup Column sWaps
dve2lts-sym, 0.473: Regroup Row Sort
dve2lts-sym, 0.473: Regrouping: 9->5 groups
dve2lts-sym, 0.473: state vector length is 30; there are 5 groups and 47 guards
dve2lts-sym, 0.473: Creating a Sylvan domain.
dve2lts-sym, 2.239: Using GBgetTransitionsShort as next-state function
dve2lts-sym, 2.241: got initial state
dve2lts-sym, 2.241: level 0 is finished
dve2lts-sym, 2.529: level 1 is finished
dve2lts-sym, 2.584: level 2 is finished
dve2lts-sym, 2.603: level 3 is finished
dve2lts-sym, 2.632: level 4 is finished
dve2lts-sym, 2.673: level 5 is finished
dve2lts-sym, 2.746: level 6 is finished
dve2lts-sym, 2.891: level 7 is finished
dve2lts-sym, 3.165: level 8 is finished
dve2lts-sym, 3.671: level 9 is finished
dve2lts-sym, 4.575: level 10 is finished
dve2lts-sym, 6.241: level 11 is finished
dve2lts-sym, 9.660: level 12 is finished
dve2lts-sym, 14.531: level 13 is finished
dve2lts-sym, 22.211: level 14 is finished
dve2lts-sym, 34.958: level 15 is finished
dve2lts-sym, 55.259: level 16 is finished
dve2lts-sym, 88.817: level 17 is finished
dve2lts-sym, 91.736: vset_sylvan: starting garbage collection
dve2lts-sym, 91.883: vset_sylvan: garbage collection done
dve2lts-sym, 145.995: level 18 is finished
dve2lts-sym, 182.028: vset_sylvan: starting garbage collection
dve2lts-sym, 182.196: vset_sylvan: garbage collection done
dve2lts-sym, 226.984: level 19 is finished
dve2lts-sym, 271.758: vset_sylvan: starting garbage collection
dve2lts-sym, 271.954: vset_sylvan: garbage collection done
dve2lts-sym, 350.415: level 20 is finished
dve2lts-sym, 361.585: vset_sylvan: starting garbage collection
dve2lts-sym, 361.801: vset_sylvan: garbage collection done
dve2lts-sym, 451.449: vset_sylvan: starting garbage collection
dve2lts-sym, 451.675: vset_sylvan: garbage collection done
dve2lts-sym, 520.589: level 21 is finished
dve2lts-sym, 538.908: vset_sylvan: starting garbage collection
dve2lts-sym, 539.154: vset_sylvan: garbage collection done
dve2lts-sym, 624.740: vset_sylvan: starting garbage collection
dve2lts-sym, 625.000: vset_sylvan: garbage collection done
dve2lts-sym, 711.852: vset_sylvan: starting garbage collection
dve2lts-sym, 712.113: vset_sylvan: garbage collection done
dve2lts-sym, 747.540: level 22 is finished
dve2lts-sym, 794.631: vset_sylvan: starting garbage collection
dve2lts-sym, 794.920: vset_sylvan: garbage collection done
dve2lts-sym, 878.412: vset_sylvan: starting garbage collection
dve2lts-sym, 878.705: vset_sylvan: garbage collection done
dve2lts-sym, 962.691: vset_sylvan: starting garbage collection
dve2lts-sym, 962.987: vset_sylvan: garbage collection done
dve2lts-sym, 1042.031: level 23 is finished
dve2lts-sym, 1043.125: vset_sylvan: starting garbage collection
dve2lts-sym, 1043.433: vset_sylvan: garbage collection done
dve2lts-sym, 1121.647: vset_sylvan: starting garbage collection
dve2lts-sym, 1121.977: vset_sylvan: garbage collection done
dve2lts-sym, 1203.513: vset_sylvan: starting garbage collection
dve2lts-sym, 1203.854: vset_sylvan: garbage collection done
dve2lts-sym, 1285.218: vset_sylvan: starting garbage collection
dve2lts-sym, 1285.551: vset_sylvan: garbage collection done
dve2lts-sym, 1368.790: vset_sylvan: starting garbage collection
dve2lts-sym, 1369.129: vset_sylvan: garbage collection done
dve2lts-sym, 1409.198: level 24 is finished
dve2lts-sym, 1447.395: vset_sylvan: starting garbage collection
dve2lts-sym, 1447.766: vset_sylvan: garbage collection done
dve2lts-sym, 1525.618: vset_sylvan: starting garbage collection
dve2lts-sym, 1525.997: vset_sylvan: garbage collection done
dve2lts-sym, 1605.754: vset_sylvan: starting garbage collection
dve2lts-sym, 1606.133: vset_sylvan: garbage collection done
dve2lts-sym, 1688.280: vset_sylvan: starting garbage collection
dve2lts-sym, 1688.658: vset_sylvan: garbage collection done
dve2lts-sym, 1766.978: vset_sylvan: starting garbage collection
dve2lts-sym, 1767.354: vset_sylvan: garbage collection done
dve2lts-sym, 1850.045: vset_sylvan: starting garbage collection
dve2lts-sym, 1850.426: vset_sylvan: garbage collection done
dve2lts-sym, 1866.500: level 25 is finished
dve2lts-sym, 1924.948: vset_sylvan: starting garbage collection
dve2lts-sym, 1925.366: vset_sylvan: garbage collection done
dve2lts-sym, 2000.497: vset_sylvan: starting garbage collection
dve2lts-sym, 2000.917: vset_sylvan: garbage collection done
dve2lts-sym, 2077.229: vset_sylvan: starting garbage collection
dve2lts-sym, 2077.651: vset_sylvan: garbage collection done
dve2lts-sym, 2153.859: vset_sylvan: starting garbage collection
dve2lts-sym, 2154.270: vset_sylvan: garbage collection done
dve2lts-sym, 2233.334: vset_sylvan: starting garbage collection
dve2lts-sym, 2233.748: vset_sylvan: garbage collection done
dve2lts-sym, 2310.934: vset_sylvan: starting garbage collection
dve2lts-sym, 2311.347: vset_sylvan: garbage collection done
dve2lts-sym, 2392.442: vset_sylvan: starting garbage collection
dve2lts-sym, 2392.863: vset_sylvan: garbage collection done
dve2lts-sym, 2404.633: level 26 is finished
dve2lts-sym, 2465.356: vset_sylvan: starting garbage collection
dve2lts-sym, 2465.808: vset_sylvan: garbage collection done
dve2lts-sym, 2541.885: vset_sylvan: starting garbage collection
dve2lts-sym, 2542.340: vset_sylvan: garbage collection done
dve2lts-sym, 2614.953: vset_sylvan: starting garbage collection
dve2lts-sym, 2615.410: vset_sylvan: garbage collection done
dve2lts-sym, 2690.515: vset_sylvan: starting garbage collection
dve2lts-sym, 2690.979: vset_sylvan: garbage collection done
dve2lts-sym, 2768.275: vset_sylvan: starting garbage collection
dve2lts-sym, 2768.719: vset_sylvan: garbage collection done
dve2lts-sym, 2847.434: vset_sylvan: starting garbage collection
dve2lts-sym, 2847.888: vset_sylvan: garbage collection done
dve2lts-sym, 2927.562: vset_sylvan: starting garbage collection
dve2lts-sym, 2928.013: vset_sylvan: garbage collection done
dve2lts-sym, 3007.213: vset_sylvan: starting garbage collection
dve2lts-sym, 3007.666: vset_sylvan: garbage collection done
dve2lts-sym, 3021.167: level 27 is finished
dve2lts-sym, 3078.438: vset_sylvan: starting garbage collection
dve2lts-sym, 3078.922: vset_sylvan: garbage collection done
dve2lts-sym, 3153.048: vset_sylvan: starting garbage collection
dve2lts-sym, 3153.535: vset_sylvan: garbage collection done
dve2lts-sym, 3228.737: vset_sylvan: starting garbage collection
dve2lts-sym, 3229.223: vset_sylvan: garbage collection done
dve2lts-sym, 3304.158: vset_sylvan: starting garbage collection
dve2lts-sym, 3304.646: vset_sylvan: garbage collection done
dve2lts-sym, 3378.414: vset_sylvan: starting garbage collection
dve2lts-sym, 3378.886: vset_sylvan: garbage collection done
dve2lts-sym, 3459.049: vset_sylvan: starting garbage collection
dve2lts-sym, 3459.523: vset_sylvan: garbage collection done
dve2lts-sym, 3535.134: vset_sylvan: starting garbage collection
dve2lts-sym, 3535.612: vset_sylvan: garbage collection done
dve2lts-sym, 3612.357: vset_sylvan: starting garbage collection
dve2lts-sym, 3612.832: vset_sylvan: garbage collection done
dve2lts-sym, 3689.395: vset_sylvan: starting garbage collection
dve2lts-sym, 3689.874: vset_sylvan: garbage collection done
dve2lts-sym, 3703.446: level 28 is finished
dve2lts-sym, 3755.183: vset_sylvan: starting garbage collection
dve2lts-sym, 3755.693: vset_sylvan: garbage collection done
dve2lts-sym, 3830.031: vset_sylvan: starting garbage collection
dve2lts-sym, 3830.536: vset_sylvan: garbage collection done
dve2lts-sym, 3903.239: vset_sylvan: starting garbage collection
dve2lts-sym, 3903.743: vset_sylvan: garbage collection done
dve2lts-sym, 3978.233: vset_sylvan: starting garbage collection
dve2lts-sym, 3978.747: vset_sylvan: garbage collection done
dve2lts-sym, 4052.242: vset_sylvan: starting garbage collection
dve2lts-sym, 4052.748: vset_sylvan: garbage collection done
dve2lts-sym, 4128.893: vset_sylvan: starting garbage collection
dve2lts-sym, 4129.383: vset_sylvan: garbage collection done
dve2lts-sym, 4207.862: vset_sylvan: starting garbage collection
dve2lts-sym, 4208.359: vset_sylvan: garbage collection done
dve2lts-sym, 4283.766: vset_sylvan: starting garbage collection
dve2lts-sym, 4284.257: vset_sylvan: garbage collection done
dve2lts-sym, 4361.174: vset_sylvan: starting garbage collection
dve2lts-sym, 4361.668: vset_sylvan: garbage collection done
dve2lts-sym, 4424.585: level 29 is finished
dve2lts-sym, 4430.198: vset_sylvan: starting garbage collection
dve2lts-sym, 4430.719: vset_sylvan: garbage collection done
dve2lts-sym, 4504.197: vset_sylvan: starting garbage collection
dve2lts-sym, 4504.716: vset_sylvan: garbage collection done
dve2lts-sym, 4578.230: vset_sylvan: starting garbage collection
dve2lts-sym, 4578.740: vset_sylvan: garbage collection done
dve2lts-sym, 4649.660: vset_sylvan: starting garbage collection
dve2lts-sym, 4650.171: vset_sylvan: garbage collection done
dve2lts-sym, 4722.706: vset_sylvan: starting garbage collection
dve2lts-sym, 4723.220: vset_sylvan: garbage collection done
dve2lts-sym, 4796.330: vset_sylvan: starting garbage collection
dve2lts-sym, 4796.845: vset_sylvan: garbage collection done
dve2lts-sym, 4869.895: vset_sylvan: starting garbage collection
dve2lts-sym, 4870.397: vset_sylvan: garbage collection done
dve2lts-sym, 4948.030: vset_sylvan: starting garbage collection
dve2lts-sym, 4948.529: vset_sylvan: garbage collection done
dve2lts-sym, 5026.520: vset_sylvan: starting garbage collection
dve2lts-sym, 5027.013: vset_sylvan: garbage collection done
dve2lts-sym, 5104.506: vset_sylvan: starting garbage collection
dve2lts-sym, 5104.999: vset_sylvan: garbage collection done
dve2lts-sym, 5152.523: level 30 is finished
dve2lts-sym, 5175.668: vset_sylvan: starting garbage collection
dve2lts-sym, 5176.190: vset_sylvan: garbage collection done
dve2lts-sym, 5247.099: vset_sylvan: starting garbage collection
dve2lts-sym, 5247.614: vset_sylvan: garbage collection done
dve2lts-sym, 5323.077: vset_sylvan: starting garbage collection
dve2lts-sym, 5323.591: vset_sylvan: garbage collection done
dve2lts-sym, 5393.773: vset_sylvan: starting garbage collection
dve2lts-sym, 5394.282: vset_sylvan: garbage collection done
dve2lts-sym, 5465.555: vset_sylvan: starting garbage collection
dve2lts-sym, 5466.064: vset_sylvan: garbage collection done
dve2lts-sym, 5539.285: vset_sylvan: starting garbage collection
dve2lts-sym, 5539.780: vset_sylvan: garbage collection done
dve2lts-sym, 5616.074: vset_sylvan: starting garbage collection
dve2lts-sym, 5616.565: vset_sylvan: garbage collection done
dve2lts-sym, 5693.044: vset_sylvan: starting garbage collection
dve2lts-sym, 5693.537: vset_sylvan: garbage collection done
dve2lts-sym, 5770.268: vset_sylvan: starting garbage collection
dve2lts-sym, 5770.753: vset_sylvan: garbage collection done
dve2lts-sym, 5847.865: vset_sylvan: starting garbage collection
dve2lts-sym, 5848.347: vset_sylvan: garbage collection done
dve2lts-sym, 5859.835: level 31 is finished
dve2lts-sym, 5919.341: vset_sylvan: starting garbage collection
dve2lts-sym, 5919.838: vset_sylvan: garbage collection done
dve2lts-sym, 5993.399: vset_sylvan: starting garbage collection
dve2lts-sym, 5993.898: vset_sylvan: garbage collection done
dve2lts-sym, 6066.692: vset_sylvan: starting garbage collection
dve2lts-sym, 6067.184: vset_sylvan: garbage collection done
dve2lts-sym, 6142.436: vset_sylvan: starting garbage collection
dve2lts-sym, 6142.925: vset_sylvan: garbage collection done
dve2lts-sym, 6217.831: vset_sylvan: starting garbage collection
dve2lts-sym, 6218.306: vset_sylvan: garbage collection done
dve2lts-sym, 6296.452: vset_sylvan: starting garbage collection
dve2lts-sym, 6296.930: vset_sylvan: garbage collection done
dve2lts-sym, 6372.972: vset_sylvan: starting garbage collection
dve2lts-sym, 6373.439: vset_sylvan: garbage collection done
dve2lts-sym, 6451.537: vset_sylvan: starting garbage collection
dve2lts-sym, 6452.003: vset_sylvan: garbage collection done
dve2lts-sym, 6517.311: level 32 is finished
dve2lts-sym, 6523.145: vset_sylvan: starting garbage collection
dve2lts-sym, 6523.623: vset_sylvan: garbage collection done
dve2lts-sym, 6597.885: vset_sylvan: starting garbage collection
dve2lts-sym, 6598.361: vset_sylvan: garbage collection done
dve2lts-sym, 6676.229: vset_sylvan: starting garbage collection
dve2lts-sym, 6676.694: vset_sylvan: garbage collection done
dve2lts-sym, 6751.213: vset_sylvan: starting garbage collection
dve2lts-sym, 6751.675: vset_sylvan: garbage collection done
dve2lts-sym, 6826.519: vset_sylvan: starting garbage collection
dve2lts-sym, 6826.970: vset_sylvan: garbage collection done
dve2lts-sym, 6908.335: vset_sylvan: starting garbage collection
dve2lts-sym, 6908.780: vset_sylvan: garbage collection done
dve2lts-sym, 6987.175: vset_sylvan: starting garbage collection
dve2lts-sym, 6987.611: vset_sylvan: garbage collection done
dve2lts-sym, 7067.363: vset_sylvan: starting garbage collection
dve2lts-sym, 7067.799: vset_sylvan: garbage collection done
dve2lts-sym, 7087.118: level 33 is finished
dve2lts-sym, 7140.059: vset_sylvan: starting garbage collection
dve2lts-sym, 7140.499: vset_sylvan: garbage collection done
dve2lts-sym, 7221.074: vset_sylvan: starting garbage collection
dve2lts-sym, 7221.503: vset_sylvan: garbage collection done
dve2lts-sym, 7299.633: vset_sylvan: starting garbage collection
dve2lts-sym, 7300.069: vset_sylvan: garbage collection done
dve2lts-sym, 7378.549: vset_sylvan: starting garbage collection
dve2lts-sym, 7378.974: vset_sylvan: garbage collection done
dve2lts-sym, 7460.464: vset_sylvan: starting garbage collection
dve2lts-sym, 7460.874: vset_sylvan: garbage collection done
dve2lts-sym, 7542.919: vset_sylvan: starting garbage collection
dve2lts-sym, 7543.328: vset_sylvan: garbage collection done
dve2lts-sym, 7564.731: level 34 is finished
dve2lts-sym, 7620.131: vset_sylvan: starting garbage collection
dve2lts-sym, 7620.543: vset_sylvan: garbage collection done
dve2lts-sym, 7700.998: vset_sylvan: starting garbage collection
dve2lts-sym, 7701.395: vset_sylvan: garbage collection done
dve2lts-sym, 7782.844: vset_sylvan: starting garbage collection
dve2lts-sym, 7783.223: vset_sylvan: garbage collection done
dve2lts-sym, 7862.872: vset_sylvan: starting garbage collection
dve2lts-sym, 7863.242: vset_sylvan: garbage collection done
dve2lts-sym, 7942.377: level 35 is finished
dve2lts-sym, 7943.580: vset_sylvan: starting garbage collection
dve2lts-sym, 7943.949: vset_sylvan: garbage collection done
dve2lts-sym, 8023.257: vset_sylvan: starting garbage collection
dve2lts-sym, 8023.614: vset_sylvan: garbage collection done
dve2lts-sym, 8109.940: vset_sylvan: starting garbage collection
dve2lts-sym, 8110.288: vset_sylvan: garbage collection done
dve2lts-sym, 8194.188: vset_sylvan: starting garbage collection
dve2lts-sym, 8194.524: vset_sylvan: garbage collection done
dve2lts-sym, 8228.502: level 36 is finished
dve2lts-sym, 8278.146: vset_sylvan: starting garbage collection
dve2lts-sym, 8278.476: vset_sylvan: garbage collection done
dve2lts-sym, 8361.552: vset_sylvan: starting garbage collection
dve2lts-sym, 8361.864: vset_sylvan: garbage collection done
dve2lts-sym, 8433.380: level 37 is finished
dve2lts-sym, 8449.266: vset_sylvan: starting garbage collection
dve2lts-sym, 8449.558: vset_sylvan: garbage collection done
dve2lts-sym, 8535.809: vset_sylvan: starting garbage collection
dve2lts-sym, 8536.093: vset_sylvan: garbage collection done
dve2lts-sym, 8573.917: level 38 is finished
dve2lts-sym, 8625.469: vset_sylvan: starting garbage collection
dve2lts-sym, 8625.721: vset_sylvan: garbage collection done
dve2lts-sym, 8663.034: level 39 is finished
dve2lts-sym, 8710.473: level 40 is finished
dve2lts-sym, 8716.139: vset_sylvan: starting garbage collection
dve2lts-sym, 8716.363: vset_sylvan: garbage collection done
dve2lts-sym, 8737.965: level 41 is finished
dve2lts-sym, 8748.387: level 42 is finished
dve2lts-sym, 8752.589: level 43 is finished
dve2lts-sym, 8754.095: level 44 is finished
dve2lts-sym, 8754.575: level 45 is finished
dve2lts-sym, 8754.684: level 46 is finished
dve2lts-sym, 8754.701: level 47 is finished
dve2lts-sym, 8754.703: level 48 is finished
dve2lts-sym, 8754.703: Exploration took 245 group checks and 245 next state calls
dve2lts-sym, 8754.703: reachability took 8752.460 real 139800.172 user 342.330 sys
dve2lts-sym, 8754.703: counting visited states...
dve2lts-sym, 8754.812: counting took 0.110 real 1.740 user 0.000 sys
dve2lts-sym, 8754.812: state space has 17443219 (~1.74e+07) states, 1640562 BDD nodes
dve2lts-sym, 8774.190: Transition relations written to 'transitions/frogs.4.bdd'

