dve2lts-sym, 0.000: Exploration order is bfs-prev
dve2lts-sym, 0.000: Saturation strategy is none
dve2lts-sym, 0.000: Guided search strategy is unguided
dve2lts-sym, 0.000: Attractor strategy is default
dve2lts-sym, 0.000: Precompiled divine module initialized
dve2lts-sym, 0.000: opening /home/oortwijn/repos/sylvan-tacas2015/models/krebs.2.dve
dve2lts-sym, 0.349: Regroup specification: gs
dve2lts-sym, 0.349: Regroup macro Group Safely: gc,gr,cw,rs
dve2lts-sym, 0.349: Regroup macro Cols: cs,cn
dve2lts-sym, 0.349: Regroup Column Sort
dve2lts-sym, 0.349: Regroup Column Nub
dve2lts-sym, 0.349: Regroup macro Rows: rs,rn
dve2lts-sym, 0.349: Regroup Row Sort
dve2lts-sym, 0.349: Regroup Row Nub
dve2lts-sym, 0.349: Regroup Column sWaps
dve2lts-sym, 0.350: Regroup Row Sort
dve2lts-sym, 0.350: Regrouping: 16->16 groups
dve2lts-sym, 0.350: state vector length is 19; there are 16 groups and 29 guards
dve2lts-sym, 0.351: Creating a Sylvan domain.
dve2lts-sym, 1.852: Using GBgetTransitionsShort as next-state function
dve2lts-sym, 1.874: got initial state
dve2lts-sym, 1.874: level 0 is finished
dve2lts-sym, 2.176: level 1 is finished
dve2lts-sym, 2.528: level 2 is finished
dve2lts-sym, 2.661: level 3 is finished
dve2lts-sym, 2.679: level 4 is finished
dve2lts-sym, 2.684: level 5 is finished
dve2lts-sym, 2.691: level 6 is finished
dve2lts-sym, 2.701: level 7 is finished
dve2lts-sym, 2.712: level 8 is finished
dve2lts-sym, 2.726: level 9 is finished
dve2lts-sym, 2.743: level 10 is finished
dve2lts-sym, 2.763: level 11 is finished
dve2lts-sym, 2.787: level 12 is finished
dve2lts-sym, 2.815: level 13 is finished
dve2lts-sym, 2.847: level 14 is finished
dve2lts-sym, 2.882: level 15 is finished
dve2lts-sym, 2.922: level 16 is finished
dve2lts-sym, 2.966: level 17 is finished
dve2lts-sym, 3.012: level 18 is finished
dve2lts-sym, 3.063: level 19 is finished
dve2lts-sym, 3.116: level 20 is finished
dve2lts-sym, 3.171: level 21 is finished
dve2lts-sym, 3.228: level 22 is finished
dve2lts-sym, 3.288: level 23 is finished
dve2lts-sym, 3.349: level 24 is finished
dve2lts-sym, 3.412: level 25 is finished
dve2lts-sym, 3.476: level 26 is finished
dve2lts-sym, 3.540: level 27 is finished
dve2lts-sym, 3.605: level 28 is finished
dve2lts-sym, 3.670: level 29 is finished
dve2lts-sym, 3.737: level 30 is finished
dve2lts-sym, 3.803: level 31 is finished
dve2lts-sym, 3.868: level 32 is finished
dve2lts-sym, 3.933: level 33 is finished
dve2lts-sym, 3.996: level 34 is finished
dve2lts-sym, 4.057: level 35 is finished
dve2lts-sym, 4.118: level 36 is finished
dve2lts-sym, 4.176: level 37 is finished
dve2lts-sym, 4.232: level 38 is finished
dve2lts-sym, 4.287: level 39 is finished
dve2lts-sym, 4.339: level 40 is finished
dve2lts-sym, 4.390: level 41 is finished
dve2lts-sym, 4.439: level 42 is finished
dve2lts-sym, 4.487: level 43 is finished
dve2lts-sym, 4.532: level 44 is finished
dve2lts-sym, 4.579: level 45 is finished
dve2lts-sym, 4.620: level 46 is finished
dve2lts-sym, 4.670: level 47 is finished
dve2lts-sym, 4.707: level 48 is finished
dve2lts-sym, 4.752: level 49 is finished
dve2lts-sym, 4.784: level 50 is finished
dve2lts-sym, 4.813: level 51 is finished
dve2lts-sym, 4.852: level 52 is finished
dve2lts-sym, 4.878: level 53 is finished
dve2lts-sym, 4.901: level 54 is finished
dve2lts-sym, 4.922: level 55 is finished
dve2lts-sym, 4.955: level 56 is finished
dve2lts-sym, 4.973: level 57 is finished
dve2lts-sym, 4.990: level 58 is finished
dve2lts-sym, 5.005: level 59 is finished
dve2lts-sym, 5.019: level 60 is finished
dve2lts-sym, 5.032: level 61 is finished
dve2lts-sym, 5.061: level 62 is finished
dve2lts-sym, 5.073: level 63 is finished
dve2lts-sym, 5.083: level 64 is finished
dve2lts-sym, 5.094: level 65 is finished
dve2lts-sym, 5.103: level 66 is finished
dve2lts-sym, 5.111: level 67 is finished
dve2lts-sym, 5.119: level 68 is finished
dve2lts-sym, 5.126: level 69 is finished
dve2lts-sym, 5.132: level 70 is finished
dve2lts-sym, 5.138: level 71 is finished
dve2lts-sym, 5.164: level 72 is finished
dve2lts-sym, 5.168: level 73 is finished
dve2lts-sym, 5.172: level 74 is finished
dve2lts-sym, 5.176: level 75 is finished
dve2lts-sym, 5.179: level 76 is finished
dve2lts-sym, 5.183: level 77 is finished
dve2lts-sym, 5.186: level 78 is finished
dve2lts-sym, 5.189: level 79 is finished
dve2lts-sym, 5.192: level 80 is finished
dve2lts-sym, 5.194: level 81 is finished
dve2lts-sym, 5.196: level 82 is finished
dve2lts-sym, 5.198: level 83 is finished
dve2lts-sym, 5.200: level 84 is finished
dve2lts-sym, 5.202: level 85 is finished
dve2lts-sym, 5.203: level 86 is finished
dve2lts-sym, 5.204: level 87 is finished
dve2lts-sym, 5.205: Exploration took 1408 group checks and 1408 next state calls
dve2lts-sym, 5.205: reachability took 3.330 real 52.000 user 1.240 sys
dve2lts-sym, 5.205: counting visited states...
dve2lts-sym, 5.208: counting took 0.000 real 0.040 user 0.000 sys
dve2lts-sym, 5.208: state space has 62476 (~6.25e+04) states, 43440 BDD nodes
dve2lts-sym, 5.274: Transition relations written to 'transitions/krebs.2.bdd'

