dve2lts-sym, 0.000: Exploration order is bfs-prev
dve2lts-sym, 0.000: Saturation strategy is none
dve2lts-sym, 0.000: Guided search strategy is unguided
dve2lts-sym, 0.000: Attractor strategy is default
dve2lts-sym, 0.000: Precompiled divine module initialized
dve2lts-sym, 0.000: opening /home/oortwijn/repos/sylvan-tacas2015/models/lann.3.dve
dve2lts-sym, 0.624: Regroup specification: gs
dve2lts-sym, 0.624: Regroup macro Group Safely: gc,gr,cw,rs
dve2lts-sym, 0.624: Regroup macro Cols: cs,cn
dve2lts-sym, 0.624: Regroup Column Sort
dve2lts-sym, 0.624: Regroup Column Nub
dve2lts-sym, 0.624: Regroup macro Rows: rs,rn
dve2lts-sym, 0.624: Regroup Row Sort
dve2lts-sym, 0.625: Regroup Row Nub
dve2lts-sym, 0.625: Regroup Column sWaps
dve2lts-sym, 0.627: Regroup Row Sort
dve2lts-sym, 0.627: Regrouping: 40->36 groups
dve2lts-sym, 0.627: state vector length is 20; there are 36 groups and 52 guards
dve2lts-sym, 0.627: Creating a Sylvan domain.
dve2lts-sym, 2.524: Using GBgetTransitionsShort as next-state function
dve2lts-sym, 2.539: got initial state
dve2lts-sym, 2.539: level 0 is finished
dve2lts-sym, 2.807: level 1 is finished
dve2lts-sym, 2.976: level 2 is finished
dve2lts-sym, 3.001: level 3 is finished
dve2lts-sym, 3.006: level 4 is finished
dve2lts-sym, 3.011: level 5 is finished
dve2lts-sym, 3.016: level 6 is finished
dve2lts-sym, 3.022: level 7 is finished
dve2lts-sym, 3.028: level 8 is finished
dve2lts-sym, 3.035: level 9 is finished
dve2lts-sym, 3.043: level 10 is finished
dve2lts-sym, 3.052: level 11 is finished
dve2lts-sym, 3.061: level 12 is finished
dve2lts-sym, 3.071: level 13 is finished
dve2lts-sym, 3.081: level 14 is finished
dve2lts-sym, 3.091: level 15 is finished
dve2lts-sym, 3.102: level 16 is finished
dve2lts-sym, 3.113: level 17 is finished
dve2lts-sym, 3.126: level 18 is finished
dve2lts-sym, 3.139: level 19 is finished
dve2lts-sym, 3.152: level 20 is finished
dve2lts-sym, 3.166: level 21 is finished
dve2lts-sym, 3.180: level 22 is finished
dve2lts-sym, 3.194: level 23 is finished
dve2lts-sym, 3.207: level 24 is finished
dve2lts-sym, 3.219: level 25 is finished
dve2lts-sym, 3.232: level 26 is finished
dve2lts-sym, 3.245: level 27 is finished
dve2lts-sym, 3.259: level 28 is finished
dve2lts-sym, 3.274: level 29 is finished
dve2lts-sym, 3.289: level 30 is finished
dve2lts-sym, 3.305: level 31 is finished
dve2lts-sym, 3.319: level 32 is finished
dve2lts-sym, 3.334: level 33 is finished
dve2lts-sym, 3.349: level 34 is finished
dve2lts-sym, 3.364: level 35 is finished
dve2lts-sym, 3.379: level 36 is finished
dve2lts-sym, 3.394: level 37 is finished
dve2lts-sym, 3.409: level 38 is finished
dve2lts-sym, 3.425: level 39 is finished
dve2lts-sym, 3.440: level 40 is finished
dve2lts-sym, 3.456: level 41 is finished
dve2lts-sym, 3.473: level 42 is finished
dve2lts-sym, 3.489: level 43 is finished
dve2lts-sym, 3.505: level 44 is finished
dve2lts-sym, 3.522: level 45 is finished
dve2lts-sym, 3.538: level 46 is finished
dve2lts-sym, 3.554: level 47 is finished
dve2lts-sym, 3.571: level 48 is finished
dve2lts-sym, 3.587: level 49 is finished
dve2lts-sym, 3.603: level 50 is finished
dve2lts-sym, 3.619: level 51 is finished
dve2lts-sym, 3.636: level 52 is finished
dve2lts-sym, 3.652: level 53 is finished
dve2lts-sym, 3.670: level 54 is finished
dve2lts-sym, 3.686: level 55 is finished
dve2lts-sym, 3.702: level 56 is finished
dve2lts-sym, 3.719: level 57 is finished
dve2lts-sym, 3.739: level 58 is finished
dve2lts-sym, 3.756: level 59 is finished
dve2lts-sym, 3.773: level 60 is finished
dve2lts-sym, 3.791: level 61 is finished
dve2lts-sym, 3.809: level 62 is finished
dve2lts-sym, 3.826: level 63 is finished
dve2lts-sym, 3.844: level 64 is finished
dve2lts-sym, 3.861: level 65 is finished
dve2lts-sym, 3.879: level 66 is finished
dve2lts-sym, 3.897: level 67 is finished
dve2lts-sym, 3.917: level 68 is finished
dve2lts-sym, 3.938: level 69 is finished
dve2lts-sym, 3.962: level 70 is finished
dve2lts-sym, 3.987: level 71 is finished
dve2lts-sym, 4.012: level 72 is finished
dve2lts-sym, 4.039: level 73 is finished
dve2lts-sym, 4.064: level 74 is finished
dve2lts-sym, 4.090: level 75 is finished
dve2lts-sym, 4.114: level 76 is finished
dve2lts-sym, 4.141: level 77 is finished
dve2lts-sym, 4.167: level 78 is finished
dve2lts-sym, 4.195: level 79 is finished
dve2lts-sym, 4.224: level 80 is finished
dve2lts-sym, 4.251: level 81 is finished
dve2lts-sym, 4.279: level 82 is finished
dve2lts-sym, 4.307: level 83 is finished
dve2lts-sym, 4.334: level 84 is finished
dve2lts-sym, 4.362: level 85 is finished
dve2lts-sym, 4.391: level 86 is finished
dve2lts-sym, 4.420: level 87 is finished
dve2lts-sym, 4.447: level 88 is finished
dve2lts-sym, 4.474: level 89 is finished
dve2lts-sym, 4.500: level 90 is finished
dve2lts-sym, 4.524: level 91 is finished
dve2lts-sym, 4.548: level 92 is finished
dve2lts-sym, 4.573: level 93 is finished
dve2lts-sym, 4.599: level 94 is finished
dve2lts-sym, 4.626: level 95 is finished
dve2lts-sym, 4.653: level 96 is finished
dve2lts-sym, 4.681: level 97 is finished
dve2lts-sym, 4.711: level 98 is finished
dve2lts-sym, 4.742: level 99 is finished
dve2lts-sym, 4.773: level 100 is finished
dve2lts-sym, 4.805: level 101 is finished
dve2lts-sym, 4.843: level 102 is finished
dve2lts-sym, 4.877: level 103 is finished
dve2lts-sym, 4.910: level 104 is finished
dve2lts-sym, 4.957: level 105 is finished
dve2lts-sym, 4.989: level 106 is finished
dve2lts-sym, 5.034: level 107 is finished
dve2lts-sym, 5.065: level 108 is finished
dve2lts-sym, 5.095: level 109 is finished
dve2lts-sym, 5.147: level 110 is finished
dve2lts-sym, 5.178: level 111 is finished
dve2lts-sym, 5.208: level 112 is finished
dve2lts-sym, 5.248: level 113 is finished
dve2lts-sym, 5.276: level 114 is finished
dve2lts-sym, 5.301: level 115 is finished
dve2lts-sym, 5.344: level 116 is finished
dve2lts-sym, 5.367: level 117 is finished
dve2lts-sym, 5.388: level 118 is finished
dve2lts-sym, 5.409: level 119 is finished
dve2lts-sym, 5.440: level 120 is finished
dve2lts-sym, 5.460: level 121 is finished
dve2lts-sym, 5.480: level 122 is finished
dve2lts-sym, 5.500: level 123 is finished
dve2lts-sym, 5.532: level 124 is finished
dve2lts-sym, 5.552: level 125 is finished
dve2lts-sym, 5.573: level 126 is finished
dve2lts-sym, 5.594: level 127 is finished
dve2lts-sym, 5.614: level 128 is finished
dve2lts-sym, 5.649: level 129 is finished
dve2lts-sym, 5.669: level 130 is finished
dve2lts-sym, 5.689: level 131 is finished
dve2lts-sym, 5.708: level 132 is finished
dve2lts-sym, 5.730: level 133 is finished
dve2lts-sym, 5.748: level 134 is finished
dve2lts-sym, 5.766: level 135 is finished
dve2lts-sym, 5.783: level 136 is finished
dve2lts-sym, 5.798: level 137 is finished
dve2lts-sym, 5.813: level 138 is finished
dve2lts-sym, 5.829: level 139 is finished
dve2lts-sym, 5.842: level 140 is finished
dve2lts-sym, 5.854: level 141 is finished
dve2lts-sym, 5.865: level 142 is finished
dve2lts-sym, 5.876: level 143 is finished
dve2lts-sym, 5.886: level 144 is finished
dve2lts-sym, 5.895: level 145 is finished
dve2lts-sym, 5.903: level 146 is finished
dve2lts-sym, 5.911: level 147 is finished
dve2lts-sym, 5.918: level 148 is finished
dve2lts-sym, 5.925: level 149 is finished
dve2lts-sym, 5.931: level 150 is finished
dve2lts-sym, 5.938: level 151 is finished
dve2lts-sym, 5.944: level 152 is finished
dve2lts-sym, 5.951: level 153 is finished
dve2lts-sym, 5.957: level 154 is finished
dve2lts-sym, 5.963: level 155 is finished
dve2lts-sym, 5.969: level 156 is finished
dve2lts-sym, 5.976: level 157 is finished
dve2lts-sym, 5.982: level 158 is finished
dve2lts-sym, 5.988: level 159 is finished
dve2lts-sym, 5.993: level 160 is finished
dve2lts-sym, 5.999: level 161 is finished
dve2lts-sym, 6.003: level 162 is finished
dve2lts-sym, 6.008: level 163 is finished
dve2lts-sym, 6.012: level 164 is finished
dve2lts-sym, 6.017: level 165 is finished
dve2lts-sym, 6.022: level 166 is finished
dve2lts-sym, 6.026: level 167 is finished
dve2lts-sym, 6.030: level 168 is finished
dve2lts-sym, 6.034: level 169 is finished
dve2lts-sym, 6.038: level 170 is finished
dve2lts-sym, 6.042: level 171 is finished
dve2lts-sym, 6.045: level 172 is finished
dve2lts-sym, 6.048: level 173 is finished
dve2lts-sym, 6.051: level 174 is finished
dve2lts-sym, 6.054: level 175 is finished
dve2lts-sym, 6.057: level 176 is finished
dve2lts-sym, 6.060: level 177 is finished
dve2lts-sym, 6.063: level 178 is finished
dve2lts-sym, 6.066: level 179 is finished
dve2lts-sym, 6.069: level 180 is finished
dve2lts-sym, 6.072: level 181 is finished
dve2lts-sym, 6.075: level 182 is finished
dve2lts-sym, 6.078: level 183 is finished
dve2lts-sym, 6.082: level 184 is finished
dve2lts-sym, 6.085: level 185 is finished
dve2lts-sym, 6.088: level 186 is finished
dve2lts-sym, 6.091: level 187 is finished
dve2lts-sym, 6.094: level 188 is finished
dve2lts-sym, 6.097: level 189 is finished
dve2lts-sym, 6.099: level 190 is finished
dve2lts-sym, 6.102: level 191 is finished
dve2lts-sym, 6.105: level 192 is finished
dve2lts-sym, 6.108: level 193 is finished
dve2lts-sym, 6.110: level 194 is finished
dve2lts-sym, 6.113: level 195 is finished
dve2lts-sym, 6.116: level 196 is finished
dve2lts-sym, 6.120: level 197 is finished
dve2lts-sym, 6.123: level 198 is finished
dve2lts-sym, 6.126: level 199 is finished
dve2lts-sym, 6.128: level 200 is finished
dve2lts-sym, 6.131: level 201 is finished
dve2lts-sym, 6.134: level 202 is finished
dve2lts-sym, 6.137: level 203 is finished
dve2lts-sym, 6.139: level 204 is finished
dve2lts-sym, 6.141: level 205 is finished
dve2lts-sym, 6.143: level 206 is finished
dve2lts-sym, 6.145: level 207 is finished
dve2lts-sym, 6.147: level 208 is finished
dve2lts-sym, 6.149: level 209 is finished
dve2lts-sym, 6.151: level 210 is finished
dve2lts-sym, 6.153: level 211 is finished
dve2lts-sym, 6.155: level 212 is finished
dve2lts-sym, 6.156: level 213 is finished
dve2lts-sym, 6.158: level 214 is finished
dve2lts-sym, 6.159: Exploration took 7740 group checks and 7740 next state calls
dve2lts-sym, 6.159: reachability took 3.620 real 56.790 user 1.020 sys
dve2lts-sym, 6.159: counting visited states...
dve2lts-sym, 6.160: counting took 0.000 real 0.010 user 0.000 sys
dve2lts-sym, 6.160: state space has 1832139 (~1.83e+06) states, 10051 BDD nodes
dve2lts-sym, 6.173: Transition relations written to 'transitions/lann.3.bdd'

