dve2lts-sym, 0.000: Exploration order is bfs-prev
dve2lts-sym, 0.000: Saturation strategy is none
dve2lts-sym, 0.000: Guided search strategy is unguided
dve2lts-sym, 0.000: Attractor strategy is default
dve2lts-sym, 0.000: Precompiled divine module initialized
dve2lts-sym, 0.000: opening /home/oortwijn/repos/sylvan-tacas2015/models/needham.1.dve
dve2lts-sym, 0.839: Regroup specification: gs
dve2lts-sym, 0.839: Regroup macro Group Safely: gc,gr,cw,rs
dve2lts-sym, 0.839: Regroup macro Cols: cs,cn
dve2lts-sym, 0.839: Regroup Column Sort
dve2lts-sym, 0.839: Regroup Column Nub
dve2lts-sym, 0.839: Regroup macro Rows: rs,rn
dve2lts-sym, 0.839: Regroup Row Sort
dve2lts-sym, 0.839: Regroup Row Nub
dve2lts-sym, 0.839: Regroup Column sWaps
dve2lts-sym, 0.840: Regroup Row Sort
dve2lts-sym, 0.840: Regrouping: 55->24 groups
dve2lts-sym, 0.841: state vector length is 14; there are 24 groups and 44 guards
dve2lts-sym, 0.841: Creating a Sylvan domain.
dve2lts-sym, 2.647: Using GBgetTransitionsShort as next-state function
dve2lts-sym, 2.666: got initial state
dve2lts-sym, 2.666: level 0 is finished
dve2lts-sym, 2.871: level 1 is finished
dve2lts-sym, 3.024: level 2 is finished
dve2lts-sym, 3.055: level 3 is finished
dve2lts-sym, 3.062: level 4 is finished
dve2lts-sym, 3.069: level 5 is finished
dve2lts-sym, 3.077: level 6 is finished
dve2lts-sym, 3.086: level 7 is finished
dve2lts-sym, 3.093: level 8 is finished
dve2lts-sym, 3.098: level 9 is finished
dve2lts-sym, 3.102: level 10 is finished
dve2lts-sym, 3.106: level 11 is finished
dve2lts-sym, 3.110: level 12 is finished
dve2lts-sym, 3.113: level 13 is finished
dve2lts-sym, 3.116: level 14 is finished
dve2lts-sym, 3.117: level 15 is finished
dve2lts-sym, 3.118: Exploration took 384 group checks and 384 next state calls
dve2lts-sym, 3.118: reachability took 0.450 real 6.790 user 0.440 sys
dve2lts-sym, 3.118: counting visited states...
dve2lts-sym, 3.118: counting took 0.000 real 0.010 user 0.000 sys
dve2lts-sym, 3.118: state space has 497 (~4.97e+02) states, 3537 BDD nodes
dve2lts-sym, 3.125: Transition relations written to 'transitions/needham.1.bdd'

