dve2lts-sym, 0.000: Exploration order is bfs-prev
dve2lts-sym, 0.000: Saturation strategy is none
dve2lts-sym, 0.000: Guided search strategy is unguided
dve2lts-sym, 0.000: Attractor strategy is default
dve2lts-sym, 0.000: Precompiled divine module initialized
dve2lts-sym, 0.000: opening /home/oortwijn/repos/sylvan-tacas2015/models/pgm_protocol.5.dve
dve2lts-sym, 1.426: Regroup specification: gs
dve2lts-sym, 1.426: Regroup macro Group Safely: gc,gr,cw,rs
dve2lts-sym, 1.426: Regroup macro Cols: cs,cn
dve2lts-sym, 1.426: Regroup Column Sort
dve2lts-sym, 1.427: Regroup Column Nub
dve2lts-sym, 1.428: Regroup macro Rows: rs,rn
dve2lts-sym, 1.428: Regroup Row Sort
dve2lts-sym, 1.428: Regroup Row Nub
dve2lts-sym, 1.429: Regroup Column sWaps
dve2lts-sym, 1.547: Regroup Row Sort
dve2lts-sym, 1.548: Regrouping: 120->105 groups
dve2lts-sym, 1.548: state vector length is 124; there are 105 groups and 143 guards
dve2lts-sym, 1.548: Creating a Sylvan domain.
dve2lts-sym, 3.856: Using GBgetTransitionsShort as next-state function
dve2lts-sym, 3.856: got initial state
dve2lts-sym, 3.856: level 0 is finished
dve2lts-sym, 3.861: level 1 is finished
dve2lts-sym, 3.863: level 2 is finished
dve2lts-sym, 3.864: level 3 is finished
dve2lts-sym, 3.865: level 4 is finished
dve2lts-sym, 3.866: level 5 is finished
dve2lts-sym, 3.869: level 6 is finished
dve2lts-sym, 3.872: level 7 is finished
dve2lts-sym, 3.874: level 8 is finished
dve2lts-sym, 3.878: level 9 is finished
dve2lts-sym, 3.881: level 10 is finished
dve2lts-sym, 3.883: level 11 is finished
dve2lts-sym, 3.887: level 12 is finished
dve2lts-sym, 3.892: level 13 is finished
dve2lts-sym, 3.897: level 14 is finished
dve2lts-sym, 3.902: level 15 is finished
dve2lts-sym, 3.908: level 16 is finished
dve2lts-sym, 3.915: level 17 is finished
dve2lts-sym, 3.924: level 18 is finished
dve2lts-sym, 3.931: level 19 is finished
dve2lts-sym, 3.936: level 20 is finished
dve2lts-sym, 3.943: level 21 is finished
dve2lts-sym, 3.947: level 22 is finished
dve2lts-sym, 3.953: level 23 is finished
dve2lts-sym, 3.958: level 24 is finished
dve2lts-sym, 3.963: level 25 is finished
dve2lts-sym, 3.971: level 26 is finished
dve2lts-sym, 3.980: level 27 is finished
dve2lts-sym, 3.989: level 28 is finished
dve2lts-sym, 3.999: level 29 is finished
dve2lts-sym, 4.010: level 30 is finished
dve2lts-sym, 4.022: level 31 is finished
dve2lts-sym, 4.035: level 32 is finished
dve2lts-sym, 4.048: level 33 is finished
dve2lts-sym, 4.060: level 34 is finished
dve2lts-sym, 4.073: level 35 is finished
dve2lts-sym, 4.084: level 36 is finished
dve2lts-sym, 4.096: level 37 is finished
dve2lts-sym, 4.107: level 38 is finished
dve2lts-sym, 4.119: level 39 is finished
dve2lts-sym, 4.131: level 40 is finished
dve2lts-sym, 4.145: level 41 is finished
dve2lts-sym, 4.160: level 42 is finished
dve2lts-sym, 4.172: level 43 is finished
dve2lts-sym, 4.188: level 44 is finished
dve2lts-sym, 4.205: level 45 is finished
dve2lts-sym, 4.220: level 46 is finished
dve2lts-sym, 4.238: level 47 is finished
dve2lts-sym, 4.255: level 48 is finished
dve2lts-sym, 4.274: level 49 is finished
dve2lts-sym, 4.294: level 50 is finished
dve2lts-sym, 4.314: level 51 is finished
dve2lts-sym, 4.332: level 52 is finished
dve2lts-sym, 4.351: level 53 is finished
dve2lts-sym, 4.371: level 54 is finished
dve2lts-sym, 4.391: level 55 is finished
dve2lts-sym, 4.410: level 56 is finished
dve2lts-sym, 4.431: level 57 is finished
dve2lts-sym, 4.450: level 58 is finished
dve2lts-sym, 4.474: level 59 is finished
dve2lts-sym, 4.496: level 60 is finished
dve2lts-sym, 4.519: level 61 is finished
dve2lts-sym, 4.546: level 62 is finished
dve2lts-sym, 4.569: level 63 is finished
dve2lts-sym, 4.591: level 64 is finished
dve2lts-sym, 4.613: level 65 is finished
dve2lts-sym, 4.634: level 66 is finished
dve2lts-sym, 4.655: level 67 is finished
dve2lts-sym, 4.680: level 68 is finished
dve2lts-sym, 4.706: level 69 is finished
dve2lts-sym, 4.730: level 70 is finished
dve2lts-sym, 4.759: level 71 is finished
dve2lts-sym, 4.784: level 72 is finished
dve2lts-sym, 4.810: level 73 is finished
dve2lts-sym, 4.837: level 74 is finished
dve2lts-sym, 4.861: level 75 is finished
dve2lts-sym, 4.887: level 76 is finished
dve2lts-sym, 4.917: level 77 is finished
dve2lts-sym, 4.945: level 78 is finished
dve2lts-sym, 4.973: level 79 is finished
dve2lts-sym, 5.001: level 80 is finished
dve2lts-sym, 5.029: level 81 is finished
dve2lts-sym, 5.058: level 82 is finished
dve2lts-sym, 5.084: level 83 is finished
dve2lts-sym, 5.111: level 84 is finished
dve2lts-sym, 5.137: level 85 is finished
dve2lts-sym, 5.165: level 86 is finished
dve2lts-sym, 5.193: level 87 is finished
dve2lts-sym, 5.221: level 88 is finished
dve2lts-sym, 5.249: level 89 is finished
dve2lts-sym, 5.275: level 90 is finished
dve2lts-sym, 5.305: level 91 is finished
dve2lts-sym, 5.336: level 92 is finished
dve2lts-sym, 5.374: level 93 is finished
dve2lts-sym, 5.412: level 94 is finished
dve2lts-sym, 5.453: level 95 is finished
dve2lts-sym, 5.498: level 96 is finished
dve2lts-sym, 5.543: level 97 is finished
dve2lts-sym, 5.592: level 98 is finished
dve2lts-sym, 5.645: level 99 is finished
dve2lts-sym, 5.695: level 100 is finished
dve2lts-sym, 5.770: level 101 is finished
dve2lts-sym, 5.846: level 102 is finished
dve2lts-sym, 5.903: level 103 is finished
dve2lts-sym, 5.984: level 104 is finished
dve2lts-sym, 6.065: level 105 is finished
dve2lts-sym, 6.134: level 106 is finished
dve2lts-sym, 6.193: level 107 is finished
dve2lts-sym, 6.269: level 108 is finished
dve2lts-sym, 6.342: level 109 is finished
dve2lts-sym, 6.404: level 110 is finished
dve2lts-sym, 6.481: level 111 is finished
dve2lts-sym, 6.551: level 112 is finished
dve2lts-sym, 6.634: level 113 is finished
dve2lts-sym, 6.712: level 114 is finished
dve2lts-sym, 6.792: level 115 is finished
dve2lts-sym, 6.878: level 116 is finished
dve2lts-sym, 6.964: level 117 is finished
dve2lts-sym, 7.049: level 118 is finished
dve2lts-sym, 7.133: level 119 is finished
dve2lts-sym, 7.219: level 120 is finished
dve2lts-sym, 7.305: level 121 is finished
dve2lts-sym, 7.392: level 122 is finished
dve2lts-sym, 7.481: level 123 is finished
dve2lts-sym, 7.571: level 124 is finished
dve2lts-sym, 7.661: level 125 is finished
dve2lts-sym, 7.745: level 126 is finished
dve2lts-sym, 7.834: level 127 is finished
dve2lts-sym, 7.920: level 128 is finished
dve2lts-sym, 8.008: level 129 is finished
dve2lts-sym, 8.098: level 130 is finished
dve2lts-sym, 8.213: level 131 is finished
dve2lts-sym, 8.319: level 132 is finished
dve2lts-sym, 8.429: level 133 is finished
dve2lts-sym, 8.529: level 134 is finished
dve2lts-sym, 8.619: level 135 is finished
dve2lts-sym, 8.717: level 136 is finished
dve2lts-sym, 8.813: level 137 is finished
dve2lts-sym, 8.933: level 138 is finished
dve2lts-sym, 9.037: level 139 is finished
dve2lts-sym, 9.137: level 140 is finished
dve2lts-sym, 9.247: level 141 is finished
dve2lts-sym, 9.357: level 142 is finished
dve2lts-sym, 9.463: level 143 is finished
dve2lts-sym, 9.573: level 144 is finished
dve2lts-sym, 9.692: level 145 is finished
dve2lts-sym, 9.811: level 146 is finished
dve2lts-sym, 9.939: level 147 is finished
dve2lts-sym, 10.056: level 148 is finished
dve2lts-sym, 10.170: level 149 is finished
dve2lts-sym, 10.292: level 150 is finished
dve2lts-sym, 10.429: level 151 is finished
dve2lts-sym, 10.559: level 152 is finished
dve2lts-sym, 10.705: level 153 is finished
dve2lts-sym, 10.846: level 154 is finished
dve2lts-sym, 10.978: level 155 is finished
dve2lts-sym, 11.113: level 156 is finished
dve2lts-sym, 11.251: level 157 is finished
dve2lts-sym, 11.381: level 158 is finished
dve2lts-sym, 11.518: level 159 is finished
dve2lts-sym, 11.702: level 160 is finished
dve2lts-sym, 11.878: level 161 is finished
dve2lts-sym, 12.017: level 162 is finished
dve2lts-sym, 12.156: level 163 is finished
dve2lts-sym, 12.302: level 164 is finished
dve2lts-sym, 12.442: level 165 is finished
dve2lts-sym, 12.583: level 166 is finished
dve2lts-sym, 12.729: level 167 is finished
dve2lts-sym, 12.870: level 168 is finished
dve2lts-sym, 13.012: level 169 is finished
dve2lts-sym, 13.154: level 170 is finished
dve2lts-sym, 13.297: level 171 is finished
dve2lts-sym, 13.441: level 172 is finished
dve2lts-sym, 13.619: level 173 is finished
dve2lts-sym, 13.794: level 174 is finished
dve2lts-sym, 13.969: level 175 is finished
dve2lts-sym, 14.153: level 176 is finished
dve2lts-sym, 14.339: level 177 is finished
dve2lts-sym, 14.528: level 178 is finished
dve2lts-sym, 14.714: level 179 is finished
dve2lts-sym, 14.898: level 180 is finished
dve2lts-sym, 15.083: level 181 is finished
dve2lts-sym, 15.272: level 182 is finished
dve2lts-sym, 15.469: level 183 is finished
dve2lts-sym, 15.667: level 184 is finished
dve2lts-sym, 15.860: level 185 is finished
dve2lts-sym, 16.066: level 186 is finished
dve2lts-sym, 16.268: level 187 is finished
dve2lts-sym, 16.470: level 188 is finished
dve2lts-sym, 16.679: level 189 is finished
dve2lts-sym, 16.885: level 190 is finished
dve2lts-sym, 17.088: level 191 is finished
dve2lts-sym, 17.299: level 192 is finished
dve2lts-sym, 17.510: level 193 is finished
dve2lts-sym, 17.722: level 194 is finished
dve2lts-sym, 17.937: level 195 is finished
dve2lts-sym, 18.143: level 196 is finished
dve2lts-sym, 18.343: level 197 is finished
dve2lts-sym, 18.551: level 198 is finished
dve2lts-sym, 18.774: level 199 is finished
dve2lts-sym, 18.987: level 200 is finished
dve2lts-sym, 19.210: level 201 is finished
dve2lts-sym, 19.448: level 202 is finished
dve2lts-sym, 19.694: level 203 is finished
dve2lts-sym, 19.944: level 204 is finished
dve2lts-sym, 20.192: level 205 is finished
dve2lts-sym, 20.453: level 206 is finished
dve2lts-sym, 20.714: level 207 is finished
dve2lts-sym, 20.978: level 208 is finished
dve2lts-sym, 21.253: level 209 is finished
dve2lts-sym, 21.523: level 210 is finished
dve2lts-sym, 21.808: level 211 is finished
dve2lts-sym, 22.094: level 212 is finished
dve2lts-sym, 22.383: level 213 is finished
dve2lts-sym, 22.677: level 214 is finished
dve2lts-sym, 22.973: level 215 is finished
dve2lts-sym, 23.271: level 216 is finished
dve2lts-sym, 23.566: level 217 is finished
dve2lts-sym, 23.859: level 218 is finished
dve2lts-sym, 24.154: level 219 is finished
dve2lts-sym, 24.453: level 220 is finished
dve2lts-sym, 24.760: level 221 is finished
dve2lts-sym, 25.083: level 222 is finished
dve2lts-sym, 25.420: level 223 is finished
dve2lts-sym, 25.759: level 224 is finished
dve2lts-sym, 26.101: level 225 is finished
dve2lts-sym, 26.433: level 226 is finished
dve2lts-sym, 26.765: level 227 is finished
dve2lts-sym, 27.107: level 228 is finished
dve2lts-sym, 27.461: level 229 is finished
dve2lts-sym, 27.822: level 230 is finished
dve2lts-sym, 28.187: level 231 is finished
dve2lts-sym, 28.570: level 232 is finished
dve2lts-sym, 28.944: level 233 is finished
dve2lts-sym, 29.328: level 234 is finished
dve2lts-sym, 29.713: level 235 is finished
dve2lts-sym, 30.117: level 236 is finished
dve2lts-sym, 30.516: level 237 is finished
dve2lts-sym, 30.919: level 238 is finished
dve2lts-sym, 31.315: level 239 is finished
dve2lts-sym, 31.712: level 240 is finished
dve2lts-sym, 32.123: level 241 is finished
dve2lts-sym, 32.468: level 242 is finished
dve2lts-sym, 32.824: level 243 is finished
dve2lts-sym, 33.176: level 244 is finished
dve2lts-sym, 33.522: level 245 is finished
dve2lts-sym, 33.859: level 246 is finished
dve2lts-sym, 34.171: level 247 is finished
dve2lts-sym, 34.483: level 248 is finished
dve2lts-sym, 34.796: level 249 is finished
dve2lts-sym, 35.119: level 250 is finished
dve2lts-sym, 35.460: level 251 is finished
dve2lts-sym, 35.802: level 252 is finished
dve2lts-sym, 36.146: level 253 is finished
dve2lts-sym, 36.494: level 254 is finished
dve2lts-sym, 36.835: level 255 is finished
dve2lts-sym, 37.159: level 256 is finished
dve2lts-sym, 37.480: level 257 is finished
dve2lts-sym, 37.794: level 258 is finished
dve2lts-sym, 38.114: level 259 is finished
dve2lts-sym, 38.444: level 260 is finished
dve2lts-sym, 38.791: level 261 is finished
dve2lts-sym, 39.135: level 262 is finished
dve2lts-sym, 39.487: level 263 is finished
dve2lts-sym, 39.831: level 264 is finished
dve2lts-sym, 40.175: level 265 is finished
dve2lts-sym, 40.518: level 266 is finished
dve2lts-sym, 40.860: level 267 is finished
dve2lts-sym, 41.194: level 268 is finished
dve2lts-sym, 41.531: level 269 is finished
dve2lts-sym, 41.870: level 270 is finished
dve2lts-sym, 42.212: level 271 is finished
dve2lts-sym, 42.548: level 272 is finished
dve2lts-sym, 42.883: level 273 is finished
dve2lts-sym, 43.203: level 274 is finished
dve2lts-sym, 43.519: level 275 is finished
dve2lts-sym, 43.841: level 276 is finished
dve2lts-sym, 44.165: level 277 is finished
dve2lts-sym, 44.487: level 278 is finished
dve2lts-sym, 44.811: level 279 is finished
dve2lts-sym, 45.131: level 280 is finished
dve2lts-sym, 45.456: level 281 is finished
dve2lts-sym, 45.776: level 282 is finished
dve2lts-sym, 46.092: level 283 is finished
dve2lts-sym, 46.393: level 284 is finished
dve2lts-sym, 46.704: level 285 is finished
dve2lts-sym, 47.011: level 286 is finished
dve2lts-sym, 47.314: level 287 is finished
dve2lts-sym, 47.611: level 288 is finished
dve2lts-sym, 47.912: level 289 is finished
dve2lts-sym, 48.204: level 290 is finished
dve2lts-sym, 48.500: level 291 is finished
dve2lts-sym, 48.798: level 292 is finished
dve2lts-sym, 49.095: level 293 is finished
dve2lts-sym, 49.390: level 294 is finished
dve2lts-sym, 49.681: level 295 is finished
dve2lts-sym, 49.973: level 296 is finished
dve2lts-sym, 50.264: level 297 is finished
dve2lts-sym, 50.571: level 298 is finished
dve2lts-sym, 50.874: level 299 is finished
dve2lts-sym, 51.175: level 300 is finished
dve2lts-sym, 51.479: level 301 is finished
dve2lts-sym, 51.791: level 302 is finished
dve2lts-sym, 52.079: level 303 is finished
dve2lts-sym, 52.371: level 304 is finished
dve2lts-sym, 52.641: level 305 is finished
dve2lts-sym, 52.902: level 306 is finished
dve2lts-sym, 53.160: level 307 is finished
dve2lts-sym, 53.422: level 308 is finished
dve2lts-sym, 53.678: level 309 is finished
dve2lts-sym, 53.950: level 310 is finished
dve2lts-sym, 54.228: level 311 is finished
dve2lts-sym, 54.518: level 312 is finished
dve2lts-sym, 54.812: level 313 is finished
dve2lts-sym, 55.098: level 314 is finished
dve2lts-sym, 55.373: level 315 is finished
dve2lts-sym, 55.658: level 316 is finished
dve2lts-sym, 55.932: level 317 is finished
dve2lts-sym, 56.198: level 318 is finished
dve2lts-sym, 56.455: level 319 is finished
dve2lts-sym, 56.714: level 320 is finished
dve2lts-sym, 56.987: level 321 is finished
dve2lts-sym, 57.260: level 322 is finished
dve2lts-sym, 57.536: level 323 is finished
dve2lts-sym, 57.793: level 324 is finished
dve2lts-sym, 58.051: level 325 is finished
dve2lts-sym, 58.297: level 326 is finished
dve2lts-sym, 58.543: level 327 is finished
dve2lts-sym, 58.779: level 328 is finished
dve2lts-sym, 59.016: level 329 is finished
dve2lts-sym, 59.253: level 330 is finished
dve2lts-sym, 59.478: level 331 is finished
dve2lts-sym, 59.695: level 332 is finished
dve2lts-sym, 59.924: level 333 is finished
dve2lts-sym, 60.150: level 334 is finished
dve2lts-sym, 60.367: level 335 is finished
dve2lts-sym, 60.569: level 336 is finished
dve2lts-sym, 60.766: level 337 is finished
dve2lts-sym, 60.968: level 338 is finished
dve2lts-sym, 61.158: level 339 is finished
dve2lts-sym, 61.344: level 340 is finished
dve2lts-sym, 61.533: level 341 is finished
dve2lts-sym, 61.717: level 342 is finished
dve2lts-sym, 61.899: level 343 is finished
dve2lts-sym, 62.079: level 344 is finished
dve2lts-sym, 62.249: level 345 is finished
dve2lts-sym, 62.406: level 346 is finished
dve2lts-sym, 62.569: level 347 is finished
dve2lts-sym, 62.730: level 348 is finished
dve2lts-sym, 62.897: level 349 is finished
dve2lts-sym, 63.059: level 350 is finished
dve2lts-sym, 63.209: level 351 is finished
dve2lts-sym, 63.359: level 352 is finished
dve2lts-sym, 63.520: level 353 is finished
dve2lts-sym, 63.664: level 354 is finished
dve2lts-sym, 63.802: level 355 is finished
dve2lts-sym, 63.930: level 356 is finished
dve2lts-sym, 64.053: level 357 is finished
dve2lts-sym, 64.176: level 358 is finished
dve2lts-sym, 64.298: level 359 is finished
dve2lts-sym, 64.418: level 360 is finished
dve2lts-sym, 64.537: level 361 is finished
dve2lts-sym, 64.656: level 362 is finished
dve2lts-sym, 64.768: level 363 is finished
dve2lts-sym, 64.880: level 364 is finished
dve2lts-sym, 64.973: level 365 is finished
dve2lts-sym, 65.065: level 366 is finished
dve2lts-sym, 65.158: level 367 is finished
dve2lts-sym, 65.250: level 368 is finished
dve2lts-sym, 65.367: level 369 is finished
dve2lts-sym, 65.467: level 370 is finished
dve2lts-sym, 65.559: level 371 is finished
dve2lts-sym, 65.650: level 372 is finished
dve2lts-sym, 65.739: level 373 is finished
dve2lts-sym, 65.809: level 374 is finished
dve2lts-sym, 65.868: level 375 is finished
dve2lts-sym, 65.929: level 376 is finished
dve2lts-sym, 65.996: level 377 is finished
dve2lts-sym, 66.064: level 378 is finished
dve2lts-sym, 66.132: level 379 is finished
dve2lts-sym, 66.195: level 380 is finished
dve2lts-sym, 66.256: level 381 is finished
dve2lts-sym, 66.316: level 382 is finished
dve2lts-sym, 66.364: level 383 is finished
dve2lts-sym, 66.407: level 384 is finished
dve2lts-sym, 66.450: level 385 is finished
dve2lts-sym, 66.498: level 386 is finished
dve2lts-sym, 66.540: level 387 is finished
dve2lts-sym, 66.586: level 388 is finished
dve2lts-sym, 66.624: level 389 is finished
dve2lts-sym, 66.658: level 390 is finished
dve2lts-sym, 66.688: level 391 is finished
dve2lts-sym, 66.715: level 392 is finished
dve2lts-sym, 66.741: level 393 is finished
dve2lts-sym, 66.767: level 394 is finished
dve2lts-sym, 66.795: level 395 is finished
dve2lts-sym, 66.824: level 396 is finished
dve2lts-sym, 66.853: level 397 is finished
dve2lts-sym, 66.885: level 398 is finished
dve2lts-sym, 66.913: level 399 is finished
dve2lts-sym, 66.938: level 400 is finished
dve2lts-sym, 66.963: level 401 is finished
dve2lts-sym, 66.987: level 402 is finished
dve2lts-sym, 67.008: level 403 is finished
dve2lts-sym, 67.030: level 404 is finished
dve2lts-sym, 67.053: level 405 is finished
dve2lts-sym, 67.076: level 406 is finished
dve2lts-sym, 67.100: level 407 is finished
dve2lts-sym, 67.126: level 408 is finished
dve2lts-sym, 67.148: level 409 is finished
dve2lts-sym, 67.172: level 410 is finished
dve2lts-sym, 67.194: level 411 is finished
dve2lts-sym, 67.216: level 412 is finished
dve2lts-sym, 67.237: level 413 is finished
dve2lts-sym, 67.259: level 414 is finished
dve2lts-sym, 67.279: level 415 is finished
dve2lts-sym, 67.302: level 416 is finished
dve2lts-sym, 67.324: level 417 is finished
dve2lts-sym, 67.344: level 418 is finished
dve2lts-sym, 67.362: level 419 is finished
dve2lts-sym, 67.378: level 420 is finished
dve2lts-sym, 67.395: level 421 is finished
dve2lts-sym, 67.408: level 422 is finished
dve2lts-sym, 67.420: level 423 is finished
dve2lts-sym, 67.432: level 424 is finished
dve2lts-sym, 67.446: level 425 is finished
dve2lts-sym, 67.461: level 426 is finished
dve2lts-sym, 67.476: level 427 is finished
dve2lts-sym, 67.490: level 428 is finished
dve2lts-sym, 67.505: level 429 is finished
dve2lts-sym, 67.520: level 430 is finished
dve2lts-sym, 67.534: level 431 is finished
dve2lts-sym, 67.547: level 432 is finished
dve2lts-sym, 67.561: level 433 is finished
dve2lts-sym, 67.574: level 434 is finished
dve2lts-sym, 67.587: level 435 is finished
dve2lts-sym, 67.602: level 436 is finished
dve2lts-sym, 67.616: level 437 is finished
dve2lts-sym, 67.630: level 438 is finished
dve2lts-sym, 67.644: level 439 is finished
dve2lts-sym, 67.657: level 440 is finished
dve2lts-sym, 67.670: level 441 is finished
dve2lts-sym, 67.683: level 442 is finished
dve2lts-sym, 67.696: level 443 is finished
dve2lts-sym, 67.710: level 444 is finished
dve2lts-sym, 67.723: level 445 is finished
dve2lts-sym, 67.736: level 446 is finished
dve2lts-sym, 67.740: level 447 is finished
dve2lts-sym, 67.745: level 448 is finished
dve2lts-sym, 67.749: Exploration took 47145 group checks and 47145 next state calls
dve2lts-sym, 67.749: reachability took 63.890 real 1021.480 user 1.140 sys
dve2lts-sym, 67.749: counting visited states...
dve2lts-sym, 67.776: counting took 0.030 real 0.430 user 0.000 sys
dve2lts-sym, 67.776: state space has 382731 (~3.83e+05) states, 629272 BDD nodes
dve2lts-sym, 68.438: Transition relations written to 'transitions/pgm_protocol.5.bdd'

