dve2lts-sym, 0.000: Exploration order is bfs-prev
dve2lts-sym, 0.000: Saturation strategy is none
dve2lts-sym, 0.000: Guided search strategy is unguided
dve2lts-sym, 0.000: Attractor strategy is default
dve2lts-sym, 0.000: Precompiled divine module initialized
dve2lts-sym, 0.000: opening /home/oortwijn/repos/sylvan-tacas2015/models/protocols.5.dve
dve2lts-sym, 0.330: Regroup specification: gs
dve2lts-sym, 0.330: Regroup macro Group Safely: gc,gr,cw,rs
dve2lts-sym, 0.330: Regroup macro Cols: cs,cn
dve2lts-sym, 0.330: Regroup Column Sort
dve2lts-sym, 0.330: Regroup Column Nub
dve2lts-sym, 0.330: Regroup macro Rows: rs,rn
dve2lts-sym, 0.330: Regroup Row Sort
dve2lts-sym, 0.330: Regroup Row Nub
dve2lts-sym, 0.330: Regroup Column sWaps
dve2lts-sym, 0.331: Regroup Row Sort
dve2lts-sym, 0.331: Regrouping: 18->14 groups
dve2lts-sym, 0.331: state vector length is 16; there are 14 groups and 25 guards
dve2lts-sym, 0.332: Creating a Sylvan domain.
dve2lts-sym, 1.638: Using GBgetTransitionsShort as next-state function
dve2lts-sym, 1.662: got initial state
dve2lts-sym, 1.662: level 0 is finished
dve2lts-sym, 1.843: level 1 is finished
dve2lts-sym, 1.897: level 2 is finished
dve2lts-sym, 2.010: level 3 is finished
dve2lts-sym, 2.183: level 4 is finished
dve2lts-sym, 2.369: level 5 is finished
dve2lts-sym, 2.486: level 6 is finished
dve2lts-sym, 2.537: level 7 is finished
dve2lts-sym, 2.551: level 8 is finished
dve2lts-sym, 2.556: level 9 is finished
dve2lts-sym, 2.560: level 10 is finished
dve2lts-sym, 2.564: level 11 is finished
dve2lts-sym, 2.566: level 12 is finished
dve2lts-sym, 2.569: level 13 is finished
dve2lts-sym, 2.572: level 14 is finished
dve2lts-sym, 2.575: level 15 is finished
dve2lts-sym, 2.578: level 16 is finished
dve2lts-sym, 2.581: level 17 is finished
dve2lts-sym, 2.584: level 18 is finished
dve2lts-sym, 2.587: level 19 is finished
dve2lts-sym, 2.591: level 20 is finished
dve2lts-sym, 2.594: level 21 is finished
dve2lts-sym, 2.598: level 22 is finished
dve2lts-sym, 2.601: level 23 is finished
dve2lts-sym, 2.604: level 24 is finished
dve2lts-sym, 2.607: level 25 is finished
dve2lts-sym, 2.610: level 26 is finished
dve2lts-sym, 2.613: level 27 is finished
dve2lts-sym, 2.616: level 28 is finished
dve2lts-sym, 2.619: level 29 is finished
dve2lts-sym, 2.622: level 30 is finished
dve2lts-sym, 2.625: level 31 is finished
dve2lts-sym, 2.628: level 32 is finished
dve2lts-sym, 2.630: level 33 is finished
dve2lts-sym, 2.633: level 34 is finished
dve2lts-sym, 2.636: level 35 is finished
dve2lts-sym, 2.639: level 36 is finished
dve2lts-sym, 2.642: level 37 is finished
dve2lts-sym, 2.645: level 38 is finished
dve2lts-sym, 2.648: level 39 is finished
dve2lts-sym, 2.651: level 40 is finished
dve2lts-sym, 2.654: level 41 is finished
dve2lts-sym, 2.657: level 42 is finished
dve2lts-sym, 2.659: level 43 is finished
dve2lts-sym, 2.662: level 44 is finished
dve2lts-sym, 2.665: level 45 is finished
dve2lts-sym, 2.668: level 46 is finished
dve2lts-sym, 2.671: level 47 is finished
dve2lts-sym, 2.674: level 48 is finished
dve2lts-sym, 2.676: level 49 is finished
dve2lts-sym, 2.679: level 50 is finished
dve2lts-sym, 2.682: level 51 is finished
dve2lts-sym, 2.685: level 52 is finished
dve2lts-sym, 2.688: level 53 is finished
dve2lts-sym, 2.691: level 54 is finished
dve2lts-sym, 2.694: level 55 is finished
dve2lts-sym, 2.697: level 56 is finished
dve2lts-sym, 2.699: level 57 is finished
dve2lts-sym, 2.702: level 58 is finished
dve2lts-sym, 2.705: level 59 is finished
dve2lts-sym, 2.708: level 60 is finished
dve2lts-sym, 2.711: level 61 is finished
dve2lts-sym, 2.714: level 62 is finished
dve2lts-sym, 2.717: level 63 is finished
dve2lts-sym, 2.720: level 64 is finished
dve2lts-sym, 2.723: level 65 is finished
dve2lts-sym, 2.726: level 66 is finished
dve2lts-sym, 2.729: level 67 is finished
dve2lts-sym, 2.731: level 68 is finished
dve2lts-sym, 2.734: level 69 is finished
dve2lts-sym, 2.737: level 70 is finished
dve2lts-sym, 2.740: level 71 is finished
dve2lts-sym, 2.743: level 72 is finished
dve2lts-sym, 2.746: level 73 is finished
dve2lts-sym, 2.749: level 74 is finished
dve2lts-sym, 2.752: level 75 is finished
dve2lts-sym, 2.754: level 76 is finished
dve2lts-sym, 2.757: level 77 is finished
dve2lts-sym, 2.760: level 78 is finished
dve2lts-sym, 2.763: level 79 is finished
dve2lts-sym, 2.766: level 80 is finished
dve2lts-sym, 2.769: level 81 is finished
dve2lts-sym, 2.771: level 82 is finished
dve2lts-sym, 2.774: level 83 is finished
dve2lts-sym, 2.777: level 84 is finished
dve2lts-sym, 2.780: level 85 is finished
dve2lts-sym, 2.783: level 86 is finished
dve2lts-sym, 2.785: level 87 is finished
dve2lts-sym, 2.788: level 88 is finished
dve2lts-sym, 2.790: level 89 is finished
dve2lts-sym, 2.793: level 90 is finished
dve2lts-sym, 2.795: level 91 is finished
dve2lts-sym, 2.798: level 92 is finished
dve2lts-sym, 2.800: level 93 is finished
dve2lts-sym, 2.802: level 94 is finished
dve2lts-sym, 2.805: level 95 is finished
dve2lts-sym, 2.806: level 96 is finished
dve2lts-sym, 2.808: level 97 is finished
dve2lts-sym, 2.810: level 98 is finished
dve2lts-sym, 2.811: level 99 is finished
dve2lts-sym, 2.813: level 100 is finished
dve2lts-sym, 2.814: level 101 is finished
dve2lts-sym, 2.815: level 102 is finished
dve2lts-sym, 2.816: level 103 is finished
dve2lts-sym, 2.817: level 104 is finished
dve2lts-sym, 2.818: level 105 is finished
dve2lts-sym, 2.818: Exploration took 1484 group checks and 1484 next state calls
dve2lts-sym, 2.818: reachability took 1.160 real 17.510 user 1.010 sys
dve2lts-sym, 2.818: counting visited states...
dve2lts-sym, 2.819: counting took 0.000 real 0.000 user 0.000 sys
dve2lts-sym, 2.819: state space has 996345 (~9.96e+05) states, 5343 BDD nodes
dve2lts-sym, 2.825: Transition relations written to 'transitions/protocols.5.bdd'

