dve2lts-sym, 0.000: Exploration order is bfs-prev
dve2lts-sym, 0.000: Saturation strategy is none
dve2lts-sym, 0.000: Guided search strategy is unguided
dve2lts-sym, 0.000: Attractor strategy is default
dve2lts-sym, 0.000: Precompiled divine module initialized
dve2lts-sym, 0.000: opening /home/oortwijn/repos/sylvan-tacas2015/models/rushhour.4.dve
dve2lts-sym, 0.673: Regroup specification: gs
dve2lts-sym, 0.673: Regroup macro Group Safely: gc,gr,cw,rs
dve2lts-sym, 0.673: Regroup macro Cols: cs,cn
dve2lts-sym, 0.673: Regroup Column Sort
dve2lts-sym, 0.673: Regroup Column Nub
dve2lts-sym, 0.674: Regroup macro Rows: rs,rn
dve2lts-sym, 0.674: Regroup Row Sort
dve2lts-sym, 0.674: Regroup Row Nub
dve2lts-sym, 0.674: Regroup Column sWaps
dve2lts-sym, 0.674: Regroup Row Sort
dve2lts-sym, 0.675: Regrouping: 27->14 groups
dve2lts-sym, 0.675: state vector length is 101; there are 14 groups and 66 guards
dve2lts-sym, 0.675: Creating a Sylvan domain.
dve2lts-sym, 2.991: Using GBgetTransitionsShort as next-state function
dve2lts-sym, 3.000: got initial state
dve2lts-sym, 3.000: level 0 is finished
dve2lts-sym, 3.075: level 1 is finished
dve2lts-sym, 3.142: level 2 is finished
dve2lts-sym, 3.472: level 3 is finished
dve2lts-sym, 4.687: level 4 is finished
dve2lts-sym, 8.252: level 5 is finished
dve2lts-sym, 15.580: level 6 is finished
dve2lts-sym, 27.124: level 7 is finished
dve2lts-sym, 43.952: level 8 is finished
dve2lts-sym, 66.013: level 9 is finished
dve2lts-sym, 93.373: level 10 is finished
dve2lts-sym, 109.868: vset_sylvan: starting garbage collection
dve2lts-sym, 109.998: vset_sylvan: garbage collection done
dve2lts-sym, 131.076: level 11 is finished
dve2lts-sym, 165.507: level 12 is finished
dve2lts-sym, 198.851: level 13 is finished
dve2lts-sym, 211.515: vset_sylvan: starting garbage collection
dve2lts-sym, 211.666: vset_sylvan: garbage collection done
dve2lts-sym, 241.576: level 14 is finished
dve2lts-sym, 274.973: level 15 is finished
dve2lts-sym, 306.896: level 16 is finished
dve2lts-sym, 313.007: vset_sylvan: starting garbage collection
dve2lts-sym, 313.172: vset_sylvan: garbage collection done
dve2lts-sym, 346.328: level 17 is finished
dve2lts-sym, 375.336: level 18 is finished
dve2lts-sym, 402.869: level 19 is finished
dve2lts-sym, 412.926: vset_sylvan: starting garbage collection
dve2lts-sym, 413.108: vset_sylvan: garbage collection done
dve2lts-sym, 435.772: level 20 is finished
dve2lts-sym, 459.467: level 21 is finished
dve2lts-sym, 479.571: level 22 is finished
dve2lts-sym, 497.806: level 23 is finished
dve2lts-sym, 510.355: vset_sylvan: starting garbage collection
dve2lts-sym, 510.547: vset_sylvan: garbage collection done
dve2lts-sym, 516.788: level 24 is finished
dve2lts-sym, 529.742: level 25 is finished
dve2lts-sym, 537.684: level 26 is finished
dve2lts-sym, 543.278: level 27 is finished
dve2lts-sym, 546.899: level 28 is finished
dve2lts-sym, 548.985: level 29 is finished
dve2lts-sym, 550.007: level 30 is finished
dve2lts-sym, 550.429: level 31 is finished
dve2lts-sym, 550.577: level 32 is finished
dve2lts-sym, 550.623: level 33 is finished
dve2lts-sym, 550.636: level 34 is finished
dve2lts-sym, 550.643: level 35 is finished
dve2lts-sym, 550.649: level 36 is finished
dve2lts-sym, 550.653: Exploration took 518 group checks and 518 next state calls
dve2lts-sym, 550.653: reachability took 547.650 real 8752.800 user 16.040 sys
dve2lts-sym, 550.653: counting visited states...
dve2lts-sym, 550.876: counting took 0.220 real 3.580 user 0.000 sys
dve2lts-sym, 550.876: state space has 327675 (~3.28e+05) states, 4228253 BDD nodes
dve2lts-sym, 565.781: Transition relations written to 'transitions/rushhour.4.bdd'

