dve2lts-sym, 0.000: Exploration order is bfs-prev
dve2lts-sym, 0.000: Saturation strategy is none
dve2lts-sym, 0.000: Guided search strategy is unguided
dve2lts-sym, 0.000: Attractor strategy is default
dve2lts-sym, 0.000: Precompiled divine module initialized
dve2lts-sym, 0.000: opening /home/oortwijn/repos/sylvan-tacas2015/models/schedule_world.2.dve
dve2lts-sym, 0.826: Regroup specification: gs
dve2lts-sym, 0.826: Regroup macro Group Safely: gc,gr,cw,rs
dve2lts-sym, 0.826: Regroup macro Cols: cs,cn
dve2lts-sym, 0.826: Regroup Column Sort
dve2lts-sym, 0.826: Regroup Column Nub
dve2lts-sym, 0.826: Regroup macro Rows: rs,rn
dve2lts-sym, 0.826: Regroup Row Sort
dve2lts-sym, 0.826: Regroup Row Nub
dve2lts-sym, 0.826: Regroup Column sWaps
dve2lts-sym, 0.837: Regroup Row Sort
dve2lts-sym, 0.837: Regrouping: 38->26 groups
dve2lts-sym, 0.837: state vector length is 28; there are 26 groups and 27 guards
dve2lts-sym, 0.837: Creating a Sylvan domain.
dve2lts-sym, 3.076: Using GBgetTransitionsShort as next-state function
dve2lts-sym, 3.083: got initial state
dve2lts-sym, 3.083: level 0 is finished
dve2lts-sym, 3.199: level 1 is finished
dve2lts-sym, 3.217: level 2 is finished
dve2lts-sym, 3.243: level 3 is finished
dve2lts-sym, 3.291: level 4 is finished
dve2lts-sym, 3.390: level 5 is finished
dve2lts-sym, 3.587: level 6 is finished
dve2lts-sym, 3.872: level 7 is finished
dve2lts-sym, 4.228: level 8 is finished
dve2lts-sym, 4.633: level 9 is finished
dve2lts-sym, 5.079: level 10 is finished
dve2lts-sym, 5.512: level 11 is finished
dve2lts-sym, 5.848: level 12 is finished
dve2lts-sym, 6.060: level 13 is finished
dve2lts-sym, 6.175: level 14 is finished
dve2lts-sym, 6.230: level 15 is finished
dve2lts-sym, 6.252: level 16 is finished
dve2lts-sym, 6.260: level 17 is finished
dve2lts-sym, 6.264: Exploration took 468 group checks and 468 next state calls
dve2lts-sym, 6.264: reachability took 3.180 real 50.030 user 0.600 sys
dve2lts-sym, 6.264: counting visited states...
dve2lts-sym, 6.266: counting took 0.000 real 0.020 user 0.000 sys
dve2lts-sym, 6.266: state space has 1570340 (~1.57e+06) states, 14491 BDD nodes
dve2lts-sym, 6.281: Transition relations written to 'transitions/schedule_world.2.bdd'

